/* -*- Mode: c -*- */
####################################################################################################
Core 0
####################################################################################################
Cumulative:        Cycles: 8137631               Instructions: 20000000              IPC: 2.45772

Periodic:          Cycles: 3784524               Instructions: 9999998               IPC: 2.64234

MISS_WAIT_TIME                                   12180                          95057              

ICACHE_STAGE_MISS                                  661                           2878              

ICACHE_CYCLE                                   3784524                        8137631              

TCACHE_CYCLE                                         0                              0              

ICACHE_CYCLE_ONPATH                            2739780       72.394%          5693556       69.966%
ICACHE_CYCLE_OFFPATH                           1044744       27.606%          2444075       30.034%
                                               3784524      100.000%          8137631      100.000%
                                                  0.28         0.41              0.30         0.42

FETCH_ON_PATH                                  2371109       73.358%          4739253       71.319%
FETCH_OFF_PATH                                  861149       26.642%          1905925       28.681%
                                               3232258      100.000%          6645178      100.000%
                                                  0.27         0.40              0.29         0.41

FETCHED_OPS_ON_PATH                                  0         -nan%                0         -nan%
FETCHED_OPS_OFF_PATH                                 0         -nan%                0         -nan%
                                                     0         -nan%                0         -nan%
                                                  -nan         -nan              -nan         -nan

INST_LOST_WAIT_FOR_MISP_RECOVERY                     0        0.000%                0        0.000%
INST_LOST_WAIT_FOR_TIMER                             0        0.000%                0        0.000%
INST_LOST_WAIT_FOR_EMPTY_ROB                         0        0.000%                0        0.000%
INST_LOST_WAIT_FOR_ICACHE_MISS                   59630        0.263%           495720        1.017%
INST_LOST_WAIT_FOR_REDIRECT                          0        0.000%                0        0.000%
INST_LOST_WAIT_FOR_FDIP                              0        0.000%                0        0.000%
INST_LOST_WAIT_FOR_RENAME                            0        0.000%                0        0.000%
INST_LOST_FETCH                               11927897       52.557%         23844243       48.935%
INST_LOST_OFF_PATH                             4371577       19.262%          9698146       19.903%
INST_LOST_FULL_WINDOW                                0        0.000%                0        0.000%
INST_LOST_ROB_STALL_OTHER                       860712        3.792%          1759530        3.611%
INST_LOST_ROB_STALL_WAIT_FOR_RECOVERY             7416        0.033%            18018        0.037%
INST_LOST_ROB_STALL_WAIT_FOR_REDIRECT                0        0.000%                0        0.000%
INST_LOST_ROB_STALL_WAIT_FOR_GAP_FILL                0        0.000%                0        0.000%
INST_LOST_ROB_STALL_WAIT_FOR_L1_MISS                 0        0.000%                0        0.000%
INST_LOST_ROB_STALL_WAIT_FOR_MEMORY                300        0.001%              432        0.001%
INST_LOST_ROB_STALL_WAIT_FOR_DC_MISS           2373612       10.459%          6581874       13.508%
INST_LOST_ROB_BLOCK_ISSUE_FULL                       0        0.000%                0        0.000%
INST_LOST_ROB_BLOCK_ISSUE_GAP_TOO_LARGE              0        0.000%                0        0.000%
INST_LOST_BREAK_DONT                                 0        0.000%                0        0.000%
INST_LOST_BREAK_ISSUE_WIDTH                          0        0.000%                0        0.000%
INST_LOST_BREAK_CF                                   0        0.000%                0        0.000%
INST_LOST_BREAK_BTB_MISS                             0        0.000%                0        0.000%
INST_LOST_BREAK_ICACHE_MISS                       3666        0.016%            16252        0.033%
INST_LOST_BREAK_LINE_END                             0        0.000%                0        0.000%
INST_LOST_BREAK_STALL                                0        0.000%                0        0.000%
INST_LOST_BREAK_BARRIER                            718        0.003%              722        0.001%
INST_LOST_BREAK_OFFPATH                              0        0.000%                0        0.000%
INST_LOST_BREAK_ALIGNMENT                            0        0.000%                0        0.000%
INST_LOST_BREAK_TAKEN                          3089690       13.614%          6311705       12.953%
INST_LOST_BREAK_MODEL_BEFORE                         0        0.000%                0        0.000%
INST_LOST_BREAK_MODEL_AFTER                          0        0.000%                0        0.000%
INST_LOST_BREAK_UC_MISS                              0        0.000%                0        0.000%
INST_LOST_BREAK_ICACHE_TO_UOP_CACHE_SWITCH             0        0.000%                0        0.000%
INST_LOST_BREAK_FDIP_RUNAHEAD                        0        0.000%                0        0.000%
                                              22695218      100.000%         48726642      100.000%
                                                 11.24         7.55             11.34         7.46

INST_LOST_TOTAL                               22707144                       48825786              

INST_LOST_WAIT_FOR_ICACHE_MISS_NOT_PREFETCHED          6240       11.911%            27150        6.980%
INST_LOST_WAIT_FOR_ICACHE_MISS_PREFETCHED_AND_EVICTED_BY_IFETCH             0        0.000%                0        0.000%
INST_LOST_WAIT_FOR_ICACHE_MISS_PREFETCHED_AND_EVICTED_BY_FDIP             0        0.000%                0        0.000%
INST_LOST_WAIT_FOR_ICACHE_MISS_MSHR_HIT_PREF_OFFPATH           135        0.258%              235        0.060%
INST_LOST_WAIT_FOR_ICACHE_MISS_MSHR_HIT_PREF_ONPATH         46015       87.832%           361585       92.960%
                                                 52390      100.000%           388970      100.000%
                                                  3.52         3.33              3.72         3.60

FETCH_0_OPS                                     552963       14.611%          1495171       18.374%
FETCH_1_OPS                                     128960        3.408%           262606        3.227%
FETCH_2_OPS                                     253685        6.703%           520731        6.399%
FETCH_3_OPS                                     236545        6.250%           483063        5.936%
FETCH_4_OPS                                     311417        8.229%           634153        7.793%
FETCH_5_OPS                                      97883        2.586%           198922        2.444%
FETCH_6_OPS                                    2203071       58.213%          4542985       55.827%
FETCH_7_OPS                                          0        0.000%                0        0.000%
FETCH_8_OPS                                          0        0.000%                0        0.000%
FETCH_9_OPS                                          0        0.000%                0        0.000%
FETCH_10_OPS                                         0        0.000%                0        0.000%
FETCH_11_OPS                                         0        0.000%                0        0.000%
FETCH_12_OPS                                         0        0.000%                0        0.000%
FETCH_13_OPS                                         0        0.000%                0        0.000%
FETCH_14_OPS                                         0        0.000%                0        0.000%
FETCH_15_OPS                                         0        0.000%                0        0.000%
FETCH_16_OPS                                         0        0.000%                0        0.000%
                                               3784524      100.000%          8137631      100.000%
                                                  4.31         1.59              4.12         1.63

ST_BREAK_DONT                                        0        0.000%                0        0.000%
ST_BREAK_ISSUE_WIDTH                           1949678       60.319%          4032457       60.682%
ST_BREAK_CF                                          0        0.000%                0        0.000%
ST_BREAK_BTB_MISS                                    0        0.000%                0        0.000%
ST_BREAK_ICACHE_MISS                               661        0.020%             2878        0.043%
ST_BREAK_LINE_END                                    0        0.000%                0        0.000%
ST_BREAK_STALL                                       0        0.000%                0        0.000%
ST_BREAK_BARRIER                                   120        0.004%              124        0.002%
ST_BREAK_OFFPATH                                     0        0.000%                0        0.000%
ST_BREAK_ALIGNMENT                                   0        0.000%                0        0.000%
ST_BREAK_TAKEN                                 1281799       39.656%          2609719       39.272%
ST_BREAK_MODEL_BEFORE                                0        0.000%                0        0.000%
ST_BREAK_MODEL_AFTER                                 0        0.000%                0        0.000%
ST_BREAK_UC_MISS                                     0        0.000%                0        0.000%
ST_BREAK_ICACHE_TO_UOP_CACHE_SWITCH                  0        0.000%                0        0.000%
ST_BREAK_FDIP_RUNAHEAD                               0        0.000%                0        0.000%
                                               3232258      100.000%          6645178      100.000%
                                                  4.57         4.40              4.54         4.39

ORACLE_ON_PATH_INST                           11927897       73.180%         23844243       71.087%
ORACLE_OFF_PATH_INST                           4371577       26.820%          9698146       28.913%
                                              16299474      100.000%         33542389      100.000%
                                                  0.27         0.40              0.29         0.41

ORACLE_ON_PATH_INST_MEM                        3847386       23.604%          7682224       22.903%
ORACLE_ON_PATH_INST_NOTMEM                     8080511       49.575%         16162019       48.184%
ORACLE_OFF_PATH_INST_MEM                       1515450        9.298%          3325230        9.914%
ORACLE_OFF_PATH_INST_NOTMEM                    2856127       17.523%          6372916       19.000%
                                              16299474      100.000%         33542389      100.000%
                                                  1.21         0.95              1.25         0.98

ICACHE_CYCLE_NONRA_ONPATH                            0         -nan%                0         -nan%
ICACHE_CYCLE_NONRA_OFFPATH                           0         -nan%                0         -nan%
ICACHE_CYCLE_RA_ONPATH                               0         -nan%                0         -nan%
ICACHE_CYCLE_RA_OFFPATH                              0         -nan%                0         -nan%
                                                     0         -nan%                0         -nan%
                                                  -nan         -nan              -nan         -nan

ICACHE_CYCLE_ONPATH_NONRA                            0         -nan%                0         -nan%
ICACHE_CYCLE_OFFPATH_NONRA                           0         -nan%                0         -nan%
                                                     0         -nan%                0         -nan%
                                                  -nan         -nan              -nan         -nan

ICACHE_CYCLE_ONPATH_RA                               0         -nan%                0         -nan%
ICACHE_CYCLE_OFFPATH_RA                              0         -nan%                0         -nan%
                                                     0         -nan%                0         -nan%
                                                  -nan         -nan              -nan         -nan

INACCURATE_OFFPATH_CYCLES                            0        0.0000                0        0.0000

FETCH_ALL_INST                                16299474                       33542389              

EXEC_ALL_INST                                 14056898                       28610129              

RET_ALL_INST                                  11928029                       23844243              

EXEC_ON_PATH_INST                             11927905       84.854%         23844243       83.342%
EXEC_OFF_PATH_INST                             2128993       15.146%          4765886       16.658%
                                              14056898      100.000%         28610129      100.000%
                                                  0.15         0.34              0.17         0.35

EXEC_ON_PATH_INST_MEM                          3847387       27.370%          7682224       26.851%
EXEC_ON_PATH_INST_NOTMEM                       8080518       57.484%         16162019       56.491%
EXEC_OFF_PATH_INST_MEM                          838078        5.962%          1846347        6.453%
EXEC_OFF_PATH_INST_NOTMEM                      1290915        9.183%          2919539       10.205%
                                              14056898      100.000%         28610129      100.000%
                                                  0.97         0.73              1.00         0.76

EXEC_RA_INST                                         0         -nan%                0         -nan%
EXEC_NONRA_INST                                      0         -nan%                0         -nan%
                                                     0         -nan%                0         -nan%
                                                  -nan         -nan              -nan         -nan

EXEC_ON_PATH_INST_RA                                 0         -nan%                0         -nan%
EXEC_OFF_PATH_INST_RA                                0         -nan%                0         -nan%
                                                     0         -nan%                0         -nan%
                                                  -nan         -nan              -nan         -nan

EXEC_ON_PATH_INST_NONRA                              0         -nan%                0         -nan%
EXEC_OFF_PATH_INST_NONRA                             0         -nan%                0         -nan%
                                                     0         -nan%                0         -nan%
                                                  -nan         -nan              -nan         -nan

EXEC_RA_ON_PATH_INST                                 0         -nan%                0         -nan%
EXEC_RA_OFF_PATH_INST                                0         -nan%                0         -nan%
EXEC_NONRA_ON_PATH_INST                              0         -nan%                0         -nan%
EXEC_NONRA_OFF_PATH_INST                             0         -nan%                0         -nan%
                                                     0         -nan%                0         -nan%
                                                  -nan         -nan              -nan         -nan

ICACHE_THROTTLE_CYCLE                                0                              0              

FETCH_ENABLE_THROTTLE_OFF_PATH                       0         -nan%                0         -nan%
FETCH_ENABLE_THROTTLE_ON_PATH                        0         -nan%                0         -nan%
                                                     0         -nan%                0         -nan%
                                                  -nan         -nan              -nan         -nan

FETCH_DISABLE_THROTTLE_OFF_PATH                      0         -nan%                0         -nan%
FETCH_DISABLE_THROTTLE_ON_PATH                       0         -nan%                0         -nan%
                                                     0         -nan%                0         -nan%
                                                  -nan         -nan              -nan         -nan

FETCH_TH_ADJUST__0                                   0         -nan%                0         -nan%
FETCH_TH_ADJUST__1                                   0         -nan%                0         -nan%
FETCH_TH_ADJUST__2                                   0         -nan%                0         -nan%
FETCH_TH_ADJUST__3                                   0         -nan%                0         -nan%
FETCH_TH_ADJUST__4                                   0         -nan%                0         -nan%
FETCH_TH_ADJUST__5                                   0         -nan%                0         -nan%
FETCH_TH_ADJUST__6                                   0         -nan%                0         -nan%
FETCH_TH_ADJUST__7                                   0         -nan%                0         -nan%
FETCH_TH_ADJUST__8                                   0         -nan%                0         -nan%
FETCH_TH_ADJUST__9                                   0         -nan%                0         -nan%
FETCH_TH_ADJUST__MAX                                 0         -nan%                0         -nan%
                                                     0         -nan%                0         -nan%
                                                  -nan         -nan              -nan         -nan

FETCH_TH_ADJUST_UP                                   0         -nan%                0         -nan%
FETCH_TH_ADJUST_DOWN                                 0         -nan%                0         -nan%
FETCH_TH_ADJUST_SAME                                 0         -nan%                0         -nan%
                                                     0         -nan%                0         -nan%
                                                  -nan         -nan              -nan         -nan

THROTTLE_ADJUST_CACHE_MISS_INFO                      0                              0              

LOW_CONF_COUNT_BP_MIS_0                              0         -nan%                0         -nan%
LOW_CONF_COUNT_BP_MIS_1                              0         -nan%                0         -nan%
LOW_CONF_COUNT_BP_MIS_2                              0         -nan%                0         -nan%
LOW_CONF_COUNT_BP_MIS_3                              0         -nan%                0         -nan%
LOW_CONF_COUNT_BP_MIS_4                              0         -nan%                0         -nan%
LOW_CONF_COUNT_BP_MIS_5                              0         -nan%                0         -nan%
LOW_CONF_COUNT_BP_MIS_6                              0         -nan%                0         -nan%
LOW_CONF_COUNT_BP_MIS_7                              0         -nan%                0         -nan%
LOW_CONF_COUNT_BP_MIS_8                              0         -nan%                0         -nan%
LOW_CONF_COUNT_BP_MIS_9                              0         -nan%                0         -nan%
LOW_CONF_COUNT_BP_MIS_10                             0         -nan%                0         -nan%
LOW_CONF_COUNT_BP_MIS_11                             0         -nan%                0         -nan%
LOW_CONF_COUNT_BP_MIS_12                             0         -nan%                0         -nan%
LOW_CONF_COUNT_BP_MIS_13                             0         -nan%                0         -nan%
LOW_CONF_COUNT_BP_MIS_14                             0         -nan%                0         -nan%
LOW_CONF_COUNT_BP_MIS_15                             0         -nan%                0         -nan%
LOW_CONF_COUNT_BP_MIS_16                             0         -nan%                0         -nan%
LOW_CONF_COUNT_BP_MIS_17                             0         -nan%                0         -nan%
LOW_CONF_COUNT_BP_MIS_18                             0         -nan%                0         -nan%
LOW_CONF_COUNT_BP_MIS_19                             0         -nan%                0         -nan%
LOW_CONF_COUNT_BP_MIS_20                             0         -nan%                0         -nan%
                                                     0         -nan%                0         -nan%
                                                  -nan         -nan              -nan         -nan

LOW_CONF_COUNT_RET_0                                 0         -nan%                0         -nan%
LOW_CONF_COUNT_RET_1                                 0         -nan%                0         -nan%
LOW_CONF_COUNT_RET_2                                 0         -nan%                0         -nan%
LOW_CONF_COUNT_RET_3                                 0         -nan%                0         -nan%
LOW_CONF_COUNT_RET_4                                 0         -nan%                0         -nan%
LOW_CONF_COUNT_RET_5                                 0         -nan%                0         -nan%
LOW_CONF_COUNT_RET_6                                 0         -nan%                0         -nan%
LOW_CONF_COUNT_RET_7                                 0         -nan%                0         -nan%
LOW_CONF_COUNT_RET_8                                 0         -nan%                0         -nan%
LOW_CONF_COUNT_RET_9                                 0         -nan%                0         -nan%
LOW_CONF_COUNT_RET_10                                0         -nan%                0         -nan%
LOW_CONF_COUNT_RET_11                                0         -nan%                0         -nan%
LOW_CONF_COUNT_RET_12                                0         -nan%                0         -nan%
LOW_CONF_COUNT_RET_13                                0         -nan%                0         -nan%
LOW_CONF_COUNT_RET_14                                0         -nan%                0         -nan%
LOW_CONF_COUNT_RET_15                                0         -nan%                0         -nan%
LOW_CONF_COUNT_RET_16                                0         -nan%                0         -nan%
LOW_CONF_COUNT_RET_17                                0         -nan%                0         -nan%
LOW_CONF_COUNT_RET_18                                0         -nan%                0         -nan%
LOW_CONF_COUNT_RET_19                                0         -nan%                0         -nan%
LOW_CONF_COUNT_RET_20                                0         -nan%                0         -nan%
                                                     0         -nan%                0         -nan%
                                                  -nan         -nan              -nan         -nan

CYCLES_RESTEER_MISPRED                               0         -nan%                0         -nan%
CYCLES_RESTEER_MISFETCH                              0         -nan%                0         -nan%
CYCLES_RESTEER_BTB_MISS                              0         -nan%                0         -nan%
                                                     0         -nan%                0         -nan%
                                                  -nan         -nan              -nan         -nan

CYCLES_RESTEER_MISPRED_SAVED_UC_FETCH                0         -nan%                0         -nan%
CYCLES_RESTEER_MISPRED_COULD_BE_SAVED_UC_FETCH             0         -nan%                0         -nan%
CYCLES_RESTEER_MISFETCH_SAVED_UC_FETCH               0         -nan%                0         -nan%
CYCLES_RESTEER_MISFETCH_COULD_BE_SAVED_UC_FETCH             0         -nan%                0         -nan%
CYCLES_RESTEER_BTB_MISS_SAVED_UC_FETCH               0         -nan%                0         -nan%
CYCLES_RESTEER_BTB_MISS_COULD_BE_SAVED_UC_FETCH             0         -nan%                0         -nan%
                                                     0         -nan%                0         -nan%
                                                  -nan         -nan              -nan         -nan

CYCLES_UOC_IC_SWITCH                                 0                              0              



