Scarab gitrev: 3067351
Scarab started at Fri Jan  3 09:21:22 2025

Bloom Table Size 44144 hashes 8
Bloom Table Size 11040 hashes 8
Bloom Table Size 11040 hashes 8
Initialized Ramulator. 
** Heartbeat:   5% -- { 1000002 } -- 0.00 KIPS (166.67 KIPS)
** Heartbeat:  10% -- { 2000002 } -- 200.00 KIPS (181.82 KIPS)
** Heartbeat:  15% -- { 3000002 } -- 200.00 KIPS (187.50 KIPS)
** Heartbeat:  20% -- { 4000003 } -- 200.00 KIPS (190.48 KIPS)
** Heartbeat:  25% -- { 5000005 } -- 200.00 KIPS (192.31 KIPS)
** Heartbeat:  30% -- { 6000009 } -- 250.00 KIPS (200.00 KIPS)
** Heartbeat:  35% -- { 7000012 } -- 200.00 KIPS (200.00 KIPS)
** Heartbeat:  40% -- { 8000012 } -- 200.00 KIPS (200.00 KIPS)
** Heartbeat:  45% -- { 9000012 } -- 200.00 KIPS (200.00 KIPS)
** Heartbeat:  50% -- { 10000016 } -- 200.00 KIPS (200.00 KIPS)
** Heartbeat:  55% -- { 11000019 } -- 200.00 KIPS (200.00 KIPS)
** Heartbeat:  60% -- { 12000022 } -- 200.00 KIPS (200.00 KIPS)
** Heartbeat:  65% -- { 13000022 } -- 200.00 KIPS (200.00 KIPS)
** Heartbeat:  70% -- { 14000024 } -- 166.67 KIPS (197.18 KIPS)
** Heartbeat:  75% -- { 15000028 } -- 200.00 KIPS (197.37 KIPS)
** Heartbeat:  80% -- { 16000030 } -- 200.00 KIPS (197.53 KIPS)
** Heartbeat:  85% -- { 17000033 } -- 200.00 KIPS (197.67 KIPS)
** Heartbeat:  90% -- { 18000036 } -- 200.00 KIPS (197.80 KIPS)
** Heartbeat:  95% -- { 19000036 } -- 200.00 KIPS (197.92 KIPS)
Warning could not fetch inst from frontend
Warning could not fetch inst from frontend
Warning could not fetch inst from frontend
Warning could not fetch inst from frontend
Warning could not fetch inst from frontend
Warning could not fetch inst from frontend
Warning could not fetch inst from frontend
Warning could not fetch inst from frontend
Warning could not fetch inst from frontend
Warning could not fetch inst from frontend
Warning could not fetch inst from frontend
Warning could not fetch inst from frontend
Warning could not fetch inst from frontend
Warning could not fetch inst from frontend
Warning could not fetch inst from frontend
Warning could not fetch inst from frontend
Warning could not fetch inst from frontend
Warning could not fetch inst from frontend
Warning could not fetch inst from frontend
Warning could not fetch inst from frontend
Warning could not fetch inst from frontend
Warning could not fetch inst from frontend
Warning could not fetch inst from frontend
Warning could not fetch inst from frontend
Warning could not fetch inst from frontend
Warning could not fetch inst from frontend
Warning could not fetch inst from frontend
Warning could not fetch inst from frontend
Warning could not fetch inst from frontend
Warning could not fetch inst from frontend
Warning could not fetch inst from frontend
Warning could not fetch inst from frontend
Warning could not fetch inst from frontend
Warning could not fetch inst from frontend
Warning could not fetch inst from frontend
Warning could not fetch inst from frontend
Warning could not fetch inst from frontend
Warning could not fetch inst from frontend
Warning could not fetch inst from frontend
Warning could not fetch inst from frontend
Warning could not fetch inst from frontend
Warning could not fetch inst from frontend
Warning could not fetch inst from frontend
Warning could not fetch inst from frontend
Warning could not fetch inst from frontend
Warning could not fetch inst from frontend
Warning could not fetch inst from frontend
Warning could not fetch inst from frontend
Warning could not fetch inst from frontend
Warning could not fetch inst from frontend
Warning could not fetch inst from frontend
Warning could not fetch inst from frontend
Warning could not fetch inst from frontend
Warning could not fetch inst from frontend
Warning could not fetch inst from frontend
Warning could not fetch inst from frontend
Warning could not fetch inst from frontend
Warning could not fetch inst from frontend
Warning could not fetch inst from frontend
Warning could not fetch inst from frontend
Warning could not fetch inst from frontend
Warning could not fetch inst from frontend
Warning could not fetch inst from frontend
Warning could not fetch inst from frontend
Warning could not fetch inst from frontend
Warning could not fetch inst from frontend
** Core 0 Finished:    insts:20116745    cycles:9664707     time:3020220937500       -- 2.08 IPC (2.08 IPC) --  N/A  KIPS (198.02 KIPS)
Scarab finished at Fri Jan  3 09:23:03 2025

