/* -*- Mode: c -*- */
####################################################################################################
Core 0
####################################################################################################
Cumulative:        Cycles: 7346547               Instructions: 20000000              IPC: 2.72237

Periodic:          Cycles: 3674272               Instructions: 9999997               IPC: 2.72163

EXECUTION_TIME                           1148210000000                  2295795937500              

NODE_CYCLE                                     3674272                        7346547              

NODE_INST_COUNT                                9999997                       20000000              

NODE_INST_COUNT_FETCHED                        9999997                       20000000              

NODE_UOP_COUNT                                12413069                       24830398              

FULL_WINDOW_STALL                               968411       26.357%          1842486       25.080%

FULL_WINDOW_MEM_OP                              921959       99.217%          1745979       99.193%
FULL_WINDOW_FP_OP                                    0        0.000%                0        0.000%
FULL_WINDOW_OTHER_OP                              7277        0.783%            14206        0.807%
                                                929236      100.000%          1760185      100.000%
                                                  0.02         0.18              0.02         0.18

RET_BLOCKED_DC_MISS                            1345623       36.623%          2644170       35.992%

RET_BLOCKED_L1_MISS                             859513       23.393%          1619208       22.040%

RET_BLOCKED_L1_MISS_BW_PREF                       9267        0.252%            18304        0.249%

RET_BLOCKED_L1_ACCESS                           486509       13.241%          1025721       13.962%

RET_BLOCKED_MEM_STALL                           859513       23.393%          1619208       22.040%

RET_BLOCKED_OFFCHIP_DEMAND                           0        0.000%                0        0.000%

OP_ISSUED                                     12595287                       25511654              

OP_RETIRED                                    12413069                       24830398              

REPLAY_SIGNALED                                      0                              0              

REPLAY_COUNTED                                       0                              0              

OFF_CRITICAL_PATH                                    0         -nan%                0         -nan%
ON_CRITICAL_PATH                                     0         -nan%                0         -nan%
                                                     0         -nan%                0         -nan%
                                                  -nan         -nan              -nan         -nan

LD_NO_DEPENDENTS                                184355        9.215%           366545        9.158%
LD_DEPENDENTS                                  1816164       90.785%          3635802       90.842%
                                               2000519      100.000%          4002347      100.000%
                                                  0.91         0.87              0.91         0.87

LD_EXEC_CYCLES_0                                     0        0.000%                0        0.000%
LD_EXEC_CYCLES_1                                     0        0.000%                0        0.000%
LD_EXEC_CYCLES_2                                     0        0.000%                0        0.000%
LD_EXEC_CYCLES_3                                  1429       49.378%             2876       51.486%
LD_EXEC_CYCLES_4                                  1465       50.622%             2710       48.514%
                                                  2894      100.000%             5586      100.000%
                                                  3.51         2.54              3.49         2.48

ICACHE_STAGE_STARVED                                76        0.003%             4099        0.077%
ICACHE_STAGE_NOT_STARVED                       2658900       99.997%          5316362       99.923%
                                               2658976      100.000%          5320461      100.000%
                                                  1.00         1.00              1.00         1.00

ICACHE_STAGE_STALLED                            920960       25.065%          1697349       23.104%
ICACHE_STAGE_NOT_STALLED                       2658976       72.367%          5320461       72.421%
ICACHE_STAGE_OFF_PATH                            94336        2.567%           328737        4.475%
                                               3674272      100.000%          7346547      100.000%
                                                  0.78         0.30              0.81         0.34

DECODE_STAGE_STARVED                            637577       17.672%          1771059       24.790%
DECODE_STAGE_NOT_STARVED                       2970288       82.328%          5373133       75.210%
                                               3607865      100.000%          7144192      100.000%
                                                  0.82         0.76              0.75         0.69

DECODE_STAGE_STALLED                            925206       25.181%          1705796       23.219%
DECODE_STAGE_NOT_STALLED                       2682659       73.012%          5438396       74.027%
DECODE_STAGE_OFF_PATH                            66407        1.807%           202355        2.754%
                                               3674272      100.000%          7346547      100.000%
                                                  0.77         0.28              0.80         0.30

UOPQ_STAGE_STARVED                              637577       17.352%          1771109       24.108%
UOPQ_STAGE_NOT_STARVED                         3036695       82.648%          5575438       75.892%
                                               3674272      100.000%          7346547      100.000%
                                                  0.83         0.77              0.76         0.69

UOPQ_STAGE_STALLED                                   0        0.000%                0        0.000%
UOPQ_STAGE_NOT_STALLED                         3674272      100.000%          7346547      100.000%
UOPQ_STAGE_OFF_PATH                                  0        0.000%                0        0.000%
                                               3674272      100.000%          7346547      100.000%
                                                  1.00         0.00              1.00         0.00

MAP_STAGE_STARVED                                 7437        0.206%            26253        0.370%
MAP_STAGE_NOT_STARVED                          3594198       99.794%          7062166       99.630%
                                               3601635      100.000%          7088419      100.000%
                                                  1.00         1.00              1.00         0.99

MAP_STAGE_STALLED                               938112       25.532%          1750679       23.830%
MAP_STAGE_NOT_STALLED                          2663523       72.491%          5337740       72.656%
MAP_STAGE_OFF_PATH                               72637        1.977%           258128        3.514%
                                               3674272      100.000%          7346547      100.000%
                                                  0.76         0.29              0.80         0.32

EXEC_STAGE_STARVED                              729731       19.861%          1440604       19.609%
EXEC_STAGE_NOT_STARVED                         2900761       78.948%          5743944       78.186%
EXEC_STAGE_OFF_PATH                              43780        1.192%           161999        2.205%
                                               3674272      100.000%          7346547      100.000%
                                                  0.81         0.23              0.83         0.26

FU_BUSY_0                                      2774802                        5632520              

FU_BUSY_1                                      2334085                        4719218              

FU_BUSY_2                                      1549709                        3115005              

FU_BUSY_3                                       887878                        1771899              

FU_BUSY_4                                      1415244                        2845979              

FU_BUSY_5                                       350350                         695653              

FU_BUSY_6                                      2100652                        4246648              

FU_BUSY_7                                      1178492                        2365080              

FU_BUSY_8                                       615418                        1231432              

FU_BUSY_9                                       341268                         682934              

FU_BUSY_10                                           0                              0              

FU_BUSY_11                                           0                              0              

FU_BUSY_12                                           0                              0              

FU_BUSY_13                                           0                              0              

FU_BUSY_14                                           0                              0              

FU_BUSY_15                                           0                              0              

FU_BUSY_16                                           0                              0              

FU_BUSY_17                                           0                              0              

FU_BUSY_18                                           0                              0              

FU_BUSY_19                                           0                              0              

FU_BUSY_20                                           0                              0              

FU_BUSY_21                                           0                              0              

FU_BUSY_22                                           0                              0              

FU_BUSY_23                                           0                              0              

FU_BUSY_24                                           0                              0              

FU_BUSY_25                                           0                              0              

FU_BUSY_26                                           0                              0              

FU_BUSY_27                                           0                              0              

FU_BUSY_28                                           0                              0              

FU_BUSY_29                                           0                              0              

FU_BUSY_30                                           0                              0              

FU_BUSY_31                                           0                              0              

OP_WAIT_0                                      8025127                       16034133              

OP_WAIT_1                                      2480750                        5012449              

OP_WAIT_2                                      1104058                        2196466              

OP_WAIT_3                                       254981                         506073              

OP_WAIT_4                                       125081                         246011              

OP_WAIT_5                                        70702                         140323              

OP_WAIT_6                                        46777                          90838              

OP_WAIT_7                                        39302                          77593              

OP_WAIT_8                                        24918                          49723              

OP_WAIT_9                                        23229                          45722              

OP_WAIT_10                                       29133                          57222              

OP_WAIT_11                                       26709                          53496              

OP_WAIT_12                                       27096                          53513              

OP_WAIT_13                                       15732                          31623              

OP_WAIT_14                                       14611                          29280              

OP_WAIT_15                                       15338                          30895              

OP_WAIT_16                                       11985                          23739              

OP_WAIT_17                                       10834                          21166              

OP_WAIT_18                                        8314                          16401              

OP_WAIT_19                                       10621                          20610              

OP_WAIT_20                                        7486                          14455              

OP_WAIT_21                                        5446                          10642              

OP_WAIT_22                                        3809                           7863              

OP_WAIT_23                                        2284                           4260              

OP_WAIT_24                                        3557                           6785              

OP_WAIT_25                                        4015                           7852              

OP_WAIT_26                                        1327                           2761              

OP_WAIT_27                                        1510                           2919              

OP_WAIT_28                                        1970                           3931              

OP_WAIT_29                                         981                           1899              

OP_WAIT_30                                        1089                           2059              

OP_WAIT_31                                       14297                          27696              

ROW_SIZE_0                                     1423204                        2810721              

ROW_SIZE_1                                      145934                         308447              

ROW_SIZE_2                                       20533                          47297              

ROW_SIZE_3                                       44424                          97756              

ROW_SIZE_4                                       54484                         117021              

ROW_SIZE_5                                       24117                          49757              

ROW_SIZE_6                                     1959046                        3902870              

ROW_SIZE_7                                           0                              0              

ROW_SIZE_8                                           0                              0              

ROW_SIZE_9                                           0                              0              

ROW_SIZE_10                                          0                              0              

ROW_SIZE_11                                          0                              0              

ROW_SIZE_12                                          0                              0              

ROW_SIZE_13                                          0                              0              

ROW_SIZE_14                                          0                              0              

ROW_SIZE_15                                          0                              0              

ROW_SIZE_16                                          0                              0              

ROW_SIZE_17                                          0                              0              

ROW_SIZE_18                                          0                              0              

ROW_SIZE_19                                          0                              0              

ROW_SIZE_20                                          0                              0              

ROW_SIZE_21                                          0                              0              

ROW_SIZE_22                                          0                              0              

ROW_SIZE_23                                          0                              0              

ROW_SIZE_24                                          0                              0              

ROW_SIZE_25                                          0                              0              

ROW_SIZE_26                                          0                              0              

ROW_SIZE_27                                          0                              0              

ROW_SIZE_28                                          0                              0              

ROW_SIZE_29                                          0                              0              

ROW_SIZE_30                                          0                              0              

ROW_SIZE_31                                          0                              0              

RET_OP_EXEC_COUNT_0                                  0        0.000%                0        0.000%
RET_OP_EXEC_COUNT_1                           12413069      100.000%         24830398      100.000%
RET_OP_EXEC_COUNT_2                                  0        0.000%                0        0.000%
RET_OP_EXEC_COUNT_3                                  0        0.000%                0        0.000%
RET_OP_EXEC_COUNT_4                                  0        0.000%                0        0.000%
RET_OP_EXEC_COUNT_5                                  0        0.000%                0        0.000%
RET_OP_EXEC_COUNT_6                                  0        0.000%                0        0.000%
RET_OP_EXEC_COUNT_7                                  0        0.000%                0        0.000%
RET_OP_EXEC_COUNT_8                                  0        0.000%                0        0.000%
RET_OP_EXEC_COUNT_9                                  0        0.000%                0        0.000%
RET_OP_EXEC_COUNT_10                                 0        0.000%                0        0.000%
RET_OP_EXEC_COUNT_11                                 0        0.000%                0        0.000%
RET_OP_EXEC_COUNT_12                                 0        0.000%                0        0.000%
RET_OP_EXEC_COUNT_13                                 0        0.000%                0        0.000%
RET_OP_EXEC_COUNT_14                                 0        0.000%                0        0.000%
RET_OP_EXEC_COUNT_15                                 0        0.000%                0        0.000%
RET_OP_EXEC_COUNT_16                                 0        0.000%                0        0.000%
RET_OP_EXEC_COUNT_17                                 0        0.000%                0        0.000%
RET_OP_EXEC_COUNT_18                                 0        0.000%                0        0.000%
RET_OP_EXEC_COUNT_19                                 0        0.000%                0        0.000%
RET_OP_EXEC_COUNT_20                                 0        0.000%                0        0.000%
RET_OP_EXEC_COUNT_21                                 0        0.000%                0        0.000%
RET_OP_EXEC_COUNT_22                                 0        0.000%                0        0.000%
RET_OP_EXEC_COUNT_23                                 0        0.000%                0        0.000%
RET_OP_EXEC_COUNT_24                                 0        0.000%                0        0.000%
RET_OP_EXEC_COUNT_25                                 0        0.000%                0        0.000%
RET_OP_EXEC_COUNT_26                                 0        0.000%                0        0.000%
RET_OP_EXEC_COUNT_27                                 0        0.000%                0        0.000%
RET_OP_EXEC_COUNT_28                                 0        0.000%                0        0.000%
RET_OP_EXEC_COUNT_29                                 0        0.000%                0        0.000%
RET_OP_EXEC_COUNT_30                                 0        0.000%                0        0.000%
RET_OP_EXEC_COUNT_31                                 0        0.000%                0        0.000%
RET_OP_EXEC_COUNT_32                                 0        0.000%                0        0.000%
                                              12413069      100.000%         24830398      100.000%
                                                  1.00         0.00              1.00         0.00

RET_STALL_LENGTH_0                            12409594       99.972%         24823356       99.972%
RET_STALL_LENGTH_100                              2599        0.021%             5600        0.023%
RET_STALL_LENGTH_200                               337        0.003%              620        0.002%
RET_STALL_LENGTH_300                               124        0.001%              225        0.001%
RET_STALL_LENGTH_400                                97        0.001%              133        0.001%
RET_STALL_LENGTH_500                               116        0.001%              138        0.001%
RET_STALL_LENGTH_600                                66        0.001%               89        0.000%
RET_STALL_LENGTH_700                                36        0.000%               50        0.000%
RET_STALL_LENGTH_800                                25        0.000%               36        0.000%
RET_STALL_LENGTH_900                                11        0.000%               18        0.000%
RET_STALL_LENGTH_1000                               12        0.000%               24        0.000%
RET_STALL_LENGTH_1100                               17        0.000%               31        0.000%
RET_STALL_LENGTH_1200                               13        0.000%               41        0.000%
RET_STALL_LENGTH_1300                               12        0.000%               18        0.000%
RET_STALL_LENGTH_1400                                4        0.000%               11        0.000%
RET_STALL_LENGTH_1500                                0        0.000%                0        0.000%
RET_STALL_LENGTH_1600                                0        0.000%                1        0.000%
RET_STALL_LENGTH_1700                                4        0.000%                4        0.000%
RET_STALL_LENGTH_1800                                1        0.000%                2        0.000%
RET_STALL_LENGTH_1900                                0        0.000%                0        0.000%
RET_STALL_LENGTH_2000                                1        0.000%                1        0.000%
RET_STALL_LENGTH_2100                                0        0.000%                0        0.000%
RET_STALL_LENGTH_2200                                0        0.000%                0        0.000%
RET_STALL_LENGTH_2300                                0        0.000%                0        0.000%
RET_STALL_LENGTH_2400                                0        0.000%                0        0.000%
RET_STALL_LENGTH_2500                                0        0.000%                0        0.000%
RET_STALL_LENGTH_2600                                0        0.000%                0        0.000%
RET_STALL_LENGTH_2700                                0        0.000%                0        0.000%
RET_STALL_LENGTH_2800                                0        0.000%                0        0.000%
RET_STALL_LENGTH_2900                                0        0.000%                0        0.000%
RET_STALL_LENGTH_3000                                0        0.000%                0        0.000%
RET_STALL_LENGTH_3100                                0        0.000%                0        0.000%
RET_STALL_LENGTH_3200                                0        0.000%                0        0.000%
RET_STALL_LENGTH_3300                                0        0.000%                0        0.000%
RET_STALL_LENGTH_3400                                0        0.000%                0        0.000%
RET_STALL_LENGTH_3500                                0        0.000%                0        0.000%
RET_STALL_LENGTH_3600                                0        0.000%                0        0.000%
RET_STALL_LENGTH_3700                                0        0.000%                0        0.000%
RET_STALL_LENGTH_3800                                0        0.000%                0        0.000%
RET_STALL_LENGTH_3900                                0        0.000%                0        0.000%
RET_STALL_LENGTH_4000                                0        0.000%                0        0.000%
RET_STALL_LENGTH_4100                                0        0.000%                0        0.000%
RET_STALL_LENGTH_4200                                0        0.000%                0        0.000%
RET_STALL_LENGTH_4300                                0        0.000%                0        0.000%
RET_STALL_LENGTH_4400                                0        0.000%                0        0.000%
RET_STALL_LENGTH_4500                                0        0.000%                0        0.000%
RET_STALL_LENGTH_4600                                0        0.000%                0        0.000%
RET_STALL_LENGTH_4700                                0        0.000%                0        0.000%
RET_STALL_LENGTH_4800                                0        0.000%                0        0.000%
RET_STALL_LENGTH_4900                                0        0.000%                0        0.000%
RET_STALL_LENGTH_5000                                0        0.000%                0        0.000%
                                              12413069      100.000%         24830398      100.000%
                                                  0.00         0.05              0.00         0.04

MEM_BLOCK_LENGTH_0                                   0         -nan%                0         -nan%
MEM_BLOCK_LENGTH_100                                 0         -nan%                0         -nan%
MEM_BLOCK_LENGTH_200                                 0         -nan%                0         -nan%
MEM_BLOCK_LENGTH_300                                 0         -nan%                0         -nan%
MEM_BLOCK_LENGTH_400                                 0         -nan%                0         -nan%
MEM_BLOCK_LENGTH_500                                 0         -nan%                0         -nan%
MEM_BLOCK_LENGTH_600                                 0         -nan%                0         -nan%
MEM_BLOCK_LENGTH_700                                 0         -nan%                0         -nan%
MEM_BLOCK_LENGTH_800                                 0         -nan%                0         -nan%
MEM_BLOCK_LENGTH_900                                 0         -nan%                0         -nan%
MEM_BLOCK_LENGTH_1000                                0         -nan%                0         -nan%
MEM_BLOCK_LENGTH_1100                                0         -nan%                0         -nan%
MEM_BLOCK_LENGTH_1200                                0         -nan%                0         -nan%
MEM_BLOCK_LENGTH_1300                                0         -nan%                0         -nan%
MEM_BLOCK_LENGTH_1400                                0         -nan%                0         -nan%
MEM_BLOCK_LENGTH_1500                                0         -nan%                0         -nan%
MEM_BLOCK_LENGTH_1600                                0         -nan%                0         -nan%
MEM_BLOCK_LENGTH_1700                                0         -nan%                0         -nan%
MEM_BLOCK_LENGTH_1800                                0         -nan%                0         -nan%
MEM_BLOCK_LENGTH_1900                                0         -nan%                0         -nan%
MEM_BLOCK_LENGTH_2000                                0         -nan%                0         -nan%
MEM_BLOCK_LENGTH_2100                                0         -nan%                0         -nan%
MEM_BLOCK_LENGTH_2200                                0         -nan%                0         -nan%
MEM_BLOCK_LENGTH_2300                                0         -nan%                0         -nan%
MEM_BLOCK_LENGTH_2400                                0         -nan%                0         -nan%
MEM_BLOCK_LENGTH_2500                                0         -nan%                0         -nan%
MEM_BLOCK_LENGTH_2600                                0         -nan%                0         -nan%
MEM_BLOCK_LENGTH_2700                                0         -nan%                0         -nan%
MEM_BLOCK_LENGTH_2800                                0         -nan%                0         -nan%
MEM_BLOCK_LENGTH_2900                                0         -nan%                0         -nan%
MEM_BLOCK_LENGTH_3000                                0         -nan%                0         -nan%
MEM_BLOCK_LENGTH_3100                                0         -nan%                0         -nan%
MEM_BLOCK_LENGTH_3200                                0         -nan%                0         -nan%
MEM_BLOCK_LENGTH_3300                                0         -nan%                0         -nan%
MEM_BLOCK_LENGTH_3400                                0         -nan%                0         -nan%
MEM_BLOCK_LENGTH_3500                                0         -nan%                0         -nan%
MEM_BLOCK_LENGTH_3600                                0         -nan%                0         -nan%
MEM_BLOCK_LENGTH_3700                                0         -nan%                0         -nan%
MEM_BLOCK_LENGTH_3800                                0         -nan%                0         -nan%
MEM_BLOCK_LENGTH_3900                                0         -nan%                0         -nan%
MEM_BLOCK_LENGTH_4000                                0         -nan%                0         -nan%
MEM_BLOCK_LENGTH_4100                                0         -nan%                0         -nan%
MEM_BLOCK_LENGTH_4200                                0         -nan%                0         -nan%
MEM_BLOCK_LENGTH_4300                                0         -nan%                0         -nan%
MEM_BLOCK_LENGTH_4400                                0         -nan%                0         -nan%
MEM_BLOCK_LENGTH_4500                                0         -nan%                0         -nan%
MEM_BLOCK_LENGTH_4600                                0         -nan%                0         -nan%
MEM_BLOCK_LENGTH_4700                                0         -nan%                0         -nan%
MEM_BLOCK_LENGTH_4800                                0         -nan%                0         -nan%
MEM_BLOCK_LENGTH_4900                                0         -nan%                0         -nan%
MEM_BLOCK_LENGTH_5000                                0         -nan%                0         -nan%
                                                     0         -nan%                0         -nan%
                                                  -nan         -nan              -nan         -nan

FUS_BUSY_ON_PATH                              13420794        3.6526         26830848        3.6522

FUS_BUSY_OFF_PATH                               127104        0.0346           475520        0.0647

FU_BUSY_MEM_STALL                               990643        0.2696          1981755        0.2698

FUS_EMPTY                                     23194822        6.3128         46159102        6.2831

CHIP_UTILIZATION                                     0        0.0000                0        0.0000

CYCLES_UNDER_MEM_REQ                                 0                              0              

CYCLES_UNDER_NO_MEM_REQ                              0                              0              

CYCLES_UNDER_CRITICAL_MEM_REQ                        0                              0              

CYCLES_UNDER_NONCRITICAL_MEM_REQ                     0                              0              

CHIP_UTILIZATION_UNDER_MEM_REQ                       0          -nan                0          -nan

CHIP_UTILIZATION_UNDER_NO_MEM_REQ                    0          -nan                0          -nan

CHIP_UTILIZATION_UNDER_CRITICAL_MEM_REQ              0          -nan                0          -nan

CHIP_UTILIZATION_UNDER_NONCRITICAL_MEM_REQ             0          -nan                0          -nan

CYCLES_NOT_WAITING_FOR_OFF_CHIP                      0        0.0000                0        0.0000

FUS_BUSY_NOT_WAITING_FOR_OFF_CHIP                    0          -nan                0          -nan

CYCLES_WAITING_FOR_OFF_CHIP                          0        0.0000                0        0.0000

FUS_BUSY_WAITING_FOR_OFF_CHIP                        0          -nan                0          -nan

TOTAL_OFF_CHIP_DELAYS_LEFT                           0                              0              

WRONG_IO_SCHED                                       0                              0              

DVFS_CONFIG_SWITCH                                   0                              0              

UOP_CACHE_ICACHE_SWITCH_ONPATH                       0         -nan%                0         -nan%
UOP_CACHE_ICACHE_SWITCH_OFFPATH                      0         -nan%                0         -nan%
                                                     0         -nan%                0         -nan%
                                                  -nan         -nan              -nan         -nan

MAP_STAGE_RECEIVED_OPS_0                             0        0.000%                0        0.000%
MAP_STAGE_RECEIVED_OPS_1                        273130       10.268%           546995       10.281%
MAP_STAGE_RECEIVED_OPS_2                        149176        5.608%           297929        5.599%
MAP_STAGE_RECEIVED_OPS_3                        325610       12.241%           651128       12.238%
MAP_STAGE_RECEIVED_OPS_4                        256852        9.656%           513761        9.656%
MAP_STAGE_RECEIVED_OPS_5                         96055        3.611%           191523        3.600%
MAP_STAGE_RECEIVED_OPS_6                       1559248       58.617%          3119315       58.627%
MAP_STAGE_RECEIVED_OPS_7                             0        0.000%                0        0.000%
MAP_STAGE_RECEIVED_OPS_8                             0        0.000%                0        0.000%
MAP_STAGE_RECEIVED_OPS_MAX                           0        0.000%                0        0.000%
                                               2660071      100.000%          5320651      100.000%
                                                  4.67         1.79              4.67         1.79

MAP_STAGE_WAIT_FOR_DECODE                            0         -nan%                0         -nan%
MAP_STAGE_CONSUME_DECODE                             0         -nan%                0         -nan%
                                                     0         -nan%                0         -nan%
                                                  -nan         -nan              -nan         -nan

MAP_STAGE_WAIT_FOR_DECODE2                           0         -nan%                0         -nan%
MAP_STAGE_CONSUME_DECODE2                            0         -nan%                0         -nan%
                                                     0         -nan%                0         -nan%
                                                  -nan         -nan              -nan         -nan

FTQ_RECOVER_EXEC                                  1675                           6389              

FTQ_RECOVER_DECODE                                   0                             21              

FTQ_OFFPATH_CYCLES                              285011                         935740              

FTQ_CYCLES_OFFPATH                              283336                         929644              

FTQ_CYCLES_ONPATH                              3390936                        6416903              

FTQ_FETCHED_INS_OFFPATH                         876721                        3266775              

FTQ_FETCHED_INS_ONPATH                        12410680                       24823988              

FTQ_BREAK_FULL_BLOCK_OFFPATH                    272905        7.428%           867444       11.808%
FTQ_BREAK_FULL_BLOCK_ONPATH                    3247153       88.380%          6006887       81.767%
FTQ_BREAK_MAX_BLOCKS_OFFPATH                     12106        0.329%            68610        0.934%
FTQ_BREAK_MAX_BLOCKS_ONPATH                     141927        3.863%           403425        5.491%
FTQ_BREAK_PRED_BR_OFFPATH                            0        0.000%                0        0.000%
FTQ_BREAK_PRED_BR_ONPATH                             0        0.000%                0        0.000%
FTQ_BREAK_BAR_FETCH_OFFPATH                          0        0.000%                0        0.000%
FTQ_BREAK_BAR_FETCH_ONPATH                           0        0.000%                0        0.000%
                                               3674091      100.000%          7346366      100.000%
                                                  1.01         0.40              1.00         0.48



