/* -*- Mode: c -*- */
####################################################################################################
Core 0
####################################################################################################
Cumulative:        Cycles: 10360306              Instructions: 20201449              IPC: 1.94989

Periodic:          Cycles: 4685070               Instructions: 10048262              IPC: 2.14474

DCACHE_PREF_HIT                                      0                              0              

IFETCH_WB_FIRST_SCHEDULE                             0         -nan%                0         -nan%
PREFETCH_LAST_SCHEDULE                               0         -nan%                0         -nan%
DEMAND_PASS_PREF_SCHEDULE                            0         -nan%                0         -nan%
DEMAND_PASS_LOW_OP_SCHEDULE                          0         -nan%                0         -nan%
DEMAND_LAST_SCHEDULE                                 0         -nan%                0         -nan%
                                                     0         -nan%                0         -nan%
                                                  -nan         -nan              -nan         -nan

SEND_MISS_REQ_QUEUE                              15681                          50784              

L1_DATA_EVICT                                    14196                          18150              

STREAM_BUFFER_REQ                                    0                              0              

PREF_SEND_TO_MEM_REQ                                 0         -nan%                0         -nan%
PREF_SEND_TO_MEM_REQ_FAIL                            0         -nan%                0         -nan%
                                                     0         -nan%                0         -nan%
                                                  -nan         -nan              -nan         -nan

HIT_TRAIN_STREAM                                  1637       52.401%            10012       62.442%
MISS_TRAIN_STREAM                                 1487       47.599%             6022       37.558%
                                                  3124      100.000%            16034      100.000%
                                                  0.48         0.49              0.38         0.45

STREAM_TRAIN_CREATE                                789                           2961              

MEM_REQ_MISS_HWP_PREF_Q                              0         -nan%                0         -nan%
MEM_REQ_MISS_SW_PREF_Q                               0         -nan%                0         -nan%
MEM_REQ_MISS_IFETCH_Q                                0         -nan%                0         -nan%
MEM_REQ_MISS_DFETCH_Q                                0         -nan%                0         -nan%
MEM_REQ_MISS_DSTORE_Q                                0         -nan%                0         -nan%
MEM_REQ_MISS_DPRF_Q                                  0         -nan%                0         -nan%
MEM_REQ_MISS_WB_Q                                    0         -nan%                0         -nan%
                                                     0         -nan%                0         -nan%
                                                  -nan         -nan              -nan         -nan

PREF_HIT_BY_DEMAND_IFETCH                            0         -nan%                0         -nan%
PREF_HIT_BY_DEMAND_DFETCH                            0         -nan%                0         -nan%
PREF_HIT_BY_DEMAND_DSTORE                            0         -nan%                0         -nan%
PREF_HIT_BY_DEMAND_IPREF                             0         -nan%                0         -nan%
PREF_HIT_BY_DEMAND_DPRF                              0         -nan%                0         -nan%
PREF_HIT_BY_DEMAND_WB                                0         -nan%                0         -nan%
PREF_HIT_BY_PREF                                     0         -nan%                0         -nan%
                                                     0         -nan%                0         -nan%
                                                  -nan         -nan              -nan         -nan

PREF_HIT_DEMAND_IFETCH                               0         -nan%                0         -nan%
PREF_HIT_DEMAND_DFETCH                               0         -nan%                0         -nan%
PREF_HIT_DEMAND_DSTORE                               0         -nan%                0         -nan%
PREF_HIT_DEMAND_IPREF                                0         -nan%                0         -nan%
PREF_HIT_DEMAND_DPRF                                 0         -nan%                0         -nan%
PREF_HIT_DEMAND_WB                                   0         -nan%                0         -nan%
                                                     0         -nan%                0         -nan%
                                                  -nan         -nan              -nan         -nan

PREF_L1_FILL                                         0         -nan%                0         -nan%
DEMAND_L1_FILL                                       0         -nan%                0         -nan%
                                                     0         -nan%                0         -nan%
                                                  -nan         -nan              -nan         -nan

TOUCH_L1_REPLACE                                     0        0.000%                0        0.000%
NO_TOUCH_L1_REPLACE                              14196      100.000%            18150      100.000%
                                                 14196      100.000%            18150      100.000%
                                                  1.00         1.00              1.00         1.00

PREF_REQ_QUE_FULL                                    0                              0              

STREAM_REQ_QUEUE_HIT_BY_DEMAND                       0                              0              

L2HIT_STREAM_PREF_REQ_QUE_FULL                       0                              0              

L2HIT_HIT_TRAIN_STREAM                               0         -nan%                0         -nan%
L2HIT_MISS_TRAIN_STREAM                              0         -nan%                0         -nan%
                                                     0         -nan%                0         -nan%
                                                  -nan         -nan              -nan         -nan

L2HIT_STREAM_TRAIN_CREATE                            0                              0              

L2HIT_STREAM_BUFFER_REQ                              0                              0              

L2HIT_STREAM_PREF_DCACHE_HIT                         0         -nan%                0         -nan%
L2HIT_STREAM_PREF_DCACHE_INSERT                      0         -nan%                0         -nan%
L2HIT_STREAM_L2_MISS                                 0         -nan%                0         -nan%
                                                     0         -nan%                0         -nan%
                                                  -nan         -nan              -nan         -nan

L2HIT_STREAM_DCACHE_PORT_FULL                        0                              0              

L2HIT_STREAM_PREF_L1_PORT_FULL                       0                              0              

L2HIT_TRAIN_HIT_DEMAND                               0         -nan%                0         -nan%
L2HIT_TRAIN_MISS_REQ                                 0         -nan%                0         -nan%
                                                     0         -nan%                0         -nan%
                                                  -nan         -nan              -nan         -nan

L2HIT_TRAIN_FILTER_MISS                              0         -nan%                0         -nan%
L2HIT_TRAIN_FILTER_HIT                               0         -nan%                0         -nan%
                                                     0         -nan%                0         -nan%
                                                  -nan         -nan              -nan         -nan

L2HIT_PREF_REQ_DCACHE_HIT                            0         -nan%                0         -nan%
L2HIT_PREF_REQ_DCACHE_MISS                           0         -nan%                0         -nan%
                                                     0         -nan%                0         -nan%
                                                  -nan         -nan              -nan         -nan

L2HIT_L2SEND_Q_FULL                                  0         -nan%                0         -nan%
L2HIT_L2SEND_Q_ENTER                                 0         -nan%                0         -nan%
                                                     0         -nan%                0         -nan%
                                                  -nan         -nan              -nan         -nan

L2HIT_MEM_REQ                                        0                              0              

REMOVE_REDUNDANT_STREAM_STAT                         0                              0              

REPLACE_OLD_STREAM                                 789                           2945              

REQ_SEND_QUEUE_STALL                                 0                              0              

STREAM_ENTER_RA                                      0                              0              

CORE_STREAM_LENGTH_0                                16       14.815%               96       19.835%
CORE_STREAM_LENGTH_10                               35       32.407%              149       30.785%
CORE_STREAM_LENGTH_20                               19       17.593%               78       16.116%
CORE_STREAM_LENGTH_30                               12       11.111%               45        9.298%
CORE_STREAM_LENGTH_40                                7        6.481%               50       10.331%
CORE_STREAM_LENGTH_50                                6        5.556%               19        3.926%
CORE_STREAM_LENGTH_60                                0        0.000%                5        1.033%
CORE_STREAM_LENGTH_70                                1        0.926%                8        1.653%
CORE_STREAM_LENGTH_80                                3        2.778%                7        1.446%
CORE_STREAM_LENGTH_90                                2        1.852%                3        0.620%
CORE_STREAM_LENGTH_100_P                             7        6.481%               24        4.959%
                                                   108      100.000%              484      100.000%
                                                  2.65         2.67              2.36         2.36

CORE_CUM_STREAM_LENGTH_0                           127        3.341%              723        4.127%
CORE_CUM_STREAM_LENGTH_10                          437       11.497%             2019       11.525%
CORE_CUM_STREAM_LENGTH_20                          433       11.392%             1816       10.366%
CORE_CUM_STREAM_LENGTH_30                          417       10.971%             1556        8.882%
CORE_CUM_STREAM_LENGTH_40                          308        8.103%             2233       12.746%
CORE_CUM_STREAM_LENGTH_50                          328        8.629%             1037        5.919%
CORE_CUM_STREAM_LENGTH_60                            0        0.000%              319        1.821%
CORE_CUM_STREAM_LENGTH_70                           70        1.842%              594        3.391%
CORE_CUM_STREAM_LENGTH_80                          251        6.604%              585        3.339%
CORE_CUM_STREAM_LENGTH_90                          193        5.078%              289        1.650%
CORE_CUM_STREAM_LENGTH_100_P                      1237       32.544%             6348       36.235%
                                                  3801      100.000%            17519      100.000%
                                                  5.80         4.80              5.78         4.92

CORE_STREAM_TRAIN_HITS_0                            66       61.111%              260       53.719%
CORE_STREAM_TRAIN_HITS_10                           24       22.222%              102       21.074%
CORE_STREAM_TRAIN_HITS_20                            6        5.556%               54       11.157%
CORE_STREAM_TRAIN_HITS_30                            1        0.926%               20        4.132%
CORE_STREAM_TRAIN_HITS_40                            2        1.852%               12        2.479%
CORE_STREAM_TRAIN_HITS_50                            0        0.000%                6        1.240%
CORE_STREAM_TRAIN_HITS_60                            0        0.000%                2        0.413%
CORE_STREAM_TRAIN_HITS_70                            2        1.852%                3        0.620%
CORE_STREAM_TRAIN_HITS_80                            2        1.852%                5        1.033%
CORE_STREAM_TRAIN_HITS_90                            0        0.000%                0        0.000%
CORE_STREAM_TRAIN_HITS_100_P                         5        4.630%               20        4.132%
                                                   108      100.000%              484      100.000%
                                                  1.18         2.33              1.28         2.13

CORE_CUM_STREAM_TRAIN_HITS_0                       398       19.144%             1589       13.299%
CORE_CUM_STREAM_TRAIN_HITS_10                      313       15.055%             1305       10.922%
CORE_CUM_STREAM_TRAIN_HITS_20                      141        6.782%             1310       10.964%
CORE_CUM_STREAM_TRAIN_HITS_30                       38        1.828%              664        5.557%
CORE_CUM_STREAM_TRAIN_HITS_40                       90        4.329%              532        4.453%
CORE_CUM_STREAM_TRAIN_HITS_50                        0        0.000%              338        2.829%
CORE_CUM_STREAM_TRAIN_HITS_60                        0        0.000%              127        1.063%
CORE_CUM_STREAM_TRAIN_HITS_70                      149        7.167%              220        1.841%
CORE_CUM_STREAM_TRAIN_HITS_80                      169        8.129%              419        3.507%
CORE_CUM_STREAM_TRAIN_HITS_90                        0        0.000%                0        0.000%
CORE_CUM_STREAM_TRAIN_HITS_100_P                   781       37.566%             5444       45.564%
                                                  2079      100.000%            11948      100.000%
                                                  5.42         4.86              5.84         5.33

CORE_STREAM_TRAIN_CREATE                           789                           2961              



