/* -*- Mode: c -*- */
####################################################################################################
Core 0
####################################################################################################
Cumulative:        Cycles: 8616236               Instructions: 20111329              IPC: 2.33412

Periodic:          Cycles: 3920710               Instructions: 10019909              IPC: 2.55564

DCACHE_PREF_HIT                                      0                              0              

IFETCH_WB_FIRST_SCHEDULE                             0         -nan%                0         -nan%
PREFETCH_LAST_SCHEDULE                               0         -nan%                0         -nan%
DEMAND_PASS_PREF_SCHEDULE                            0         -nan%                0         -nan%
DEMAND_PASS_LOW_OP_SCHEDULE                          0         -nan%                0         -nan%
DEMAND_LAST_SCHEDULE                                 0         -nan%                0         -nan%
                                                     0         -nan%                0         -nan%
                                                  -nan         -nan              -nan         -nan

SEND_MISS_REQ_QUEUE                               3455                          27764              

L1_DATA_EVICT                                      329                            415              

STREAM_BUFFER_REQ                                    0                              0              

PREF_SEND_TO_MEM_REQ                                 0         -nan%                0         -nan%
PREF_SEND_TO_MEM_REQ_FAIL                            0         -nan%                0         -nan%
                                                     0         -nan%                0         -nan%
                                                  -nan         -nan              -nan         -nan

HIT_TRAIN_STREAM                                  1445       59.859%            10891       61.004%
MISS_TRAIN_STREAM                                  969       40.141%             6962       38.996%
                                                  2414      100.000%            17853      100.000%
                                                  0.40         0.46              0.39         0.45

STREAM_TRAIN_CREATE                                463                           3597              

MEM_REQ_MISS_HWP_PREF_Q                              0         -nan%                0         -nan%
MEM_REQ_MISS_SW_PREF_Q                               0         -nan%                0         -nan%
MEM_REQ_MISS_IFETCH_Q                                0         -nan%                0         -nan%
MEM_REQ_MISS_DFETCH_Q                                0         -nan%                0         -nan%
MEM_REQ_MISS_DSTORE_Q                                0         -nan%                0         -nan%
MEM_REQ_MISS_DPRF_Q                                  0         -nan%                0         -nan%
MEM_REQ_MISS_WB_Q                                    0         -nan%                0         -nan%
                                                     0         -nan%                0         -nan%
                                                  -nan         -nan              -nan         -nan

PREF_HIT_BY_DEMAND_IFETCH                            0         -nan%                0         -nan%
PREF_HIT_BY_DEMAND_DFETCH                            0         -nan%                0         -nan%
PREF_HIT_BY_DEMAND_DSTORE                            0         -nan%                0         -nan%
PREF_HIT_BY_DEMAND_IPREF                             0         -nan%                0         -nan%
PREF_HIT_BY_DEMAND_DPRF                              0         -nan%                0         -nan%
PREF_HIT_BY_DEMAND_WB                                0         -nan%                0         -nan%
PREF_HIT_BY_PREF                                     0         -nan%                0         -nan%
                                                     0         -nan%                0         -nan%
                                                  -nan         -nan              -nan         -nan

PREF_HIT_DEMAND_IFETCH                               0         -nan%                0         -nan%
PREF_HIT_DEMAND_DFETCH                               0         -nan%                0         -nan%
PREF_HIT_DEMAND_DSTORE                               0         -nan%                0         -nan%
PREF_HIT_DEMAND_IPREF                                0         -nan%                0         -nan%
PREF_HIT_DEMAND_DPRF                                 0         -nan%                0         -nan%
PREF_HIT_DEMAND_WB                                   0         -nan%                0         -nan%
                                                     0         -nan%                0         -nan%
                                                  -nan         -nan              -nan         -nan

PREF_L1_FILL                                         0         -nan%                0         -nan%
DEMAND_L1_FILL                                       0         -nan%                0         -nan%
                                                     0         -nan%                0         -nan%
                                                  -nan         -nan              -nan         -nan

TOUCH_L1_REPLACE                                     0        0.000%                0        0.000%
NO_TOUCH_L1_REPLACE                                329      100.000%              415      100.000%
                                                   329      100.000%              415      100.000%
                                                  1.00         1.00              1.00         1.00

PREF_REQ_QUE_FULL                                    0                              0              

STREAM_REQ_QUEUE_HIT_BY_DEMAND                       0                              0              

L2HIT_STREAM_PREF_REQ_QUE_FULL                       0                              0              

L2HIT_HIT_TRAIN_STREAM                               0         -nan%                0         -nan%
L2HIT_MISS_TRAIN_STREAM                              0         -nan%                0         -nan%
                                                     0         -nan%                0         -nan%
                                                  -nan         -nan              -nan         -nan

L2HIT_STREAM_TRAIN_CREATE                            0                              0              

L2HIT_STREAM_BUFFER_REQ                              0                              0              

L2HIT_STREAM_PREF_DCACHE_HIT                         0         -nan%                0         -nan%
L2HIT_STREAM_PREF_DCACHE_INSERT                      0         -nan%                0         -nan%
L2HIT_STREAM_L2_MISS                                 0         -nan%                0         -nan%
                                                     0         -nan%                0         -nan%
                                                  -nan         -nan              -nan         -nan

L2HIT_STREAM_DCACHE_PORT_FULL                        0                              0              

L2HIT_STREAM_PREF_L1_PORT_FULL                       0                              0              

L2HIT_TRAIN_HIT_DEMAND                               0         -nan%                0         -nan%
L2HIT_TRAIN_MISS_REQ                                 0         -nan%                0         -nan%
                                                     0         -nan%                0         -nan%
                                                  -nan         -nan              -nan         -nan

L2HIT_TRAIN_FILTER_MISS                              0         -nan%                0         -nan%
L2HIT_TRAIN_FILTER_HIT                               0         -nan%                0         -nan%
                                                     0         -nan%                0         -nan%
                                                  -nan         -nan              -nan         -nan

L2HIT_PREF_REQ_DCACHE_HIT                            0         -nan%                0         -nan%
L2HIT_PREF_REQ_DCACHE_MISS                           0         -nan%                0         -nan%
                                                     0         -nan%                0         -nan%
                                                  -nan         -nan              -nan         -nan

L2HIT_L2SEND_Q_FULL                                  0         -nan%                0         -nan%
L2HIT_L2SEND_Q_ENTER                                 0         -nan%                0         -nan%
                                                     0         -nan%                0         -nan%
                                                  -nan         -nan              -nan         -nan

L2HIT_MEM_REQ                                        0                              0              

REMOVE_REDUNDANT_STREAM_STAT                         0                              0              

REPLACE_OLD_STREAM                                 463                           3581              

REQ_SEND_QUEUE_STALL                                 0                              0              

STREAM_ENTER_RA                                      0                              0              

CORE_STREAM_LENGTH_0                                11       19.643%               65       18.732%
CORE_STREAM_LENGTH_10                               21       37.500%               90       25.937%
CORE_STREAM_LENGTH_20                                6       10.714%               44       12.680%
CORE_STREAM_LENGTH_30                                1        1.786%               13        3.746%
CORE_STREAM_LENGTH_40                                1        1.786%               17        4.899%
CORE_STREAM_LENGTH_50                                4        7.143%               12        3.458%
CORE_STREAM_LENGTH_60                                4        7.143%               15        4.323%
CORE_STREAM_LENGTH_70                                1        1.786%               29        8.357%
CORE_STREAM_LENGTH_80                                0        0.000%               15        4.323%
CORE_STREAM_LENGTH_90                                0        0.000%                3        0.865%
CORE_STREAM_LENGTH_100_P                             7       12.500%               44       12.680%
                                                    56      100.000%              347      100.000%
                                                  2.88         3.21              3.53         3.37

CORE_CUM_STREAM_LENGTH_0                            84        2.518%              484        2.746%
CORE_CUM_STREAM_LENGTH_10                          285        8.543%             1226        6.955%
CORE_CUM_STREAM_LENGTH_20                          139        4.167%             1021        5.792%
CORE_CUM_STREAM_LENGTH_30                           31        0.929%              418        2.371%
CORE_CUM_STREAM_LENGTH_40                           43        1.289%              767        4.351%
CORE_CUM_STREAM_LENGTH_50                          213        6.385%              645        3.659%
CORE_CUM_STREAM_LENGTH_60                          259        7.764%              991        5.622%
CORE_CUM_STREAM_LENGTH_70                           75        2.248%             2244       12.730%
CORE_CUM_STREAM_LENGTH_80                            0        0.000%             1208        6.853%
CORE_CUM_STREAM_LENGTH_90                            0        0.000%              281        1.594%
CORE_CUM_STREAM_LENGTH_100_P                      2207       66.157%             8343       47.328%
                                                  3336      100.000%            17628      100.000%
                                                  7.81         7.07              7.27         5.84

CORE_STREAM_TRAIN_HITS_0                            36       64.286%              170       48.991%
CORE_STREAM_TRAIN_HITS_10                            3        5.357%               42       12.104%
CORE_STREAM_TRAIN_HITS_20                            4        7.143%               15        4.323%
CORE_STREAM_TRAIN_HITS_30                            3        5.357%               19        5.476%
CORE_STREAM_TRAIN_HITS_40                            3        5.357%               17        4.899%
CORE_STREAM_TRAIN_HITS_50                            0        0.000%               31        8.934%
CORE_STREAM_TRAIN_HITS_60                            0        0.000%               10        2.882%
CORE_STREAM_TRAIN_HITS_70                            0        0.000%                6        1.729%
CORE_STREAM_TRAIN_HITS_80                            0        0.000%                1        0.288%
CORE_STREAM_TRAIN_HITS_90                            0        0.000%               14        4.035%
CORE_STREAM_TRAIN_HITS_100_P                         7       12.500%               22        6.340%
                                                    56      100.000%              347      100.000%
                                                  1.82         3.05              2.33         2.79

CORE_CUM_STREAM_TRAIN_HITS_0                       216        8.241%             1023        8.331%
CORE_CUM_STREAM_TRAIN_HITS_10                       45        1.717%              542        4.414%
CORE_CUM_STREAM_TRAIN_HITS_20                      107        4.082%              380        3.095%
CORE_CUM_STREAM_TRAIN_HITS_30                      101        3.853%              630        5.131%
CORE_CUM_STREAM_TRAIN_HITS_40                      132        5.036%              771        6.279%
CORE_CUM_STREAM_TRAIN_HITS_50                        0        0.000%             1647       13.413%
CORE_CUM_STREAM_TRAIN_HITS_60                        0        0.000%              613        4.992%
CORE_CUM_STREAM_TRAIN_HITS_70                        0        0.000%              434        3.534%
CORE_CUM_STREAM_TRAIN_HITS_80                        0        0.000%               88        0.717%
CORE_CUM_STREAM_TRAIN_HITS_90                        0        0.000%             1329       10.823%
CORE_CUM_STREAM_TRAIN_HITS_100_P                  2020       77.070%             4822       39.270%
                                                  2621      100.000%            12279      100.000%
                                                  8.12         7.61              6.69         5.11

CORE_STREAM_TRAIN_CREATE                           463                           3597              



