/* -*- Mode: c -*- */
####################################################################################################
Core 0
####################################################################################################
Cumulative:        Cycles: 9291421               Instructions: 20000000              IPC: 2.15252

Periodic:          Cycles: 4734973               Instructions: 9999996               IPC: 2.11194

ST_OP_INV                                            0        0.000%                0        0.000%
ST_OP_NOP                                        56470        0.497%           120927        0.534%
ST_OP_CF                                       1452898       12.796%          2891081       12.777%
ST_OP_MOV                                      1250852       11.016%          2480788       10.964%
ST_OP_CMOV                                       95195        0.838%           167771        0.741%
ST_OP_LDA                                       167400        1.474%           322543        1.425%
ST_OP_IMEM                                     5208400       45.871%         10466713       46.258%
ST_OP_IADD                                      513543        4.523%          1006134        4.447%
ST_OP_IMUL                                          13        0.000%               13        0.000%
ST_OP_IDIV                                           0        0.000%                0        0.000%
ST_OP_ICMP                                     1456952       12.832%          2900260       12.818%
ST_OP_LOGIC                                     840969        7.407%          1658288        7.329%
ST_OP_SHIFT                                     309693        2.728%           608516        2.689%
ST_OP_FMEM                                          94        0.001%              238        0.001%
ST_OP_FCVT                                           0        0.000%                0        0.000%
ST_OP_FADD                                           0        0.000%                0        0.000%
ST_OP_FMUL                                           0        0.000%                0        0.000%
ST_OP_FMA                                            0        0.000%                0        0.000%
ST_OP_FDIV                                           0        0.000%                0        0.000%
ST_OP_FCMP                                           0        0.000%                0        0.000%
ST_OP_FCMOV                                          0        0.000%                0        0.000%
ST_OP_GATHER                                         0        0.000%                0        0.000%
ST_OP_SCATTER                                        0        0.000%                0        0.000%
ST_OP_PIPELINED_FAST                                 0        0.000%                0        0.000%
ST_OP_PIPELINED_MEDIUM                               0        0.000%                0        0.000%
ST_OP_PIPELINED_SLOW                                 0        0.000%                0        0.000%
ST_OP_NOTPIPELINED_MEDIUM                         1931        0.017%             3687        0.016%
ST_OP_NOTPIPELINED_SLOW                              0        0.000%                0        0.000%
ST_OP_NOTPIPELINED_VERY_SLOW                         0        0.000%                0        0.000%
                                              11354410      100.000%         22626959      100.000%
                                                  6.20         2.86              6.19         2.85

ST_NOT_CF                                      9901512       87.204%         19735878       87.223%
ST_CF_BR                                         98346        0.866%           188690        0.834%
ST_CF_CBR                                      1334552       11.754%          2663607       11.772%
ST_CF_CALL                                       10185        0.090%            19829        0.088%
ST_CF_IBR                                          156        0.001%              273        0.001%
ST_CF_ICALL                                          0        0.000%                0        0.000%
ST_CF_ICO                                            0        0.000%                0        0.000%
ST_CF_RET                                         9659        0.085%            18682        0.083%
ST_CF_SYS                                            0        0.000%                0        0.000%
                                              11354410      100.000%         22626959      100.000%
                                                  0.25         0.64              0.25         0.64

ST_BAR_NONE                                   11354410      100.000%         22626959      100.000%
ST_BAR_FETCH                                         0        0.000%                0        0.000%
ST_BAR_ISSUE                                         0        0.000%                0        0.000%
ST_BAR_BOTH                                          0        0.000%                0        0.000%
                                              11354410      100.000%         22626959      100.000%
                                                  0.00         0.00              0.00         0.00

ST_NOT_MEM                                     6145916       54.128%         12160008       53.741%
ST_MEM_LD                                      4387988       38.646%          8814864       38.957%
ST_MEM_ST                                       820506        7.226%          1652087        7.301%
ST_MEM_PF                                            0        0.000%                0        0.000%
ST_MEM_WH                                            0        0.000%                0        0.000%
ST_MEM_EVICT                                         0        0.000%                0        0.000%
                                              11354410      100.000%         22626959      100.000%
                                                  0.53         0.49              0.54         0.49

ST_NOT_MEM_OFFPATH                             2047699       70.086%          3911400       69.889%
ST_MEM_LD_OFFPATH                               661653       22.646%          1273844       22.761%
ST_MEM_ST_OFFPATH                               212333        7.267%           411350        7.350%
ST_MEM_PF_OFFPATH                                    0        0.000%                0        0.000%
ST_MEM_WH_OFFPATH                                    0        0.000%                0        0.000%
ST_MEM_EVIC_OFFPATHT                                 0        0.000%                0        0.000%
                                               2921685      100.000%          5596594      100.000%
                                                  0.37         0.53              0.37         0.53

ST_OP_ONPATH                                  11354410                       22626959              

ST_OP_OFFPATH                                  2921685                        5596594              

ST_FAKE_OP_OFFPATH                                7458        0.255%            23766        0.425%
ST_NOT_FAKE_OP_OFFPATH                         2914227       99.745%          5572828       99.575%
                                               2921685      100.000%          5596594      100.000%
                                                  1.00         1.00              1.00         0.99

ST_FAKE_REASON_NOT_FAKE                        2914227       99.745%          5572828       99.575%
ST_FAKE_REASON_REDIRECT_TO_NOT_INSTRUMENTED          7458        0.255%            23766        0.425%
ST_FAKE_REASON_RETURN_TO_NOT_INSTRUMENTED             0        0.000%                0        0.000%
ST_FAKE_REASON_NONRET_CF_TO_NOT_INSTRUMENTED             0        0.000%                0        0.000%
ST_FAKE_REASON_NOT_TAKEN_TO_NOT_INSTRUMENTED             0        0.000%                0        0.000%
ST_FAKE_REASON_WRONG_PATH_STORE_TO_NEW_REGION             0        0.000%                0        0.000%
                                               2921685      100.000%          5596594      100.000%
                                                  0.00         0.05              0.00         0.06

ST_INST_ONPATH                                10862438                       21640178              

ST_INST_OFFPATH                                2637483                        5042753              

STATIC_PIN_NOP                                       0                              0              

DYNAMIC_PIN_REP_GREATER_256                          0                              0              

INST_MAP_UPDATE_JITTED                           97347        4.730%           189606        4.607%
INST_MAP_UPDATE_NPC_INV                              0        0.000%                0        0.000%
INST_MAP_UPDATE_NPC_NOP                              0        0.000%                0        0.000%
INST_MAP_UPDATE_NPC_CF                               0        0.000%                0        0.000%
INST_MAP_UPDATE_NPC_MOV                              0        0.000%                0        0.000%
INST_MAP_UPDATE_NPC_CMOV                             0        0.000%                0        0.000%
INST_MAP_UPDATE_NPC_LDA                              0        0.000%                0        0.000%
INST_MAP_UPDATE_NPC_IMEM                             0        0.000%                0        0.000%
INST_MAP_UPDATE_NPC_IADD                          2074        0.101%             4194        0.102%
INST_MAP_UPDATE_NPC_IMUL                             0        0.000%                0        0.000%
INST_MAP_UPDATE_NPC_IDIV                             0        0.000%                0        0.000%
INST_MAP_UPDATE_NPC_ICMP                             0        0.000%                0        0.000%
INST_MAP_UPDATE_NPC_LOGIC                            0        0.000%                0        0.000%
INST_MAP_UPDATE_NPC_SHIFT                            0        0.000%                0        0.000%
INST_MAP_UPDATE_NPC_FMEM                             0        0.000%                0        0.000%
INST_MAP_UPDATE_NPC_FCVT                             0        0.000%                0        0.000%
INST_MAP_UPDATE_NPC_FADD                             0        0.000%                0        0.000%
INST_MAP_UPDATE_NPC_FMUL                             0        0.000%                0        0.000%
INST_MAP_UPDATE_NPC_FMA                              0        0.000%                0        0.000%
INST_MAP_UPDATE_NPC_FDIV                             0        0.000%                0        0.000%
INST_MAP_UPDATE_NPC_FCMP                             0        0.000%                0        0.000%
INST_MAP_UPDATE_NPC_FCMOV                            0        0.000%                0        0.000%
INST_MAP_UPDATE_NPC_GATHER                           0        0.000%                0        0.000%
INST_MAP_UPDATE_NPC_SCATTER                          0        0.000%                0        0.000%
INST_MAP_UPDATE_NPC_PIPELINED_FAST                   0        0.000%                0        0.000%
INST_MAP_UPDATE_NPC_PIPELINED_MEDIUM                 0        0.000%                0        0.000%
INST_MAP_UPDATE_NPC_PIPELINED_SLOW                   0        0.000%                0        0.000%
INST_MAP_UPDATE_NPC_NOTPIPELINED_MEDIUM              0        0.000%                0        0.000%
INST_MAP_UPDATE_NPC_NOTPIPELINED_SLOW                0        0.000%                0        0.000%
INST_MAP_UPDATE_NPC_NOTPIPELINED_VERY_SLOW             0        0.000%                0        0.000%
INST_MAP_UPDATE_MEM_INV                              0        0.000%                0        0.000%
INST_MAP_UPDATE_MEM_NOP                              0        0.000%                0        0.000%
INST_MAP_UPDATE_MEM_CF                               0        0.000%                0        0.000%
INST_MAP_UPDATE_MEM_MOV                        1682664       81.755%          3362698       81.713%
INST_MAP_UPDATE_MEM_CMOV                             0        0.000%                0        0.000%
INST_MAP_UPDATE_MEM_LDA                              0        0.000%                0        0.000%
INST_MAP_UPDATE_MEM_IMEM                             0        0.000%                0        0.000%
INST_MAP_UPDATE_MEM_IADD                          2256        0.110%             4376        0.106%
INST_MAP_UPDATE_MEM_IMUL                             0        0.000%                0        0.000%
INST_MAP_UPDATE_MEM_IDIV                             0        0.000%                0        0.000%
INST_MAP_UPDATE_MEM_ICMP                        273831       13.304%           554368       13.471%
INST_MAP_UPDATE_MEM_LOGIC                           13        0.001%               14        0.000%
INST_MAP_UPDATE_MEM_SHIFT                            0        0.000%                0        0.000%
INST_MAP_UPDATE_MEM_FMEM                             0        0.000%                0        0.000%
INST_MAP_UPDATE_MEM_FCVT                             0        0.000%                0        0.000%
INST_MAP_UPDATE_MEM_FADD                             0        0.000%                0        0.000%
INST_MAP_UPDATE_MEM_FMUL                             0        0.000%                0        0.000%
INST_MAP_UPDATE_MEM_FMA                              0        0.000%                0        0.000%
INST_MAP_UPDATE_MEM_FDIV                             0        0.000%                0        0.000%
INST_MAP_UPDATE_MEM_FCMP                             0        0.000%                0        0.000%
INST_MAP_UPDATE_MEM_FCMOV                            0        0.000%                0        0.000%
INST_MAP_UPDATE_MEM_GATHER                           0        0.000%                0        0.000%
INST_MAP_UPDATE_MEM_SCATTER                          0        0.000%                0        0.000%
INST_MAP_UPDATE_MEM_PIPELINED_FAST                   3        0.000%                5        0.000%
INST_MAP_UPDATE_MEM_PIPELINED_MEDIUM                 0        0.000%                0        0.000%
INST_MAP_UPDATE_MEM_PIPELINED_SLOW                   0        0.000%                0        0.000%
INST_MAP_UPDATE_MEM_NOTPIPELINED_MEDIUM              0        0.000%                0        0.000%
INST_MAP_UPDATE_MEM_NOTPIPELINED_SLOW                0        0.000%                0        0.000%
INST_MAP_UPDATE_MEM_NOTPIPELINED_VERY_SLOW             0        0.000%                0        0.000%
                                               2058188      100.000%          4115261      100.000%
                                                 32.35         2.96             32.40         2.95



