Scarab gitrev: 3067351
Scarab started at Thu Jan  2 21:56:50 2025

Initialized Ramulator. 
** Heartbeat:   5% -- { 1000000 } -- 0.00 KIPS (13.16 KIPS)
** Heartbeat:  10% -- { 2000001 } -- 13.89 KIPS (13.51 KIPS)
** Heartbeat:  15% -- { 3000003 } -- 14.08 KIPS (13.70 KIPS)
** Heartbeat:  20% -- { 4000007 } -- 15.15 KIPS (14.04 KIPS)
** Heartbeat:  25% -- { 5000009 } -- 13.51 KIPS (13.93 KIPS)
** Heartbeat:  30% -- { 6000013 } -- 14.29 KIPS (13.99 KIPS)
** Heartbeat:  35% -- { 7000015 } -- 14.29 KIPS (14.03 KIPS)
** Heartbeat:  40% -- { 8000019 } -- 12.82 KIPS (13.86 KIPS)
** Heartbeat:  45% -- { 9000022 } -- 15.15 KIPS (14.00 KIPS)
** Heartbeat:  50% -- { 10000026 } -- 14.93 KIPS (14.08 KIPS)
** Heartbeat:  55% -- { 11000026 } -- 15.38 KIPS (14.19 KIPS)
** Heartbeat:  60% -- { 12000026 } -- 13.51 KIPS (14.13 KIPS)
** Heartbeat:  65% -- { 13000030 } -- 14.49 KIPS (14.16 KIPS)
** Heartbeat:  70% -- { 14000032 } -- 14.29 KIPS (14.17 KIPS)
** Heartbeat:  75% -- { 15000034 } -- 14.93 KIPS (14.22 KIPS)
** Heartbeat:  80% -- { 16000036 } -- 15.87 KIPS (14.31 KIPS)
** Heartbeat:  85% -- { 17000036 } -- 16.67 KIPS (14.43 KIPS)
** Heartbeat:  90% -- { 18000038 } -- 20.83 KIPS (14.68 KIPS)
** Heartbeat:  95% -- { 19000043 } -- 21.28 KIPS (14.93 KIPS)
Warning could not fetch inst from frontend
Warning could not fetch inst from frontend
Warning could not fetch inst from frontend
Warning could not fetch inst from frontend
Warning could not fetch inst from frontend
Warning could not fetch inst from frontend
Warning could not fetch inst from frontend
Warning could not fetch inst from frontend
Warning could not fetch inst from frontend
Warning could not fetch inst from frontend
Warning could not fetch inst from frontend
Warning could not fetch inst from frontend
Warning could not fetch inst from frontend
Warning could not fetch inst from frontend
Warning could not fetch inst from frontend
Warning could not fetch inst from frontend
Warning could not fetch inst from frontend
Warning could not fetch inst from frontend
Warning could not fetch inst from frontend
Warning could not fetch inst from frontend
Warning could not fetch inst from frontend
Warning could not fetch inst from frontend
Warning could not fetch inst from frontend
Warning could not fetch inst from frontend
Warning could not fetch inst from frontend
Warning could not fetch inst from frontend
Warning could not fetch inst from frontend
Warning could not fetch inst from frontend
Warning could not fetch inst from frontend
Warning could not fetch inst from frontend
Warning could not fetch inst from frontend
Warning could not fetch inst from frontend
Warning could not fetch inst from frontend
Warning could not fetch inst from frontend
Warning could not fetch inst from frontend
Warning could not fetch inst from frontend
Warning could not fetch inst from frontend
Warning could not fetch inst from frontend
Warning could not fetch inst from frontend
Warning could not fetch inst from frontend
Warning could not fetch inst from frontend
Warning could not fetch inst from frontend
Warning could not fetch inst from frontend
Warning could not fetch inst from frontend
Warning could not fetch inst from frontend
Warning could not fetch inst from frontend
Warning could not fetch inst from frontend
Warning could not fetch inst from frontend
Warning could not fetch inst from frontend
Warning could not fetch inst from frontend
Warning could not fetch inst from frontend
Warning could not fetch inst from frontend
Warning could not fetch inst from frontend
Warning could not fetch inst from frontend
Warning could not fetch inst from frontend
Warning could not fetch inst from frontend
Warning could not fetch inst from frontend
Warning could not fetch inst from frontend
Warning could not fetch inst from frontend
Warning could not fetch inst from frontend
Warning could not fetch inst from frontend
Warning could not fetch inst from frontend
Warning could not fetch inst from frontend
Warning could not fetch inst from frontend
Warning could not fetch inst from frontend
Warning could not fetch inst from frontend
Warning could not fetch inst from frontend
Warning could not fetch inst from frontend
Warning could not fetch inst from frontend
Warning could not fetch inst from frontend
Warning could not fetch inst from frontend
Warning could not fetch inst from frontend
Warning could not fetch inst from frontend
Warning could not fetch inst from frontend
Warning could not fetch inst from frontend
Warning could not fetch inst from frontend
Warning could not fetch inst from frontend
Warning could not fetch inst from frontend
Warning could not fetch inst from frontend
Warning could not fetch inst from frontend
Warning could not fetch inst from frontend
Warning could not fetch inst from frontend
Warning could not fetch inst from frontend
Warning could not fetch inst from frontend
Warning could not fetch inst from frontend
Warning could not fetch inst from frontend
Warning could not fetch inst from frontend
Warning could not fetch inst from frontend
Warning could not fetch inst from frontend
Warning could not fetch inst from frontend
Warning could not fetch inst from frontend
Warning could not fetch inst from frontend
Warning could not fetch inst from frontend
Warning could not fetch inst from frontend
Warning could not fetch inst from frontend
Warning could not fetch inst from frontend
Warning could not fetch inst from frontend
Warning could not fetch inst from frontend
Warning could not fetch inst from frontend
Warning could not fetch inst from frontend
Warning could not fetch inst from frontend
Warning could not fetch inst from frontend
Warning could not fetch inst from frontend
Warning could not fetch inst from frontend
Warning could not fetch inst from frontend
Warning could not fetch inst from frontend
Warning could not fetch inst from frontend
Warning could not fetch inst from frontend
Warning could not fetch inst from frontend
Warning could not fetch inst from frontend
Warning could not fetch inst from frontend
Warning could not fetch inst from frontend
IP accesses: a384 28e100 1683288 / 7410120
IP misses: aaa4 2aa900 2 / 144
IP hits: 0 0 0 / 0
IP late: 0 0 0 / 0
IP wrong: 0 0 0 / 0
miss rate: 1.94329e-05
coverage: 0
coverage_late: 0
accuracy: -nan
accuracy_late: -nan
discarded: 0
evicts entangled j table: 0
evicts entangled k table: 0
max bb size: 25
formats: 0 3 6 0 1 5 0 
hist_lookups: 12 3 2 1 0 0 0 0 0 0 0 0 0 0 0 0 0 9 
hist_lookups_evict: 0 %
hist_lookups_shortlat: 33.3333 %
bb_found_hist: 0 237042 247192 160755 182724 456866 4097 67102 7 0 34096 7284 0 72558 0 0 0 0 238890 0 45427 1 0 227211 1 82632 0 0 0 0 0 0 0 0 0 0 0 0 0 0 0 0 0 0 0 0 0 0 0 0 0 0 0 0 0 0 0 0 0 0 0 0 0 0 
bb_found_summary: 18587865 2063885 9.00625
entangled_found_hist: 0 658717 102280 0 0 0 0 0 
entangled_found_summary: 863277 760997 1.1344
bb_ent_found_hist: 0 66753 0 38824 119158 36092 0 65972 8 0 35680 9329 0 43591 0 0 0 0 243699 0 16666 0 0 0 0 151196 0 0 0 0 0 0 0 0 0 0 0 0 0 0 0 0 0 0 0 0 0 0 0 0 0 0 0 0 0 0 0 0 0 0 0 0 0 0 
bb_ent_found_summary: 10828089 826968 13.0937
** Core 0 Finished:    insts:20000000    cycles:7349494     time:2296716875000       -- 2.72 IPC (2.72 IPC) --  N/A  KIPS (15.15 KIPS)
Scarab finished at Thu Jan  2 22:18:50 2025

