               ramulator.active_cycles_0             1253123                                      # Total active cycles for level _0
                 ramulator.busy_cycles_0             1253123                                      # (All-bank refresh only. busy cycles only include refresh time in rank level) The sum of cycles that the DRAM part is active or under refresh for level _0
            ramulator.serving_requests_0             2515114                                      # The sum of read and write requests that are served in this DRAM element per memory cycle for level _0
    ramulator.average_serving_requests_0            0.635709                                      # The average of read and write requests that are served in this DRAM element per memory cycle for level _0
             ramulator.active_cycles_0_0             1253123                                      # Total active cycles for level _0_0
               ramulator.busy_cycles_0_0             1391303                                      # (All-bank refresh only. busy cycles only include refresh time in rank level) The sum of cycles that the DRAM part is active or under refresh for level _0_0
          ramulator.serving_requests_0_0             2515114                                      # The sum of read and write requests that are served in this DRAM element per memory cycle for level _0_0
  ramulator.average_serving_requests_0_0            0.635709                                      # The average of read and write requests that are served in this DRAM element per memory cycle for level _0_0
           ramulator.active_cycles_0_0_0              521005                                      # Total active cycles for level _0_0_0
             ramulator.busy_cycles_0_0_0              521005                                      # (All-bank refresh only. busy cycles only include refresh time in rank level) The sum of cycles that the DRAM part is active or under refresh for level _0_0_0
        ramulator.serving_requests_0_0_0              710272                                      # The sum of read and write requests that are served in this DRAM element per memory cycle for level _0_0_0
ramulator.average_serving_requests_0_0_0            0.179525                                      # The average of read and write requests that are served in this DRAM element per memory cycle for level _0_0_0
         ramulator.active_cycles_0_0_0_0              156547                                      # Total active cycles for level _0_0_0_0
           ramulator.busy_cycles_0_0_0_0              156547                                      # (All-bank refresh only. busy cycles only include refresh time in rank level) The sum of cycles that the DRAM part is active or under refresh for level _0_0_0_0
      ramulator.serving_requests_0_0_0_0              194610                                      # The sum of read and write requests that are served in this DRAM element per memory cycle for level _0_0_0_0
ramulator.average_serving_requests_0_0_0_0            0.049189                                      # The average of read and write requests that are served in this DRAM element per memory cycle for level _0_0_0_0
         ramulator.active_cycles_0_0_0_1               44066                                      # Total active cycles for level _0_0_0_1
           ramulator.busy_cycles_0_0_0_1               44066                                      # (All-bank refresh only. busy cycles only include refresh time in rank level) The sum of cycles that the DRAM part is active or under refresh for level _0_0_0_1
      ramulator.serving_requests_0_0_0_1               75202                                      # The sum of read and write requests that are served in this DRAM element per memory cycle for level _0_0_0_1
ramulator.average_serving_requests_0_0_0_1            0.019008                                      # The average of read and write requests that are served in this DRAM element per memory cycle for level _0_0_0_1
         ramulator.active_cycles_0_0_0_2              241620                                      # Total active cycles for level _0_0_0_2
           ramulator.busy_cycles_0_0_0_2              241620                                      # (All-bank refresh only. busy cycles only include refresh time in rank level) The sum of cycles that the DRAM part is active or under refresh for level _0_0_0_2
      ramulator.serving_requests_0_0_0_2              281442                                      # The sum of read and write requests that are served in this DRAM element per memory cycle for level _0_0_0_2
ramulator.average_serving_requests_0_0_0_2            0.071136                                      # The average of read and write requests that are served in this DRAM element per memory cycle for level _0_0_0_2
         ramulator.active_cycles_0_0_0_3              117762                                      # Total active cycles for level _0_0_0_3
           ramulator.busy_cycles_0_0_0_3              117762                                      # (All-bank refresh only. busy cycles only include refresh time in rank level) The sum of cycles that the DRAM part is active or under refresh for level _0_0_0_3
      ramulator.serving_requests_0_0_0_3              159018                                      # The sum of read and write requests that are served in this DRAM element per memory cycle for level _0_0_0_3
ramulator.average_serving_requests_0_0_0_3            0.040193                                      # The average of read and write requests that are served in this DRAM element per memory cycle for level _0_0_0_3
           ramulator.active_cycles_0_0_1              530033                                      # Total active cycles for level _0_0_1
             ramulator.busy_cycles_0_0_1              530033                                      # (All-bank refresh only. busy cycles only include refresh time in rank level) The sum of cycles that the DRAM part is active or under refresh for level _0_0_1
        ramulator.serving_requests_0_0_1              734916                                      # The sum of read and write requests that are served in this DRAM element per memory cycle for level _0_0_1
ramulator.average_serving_requests_0_0_1            0.185754                                      # The average of read and write requests that are served in this DRAM element per memory cycle for level _0_0_1
         ramulator.active_cycles_0_0_1_0               96972                                      # Total active cycles for level _0_0_1_0
           ramulator.busy_cycles_0_0_1_0               96972                                      # (All-bank refresh only. busy cycles only include refresh time in rank level) The sum of cycles that the DRAM part is active or under refresh for level _0_0_1_0
      ramulator.serving_requests_0_0_1_0              146212                                      # The sum of read and write requests that are served in this DRAM element per memory cycle for level _0_0_1_0
ramulator.average_serving_requests_0_0_1_0            0.036956                                      # The average of read and write requests that are served in this DRAM element per memory cycle for level _0_0_1_0
         ramulator.active_cycles_0_0_1_1              127637                                      # Total active cycles for level _0_0_1_1
           ramulator.busy_cycles_0_0_1_1              127637                                      # (All-bank refresh only. busy cycles only include refresh time in rank level) The sum of cycles that the DRAM part is active or under refresh for level _0_0_1_1
      ramulator.serving_requests_0_0_1_1              161411                                      # The sum of read and write requests that are served in this DRAM element per memory cycle for level _0_0_1_1
ramulator.average_serving_requests_0_0_1_1            0.040797                                      # The average of read and write requests that are served in this DRAM element per memory cycle for level _0_0_1_1
         ramulator.active_cycles_0_0_1_2              183456                                      # Total active cycles for level _0_0_1_2
           ramulator.busy_cycles_0_0_1_2              183456                                      # (All-bank refresh only. busy cycles only include refresh time in rank level) The sum of cycles that the DRAM part is active or under refresh for level _0_0_1_2
      ramulator.serving_requests_0_0_1_2              215716                                      # The sum of read and write requests that are served in this DRAM element per memory cycle for level _0_0_1_2
ramulator.average_serving_requests_0_0_1_2            0.054523                                      # The average of read and write requests that are served in this DRAM element per memory cycle for level _0_0_1_2
         ramulator.active_cycles_0_0_1_3              166394                                      # Total active cycles for level _0_0_1_3
           ramulator.busy_cycles_0_0_1_3              166394                                      # (All-bank refresh only. busy cycles only include refresh time in rank level) The sum of cycles that the DRAM part is active or under refresh for level _0_0_1_3
      ramulator.serving_requests_0_0_1_3              211577                                      # The sum of read and write requests that are served in this DRAM element per memory cycle for level _0_0_1_3
ramulator.average_serving_requests_0_0_1_3            0.053477                                      # The average of read and write requests that are served in this DRAM element per memory cycle for level _0_0_1_3
           ramulator.active_cycles_0_0_2              377713                                      # Total active cycles for level _0_0_2
             ramulator.busy_cycles_0_0_2              377713                                      # (All-bank refresh only. busy cycles only include refresh time in rank level) The sum of cycles that the DRAM part is active or under refresh for level _0_0_2
        ramulator.serving_requests_0_0_2              578213                                      # The sum of read and write requests that are served in this DRAM element per memory cycle for level _0_0_2
ramulator.average_serving_requests_0_0_2            0.146146                                      # The average of read and write requests that are served in this DRAM element per memory cycle for level _0_0_2
         ramulator.active_cycles_0_0_2_0              106427                                      # Total active cycles for level _0_0_2_0
           ramulator.busy_cycles_0_0_2_0              106427                                      # (All-bank refresh only. busy cycles only include refresh time in rank level) The sum of cycles that the DRAM part is active or under refresh for level _0_0_2_0
      ramulator.serving_requests_0_0_2_0              147081                                      # The sum of read and write requests that are served in this DRAM element per memory cycle for level _0_0_2_0
ramulator.average_serving_requests_0_0_2_0            0.037176                                      # The average of read and write requests that are served in this DRAM element per memory cycle for level _0_0_2_0
         ramulator.active_cycles_0_0_2_1              106446                                      # Total active cycles for level _0_0_2_1
           ramulator.busy_cycles_0_0_2_1              106446                                      # (All-bank refresh only. busy cycles only include refresh time in rank level) The sum of cycles that the DRAM part is active or under refresh for level _0_0_2_1
      ramulator.serving_requests_0_0_2_1              153205                                      # The sum of read and write requests that are served in this DRAM element per memory cycle for level _0_0_2_1
ramulator.average_serving_requests_0_0_2_1            0.038723                                      # The average of read and write requests that are served in this DRAM element per memory cycle for level _0_0_2_1
         ramulator.active_cycles_0_0_2_2               84472                                      # Total active cycles for level _0_0_2_2
           ramulator.busy_cycles_0_0_2_2               84472                                      # (All-bank refresh only. busy cycles only include refresh time in rank level) The sum of cycles that the DRAM part is active or under refresh for level _0_0_2_2
      ramulator.serving_requests_0_0_2_2              128730                                      # The sum of read and write requests that are served in this DRAM element per memory cycle for level _0_0_2_2
ramulator.average_serving_requests_0_0_2_2            0.032537                                      # The average of read and write requests that are served in this DRAM element per memory cycle for level _0_0_2_2
         ramulator.active_cycles_0_0_2_3              109720                                      # Total active cycles for level _0_0_2_3
           ramulator.busy_cycles_0_0_2_3              109720                                      # (All-bank refresh only. busy cycles only include refresh time in rank level) The sum of cycles that the DRAM part is active or under refresh for level _0_0_2_3
      ramulator.serving_requests_0_0_2_3              149197                                      # The sum of read and write requests that are served in this DRAM element per memory cycle for level _0_0_2_3
ramulator.average_serving_requests_0_0_2_3            0.037710                                      # The average of read and write requests that are served in this DRAM element per memory cycle for level _0_0_2_3
           ramulator.active_cycles_0_0_3              310099                                      # Total active cycles for level _0_0_3
             ramulator.busy_cycles_0_0_3              310099                                      # (All-bank refresh only. busy cycles only include refresh time in rank level) The sum of cycles that the DRAM part is active or under refresh for level _0_0_3
        ramulator.serving_requests_0_0_3              491713                                      # The sum of read and write requests that are served in this DRAM element per memory cycle for level _0_0_3
ramulator.average_serving_requests_0_0_3            0.124283                                      # The average of read and write requests that are served in this DRAM element per memory cycle for level _0_0_3
         ramulator.active_cycles_0_0_3_0              101896                                      # Total active cycles for level _0_0_3_0
           ramulator.busy_cycles_0_0_3_0              101896                                      # (All-bank refresh only. busy cycles only include refresh time in rank level) The sum of cycles that the DRAM part is active or under refresh for level _0_0_3_0
      ramulator.serving_requests_0_0_3_0              148747                                      # The sum of read and write requests that are served in this DRAM element per memory cycle for level _0_0_3_0
ramulator.average_serving_requests_0_0_3_0            0.037597                                      # The average of read and write requests that are served in this DRAM element per memory cycle for level _0_0_3_0
         ramulator.active_cycles_0_0_3_1              101750                                      # Total active cycles for level _0_0_3_1
           ramulator.busy_cycles_0_0_3_1              101750                                      # (All-bank refresh only. busy cycles only include refresh time in rank level) The sum of cycles that the DRAM part is active or under refresh for level _0_0_3_1
      ramulator.serving_requests_0_0_3_1              138946                                      # The sum of read and write requests that are served in this DRAM element per memory cycle for level _0_0_3_1
ramulator.average_serving_requests_0_0_3_1            0.035119                                      # The average of read and write requests that are served in this DRAM element per memory cycle for level _0_0_3_1
         ramulator.active_cycles_0_0_3_2               82685                                      # Total active cycles for level _0_0_3_2
           ramulator.busy_cycles_0_0_3_2               82685                                      # (All-bank refresh only. busy cycles only include refresh time in rank level) The sum of cycles that the DRAM part is active or under refresh for level _0_0_3_2
      ramulator.serving_requests_0_0_3_2              120421                                      # The sum of read and write requests that are served in this DRAM element per memory cycle for level _0_0_3_2
ramulator.average_serving_requests_0_0_3_2            0.030437                                      # The average of read and write requests that are served in this DRAM element per memory cycle for level _0_0_3_2
         ramulator.active_cycles_0_0_3_3               50403                                      # Total active cycles for level _0_0_3_3
           ramulator.busy_cycles_0_0_3_3               50403                                      # (All-bank refresh only. busy cycles only include refresh time in rank level) The sum of cycles that the DRAM part is active or under refresh for level _0_0_3_3
      ramulator.serving_requests_0_0_3_3               83599                                      # The sum of read and write requests that are served in this DRAM element per memory cycle for level _0_0_3_3
ramulator.average_serving_requests_0_0_3_3            0.021130                                      # The average of read and write requests that are served in this DRAM element per memory cycle for level _0_0_3_3
      ramulator.read_transaction_bytes_0             3937152                                      # The total byte of read transaction per channel
     ramulator.write_transaction_bytes_0              484032                                      # The total byte of write transaction per channel
       ramulator.row_hits_channel_0_core               58070                                      # Number of row hits per channel per core
     ramulator.row_misses_channel_0_core                3873                                      # Number of row misses per channel per core
  ramulator.row_conflicts_channel_0_core                7138                                      # Number of row conflicts per channel per core
  ramulator.read_row_hits_channel_0_core               54383                                      # Number of row hits for read requests per channel per core
                                     [0]             54383.0                                      # 
ramulator.read_row_misses_channel_0_core                2861                                      # Number of row misses for read requests per channel per core
                                     [0]              2861.0                                      # 
ramulator.read_row_conflicts_channel_0_core                4274                                      # Number of row conflicts for read requests per channel per core
                                     [0]              4274.0                                      # 
 ramulator.write_row_hits_channel_0_core                3687                                      # Number of row hits for write requests per channel per core
                                     [0]              3687.0                                      # 
ramulator.write_row_misses_channel_0_core                1012                                      # Number of row misses for write requests per channel per core
                                     [0]              1012.0                                      # 
ramulator.write_row_conflicts_channel_0_core                2864                                      # Number of row conflicts for write requests per channel per core
                                     [0]              2864.0                                      # 
      ramulator.useless_activates_0_core                  11                                      # Number of useless activations. E.g, ACT -> PRE w/o RD or WR
            ramulator.read_latency_avg_0          134.769008                                      # The average memory latency cycles (in memory time domain) per request for all read requests in this channel
            ramulator.read_latency_sum_0             8293550                                      # The memory latency cycles (in memory time domain) sum for all read requests in this channel
        ramulator.req_queue_length_avg_0           12.182035                                      # Average of read and write queue length per memory cycle per channel.
        ramulator.req_queue_length_sum_0            48196941                                      # Sum of read and write queue length per memory cycle per channel.
   ramulator.read_req_queue_length_avg_0            2.066422                                      # Read queue length average per memory cycle per channel.
   ramulator.read_req_queue_length_sum_0             8175582                                      # Read queue length sum per memory cycle per channel.
  ramulator.write_req_queue_length_avg_0           10.115613                                      # Write queue length average per memory cycle per channel.
  ramulator.write_req_queue_length_sum_0            40021359                                      # Write queue length sum per memory cycle per channel.
              ramulator.record_read_hits                 0.0                                      # record read hit count for this core when it reaches request limit or to the end
                                     [0]                 0.0                                      # 
            ramulator.record_read_misses                 0.0                                      # record_read_miss count for this core when it reaches request limit or to the end
                                     [0]                 0.0                                      # 
         ramulator.record_read_conflicts                 0.0                                      # record read conflict count for this core when it reaches request limit or to the end
                                     [0]                 0.0                                      # 
             ramulator.record_write_hits                 0.0                                      # record write hit count for this core when it reaches request limit or to the end
                                     [0]                 0.0                                      # 
           ramulator.record_write_misses                 0.0                                      # record write miss count for this core when it reaches request limit or to the end
                                     [0]                 0.0                                      # 
        ramulator.record_write_conflicts                 0.0                                      # record write conflict for this core when it reaches request limit or to the end
                                     [0]                 0.0                                      # 
                 ramulator.dram_capacity          8589934592                                      # Number of bytes in simulated DRAM
                   ramulator.dram_cycles             3956395                                      # Number of DRAM cycles simulated
             ramulator.incoming_requests               69114                                      # Number of incoming requests to DRAM
                 ramulator.read_requests               61539                                      # Number of incoming read requests to DRAM per core
                                     [0]             61539.0                                      # 
                ramulator.write_requests                7575                                      # Number of incoming write requests to DRAM per core
                                     [0]              7575.0                                      # 
       ramulator.ramulator_active_cycles             1253123                                      # The total number of cycles that the DRAM part is active (serving R/W)
 ramulator.incoming_requests_per_channel             69114.0                                      # Number of incoming requests to each DRAM channel
                                     [0]             69114.0                                      # 
ramulator.incoming_read_reqs_per_channel             61539.0                                      # Number of incoming read requests to each DRAM channel
                                     [0]             61539.0                                      # 
     ramulator.physical_page_replacement                   0                                      # The number of times that physical page replacement happens.
             ramulator.maximum_bandwidth         19200000000                                      # The theoretical maximum bandwidth (Bps)
          ramulator.in_queue_req_num_sum            48196941                                      # Sum of read/write queue length
     ramulator.in_queue_read_req_num_sum             8175582                                      # Sum of read queue length
    ramulator.in_queue_write_req_num_sum            40021359                                      # Sum of write queue length
          ramulator.in_queue_req_num_avg           12.182035                                      # Average of read/write queue length per memory cycle
     ramulator.in_queue_read_req_num_avg            2.066422                                      # Average of read queue length per memory cycle
    ramulator.in_queue_write_req_num_avg           10.115613                                      # Average of write queue length per memory cycle
          ramulator.record_read_requests                 0.0                                      # record read requests for this core when it reaches request limit or to the end
                                     [0]                 0.0                                      # 
         ramulator.record_write_requests                 0.0                                      # record write requests for this core when it reaches request limit or to the end
                                     [0]                 0.0                                      # 
