/* -*- Mode: c -*- */
####################################################################################################
Core 0
####################################################################################################
Cumulative:        Cycles: 9297229               Instructions: 20000000              IPC: 2.15118

Periodic:          Cycles: 3909662               Instructions: 10000000              IPC: 2.55777

EXECUTION_TIME                           1221769375000                  2905384062500              

NODE_CYCLE                                     3909662                        9297229              

NODE_INST_COUNT                               10000000                       20000000              

NODE_INST_COUNT_FETCHED                       10000000                       20000000              

NODE_UOP_COUNT                                12702695                       25430293              

FULL_WINDOW_STALL                               777970       19.899%          2356346       25.345%

FULL_WINDOW_MEM_OP                              712523       99.904%          2181091       99.908%
FULL_WINDOW_FP_OP                                    0        0.000%                0        0.000%
FULL_WINDOW_OTHER_OP                               682        0.096%             2002        0.092%
                                                713205      100.000%          2183093      100.000%
                                                  0.00         0.06              0.00         0.06

RET_BLOCKED_DC_MISS                             958892       24.526%          2953788       31.771%

RET_BLOCKED_L1_MISS                             598461       15.307%          1890452       20.333%

RET_BLOCKED_L1_MISS_BW_PREF                      55294        1.414%            88872        0.956%

RET_BLOCKED_L1_ACCESS                           360431        9.219%          1063614       11.440%

RET_BLOCKED_MEM_STALL                           598461       15.307%          1890452       20.333%

RET_BLOCKED_OFFCHIP_DEMAND                           0        0.000%                0        0.000%

OP_ISSUED                                     14033347                       29826088              

OP_RETIRED                                    12702695                       25430293              

REPLAY_SIGNALED                                      0                              0              

REPLAY_COUNTED                                       0                              0              

OFF_CRITICAL_PATH                                    0         -nan%                0         -nan%
ON_CRITICAL_PATH                                     0         -nan%                0         -nan%
                                                     0         -nan%                0         -nan%
                                                  -nan         -nan              -nan         -nan

LD_NO_DEPENDENTS                                245066        9.257%           490452        9.236%
LD_DEPENDENTS                                  2402388       90.743%          4819697       90.764%
                                               2647454      100.000%          5310149      100.000%
                                                  0.91         0.87              0.91         0.87

LD_EXEC_CYCLES_0                                     0        0.000%                0        0.000%
LD_EXEC_CYCLES_1                                     0        0.000%                0        0.000%
LD_EXEC_CYCLES_2                                     0        0.000%                0        0.000%
LD_EXEC_CYCLES_3                                    96       44.037%              217       46.368%
LD_EXEC_CYCLES_4                                   122       55.963%              251       53.632%
                                                   218      100.000%              468      100.000%
                                                  3.56         2.72              3.54         2.64

ICACHE_STAGE_STARVED                             79891        2.861%           379823        6.557%
ICACHE_STAGE_NOT_STARVED                       2712841       97.139%          5412484       93.443%
                                               2792732      100.000%          5792307      100.000%
                                                  0.97         0.96              0.93         0.91

ICACHE_STAGE_STALLED                            341731        8.741%          1223662       13.162%
ICACHE_STAGE_NOT_STALLED                       2792732       71.432%          5792307       62.301%
ICACHE_STAGE_OFF_PATH                           775199       19.828%          2281260       24.537%
                                               3909662      100.000%          9297229      100.000%
                                                  1.11         0.64              1.11         0.71

DECODE_STAGE_STARVED                           2046978       60.758%          4842758       61.234%
DECODE_STAGE_NOT_STARVED                       1322079       39.242%          3065906       38.766%
                                               3369057      100.000%          7908664      100.000%
                                                  0.39         0.45              0.39         0.45

DECODE_STAGE_STALLED                            347989        8.901%          1233958       13.272%
DECODE_STAGE_NOT_STALLED                       3021068       77.272%          6674706       71.792%
DECODE_STAGE_OFF_PATH                           540605       13.827%          1388565       14.935%
                                               3909662      100.000%          9297229      100.000%
                                                  1.05         0.53              1.02         0.55

UOPQ_STAGE_STARVED                             2047054       52.359%          4845424       52.117%
UOPQ_STAGE_NOT_STARVED                         1862608       47.641%          4451805       47.883%
                                               3909662      100.000%          9297229      100.000%
                                                  0.48         0.49              0.48         0.49

UOPQ_STAGE_STALLED                                   0        0.000%                0        0.000%
UOPQ_STAGE_NOT_STALLED                         3909662      100.000%          9297229      100.000%
UOPQ_STAGE_OFF_PATH                                  0        0.000%                0        0.000%
                                               3909662      100.000%          9297229      100.000%
                                                  1.00         0.00              1.00         0.00

MAP_STAGE_STARVED                               111759        3.452%           461272        6.367%
MAP_STAGE_NOT_STARVED                          3125329       96.548%          6782947       93.633%
                                               3237088      100.000%          7244219      100.000%
                                                  0.97         0.95              0.94         0.91

MAP_STAGE_STALLED                               411154       10.516%          1345213       14.469%
MAP_STAGE_NOT_STALLED                          2825934       72.281%          5899006       63.449%
MAP_STAGE_OFF_PATH                              672574       17.203%          2053010       22.082%
                                               3909662      100.000%          9297229      100.000%
                                                  1.07         0.59              1.08         0.67

EXEC_STAGE_STARVED                              991745       25.367%          1928686       20.745%
EXEC_STAGE_NOT_STARVED                         2354844       60.231%          5614703       60.391%
EXEC_STAGE_OFF_PATH                             563073       14.402%          1753840       18.864%
                                               3909662      100.000%          9297229      100.000%
                                                  0.89         0.55              0.98         0.61

FU_BUSY_0                                      3293666                        7057677              

FU_BUSY_1                                      2426712                        5102453              

FU_BUSY_2                                      1338991                        2761887              

FU_BUSY_3                                       628261                        1283343              

FU_BUSY_4                                      1795426                        3740560              

FU_BUSY_5                                       310675                         648361              

FU_BUSY_6                                      2636818                        5551648              

FU_BUSY_7                                      1542511                        3159446              

FU_BUSY_8                                       897028                        1798631              

FU_BUSY_9                                       558840                        1096963              

FU_BUSY_10                                           0                              0              

FU_BUSY_11                                           0                              0              

FU_BUSY_12                                           0                              0              

FU_BUSY_13                                           0                              0              

FU_BUSY_14                                           0                              0              

FU_BUSY_15                                           0                              0              

FU_BUSY_16                                           0                              0              

FU_BUSY_17                                           0                              0              

FU_BUSY_18                                           0                              0              

FU_BUSY_19                                           0                              0              

FU_BUSY_20                                           0                              0              

FU_BUSY_21                                           0                              0              

FU_BUSY_22                                           0                              0              

FU_BUSY_23                                           0                              0              

FU_BUSY_24                                           0                              0              

FU_BUSY_25                                           0                              0              

FU_BUSY_26                                           0                              0              

FU_BUSY_27                                           0                              0              

FU_BUSY_28                                           0                              0              

FU_BUSY_29                                           0                              0              

FU_BUSY_30                                           0                              0              

FU_BUSY_31                                           0                              0              

OP_WAIT_0                                      8641463                       17366601              

OP_WAIT_1                                      2100180                        4280317              

OP_WAIT_2                                       887703                        1723687              

OP_WAIT_3                                       228037                         440512              

OP_WAIT_4                                       146432                         279570              

OP_WAIT_5                                       106716                         201907              

OP_WAIT_6                                        75229                         142503              

OP_WAIT_7                                        54590                         104678              

OP_WAIT_8                                        46982                          88190              

OP_WAIT_9                                        36610                          67195              

OP_WAIT_10                                       32665                          60695              

OP_WAIT_11                                       32805                          60142              

OP_WAIT_12                                       25874                          47444              

OP_WAIT_13                                       24405                          45405              

OP_WAIT_14                                       21052                          38547              

OP_WAIT_15                                       17772                          32412              

OP_WAIT_16                                       14752                          27034              

OP_WAIT_17                                       14889                          26803              

OP_WAIT_18                                       14161                          25471              

OP_WAIT_19                                       11863                          21493              

OP_WAIT_20                                       10064                          17770              

OP_WAIT_21                                       10551                          19294              

OP_WAIT_22                                        8943                          16203              

OP_WAIT_23                                        8231                          14816              

OP_WAIT_24                                        9027                          16332              

OP_WAIT_25                                        6898                          12509              

OP_WAIT_26                                        7807                          14471              

OP_WAIT_27                                        7027                          12784              

OP_WAIT_28                                        6009                          10827              

OP_WAIT_29                                        6513                          11488              

OP_WAIT_30                                        5724                          10286              

OP_WAIT_31                                       81721                         192907              

ROW_SIZE_0                                     1356058                        3848984              

ROW_SIZE_1                                      261606                         606886              

ROW_SIZE_2                                      174783                         394088              

ROW_SIZE_3                                       74462                         172183              

ROW_SIZE_4                                       75643                         170712              

ROW_SIZE_5                                       59717                         129586              

ROW_SIZE_6                                     1877830                        3697984              

ROW_SIZE_7                                           0                              0              

ROW_SIZE_8                                           0                              0              

ROW_SIZE_9                                           0                              0              

ROW_SIZE_10                                          0                              0              

ROW_SIZE_11                                          0                              0              

ROW_SIZE_12                                          0                              0              

ROW_SIZE_13                                          0                              0              

ROW_SIZE_14                                          0                              0              

ROW_SIZE_15                                          0                              0              

ROW_SIZE_16                                          0                              0              

ROW_SIZE_17                                          0                              0              

ROW_SIZE_18                                          0                              0              

ROW_SIZE_19                                          0                              0              

ROW_SIZE_20                                          0                              0              

ROW_SIZE_21                                          0                              0              

ROW_SIZE_22                                          0                              0              

ROW_SIZE_23                                          0                              0              

ROW_SIZE_24                                          0                              0              

ROW_SIZE_25                                          0                              0              

ROW_SIZE_26                                          0                              0              

ROW_SIZE_27                                          0                              0              

ROW_SIZE_28                                          0                              0              

ROW_SIZE_29                                          0                              0              

ROW_SIZE_30                                          0                              0              

ROW_SIZE_31                                          0                              0              

RET_OP_EXEC_COUNT_0                                  0        0.000%                0        0.000%
RET_OP_EXEC_COUNT_1                           12702695      100.000%         25430293      100.000%
RET_OP_EXEC_COUNT_2                                  0        0.000%                0        0.000%
RET_OP_EXEC_COUNT_3                                  0        0.000%                0        0.000%
RET_OP_EXEC_COUNT_4                                  0        0.000%                0        0.000%
RET_OP_EXEC_COUNT_5                                  0        0.000%                0        0.000%
RET_OP_EXEC_COUNT_6                                  0        0.000%                0        0.000%
RET_OP_EXEC_COUNT_7                                  0        0.000%                0        0.000%
RET_OP_EXEC_COUNT_8                                  0        0.000%                0        0.000%
RET_OP_EXEC_COUNT_9                                  0        0.000%                0        0.000%
RET_OP_EXEC_COUNT_10                                 0        0.000%                0        0.000%
RET_OP_EXEC_COUNT_11                                 0        0.000%                0        0.000%
RET_OP_EXEC_COUNT_12                                 0        0.000%                0        0.000%
RET_OP_EXEC_COUNT_13                                 0        0.000%                0        0.000%
RET_OP_EXEC_COUNT_14                                 0        0.000%                0        0.000%
RET_OP_EXEC_COUNT_15                                 0        0.000%                0        0.000%
RET_OP_EXEC_COUNT_16                                 0        0.000%                0        0.000%
RET_OP_EXEC_COUNT_17                                 0        0.000%                0        0.000%
RET_OP_EXEC_COUNT_18                                 0        0.000%                0        0.000%
RET_OP_EXEC_COUNT_19                                 0        0.000%                0        0.000%
RET_OP_EXEC_COUNT_20                                 0        0.000%                0        0.000%
RET_OP_EXEC_COUNT_21                                 0        0.000%                0        0.000%
RET_OP_EXEC_COUNT_22                                 0        0.000%                0        0.000%
RET_OP_EXEC_COUNT_23                                 0        0.000%                0        0.000%
RET_OP_EXEC_COUNT_24                                 0        0.000%                0        0.000%
RET_OP_EXEC_COUNT_25                                 0        0.000%                0        0.000%
RET_OP_EXEC_COUNT_26                                 0        0.000%                0        0.000%
RET_OP_EXEC_COUNT_27                                 0        0.000%                0        0.000%
RET_OP_EXEC_COUNT_28                                 0        0.000%                0        0.000%
RET_OP_EXEC_COUNT_29                                 0        0.000%                0        0.000%
RET_OP_EXEC_COUNT_30                                 0        0.000%                0        0.000%
RET_OP_EXEC_COUNT_31                                 0        0.000%                0        0.000%
RET_OP_EXEC_COUNT_32                                 0        0.000%                0        0.000%
                                              12702695      100.000%         25430293      100.000%
                                                  1.00         0.00              1.00         0.00

RET_STALL_LENGTH_0                            12698254       99.965%         25416567       99.946%
RET_STALL_LENGTH_100                              4176        0.033%            13044        0.051%
RET_STALL_LENGTH_200                               147        0.001%              372        0.001%
RET_STALL_LENGTH_300                                25        0.000%               62        0.000%
RET_STALL_LENGTH_400                                12        0.000%               31        0.000%
RET_STALL_LENGTH_500                                 4        0.000%               18        0.000%
RET_STALL_LENGTH_600                                 0        0.000%                6        0.000%
RET_STALL_LENGTH_700                                10        0.000%               21        0.000%
RET_STALL_LENGTH_800                                 6        0.000%               13        0.000%
RET_STALL_LENGTH_900                                 7        0.000%               12        0.000%
RET_STALL_LENGTH_1000                                6        0.000%               13        0.000%
RET_STALL_LENGTH_1100                               17        0.000%               31        0.000%
RET_STALL_LENGTH_1200                               22        0.000%               80        0.000%
RET_STALL_LENGTH_1300                                9        0.000%               22        0.000%
RET_STALL_LENGTH_1400                                0        0.000%                0        0.000%
RET_STALL_LENGTH_1500                                0        0.000%                1        0.000%
RET_STALL_LENGTH_1600                                0        0.000%                0        0.000%
RET_STALL_LENGTH_1700                                0        0.000%                0        0.000%
RET_STALL_LENGTH_1800                                0        0.000%                0        0.000%
RET_STALL_LENGTH_1900                                0        0.000%                0        0.000%
RET_STALL_LENGTH_2000                                0        0.000%                0        0.000%
RET_STALL_LENGTH_2100                                0        0.000%                0        0.000%
RET_STALL_LENGTH_2200                                0        0.000%                0        0.000%
RET_STALL_LENGTH_2300                                0        0.000%                0        0.000%
RET_STALL_LENGTH_2400                                0        0.000%                0        0.000%
RET_STALL_LENGTH_2500                                0        0.000%                0        0.000%
RET_STALL_LENGTH_2600                                0        0.000%                0        0.000%
RET_STALL_LENGTH_2700                                0        0.000%                0        0.000%
RET_STALL_LENGTH_2800                                0        0.000%                0        0.000%
RET_STALL_LENGTH_2900                                0        0.000%                0        0.000%
RET_STALL_LENGTH_3000                                0        0.000%                0        0.000%
RET_STALL_LENGTH_3100                                0        0.000%                0        0.000%
RET_STALL_LENGTH_3200                                0        0.000%                0        0.000%
RET_STALL_LENGTH_3300                                0        0.000%                0        0.000%
RET_STALL_LENGTH_3400                                0        0.000%                0        0.000%
RET_STALL_LENGTH_3500                                0        0.000%                0        0.000%
RET_STALL_LENGTH_3600                                0        0.000%                0        0.000%
RET_STALL_LENGTH_3700                                0        0.000%                0        0.000%
RET_STALL_LENGTH_3800                                0        0.000%                0        0.000%
RET_STALL_LENGTH_3900                                0        0.000%                0        0.000%
RET_STALL_LENGTH_4000                                0        0.000%                0        0.000%
RET_STALL_LENGTH_4100                                0        0.000%                0        0.000%
RET_STALL_LENGTH_4200                                0        0.000%                0        0.000%
RET_STALL_LENGTH_4300                                0        0.000%                0        0.000%
RET_STALL_LENGTH_4400                                0        0.000%                0        0.000%
RET_STALL_LENGTH_4500                                0        0.000%                0        0.000%
RET_STALL_LENGTH_4600                                0        0.000%                0        0.000%
RET_STALL_LENGTH_4700                                0        0.000%                0        0.000%
RET_STALL_LENGTH_4800                                0        0.000%                0        0.000%
RET_STALL_LENGTH_4900                                0        0.000%                0        0.000%
RET_STALL_LENGTH_5000                                0        0.000%                0        0.000%
                                              12702695      100.000%         25430293      100.000%
                                                  0.00         0.03              0.00         0.04

MEM_BLOCK_LENGTH_0                                   0         -nan%                0         -nan%
MEM_BLOCK_LENGTH_100                                 0         -nan%                0         -nan%
MEM_BLOCK_LENGTH_200                                 0         -nan%                0         -nan%
MEM_BLOCK_LENGTH_300                                 0         -nan%                0         -nan%
MEM_BLOCK_LENGTH_400                                 0         -nan%                0         -nan%
MEM_BLOCK_LENGTH_500                                 0         -nan%                0         -nan%
MEM_BLOCK_LENGTH_600                                 0         -nan%                0         -nan%
MEM_BLOCK_LENGTH_700                                 0         -nan%                0         -nan%
MEM_BLOCK_LENGTH_800                                 0         -nan%                0         -nan%
MEM_BLOCK_LENGTH_900                                 0         -nan%                0         -nan%
MEM_BLOCK_LENGTH_1000                                0         -nan%                0         -nan%
MEM_BLOCK_LENGTH_1100                                0         -nan%                0         -nan%
MEM_BLOCK_LENGTH_1200                                0         -nan%                0         -nan%
MEM_BLOCK_LENGTH_1300                                0         -nan%                0         -nan%
MEM_BLOCK_LENGTH_1400                                0         -nan%                0         -nan%
MEM_BLOCK_LENGTH_1500                                0         -nan%                0         -nan%
MEM_BLOCK_LENGTH_1600                                0         -nan%                0         -nan%
MEM_BLOCK_LENGTH_1700                                0         -nan%                0         -nan%
MEM_BLOCK_LENGTH_1800                                0         -nan%                0         -nan%
MEM_BLOCK_LENGTH_1900                                0         -nan%                0         -nan%
MEM_BLOCK_LENGTH_2000                                0         -nan%                0         -nan%
MEM_BLOCK_LENGTH_2100                                0         -nan%                0         -nan%
MEM_BLOCK_LENGTH_2200                                0         -nan%                0         -nan%
MEM_BLOCK_LENGTH_2300                                0         -nan%                0         -nan%
MEM_BLOCK_LENGTH_2400                                0         -nan%                0         -nan%
MEM_BLOCK_LENGTH_2500                                0         -nan%                0         -nan%
MEM_BLOCK_LENGTH_2600                                0         -nan%                0         -nan%
MEM_BLOCK_LENGTH_2700                                0         -nan%                0         -nan%
MEM_BLOCK_LENGTH_2800                                0         -nan%                0         -nan%
MEM_BLOCK_LENGTH_2900                                0         -nan%                0         -nan%
MEM_BLOCK_LENGTH_3000                                0         -nan%                0         -nan%
MEM_BLOCK_LENGTH_3100                                0         -nan%                0         -nan%
MEM_BLOCK_LENGTH_3200                                0         -nan%                0         -nan%
MEM_BLOCK_LENGTH_3300                                0         -nan%                0         -nan%
MEM_BLOCK_LENGTH_3400                                0         -nan%                0         -nan%
MEM_BLOCK_LENGTH_3500                                0         -nan%                0         -nan%
MEM_BLOCK_LENGTH_3600                                0         -nan%                0         -nan%
MEM_BLOCK_LENGTH_3700                                0         -nan%                0         -nan%
MEM_BLOCK_LENGTH_3800                                0         -nan%                0         -nan%
MEM_BLOCK_LENGTH_3900                                0         -nan%                0         -nan%
MEM_BLOCK_LENGTH_4000                                0         -nan%                0         -nan%
MEM_BLOCK_LENGTH_4100                                0         -nan%                0         -nan%
MEM_BLOCK_LENGTH_4200                                0         -nan%                0         -nan%
MEM_BLOCK_LENGTH_4300                                0         -nan%                0         -nan%
MEM_BLOCK_LENGTH_4400                                0         -nan%                0         -nan%
MEM_BLOCK_LENGTH_4500                                0         -nan%                0         -nan%
MEM_BLOCK_LENGTH_4600                                0         -nan%                0         -nan%
MEM_BLOCK_LENGTH_4700                                0         -nan%                0         -nan%
MEM_BLOCK_LENGTH_4800                                0         -nan%                0         -nan%
MEM_BLOCK_LENGTH_4900                                0         -nan%                0         -nan%
MEM_BLOCK_LENGTH_5000                                0         -nan%                0         -nan%
                                                     0         -nan%                0         -nan%
                                                  -nan         -nan              -nan         -nan

FUS_BUSY_ON_PATH                              14359780        3.6729         28679370        3.0847

FUS_BUSY_OFF_PATH                              1069148        0.2735          3521599        0.3788

FU_BUSY_MEM_STALL                              1666047        0.4261          3330581        0.3582

FUS_EMPTY                                     23667692        6.0536         60771321        6.5365

CHIP_UTILIZATION                                     0        0.0000                0        0.0000

CYCLES_UNDER_MEM_REQ                                 0                              0              

CYCLES_UNDER_NO_MEM_REQ                              0                              0              

CYCLES_UNDER_CRITICAL_MEM_REQ                        0                              0              

CYCLES_UNDER_NONCRITICAL_MEM_REQ                     0                              0              

CHIP_UTILIZATION_UNDER_MEM_REQ                       0          -nan                0          -nan

CHIP_UTILIZATION_UNDER_NO_MEM_REQ                    0          -nan                0          -nan

CHIP_UTILIZATION_UNDER_CRITICAL_MEM_REQ              0          -nan                0          -nan

CHIP_UTILIZATION_UNDER_NONCRITICAL_MEM_REQ             0          -nan                0          -nan

CYCLES_NOT_WAITING_FOR_OFF_CHIP                      0        0.0000                0        0.0000

FUS_BUSY_NOT_WAITING_FOR_OFF_CHIP                    0          -nan                0          -nan

CYCLES_WAITING_FOR_OFF_CHIP                          0        0.0000                0        0.0000

FUS_BUSY_WAITING_FOR_OFF_CHIP                        0          -nan                0          -nan

TOTAL_OFF_CHIP_DELAYS_LEFT                           0                              0              

WRONG_IO_SCHED                                       0                              0              

DVFS_CONFIG_SWITCH                                   0                              0              

UOP_CACHE_ICACHE_SWITCH_ONPATH                       0         -nan%                0         -nan%
UOP_CACHE_ICACHE_SWITCH_OFFPATH                      0         -nan%                0         -nan%
                                                     0         -nan%                0         -nan%
                                                  -nan         -nan              -nan         -nan

MAP_STAGE_RECEIVED_OPS_0                             0        0.000%                0        0.000%
MAP_STAGE_RECEIVED_OPS_1                        174118        6.400%           359659        6.619%
MAP_STAGE_RECEIVED_OPS_2                        319806       11.755%           626514       11.529%
MAP_STAGE_RECEIVED_OPS_3                        295030       10.844%           580292       10.679%
MAP_STAGE_RECEIVED_OPS_4                        212491        7.810%           415917        7.654%
MAP_STAGE_RECEIVED_OPS_5                        181145        6.658%           364206        6.702%
MAP_STAGE_RECEIVED_OPS_6                       1538028       56.532%          3087487       56.817%
MAP_STAGE_RECEIVED_OPS_7                             0        0.000%                0        0.000%
MAP_STAGE_RECEIVED_OPS_8                             0        0.000%                0        0.000%
MAP_STAGE_RECEIVED_OPS_MAX                           0        0.000%                0        0.000%
                                               2720618      100.000%          5434075      100.000%
                                                  4.66         1.74              4.67         1.75

MAP_STAGE_WAIT_FOR_DECODE                            0         -nan%                0         -nan%
MAP_STAGE_CONSUME_DECODE                             0         -nan%                0         -nan%
                                                     0         -nan%                0         -nan%
                                                  -nan         -nan              -nan         -nan

MAP_STAGE_WAIT_FOR_DECODE2                           0         -nan%                0         -nan%
MAP_STAGE_CONSUME_DECODE2                            0         -nan%                0         -nan%
                                                     0         -nan%                0         -nan%
                                                  -nan         -nan              -nan         -nan

FTQ_RECOVER_EXEC                                  7448                          28072              

FTQ_RECOVER_DECODE                                6624                          15787              

FTQ_OFFPATH_CYCLES                             1130076                        3324544              

FTQ_CYCLES_OFFPATH                             1234708                        3535712              

FTQ_CYCLES_ONPATH                              2674954                        5761517              

FTQ_FETCHED_INS_OFFPATH                        4410355                       13613786              

FTQ_FETCHED_INS_ONPATH                        12688101                       25386434              

FTQ_BREAK_FULL_BLOCK_OFFPATH                   1126060       28.803%          3079223       33.120%
FTQ_BREAK_FULL_BLOCK_ONPATH                    2362284       60.423%          5052240       54.342%
FTQ_BREAK_MAX_BLOCKS_OFFPATH                    122720        3.139%           500348        5.382%
FTQ_BREAK_MAX_BLOCKS_ONPATH                     298487        7.635%           665307        7.156%
FTQ_BREAK_PRED_BR_OFFPATH                            0        0.000%                0        0.000%
FTQ_BREAK_PRED_BR_ONPATH                             0        0.000%                0        0.000%
FTQ_BREAK_BAR_FETCH_OFFPATH                          0        0.000%                0        0.000%
FTQ_BREAK_BAR_FETCH_ONPATH                           0        0.000%                0        0.000%
                                               3909551      100.000%          9297118      100.000%
                                                  0.90         0.62              0.87         0.64



