/* -*- Mode: c -*- */
####################################################################################################
Core 0
####################################################################################################
Cumulative:        Cycles: 15205587              Instructions: 20020740              IPC: 1.31667

Periodic:          Cycles: 3858786               Instructions: 9999998               IPC: 2.59149

PREF_DL0REQ_QUEUE_HIT_BY_DEMAND                      0                              0              

PREF_UMLC_REQ_QUEUE_HIT_BY_DEMAND                    0                              0              

PREF_UL1REQ_QUEUE_HIT_BY_DEMAND                      0                              0              

PREF_DL0REQ_QUEUE_FULL                               0                              0              

PREF_UMLC_REQ_QUEUE_FULL                             0                              0              

PREF_UL1REQ_QUEUE_FULL                            1087                           1990              

PREF_DC_HIT_NOSEND                                   0                              0              

PREF_WBQDC_HIT_NOSEND                                0                              0              

PREF_MLCQ_STALL                                      0                              0              

PREF_L1Q_STALL                                       0                              0              

PREF_UMLC_REQ_SEND_QUEUE_STALL                       0                              0              

PREF_UL1REQ_SEND_QUEUE_STALL                    150282                         238446              

PREF_UMLC_REQ_QUEUE_SENTREQ                          0                              0              

PREF_UL1REQ_QUEUE_SENTREQ                        59553                         240571              

PREF_NEWREQ_MATCHED                               5278                           8004              

PREF_UMLC_REQ_QUEUE_MATCHED_REQ                      0                              0              

PREF_UL1REQ_QUEUE_MATCHED_REQ                     5302                           9602              

PREF_DL0REQ_QUEUE_MATCHED_REQ                        0                              0              

L1_PREF_HIT                                      21601                          90485              

L1_PREF_UNIQUE_HIT                               20889                          85108              

L1_PREF_LATE                                      3466                          12751              

L1_LATE_PREF_CYCLES                            1079875                        4860941              

L1_LATE_PREF_CYCLES_DIST_0                        1048       30.237%             3135       24.586%
L1_LATE_PREF_CYCLES_DIST_100                       692       19.965%             2799       21.951%
L1_LATE_PREF_CYCLES_DIST_200                       383       11.050%             1709       13.403%
L1_LATE_PREF_CYCLES_DIST_300                       282        8.136%              976        7.654%
L1_LATE_PREF_CYCLES_DIST_400                       229        6.607%              681        5.341%
L1_LATE_PREF_CYCLES_DIST_500                       238        6.867%              624        4.894%
L1_LATE_PREF_CYCLES_DIST_600                       140        4.039%              536        4.204%
L1_LATE_PREF_CYCLES_DIST_700                       116        3.347%              468        3.670%
L1_LATE_PREF_CYCLES_DIST_800                        92        2.654%              386        3.027%
L1_LATE_PREF_CYCLES_DIST_900                       148        4.270%              384        3.012%
L1_LATE_PREF_CYCLES_DIST_1000                       47        1.356%              248        1.945%
L1_LATE_PREF_CYCLES_DIST_1100                       47        1.356%              178        1.396%
L1_LATE_PREF_CYCLES_DIST_1200                        3        0.087%              100        0.784%
L1_LATE_PREF_CYCLES_DIST_1300                        0        0.000%               82        0.643%
L1_LATE_PREF_CYCLES_DIST_1400                        1        0.029%               52        0.408%
L1_LATE_PREF_CYCLES_DIST_1500                        0        0.000%               88        0.690%
L1_LATE_PREF_CYCLES_DIST_1600                        0        0.000%               53        0.416%
L1_LATE_PREF_CYCLES_DIST_1700                        0        0.000%               65        0.510%
L1_LATE_PREF_CYCLES_DIST_1800                        0        0.000%               58        0.455%
L1_LATE_PREF_CYCLES_DIST_1900                        0        0.000%               32        0.251%
L1_LATE_PREF_CYCLES_DIST_2000                        0        0.000%               97        0.761%
                                                  3466      100.000%            12751      100.000%
                                                  2.64         2.54              3.32         3.71

MLC_PREF_HIT                                       477                           6903              

MLC_PREF_UNIQUE_HIT                                 45                           1525              

MLC_PREF_LATE                                        0                              0              

PREF_HYBRID_SEL_0                                    0         -nan%                0         -nan%
PREF_HYBRID_SEL_1                                    0         -nan%                0         -nan%
PREF_HYBRID_SEL_2                                    0         -nan%                0         -nan%
PREF_HYBRID_SEL_3                                    0         -nan%                0         -nan%
PREF_HYBRID_SEL_4                                    0         -nan%                0         -nan%
PREF_HYBRID_SEL_5                                    0         -nan%                0         -nan%
PREF_HYBRID_SEL_6                                    0         -nan%                0         -nan%
                                                     0         -nan%                0         -nan%
                                                  -nan         -nan              -nan         -nan

PREF_DISTANCE_1                                      0        0.000%                0        0.000%
PREF_DISTANCE_2                                      0        0.000%                0        0.000%
PREF_DISTANCE_3                                      0        0.000%                0        0.000%
PREF_DISTANCE_4                                      0        0.000%                1        3.571%
PREF_DISTANCE_5                                      7      100.000%               27       96.429%
PREF_DISTANCE_6                                      0        0.000%                0        0.000%
PREF_DISTANCE_7                                      0        0.000%                0        0.000%
PREF_DISTANCE_8                                      0        0.000%                0        0.000%
PREF_DISTANCE_9                                      0        0.000%                0        0.000%
PREF_DISTANCE_10                                     0        0.000%                0        0.000%
                                                     7      100.000%               28      100.000%
                                                  4.00         0.00              3.96         0.19

PREF_REPL_MRU                                        0         -nan%                0         -nan%
PREF_REPL_MID                                        0         -nan%                0         -nan%
PREF_REPL_LOWQTR                                     0         -nan%                0         -nan%
PREF_REPL_LRU                                        0         -nan%                0         -nan%
                                                     0         -nan%                0         -nan%
                                                  -nan         -nan              -nan         -nan

PREF_REPL_MOVEDOWN                                   0         -nan%                0         -nan%
PREF_REPL_MOVEUP                                     0         -nan%                0         -nan%
                                                     0         -nan%                0         -nan%
                                                  -nan         -nan              -nan         -nan

PREF_COV_1                                           0         -nan%                0         -nan%
PREF_COV_2                                           0         -nan%                0         -nan%
PREF_COV_3                                           0         -nan%                0         -nan%
PREF_COV_4                                           0         -nan%                0         -nan%
PREF_COV_5                                           0         -nan%                0         -nan%
PREF_COV_6                                           0         -nan%                0         -nan%
PREF_COV_7                                           0         -nan%                0         -nan%
PREF_COV_8                                           0         -nan%                0         -nan%
PREF_COV_9                                           0         -nan%                0         -nan%
PREF_COV_10                                          0         -nan%                0         -nan%
                                                     0         -nan%                0         -nan%
                                                  -nan         -nan              -nan         -nan

PREF_POL_1                                           0        0.000%                0        0.000%
PREF_POL_2                                           0        0.000%                0        0.000%
PREF_POL_3                                           0        0.000%                0        0.000%
PREF_POL_4                                           0        0.000%                0        0.000%
PREF_POL_5                                           0        0.000%                0        0.000%
PREF_POL_6                                           0        0.000%                0        0.000%
PREF_POL_7                                           0        0.000%                0        0.000%
PREF_POL_8                                           0        0.000%                0        0.000%
PREF_POL_9                                           0        0.000%                0        0.000%
PREF_POL_10                                          7      100.000%               28      100.000%
                                                     7      100.000%               28      100.000%
                                                  9.00         9.72              9.00         9.17

PREF_ACC_1                                           0        0.000%                0        0.000%
PREF_ACC_2                                           0        0.000%                0        0.000%
PREF_ACC_3                                           1       14.286%                1        3.571%
PREF_ACC_4                                           5       71.429%               20       71.429%
PREF_ACC_5                                           1       14.286%                6       21.429%
PREF_ACC_6                                           0        0.000%                1        3.571%
PREF_ACC_7                                           0        0.000%                0        0.000%
PREF_ACC_8                                           0        0.000%                0        0.000%
PREF_ACC_9                                           0        0.000%                0        0.000%
PREF_ACC_10                                          0        0.000%                0        0.000%
                                                     7      100.000%               28      100.000%
                                                  3.00         0.58              3.25         0.59

PREF_TIMELY_1                                        0        0.000%                0        0.000%
PREF_TIMELY_2                                        0        0.000%                0        0.000%
PREF_TIMELY_3                                        0        0.000%                0        0.000%
PREF_TIMELY_4                                        0        0.000%                0        0.000%
PREF_TIMELY_5                                        0        0.000%                0        0.000%
PREF_TIMELY_6                                        0        0.000%                0        0.000%
PREF_TIMELY_7                                        1       14.286%                1        3.571%
PREF_TIMELY_8                                        1       14.286%                1        3.571%
PREF_TIMELY_9                                        3       42.857%               14       50.000%
PREF_TIMELY_10                                       2       28.571%               12       42.857%
                                                     7      100.000%               28      100.000%
                                                  7.86         4.66              8.32         5.59

PREF_UNUSED_EVICT                                16403                          57042              

PREF_REGION_SENT                                     0                              0              

PREF_REGION_USEFUL                                   0                              0              

PREF_REGION_EVICT                                    0                              0              

PREF_PFPOL                                           0                              0              

PREF_PHASE_NEWPHASE_DET                              0                              0              

PREF_PHASE_NEWPHASE_NOTVALID                         0                              0              

PREF_PHASE_SENTPREF                                  0                              0              

PREF_PHASE_OVERWRITE_PAGE                            0                              0              

PREF_UPDATE_COUNT                                    7                             28              

PREF_ACC1_HT_HP                                      0        0.000%                0        0.000%
PREF_ACC1_HT_LP                                      0        0.000%                0        0.000%
PREF_ACC1_LT_HP                                      0        0.000%                0        0.000%
PREF_ACC1_LT_LP                                      0        0.000%                0        0.000%
PREF_ACC2_HT_HP                                      0        0.000%                0        0.000%
PREF_ACC2_HT_LP                                      0        0.000%                0        0.000%
PREF_ACC2_LT_HP                                      0        0.000%                0        0.000%
PREF_ACC2_LT_LP                                      7      100.000%               28      100.000%
PREF_ACC3_HT_HP                                      0        0.000%                0        0.000%
PREF_ACC3_HT_LP                                      0        0.000%                0        0.000%
PREF_ACC3_LT_HP                                      0        0.000%                0        0.000%
PREF_ACC3_LT_LP                                      0        0.000%                0        0.000%
PREF_ACC4_HT_HP                                      0        0.000%                0        0.000%
PREF_ACC4_HT_LP                                      0        0.000%                0        0.000%
PREF_ACC4_LT_HP                                      0        0.000%                0        0.000%
PREF_ACC4_LT_LP                                      0        0.000%                0        0.000%
                                                     7      100.000%               28      100.000%
                                                  7.00         0.00              7.00         0.00

FDIP_DECIDE_PREF_ONPATH                        1381092                        2695842              

FDIP_DECIDE_PREF_OFFPATH                        487377                        2191171              

FDIP_NEW_PREFETCHES_ONPATH                         189                           9129              

FDIP_NEW_PREFETCHES_OFFPATH                        653                          10804              

FDIP_PREF_ICACHE_PROBE_HIT_ONPATH              1380809                        2684616              

FDIP_PREF_ICACHE_PROBE_HIT_OFFPATH              486432                        2177402              

FDIP_PREF_MSHR_PROBE_HIT_ONPATH                     94                           2097              

FDIP_PREF_MSHR_PROBE_HIT_OFFPATH                   292                           2965              

FDIP_ATTEMPTED_PREF_ONPATH                     1385208                        2722852              

FDIP_ATTEMPTED_PREF_OFFPATH                     491082                        2218431              

FDIP_ALT_PATH_PREFETCHES_IC_EMITTED                  0                              0              

FDIP_ALT_PATH_PREFETCHES_IC_TRIGGERED                0                              0              

FDIP_ALT_PATH_PREFETCHES_UOC_EMITTED_OFF_PATH             0         -nan%                0         -nan%
FDIP_ALT_PATH_PREFETCHES_UOC_EMITTED_ON_PATH             0         -nan%                0         -nan%
                                                     0         -nan%                0         -nan%
                                                  -nan         -nan              -nan         -nan

FDIP_ALT_PATH_PREFETCHES_UOC_TRIGGERED               0                              0              

FDIP_BREAK_REACH_FTQ_END                       3376055       87.490%         13881572       91.293%
FDIP_BREAK_FTQ_EMPTY                                 0        0.000%                0        0.000%
FDIP_BREAK_MAX_FTQ_ENTRY_CYC                    481991       12.491%          1320013        8.681%
FDIP_BREAK_FULL_MEM_REQ_BUF                        740        0.019%             4002        0.026%
                                               3858786      100.000%         15205587      100.000%
                                                  0.25         0.62              0.17         0.54

FDIP_CYCLE_COUNT                                     0                              0              

ICACHE_USEFUL_FETCHES                              191                           2294              

USEFUL_CACHELINES_RETIRED                            0                              0              

ICACHE_UNUSEFUL_FETCHES                            218                           3607              

UNIQUE_MISSED_LINES                                100                           1639              

UNIQUE_HIT_LINES                                   294                           3079              

UNIQUE_PREFETCHED_LINES                              0                              0              

FDIP_BTB_MISS_NT_RESTEER_ONPATH                    462                           4115              

FDIP_BTB_MISS_NT_RESTEER_OFFPATH                   171                            844              

FDIP_UTILITY_HASH_HIT                                0         -nan%                0         -nan%
FDIP_UTILITY_HASH_MISS                               0         -nan%                0         -nan%
                                                     0         -nan%                0         -nan%
                                                  -nan         -nan              -nan         -nan

FDIP_UC_HIT                                          0         -nan%                0         -nan%
FDIP_UC_MISS                                         0         -nan%                0         -nan%
                                                     0         -nan%                0         -nan%
                                                  -nan         -nan              -nan         -nan

FDIP_UC_USEFUL_LINES                                 0                              0              

FDIP_UC_REPLACEMENT                                  0                              0              

FDIP_BLOOM_HIT                                   13990       66.395%           108828       68.404%
FDIP_BLOOM_MISS                                   7081       33.605%            50268       31.596%
                                                 21071      100.000%           159096      100.000%
                                                  0.34         0.43              0.32         0.42

FDIP_BLOOM_INSERTED                                195                           2505              

FDIP_BLOOM_CLEAR1                                    0                              0              

FDIP_BLOOM_CLEAR2                                    0                              0              

FDIP_BLOOM_CLEAR4                                    0                              0              

FDIP_BLOOM_1STREAM                                   0                              0              

FDIP_BLOOM_2STREAM                                   0                              0              

FDIP_BLOOM_3STREAM                                   0                              0              

FDIP_BLOOM_4STREAM                                   0                              0              

FDIP_BLOOM_5STREAM                                   0                              0              

FDIP_BLOOM_6STREAM                                   0                              0              

FDIP_BLOOM_7STREAM                                   0                              0              

FDIP_BLOOM_8STREAM                                   0                              0              

FDIP_BLOOM_1INSERT                                 109                           1580              

FDIP_BLOOM_2INSERT                                  19                            296              

FDIP_BLOOM_4INSERT                                  12                             83              

FDIP_BLOOM_NOSTREAM                                  0                              0              

FDIP_AVG_FTQ_OCCUPANCY_OPS                          92                             92              

FDIP_AVG_FTQ_OCCUPANCY                              15                             15              

FDIP_FTQ_OCCUPANCY_OPS_ACCUMULATED           341735771                     1413734362              

FDIP_FTQ_OCCUPANCY_BLOCKS_ACCUMULATED         56426880                      232433072              

FDIP_TRAINING_SAMPLE                                 0                              0              

FDIP_SENIORITY_FTQ_ACCUMULATED               110581691                      454494477              

FDIP_SENIORITY_FTQ_HIT                             194                           2468              

FDIP_SENIORITY_FTQ_MISS                            380                          12699              

FDIP_OFF_CONF_ON_PREF_CANDIDATES                483984       25.795%          2165561       43.826%
FDIP_OFF_CONF_OFF_PREF_CANDIDATES                 7098        0.378%            52870        1.070%
FDIP_ON_CONF_ON_PREF_CANDIDATES                1371235       73.082%          2616626       52.954%
FDIP_ON_CONF_OFF_PREF_CANDIDATES                 13973        0.745%           106226        2.150%
                                               1876290      100.000%          4941283      100.000%
                                                  1.49         0.48              1.13         0.71

FDIP_ON_CONF_ON_EMITTED                            281       22.883%            10583       42.340%
FDIP_ON_CONF_OFF_EMITTED                             2        0.163%              643        2.573%
FDIP_OFF_CONF_ON_EMITTED                           890       72.476%            13049       52.206%
FDIP_OFF_CONF_OFF_EMITTED                           55        4.479%              720        2.881%
                                                  1228      100.000%            24995      100.000%
                                                  1.59         0.57              1.16         0.71

FDIP_OFF_CONF_ON_NUM_EVENTS                      17070                          68846              

FDIP_OFF_CONF_ON_BTB_MISS                            0        0.000%                0        0.000%
FDIP_OFF_CONF_ON_BP_INCORRECT                    17067       99.982%            68815       99.955%
FDIP_OFF_CONF_ON_MISFETCH                            3        0.018%               31        0.045%
FDIP_OFF_CONF_ON_NO_TARGET                           0        0.000%                0        0.000%
                                                 17070      100.000%            68846      100.000%
                                                  1.00         0.01              1.00         0.02

FDIP_OFF_CONF_ON_BTB_MISS_PREF_CANDIDATES             0        0.000%                0        0.000%
FDIP_OFF_CONF_ON_BP_INCORRECT_PREF_CANDIDATES        483882       99.979%          2164405       99.947%
FDIP_OFF_CONF_ON_MISFETCH_PREF_CANDIDATES           102        0.021%             1156        0.053%
FDIP_OFF_CONF_ON_NO_TARGET_PREF_CANDIDATES             0        0.000%                0        0.000%
                                                483984      100.000%          2165561      100.000%
                                                  1.00         0.01              1.00         0.02

FDIP_OFF_CONF_ON_BTB_MISS_EMITTED                    0        0.000%                0        0.000%
FDIP_OFF_CONF_ON_BP_INCORRECT_EMITTED              889       99.888%            12997       99.602%
FDIP_OFF_CONF_ON_MISFETCH_EMITTED                    1        0.112%               52        0.398%
FDIP_OFF_CONF_ON_NO_TARGET_EMITTED                   0        0.000%                0        0.000%
                                                   890      100.000%            13049      100.000%
                                                  1.00         0.03              1.00         0.06

FDIP_OFF_CONF_ON_BP_INCORRECT_0_CONF              2213       12.967%            10639       15.460%
FDIP_OFF_CONF_ON_BP_INCORRECT_1_CONF              5494       32.191%            23716       34.463%
FDIP_OFF_CONF_ON_BP_INCORRECT_2_CONF              2137       12.521%             9757       14.179%
FDIP_OFF_CONF_ON_BP_INCORRECT_3_CONF              7223       42.321%            24703       35.898%
                                                 17067      100.000%            68815      100.000%
                                                  1.84         1.49              1.71         1.35

FDIP_OFF_CONF_ON_BTB_MISS_CBR_0_CONF                 0         -nan%                0         -nan%
FDIP_OFF_CONF_ON_BTB_MISS_CBR_1_CONF                 0         -nan%                0         -nan%
FDIP_OFF_CONF_ON_BTB_MISS_CBR_2_CONF                 0         -nan%                0         -nan%
FDIP_OFF_CONF_ON_BTB_MISS_CBR_3_CONF                 0         -nan%                0         -nan%
                                                     0         -nan%                0         -nan%
                                                  -nan         -nan              -nan         -nan

FDIP_OFF_CONF_ON_BTB_MISS_NOT_CF                     0         -nan%                0         -nan%
FDIP_OFF_CONF_ON_BTB_MISS_CF_BR                      0         -nan%                0         -nan%
FDIP_OFF_CONF_ON_BTB_MISS_CF_CBR                     0         -nan%                0         -nan%
FDIP_OFF_CONF_ON_BTB_MISS_CF_CALL                    0         -nan%                0         -nan%
FDIP_OFF_CONF_ON_BTB_MISS_CF_IBR                     0         -nan%                0         -nan%
FDIP_OFF_CONF_ON_BTB_MISS_CF_ICALL                   0         -nan%                0         -nan%
FDIP_OFF_CONF_ON_BTB_MISS_CF_ICO                     0         -nan%                0         -nan%
FDIP_OFF_CONF_ON_BTB_MISS_CF_RET                     0         -nan%                0         -nan%
FDIP_OFF_CONF_ON_BTB_MISS_CF_SYS                     0         -nan%                0         -nan%
                                                     0         -nan%                0         -nan%
                                                  -nan         -nan              -nan         -nan

FDIP_ON_CONF_OFF_NUM_EVENTS                        114                            928              

FDIP_ON_CONF_OFF_NUM_BTB_MISS                     3900                          36594              

FDIP_ON_CONF_OFF_NUM_OP_DIST_INC                     0                              0              

FDIP_ON_CONF_OFF_NUM_CF_BR                        4556       10.567%            48859       16.404%
FDIP_ON_CONF_OFF_NUM_CF_CBR                      32048       74.331%           188895       63.419%
FDIP_ON_CONF_OFF_NUM_CF_CALL                      2201        5.105%            23498        7.889%
FDIP_ON_CONF_OFF_NUM_CF_IBR                        147        0.341%             2634        0.884%
FDIP_ON_CONF_OFF_NUM_CF_ICALL                      361        0.837%             2735        0.918%
FDIP_ON_CONF_OFF_NUM_CF_ICO                          0        0.000%                0        0.000%
FDIP_ON_CONF_OFF_NUM_CF_RET                       3802        8.818%            31232       10.486%
FDIP_ON_CONF_OFF_NUM_CF_SYS                          0        0.000%                0        0.000%
                                                 43115      100.000%           297853      100.000%
                                                  1.42         1.44              1.48         1.54

FDIP_ON_CONF_OFF_NUM_CONF_0_BR                    1148        2.663%            17209        5.778%
FDIP_ON_CONF_OFF_NUM_CONF_1_BR                     647        1.501%            17579        5.902%
FDIP_ON_CONF_OFF_NUM_CONF_2_BR                     622        1.443%            13387        4.494%
FDIP_ON_CONF_OFF_NUM_CONF_3_BR                   40698       94.394%           249678       83.826%
                                                 43115      100.000%           297853      100.000%
                                                  2.88         2.81              2.66         2.50

FDIP_BTB_NUM_CYCLES_OFF_PATH_EVENT                  44                            426              

FDIP_BP_CONF_0_MISPRED                            3129        0.087%            15545        0.135%
FDIP_BP_CONF_1_MISPRED                            7955        0.222%            34697        0.301%
FDIP_BP_CONF_2_MISPRED                            2970        0.083%            13409        0.116%
FDIP_BP_CONF_3_MISPRED                           10369        0.289%            37282        0.323%
FDIP_BP_CONF_0_CORRECT                           28969        0.808%           213077        1.847%
FDIP_BP_CONF_1_CORRECT                           46253        1.289%           360060        3.121%
FDIP_BP_CONF_2_CORRECT                           42878        1.195%           240656        2.086%
FDIP_BP_CONF_3_CORRECT                         3444673       96.027%         10622113       92.071%
                                               3587196      100.000%         11536839      100.000%
                                                  6.90         6.78              6.82         6.58

FDIP_ON_CONF_OFF_BTB_MISS_BP_TAKEN_CONF_0             6        5.263%               45        4.849%
FDIP_ON_CONF_OFF_BTB_MISS_BP_TAKEN_CONF_1            15       13.158%              134       14.440%
FDIP_ON_CONF_OFF_BTB_MISS_BP_TAKEN_CONF_2             3        2.632%               10        1.078%
FDIP_ON_CONF_OFF_BTB_MISS_BP_TAKEN_CONF_3            51       44.737%              393       42.349%
FDIP_ON_CONF_OFF_BTB_MISS_RATE                      29       25.439%              204       21.983%
FDIP_ON_CONF_OFF_INV_CONF_INC                       10        8.772%              142       15.302%
                                                   114      100.000%              928      100.000%
                                                  2.98         1.40              3.08         1.69

FDIP_ON_CONF_OFF_BTB_MISS_BP_TAKEN_CONF_0_PREF_CANDIDATES             6        0.043%              146        0.137%
FDIP_ON_CONF_OFF_BTB_MISS_BP_TAKEN_CONF_1_PREF_CANDIDATES            33        0.236%              260        0.245%
FDIP_ON_CONF_OFF_BTB_MISS_BP_TAKEN_CONF_2_PREF_CANDIDATES             3        0.021%               15        0.014%
FDIP_ON_CONF_OFF_BTB_MISS_BP_TAKEN_CONF_3_PREF_CANDIDATES           140        1.002%              868        0.817%
FDIP_ON_CONF_OFF_BTB_MISS_RATE_PREF_CANDIDATES         10021       71.717%            81805       77.010%
FDIP_ON_CONF_OFF_INV_CONF_INC_PREF_CANDIDATES          3770       26.981%            23132       21.776%
                                                 13973      100.000%           106226      100.000%
                                                  4.25         2.26              4.20         2.01

FDIP_ON_CONF_OFF_BTB_MISS_BP_TAKEN_CONF_0_EMITTED             0        0.000%                3        0.467%
FDIP_ON_CONF_OFF_BTB_MISS_BP_TAKEN_CONF_1_EMITTED             0        0.000%                9        1.400%
FDIP_ON_CONF_OFF_BTB_MISS_BP_TAKEN_CONF_2_EMITTED             0        0.000%                0        0.000%
FDIP_ON_CONF_OFF_BTB_MISS_BP_TAKEN_CONF_3_EMITTED             2      100.000%               14        2.177%
FDIP_ON_CONF_OFF_BTB_MISS_RATE_EMITTED               0        0.000%              617       95.956%
FDIP_ON_CONF_OFF_INV_CONF_INC_EMITTED                0        0.000%                0        0.000%
                                                     2      100.000%              643      100.000%
                                                  3.00         0.00              3.92         0.38

ICACHE_FIRST_MISS_AFTER_WARMUP_SEEN_DURING_WARMUP             9       12.162%                9       12.162%
ICACHE_FIRST_MISS_AFTER_WARMUP_NOT_SEEN_DURING_WARMUP            65       87.838%               65       87.838%
                                                    74      100.000%               74      100.000%
                                                  0.88         0.84              0.88         0.84

ICACHE_FIRST_MISS_AFTER_WARMUP_NO_PREF_DURING_WARMUP             1       20.000%                1       20.000%
ICACHE_FIRST_MISS_AFTER_WARMUP_TRAINED_UNUSEFUL_DURING_WARMUP             0        0.000%                0        0.000%
ICACHE_FIRST_MISS_AFTER_WARMUP_TRAINED_USEFUL_DURING_WARMUP             4       80.000%                4       80.000%
                                                     5      100.000%                5      100.000%
                                                  1.60         1.65              1.60         1.65

FDIP_PREFETCH_EVICT_NO_HIT_ONLY_ONCE                 0                              0              

FDIP_PREFETCH_HIT_ICACHE                       1867241       99.895%          4862018       99.407%
FDIP_PREFETCH_HIT_MLC                               68        0.004%            15003        0.307%
FDIP_PREFETCH_HIT_L1                               100        0.005%             1086        0.022%
FDIP_PREFETCH_HIT_DRAM                            1800        0.096%            12908        0.264%
                                               1869209      100.000%          4891015      100.000%
                                                  0.00         0.09              0.01         0.17

FDIP_MEM_BUF_MISS                                    0         -nan%                0         -nan%
FDIP_MEM_BUF_FOUND                                   0         -nan%                0         -nan%
                                                     0         -nan%                0         -nan%
                                                  -nan         -nan              -nan         -nan

DJOLT_PREFETCH_ENTRY                                 0                              0              

DJOLT_PREFETCH_INITIAL                               0                              0              

DJOLT_PREFETCH_SIG                                   0                              0              

FNLMMA_PREFETCH_TYPE0                                0         -nan%                0         -nan%
FNLMMA_PREFETCH_TYPE1                                0         -nan%                0         -nan%
FNLMMA_PREFETCH_TYPE2                                0         -nan%                0         -nan%
FNLMMA_PREFETCH_TYPE3                                0         -nan%                0         -nan%
FNLMMA_PREFETCH_TYPE4                                0         -nan%                0         -nan%
                                                     0         -nan%                0         -nan%
                                                  -nan         -nan              -nan         -nan



