Scarab gitrev: 3067351
Scarab started at Fri Jan  3 10:11:20 2025

Initialized Ramulator. 
** Heartbeat:   5% -- { 1000001 } -- 0.00 KIPS (50.00 KIPS)
** Heartbeat:  10% -- { 2000006 } -- 62.50 KIPS (55.56 KIPS)
** Heartbeat:  15% -- { 3000008 } -- 62.50 KIPS (57.69 KIPS)
** Heartbeat:  20% -- { 4000013 } -- 58.82 KIPS (57.97 KIPS)
** Heartbeat:  25% -- { 5000014 } -- 62.50 KIPS (58.82 KIPS)
** Heartbeat:  30% -- { 6000016 } -- 62.50 KIPS (59.41 KIPS)
** Heartbeat:  35% -- { 7000019 } -- 62.50 KIPS (59.83 KIPS)
** Heartbeat:  40% -- { 8000023 } -- 62.50 KIPS (60.15 KIPS)
** Heartbeat:  45% -- { 9000025 } -- 62.50 KIPS (60.40 KIPS)
** Heartbeat:  50% -- { 10000026 } -- 62.50 KIPS (60.61 KIPS)
** Heartbeat:  55% -- { 11000029 } -- 58.82 KIPS (60.44 KIPS)
** Heartbeat:  60% -- { 12000029 } -- 62.50 KIPS (60.61 KIPS)
** Heartbeat:  65% -- { 13000030 } -- 58.82 KIPS (60.47 KIPS)
** Heartbeat:  70% -- { 14000032 } -- 62.50 KIPS (60.61 KIPS)
** Heartbeat:  75% -- { 15000033 } -- 58.82 KIPS (60.48 KIPS)
** Heartbeat:  80% -- { 16000035 } -- 62.50 KIPS (60.61 KIPS)
** Heartbeat:  85% -- { 17000036 } -- 58.82 KIPS (60.50 KIPS)
** Heartbeat:  90% -- { 18000036 } -- 62.50 KIPS (60.61 KIPS)
** Heartbeat:  95% -- { 19000036 } -- 58.82 KIPS (60.51 KIPS)
Warning could not fetch inst from frontend
Warning could not fetch inst from frontend
Warning could not fetch inst from frontend
Warning could not fetch inst from frontend
Warning could not fetch inst from frontend
Warning could not fetch inst from frontend
Warning could not fetch inst from frontend
Warning could not fetch inst from frontend
Warning could not fetch inst from frontend
Warning could not fetch inst from frontend
Warning could not fetch inst from frontend
Warning could not fetch inst from frontend
Warning could not fetch inst from frontend
Warning could not fetch inst from frontend
Warning could not fetch inst from frontend
Warning could not fetch inst from frontend
Warning could not fetch inst from frontend
Warning could not fetch inst from frontend
Warning could not fetch inst from frontend
Warning could not fetch inst from frontend
Warning could not fetch inst from frontend
Warning could not fetch inst from frontend
Warning could not fetch inst from frontend
Warning could not fetch inst from frontend
Warning could not fetch inst from frontend
Warning could not fetch inst from frontend
Warning could not fetch inst from frontend
Warning could not fetch inst from frontend
Warning could not fetch inst from frontend
Warning could not fetch inst from frontend
Warning could not fetch inst from frontend
Warning could not fetch inst from frontend
Warning could not fetch inst from frontend
Warning could not fetch inst from frontend
Warning could not fetch inst from frontend
Warning could not fetch inst from frontend
Warning could not fetch inst from frontend
Warning could not fetch inst from frontend
Warning could not fetch inst from frontend
Warning could not fetch inst from frontend
Warning could not fetch inst from frontend
Warning could not fetch inst from frontend
Warning could not fetch inst from frontend
Warning could not fetch inst from frontend
Warning could not fetch inst from frontend
Warning could not fetch inst from frontend
Warning could not fetch inst from frontend
Warning could not fetch inst from frontend
Warning could not fetch inst from frontend
Warning could not fetch inst from frontend
Warning could not fetch inst from frontend
Warning could not fetch inst from frontend
Warning could not fetch inst from frontend
Warning could not fetch inst from frontend
Warning could not fetch inst from frontend
Warning could not fetch inst from frontend
Warning could not fetch inst from frontend
Warning could not fetch inst from frontend
Warning could not fetch inst from frontend
Warning could not fetch inst from frontend
Warning could not fetch inst from frontend
Warning could not fetch inst from frontend
Warning could not fetch inst from frontend
Warning could not fetch inst from frontend
Warning could not fetch inst from frontend
Warning could not fetch inst from frontend
Warning could not fetch inst from frontend
Warning could not fetch inst from frontend
Warning could not fetch inst from frontend
Warning could not fetch inst from frontend
Warning could not fetch inst from frontend
Warning could not fetch inst from frontend
Warning could not fetch inst from frontend
Warning could not fetch inst from frontend
Warning could not fetch inst from frontend
Warning could not fetch inst from frontend
Warning could not fetch inst from frontend
Warning could not fetch inst from frontend
Warning could not fetch inst from frontend
** Core 0 Finished:    insts:20110175    cycles:7402041     time:2313137812500       -- 2.72 IPC (2.72 IPC) --  N/A  KIPS (60.61 KIPS)
Scarab finished at Fri Jan  3 10:16:50 2025

