/* -*- Mode: c -*- */
####################################################################################################
Core 0
####################################################################################################
Cumulative:        Cycles: 7571567               Instructions: 20112261              IPC: 2.65629

Periodic:          Cycles: 3599398               Instructions: 10054925              IPC: 2.79350

PREF_DL0REQ_QUEUE_HIT_BY_DEMAND                      0                              0              

PREF_UMLC_REQ_QUEUE_HIT_BY_DEMAND                    0                              0              

PREF_UL1REQ_QUEUE_HIT_BY_DEMAND                      0                              0              

PREF_DL0REQ_QUEUE_FULL                               0                              0              

PREF_UMLC_REQ_QUEUE_FULL                             0                              0              

PREF_UL1REQ_QUEUE_FULL                               0                              0              

PREF_DC_HIT_NOSEND                                   0                              0              

PREF_WBQDC_HIT_NOSEND                                0                              0              

PREF_MLCQ_STALL                                      0                              0              

PREF_L1Q_STALL                                       0                              0              

PREF_UMLC_REQ_SEND_QUEUE_STALL                       0                              0              

PREF_UL1REQ_SEND_QUEUE_STALL                         0                              0              

PREF_UMLC_REQ_QUEUE_SENTREQ                          0                              0              

PREF_UL1REQ_QUEUE_SENTREQ                          426                           1747              

PREF_NEWREQ_MATCHED                                  3                             74              

PREF_UMLC_REQ_QUEUE_MATCHED_REQ                      0                              0              

PREF_UL1REQ_QUEUE_MATCHED_REQ                        0                             56              

PREF_DL0REQ_QUEUE_MATCHED_REQ                        0                              0              

L1_PREF_HIT                                         30                            296              

L1_PREF_UNIQUE_HIT                                   9                            244              

L1_PREF_LATE                                         0                             62              

L1_LATE_PREF_CYCLES                                  0                           4346              

L1_LATE_PREF_CYCLES_DIST_0                           0         -nan%               49       79.032%
L1_LATE_PREF_CYCLES_DIST_100                         0         -nan%                9       14.516%
L1_LATE_PREF_CYCLES_DIST_200                         0         -nan%                4        6.452%
L1_LATE_PREF_CYCLES_DIST_300                         0         -nan%                0        0.000%
L1_LATE_PREF_CYCLES_DIST_400                         0         -nan%                0        0.000%
L1_LATE_PREF_CYCLES_DIST_500                         0         -nan%                0        0.000%
L1_LATE_PREF_CYCLES_DIST_600                         0         -nan%                0        0.000%
L1_LATE_PREF_CYCLES_DIST_700                         0         -nan%                0        0.000%
L1_LATE_PREF_CYCLES_DIST_800                         0         -nan%                0        0.000%
L1_LATE_PREF_CYCLES_DIST_900                         0         -nan%                0        0.000%
L1_LATE_PREF_CYCLES_DIST_1000                        0         -nan%                0        0.000%
L1_LATE_PREF_CYCLES_DIST_1100                        0         -nan%                0        0.000%
L1_LATE_PREF_CYCLES_DIST_1200                        0         -nan%                0        0.000%
L1_LATE_PREF_CYCLES_DIST_1300                        0         -nan%                0        0.000%
L1_LATE_PREF_CYCLES_DIST_1400                        0         -nan%                0        0.000%
L1_LATE_PREF_CYCLES_DIST_1500                        0         -nan%                0        0.000%
L1_LATE_PREF_CYCLES_DIST_1600                        0         -nan%                0        0.000%
L1_LATE_PREF_CYCLES_DIST_1700                        0         -nan%                0        0.000%
L1_LATE_PREF_CYCLES_DIST_1800                        0         -nan%                0        0.000%
L1_LATE_PREF_CYCLES_DIST_1900                        0         -nan%                0        0.000%
L1_LATE_PREF_CYCLES_DIST_2000                        0         -nan%                0        0.000%
                                                     0         -nan%               62      100.000%
                                                  -nan         -nan              0.27         0.52

MLC_PREF_HIT                                     51283                         104581              

MLC_PREF_UNIQUE_HIT                                 89                           1425              

MLC_PREF_LATE                                        0                              0              

PREF_HYBRID_SEL_0                                    0         -nan%                0         -nan%
PREF_HYBRID_SEL_1                                    0         -nan%                0         -nan%
PREF_HYBRID_SEL_2                                    0         -nan%                0         -nan%
PREF_HYBRID_SEL_3                                    0         -nan%                0         -nan%
PREF_HYBRID_SEL_4                                    0         -nan%                0         -nan%
PREF_HYBRID_SEL_5                                    0         -nan%                0         -nan%
PREF_HYBRID_SEL_6                                    0         -nan%                0         -nan%
                                                     0         -nan%                0         -nan%
                                                  -nan         -nan              -nan         -nan

PREF_DISTANCE_1                                      0         -nan%                0         -nan%
PREF_DISTANCE_2                                      0         -nan%                0         -nan%
PREF_DISTANCE_3                                      0         -nan%                0         -nan%
PREF_DISTANCE_4                                      0         -nan%                0         -nan%
PREF_DISTANCE_5                                      0         -nan%                0         -nan%
PREF_DISTANCE_6                                      0         -nan%                0         -nan%
PREF_DISTANCE_7                                      0         -nan%                0         -nan%
PREF_DISTANCE_8                                      0         -nan%                0         -nan%
PREF_DISTANCE_9                                      0         -nan%                0         -nan%
PREF_DISTANCE_10                                     0         -nan%                0         -nan%
                                                     0         -nan%                0         -nan%
                                                  -nan         -nan              -nan         -nan

PREF_REPL_MRU                                        0         -nan%                0         -nan%
PREF_REPL_MID                                        0         -nan%                0         -nan%
PREF_REPL_LOWQTR                                     0         -nan%                0         -nan%
PREF_REPL_LRU                                        0         -nan%                0         -nan%
                                                     0         -nan%                0         -nan%
                                                  -nan         -nan              -nan         -nan

PREF_REPL_MOVEDOWN                                   0         -nan%                0         -nan%
PREF_REPL_MOVEUP                                     0         -nan%                0         -nan%
                                                     0         -nan%                0         -nan%
                                                  -nan         -nan              -nan         -nan

PREF_COV_1                                           0         -nan%                0         -nan%
PREF_COV_2                                           0         -nan%                0         -nan%
PREF_COV_3                                           0         -nan%                0         -nan%
PREF_COV_4                                           0         -nan%                0         -nan%
PREF_COV_5                                           0         -nan%                0         -nan%
PREF_COV_6                                           0         -nan%                0         -nan%
PREF_COV_7                                           0         -nan%                0         -nan%
PREF_COV_8                                           0         -nan%                0         -nan%
PREF_COV_9                                           0         -nan%                0         -nan%
PREF_COV_10                                          0         -nan%                0         -nan%
                                                     0         -nan%                0         -nan%
                                                  -nan         -nan              -nan         -nan

PREF_POL_1                                           0         -nan%                0         -nan%
PREF_POL_2                                           0         -nan%                0         -nan%
PREF_POL_3                                           0         -nan%                0         -nan%
PREF_POL_4                                           0         -nan%                0         -nan%
PREF_POL_5                                           0         -nan%                0         -nan%
PREF_POL_6                                           0         -nan%                0         -nan%
PREF_POL_7                                           0         -nan%                0         -nan%
PREF_POL_8                                           0         -nan%                0         -nan%
PREF_POL_9                                           0         -nan%                0         -nan%
PREF_POL_10                                          0         -nan%                0         -nan%
                                                     0         -nan%                0         -nan%
                                                  -nan         -nan              -nan         -nan

PREF_ACC_1                                           0         -nan%                0         -nan%
PREF_ACC_2                                           0         -nan%                0         -nan%
PREF_ACC_3                                           0         -nan%                0         -nan%
PREF_ACC_4                                           0         -nan%                0         -nan%
PREF_ACC_5                                           0         -nan%                0         -nan%
PREF_ACC_6                                           0         -nan%                0         -nan%
PREF_ACC_7                                           0         -nan%                0         -nan%
PREF_ACC_8                                           0         -nan%                0         -nan%
PREF_ACC_9                                           0         -nan%                0         -nan%
PREF_ACC_10                                          0         -nan%                0         -nan%
                                                     0         -nan%                0         -nan%
                                                  -nan         -nan              -nan         -nan

PREF_TIMELY_1                                        0         -nan%                0         -nan%
PREF_TIMELY_2                                        0         -nan%                0         -nan%
PREF_TIMELY_3                                        0         -nan%                0         -nan%
PREF_TIMELY_4                                        0         -nan%                0         -nan%
PREF_TIMELY_5                                        0         -nan%                0         -nan%
PREF_TIMELY_6                                        0         -nan%                0         -nan%
PREF_TIMELY_7                                        0         -nan%                0         -nan%
PREF_TIMELY_8                                        0         -nan%                0         -nan%
PREF_TIMELY_9                                        0         -nan%                0         -nan%
PREF_TIMELY_10                                       0         -nan%                0         -nan%
                                                     0         -nan%                0         -nan%
                                                  -nan         -nan              -nan         -nan

PREF_UNUSED_EVICT                                  822                           3141              

PREF_REGION_SENT                                     0                              0              

PREF_REGION_USEFUL                                   0                              0              

PREF_REGION_EVICT                                    0                              0              

PREF_PFPOL                                           0                              0              

PREF_PHASE_NEWPHASE_DET                              0                              0              

PREF_PHASE_NEWPHASE_NOTVALID                         0                              0              

PREF_PHASE_SENTPREF                                  0                              0              

PREF_PHASE_OVERWRITE_PAGE                            0                              0              

PREF_UPDATE_COUNT                                    0                              0              

PREF_ACC1_HT_HP                                      0         -nan%                0         -nan%
PREF_ACC1_HT_LP                                      0         -nan%                0         -nan%
PREF_ACC1_LT_HP                                      0         -nan%                0         -nan%
PREF_ACC1_LT_LP                                      0         -nan%                0         -nan%
PREF_ACC2_HT_HP                                      0         -nan%                0         -nan%
PREF_ACC2_HT_LP                                      0         -nan%                0         -nan%
PREF_ACC2_LT_HP                                      0         -nan%                0         -nan%
PREF_ACC2_LT_LP                                      0         -nan%                0         -nan%
PREF_ACC3_HT_HP                                      0         -nan%                0         -nan%
PREF_ACC3_HT_LP                                      0         -nan%                0         -nan%
PREF_ACC3_LT_HP                                      0         -nan%                0         -nan%
PREF_ACC3_LT_LP                                      0         -nan%                0         -nan%
PREF_ACC4_HT_HP                                      0         -nan%                0         -nan%
PREF_ACC4_HT_LP                                      0         -nan%                0         -nan%
PREF_ACC4_LT_HP                                      0         -nan%                0         -nan%
PREF_ACC4_LT_LP                                      0         -nan%                0         -nan%
                                                     0         -nan%                0         -nan%
                                                  -nan         -nan              -nan         -nan

FDIP_DECIDE_PREF_ONPATH                        1461288                        2921672              

FDIP_DECIDE_PREF_OFFPATH                        799810                        1690369              

FDIP_NEW_PREFETCHES_ONPATH                      333688                         666154              

FDIP_NEW_PREFETCHES_OFFPATH                     107546                         224765              

FDIP_PREF_ICACHE_PROBE_HIT_ONPATH              1042043                        2083810              

FDIP_PREF_ICACHE_PROBE_HIT_OFFPATH              665881                        1409090              

FDIP_PREF_MSHR_PROBE_HIT_ONPATH                  85557                         171708              

FDIP_PREF_MSHR_PROBE_HIT_OFFPATH                 26383                          56514              

FDIP_ATTEMPTED_PREF_ONPATH                     1464988                        2929862              

FDIP_ATTEMPTED_PREF_OFFPATH                     847212                        1811216              

FDIP_ALT_PATH_PREFETCHES_IC_EMITTED                  0                              0              

FDIP_ALT_PATH_PREFETCHES_IC_TRIGGERED                0                              0              

FDIP_ALT_PATH_PREFETCHES_UOC_EMITTED_OFF_PATH             0         -nan%                0         -nan%
FDIP_ALT_PATH_PREFETCHES_UOC_EMITTED_ON_PATH             0         -nan%                0         -nan%
                                                     0         -nan%                0         -nan%
                                                  -nan         -nan              -nan         -nan

FDIP_ALT_PATH_PREFETCHES_UOC_TRIGGERED               0                              0              

FDIP_BREAK_REACH_FTQ_END                       2683518       74.555%          5679860       75.016%
FDIP_BREAK_FTQ_EMPTY                                 0        0.000%                0        0.000%
FDIP_BREAK_MAX_FTQ_ENTRY_CYC                    915880       25.445%          1890978       24.975%
FDIP_BREAK_FULL_MEM_REQ_BUF                          0        0.000%              729        0.010%
                                               3599398      100.000%          7571567      100.000%
                                                  0.51         0.75              0.50         0.75

FDIP_CYCLE_COUNT                                     0                              0              

ICACHE_USEFUL_FETCHES                                4                           2016              

USEFUL_CACHELINES_RETIRED                            0                              0              

ICACHE_UNUSEFUL_FETCHES                              2                           5598              

UNIQUE_MISSED_LINES                                  3                           1410              

UNIQUE_HIT_LINES                                     0                           2126              

UNIQUE_PREFETCHED_LINES                              0                              0              

FDIP_BTB_MISS_NT_RESTEER_ONPATH                  17312                          37230              

FDIP_BTB_MISS_NT_RESTEER_OFFPATH                 33481                          69229              

FDIP_UTILITY_HASH_HIT                                0         -nan%                0         -nan%
FDIP_UTILITY_HASH_MISS                               0         -nan%                0         -nan%
                                                     0         -nan%                0         -nan%
                                                  -nan         -nan              -nan         -nan

FDIP_UC_HIT                                          0         -nan%                0         -nan%
FDIP_UC_MISS                                         0         -nan%                0         -nan%
                                                     0         -nan%                0         -nan%
                                                  -nan         -nan              -nan         -nan

FDIP_UC_USEFUL_LINES                                 0                              0              

FDIP_UC_REPLACEMENT                                  0                              0              

FDIP_BLOOM_HIT                                 1263448       96.113%          2504872       95.127%
FDIP_BLOOM_MISS                                  51102        3.887%           128305        4.873%
                                               1314550      100.000%          2633177      100.000%
                                                  0.04         0.19              0.05         0.21

FDIP_BLOOM_INSERTED                                  4                           2302              

FDIP_BLOOM_CLEAR1                                    0                              0              

FDIP_BLOOM_CLEAR2                                    0                              0              

FDIP_BLOOM_CLEAR4                                    0                              0              

FDIP_BLOOM_1STREAM                                   0                              0              

FDIP_BLOOM_2STREAM                                   0                              0              

FDIP_BLOOM_3STREAM                                   0                              0              

FDIP_BLOOM_4STREAM                                   0                              0              

FDIP_BLOOM_5STREAM                                   0                              0              

FDIP_BLOOM_6STREAM                                   0                              0              

FDIP_BLOOM_7STREAM                                   0                              0              

FDIP_BLOOM_8STREAM                                   0                              0              

FDIP_BLOOM_1INSERT                                   3                           1789              

FDIP_BLOOM_2INSERT                                   0                            228              

FDIP_BLOOM_4INSERT                                   0                             14              

FDIP_BLOOM_NOSTREAM                                  0                              0              

FDIP_AVG_FTQ_OCCUPANCY_OPS                         345                            345              

FDIP_AVG_FTQ_OCCUPANCY                              43                             43              

FDIP_FTQ_OCCUPANCY_OPS_ACCUMULATED          1224163562                     2614056307              

FDIP_FTQ_OCCUPANCY_BLOCKS_ACCUMULATED        157087863                      332456229              

FDIP_TRAINING_SAMPLE                                 0                              0              

FDIP_SENIORITY_FTQ_ACCUMULATED               990774196                     2244965787              

FDIP_SENIORITY_FTQ_HIT                               4                           2373              

FDIP_SENIORITY_FTQ_MISS                         408003                         814497              

FDIP_OFF_CONF_ON_PREF_CANDIDATES                132505        5.731%           338138        7.132%
FDIP_OFF_CONF_OFF_PREF_CANDIDATES               714707       30.910%          1473078       31.071%
FDIP_ON_CONF_ON_PREF_CANDIDATES                 865145       37.417%          1769760       37.328%
FDIP_ON_CONF_OFF_PREF_CANDIDATES                599843       25.943%          1160102       24.469%
                                               2312200      100.000%          4741078      100.000%
                                                  1.84         1.20              1.79         1.16

FDIP_ON_CONF_ON_EMITTED                         253097       45.754%           514849       46.004%
FDIP_ON_CONF_OFF_EMITTED                        166148       30.035%           323013       28.863%
FDIP_OFF_CONF_ON_EMITTED                         12146        2.196%            35737        3.193%
FDIP_OFF_CONF_OFF_EMITTED                       121783       22.015%           245542       21.940%
                                                553174      100.000%          1119141      100.000%
                                                  1.00         1.06              1.01         1.06

FDIP_OFF_CONF_ON_NUM_EVENTS                       2430                           6975              

FDIP_OFF_CONF_ON_BTB_MISS                            0        0.000%                0        0.000%
FDIP_OFF_CONF_ON_BP_INCORRECT                     1546       63.621%             5089       72.961%
FDIP_OFF_CONF_ON_MISFETCH                          884       36.379%             1886       27.039%
FDIP_OFF_CONF_ON_NO_TARGET                           0        0.000%                0        0.000%
                                                  2430      100.000%             6975      100.000%
                                                  1.36         0.48              1.27         0.44

FDIP_OFF_CONF_ON_BTB_MISS_PREF_CANDIDATES             0        0.000%                0        0.000%
FDIP_OFF_CONF_ON_BP_INCORRECT_PREF_CANDIDATES         93528       70.585%           257603       76.183%
FDIP_OFF_CONF_ON_MISFETCH_PREF_CANDIDATES         38977       29.415%            80535       23.817%
FDIP_OFF_CONF_ON_NO_TARGET_PREF_CANDIDATES             0        0.000%                0        0.000%
                                                132505      100.000%           338138      100.000%
                                                  1.29         0.46              1.24         0.43

FDIP_OFF_CONF_ON_BTB_MISS_EMITTED                    0        0.000%                0        0.000%
FDIP_OFF_CONF_ON_BP_INCORRECT_EMITTED             2838       23.366%            16709       46.755%
FDIP_OFF_CONF_ON_MISFETCH_EMITTED                 9308       76.634%            19028       53.245%
FDIP_OFF_CONF_ON_NO_TARGET_EMITTED                   0        0.000%                0        0.000%
                                                 12146      100.000%            35737      100.000%
                                                  1.77         0.42              1.53         0.50

FDIP_OFF_CONF_ON_BP_INCORRECT_0_CONF               321       20.763%              824       16.192%
FDIP_OFF_CONF_ON_BP_INCORRECT_1_CONF               502       32.471%             2232       43.859%
FDIP_OFF_CONF_ON_BP_INCORRECT_2_CONF               297       19.211%              637       12.517%
FDIP_OFF_CONF_ON_BP_INCORRECT_3_CONF               426       27.555%             1396       27.432%
                                                  1546      100.000%             5089      100.000%
                                                  1.54         1.17              1.51         1.17

FDIP_OFF_CONF_ON_BTB_MISS_CBR_0_CONF                 0         -nan%                0         -nan%
FDIP_OFF_CONF_ON_BTB_MISS_CBR_1_CONF                 0         -nan%                0         -nan%
FDIP_OFF_CONF_ON_BTB_MISS_CBR_2_CONF                 0         -nan%                0         -nan%
FDIP_OFF_CONF_ON_BTB_MISS_CBR_3_CONF                 0         -nan%                0         -nan%
                                                     0         -nan%                0         -nan%
                                                  -nan         -nan              -nan         -nan

FDIP_OFF_CONF_ON_BTB_MISS_NOT_CF                     0         -nan%                0         -nan%
FDIP_OFF_CONF_ON_BTB_MISS_CF_BR                      0         -nan%                0         -nan%
FDIP_OFF_CONF_ON_BTB_MISS_CF_CBR                     0         -nan%                0         -nan%
FDIP_OFF_CONF_ON_BTB_MISS_CF_CALL                    0         -nan%                0         -nan%
FDIP_OFF_CONF_ON_BTB_MISS_CF_IBR                     0         -nan%                0         -nan%
FDIP_OFF_CONF_ON_BTB_MISS_CF_ICALL                   0         -nan%                0         -nan%
FDIP_OFF_CONF_ON_BTB_MISS_CF_ICO                     0         -nan%                0         -nan%
FDIP_OFF_CONF_ON_BTB_MISS_CF_RET                     0         -nan%                0         -nan%
FDIP_OFF_CONF_ON_BTB_MISS_CF_SYS                     0         -nan%                0         -nan%
                                                     0         -nan%                0         -nan%
                                                  -nan         -nan              -nan         -nan

FDIP_ON_CONF_OFF_NUM_EVENTS                       7436                          15181              

FDIP_ON_CONF_OFF_NUM_BTB_MISS                   166467                         331474              

FDIP_ON_CONF_OFF_NUM_OP_DIST_INC                     0                              0              

FDIP_ON_CONF_OFF_NUM_CF_BR                       66723        8.696%           136522        8.879%
FDIP_ON_CONF_OFF_NUM_CF_CBR                     455008       59.300%           903915       58.787%
FDIP_ON_CONF_OFF_NUM_CF_CALL                     88674       11.557%           178129       11.585%
FDIP_ON_CONF_OFF_NUM_CF_IBR                      20316        2.648%            42019        2.733%
FDIP_ON_CONF_OFF_NUM_CF_ICALL                    16198        2.111%            31809        2.069%
FDIP_ON_CONF_OFF_NUM_CF_ICO                          0        0.000%                0        0.000%
FDIP_ON_CONF_OFF_NUM_CF_RET                     109124       14.222%           218981       14.242%
FDIP_ON_CONF_OFF_NUM_CF_SYS                      11251        1.466%            26232        1.706%
                                                767294      100.000%          1537607      100.000%
                                                  1.94         1.85              1.96         1.87

FDIP_ON_CONF_OFF_NUM_CONF_0_BR                     486        0.063%             2245        0.146%
FDIP_ON_CONF_OFF_NUM_CONF_1_BR                   11549        1.505%            24681        1.605%
FDIP_ON_CONF_OFF_NUM_CONF_2_BR                     532        0.069%             2308        0.150%
FDIP_ON_CONF_OFF_NUM_CONF_3_BR                  754727       98.362%          1508373       98.099%
                                                767294      100.000%          1537607      100.000%
                                                  2.97         2.95              2.96         2.94

FDIP_BTB_NUM_CYCLES_OFF_PATH_EVENT                4650                           9283              

FDIP_BP_CONF_0_MISPRED                             506        0.018%             1486        0.026%
FDIP_BP_CONF_1_MISPRED                            1050        0.038%             3929        0.070%
FDIP_BP_CONF_2_MISPRED                             471        0.017%             1147        0.020%
FDIP_BP_CONF_3_MISPRED                           30739        1.123%            61306        1.092%
FDIP_BP_CONF_0_CORRECT                            1921        0.070%            21452        0.382%
FDIP_BP_CONF_1_CORRECT                           39849        1.456%           108352        1.930%
FDIP_BP_CONF_2_CORRECT                            2396        0.088%            10896        0.194%
FDIP_BP_CONF_3_CORRECT                         2660221       97.189%          5406680       96.286%
                                               2737153      100.000%          5615248      100.000%
                                                  6.92         6.84              6.90         6.79

FDIP_ON_CONF_OFF_BTB_MISS_BP_TAKEN_CONF_0             5        0.067%              143        0.942%
FDIP_ON_CONF_OFF_BTB_MISS_BP_TAKEN_CONF_1            68        0.914%              291        1.917%
FDIP_ON_CONF_OFF_BTB_MISS_BP_TAKEN_CONF_2             2        0.027%               18        0.119%
FDIP_ON_CONF_OFF_BTB_MISS_BP_TAKEN_CONF_3          3894       52.367%             8000       52.697%
FDIP_ON_CONF_OFF_BTB_MISS_RATE                    3467       46.625%             6729       44.325%
FDIP_ON_CONF_OFF_INV_CONF_INC                        0        0.000%                0        0.000%
                                                  7436      100.000%            15181      100.000%
                                                  3.45         0.55              3.38         0.60

FDIP_ON_CONF_OFF_BTB_MISS_BP_TAKEN_CONF_0_PREF_CANDIDATES           183        0.031%             1083        0.093%
FDIP_ON_CONF_OFF_BTB_MISS_BP_TAKEN_CONF_1_PREF_CANDIDATES          4476        0.746%            10024        0.864%
FDIP_ON_CONF_OFF_BTB_MISS_BP_TAKEN_CONF_2_PREF_CANDIDATES            27        0.005%              725        0.062%
FDIP_ON_CONF_OFF_BTB_MISS_BP_TAKEN_CONF_3_PREF_CANDIDATES        199906       33.326%           403279       34.762%
FDIP_ON_CONF_OFF_BTB_MISS_RATE_PREF_CANDIDATES        395251       65.892%           744991       64.218%
FDIP_ON_CONF_OFF_INV_CONF_INC_PREF_CANDIDATES             0        0.000%                0        0.000%
                                                599843      100.000%          1160102      100.000%
                                                  3.64         0.52              3.62         0.54

FDIP_ON_CONF_OFF_BTB_MISS_BP_TAKEN_CONF_0_EMITTED            59        0.036%              409        0.127%
FDIP_ON_CONF_OFF_BTB_MISS_BP_TAKEN_CONF_1_EMITTED          1490        0.897%             3460        1.071%
FDIP_ON_CONF_OFF_BTB_MISS_BP_TAKEN_CONF_2_EMITTED             2        0.001%              267        0.083%
FDIP_ON_CONF_OFF_BTB_MISS_BP_TAKEN_CONF_3_EMITTED         85345       51.367%           171277       53.025%
FDIP_ON_CONF_OFF_BTB_MISS_RATE_EMITTED           79252       47.700%           147600       45.695%
FDIP_ON_CONF_OFF_INV_CONF_INC_EMITTED                0        0.000%                0        0.000%
                                                166148      100.000%           323013      100.000%
                                                  3.46         0.55              3.43         0.56

ICACHE_FIRST_MISS_AFTER_WARMUP_SEEN_DURING_WARMUP             0         -nan%                0         -nan%
ICACHE_FIRST_MISS_AFTER_WARMUP_NOT_SEEN_DURING_WARMUP             0         -nan%                0         -nan%
                                                     0         -nan%                0         -nan%
                                                  -nan         -nan              -nan         -nan

ICACHE_FIRST_MISS_AFTER_WARMUP_NO_PREF_DURING_WARMUP             0         -nan%                0         -nan%
ICACHE_FIRST_MISS_AFTER_WARMUP_TRAINED_UNUSEFUL_DURING_WARMUP             0         -nan%                0         -nan%
ICACHE_FIRST_MISS_AFTER_WARMUP_TRAINED_USEFUL_DURING_WARMUP             0         -nan%                0         -nan%
                                                     0         -nan%                0         -nan%
                                                  -nan         -nan              -nan         -nan

FDIP_PREFETCH_EVICT_NO_HIT_ONLY_ONCE                 0                              0              

FDIP_PREFETCH_HIT_ICACHE                       1707924       75.535%          3492900       75.722%
FDIP_PREFETCH_HIT_MLC                           552660       24.442%          1110610       24.077%
FDIP_PREFETCH_HIT_L1                               514        0.023%              819        0.018%
FDIP_PREFETCH_HIT_DRAM                               0        0.000%             8441        0.183%
                                               2261098      100.000%          4612770      100.000%
                                                  0.24         0.37              0.25         0.39

FDIP_MEM_BUF_MISS                                    0         -nan%                0         -nan%
FDIP_MEM_BUF_FOUND                                   0         -nan%                0         -nan%
                                                     0         -nan%                0         -nan%
                                                  -nan         -nan              -nan         -nan

DJOLT_PREFETCH_ENTRY                                 0                              0              

DJOLT_PREFETCH_INITIAL                               0                              0              

DJOLT_PREFETCH_SIG                                   0                              0              

FNLMMA_PREFETCH_TYPE0                                0         -nan%                0         -nan%
FNLMMA_PREFETCH_TYPE1                                0         -nan%                0         -nan%
FNLMMA_PREFETCH_TYPE2                                0         -nan%                0         -nan%
FNLMMA_PREFETCH_TYPE3                                0         -nan%                0         -nan%
FNLMMA_PREFETCH_TYPE4                                0         -nan%                0         -nan%
                                                     0         -nan%                0         -nan%
                                                  -nan         -nan              -nan         -nan



