/* -*- Mode: c -*- */
####################################################################################################
Core 0
####################################################################################################
Cumulative:        Cycles: 9979556               Instructions: 20261833              IPC: 2.03033

Periodic:          Cycles: 4645068               Instructions: 10140579              IPC: 2.18309

EXECUTION_TIME                           1451583750000                  3118611250000              

NODE_CYCLE                                     4645068                        9979556              

NODE_INST_COUNT                               10140579                       20261833              

NODE_INST_COUNT_FETCHED                        9999999                       20000000              

NODE_UOP_COUNT                                12890703                       25719383              

FULL_WINDOW_STALL                               237523        5.113%           575282        5.765%

FULL_WINDOW_MEM_OP                              171269       99.385%           446294       99.511%
FULL_WINDOW_FP_OP                                    0        0.000%                0        0.000%
FULL_WINDOW_OTHER_OP                              1059        0.615%             2192        0.489%
                                                172328      100.000%           448486      100.000%
                                                  0.01         0.16              0.01         0.14

RET_BLOCKED_DC_MISS                             485376       10.449%          1194811       11.973%

RET_BLOCKED_L1_MISS                             102839        2.214%           382514        3.833%

RET_BLOCKED_L1_MISS_BW_PREF                       1309        0.028%             5901        0.059%

RET_BLOCKED_L1_ACCESS                           382663        8.238%           813098        8.148%

RET_BLOCKED_MEM_STALL                           102839        2.214%           382514        3.833%

RET_BLOCKED_OFFCHIP_DEMAND                           0        0.000%                0        0.000%

OP_ISSUED                                     17616266                       36402851              

OP_RETIRED                                    12890703                       25719383              

REPLAY_SIGNALED                                      0                              0              

REPLAY_COUNTED                                       0                              0              

OFF_CRITICAL_PATH                                    0         -nan%                0         -nan%
ON_CRITICAL_PATH                                     0         -nan%                0         -nan%
                                                     0         -nan%                0         -nan%
                                                  -nan         -nan              -nan         -nan

LD_NO_DEPENDENTS                                239481        8.706%           484724        8.827%
LD_DEPENDENTS                                  2511373       91.294%          5006651       91.173%
                                               2750854      100.000%          5491375      100.000%
                                                  0.91         0.88              0.91         0.87

LD_EXEC_CYCLES_0                                     0        0.000%                0        0.000%
LD_EXEC_CYCLES_1                                     0        0.000%                0        0.000%
LD_EXEC_CYCLES_2                                     0        0.000%                0        0.000%
LD_EXEC_CYCLES_3                                   508       47.610%             1008       48.508%
LD_EXEC_CYCLES_4                                   559       52.390%             1070       51.492%
                                                  1067      100.000%             2078      100.000%
                                                  3.52         2.60              3.51         2.57

ICACHE_STAGE_STARVED                            473256       15.401%          1169401       18.467%
ICACHE_STAGE_NOT_STARVED                       2599618       84.599%          5163046       81.533%
                                               3072874      100.000%          6332447      100.000%
                                                  0.85         0.79              0.82         0.75

ICACHE_STAGE_STALLED                            109764        2.363%           227919        2.284%
ICACHE_STAGE_NOT_STALLED                       3072874       66.153%          6332447       63.454%
ICACHE_STAGE_OFF_PATH                          1462430       31.484%          3419190       34.262%
                                               4645068      100.000%          9979556      100.000%
                                                  1.29         0.86              1.32         0.91

DECODE_STAGE_STARVED                           4079166       91.663%          8787501       92.512%
DECODE_STAGE_NOT_STARVED                        371020        8.337%           711252        7.488%
                                               4450186      100.000%          9498753      100.000%
                                                  0.08         0.27              0.07         0.25

DECODE_STAGE_STALLED                            111653        2.404%           233645        2.341%
DECODE_STAGE_NOT_STALLED                       4338533       93.401%          9265108       92.841%
DECODE_STAGE_OFF_PATH                           194882        4.195%           480803        4.818%
                                               4645068      100.000%          9979556      100.000%
                                                  1.02         0.29              1.02         0.31

UOPQ_STAGE_STARVED                             4081441       87.866%          8794737       88.128%
UOPQ_STAGE_NOT_STARVED                          563627       12.134%          1184819       11.872%
                                               4645068      100.000%          9979556      100.000%
                                                  0.12         0.31              0.12         0.31

UOPQ_STAGE_STALLED                                   0        0.000%                0        0.000%
UOPQ_STAGE_NOT_STALLED                         4645068      100.000%          9979556      100.000%
UOPQ_STAGE_OFF_PATH                                  0        0.000%                0        0.000%
                                               4645068      100.000%          9979556      100.000%
                                                  1.00         0.00              1.00         0.00

MAP_STAGE_STARVED                               553039       16.419%          1350423       19.340%
MAP_STAGE_NOT_STARVED                          2815206       83.581%          5632217       80.660%
                                               3368245      100.000%          6982640      100.000%
                                                  0.84         0.78              0.81         0.74

MAP_STAGE_STALLED                               133513        2.874%           277277        2.778%
MAP_STAGE_NOT_STALLED                          3234732       69.638%          6705363       67.191%
MAP_STAGE_OFF_PATH                             1276823       27.488%          2996916       30.031%
                                               4645068      100.000%          9979556      100.000%
                                                  1.25         0.79              1.27         0.83

EXEC_STAGE_STARVED                             1039932       22.388%          2018109       20.222%
EXEC_STAGE_NOT_STARVED                         2717866       58.511%          5858872       58.709%
EXEC_STAGE_OFF_PATH                             887270       19.101%          2102575       21.069%
                                               4645068      100.000%          9979556      100.000%
                                                  0.97         0.62              1.01         0.65

FU_BUSY_0                                      3904052                        8023687              

FU_BUSY_1                                      2667941                        5437562              

FU_BUSY_2                                      1286680                        2633271              

FU_BUSY_3                                       555521                        1148669              

FU_BUSY_4                                      1928412                        3928105              

FU_BUSY_5                                       469124                         951892              

FU_BUSY_6                                      3093928                        6297678              

FU_BUSY_7                                      1909357                        3834701              

FU_BUSY_8                                      1188244                        2358013              

FU_BUSY_9                                       781997                        1535804              

FU_BUSY_10                                           0                              0              

FU_BUSY_11                                           0                              0              

FU_BUSY_12                                           0                              0              

FU_BUSY_13                                           0                              0              

FU_BUSY_14                                           0                              0              

FU_BUSY_15                                           0                              0              

FU_BUSY_16                                           0                              0              

FU_BUSY_17                                           0                              0              

FU_BUSY_18                                           0                              0              

FU_BUSY_19                                           0                              0              

FU_BUSY_20                                           0                              0              

FU_BUSY_21                                           0                              0              

FU_BUSY_22                                           0                              0              

FU_BUSY_23                                           0                              0              

FU_BUSY_24                                           0                              0              

FU_BUSY_25                                           0                              0              

FU_BUSY_26                                           0                              0              

FU_BUSY_27                                           0                              0              

FU_BUSY_28                                           0                              0              

FU_BUSY_29                                           0                              0              

FU_BUSY_30                                           0                              0              

FU_BUSY_31                                           0                              0              

OP_WAIT_0                                      8604234                       17197775              

OP_WAIT_1                                      2421001                        4912040              

OP_WAIT_2                                       869465                        1694733              

OP_WAIT_3                                       206889                         402397              

OP_WAIT_4                                       118795                         233408              

OP_WAIT_5                                        84016                         163796              

OP_WAIT_6                                        62220                         119360              

OP_WAIT_7                                        49225                          94922              

OP_WAIT_8                                        41058                          79368              

OP_WAIT_9                                        34008                          65896              

OP_WAIT_10                                       31767                          60854              

OP_WAIT_11                                       27880                          53341              

OP_WAIT_12                                       25298                          48555              

OP_WAIT_13                                       22029                          42232              

OP_WAIT_14                                       20366                          38999              

OP_WAIT_15                                       18722                          35979              

OP_WAIT_16                                       17329                          32945              

OP_WAIT_17                                       15247                          28899              

OP_WAIT_18                                       14792                          27964              

OP_WAIT_19                                       12788                          24274              

OP_WAIT_20                                       12527                          23523              

OP_WAIT_21                                       10977                          20918              

OP_WAIT_22                                       10948                          20342              

OP_WAIT_23                                        9783                          18132              

OP_WAIT_24                                        8689                          16405              

OP_WAIT_25                                        8451                          15902              

OP_WAIT_26                                        9589                          18282              

OP_WAIT_27                                        7552                          14082              

OP_WAIT_28                                        7913                          14786              

OP_WAIT_29                                        6969                          12826              

OP_WAIT_30                                        6700                          12340              

OP_WAIT_31                                       93476                         174108              

ROW_SIZE_0                                     1381349                        3125753              

ROW_SIZE_1                                      509320                        1079469              

ROW_SIZE_2                                      307048                         655505              

ROW_SIZE_3                                      196833                         416627              

ROW_SIZE_4                                      208353                         408796              

ROW_SIZE_5                                       85626                         176943              

ROW_SIZE_6                                     1652541                        3259854              

ROW_SIZE_7                                           0                              0              

ROW_SIZE_8                                           0                              0              

ROW_SIZE_9                                           0                              0              

ROW_SIZE_10                                          0                              0              

ROW_SIZE_11                                          0                              0              

ROW_SIZE_12                                          0                              0              

ROW_SIZE_13                                          0                              0              

ROW_SIZE_14                                          0                              0              

ROW_SIZE_15                                          0                              0              

ROW_SIZE_16                                          0                              0              

ROW_SIZE_17                                          0                              0              

ROW_SIZE_18                                          0                              0              

ROW_SIZE_19                                          0                              0              

ROW_SIZE_20                                          0                              0              

ROW_SIZE_21                                          0                              0              

ROW_SIZE_22                                          0                              0              

ROW_SIZE_23                                          0                              0              

ROW_SIZE_24                                          0                              0              

ROW_SIZE_25                                          0                              0              

ROW_SIZE_26                                          0                              0              

ROW_SIZE_27                                          0                              0              

ROW_SIZE_28                                          0                              0              

ROW_SIZE_29                                          0                              0              

ROW_SIZE_30                                          0                              0              

ROW_SIZE_31                                          0                              0              

RET_OP_EXEC_COUNT_0                                  0        0.000%                0        0.000%
RET_OP_EXEC_COUNT_1                           12890703      100.000%         25719383      100.000%
RET_OP_EXEC_COUNT_2                                  0        0.000%                0        0.000%
RET_OP_EXEC_COUNT_3                                  0        0.000%                0        0.000%
RET_OP_EXEC_COUNT_4                                  0        0.000%                0        0.000%
RET_OP_EXEC_COUNT_5                                  0        0.000%                0        0.000%
RET_OP_EXEC_COUNT_6                                  0        0.000%                0        0.000%
RET_OP_EXEC_COUNT_7                                  0        0.000%                0        0.000%
RET_OP_EXEC_COUNT_8                                  0        0.000%                0        0.000%
RET_OP_EXEC_COUNT_9                                  0        0.000%                0        0.000%
RET_OP_EXEC_COUNT_10                                 0        0.000%                0        0.000%
RET_OP_EXEC_COUNT_11                                 0        0.000%                0        0.000%
RET_OP_EXEC_COUNT_12                                 0        0.000%                0        0.000%
RET_OP_EXEC_COUNT_13                                 0        0.000%                0        0.000%
RET_OP_EXEC_COUNT_14                                 0        0.000%                0        0.000%
RET_OP_EXEC_COUNT_15                                 0        0.000%                0        0.000%
RET_OP_EXEC_COUNT_16                                 0        0.000%                0        0.000%
RET_OP_EXEC_COUNT_17                                 0        0.000%                0        0.000%
RET_OP_EXEC_COUNT_18                                 0        0.000%                0        0.000%
RET_OP_EXEC_COUNT_19                                 0        0.000%                0        0.000%
RET_OP_EXEC_COUNT_20                                 0        0.000%                0        0.000%
RET_OP_EXEC_COUNT_21                                 0        0.000%                0        0.000%
RET_OP_EXEC_COUNT_22                                 0        0.000%                0        0.000%
RET_OP_EXEC_COUNT_23                                 0        0.000%                0        0.000%
RET_OP_EXEC_COUNT_24                                 0        0.000%                0        0.000%
RET_OP_EXEC_COUNT_25                                 0        0.000%                0        0.000%
RET_OP_EXEC_COUNT_26                                 0        0.000%                0        0.000%
RET_OP_EXEC_COUNT_27                                 0        0.000%                0        0.000%
RET_OP_EXEC_COUNT_28                                 0        0.000%                0        0.000%
RET_OP_EXEC_COUNT_29                                 0        0.000%                0        0.000%
RET_OP_EXEC_COUNT_30                                 0        0.000%                0        0.000%
RET_OP_EXEC_COUNT_31                                 0        0.000%                0        0.000%
RET_OP_EXEC_COUNT_32                                 0        0.000%                0        0.000%
                                              12890703      100.000%         25719383      100.000%
                                                  1.00         0.00              1.00         0.00

RET_STALL_LENGTH_0                            12889972       99.994%         25716674       99.989%
RET_STALL_LENGTH_100                               691        0.005%             2465        0.010%
RET_STALL_LENGTH_200                                15        0.000%              159        0.001%
RET_STALL_LENGTH_300                                 3        0.000%               15        0.000%
RET_STALL_LENGTH_400                                 4        0.000%               11        0.000%
RET_STALL_LENGTH_500                                 1        0.000%                7        0.000%
RET_STALL_LENGTH_600                                 1        0.000%                6        0.000%
RET_STALL_LENGTH_700                                 2        0.000%                5        0.000%
RET_STALL_LENGTH_800                                 1        0.000%                3        0.000%
RET_STALL_LENGTH_900                                 4        0.000%                5        0.000%
RET_STALL_LENGTH_1000                                3        0.000%                8        0.000%
RET_STALL_LENGTH_1100                                4        0.000%               12        0.000%
RET_STALL_LENGTH_1200                                1        0.000%                7        0.000%
RET_STALL_LENGTH_1300                                0        0.000%                4        0.000%
RET_STALL_LENGTH_1400                                1        0.000%                2        0.000%
RET_STALL_LENGTH_1500                                0        0.000%                0        0.000%
RET_STALL_LENGTH_1600                                0        0.000%                0        0.000%
RET_STALL_LENGTH_1700                                0        0.000%                0        0.000%
RET_STALL_LENGTH_1800                                0        0.000%                0        0.000%
RET_STALL_LENGTH_1900                                0        0.000%                0        0.000%
RET_STALL_LENGTH_2000                                0        0.000%                0        0.000%
RET_STALL_LENGTH_2100                                0        0.000%                0        0.000%
RET_STALL_LENGTH_2200                                0        0.000%                0        0.000%
RET_STALL_LENGTH_2300                                0        0.000%                0        0.000%
RET_STALL_LENGTH_2400                                0        0.000%                0        0.000%
RET_STALL_LENGTH_2500                                0        0.000%                0        0.000%
RET_STALL_LENGTH_2600                                0        0.000%                0        0.000%
RET_STALL_LENGTH_2700                                0        0.000%                0        0.000%
RET_STALL_LENGTH_2800                                0        0.000%                0        0.000%
RET_STALL_LENGTH_2900                                0        0.000%                0        0.000%
RET_STALL_LENGTH_3000                                0        0.000%                0        0.000%
RET_STALL_LENGTH_3100                                0        0.000%                0        0.000%
RET_STALL_LENGTH_3200                                0        0.000%                0        0.000%
RET_STALL_LENGTH_3300                                0        0.000%                0        0.000%
RET_STALL_LENGTH_3400                                0        0.000%                0        0.000%
RET_STALL_LENGTH_3500                                0        0.000%                0        0.000%
RET_STALL_LENGTH_3600                                0        0.000%                0        0.000%
RET_STALL_LENGTH_3700                                0        0.000%                0        0.000%
RET_STALL_LENGTH_3800                                0        0.000%                0        0.000%
RET_STALL_LENGTH_3900                                0        0.000%                0        0.000%
RET_STALL_LENGTH_4000                                0        0.000%                0        0.000%
RET_STALL_LENGTH_4100                                0        0.000%                0        0.000%
RET_STALL_LENGTH_4200                                0        0.000%                0        0.000%
RET_STALL_LENGTH_4300                                0        0.000%                0        0.000%
RET_STALL_LENGTH_4400                                0        0.000%                0        0.000%
RET_STALL_LENGTH_4500                                0        0.000%                0        0.000%
RET_STALL_LENGTH_4600                                0        0.000%                0        0.000%
RET_STALL_LENGTH_4700                                0        0.000%                0        0.000%
RET_STALL_LENGTH_4800                                0        0.000%                0        0.000%
RET_STALL_LENGTH_4900                                0        0.000%                0        0.000%
RET_STALL_LENGTH_5000                                0        0.000%                0        0.000%
                                              12890703      100.000%         25719383      100.000%
                                                  0.00         0.01              0.00         0.02

MEM_BLOCK_LENGTH_0                                   0         -nan%                0         -nan%
MEM_BLOCK_LENGTH_100                                 0         -nan%                0         -nan%
MEM_BLOCK_LENGTH_200                                 0         -nan%                0         -nan%
MEM_BLOCK_LENGTH_300                                 0         -nan%                0         -nan%
MEM_BLOCK_LENGTH_400                                 0         -nan%                0         -nan%
MEM_BLOCK_LENGTH_500                                 0         -nan%                0         -nan%
MEM_BLOCK_LENGTH_600                                 0         -nan%                0         -nan%
MEM_BLOCK_LENGTH_700                                 0         -nan%                0         -nan%
MEM_BLOCK_LENGTH_800                                 0         -nan%                0         -nan%
MEM_BLOCK_LENGTH_900                                 0         -nan%                0         -nan%
MEM_BLOCK_LENGTH_1000                                0         -nan%                0         -nan%
MEM_BLOCK_LENGTH_1100                                0         -nan%                0         -nan%
MEM_BLOCK_LENGTH_1200                                0         -nan%                0         -nan%
MEM_BLOCK_LENGTH_1300                                0         -nan%                0         -nan%
MEM_BLOCK_LENGTH_1400                                0         -nan%                0         -nan%
MEM_BLOCK_LENGTH_1500                                0         -nan%                0         -nan%
MEM_BLOCK_LENGTH_1600                                0         -nan%                0         -nan%
MEM_BLOCK_LENGTH_1700                                0         -nan%                0         -nan%
MEM_BLOCK_LENGTH_1800                                0         -nan%                0         -nan%
MEM_BLOCK_LENGTH_1900                                0         -nan%                0         -nan%
MEM_BLOCK_LENGTH_2000                                0         -nan%                0         -nan%
MEM_BLOCK_LENGTH_2100                                0         -nan%                0         -nan%
MEM_BLOCK_LENGTH_2200                                0         -nan%                0         -nan%
MEM_BLOCK_LENGTH_2300                                0         -nan%                0         -nan%
MEM_BLOCK_LENGTH_2400                                0         -nan%                0         -nan%
MEM_BLOCK_LENGTH_2500                                0         -nan%                0         -nan%
MEM_BLOCK_LENGTH_2600                                0         -nan%                0         -nan%
MEM_BLOCK_LENGTH_2700                                0         -nan%                0         -nan%
MEM_BLOCK_LENGTH_2800                                0         -nan%                0         -nan%
MEM_BLOCK_LENGTH_2900                                0         -nan%                0         -nan%
MEM_BLOCK_LENGTH_3000                                0         -nan%                0         -nan%
MEM_BLOCK_LENGTH_3100                                0         -nan%                0         -nan%
MEM_BLOCK_LENGTH_3200                                0         -nan%                0         -nan%
MEM_BLOCK_LENGTH_3300                                0         -nan%                0         -nan%
MEM_BLOCK_LENGTH_3400                                0         -nan%                0         -nan%
MEM_BLOCK_LENGTH_3500                                0         -nan%                0         -nan%
MEM_BLOCK_LENGTH_3600                                0         -nan%                0         -nan%
MEM_BLOCK_LENGTH_3700                                0         -nan%                0         -nan%
MEM_BLOCK_LENGTH_3800                                0         -nan%                0         -nan%
MEM_BLOCK_LENGTH_3900                                0         -nan%                0         -nan%
MEM_BLOCK_LENGTH_4000                                0         -nan%                0         -nan%
MEM_BLOCK_LENGTH_4100                                0         -nan%                0         -nan%
MEM_BLOCK_LENGTH_4200                                0         -nan%                0         -nan%
MEM_BLOCK_LENGTH_4300                                0         -nan%                0         -nan%
MEM_BLOCK_LENGTH_4400                                0         -nan%                0         -nan%
MEM_BLOCK_LENGTH_4500                                0         -nan%                0         -nan%
MEM_BLOCK_LENGTH_4600                                0         -nan%                0         -nan%
MEM_BLOCK_LENGTH_4700                                0         -nan%                0         -nan%
MEM_BLOCK_LENGTH_4800                                0         -nan%                0         -nan%
MEM_BLOCK_LENGTH_4900                                0         -nan%                0         -nan%
MEM_BLOCK_LENGTH_5000                                0         -nan%                0         -nan%
                                                     0         -nan%                0         -nan%
                                                  -nan         -nan              -nan         -nan

FUS_BUSY_ON_PATH                              15181919        3.2684         30147320        3.0209

FUS_BUSY_OFF_PATH                              2603337        0.5605          6002062        0.6014

FU_BUSY_MEM_STALL                              2513088        0.5410          4917649        0.4928

FUS_EMPTY                                     28665424        6.1712         63646178        6.3777

CHIP_UTILIZATION                                     0        0.0000                0        0.0000

CYCLES_UNDER_MEM_REQ                                 0                              0              

CYCLES_UNDER_NO_MEM_REQ                              0                              0              

CYCLES_UNDER_CRITICAL_MEM_REQ                        0                              0              

CYCLES_UNDER_NONCRITICAL_MEM_REQ                     0                              0              

CHIP_UTILIZATION_UNDER_MEM_REQ                       0          -nan                0          -nan

CHIP_UTILIZATION_UNDER_NO_MEM_REQ                    0          -nan                0          -nan

CHIP_UTILIZATION_UNDER_CRITICAL_MEM_REQ              0          -nan                0          -nan

CHIP_UTILIZATION_UNDER_NONCRITICAL_MEM_REQ             0          -nan                0          -nan

CYCLES_NOT_WAITING_FOR_OFF_CHIP                      0        0.0000                0        0.0000

FUS_BUSY_NOT_WAITING_FOR_OFF_CHIP                    0          -nan                0          -nan

CYCLES_WAITING_FOR_OFF_CHIP                          0        0.0000                0        0.0000

FUS_BUSY_WAITING_FOR_OFF_CHIP                        0          -nan                0          -nan

TOTAL_OFF_CHIP_DELAYS_LEFT                           0                              0              

WRONG_IO_SCHED                                       0                              0              

DVFS_CONFIG_SWITCH                                   0                              0              

UOP_CACHE_ICACHE_SWITCH_ONPATH                       0         -nan%                0         -nan%
UOP_CACHE_ICACHE_SWITCH_OFFPATH                      0         -nan%                0         -nan%
                                                     0         -nan%                0         -nan%
                                                  -nan         -nan              -nan         -nan

MAP_STAGE_RECEIVED_OPS_0                             0        0.000%                0        0.000%
MAP_STAGE_RECEIVED_OPS_1                        131727        5.008%           263125        5.029%
MAP_STAGE_RECEIVED_OPS_2                        229831        8.737%           458293        8.758%
MAP_STAGE_RECEIVED_OPS_3                        217381        8.264%           432012        8.256%
MAP_STAGE_RECEIVED_OPS_4                        309470       11.765%           589649       11.269%
MAP_STAGE_RECEIVED_OPS_5                        146826        5.582%           293511        5.609%
MAP_STAGE_RECEIVED_OPS_6                       1595172       60.644%          3196011       61.079%
MAP_STAGE_RECEIVED_OPS_7                             0        0.000%                0        0.000%
MAP_STAGE_RECEIVED_OPS_8                             0        0.000%                0        0.000%
MAP_STAGE_RECEIVED_OPS_MAX                           0        0.000%                0        0.000%
                                               2630407      100.000%          5232601      100.000%
                                                  4.86         1.62              4.87         1.62

MAP_STAGE_WAIT_FOR_DECODE                            0         -nan%                0         -nan%
MAP_STAGE_CONSUME_DECODE                             0         -nan%                0         -nan%
                                                     0         -nan%                0         -nan%
                                                  -nan         -nan              -nan         -nan

MAP_STAGE_WAIT_FOR_DECODE2                           0         -nan%                0         -nan%
MAP_STAGE_CONSUME_DECODE2                            0         -nan%                0         -nan%
                                                     0         -nan%                0         -nan%
                                                  -nan         -nan              -nan         -nan

FTQ_RECOVER_EXEC                                 47840                         112687              

FTQ_RECOVER_DECODE                               18308                          38298              

FTQ_OFFPATH_CYCLES                             2229046                        5246268              

FTQ_CYCLES_OFFPATH                             2405813                        5594659              

FTQ_CYCLES_ONPATH                              2239255                        4384897              

FTQ_FETCHED_INS_OFFPATH                       12594667                       28769495              

FTQ_FETCHED_INS_ONPATH                        12824352                       25568398              

FTQ_BREAK_FULL_BLOCK_OFFPATH                   1981660       42.662%          4545266       45.546%
FTQ_BREAK_FULL_BLOCK_ONPATH                    1636885       35.240%          3122333       31.288%
FTQ_BREAK_MAX_BLOCKS_OFFPATH                    490301       10.556%          1200378       12.028%
FTQ_BREAK_MAX_BLOCKS_ONPATH                     536126       11.542%          1111483       11.138%
FTQ_BREAK_PRED_BR_OFFPATH                            0        0.000%                0        0.000%
FTQ_BREAK_PRED_BR_ONPATH                             0        0.000%                0        0.000%
FTQ_BREAK_BAR_FETCH_OFFPATH                          0        0.000%                0        0.000%
FTQ_BREAK_BAR_FETCH_ONPATH                           0        0.000%                0        0.000%
                                               4644972      100.000%          9979460      100.000%
                                                  0.91         0.80              0.89         0.81



