/* -*- Mode: c -*- */
####################################################################################################
Core 0
####################################################################################################
Cumulative:        Cycles: 9397112               Instructions: 20000000              IPC: 2.12831

Periodic:          Cycles: 3930921               Instructions: 10000000              IPC: 2.54393

EXECUTION_TIME                           1228412812500                  2936597500000              

NODE_CYCLE                                     3930921                        9397112              

NODE_INST_COUNT                               10000000                       20000000              

NODE_INST_COUNT_FETCHED                       10000000                       20000000              

NODE_UOP_COUNT                                12702695                       25430293              

FULL_WINDOW_STALL                               783095       19.921%          2417268       25.724%

FULL_WINDOW_MEM_OP                              717160       99.889%          2240192       99.907%
FULL_WINDOW_FP_OP                                    0        0.000%                0        0.000%
FULL_WINDOW_OTHER_OP                               794        0.111%             2096        0.093%
                                                717954      100.000%          2242288      100.000%
                                                  0.00         0.07              0.00         0.06

RET_BLOCKED_DC_MISS                             971089       24.704%          3031601       32.261%

RET_BLOCKED_L1_MISS                             610809       15.539%          1966564       20.927%

RET_BLOCKED_L1_MISS_BW_PREF                      60190        1.531%           100048        1.065%

RET_BLOCKED_L1_ACCESS                           360280        9.165%          1065307       11.337%

RET_BLOCKED_MEM_STALL                           610809       15.539%          1966564       20.927%

RET_BLOCKED_OFFCHIP_DEMAND                           0        0.000%                0        0.000%

OP_ISSUED                                     14035338                       29834005              

OP_RETIRED                                    12702695                       25430293              

REPLAY_SIGNALED                                      0                              0              

REPLAY_COUNTED                                       0                              0              

OFF_CRITICAL_PATH                                    0         -nan%                0         -nan%
ON_CRITICAL_PATH                                     0         -nan%                0         -nan%
                                                     0         -nan%                0         -nan%
                                                  -nan         -nan              -nan         -nan

LD_NO_DEPENDENTS                                245317        9.266%           490999        9.246%
LD_DEPENDENTS                                  2402137       90.734%          4819150       90.754%
                                               2647454      100.000%          5310149      100.000%
                                                  0.91         0.87              0.91         0.87

LD_EXEC_CYCLES_0                                     0        0.000%                0        0.000%
LD_EXEC_CYCLES_1                                     0        0.000%                0        0.000%
LD_EXEC_CYCLES_2                                     0        0.000%                0        0.000%
LD_EXEC_CYCLES_3                                   102       41.633%              232       44.788%
LD_EXEC_CYCLES_4                                   143       58.367%              286       55.212%
                                                   245      100.000%              518      100.000%
                                                  3.58         2.79              3.55         2.69

ICACHE_STAGE_STARVED                             94653        3.372%           416513        7.146%
ICACHE_STAGE_NOT_STARVED                       2712727       96.628%          5412356       92.854%
                                               2807380      100.000%          5828869      100.000%
                                                  0.97         0.95              0.93         0.90

ICACHE_STAGE_STALLED                            341606        8.690%          1236716       13.161%
ICACHE_STAGE_NOT_STALLED                       2807380       71.418%          5828869       62.028%
ICACHE_STAGE_OFF_PATH                           781935       19.892%          2331527       24.811%
                                               3930921      100.000%          9397112      100.000%
                                                  1.11         0.64              1.12         0.72

DECODE_STAGE_STARVED                           2065263       61.008%          4883504       61.352%
DECODE_STAGE_NOT_STARVED                       1319991       38.992%          3076291       38.648%
                                               3385254      100.000%          7959795      100.000%
                                                  0.39         0.45              0.39         0.45

DECODE_STAGE_STALLED                            348266        8.860%          1247477       13.275%
DECODE_STAGE_NOT_STALLED                       3036988       77.259%          6712318       71.430%
DECODE_STAGE_OFF_PATH                           545667       13.881%          1437317       15.295%
                                               3930921      100.000%          9397112      100.000%
                                                  1.05         0.53              1.02         0.55

UOPQ_STAGE_STARVED                             2065284       52.539%          4884050       51.974%
UOPQ_STAGE_NOT_STARVED                         1865637       47.461%          4513062       48.026%
                                               3930921      100.000%          9397112      100.000%
                                                  0.47         0.49              0.48         0.49

UOPQ_STAGE_STALLED                                   0        0.000%                0        0.000%
UOPQ_STAGE_NOT_STALLED                         3930921      100.000%          9397112      100.000%
UOPQ_STAGE_OFF_PATH                                  0        0.000%                0        0.000%
                                               3930921      100.000%          9397112      100.000%
                                                  1.00         0.00              1.00         0.00

MAP_STAGE_STARVED                               127803        3.929%           500230        6.857%
MAP_STAGE_NOT_STARVED                          3125303       96.071%          6794438       93.143%
                                               3253106      100.000%          7294668      100.000%
                                                  0.96         0.94              0.93         0.90

MAP_STAGE_STALLED                               411303       10.463%          1357054       14.441%
MAP_STAGE_NOT_STALLED                          2841803       72.294%          5937614       63.186%
MAP_STAGE_OFF_PATH                              677815       17.243%          2102444       22.373%
                                               3930921      100.000%          9397112      100.000%
                                                  1.07         0.59              1.08         0.67

EXEC_STAGE_STARVED                              991712       25.228%          1929102       20.529%
EXEC_STAGE_NOT_STARVED                         2369361       60.275%          5666393       60.299%
EXEC_STAGE_OFF_PATH                             569848       14.497%          1801617       19.172%
                                               3930921      100.000%          9397112      100.000%
                                                  0.89         0.55              0.99         0.62

FU_BUSY_0                                      3295949                        7065659              

FU_BUSY_1                                      2428698                        5107064              

FU_BUSY_2                                      1338800                        2762387              

FU_BUSY_3                                       629125                        1285336              

FU_BUSY_4                                      1796456                        3743088              

FU_BUSY_5                                       308834                         645781              

FU_BUSY_6                                      2637816                        5554459              

FU_BUSY_7                                      1542233                        3159634              

FU_BUSY_8                                       897926                        1799634              

FU_BUSY_9                                       560808                        1100089              

FU_BUSY_10                                           0                              0              

FU_BUSY_11                                           0                              0              

FU_BUSY_12                                           0                              0              

FU_BUSY_13                                           0                              0              

FU_BUSY_14                                           0                              0              

FU_BUSY_15                                           0                              0              

FU_BUSY_16                                           0                              0              

FU_BUSY_17                                           0                              0              

FU_BUSY_18                                           0                              0              

FU_BUSY_19                                           0                              0              

FU_BUSY_20                                           0                              0              

FU_BUSY_21                                           0                              0              

FU_BUSY_22                                           0                              0              

FU_BUSY_23                                           0                              0              

FU_BUSY_24                                           0                              0              

FU_BUSY_25                                           0                              0              

FU_BUSY_26                                           0                              0              

FU_BUSY_27                                           0                              0              

FU_BUSY_28                                           0                              0              

FU_BUSY_29                                           0                              0              

FU_BUSY_30                                           0                              0              

FU_BUSY_31                                           0                              0              

OP_WAIT_0                                      8640488                       17364400              

OP_WAIT_1                                      2098326                        4278039              

OP_WAIT_2                                       888205                        1723882              

OP_WAIT_3                                       229784                         443740              

OP_WAIT_4                                       146583                         280158              

OP_WAIT_5                                       107091                         202316              

OP_WAIT_6                                        75598                         143297              

OP_WAIT_7                                        55316                         105690              

OP_WAIT_8                                        46921                          88211              

OP_WAIT_9                                        36378                          66916              

OP_WAIT_10                                       33042                          61109              

OP_WAIT_11                                       32363                          59469              

OP_WAIT_12                                       25862                          47310              

OP_WAIT_13                                       24729                          45934              

OP_WAIT_14                                       21020                          38445              

OP_WAIT_15                                       17611                          32188              

OP_WAIT_16                                       15127                          27525              

OP_WAIT_17                                       14647                          26485              

OP_WAIT_18                                       13954                          24953              

OP_WAIT_19                                       11910                          21497              

OP_WAIT_20                                       10006                          17606              

OP_WAIT_21                                       10598                          19451              

OP_WAIT_22                                        8957                          16073              

OP_WAIT_23                                        7869                          14306              

OP_WAIT_24                                        8435                          15277              

OP_WAIT_25                                        6753                          12310              

OP_WAIT_26                                        7855                          14521              

OP_WAIT_27                                        6906                          12711              

OP_WAIT_28                                        5993                          10748              

OP_WAIT_29                                        6408                          11414              

OP_WAIT_30                                        5739                          10277              

OP_WAIT_31                                       82221                         194035              

ROW_SIZE_0                                     1371929                        3931437              

ROW_SIZE_1                                      262938                         608075              

ROW_SIZE_2                                      174203                         392505              

ROW_SIZE_3                                       74776                         172052              

ROW_SIZE_4                                       76241                         171303              

ROW_SIZE_5                                       59839                         129472              

ROW_SIZE_6                                     1877144                        3698080              

ROW_SIZE_7                                           0                              0              

ROW_SIZE_8                                           0                              0              

ROW_SIZE_9                                           0                              0              

ROW_SIZE_10                                          0                              0              

ROW_SIZE_11                                          0                              0              

ROW_SIZE_12                                          0                              0              

ROW_SIZE_13                                          0                              0              

ROW_SIZE_14                                          0                              0              

ROW_SIZE_15                                          0                              0              

ROW_SIZE_16                                          0                              0              

ROW_SIZE_17                                          0                              0              

ROW_SIZE_18                                          0                              0              

ROW_SIZE_19                                          0                              0              

ROW_SIZE_20                                          0                              0              

ROW_SIZE_21                                          0                              0              

ROW_SIZE_22                                          0                              0              

ROW_SIZE_23                                          0                              0              

ROW_SIZE_24                                          0                              0              

ROW_SIZE_25                                          0                              0              

ROW_SIZE_26                                          0                              0              

ROW_SIZE_27                                          0                              0              

ROW_SIZE_28                                          0                              0              

ROW_SIZE_29                                          0                              0              

ROW_SIZE_30                                          0                              0              

ROW_SIZE_31                                          0                              0              

RET_OP_EXEC_COUNT_0                                  0        0.000%                0        0.000%
RET_OP_EXEC_COUNT_1                           12702695      100.000%         25430293      100.000%
RET_OP_EXEC_COUNT_2                                  0        0.000%                0        0.000%
RET_OP_EXEC_COUNT_3                                  0        0.000%                0        0.000%
RET_OP_EXEC_COUNT_4                                  0        0.000%                0        0.000%
RET_OP_EXEC_COUNT_5                                  0        0.000%                0        0.000%
RET_OP_EXEC_COUNT_6                                  0        0.000%                0        0.000%
RET_OP_EXEC_COUNT_7                                  0        0.000%                0        0.000%
RET_OP_EXEC_COUNT_8                                  0        0.000%                0        0.000%
RET_OP_EXEC_COUNT_9                                  0        0.000%                0        0.000%
RET_OP_EXEC_COUNT_10                                 0        0.000%                0        0.000%
RET_OP_EXEC_COUNT_11                                 0        0.000%                0        0.000%
RET_OP_EXEC_COUNT_12                                 0        0.000%                0        0.000%
RET_OP_EXEC_COUNT_13                                 0        0.000%                0        0.000%
RET_OP_EXEC_COUNT_14                                 0        0.000%                0        0.000%
RET_OP_EXEC_COUNT_15                                 0        0.000%                0        0.000%
RET_OP_EXEC_COUNT_16                                 0        0.000%                0        0.000%
RET_OP_EXEC_COUNT_17                                 0        0.000%                0        0.000%
RET_OP_EXEC_COUNT_18                                 0        0.000%                0        0.000%
RET_OP_EXEC_COUNT_19                                 0        0.000%                0        0.000%
RET_OP_EXEC_COUNT_20                                 0        0.000%                0        0.000%
RET_OP_EXEC_COUNT_21                                 0        0.000%                0        0.000%
RET_OP_EXEC_COUNT_22                                 0        0.000%                0        0.000%
RET_OP_EXEC_COUNT_23                                 0        0.000%                0        0.000%
RET_OP_EXEC_COUNT_24                                 0        0.000%                0        0.000%
RET_OP_EXEC_COUNT_25                                 0        0.000%                0        0.000%
RET_OP_EXEC_COUNT_26                                 0        0.000%                0        0.000%
RET_OP_EXEC_COUNT_27                                 0        0.000%                0        0.000%
RET_OP_EXEC_COUNT_28                                 0        0.000%                0        0.000%
RET_OP_EXEC_COUNT_29                                 0        0.000%                0        0.000%
RET_OP_EXEC_COUNT_30                                 0        0.000%                0        0.000%
RET_OP_EXEC_COUNT_31                                 0        0.000%                0        0.000%
RET_OP_EXEC_COUNT_32                                 0        0.000%                0        0.000%
                                              12702695      100.000%         25430293      100.000%
                                                  1.00         0.00              1.00         0.00

RET_STALL_LENGTH_0                            12698116       99.964%         25416025       99.944%
RET_STALL_LENGTH_100                              4308        0.034%            13520        0.053%
RET_STALL_LENGTH_200                               158        0.001%              410        0.002%
RET_STALL_LENGTH_300                                24        0.000%               73        0.000%
RET_STALL_LENGTH_400                                 9        0.000%               26        0.000%
RET_STALL_LENGTH_500                                 4        0.000%               24        0.000%
RET_STALL_LENGTH_600                                 7        0.000%               15        0.000%
RET_STALL_LENGTH_700                                 3        0.000%               11        0.000%
RET_STALL_LENGTH_800                                 2        0.000%               13        0.000%
RET_STALL_LENGTH_900                                 6        0.000%               12        0.000%
RET_STALL_LENGTH_1000                                5        0.000%               15        0.000%
RET_STALL_LENGTH_1100                               13        0.000%               27        0.000%
RET_STALL_LENGTH_1200                               27        0.000%               89        0.000%
RET_STALL_LENGTH_1300                               11        0.000%               26        0.000%
RET_STALL_LENGTH_1400                                2        0.000%                4        0.000%
RET_STALL_LENGTH_1500                                0        0.000%                0        0.000%
RET_STALL_LENGTH_1600                                0        0.000%                0        0.000%
RET_STALL_LENGTH_1700                                0        0.000%                1        0.000%
RET_STALL_LENGTH_1800                                0        0.000%                1        0.000%
RET_STALL_LENGTH_1900                                0        0.000%                0        0.000%
RET_STALL_LENGTH_2000                                0        0.000%                1        0.000%
RET_STALL_LENGTH_2100                                0        0.000%                0        0.000%
RET_STALL_LENGTH_2200                                0        0.000%                0        0.000%
RET_STALL_LENGTH_2300                                0        0.000%                0        0.000%
RET_STALL_LENGTH_2400                                0        0.000%                0        0.000%
RET_STALL_LENGTH_2500                                0        0.000%                0        0.000%
RET_STALL_LENGTH_2600                                0        0.000%                0        0.000%
RET_STALL_LENGTH_2700                                0        0.000%                0        0.000%
RET_STALL_LENGTH_2800                                0        0.000%                0        0.000%
RET_STALL_LENGTH_2900                                0        0.000%                0        0.000%
RET_STALL_LENGTH_3000                                0        0.000%                0        0.000%
RET_STALL_LENGTH_3100                                0        0.000%                0        0.000%
RET_STALL_LENGTH_3200                                0        0.000%                0        0.000%
RET_STALL_LENGTH_3300                                0        0.000%                0        0.000%
RET_STALL_LENGTH_3400                                0        0.000%                0        0.000%
RET_STALL_LENGTH_3500                                0        0.000%                0        0.000%
RET_STALL_LENGTH_3600                                0        0.000%                0        0.000%
RET_STALL_LENGTH_3700                                0        0.000%                0        0.000%
RET_STALL_LENGTH_3800                                0        0.000%                0        0.000%
RET_STALL_LENGTH_3900                                0        0.000%                0        0.000%
RET_STALL_LENGTH_4000                                0        0.000%                0        0.000%
RET_STALL_LENGTH_4100                                0        0.000%                0        0.000%
RET_STALL_LENGTH_4200                                0        0.000%                0        0.000%
RET_STALL_LENGTH_4300                                0        0.000%                0        0.000%
RET_STALL_LENGTH_4400                                0        0.000%                0        0.000%
RET_STALL_LENGTH_4500                                0        0.000%                0        0.000%
RET_STALL_LENGTH_4600                                0        0.000%                0        0.000%
RET_STALL_LENGTH_4700                                0        0.000%                0        0.000%
RET_STALL_LENGTH_4800                                0        0.000%                0        0.000%
RET_STALL_LENGTH_4900                                0        0.000%                0        0.000%
RET_STALL_LENGTH_5000                                0        0.000%                0        0.000%
                                              12702695      100.000%         25430293      100.000%
                                                  0.00         0.03              0.00         0.04

MEM_BLOCK_LENGTH_0                                   0         -nan%                0         -nan%
MEM_BLOCK_LENGTH_100                                 0         -nan%                0         -nan%
MEM_BLOCK_LENGTH_200                                 0         -nan%                0         -nan%
MEM_BLOCK_LENGTH_300                                 0         -nan%                0         -nan%
MEM_BLOCK_LENGTH_400                                 0         -nan%                0         -nan%
MEM_BLOCK_LENGTH_500                                 0         -nan%                0         -nan%
MEM_BLOCK_LENGTH_600                                 0         -nan%                0         -nan%
MEM_BLOCK_LENGTH_700                                 0         -nan%                0         -nan%
MEM_BLOCK_LENGTH_800                                 0         -nan%                0         -nan%
MEM_BLOCK_LENGTH_900                                 0         -nan%                0         -nan%
MEM_BLOCK_LENGTH_1000                                0         -nan%                0         -nan%
MEM_BLOCK_LENGTH_1100                                0         -nan%                0         -nan%
MEM_BLOCK_LENGTH_1200                                0         -nan%                0         -nan%
MEM_BLOCK_LENGTH_1300                                0         -nan%                0         -nan%
MEM_BLOCK_LENGTH_1400                                0         -nan%                0         -nan%
MEM_BLOCK_LENGTH_1500                                0         -nan%                0         -nan%
MEM_BLOCK_LENGTH_1600                                0         -nan%                0         -nan%
MEM_BLOCK_LENGTH_1700                                0         -nan%                0         -nan%
MEM_BLOCK_LENGTH_1800                                0         -nan%                0         -nan%
MEM_BLOCK_LENGTH_1900                                0         -nan%                0         -nan%
MEM_BLOCK_LENGTH_2000                                0         -nan%                0         -nan%
MEM_BLOCK_LENGTH_2100                                0         -nan%                0         -nan%
MEM_BLOCK_LENGTH_2200                                0         -nan%                0         -nan%
MEM_BLOCK_LENGTH_2300                                0         -nan%                0         -nan%
MEM_BLOCK_LENGTH_2400                                0         -nan%                0         -nan%
MEM_BLOCK_LENGTH_2500                                0         -nan%                0         -nan%
MEM_BLOCK_LENGTH_2600                                0         -nan%                0         -nan%
MEM_BLOCK_LENGTH_2700                                0         -nan%                0         -nan%
MEM_BLOCK_LENGTH_2800                                0         -nan%                0         -nan%
MEM_BLOCK_LENGTH_2900                                0         -nan%                0         -nan%
MEM_BLOCK_LENGTH_3000                                0         -nan%                0         -nan%
MEM_BLOCK_LENGTH_3100                                0         -nan%                0         -nan%
MEM_BLOCK_LENGTH_3200                                0         -nan%                0         -nan%
MEM_BLOCK_LENGTH_3300                                0         -nan%                0         -nan%
MEM_BLOCK_LENGTH_3400                                0         -nan%                0         -nan%
MEM_BLOCK_LENGTH_3500                                0         -nan%                0         -nan%
MEM_BLOCK_LENGTH_3600                                0         -nan%                0         -nan%
MEM_BLOCK_LENGTH_3700                                0         -nan%                0         -nan%
MEM_BLOCK_LENGTH_3800                                0         -nan%                0         -nan%
MEM_BLOCK_LENGTH_3900                                0         -nan%                0         -nan%
MEM_BLOCK_LENGTH_4000                                0         -nan%                0         -nan%
MEM_BLOCK_LENGTH_4100                                0         -nan%                0         -nan%
MEM_BLOCK_LENGTH_4200                                0         -nan%                0         -nan%
MEM_BLOCK_LENGTH_4300                                0         -nan%                0         -nan%
MEM_BLOCK_LENGTH_4400                                0         -nan%                0         -nan%
MEM_BLOCK_LENGTH_4500                                0         -nan%                0         -nan%
MEM_BLOCK_LENGTH_4600                                0         -nan%                0         -nan%
MEM_BLOCK_LENGTH_4700                                0         -nan%                0         -nan%
MEM_BLOCK_LENGTH_4800                                0         -nan%                0         -nan%
MEM_BLOCK_LENGTH_4900                                0         -nan%                0         -nan%
MEM_BLOCK_LENGTH_5000                                0         -nan%                0         -nan%
                                                     0         -nan%                0         -nan%
                                                  -nan         -nan              -nan         -nan

FUS_BUSY_ON_PATH                              14363695        3.6540         28685965        3.0526

FUS_BUSY_OFF_PATH                              1072950        0.2730          3537166        0.3764

FU_BUSY_MEM_STALL                              1670258        0.4249          3338461        0.3553

FUS_EMPTY                                     23872565        6.0730         61747989        6.5710

CHIP_UTILIZATION                                     0        0.0000                0        0.0000

CYCLES_UNDER_MEM_REQ                                 0                              0              

CYCLES_UNDER_NO_MEM_REQ                              0                              0              

CYCLES_UNDER_CRITICAL_MEM_REQ                        0                              0              

CYCLES_UNDER_NONCRITICAL_MEM_REQ                     0                              0              

CHIP_UTILIZATION_UNDER_MEM_REQ                       0          -nan                0          -nan

CHIP_UTILIZATION_UNDER_NO_MEM_REQ                    0          -nan                0          -nan

CHIP_UTILIZATION_UNDER_CRITICAL_MEM_REQ              0          -nan                0          -nan

CHIP_UTILIZATION_UNDER_NONCRITICAL_MEM_REQ             0          -nan                0          -nan

CYCLES_NOT_WAITING_FOR_OFF_CHIP                      0        0.0000                0        0.0000

FUS_BUSY_NOT_WAITING_FOR_OFF_CHIP                    0          -nan                0          -nan

CYCLES_WAITING_FOR_OFF_CHIP                          0        0.0000                0        0.0000

FUS_BUSY_WAITING_FOR_OFF_CHIP                        0          -nan                0          -nan

TOTAL_OFF_CHIP_DELAYS_LEFT                           0                              0              

WRONG_IO_SCHED                                       0                              0              

DVFS_CONFIG_SWITCH                                   0                              0              

UOP_CACHE_ICACHE_SWITCH_ONPATH                       0         -nan%                0         -nan%
UOP_CACHE_ICACHE_SWITCH_OFFPATH                      0         -nan%                0         -nan%
                                                     0         -nan%                0         -nan%
                                                  -nan         -nan              -nan         -nan

MAP_STAGE_RECEIVED_OPS_0                             0        0.000%                0        0.000%
MAP_STAGE_RECEIVED_OPS_1                        174040        6.397%           359545        6.616%
MAP_STAGE_RECEIVED_OPS_2                        319830       11.756%           626566       11.530%
MAP_STAGE_RECEIVED_OPS_3                        294965       10.842%           580218       10.677%
MAP_STAGE_RECEIVED_OPS_4                        212578        7.814%           416071        7.657%
MAP_STAGE_RECEIVED_OPS_5                        181095        6.656%           364066        6.700%
MAP_STAGE_RECEIVED_OPS_6                       1538116       56.535%          3087651       56.820%
MAP_STAGE_RECEIVED_OPS_7                             0        0.000%                0        0.000%
MAP_STAGE_RECEIVED_OPS_8                             0        0.000%                0        0.000%
MAP_STAGE_RECEIVED_OPS_MAX                           0        0.000%                0        0.000%
                                               2720624      100.000%          5434117      100.000%
                                                  4.66         1.74              4.67         1.75

MAP_STAGE_WAIT_FOR_DECODE                            0         -nan%                0         -nan%
MAP_STAGE_CONSUME_DECODE                             0         -nan%                0         -nan%
                                                     0         -nan%                0         -nan%
                                                  -nan         -nan              -nan         -nan

MAP_STAGE_WAIT_FOR_DECODE2                           0         -nan%                0         -nan%
MAP_STAGE_CONSUME_DECODE2                            0         -nan%                0         -nan%
                                                     0         -nan%                0         -nan%
                                                  -nan         -nan              -nan         -nan

FTQ_RECOVER_EXEC                                  7444                          28071              

FTQ_RECOVER_DECODE                                6618                          15750              

FTQ_OFFPATH_CYCLES                             1270553                        3667501              

FTQ_CYCLES_OFFPATH                             1499065                        4125600              

FTQ_CYCLES_ONPATH                              2431856                        5271512              

FTQ_FETCHED_INS_OFFPATH                        6496349                       19265877              

FTQ_FETCHED_INS_ONPATH                        12687913                       25386472              

FTQ_BREAK_FULL_BLOCK_OFFPATH                   1244183       31.652%          3180715       33.848%
FTQ_BREAK_FULL_BLOCK_ONPATH                    1977448       50.307%          4276642       45.511%
FTQ_BREAK_MAX_BLOCKS_OFFPATH                    268944        6.842%           988706       10.522%
FTQ_BREAK_MAX_BLOCKS_ONPATH                     440195       11.199%           950898       10.119%
FTQ_BREAK_PRED_BR_OFFPATH                            0        0.000%                0        0.000%
FTQ_BREAK_PRED_BR_ONPATH                             0        0.000%                0        0.000%
FTQ_BREAK_BAR_FETCH_OFFPATH                          0        0.000%                0        0.000%
FTQ_BREAK_BAR_FETCH_ONPATH                           0        0.000%                0        0.000%
                                               3930770      100.000%          9396961      100.000%
                                                  0.98         0.73              0.97         0.73



