/* -*- Mode: c -*- */
####################################################################################################
Core 0
####################################################################################################
Cumulative:        Cycles: 9890860               Instructions: 20261833              IPC: 2.04854

Periodic:          Cycles: 4594366               Instructions: 10140579              IPC: 2.20718

EXECUTION_TIME                           1435739375000                  3090893750000              

NODE_CYCLE                                     4594366                        9890860              

NODE_INST_COUNT                               10140579                       20261833              

NODE_INST_COUNT_FETCHED                        9999999                       20000000              

NODE_UOP_COUNT                                12890703                       25719383              

FULL_WINDOW_STALL                               247567        5.388%           601408        6.080%

FULL_WINDOW_MEM_OP                              178767       99.378%           467365       99.495%
FULL_WINDOW_FP_OP                                    0        0.000%                0        0.000%
FULL_WINDOW_OTHER_OP                              1118        0.622%             2371        0.505%
                                                179885      100.000%           469736      100.000%
                                                  0.01         0.16              0.01         0.14

RET_BLOCKED_DC_MISS                             486175       10.582%          1206533       12.198%

RET_BLOCKED_L1_MISS                              97167        2.115%           376537        3.807%

RET_BLOCKED_L1_MISS_BW_PREF                        639        0.014%             4166        0.042%

RET_BLOCKED_L1_ACCESS                           389143        8.470%           830778        8.399%

RET_BLOCKED_MEM_STALL                            97167        2.115%           376537        3.807%

RET_BLOCKED_OFFCHIP_DEMAND                           0        0.000%                0        0.000%

OP_ISSUED                                     17668399                       36525426              

OP_RETIRED                                    12890703                       25719383              

REPLAY_SIGNALED                                      0                              0              

REPLAY_COUNTED                                       0                              0              

OFF_CRITICAL_PATH                                    0         -nan%                0         -nan%
ON_CRITICAL_PATH                                     0         -nan%                0         -nan%
                                                     0         -nan%                0         -nan%
                                                  -nan         -nan              -nan         -nan

LD_NO_DEPENDENTS                                237075        8.618%           480196        8.745%
LD_DEPENDENTS                                  2513779       91.382%          5011179       91.255%
                                               2750854      100.000%          5491375      100.000%
                                                  0.91         0.88              0.91         0.88

LD_EXEC_CYCLES_0                                     0        0.000%                0        0.000%
LD_EXEC_CYCLES_1                                     0        0.000%                0        0.000%
LD_EXEC_CYCLES_2                                     0        0.000%                0        0.000%
LD_EXEC_CYCLES_3                                   502       45.887%             1008       47.954%
LD_EXEC_CYCLES_4                                   592       54.113%             1094       52.046%
                                                  1094      100.000%             2102      100.000%
                                                  3.54         2.65              3.52         2.59

ICACHE_STAGE_STARVED                            409045       13.596%          1050179       16.902%
ICACHE_STAGE_NOT_STARVED                       2599613       86.404%          5163082       83.098%
                                               3008658      100.000%          6213261      100.000%
                                                  0.86         0.81              0.83         0.77

ICACHE_STAGE_STALLED                            110915        2.414%           232682        2.352%
ICACHE_STAGE_NOT_STALLED                       3008658       65.486%          6213261       62.818%
ICACHE_STAGE_OFF_PATH                          1474793       32.100%          3444917       34.829%
                                               4594366      100.000%          9890860      100.000%
                                                  1.30         0.87              1.32         0.91

DECODE_STAGE_STARVED                           3976976       90.690%          8602341       91.750%
DECODE_STAGE_NOT_STARVED                        408268        9.310%           773471        8.250%
                                               4385244      100.000%          9375812      100.000%
                                                  0.09         0.28              0.08         0.26

DECODE_STAGE_STALLED                            112723        2.454%           236423        2.390%
DECODE_STAGE_NOT_STALLED                       4272521       92.995%          9139389       92.402%
DECODE_STAGE_OFF_PATH                           209122        4.552%           515048        5.207%
                                               4594366      100.000%          9890860      100.000%
                                                  1.02         0.30              1.03         0.32

UOPQ_STAGE_STARVED                             3977967       86.584%          8606179       87.011%
UOPQ_STAGE_NOT_STARVED                          616399       13.416%          1284681       12.989%
                                               4594366      100.000%          9890860      100.000%
                                                  0.13         0.32              0.13         0.32

UOPQ_STAGE_STALLED                                   0        0.000%                0        0.000%
UOPQ_STAGE_NOT_STALLED                         4594366      100.000%          9890860      100.000%
UOPQ_STAGE_OFF_PATH                                  0        0.000%                0        0.000%
                                               4594366      100.000%          9890860      100.000%
                                                  1.00         0.00              1.00         0.00

MAP_STAGE_STARVED                               489258       14.795%          1231841       17.933%
MAP_STAGE_NOT_STARVED                          2817700       85.205%          5637295       82.067%
                                               3306958      100.000%          6869136      100.000%
                                                  0.85         0.80              0.82         0.76

MAP_STAGE_STALLED                               136660        2.975%           283355        2.865%
MAP_STAGE_NOT_STALLED                          3170298       69.004%          6585781       66.585%
MAP_STAGE_OFF_PATH                             1287408       28.021%          3021724       30.551%
                                               4594366      100.000%          9890860      100.000%
                                                  1.25         0.80              1.28         0.84

EXEC_STAGE_STARVED                             1045937       22.766%          2028680       20.511%
EXEC_STAGE_NOT_STARVED                         2652030       57.724%          5739226       58.026%
EXEC_STAGE_OFF_PATH                             896399       19.511%          2122954       21.464%
                                               4594366      100.000%          9890860      100.000%
                                                  0.97         0.63              1.01         0.66

FU_BUSY_0                                      3893651                        8007662              

FU_BUSY_1                                      2673610                        5453974              

FU_BUSY_2                                      1293307                        2649035              

FU_BUSY_3                                       560462                        1160851              

FU_BUSY_4                                      1936740                        3947030              

FU_BUSY_5                                       472721                         960379              

FU_BUSY_6                                      3097761                        6306807              

FU_BUSY_7                                      1921153                        3857860              

FU_BUSY_8                                      1201196                        2382355              

FU_BUSY_9                                       793258                        1558932              

FU_BUSY_10                                           0                              0              

FU_BUSY_11                                           0                              0              

FU_BUSY_12                                           0                              0              

FU_BUSY_13                                           0                              0              

FU_BUSY_14                                           0                              0              

FU_BUSY_15                                           0                              0              

FU_BUSY_16                                           0                              0              

FU_BUSY_17                                           0                              0              

FU_BUSY_18                                           0                              0              

FU_BUSY_19                                           0                              0              

FU_BUSY_20                                           0                              0              

FU_BUSY_21                                           0                              0              

FU_BUSY_22                                           0                              0              

FU_BUSY_23                                           0                              0              

FU_BUSY_24                                           0                              0              

FU_BUSY_25                                           0                              0              

FU_BUSY_26                                           0                              0              

FU_BUSY_27                                           0                              0              

FU_BUSY_28                                           0                              0              

FU_BUSY_29                                           0                              0              

FU_BUSY_30                                           0                              0              

FU_BUSY_31                                           0                              0              

OP_WAIT_0                                      8604799                       17197854              

OP_WAIT_1                                      2407145                        4884461              

OP_WAIT_2                                       866667                        1692426              

OP_WAIT_3                                       209315                         406769              

OP_WAIT_4                                       119951                         235580              

OP_WAIT_5                                        85314                         165889              

OP_WAIT_6                                        63270                         121165              

OP_WAIT_7                                        50055                          96338              

OP_WAIT_8                                        42000                          80730              

OP_WAIT_9                                        34992                          67224              

OP_WAIT_10                                       32188                          61752              

OP_WAIT_11                                       28171                          54193              

OP_WAIT_12                                       25849                          49505              

OP_WAIT_13                                       22325                          42687              

OP_WAIT_14                                       20548                          39402              

OP_WAIT_15                                       19170                          36908              

OP_WAIT_16                                       17490                          33276              

OP_WAIT_17                                       15526                          29276              

OP_WAIT_18                                       15086                          28372              

OP_WAIT_19                                       13048                          24943              

OP_WAIT_20                                       12815                          24068              

OP_WAIT_21                                       11215                          21210              

OP_WAIT_22                                       11321                          20881              

OP_WAIT_23                                        9902                          18441              

OP_WAIT_24                                        8895                          16685              

OP_WAIT_25                                        8610                          16158              

OP_WAIT_26                                        9813                          18650              

OP_WAIT_27                                        7653                          14275              

OP_WAIT_28                                        7863                          14792              

OP_WAIT_29                                        7082                          13101              

OP_WAIT_30                                        6955                          12897              

OP_WAIT_31                                       95670                         179475              

ROW_SIZE_0                                     1364956                        3103525              

ROW_SIZE_1                                      500289                        1062165              

ROW_SIZE_2                                      299653                         640884              

ROW_SIZE_3                                      193511                         410361              

ROW_SIZE_4                                      206543                         404586              

ROW_SIZE_5                                       84217                         174493              

ROW_SIZE_6                                     1660553                        3275593              

ROW_SIZE_7                                           0                              0              

ROW_SIZE_8                                           0                              0              

ROW_SIZE_9                                           0                              0              

ROW_SIZE_10                                          0                              0              

ROW_SIZE_11                                          0                              0              

ROW_SIZE_12                                          0                              0              

ROW_SIZE_13                                          0                              0              

ROW_SIZE_14                                          0                              0              

ROW_SIZE_15                                          0                              0              

ROW_SIZE_16                                          0                              0              

ROW_SIZE_17                                          0                              0              

ROW_SIZE_18                                          0                              0              

ROW_SIZE_19                                          0                              0              

ROW_SIZE_20                                          0                              0              

ROW_SIZE_21                                          0                              0              

ROW_SIZE_22                                          0                              0              

ROW_SIZE_23                                          0                              0              

ROW_SIZE_24                                          0                              0              

ROW_SIZE_25                                          0                              0              

ROW_SIZE_26                                          0                              0              

ROW_SIZE_27                                          0                              0              

ROW_SIZE_28                                          0                              0              

ROW_SIZE_29                                          0                              0              

ROW_SIZE_30                                          0                              0              

ROW_SIZE_31                                          0                              0              

RET_OP_EXEC_COUNT_0                                  0        0.000%                0        0.000%
RET_OP_EXEC_COUNT_1                           12890703      100.000%         25719383      100.000%
RET_OP_EXEC_COUNT_2                                  0        0.000%                0        0.000%
RET_OP_EXEC_COUNT_3                                  0        0.000%                0        0.000%
RET_OP_EXEC_COUNT_4                                  0        0.000%                0        0.000%
RET_OP_EXEC_COUNT_5                                  0        0.000%                0        0.000%
RET_OP_EXEC_COUNT_6                                  0        0.000%                0        0.000%
RET_OP_EXEC_COUNT_7                                  0        0.000%                0        0.000%
RET_OP_EXEC_COUNT_8                                  0        0.000%                0        0.000%
RET_OP_EXEC_COUNT_9                                  0        0.000%                0        0.000%
RET_OP_EXEC_COUNT_10                                 0        0.000%                0        0.000%
RET_OP_EXEC_COUNT_11                                 0        0.000%                0        0.000%
RET_OP_EXEC_COUNT_12                                 0        0.000%                0        0.000%
RET_OP_EXEC_COUNT_13                                 0        0.000%                0        0.000%
RET_OP_EXEC_COUNT_14                                 0        0.000%                0        0.000%
RET_OP_EXEC_COUNT_15                                 0        0.000%                0        0.000%
RET_OP_EXEC_COUNT_16                                 0        0.000%                0        0.000%
RET_OP_EXEC_COUNT_17                                 0        0.000%                0        0.000%
RET_OP_EXEC_COUNT_18                                 0        0.000%                0        0.000%
RET_OP_EXEC_COUNT_19                                 0        0.000%                0        0.000%
RET_OP_EXEC_COUNT_20                                 0        0.000%                0        0.000%
RET_OP_EXEC_COUNT_21                                 0        0.000%                0        0.000%
RET_OP_EXEC_COUNT_22                                 0        0.000%                0        0.000%
RET_OP_EXEC_COUNT_23                                 0        0.000%                0        0.000%
RET_OP_EXEC_COUNT_24                                 0        0.000%                0        0.000%
RET_OP_EXEC_COUNT_25                                 0        0.000%                0        0.000%
RET_OP_EXEC_COUNT_26                                 0        0.000%                0        0.000%
RET_OP_EXEC_COUNT_27                                 0        0.000%                0        0.000%
RET_OP_EXEC_COUNT_28                                 0        0.000%                0        0.000%
RET_OP_EXEC_COUNT_29                                 0        0.000%                0        0.000%
RET_OP_EXEC_COUNT_30                                 0        0.000%                0        0.000%
RET_OP_EXEC_COUNT_31                                 0        0.000%                0        0.000%
RET_OP_EXEC_COUNT_32                                 0        0.000%                0        0.000%
                                              12890703      100.000%         25719383      100.000%
                                                  1.00         0.00              1.00         0.00

RET_STALL_LENGTH_0                            12889977       99.994%         25716683       99.990%
RET_STALL_LENGTH_100                               692        0.005%             2450        0.010%
RET_STALL_LENGTH_200                                16        0.000%              164        0.001%
RET_STALL_LENGTH_300                                 4        0.000%               25        0.000%
RET_STALL_LENGTH_400                                 1        0.000%               12        0.000%
RET_STALL_LENGTH_500                                 2        0.000%                7        0.000%
RET_STALL_LENGTH_600                                 1        0.000%                2        0.000%
RET_STALL_LENGTH_700                                 1        0.000%                2        0.000%
RET_STALL_LENGTH_800                                 2        0.000%                5        0.000%
RET_STALL_LENGTH_900                                 1        0.000%                6        0.000%
RET_STALL_LENGTH_1000                                2        0.000%                7        0.000%
RET_STALL_LENGTH_1100                                2        0.000%                3        0.000%
RET_STALL_LENGTH_1200                                2        0.000%               15        0.000%
RET_STALL_LENGTH_1300                                0        0.000%                2        0.000%
RET_STALL_LENGTH_1400                                0        0.000%                0        0.000%
RET_STALL_LENGTH_1500                                0        0.000%                0        0.000%
RET_STALL_LENGTH_1600                                0        0.000%                0        0.000%
RET_STALL_LENGTH_1700                                0        0.000%                0        0.000%
RET_STALL_LENGTH_1800                                0        0.000%                0        0.000%
RET_STALL_LENGTH_1900                                0        0.000%                0        0.000%
RET_STALL_LENGTH_2000                                0        0.000%                0        0.000%
RET_STALL_LENGTH_2100                                0        0.000%                0        0.000%
RET_STALL_LENGTH_2200                                0        0.000%                0        0.000%
RET_STALL_LENGTH_2300                                0        0.000%                0        0.000%
RET_STALL_LENGTH_2400                                0        0.000%                0        0.000%
RET_STALL_LENGTH_2500                                0        0.000%                0        0.000%
RET_STALL_LENGTH_2600                                0        0.000%                0        0.000%
RET_STALL_LENGTH_2700                                0        0.000%                0        0.000%
RET_STALL_LENGTH_2800                                0        0.000%                0        0.000%
RET_STALL_LENGTH_2900                                0        0.000%                0        0.000%
RET_STALL_LENGTH_3000                                0        0.000%                0        0.000%
RET_STALL_LENGTH_3100                                0        0.000%                0        0.000%
RET_STALL_LENGTH_3200                                0        0.000%                0        0.000%
RET_STALL_LENGTH_3300                                0        0.000%                0        0.000%
RET_STALL_LENGTH_3400                                0        0.000%                0        0.000%
RET_STALL_LENGTH_3500                                0        0.000%                0        0.000%
RET_STALL_LENGTH_3600                                0        0.000%                0        0.000%
RET_STALL_LENGTH_3700                                0        0.000%                0        0.000%
RET_STALL_LENGTH_3800                                0        0.000%                0        0.000%
RET_STALL_LENGTH_3900                                0        0.000%                0        0.000%
RET_STALL_LENGTH_4000                                0        0.000%                0        0.000%
RET_STALL_LENGTH_4100                                0        0.000%                0        0.000%
RET_STALL_LENGTH_4200                                0        0.000%                0        0.000%
RET_STALL_LENGTH_4300                                0        0.000%                0        0.000%
RET_STALL_LENGTH_4400                                0        0.000%                0        0.000%
RET_STALL_LENGTH_4500                                0        0.000%                0        0.000%
RET_STALL_LENGTH_4600                                0        0.000%                0        0.000%
RET_STALL_LENGTH_4700                                0        0.000%                0        0.000%
RET_STALL_LENGTH_4800                                0        0.000%                0        0.000%
RET_STALL_LENGTH_4900                                0        0.000%                0        0.000%
RET_STALL_LENGTH_5000                                0        0.000%                0        0.000%
                                              12890703      100.000%         25719383      100.000%
                                                  0.00         0.01              0.00         0.02

MEM_BLOCK_LENGTH_0                                   0         -nan%                1      100.000%
MEM_BLOCK_LENGTH_100                                 0         -nan%                0        0.000%
MEM_BLOCK_LENGTH_200                                 0         -nan%                0        0.000%
MEM_BLOCK_LENGTH_300                                 0         -nan%                0        0.000%
MEM_BLOCK_LENGTH_400                                 0         -nan%                0        0.000%
MEM_BLOCK_LENGTH_500                                 0         -nan%                0        0.000%
MEM_BLOCK_LENGTH_600                                 0         -nan%                0        0.000%
MEM_BLOCK_LENGTH_700                                 0         -nan%                0        0.000%
MEM_BLOCK_LENGTH_800                                 0         -nan%                0        0.000%
MEM_BLOCK_LENGTH_900                                 0         -nan%                0        0.000%
MEM_BLOCK_LENGTH_1000                                0         -nan%                0        0.000%
MEM_BLOCK_LENGTH_1100                                0         -nan%                0        0.000%
MEM_BLOCK_LENGTH_1200                                0         -nan%                0        0.000%
MEM_BLOCK_LENGTH_1300                                0         -nan%                0        0.000%
MEM_BLOCK_LENGTH_1400                                0         -nan%                0        0.000%
MEM_BLOCK_LENGTH_1500                                0         -nan%                0        0.000%
MEM_BLOCK_LENGTH_1600                                0         -nan%                0        0.000%
MEM_BLOCK_LENGTH_1700                                0         -nan%                0        0.000%
MEM_BLOCK_LENGTH_1800                                0         -nan%                0        0.000%
MEM_BLOCK_LENGTH_1900                                0         -nan%                0        0.000%
MEM_BLOCK_LENGTH_2000                                0         -nan%                0        0.000%
MEM_BLOCK_LENGTH_2100                                0         -nan%                0        0.000%
MEM_BLOCK_LENGTH_2200                                0         -nan%                0        0.000%
MEM_BLOCK_LENGTH_2300                                0         -nan%                0        0.000%
MEM_BLOCK_LENGTH_2400                                0         -nan%                0        0.000%
MEM_BLOCK_LENGTH_2500                                0         -nan%                0        0.000%
MEM_BLOCK_LENGTH_2600                                0         -nan%                0        0.000%
MEM_BLOCK_LENGTH_2700                                0         -nan%                0        0.000%
MEM_BLOCK_LENGTH_2800                                0         -nan%                0        0.000%
MEM_BLOCK_LENGTH_2900                                0         -nan%                0        0.000%
MEM_BLOCK_LENGTH_3000                                0         -nan%                0        0.000%
MEM_BLOCK_LENGTH_3100                                0         -nan%                0        0.000%
MEM_BLOCK_LENGTH_3200                                0         -nan%                0        0.000%
MEM_BLOCK_LENGTH_3300                                0         -nan%                0        0.000%
MEM_BLOCK_LENGTH_3400                                0         -nan%                0        0.000%
MEM_BLOCK_LENGTH_3500                                0         -nan%                0        0.000%
MEM_BLOCK_LENGTH_3600                                0         -nan%                0        0.000%
MEM_BLOCK_LENGTH_3700                                0         -nan%                0        0.000%
MEM_BLOCK_LENGTH_3800                                0         -nan%                0        0.000%
MEM_BLOCK_LENGTH_3900                                0         -nan%                0        0.000%
MEM_BLOCK_LENGTH_4000                                0         -nan%                0        0.000%
MEM_BLOCK_LENGTH_4100                                0         -nan%                0        0.000%
MEM_BLOCK_LENGTH_4200                                0         -nan%                0        0.000%
MEM_BLOCK_LENGTH_4300                                0         -nan%                0        0.000%
MEM_BLOCK_LENGTH_4400                                0         -nan%                0        0.000%
MEM_BLOCK_LENGTH_4500                                0         -nan%                0        0.000%
MEM_BLOCK_LENGTH_4600                                0         -nan%                0        0.000%
MEM_BLOCK_LENGTH_4700                                0         -nan%                0        0.000%
MEM_BLOCK_LENGTH_4800                                0         -nan%                0        0.000%
MEM_BLOCK_LENGTH_4900                                0         -nan%                0        0.000%
MEM_BLOCK_LENGTH_5000                                0         -nan%                0        0.000%
                                                     0         -nan%                1      100.000%
                                                  -nan         -nan              0.00         -nan

FUS_BUSY_ON_PATH                              15203679        3.3092         30190433        3.0524

FUS_BUSY_OFF_PATH                              2640180        0.5747          6094452        0.6162

FU_BUSY_MEM_STALL                              2541722        0.5532          4975042        0.5030

FUS_EMPTY                                     28099801        6.1161         62623715        6.3315

CHIP_UTILIZATION                                     0        0.0000                0        0.0000

CYCLES_UNDER_MEM_REQ                                 0                              0              

CYCLES_UNDER_NO_MEM_REQ                              0                              0              

CYCLES_UNDER_CRITICAL_MEM_REQ                        0                              0              

CYCLES_UNDER_NONCRITICAL_MEM_REQ                     0                              0              

CHIP_UTILIZATION_UNDER_MEM_REQ                       0          -nan                0          -nan

CHIP_UTILIZATION_UNDER_NO_MEM_REQ                    0          -nan                0          -nan

CHIP_UTILIZATION_UNDER_CRITICAL_MEM_REQ              0          -nan                0          -nan

CHIP_UTILIZATION_UNDER_NONCRITICAL_MEM_REQ             0          -nan                0          -nan

CYCLES_NOT_WAITING_FOR_OFF_CHIP                      0        0.0000                0        0.0000

FUS_BUSY_NOT_WAITING_FOR_OFF_CHIP                    0          -nan                0          -nan

CYCLES_WAITING_FOR_OFF_CHIP                          0        0.0000                0        0.0000

FUS_BUSY_WAITING_FOR_OFF_CHIP                        0          -nan                0          -nan

TOTAL_OFF_CHIP_DELAYS_LEFT                           0                              0              

WRONG_IO_SCHED                                       0                              0              

DVFS_CONFIG_SWITCH                                   0                              0              

UOP_CACHE_ICACHE_SWITCH_ONPATH                       0         -nan%                0         -nan%
UOP_CACHE_ICACHE_SWITCH_OFFPATH                      0         -nan%                0         -nan%
                                                     0         -nan%                0         -nan%
                                                  -nan         -nan              -nan         -nan

MAP_STAGE_RECEIVED_OPS_0                             0        0.000%                0        0.000%
MAP_STAGE_RECEIVED_OPS_1                        131694        5.006%           263119        5.028%
MAP_STAGE_RECEIVED_OPS_2                        229841        8.738%           458376        8.760%
MAP_STAGE_RECEIVED_OPS_3                        217417        8.265%           432039        8.257%
MAP_STAGE_RECEIVED_OPS_4                        309372       11.761%           589428       11.264%
MAP_STAGE_RECEIVED_OPS_5                        146798        5.581%           293404        5.607%
MAP_STAGE_RECEIVED_OPS_6                       1595342       60.649%          3196342       61.084%
MAP_STAGE_RECEIVED_OPS_7                             0        0.000%                0        0.000%
MAP_STAGE_RECEIVED_OPS_8                             0        0.000%                0        0.000%
MAP_STAGE_RECEIVED_OPS_MAX                           0        0.000%                0        0.000%
                                               2630464      100.000%          5232708      100.000%
                                                  4.86         1.62              4.87         1.62

MAP_STAGE_WAIT_FOR_DECODE                            0         -nan%                0         -nan%
MAP_STAGE_CONSUME_DECODE                             0         -nan%                0         -nan%
                                                     0         -nan%                0         -nan%
                                                  -nan         -nan              -nan         -nan

MAP_STAGE_WAIT_FOR_DECODE2                           0         -nan%                0         -nan%
MAP_STAGE_CONSUME_DECODE2                            0         -nan%                0         -nan%
                                                     0         -nan%                0         -nan%
                                                  -nan         -nan              -nan         -nan

FTQ_RECOVER_EXEC                                 47867                         112735              

FTQ_RECOVER_DECODE                               18134                          37987              

FTQ_OFFPATH_CYCLES                             2465896                        5726315              

FTQ_CYCLES_OFFPATH                             2707759                        6195544              

FTQ_CYCLES_ONPATH                              1886607                        3695316              

FTQ_FETCHED_INS_OFFPATH                       17393988                       39382981              

FTQ_FETCHED_INS_ONPATH                        12824554                       25568661              

FTQ_BREAK_FULL_BLOCK_OFFPATH                   1782517       38.799%          3998763       40.429%
FTQ_BREAK_FULL_BLOCK_ONPATH                    1099049       23.922%          2065950       20.888%
FTQ_BREAK_MAX_BLOCKS_OFFPATH                    991243       21.576%          2347503       23.734%
FTQ_BREAK_MAX_BLOCKS_ONPATH                     721442       15.703%          1478529       14.949%
FTQ_BREAK_PRED_BR_OFFPATH                            0        0.000%                0        0.000%
FTQ_BREAK_PRED_BR_ONPATH                             0        0.000%                0        0.000%
FTQ_BREAK_BAR_FETCH_OFFPATH                          0        0.000%                0        0.000%
FTQ_BREAK_BAR_FETCH_ONPATH                           0        0.000%                0        0.000%
                                               4594251      100.000%          9890745      100.000%
                                                  1.14         0.84              1.13         0.84



