/* -*- Mode: c -*- */
####################################################################################################
Core 0
####################################################################################################
Cumulative:        Cycles: 9829683               Instructions: 20199151              IPC: 2.05491

Periodic:          Cycles: 4360730               Instructions: 10085999              IPC: 2.31292

EXECUTION_TIME                           1362728125000                  3071775937500              

NODE_CYCLE                                     4360730                        9829683              

NODE_INST_COUNT                               10085999                       20199151              

NODE_INST_COUNT_FETCHED                        9999996                       20000000              

NODE_UOP_COUNT                                12376958                       24598867              

FULL_WINDOW_STALL                               663714       15.220%          2103237       21.397%

FULL_WINDOW_MEM_OP                              561880       99.594%          1872595       99.850%
FULL_WINDOW_FP_OP                                    0        0.000%                0        0.000%
FULL_WINDOW_OTHER_OP                              2289        0.406%             2814        0.150%
                                                564169      100.000%          1875409      100.000%
                                                  0.01         0.13              0.00         0.08

RET_BLOCKED_DC_MISS                            1081731       24.806%          3373877       34.323%

RET_BLOCKED_L1_MISS                             372461        8.541%          1416143       14.407%

RET_BLOCKED_L1_MISS_BW_PREF                       1565        0.036%            28374        0.289%

RET_BLOCKED_L1_ACCESS                           709503       16.270%          1958985       19.929%

RET_BLOCKED_MEM_STALL                           372461        8.541%          1416143       14.407%

RET_BLOCKED_OFFCHIP_DEMAND                           0        0.000%                0        0.000%

OP_ISSUED                                     16539795                       34463084              

OP_RETIRED                                    12376958                       24598867              

REPLAY_SIGNALED                                      0                              0              

REPLAY_COUNTED                                       0                              0              

OFF_CRITICAL_PATH                                    0         -nan%                0         -nan%
ON_CRITICAL_PATH                                     0         -nan%                0         -nan%
                                                     0         -nan%                0         -nan%
                                                  -nan         -nan              -nan         -nan

LD_NO_DEPENDENTS                                152648        5.515%           302098        5.746%
LD_DEPENDENTS                                  2615093       94.485%          4955847       94.254%
                                               2767741      100.000%          5257945      100.000%
                                                  0.94         0.92              0.94         0.92

LD_EXEC_CYCLES_0                                     0        0.000%                0        0.000%
LD_EXEC_CYCLES_1                                     0        0.000%                0        0.000%
LD_EXEC_CYCLES_2                                     0        0.000%                0        0.000%
LD_EXEC_CYCLES_3                                   370       56.402%              900       50.676%
LD_EXEC_CYCLES_4                                   286       43.598%              876       49.324%
                                                   656      100.000%             1776      100.000%
                                                  3.44         2.32              3.49         2.50

ICACHE_STAGE_STARVED                             73922        2.846%           136990        2.665%
ICACHE_STAGE_NOT_STARVED                       2523300       97.154%          5003373       97.335%
                                               2597222      100.000%          5140363      100.000%
                                                  0.97         0.96              0.97         0.96

ICACHE_STAGE_STALLED                            307511        7.052%           846411        8.611%
ICACHE_STAGE_NOT_STALLED                       2597222       59.559%          5140363       52.294%
ICACHE_STAGE_OFF_PATH                          1455997       33.389%          3842909       39.095%
                                               4360730      100.000%          9829683      100.000%
                                                  1.26         0.87              1.30         0.95

DECODE_STAGE_STARVED                           2603256       67.333%          5459247       66.393%
DECODE_STAGE_NOT_STARVED                       1262960       32.667%          2763434       33.607%
                                               3866216      100.000%          8222681      100.000%
                                                  0.33         0.43              0.34         0.43

DECODE_STAGE_STALLED                            312142        7.158%           866230        8.812%
DECODE_STAGE_NOT_STALLED                       3554074       81.502%          7356451       74.839%
DECODE_STAGE_OFF_PATH                           494514       11.340%          1607002       16.348%
                                               4360730      100.000%          9829683      100.000%
                                                  1.04         0.48              1.08         0.58

UOPQ_STAGE_STARVED                             2603578       59.705%          5460194       55.548%
UOPQ_STAGE_NOT_STARVED                         1757152       40.295%          4369489       44.452%
                                               4360730      100.000%          9829683      100.000%
                                                  0.40         0.46              0.44         0.47

UOPQ_STAGE_STALLED                                   0        0.000%                0        0.000%
UOPQ_STAGE_NOT_STALLED                         4360730      100.000%          9829683      100.000%
UOPQ_STAGE_OFF_PATH                                  0        0.000%                0        0.000%
                                               4360730      100.000%          9829683      100.000%
                                                  1.00         0.00              1.00         0.00

MAP_STAGE_STARVED                               124709        4.101%           253488        4.003%
MAP_STAGE_NOT_STARVED                          2916167       95.899%          6078267       95.997%
                                               3040876      100.000%          6331755      100.000%
                                                  0.96         0.94              0.96         0.94

MAP_STAGE_STALLED                               351151        8.053%           987410       10.045%
MAP_STAGE_NOT_STALLED                          2689725       61.681%          5344345       54.369%
MAP_STAGE_OFF_PATH                             1319854       30.267%          3497928       35.585%
                                               4360730      100.000%          9829683      100.000%
                                                  1.22         0.82              1.26         0.89

EXEC_STAGE_STARVED                              749766       17.194%          1295428       13.179%
EXEC_STAGE_NOT_STARVED                         2590382       59.402%          5759609       58.594%
EXEC_STAGE_OFF_PATH                            1020582       23.404%          2774646       28.227%
                                               4360730      100.000%          9829683      100.000%
                                                  1.06         0.69              1.15         0.77

FU_BUSY_0                                      3656357                        7718033              

FU_BUSY_1                                      2829264                        5994118              

FU_BUSY_2                                      1467198                        3080272              

FU_BUSY_3                                       634580                        1329583              

FU_BUSY_4                                      1587303                        3190836              

FU_BUSY_5                                       372473                         784766              

FU_BUSY_6                                      2633692                        5259057              

FU_BUSY_7                                      1473655                        2763931              

FU_BUSY_8                                       851742                        1513026              

FU_BUSY_9                                       520486                         885786              

FU_BUSY_10                                           0                              0              

FU_BUSY_11                                           0                              0              

FU_BUSY_12                                           0                              0              

FU_BUSY_13                                           0                              0              

FU_BUSY_14                                           0                              0              

FU_BUSY_15                                           0                              0              

FU_BUSY_16                                           0                              0              

FU_BUSY_17                                           0                              0              

FU_BUSY_18                                           0                              0              

FU_BUSY_19                                           0                              0              

FU_BUSY_20                                           0                              0              

FU_BUSY_21                                           0                              0              

FU_BUSY_22                                           0                              0              

FU_BUSY_23                                           0                              0              

FU_BUSY_24                                           0                              0              

FU_BUSY_25                                           0                              0              

FU_BUSY_26                                           0                              0              

FU_BUSY_27                                           0                              0              

FU_BUSY_28                                           0                              0              

FU_BUSY_29                                           0                              0              

FU_BUSY_30                                           0                              0              

FU_BUSY_31                                           0                              0              

OP_WAIT_0                                      8482366                       16877164              

OP_WAIT_1                                      2018285                        4025503              

OP_WAIT_2                                       865036                        1762622              

OP_WAIT_3                                       225423                         429631              

OP_WAIT_4                                       124771                         239208              

OP_WAIT_5                                        87389                         169968              

OP_WAIT_6                                        67093                         124808              

OP_WAIT_7                                        50350                          95456              

OP_WAIT_8                                        45861                          82621              

OP_WAIT_9                                        35011                          67086              

OP_WAIT_10                                       31413                          60385              

OP_WAIT_11                                       26174                          51807              

OP_WAIT_12                                       23157                          45861              

OP_WAIT_13                                       19708                          39543              

OP_WAIT_14                                       16854                          33622              

OP_WAIT_15                                       15539                          30257              

OP_WAIT_16                                       14892                          28261              

OP_WAIT_17                                       13319                          24907              

OP_WAIT_18                                       14825                          25851              

OP_WAIT_19                                       11154                          20706              

OP_WAIT_20                                       11667                          20072              

OP_WAIT_21                                        9220                          17001              

OP_WAIT_22                                        8739                          15713              

OP_WAIT_23                                        7891                          14414              

OP_WAIT_24                                        7719                          13794              

OP_WAIT_25                                        6533                          12026              

OP_WAIT_26                                        6435                          11696              

OP_WAIT_27                                        6482                          11792              

OP_WAIT_28                                        5545                          10319              

OP_WAIT_29                                        4788                           9511              

OP_WAIT_30                                        4653                           8584              

OP_WAIT_31                                      108666                         218678              

ROW_SIZE_0                                     1627104                        4389793              

ROW_SIZE_1                                      399121                         828545              

ROW_SIZE_2                                      159272                         287322              

ROW_SIZE_3                                      104934                         199115              

ROW_SIZE_4                                      134069                         262967              

ROW_SIZE_5                                       52655                          97539              

ROW_SIZE_6                                     1757490                        3509795              

ROW_SIZE_7                                           0                              0              

ROW_SIZE_8                                           0                              0              

ROW_SIZE_9                                           0                              0              

ROW_SIZE_10                                          0                              0              

ROW_SIZE_11                                          0                              0              

ROW_SIZE_12                                          0                              0              

ROW_SIZE_13                                          0                              0              

ROW_SIZE_14                                          0                              0              

ROW_SIZE_15                                          0                              0              

ROW_SIZE_16                                          0                              0              

ROW_SIZE_17                                          0                              0              

ROW_SIZE_18                                          0                              0              

ROW_SIZE_19                                          0                              0              

ROW_SIZE_20                                          0                              0              

ROW_SIZE_21                                          0                              0              

ROW_SIZE_22                                          0                              0              

ROW_SIZE_23                                          0                              0              

ROW_SIZE_24                                          0                              0              

ROW_SIZE_25                                          0                              0              

ROW_SIZE_26                                          0                              0              

ROW_SIZE_27                                          0                              0              

ROW_SIZE_28                                          0                              0              

ROW_SIZE_29                                          0                              0              

ROW_SIZE_30                                          0                              0              

ROW_SIZE_31                                          0                              0              

RET_OP_EXEC_COUNT_0                                  0        0.000%                0        0.000%
RET_OP_EXEC_COUNT_1                           12376958      100.000%         24598867      100.000%
RET_OP_EXEC_COUNT_2                                  0        0.000%                0        0.000%
RET_OP_EXEC_COUNT_3                                  0        0.000%                0        0.000%
RET_OP_EXEC_COUNT_4                                  0        0.000%                0        0.000%
RET_OP_EXEC_COUNT_5                                  0        0.000%                0        0.000%
RET_OP_EXEC_COUNT_6                                  0        0.000%                0        0.000%
RET_OP_EXEC_COUNT_7                                  0        0.000%                0        0.000%
RET_OP_EXEC_COUNT_8                                  0        0.000%                0        0.000%
RET_OP_EXEC_COUNT_9                                  0        0.000%                0        0.000%
RET_OP_EXEC_COUNT_10                                 0        0.000%                0        0.000%
RET_OP_EXEC_COUNT_11                                 0        0.000%                0        0.000%
RET_OP_EXEC_COUNT_12                                 0        0.000%                0        0.000%
RET_OP_EXEC_COUNT_13                                 0        0.000%                0        0.000%
RET_OP_EXEC_COUNT_14                                 0        0.000%                0        0.000%
RET_OP_EXEC_COUNT_15                                 0        0.000%                0        0.000%
RET_OP_EXEC_COUNT_16                                 0        0.000%                0        0.000%
RET_OP_EXEC_COUNT_17                                 0        0.000%                0        0.000%
RET_OP_EXEC_COUNT_18                                 0        0.000%                0        0.000%
RET_OP_EXEC_COUNT_19                                 0        0.000%                0        0.000%
RET_OP_EXEC_COUNT_20                                 0        0.000%                0        0.000%
RET_OP_EXEC_COUNT_21                                 0        0.000%                0        0.000%
RET_OP_EXEC_COUNT_22                                 0        0.000%                0        0.000%
RET_OP_EXEC_COUNT_23                                 0        0.000%                0        0.000%
RET_OP_EXEC_COUNT_24                                 0        0.000%                0        0.000%
RET_OP_EXEC_COUNT_25                                 0        0.000%                0        0.000%
RET_OP_EXEC_COUNT_26                                 0        0.000%                0        0.000%
RET_OP_EXEC_COUNT_27                                 0        0.000%                0        0.000%
RET_OP_EXEC_COUNT_28                                 0        0.000%                0        0.000%
RET_OP_EXEC_COUNT_29                                 0        0.000%                0        0.000%
RET_OP_EXEC_COUNT_30                                 0        0.000%                0        0.000%
RET_OP_EXEC_COUNT_31                                 0        0.000%                0        0.000%
RET_OP_EXEC_COUNT_32                                 0        0.000%                0        0.000%
                                              12376958      100.000%         24598867      100.000%
                                                  1.00         0.00              1.00         0.00

RET_STALL_LENGTH_0                            12374778       99.982%         24590294       99.965%
RET_STALL_LENGTH_100                              1961        0.016%             7774        0.032%
RET_STALL_LENGTH_200                                93        0.001%              437        0.002%
RET_STALL_LENGTH_300                                28        0.000%              123        0.001%
RET_STALL_LENGTH_400                                24        0.000%               45        0.000%
RET_STALL_LENGTH_500                                16        0.000%               29        0.000%
RET_STALL_LENGTH_600                                 4        0.000%                9        0.000%
RET_STALL_LENGTH_700                                 9        0.000%               14        0.000%
RET_STALL_LENGTH_800                                 4        0.000%               12        0.000%
RET_STALL_LENGTH_900                                 5        0.000%               15        0.000%
RET_STALL_LENGTH_1000                                8        0.000%               19        0.000%
RET_STALL_LENGTH_1100                                8        0.000%               22        0.000%
RET_STALL_LENGTH_1200                               17        0.000%               63        0.000%
RET_STALL_LENGTH_1300                                0        0.000%                5        0.000%
RET_STALL_LENGTH_1400                                0        0.000%                2        0.000%
RET_STALL_LENGTH_1500                                2        0.000%                2        0.000%
RET_STALL_LENGTH_1600                                0        0.000%                0        0.000%
RET_STALL_LENGTH_1700                                0        0.000%                1        0.000%
RET_STALL_LENGTH_1800                                1        0.000%                1        0.000%
RET_STALL_LENGTH_1900                                0        0.000%                0        0.000%
RET_STALL_LENGTH_2000                                0        0.000%                0        0.000%
RET_STALL_LENGTH_2100                                0        0.000%                0        0.000%
RET_STALL_LENGTH_2200                                0        0.000%                0        0.000%
RET_STALL_LENGTH_2300                                0        0.000%                0        0.000%
RET_STALL_LENGTH_2400                                0        0.000%                0        0.000%
RET_STALL_LENGTH_2500                                0        0.000%                0        0.000%
RET_STALL_LENGTH_2600                                0        0.000%                0        0.000%
RET_STALL_LENGTH_2700                                0        0.000%                0        0.000%
RET_STALL_LENGTH_2800                                0        0.000%                0        0.000%
RET_STALL_LENGTH_2900                                0        0.000%                0        0.000%
RET_STALL_LENGTH_3000                                0        0.000%                0        0.000%
RET_STALL_LENGTH_3100                                0        0.000%                0        0.000%
RET_STALL_LENGTH_3200                                0        0.000%                0        0.000%
RET_STALL_LENGTH_3300                                0        0.000%                0        0.000%
RET_STALL_LENGTH_3400                                0        0.000%                0        0.000%
RET_STALL_LENGTH_3500                                0        0.000%                0        0.000%
RET_STALL_LENGTH_3600                                0        0.000%                0        0.000%
RET_STALL_LENGTH_3700                                0        0.000%                0        0.000%
RET_STALL_LENGTH_3800                                0        0.000%                0        0.000%
RET_STALL_LENGTH_3900                                0        0.000%                0        0.000%
RET_STALL_LENGTH_4000                                0        0.000%                0        0.000%
RET_STALL_LENGTH_4100                                0        0.000%                0        0.000%
RET_STALL_LENGTH_4200                                0        0.000%                0        0.000%
RET_STALL_LENGTH_4300                                0        0.000%                0        0.000%
RET_STALL_LENGTH_4400                                0        0.000%                0        0.000%
RET_STALL_LENGTH_4500                                0        0.000%                0        0.000%
RET_STALL_LENGTH_4600                                0        0.000%                0        0.000%
RET_STALL_LENGTH_4700                                0        0.000%                0        0.000%
RET_STALL_LENGTH_4800                                0        0.000%                0        0.000%
RET_STALL_LENGTH_4900                                0        0.000%                0        0.000%
RET_STALL_LENGTH_5000                                0        0.000%                0        0.000%
                                              12376958      100.000%         24598867      100.000%
                                                  0.00         0.03              0.00         0.04

MEM_BLOCK_LENGTH_0                                   1      100.000%                3      100.000%
MEM_BLOCK_LENGTH_100                                 0        0.000%                0        0.000%
MEM_BLOCK_LENGTH_200                                 0        0.000%                0        0.000%
MEM_BLOCK_LENGTH_300                                 0        0.000%                0        0.000%
MEM_BLOCK_LENGTH_400                                 0        0.000%                0        0.000%
MEM_BLOCK_LENGTH_500                                 0        0.000%                0        0.000%
MEM_BLOCK_LENGTH_600                                 0        0.000%                0        0.000%
MEM_BLOCK_LENGTH_700                                 0        0.000%                0        0.000%
MEM_BLOCK_LENGTH_800                                 0        0.000%                0        0.000%
MEM_BLOCK_LENGTH_900                                 0        0.000%                0        0.000%
MEM_BLOCK_LENGTH_1000                                0        0.000%                0        0.000%
MEM_BLOCK_LENGTH_1100                                0        0.000%                0        0.000%
MEM_BLOCK_LENGTH_1200                                0        0.000%                0        0.000%
MEM_BLOCK_LENGTH_1300                                0        0.000%                0        0.000%
MEM_BLOCK_LENGTH_1400                                0        0.000%                0        0.000%
MEM_BLOCK_LENGTH_1500                                0        0.000%                0        0.000%
MEM_BLOCK_LENGTH_1600                                0        0.000%                0        0.000%
MEM_BLOCK_LENGTH_1700                                0        0.000%                0        0.000%
MEM_BLOCK_LENGTH_1800                                0        0.000%                0        0.000%
MEM_BLOCK_LENGTH_1900                                0        0.000%                0        0.000%
MEM_BLOCK_LENGTH_2000                                0        0.000%                0        0.000%
MEM_BLOCK_LENGTH_2100                                0        0.000%                0        0.000%
MEM_BLOCK_LENGTH_2200                                0        0.000%                0        0.000%
MEM_BLOCK_LENGTH_2300                                0        0.000%                0        0.000%
MEM_BLOCK_LENGTH_2400                                0        0.000%                0        0.000%
MEM_BLOCK_LENGTH_2500                                0        0.000%                0        0.000%
MEM_BLOCK_LENGTH_2600                                0        0.000%                0        0.000%
MEM_BLOCK_LENGTH_2700                                0        0.000%                0        0.000%
MEM_BLOCK_LENGTH_2800                                0        0.000%                0        0.000%
MEM_BLOCK_LENGTH_2900                                0        0.000%                0        0.000%
MEM_BLOCK_LENGTH_3000                                0        0.000%                0        0.000%
MEM_BLOCK_LENGTH_3100                                0        0.000%                0        0.000%
MEM_BLOCK_LENGTH_3200                                0        0.000%                0        0.000%
MEM_BLOCK_LENGTH_3300                                0        0.000%                0        0.000%
MEM_BLOCK_LENGTH_3400                                0        0.000%                0        0.000%
MEM_BLOCK_LENGTH_3500                                0        0.000%                0        0.000%
MEM_BLOCK_LENGTH_3600                                0        0.000%                0        0.000%
MEM_BLOCK_LENGTH_3700                                0        0.000%                0        0.000%
MEM_BLOCK_LENGTH_3800                                0        0.000%                0        0.000%
MEM_BLOCK_LENGTH_3900                                0        0.000%                0        0.000%
MEM_BLOCK_LENGTH_4000                                0        0.000%                0        0.000%
MEM_BLOCK_LENGTH_4100                                0        0.000%                0        0.000%
MEM_BLOCK_LENGTH_4200                                0        0.000%                0        0.000%
MEM_BLOCK_LENGTH_4300                                0        0.000%                0        0.000%
MEM_BLOCK_LENGTH_4400                                0        0.000%                0        0.000%
MEM_BLOCK_LENGTH_4500                                0        0.000%                0        0.000%
MEM_BLOCK_LENGTH_4600                                0        0.000%                0        0.000%
MEM_BLOCK_LENGTH_4700                                0        0.000%                0        0.000%
MEM_BLOCK_LENGTH_4800                                0        0.000%                0        0.000%
MEM_BLOCK_LENGTH_4900                                0        0.000%                0        0.000%
MEM_BLOCK_LENGTH_5000                                0        0.000%                0        0.000%
                                                     1      100.000%                3      100.000%
                                                  0.00         -nan              0.00         0.00

FUS_BUSY_ON_PATH                              13765458        3.1567         26996019        2.7464

FUS_BUSY_OFF_PATH                              2261292        0.5186          5523389        0.5619

FU_BUSY_MEM_STALL                              1552579        0.3560          2717368        0.2764

FUS_EMPTY                                     27580550        6.3248         65777422        6.6917

CHIP_UTILIZATION                                     0        0.0000                0        0.0000

CYCLES_UNDER_MEM_REQ                                 0                              0              

CYCLES_UNDER_NO_MEM_REQ                              0                              0              

CYCLES_UNDER_CRITICAL_MEM_REQ                        0                              0              

CYCLES_UNDER_NONCRITICAL_MEM_REQ                     0                              0              

CHIP_UTILIZATION_UNDER_MEM_REQ                       0          -nan                0          -nan

CHIP_UTILIZATION_UNDER_NO_MEM_REQ                    0          -nan                0          -nan

CHIP_UTILIZATION_UNDER_CRITICAL_MEM_REQ              0          -nan                0          -nan

CHIP_UTILIZATION_UNDER_NONCRITICAL_MEM_REQ             0          -nan                0          -nan

CYCLES_NOT_WAITING_FOR_OFF_CHIP                      0        0.0000                0        0.0000

FUS_BUSY_NOT_WAITING_FOR_OFF_CHIP                    0          -nan                0          -nan

CYCLES_WAITING_FOR_OFF_CHIP                          0        0.0000                0        0.0000

FUS_BUSY_WAITING_FOR_OFF_CHIP                        0          -nan                0          -nan

TOTAL_OFF_CHIP_DELAYS_LEFT                           0                              0              

WRONG_IO_SCHED                                       0                              0              

DVFS_CONFIG_SWITCH                                   0                              0              

UOP_CACHE_ICACHE_SWITCH_ONPATH                       0         -nan%                0         -nan%
UOP_CACHE_ICACHE_SWITCH_OFFPATH                      0         -nan%                0         -nan%
                                                     0         -nan%                0         -nan%
                                                  -nan         -nan              -nan         -nan

MAP_STAGE_RECEIVED_OPS_0                             0        0.000%                0        0.000%
MAP_STAGE_RECEIVED_OPS_1                        158509        6.236%           313054        6.205%
MAP_STAGE_RECEIVED_OPS_2                        219513        8.636%           431630        8.555%
MAP_STAGE_RECEIVED_OPS_3                        192369        7.568%           386942        7.670%
MAP_STAGE_RECEIVED_OPS_4                        272516       10.722%           541493       10.733%
MAP_STAGE_RECEIVED_OPS_5                        133846        5.266%           249156        4.939%
MAP_STAGE_RECEIVED_OPS_6                       1564986       61.571%          3122893       61.899%
MAP_STAGE_RECEIVED_OPS_7                             0        0.000%                0        0.000%
MAP_STAGE_RECEIVED_OPS_8                             0        0.000%                0        0.000%
MAP_STAGE_RECEIVED_OPS_MAX                           0        0.000%                0        0.000%
                                               2541739      100.000%          5045168      100.000%
                                                  4.85         1.67              4.85         1.67

MAP_STAGE_WAIT_FOR_DECODE                            0         -nan%                0         -nan%
MAP_STAGE_CONSUME_DECODE                             0         -nan%                0         -nan%
                                                     0         -nan%                0         -nan%
                                                  -nan         -nan              -nan         -nan

MAP_STAGE_WAIT_FOR_DECODE2                           0         -nan%                0         -nan%
MAP_STAGE_CONSUME_DECODE2                            0         -nan%                0         -nan%
                                                     0         -nan%                0         -nan%
                                                  -nan         -nan              -nan         -nan

FTQ_RECOVER_EXEC                                 34347                          76171              

FTQ_RECOVER_DECODE                                1017                           1860              

FTQ_OFFPATH_CYCLES                             2270473                        5816026              

FTQ_CYCLES_OFFPATH                             2244532                        5754820              

FTQ_CYCLES_ONPATH                              2116198                        4074863              

FTQ_FETCHED_INS_OFFPATH                       15019962                       34674081              

FTQ_FETCHED_INS_ONPATH                        12340775                       24520836              

FTQ_BREAK_FULL_BLOCK_OFFPATH                   1288237       29.543%          3536774       35.981%
FTQ_BREAK_FULL_BLOCK_ONPATH                    1523520       34.938%          2770325       28.184%
FTQ_BREAK_MAX_BLOCKS_OFFPATH                    991567       22.739%          2295985       23.358%
FTQ_BREAK_MAX_BLOCKS_ONPATH                     557268       12.780%          1226461       12.477%
FTQ_BREAK_PRED_BR_OFFPATH                            0        0.000%                0        0.000%
FTQ_BREAK_PRED_BR_ONPATH                             0        0.000%                0        0.000%
FTQ_BREAK_BAR_FETCH_OFFPATH                          0        0.000%                0        0.000%
FTQ_BREAK_BAR_FETCH_ONPATH                           0        0.000%                0        0.000%
                                               4360592      100.000%          9829545      100.000%
                                                  1.19         0.76              1.12         0.79



