Scarab gitrev: 3067351
Scarab started at Thu Jan  2 22:48:23 2025

Bloom Table Size 44144 hashes 8
Bloom Table Size 11040 hashes 8
Bloom Table Size 11040 hashes 8
Initialized Ramulator. 
** Heartbeat:   5% -- { 1000003 } -- 0.00 KIPS (10.75 KIPS)
** Heartbeat:  10% -- { 2000007 } -- 9.90 KIPS (10.31 KIPS)
** Heartbeat:  15% -- { 3000008 } -- 9.71 KIPS (10.10 KIPS)
** Heartbeat:  20% -- { 4000012 } -- 10.10 KIPS (10.10 KIPS)
** Heartbeat:  25% -- { 5000012 } -- 9.52 KIPS (9.98 KIPS)
** Heartbeat:  30% -- { 6000017 } -- 9.43 KIPS (9.88 KIPS)
** Heartbeat:  35% -- { 7000017 } -- 9.35 KIPS (9.80 KIPS)
** Heartbeat:  40% -- { 8000017 } -- 9.35 KIPS (9.74 KIPS)
** Heartbeat:  45% -- { 9000022 } -- 8.85 KIPS (9.64 KIPS)
** Heartbeat:  50% -- { 10000022 } -- 9.26 KIPS (9.60 KIPS)
** Heartbeat:  55% -- { 11000026 } -- 12.35 KIPS (9.80 KIPS)
** Heartbeat:  60% -- { 12000030 } -- 14.93 KIPS (10.08 KIPS)
** Heartbeat:  65% -- { 13000032 } -- 15.15 KIPS (10.35 KIPS)
** Heartbeat:  70% -- { 14000033 } -- 19.23 KIPS (10.70 KIPS)
** Heartbeat:  75% -- { 15000033 } -- 20.83 KIPS (11.06 KIPS)
** Heartbeat:  80% -- { 16000037 } -- 23.81 KIPS (11.44 KIPS)
** Heartbeat:  85% -- { 17000037 } -- 25.64 KIPS (11.83 KIPS)
** Heartbeat:  90% -- { 18000039 } -- 28.57 KIPS (12.23 KIPS)
** Heartbeat:  95% -- { 19000043 } -- 37.04 KIPS (12.68 KIPS)
Warning could not fetch inst from frontend
Warning could not fetch inst from frontend
Warning could not fetch inst from frontend
Warning could not fetch inst from frontend
Warning could not fetch inst from frontend
Warning could not fetch inst from frontend
Warning could not fetch inst from frontend
Warning could not fetch inst from frontend
Warning could not fetch inst from frontend
Warning could not fetch inst from frontend
Warning could not fetch inst from frontend
Warning could not fetch inst from frontend
Warning could not fetch inst from frontend
Warning could not fetch inst from frontend
Warning could not fetch inst from frontend
Warning could not fetch inst from frontend
Warning could not fetch inst from frontend
Warning could not fetch inst from frontend
Warning could not fetch inst from frontend
Warning could not fetch inst from frontend
Warning could not fetch inst from frontend
Warning could not fetch inst from frontend
Warning could not fetch inst from frontend
Warning could not fetch inst from frontend
Warning could not fetch inst from frontend
Warning could not fetch inst from frontend
Warning could not fetch inst from frontend
Warning could not fetch inst from frontend
Warning could not fetch inst from frontend
Warning could not fetch inst from frontend
Warning could not fetch inst from frontend
Warning could not fetch inst from frontend
Warning could not fetch inst from frontend
Warning could not fetch inst from frontend
Warning could not fetch inst from frontend
Warning could not fetch inst from frontend
Warning could not fetch inst from frontend
Warning could not fetch inst from frontend
Warning could not fetch inst from frontend
Warning could not fetch inst from frontend
Warning could not fetch inst from frontend
Warning could not fetch inst from frontend
Warning could not fetch inst from frontend
Warning could not fetch inst from frontend
Warning could not fetch inst from frontend
Warning could not fetch inst from frontend
Warning could not fetch inst from frontend
Warning could not fetch inst from frontend
Warning could not fetch inst from frontend
Warning could not fetch inst from frontend
Warning could not fetch inst from frontend
Warning could not fetch inst from frontend
Warning could not fetch inst from frontend
Warning could not fetch inst from frontend
Warning could not fetch inst from frontend
Warning could not fetch inst from frontend
Warning could not fetch inst from frontend
Warning could not fetch inst from frontend
Warning could not fetch inst from frontend
Warning could not fetch inst from frontend
Warning could not fetch inst from frontend
Warning could not fetch inst from frontend
Warning could not fetch inst from frontend
Warning could not fetch inst from frontend
Warning could not fetch inst from frontend
Warning could not fetch inst from frontend
Warning could not fetch inst from frontend
Warning could not fetch inst from frontend
Warning could not fetch inst from frontend
Warning could not fetch inst from frontend
Warning could not fetch inst from frontend
Warning could not fetch inst from frontend
Warning could not fetch inst from frontend
IP accesses: 9c37 270dc0 501718 / 10396724
IP misses: 2ab3 aacc0 13 / 4591
IP hits: 0 0 0 / 0
IP late: 2c75 b1d40 2 / 61
IP wrong: c0ab 302ac0 17 / 264
miss rate: 0.000441581
coverage: 0
coverage_late: 0.0132869
accuracy: 0
accuracy_late: 0.187692
discarded: 0
evicts entangled j table: 0
evicts entangled k table: 17
max bb size: 33
formats: 0 310 244 67 77 250 0 
hist_lookups: 515 311 155 93 56 33 22 21 21 8 9 6 7 13 4 0 0 124 
hist_lookups_evict: 0 %
hist_lookups_shortlat: 8.86981 %
bb_found_hist: 0 664632 320365 201762 308091 165110 104559 68131 16160 40140 4862 9539 23469 18595 13223 265 28 476 144 654 2127 941 910 73 12084 5 1 19 0 207 0 14 16517 0 0 0 0 0 0 0 0 0 0 0 0 0 0 0 0 0 0 0 0 0 0 0 0 0 0 0 0 0 0 0 
bb_found_summary: 7362601 1993103 3.69404
entangled_found_hist: 0 318491 75069 26447 58 0 0 0 
entangled_found_summary: 548202 420065 1.30504
bb_ent_found_hist: 0 63292 81013 67260 51982 14993 42204 5918 110 2944 1573 7253 67 27 3099 1 5 48 660 512 13 1306 1480 218 15 0 2 0 0 0 0 0 0 0 0 0 0 0 0 0 0 0 0 0 0 0 0 0 0 0 0 0 0 0 0 0 0 0 0 0 0 0 0 0 
bb_ent_found_summary: 1260262 345995 3.64243
** Core 0 Finished:    insts:20020740    cycles:15226227    time:4758195937500       -- 1.31 IPC (1.31 IPC) --  N/A  KIPS (13.16 KIPS)
Scarab finished at Thu Jan  2 23:13:43 2025

