Scarab gitrev: 3067351
Scarab started at Thu Jan  2 17:00:46 2025

Initialized Ramulator. 
** Heartbeat:   5% -- { 1000001 } -- 0.00 KIPS (13.70 KIPS)
** Heartbeat:  10% -- { 2000003 } -- 16.39 KIPS (14.93 KIPS)
** Heartbeat:  15% -- { 3000007 } -- 15.38 KIPS (15.08 KIPS)
** Heartbeat:  20% -- { 4000008 } -- 14.71 KIPS (14.98 KIPS)
** Heartbeat:  25% -- { 5000009 } -- 16.13 KIPS (15.20 KIPS)
** Heartbeat:  30% -- { 6000013 } -- 16.39 KIPS (15.38 KIPS)
** Heartbeat:  35% -- { 7000015 } -- 16.95 KIPS (15.59 KIPS)
** Heartbeat:  40% -- { 8000016 } -- 15.87 KIPS (15.63 KIPS)
** Heartbeat:  45% -- { 9000016 } -- 15.38 KIPS (15.60 KIPS)
** Heartbeat:  50% -- { 10000017 } -- 15.15 KIPS (15.55 KIPS)
** Heartbeat:  55% -- { 11000018 } -- 15.63 KIPS (15.56 KIPS)
** Heartbeat:  60% -- { 12000018 } -- 15.15 KIPS (15.52 KIPS)
** Heartbeat:  65% -- { 13000022 } -- 14.93 KIPS (15.48 KIPS)
** Heartbeat:  70% -- { 14000027 } -- 16.67 KIPS (15.56 KIPS)
** Heartbeat:  75% -- { 15000030 } -- 16.39 KIPS (15.61 KIPS)
** Heartbeat:  80% -- { 16000032 } -- 17.24 KIPS (15.70 KIPS)
** Heartbeat:  85% -- { 17000035 } -- 18.18 KIPS (15.83 KIPS)
** Heartbeat:  90% -- { 18000039 } -- 19.61 KIPS (16.00 KIPS)
** Heartbeat:  95% -- { 19000042 } -- 22.22 KIPS (16.24 KIPS)
Warning could not fetch inst from frontend
Warning could not fetch inst from frontend
Warning could not fetch inst from frontend
Warning could not fetch inst from frontend
Warning could not fetch inst from frontend
Warning could not fetch inst from frontend
Warning could not fetch inst from frontend
Warning could not fetch inst from frontend
Warning could not fetch inst from frontend
Warning could not fetch inst from frontend
Warning could not fetch inst from frontend
Warning could not fetch inst from frontend
Warning could not fetch inst from frontend
Warning could not fetch inst from frontend
Warning could not fetch inst from frontend
Warning could not fetch inst from frontend
Warning could not fetch inst from frontend
Warning could not fetch inst from frontend
Warning could not fetch inst from frontend
Warning could not fetch inst from frontend
Warning could not fetch inst from frontend
Warning could not fetch inst from frontend
Warning could not fetch inst from frontend
Warning could not fetch inst from frontend
Warning could not fetch inst from frontend
Warning could not fetch inst from frontend
Warning could not fetch inst from frontend
Warning could not fetch inst from frontend
Warning could not fetch inst from frontend
Warning could not fetch inst from frontend
Warning could not fetch inst from frontend
Warning could not fetch inst from frontend
Warning could not fetch inst from frontend
Warning could not fetch inst from frontend
Warning could not fetch inst from frontend
Warning could not fetch inst from frontend
Warning could not fetch inst from frontend
Warning could not fetch inst from frontend
Warning could not fetch inst from frontend
Warning could not fetch inst from frontend
Warning could not fetch inst from frontend
Warning could not fetch inst from frontend
Warning could not fetch inst from frontend
Warning could not fetch inst from frontend
Warning could not fetch inst from frontend
Warning could not fetch inst from frontend
Warning could not fetch inst from frontend
Warning could not fetch inst from frontend
Warning could not fetch inst from frontend
Warning could not fetch inst from frontend
Warning could not fetch inst from frontend
Warning could not fetch inst from frontend
Warning could not fetch inst from frontend
Warning could not fetch inst from frontend
Warning could not fetch inst from frontend
Warning could not fetch inst from frontend
Warning could not fetch inst from frontend
Warning could not fetch inst from frontend
Warning could not fetch inst from frontend
Warning could not fetch inst from frontend
Warning could not fetch inst from frontend
Warning could not fetch inst from frontend
Warning could not fetch inst from frontend
Warning could not fetch inst from frontend
Warning could not fetch inst from frontend
Warning could not fetch inst from frontend
Warning could not fetch inst from frontend
Warning could not fetch inst from frontend
Warning could not fetch inst from frontend
Warning could not fetch inst from frontend
Warning could not fetch inst from frontend
Warning could not fetch inst from frontend
Warning could not fetch inst from frontend
Warning could not fetch inst from frontend
Warning could not fetch inst from frontend
Warning could not fetch inst from frontend
Warning could not fetch inst from frontend
Warning could not fetch inst from frontend
Warning could not fetch inst from frontend
Warning could not fetch inst from frontend
Warning could not fetch inst from frontend
Warning could not fetch inst from frontend
Warning could not fetch inst from frontend
Warning could not fetch inst from frontend
Warning could not fetch inst from frontend
Warning could not fetch inst from frontend
Warning could not fetch inst from frontend
Warning could not fetch inst from frontend
Warning could not fetch inst from frontend
Warning could not fetch inst from frontend
Warning could not fetch inst from frontend
Warning could not fetch inst from frontend
Warning could not fetch inst from frontend
Warning could not fetch inst from frontend
Warning could not fetch inst from frontend
Warning could not fetch inst from frontend
Warning could not fetch inst from frontend
Warning could not fetch inst from frontend
Warning could not fetch inst from frontend
Warning could not fetch inst from frontend
Warning could not fetch inst from frontend
Warning could not fetch inst from frontend
Warning could not fetch inst from frontend
Warning could not fetch inst from frontend
Warning could not fetch inst from frontend
Warning could not fetch inst from frontend
Warning could not fetch inst from frontend
Warning could not fetch inst from frontend
Warning could not fetch inst from frontend
Warning could not fetch inst from frontend
Warning could not fetch inst from frontend
Warning could not fetch inst from frontend
Warning could not fetch inst from frontend
Warning could not fetch inst from frontend
Warning could not fetch inst from frontend
Warning could not fetch inst from frontend
Warning could not fetch inst from frontend
Warning could not fetch inst from frontend
Warning could not fetch inst from frontend
Warning could not fetch inst from frontend
Warning could not fetch inst from frontend
Warning could not fetch inst from frontend
Warning could not fetch inst from frontend
Warning could not fetch inst from frontend
Warning could not fetch inst from frontend
Warning could not fetch inst from frontend
Warning could not fetch inst from frontend
Warning could not fetch inst from frontend
Warning could not fetch inst from frontend
Warning could not fetch inst from frontend
Warning could not fetch inst from frontend
** Core 0 Finished:    insts:20000000    cycles:8553546     time:2672983125000       -- 2.34 IPC (2.34 IPC) --  N/A  KIPS (16.50 KIPS)
Scarab finished at Thu Jan  2 17:20:58 2025

