/* -*- Mode: c -*- */
####################################################################################################
Core 0
####################################################################################################
Cumulative:        Cycles: 9440292               Instructions: 20138303              IPC: 2.13323

Periodic:          Cycles: 4517790               Instructions: 10069022              IPC: 2.22875

MISS_WAIT_TIME                                  938447                        2081763              

ICACHE_STAGE_MISS                                60589                         125536              

ICACHE_CYCLE                                   4517790                        9440292              

TCACHE_CYCLE                                         0                              0              

ICACHE_CYCLE_ONPATH                            4225755       93.536%          8673475       91.877%
ICACHE_CYCLE_OFFPATH                            292035        6.464%           766817        8.123%
                                               4517790      100.000%          9440292      100.000%
                                                  0.06         0.24              0.08         0.26

FETCH_ON_PATH                                  2861044       95.255%          5724836       94.218%
FETCH_OFF_PATH                                  142519        4.745%           351344        5.782%
                                               3003563      100.000%          6076180      100.000%
                                                  0.05         0.21              0.06         0.23

FETCHED_OPS_ON_PATH                                  0         -nan%                0         -nan%
FETCHED_OPS_OFF_PATH                                 0         -nan%                0         -nan%
                                                     0         -nan%                0         -nan%
                                                  -nan         -nan              -nan         -nan

INST_LOST_WAIT_FOR_MISP_RECOVERY                     0        0.000%                0        0.000%
INST_LOST_WAIT_FOR_TIMER                             0        0.000%                0        0.000%
INST_LOST_WAIT_FOR_EMPTY_ROB                   1323132        5.045%          2747910        5.026%
INST_LOST_WAIT_FOR_ICACHE_MISS                 4400270       16.778%          9855705       18.027%
INST_LOST_WAIT_FOR_REDIRECT                          0        0.000%                0        0.000%
INST_LOST_WAIT_FOR_FDIP                              0        0.000%                0        0.000%
INST_LOST_WAIT_FOR_RENAME                            0        0.000%                0        0.000%
INST_LOST_FETCH                               13608601       51.888%         27219338       49.788%
INST_LOST_OFF_PATH                              860934        3.283%          2077944        3.801%
INST_LOST_FULL_WINDOW                                0        0.000%                0        0.000%
INST_LOST_ROB_STALL_OTHER                       426570        1.626%           864204        1.581%
INST_LOST_ROB_STALL_WAIT_FOR_RECOVERY             1026        0.004%             3930        0.007%
INST_LOST_ROB_STALL_WAIT_FOR_REDIRECT                0        0.000%                0        0.000%
INST_LOST_ROB_STALL_WAIT_FOR_GAP_FILL                0        0.000%                0        0.000%
INST_LOST_ROB_STALL_WAIT_FOR_L1_MISS                 0        0.000%                0        0.000%
INST_LOST_ROB_STALL_WAIT_FOR_MEMORY                  0        0.000%              378        0.001%
INST_LOST_ROB_STALL_WAIT_FOR_DC_MISS           2054310        7.833%          4741404        8.673%
INST_LOST_ROB_BLOCK_ISSUE_FULL                       0        0.000%                0        0.000%
INST_LOST_ROB_BLOCK_ISSUE_GAP_TOO_LARGE              0        0.000%                0        0.000%
INST_LOST_BREAK_DONT                                 0        0.000%                0        0.000%
INST_LOST_BREAK_ISSUE_WIDTH                          0        0.000%                0        0.000%
INST_LOST_BREAK_CF                                   0        0.000%                0        0.000%
INST_LOST_BREAK_BTB_MISS                             0        0.000%                0        0.000%
INST_LOST_BREAK_ICACHE_MISS                     341441        1.302%           708643        1.296%
INST_LOST_BREAK_LINE_END                             0        0.000%                0        0.000%
INST_LOST_BREAK_STALL                                0        0.000%                0        0.000%
INST_LOST_BREAK_BARRIER                          14385        0.055%            28805        0.053%
INST_LOST_BREAK_OFFPATH                              0        0.000%                0        0.000%
INST_LOST_BREAK_ALIGNMENT                            0        0.000%                0        0.000%
INST_LOST_BREAK_TAKEN                          3196017       12.186%          6422350       11.747%
INST_LOST_BREAK_MODEL_BEFORE                         0        0.000%                0        0.000%
INST_LOST_BREAK_MODEL_AFTER                          0        0.000%                0        0.000%
INST_LOST_BREAK_UC_MISS                              0        0.000%                0        0.000%
INST_LOST_BREAK_ICACHE_TO_UOP_CACHE_SWITCH             0        0.000%                0        0.000%
INST_LOST_BREAK_FDIP_RUNAHEAD                        0        0.000%                0        0.000%
                                              26226686      100.000%         54670611      100.000%
                                                  9.76         8.08              9.70         8.03

INST_LOST_TOTAL                               27106740                       56641752              

INST_LOST_WAIT_FOR_ICACHE_MISS_NOT_PREFETCHED             0        0.000%                0        0.000%
INST_LOST_WAIT_FOR_ICACHE_MISS_PREFETCHED_AND_EVICTED_BY_IFETCH             0        0.000%                0        0.000%
INST_LOST_WAIT_FOR_ICACHE_MISS_PREFETCHED_AND_EVICTED_BY_FDIP             0        0.000%                0        0.000%
INST_LOST_WAIT_FOR_ICACHE_MISS_MSHR_HIT_PREF_OFFPATH        112380        2.565%           226690        2.355%
INST_LOST_WAIT_FOR_ICACHE_MISS_MSHR_HIT_PREF_ONPATH       4268635       97.435%          9398075       97.645%
                                               4381015      100.000%          9624765      100.000%
                                                  3.97         3.93              3.98         3.93

FETCH_0_OPS                                    1568866       34.726%          3477613       36.838%
FETCH_1_OPS                                     170366        3.771%           342342        3.626%
FETCH_2_OPS                                     223855        4.955%           449830        4.765%
FETCH_3_OPS                                     254420        5.632%           511641        5.420%
FETCH_4_OPS                                     250634        5.548%           503258        5.331%
FETCH_5_OPS                                     212231        4.698%           426323        4.516%
FETCH_6_OPS                                    1837418       40.671%          3729285       39.504%
FETCH_7_OPS                                          0        0.000%                0        0.000%
FETCH_8_OPS                                          0        0.000%                0        0.000%
FETCH_9_OPS                                          0        0.000%                0        0.000%
FETCH_10_OPS                                         0        0.000%                0        0.000%
FETCH_11_OPS                                         0        0.000%                0        0.000%
FETCH_12_OPS                                         0        0.000%                0        0.000%
FETCH_13_OPS                                         0        0.000%                0        0.000%
FETCH_14_OPS                                         0        0.000%                0        0.000%
FETCH_15_OPS                                         0        0.000%                0        0.000%
FETCH_16_OPS                                         0        0.000%                0        0.000%
                                               4517790      100.000%          9440292      100.000%
                                                  3.20         1.90              3.10         1.93

ST_BREAK_DONT                                        0        0.000%                0        0.000%
ST_BREAK_ISSUE_WIDTH                           1652055       55.003%          3356453       55.240%
ST_BREAK_CF                                          0        0.000%                0        0.000%
ST_BREAK_BTB_MISS                                    0        0.000%                0        0.000%
ST_BREAK_ICACHE_MISS                             60589        2.017%           125536        2.066%
ST_BREAK_LINE_END                                    0        0.000%                0        0.000%
ST_BREAK_STALL                                       0        0.000%                0        0.000%
ST_BREAK_BARRIER                                  4634        0.154%             9302        0.153%
ST_BREAK_OFFPATH                                     0        0.000%                0        0.000%
ST_BREAK_ALIGNMENT                                   0        0.000%                0        0.000%
ST_BREAK_TAKEN                                 1286285       42.825%          2584889       42.541%
ST_BREAK_MODEL_BEFORE                                0        0.000%                0        0.000%
ST_BREAK_MODEL_AFTER                                 0        0.000%                0        0.000%
ST_BREAK_UC_MISS                                     0        0.000%                0        0.000%
ST_BREAK_ICACHE_TO_UOP_CACHE_SWITCH                  0        0.000%                0        0.000%
ST_BREAK_FDIP_RUNAHEAD                               0        0.000%                0        0.000%
                                               3003563      100.000%          6076180      100.000%
                                                  4.92         4.42              4.90         4.41

ORACLE_ON_PATH_INST                           13608601       94.050%         27219338       92.907%
ORACLE_OFF_PATH_INST                            860934        5.950%          2077944        7.093%
                                              14469535      100.000%         29297282      100.000%
                                                  0.06         0.23              0.07         0.25

ORACLE_ON_PATH_INST_MEM                        5106257       35.290%         10212502       34.858%
ORACLE_ON_PATH_INST_NOTMEM                     8502344       58.760%         17006836       58.049%
ORACLE_OFF_PATH_INST_MEM                        220729        1.525%           498522        1.702%
ORACLE_OFF_PATH_INST_NOTMEM                     640205        4.425%          1579422        5.391%
                                              14469535      100.000%         29297282      100.000%
                                                  0.75         0.56              0.78         0.59

ICACHE_CYCLE_NONRA_ONPATH                            0         -nan%                0         -nan%
ICACHE_CYCLE_NONRA_OFFPATH                           0         -nan%                0         -nan%
ICACHE_CYCLE_RA_ONPATH                               0         -nan%                0         -nan%
ICACHE_CYCLE_RA_OFFPATH                              0         -nan%                0         -nan%
                                                     0         -nan%                0         -nan%
                                                  -nan         -nan              -nan         -nan

ICACHE_CYCLE_ONPATH_NONRA                            0         -nan%                0         -nan%
ICACHE_CYCLE_OFFPATH_NONRA                           0         -nan%                0         -nan%
                                                     0         -nan%                0         -nan%
                                                  -nan         -nan              -nan         -nan

ICACHE_CYCLE_ONPATH_RA                               0         -nan%                0         -nan%
ICACHE_CYCLE_OFFPATH_RA                              0         -nan%                0         -nan%
                                                     0         -nan%                0         -nan%
                                                  -nan         -nan              -nan         -nan

INACCURATE_OFFPATH_CYCLES                            0        0.0000                0        0.0000

FETCH_ALL_INST                                14469535                       29297282              

EXEC_ALL_INST                                 13739938                       27702651              

RET_ALL_INST                                  13608782                       27219338              

EXEC_ON_PATH_INST                             13608649       99.044%         27219338       98.255%
EXEC_OFF_PATH_INST                              131289        0.956%           483313        1.745%
                                              13739938      100.000%         27702651      100.000%
                                                  0.01         0.10              0.02         0.13

EXEC_ON_PATH_INST_MEM                          5106273       37.164%         10212502       36.865%
EXEC_ON_PATH_INST_NOTMEM                       8502376       61.881%         17006836       61.391%
EXEC_OFF_PATH_INST_MEM                           47953        0.349%           126620        0.457%
EXEC_OFF_PATH_INST_NOTMEM                        83336        0.607%           356693        1.288%
                                              13739938      100.000%         27702651      100.000%
                                                  0.64         0.35              0.66         0.39

EXEC_RA_INST                                         0         -nan%                0         -nan%
EXEC_NONRA_INST                                      0         -nan%                0         -nan%
                                                     0         -nan%                0         -nan%
                                                  -nan         -nan              -nan         -nan

EXEC_ON_PATH_INST_RA                                 0         -nan%                0         -nan%
EXEC_OFF_PATH_INST_RA                                0         -nan%                0         -nan%
                                                     0         -nan%                0         -nan%
                                                  -nan         -nan              -nan         -nan

EXEC_ON_PATH_INST_NONRA                              0         -nan%                0         -nan%
EXEC_OFF_PATH_INST_NONRA                             0         -nan%                0         -nan%
                                                     0         -nan%                0         -nan%
                                                  -nan         -nan              -nan         -nan

EXEC_RA_ON_PATH_INST                                 0         -nan%                0         -nan%
EXEC_RA_OFF_PATH_INST                                0         -nan%                0         -nan%
EXEC_NONRA_ON_PATH_INST                              0         -nan%                0         -nan%
EXEC_NONRA_OFF_PATH_INST                             0         -nan%                0         -nan%
                                                     0         -nan%                0         -nan%
                                                  -nan         -nan              -nan         -nan

ICACHE_THROTTLE_CYCLE                                0                              0              

FETCH_ENABLE_THROTTLE_OFF_PATH                       0         -nan%                0         -nan%
FETCH_ENABLE_THROTTLE_ON_PATH                        0         -nan%                0         -nan%
                                                     0         -nan%                0         -nan%
                                                  -nan         -nan              -nan         -nan

FETCH_DISABLE_THROTTLE_OFF_PATH                      0         -nan%                0         -nan%
FETCH_DISABLE_THROTTLE_ON_PATH                       0         -nan%                0         -nan%
                                                     0         -nan%                0         -nan%
                                                  -nan         -nan              -nan         -nan

FETCH_TH_ADJUST__0                                   0         -nan%                0         -nan%
FETCH_TH_ADJUST__1                                   0         -nan%                0         -nan%
FETCH_TH_ADJUST__2                                   0         -nan%                0         -nan%
FETCH_TH_ADJUST__3                                   0         -nan%                0         -nan%
FETCH_TH_ADJUST__4                                   0         -nan%                0         -nan%
FETCH_TH_ADJUST__5                                   0         -nan%                0         -nan%
FETCH_TH_ADJUST__6                                   0         -nan%                0         -nan%
FETCH_TH_ADJUST__7                                   0         -nan%                0         -nan%
FETCH_TH_ADJUST__8                                   0         -nan%                0         -nan%
FETCH_TH_ADJUST__9                                   0         -nan%                0         -nan%
FETCH_TH_ADJUST__MAX                                 0         -nan%                0         -nan%
                                                     0         -nan%                0         -nan%
                                                  -nan         -nan              -nan         -nan

FETCH_TH_ADJUST_UP                                   0         -nan%                0         -nan%
FETCH_TH_ADJUST_DOWN                                 0         -nan%                0         -nan%
FETCH_TH_ADJUST_SAME                                 0         -nan%                0         -nan%
                                                     0         -nan%                0         -nan%
                                                  -nan         -nan              -nan         -nan

THROTTLE_ADJUST_CACHE_MISS_INFO                      0                              0              

LOW_CONF_COUNT_BP_MIS_0                              0         -nan%                0         -nan%
LOW_CONF_COUNT_BP_MIS_1                              0         -nan%                0         -nan%
LOW_CONF_COUNT_BP_MIS_2                              0         -nan%                0         -nan%
LOW_CONF_COUNT_BP_MIS_3                              0         -nan%                0         -nan%
LOW_CONF_COUNT_BP_MIS_4                              0         -nan%                0         -nan%
LOW_CONF_COUNT_BP_MIS_5                              0         -nan%                0         -nan%
LOW_CONF_COUNT_BP_MIS_6                              0         -nan%                0         -nan%
LOW_CONF_COUNT_BP_MIS_7                              0         -nan%                0         -nan%
LOW_CONF_COUNT_BP_MIS_8                              0         -nan%                0         -nan%
LOW_CONF_COUNT_BP_MIS_9                              0         -nan%                0         -nan%
LOW_CONF_COUNT_BP_MIS_10                             0         -nan%                0         -nan%
LOW_CONF_COUNT_BP_MIS_11                             0         -nan%                0         -nan%
LOW_CONF_COUNT_BP_MIS_12                             0         -nan%                0         -nan%
LOW_CONF_COUNT_BP_MIS_13                             0         -nan%                0         -nan%
LOW_CONF_COUNT_BP_MIS_14                             0         -nan%                0         -nan%
LOW_CONF_COUNT_BP_MIS_15                             0         -nan%                0         -nan%
LOW_CONF_COUNT_BP_MIS_16                             0         -nan%                0         -nan%
LOW_CONF_COUNT_BP_MIS_17                             0         -nan%                0         -nan%
LOW_CONF_COUNT_BP_MIS_18                             0         -nan%                0         -nan%
LOW_CONF_COUNT_BP_MIS_19                             0         -nan%                0         -nan%
LOW_CONF_COUNT_BP_MIS_20                             0         -nan%                0         -nan%
                                                     0         -nan%                0         -nan%
                                                  -nan         -nan              -nan         -nan

LOW_CONF_COUNT_RET_0                                 0         -nan%                0         -nan%
LOW_CONF_COUNT_RET_1                                 0         -nan%                0         -nan%
LOW_CONF_COUNT_RET_2                                 0         -nan%                0         -nan%
LOW_CONF_COUNT_RET_3                                 0         -nan%                0         -nan%
LOW_CONF_COUNT_RET_4                                 0         -nan%                0         -nan%
LOW_CONF_COUNT_RET_5                                 0         -nan%                0         -nan%
LOW_CONF_COUNT_RET_6                                 0         -nan%                0         -nan%
LOW_CONF_COUNT_RET_7                                 0         -nan%                0         -nan%
LOW_CONF_COUNT_RET_8                                 0         -nan%                0         -nan%
LOW_CONF_COUNT_RET_9                                 0         -nan%                0         -nan%
LOW_CONF_COUNT_RET_10                                0         -nan%                0         -nan%
LOW_CONF_COUNT_RET_11                                0         -nan%                0         -nan%
LOW_CONF_COUNT_RET_12                                0         -nan%                0         -nan%
LOW_CONF_COUNT_RET_13                                0         -nan%                0         -nan%
LOW_CONF_COUNT_RET_14                                0         -nan%                0         -nan%
LOW_CONF_COUNT_RET_15                                0         -nan%                0         -nan%
LOW_CONF_COUNT_RET_16                                0         -nan%                0         -nan%
LOW_CONF_COUNT_RET_17                                0         -nan%                0         -nan%
LOW_CONF_COUNT_RET_18                                0         -nan%                0         -nan%
LOW_CONF_COUNT_RET_19                                0         -nan%                0         -nan%
LOW_CONF_COUNT_RET_20                                0         -nan%                0         -nan%
                                                     0         -nan%                0         -nan%
                                                  -nan         -nan              -nan         -nan

CYCLES_RESTEER_MISPRED                               0         -nan%                0         -nan%
CYCLES_RESTEER_MISFETCH                              0         -nan%                0         -nan%
CYCLES_RESTEER_BTB_MISS                              0         -nan%                0         -nan%
                                                     0         -nan%                0         -nan%
                                                  -nan         -nan              -nan         -nan

CYCLES_RESTEER_MISPRED_SAVED_UC_FETCH                0         -nan%                0         -nan%
CYCLES_RESTEER_MISPRED_COULD_BE_SAVED_UC_FETCH             0         -nan%                0         -nan%
CYCLES_RESTEER_MISFETCH_SAVED_UC_FETCH               0         -nan%                0         -nan%
CYCLES_RESTEER_MISFETCH_COULD_BE_SAVED_UC_FETCH             0         -nan%                0         -nan%
CYCLES_RESTEER_BTB_MISS_SAVED_UC_FETCH               0         -nan%                0         -nan%
CYCLES_RESTEER_BTB_MISS_COULD_BE_SAVED_UC_FETCH             0         -nan%                0         -nan%
                                                     0         -nan%                0         -nan%
                                                  -nan         -nan              -nan         -nan

CYCLES_UOC_IC_SWITCH                                 0                              0              



