               ramulator.active_cycles_0             1049617                                      # Total active cycles for level _0
                 ramulator.busy_cycles_0             1049617                                      # (All-bank refresh only. busy cycles only include refresh time in rank level) The sum of cycles that the DRAM part is active or under refresh for level _0
            ramulator.serving_requests_0             1537112                                      # The sum of read and write requests that are served in this DRAM element per memory cycle for level _0
    ramulator.average_serving_requests_0            0.543824                                      # The average of read and write requests that are served in this DRAM element per memory cycle for level _0
             ramulator.active_cycles_0_0             1049617                                      # Total active cycles for level _0_0
               ramulator.busy_cycles_0_0             1149577                                      # (All-bank refresh only. busy cycles only include refresh time in rank level) The sum of cycles that the DRAM part is active or under refresh for level _0_0
          ramulator.serving_requests_0_0             1537112                                      # The sum of read and write requests that are served in this DRAM element per memory cycle for level _0_0
  ramulator.average_serving_requests_0_0            0.543824                                      # The average of read and write requests that are served in this DRAM element per memory cycle for level _0_0
           ramulator.active_cycles_0_0_0              157422                                      # Total active cycles for level _0_0_0
             ramulator.busy_cycles_0_0_0              157422                                      # (All-bank refresh only. busy cycles only include refresh time in rank level) The sum of cycles that the DRAM part is active or under refresh for level _0_0_0
        ramulator.serving_requests_0_0_0              247204                                      # The sum of read and write requests that are served in this DRAM element per memory cycle for level _0_0_0
ramulator.average_serving_requests_0_0_0            0.087460                                      # The average of read and write requests that are served in this DRAM element per memory cycle for level _0_0_0
         ramulator.active_cycles_0_0_0_0               40790                                      # Total active cycles for level _0_0_0_0
           ramulator.busy_cycles_0_0_0_0               40790                                      # (All-bank refresh only. busy cycles only include refresh time in rank level) The sum of cycles that the DRAM part is active or under refresh for level _0_0_0_0
      ramulator.serving_requests_0_0_0_0               58378                                      # The sum of read and write requests that are served in this DRAM element per memory cycle for level _0_0_0_0
ramulator.average_serving_requests_0_0_0_0            0.020654                                      # The average of read and write requests that are served in this DRAM element per memory cycle for level _0_0_0_0
         ramulator.active_cycles_0_0_0_1               43482                                      # Total active cycles for level _0_0_0_1
           ramulator.busy_cycles_0_0_0_1               43482                                      # (All-bank refresh only. busy cycles only include refresh time in rank level) The sum of cycles that the DRAM part is active or under refresh for level _0_0_0_1
      ramulator.serving_requests_0_0_0_1               63652                                      # The sum of read and write requests that are served in this DRAM element per memory cycle for level _0_0_0_1
ramulator.average_serving_requests_0_0_0_1            0.022520                                      # The average of read and write requests that are served in this DRAM element per memory cycle for level _0_0_0_1
         ramulator.active_cycles_0_0_0_2               45556                                      # Total active cycles for level _0_0_0_2
           ramulator.busy_cycles_0_0_0_2               45556                                      # (All-bank refresh only. busy cycles only include refresh time in rank level) The sum of cycles that the DRAM part is active or under refresh for level _0_0_0_2
      ramulator.serving_requests_0_0_0_2               66637                                      # The sum of read and write requests that are served in this DRAM element per memory cycle for level _0_0_0_2
ramulator.average_serving_requests_0_0_0_2            0.023576                                      # The average of read and write requests that are served in this DRAM element per memory cycle for level _0_0_0_2
         ramulator.active_cycles_0_0_0_3               38861                                      # Total active cycles for level _0_0_0_3
           ramulator.busy_cycles_0_0_0_3               38861                                      # (All-bank refresh only. busy cycles only include refresh time in rank level) The sum of cycles that the DRAM part is active or under refresh for level _0_0_0_3
      ramulator.serving_requests_0_0_0_3               58537                                      # The sum of read and write requests that are served in this DRAM element per memory cycle for level _0_0_0_3
ramulator.average_serving_requests_0_0_0_3            0.020710                                      # The average of read and write requests that are served in this DRAM element per memory cycle for level _0_0_0_3
           ramulator.active_cycles_0_0_1              141948                                      # Total active cycles for level _0_0_1
             ramulator.busy_cycles_0_0_1              141948                                      # (All-bank refresh only. busy cycles only include refresh time in rank level) The sum of cycles that the DRAM part is active or under refresh for level _0_0_1
        ramulator.serving_requests_0_0_1              212357                                      # The sum of read and write requests that are served in this DRAM element per memory cycle for level _0_0_1
ramulator.average_serving_requests_0_0_1            0.075131                                      # The average of read and write requests that are served in this DRAM element per memory cycle for level _0_0_1
         ramulator.active_cycles_0_0_1_0               28097                                      # Total active cycles for level _0_0_1_0
           ramulator.busy_cycles_0_0_1_0               28097                                      # (All-bank refresh only. busy cycles only include refresh time in rank level) The sum of cycles that the DRAM part is active or under refresh for level _0_0_1_0
      ramulator.serving_requests_0_0_1_0               37546                                      # The sum of read and write requests that are served in this DRAM element per memory cycle for level _0_0_1_0
ramulator.average_serving_requests_0_0_1_0            0.013284                                      # The average of read and write requests that are served in this DRAM element per memory cycle for level _0_0_1_0
         ramulator.active_cycles_0_0_1_1               40408                                      # Total active cycles for level _0_0_1_1
           ramulator.busy_cycles_0_0_1_1               40408                                      # (All-bank refresh only. busy cycles only include refresh time in rank level) The sum of cycles that the DRAM part is active or under refresh for level _0_0_1_1
      ramulator.serving_requests_0_0_1_1               57345                                      # The sum of read and write requests that are served in this DRAM element per memory cycle for level _0_0_1_1
ramulator.average_serving_requests_0_0_1_1            0.020288                                      # The average of read and write requests that are served in this DRAM element per memory cycle for level _0_0_1_1
         ramulator.active_cycles_0_0_1_2               37809                                      # Total active cycles for level _0_0_1_2
           ramulator.busy_cycles_0_0_1_2               37809                                      # (All-bank refresh only. busy cycles only include refresh time in rank level) The sum of cycles that the DRAM part is active or under refresh for level _0_0_1_2
      ramulator.serving_requests_0_0_1_2               51916                                      # The sum of read and write requests that are served in this DRAM element per memory cycle for level _0_0_1_2
ramulator.average_serving_requests_0_0_1_2            0.018368                                      # The average of read and write requests that are served in this DRAM element per memory cycle for level _0_0_1_2
         ramulator.active_cycles_0_0_1_3               44129                                      # Total active cycles for level _0_0_1_3
           ramulator.busy_cycles_0_0_1_3               44129                                      # (All-bank refresh only. busy cycles only include refresh time in rank level) The sum of cycles that the DRAM part is active or under refresh for level _0_0_1_3
      ramulator.serving_requests_0_0_1_3               65550                                      # The sum of read and write requests that are served in this DRAM element per memory cycle for level _0_0_1_3
ramulator.average_serving_requests_0_0_1_3            0.023191                                      # The average of read and write requests that are served in this DRAM element per memory cycle for level _0_0_1_3
           ramulator.active_cycles_0_0_2              356297                                      # Total active cycles for level _0_0_2
             ramulator.busy_cycles_0_0_2              356297                                      # (All-bank refresh only. busy cycles only include refresh time in rank level) The sum of cycles that the DRAM part is active or under refresh for level _0_0_2
        ramulator.serving_requests_0_0_2              442393                                      # The sum of read and write requests that are served in this DRAM element per memory cycle for level _0_0_2
ramulator.average_serving_requests_0_0_2            0.156517                                      # The average of read and write requests that are served in this DRAM element per memory cycle for level _0_0_2
         ramulator.active_cycles_0_0_2_0               42315                                      # Total active cycles for level _0_0_2_0
           ramulator.busy_cycles_0_0_2_0               42315                                      # (All-bank refresh only. busy cycles only include refresh time in rank level) The sum of cycles that the DRAM part is active or under refresh for level _0_0_2_0
      ramulator.serving_requests_0_0_2_0               60328                                      # The sum of read and write requests that are served in this DRAM element per memory cycle for level _0_0_2_0
ramulator.average_serving_requests_0_0_2_0            0.021344                                      # The average of read and write requests that are served in this DRAM element per memory cycle for level _0_0_2_0
         ramulator.active_cycles_0_0_2_1              125764                                      # Total active cycles for level _0_0_2_1
           ramulator.busy_cycles_0_0_2_1              125764                                      # (All-bank refresh only. busy cycles only include refresh time in rank level) The sum of cycles that the DRAM part is active or under refresh for level _0_0_2_1
      ramulator.serving_requests_0_0_2_1              141927                                      # The sum of read and write requests that are served in this DRAM element per memory cycle for level _0_0_2_1
ramulator.average_serving_requests_0_0_2_1            0.050213                                      # The average of read and write requests that are served in this DRAM element per memory cycle for level _0_0_2_1
         ramulator.active_cycles_0_0_2_2              113910                                      # Total active cycles for level _0_0_2_2
           ramulator.busy_cycles_0_0_2_2              113910                                      # (All-bank refresh only. busy cycles only include refresh time in rank level) The sum of cycles that the DRAM part is active or under refresh for level _0_0_2_2
      ramulator.serving_requests_0_0_2_2              134188                                      # The sum of read and write requests that are served in this DRAM element per memory cycle for level _0_0_2_2
ramulator.average_serving_requests_0_0_2_2            0.047475                                      # The average of read and write requests that are served in this DRAM element per memory cycle for level _0_0_2_2
         ramulator.active_cycles_0_0_2_3               40249                                      # Total active cycles for level _0_0_2_3
           ramulator.busy_cycles_0_0_2_3               40249                                      # (All-bank refresh only. busy cycles only include refresh time in rank level) The sum of cycles that the DRAM part is active or under refresh for level _0_0_2_3
      ramulator.serving_requests_0_0_2_3               59894                                      # The sum of read and write requests that are served in this DRAM element per memory cycle for level _0_0_2_3
ramulator.average_serving_requests_0_0_2_3            0.021190                                      # The average of read and write requests that are served in this DRAM element per memory cycle for level _0_0_2_3
           ramulator.active_cycles_0_0_3              526585                                      # Total active cycles for level _0_0_3
             ramulator.busy_cycles_0_0_3              526585                                      # (All-bank refresh only. busy cycles only include refresh time in rank level) The sum of cycles that the DRAM part is active or under refresh for level _0_0_3
        ramulator.serving_requests_0_0_3              634115                                      # The sum of read and write requests that are served in this DRAM element per memory cycle for level _0_0_3
ramulator.average_serving_requests_0_0_3            0.224347                                      # The average of read and write requests that are served in this DRAM element per memory cycle for level _0_0_3
         ramulator.active_cycles_0_0_3_0              227640                                      # Total active cycles for level _0_0_3_0
           ramulator.busy_cycles_0_0_3_0              227640                                      # (All-bank refresh only. busy cycles only include refresh time in rank level) The sum of cycles that the DRAM part is active or under refresh for level _0_0_3_0
      ramulator.serving_requests_0_0_3_0              244344                                      # The sum of read and write requests that are served in this DRAM element per memory cycle for level _0_0_3_0
ramulator.average_serving_requests_0_0_3_0            0.086448                                      # The average of read and write requests that are served in this DRAM element per memory cycle for level _0_0_3_0
         ramulator.active_cycles_0_0_3_1              173209                                      # Total active cycles for level _0_0_3_1
           ramulator.busy_cycles_0_0_3_1              173209                                      # (All-bank refresh only. busy cycles only include refresh time in rank level) The sum of cycles that the DRAM part is active or under refresh for level _0_0_3_1
      ramulator.serving_requests_0_0_3_1              195049                                      # The sum of read and write requests that are served in this DRAM element per memory cycle for level _0_0_3_1
ramulator.average_serving_requests_0_0_3_1            0.069008                                      # The average of read and write requests that are served in this DRAM element per memory cycle for level _0_0_3_1
         ramulator.active_cycles_0_0_3_2               54791                                      # Total active cycles for level _0_0_3_2
           ramulator.busy_cycles_0_0_3_2               54791                                      # (All-bank refresh only. busy cycles only include refresh time in rank level) The sum of cycles that the DRAM part is active or under refresh for level _0_0_3_2
      ramulator.serving_requests_0_0_3_2               79003                                      # The sum of read and write requests that are served in this DRAM element per memory cycle for level _0_0_3_2
ramulator.average_serving_requests_0_0_3_2            0.027951                                      # The average of read and write requests that are served in this DRAM element per memory cycle for level _0_0_3_2
         ramulator.active_cycles_0_0_3_3               90920                                      # Total active cycles for level _0_0_3_3
           ramulator.busy_cycles_0_0_3_3               90920                                      # (All-bank refresh only. busy cycles only include refresh time in rank level) The sum of cycles that the DRAM part is active or under refresh for level _0_0_3_3
      ramulator.serving_requests_0_0_3_3              115719                                      # The sum of read and write requests that are served in this DRAM element per memory cycle for level _0_0_3_3
ramulator.average_serving_requests_0_0_3_3            0.040941                                      # The average of read and write requests that are served in this DRAM element per memory cycle for level _0_0_3_3
      ramulator.read_transaction_bytes_0             2402048                                      # The total byte of read transaction per channel
     ramulator.write_transaction_bytes_0               33344                                      # The total byte of write transaction per channel
       ramulator.row_hits_channel_0_core               29971                                      # Number of row hits per channel per core
     ramulator.row_misses_channel_0_core                2682                                      # Number of row misses per channel per core
  ramulator.row_conflicts_channel_0_core                5400                                      # Number of row conflicts per channel per core
  ramulator.read_row_hits_channel_0_core               29830                                      # Number of row hits for read requests per channel per core
                                     [0]             29830.0                                      # 
ramulator.read_row_misses_channel_0_core                2539                                      # Number of row misses for read requests per channel per core
                                     [0]              2539.0                                      # 
ramulator.read_row_conflicts_channel_0_core                5163                                      # Number of row conflicts for read requests per channel per core
                                     [0]              5163.0                                      # 
 ramulator.write_row_hits_channel_0_core                 141                                      # Number of row hits for write requests per channel per core
                                     [0]               141.0                                      # 
ramulator.write_row_misses_channel_0_core                 143                                      # Number of row misses for write requests per channel per core
                                     [0]               143.0                                      # 
ramulator.write_row_conflicts_channel_0_core                 237                                      # Number of row conflicts for write requests per channel per core
                                     [0]               237.0                                      # 
      ramulator.useless_activates_0_core                   0                                      # Number of useless activations. E.g, ACT -> PRE w/o RD or WR
            ramulator.read_latency_avg_0           66.786727                                      # The average memory latency cycles (in memory time domain) per request for all read requests in this channel
            ramulator.read_latency_sum_0             2506773                                      # The memory latency cycles (in memory time domain) sum for all read requests in this channel
        ramulator.req_queue_length_avg_0            8.512210                                      # Average of read and write queue length per memory cycle per channel.
        ramulator.req_queue_length_sum_0            24059659                                      # Sum of read and write queue length per memory cycle per channel.
   ramulator.read_req_queue_length_avg_0            0.842804                                      # Read queue length average per memory cycle per channel.
   ramulator.read_req_queue_length_sum_0             2382174                                      # Read queue length sum per memory cycle per channel.
  ramulator.write_req_queue_length_avg_0            7.669406                                      # Write queue length average per memory cycle per channel.
  ramulator.write_req_queue_length_sum_0            21677485                                      # Write queue length sum per memory cycle per channel.
              ramulator.record_read_hits                 0.0                                      # record read hit count for this core when it reaches request limit or to the end
                                     [0]                 0.0                                      # 
            ramulator.record_read_misses                 0.0                                      # record_read_miss count for this core when it reaches request limit or to the end
                                     [0]                 0.0                                      # 
         ramulator.record_read_conflicts                 0.0                                      # record read conflict count for this core when it reaches request limit or to the end
                                     [0]                 0.0                                      # 
             ramulator.record_write_hits                 0.0                                      # record write hit count for this core when it reaches request limit or to the end
                                     [0]                 0.0                                      # 
           ramulator.record_write_misses                 0.0                                      # record write miss count for this core when it reaches request limit or to the end
                                     [0]                 0.0                                      # 
        ramulator.record_write_conflicts                 0.0                                      # record write conflict for this core when it reaches request limit or to the end
                                     [0]                 0.0                                      # 
                 ramulator.dram_capacity          8589934592                                      # Number of bytes in simulated DRAM
                   ramulator.dram_cycles             2826488                                      # Number of DRAM cycles simulated
             ramulator.incoming_requests               38069                                      # Number of incoming requests to DRAM
                 ramulator.read_requests               37534                                      # Number of incoming read requests to DRAM per core
                                     [0]             37534.0                                      # 
                ramulator.write_requests                 535                                      # Number of incoming write requests to DRAM per core
                                     [0]               535.0                                      # 
       ramulator.ramulator_active_cycles             1066505                                      # The total number of cycles that the DRAM part is active (serving R/W)
 ramulator.incoming_requests_per_channel             38069.0                                      # Number of incoming requests to each DRAM channel
                                     [0]             38069.0                                      # 
ramulator.incoming_read_reqs_per_channel             37534.0                                      # Number of incoming read requests to each DRAM channel
                                     [0]             37534.0                                      # 
     ramulator.physical_page_replacement                   0                                      # The number of times that physical page replacement happens.
             ramulator.maximum_bandwidth         19200000000                                      # The theoretical maximum bandwidth (Bps)
          ramulator.in_queue_req_num_sum            24059659                                      # Sum of read/write queue length
     ramulator.in_queue_read_req_num_sum             2382174                                      # Sum of read queue length
    ramulator.in_queue_write_req_num_sum            21677485                                      # Sum of write queue length
          ramulator.in_queue_req_num_avg            8.512210                                      # Average of read/write queue length per memory cycle
     ramulator.in_queue_read_req_num_avg            0.842804                                      # Average of read queue length per memory cycle
    ramulator.in_queue_write_req_num_avg            7.669406                                      # Average of write queue length per memory cycle
          ramulator.record_read_requests                 0.0                                      # record read requests for this core when it reaches request limit or to the end
                                     [0]                 0.0                                      # 
         ramulator.record_write_requests                 0.0                                      # record write requests for this core when it reaches request limit or to the end
                                     [0]                 0.0                                      # 
