               ramulator.active_cycles_0             2691440                                      # Total active cycles for level _0
                 ramulator.busy_cycles_0             2691440                                      # (All-bank refresh only. busy cycles only include refresh time in rank level) The sum of cycles that the DRAM part is active or under refresh for level _0
            ramulator.serving_requests_0             4842892                                      # The sum of read and write requests that are served in this DRAM element per memory cycle for level _0
    ramulator.average_serving_requests_0            1.034776                                      # The average of read and write requests that are served in this DRAM element per memory cycle for level _0
             ramulator.active_cycles_0_0             2691440                                      # Total active cycles for level _0_0
               ramulator.busy_cycles_0_0             2809880                                      # (All-bank refresh only. busy cycles only include refresh time in rank level) The sum of cycles that the DRAM part is active or under refresh for level _0_0
          ramulator.serving_requests_0_0             4842892                                      # The sum of read and write requests that are served in this DRAM element per memory cycle for level _0_0
  ramulator.average_serving_requests_0_0            1.034776                                      # The average of read and write requests that are served in this DRAM element per memory cycle for level _0_0
           ramulator.active_cycles_0_0_0             1010393                                      # Total active cycles for level _0_0_0
             ramulator.busy_cycles_0_0_0             1010393                                      # (All-bank refresh only. busy cycles only include refresh time in rank level) The sum of cycles that the DRAM part is active or under refresh for level _0_0_0
        ramulator.serving_requests_0_0_0             1249886                                      # The sum of read and write requests that are served in this DRAM element per memory cycle for level _0_0_0
ramulator.average_serving_requests_0_0_0            0.267062                                      # The average of read and write requests that are served in this DRAM element per memory cycle for level _0_0_0
         ramulator.active_cycles_0_0_0_0              205666                                      # Total active cycles for level _0_0_0_0
           ramulator.busy_cycles_0_0_0_0              205666                                      # (All-bank refresh only. busy cycles only include refresh time in rank level) The sum of cycles that the DRAM part is active or under refresh for level _0_0_0_0
      ramulator.serving_requests_0_0_0_0              238371                                      # The sum of read and write requests that are served in this DRAM element per memory cycle for level _0_0_0_0
ramulator.average_serving_requests_0_0_0_0            0.050932                                      # The average of read and write requests that are served in this DRAM element per memory cycle for level _0_0_0_0
         ramulator.active_cycles_0_0_0_1              305293                                      # Total active cycles for level _0_0_0_1
           ramulator.busy_cycles_0_0_0_1              305293                                      # (All-bank refresh only. busy cycles only include refresh time in rank level) The sum of cycles that the DRAM part is active or under refresh for level _0_0_0_1
      ramulator.serving_requests_0_0_0_1              343446                                      # The sum of read and write requests that are served in this DRAM element per memory cycle for level _0_0_0_1
ramulator.average_serving_requests_0_0_0_1            0.073384                                      # The average of read and write requests that are served in this DRAM element per memory cycle for level _0_0_0_1
         ramulator.active_cycles_0_0_0_2              230842                                      # Total active cycles for level _0_0_0_2
           ramulator.busy_cycles_0_0_0_2              230842                                      # (All-bank refresh only. busy cycles only include refresh time in rank level) The sum of cycles that the DRAM part is active or under refresh for level _0_0_0_2
      ramulator.serving_requests_0_0_0_2              261177                                      # The sum of read and write requests that are served in this DRAM element per memory cycle for level _0_0_0_2
ramulator.average_serving_requests_0_0_0_2            0.055805                                      # The average of read and write requests that are served in this DRAM element per memory cycle for level _0_0_0_2
         ramulator.active_cycles_0_0_0_3              366596                                      # Total active cycles for level _0_0_0_3
           ramulator.busy_cycles_0_0_0_3              366596                                      # (All-bank refresh only. busy cycles only include refresh time in rank level) The sum of cycles that the DRAM part is active or under refresh for level _0_0_0_3
      ramulator.serving_requests_0_0_0_3              406892                                      # The sum of read and write requests that are served in this DRAM element per memory cycle for level _0_0_0_3
ramulator.average_serving_requests_0_0_0_3            0.086940                                      # The average of read and write requests that are served in this DRAM element per memory cycle for level _0_0_0_3
           ramulator.active_cycles_0_0_1             1017647                                      # Total active cycles for level _0_0_1
             ramulator.busy_cycles_0_0_1             1017647                                      # (All-bank refresh only. busy cycles only include refresh time in rank level) The sum of cycles that the DRAM part is active or under refresh for level _0_0_1
        ramulator.serving_requests_0_0_1             1314837                                      # The sum of read and write requests that are served in this DRAM element per memory cycle for level _0_0_1
ramulator.average_serving_requests_0_0_1            0.280940                                      # The average of read and write requests that are served in this DRAM element per memory cycle for level _0_0_1
         ramulator.active_cycles_0_0_1_0              335356                                      # Total active cycles for level _0_0_1_0
           ramulator.busy_cycles_0_0_1_0              335356                                      # (All-bank refresh only. busy cycles only include refresh time in rank level) The sum of cycles that the DRAM part is active or under refresh for level _0_0_1_0
      ramulator.serving_requests_0_0_1_0              375168                                      # The sum of read and write requests that are served in this DRAM element per memory cycle for level _0_0_1_0
ramulator.average_serving_requests_0_0_1_0            0.080162                                      # The average of read and write requests that are served in this DRAM element per memory cycle for level _0_0_1_0
         ramulator.active_cycles_0_0_1_1              218969                                      # Total active cycles for level _0_0_1_1
           ramulator.busy_cycles_0_0_1_1              218969                                      # (All-bank refresh only. busy cycles only include refresh time in rank level) The sum of cycles that the DRAM part is active or under refresh for level _0_0_1_1
      ramulator.serving_requests_0_0_1_1              254238                                      # The sum of read and write requests that are served in this DRAM element per memory cycle for level _0_0_1_1
ramulator.average_serving_requests_0_0_1_1            0.054323                                      # The average of read and write requests that are served in this DRAM element per memory cycle for level _0_0_1_1
         ramulator.active_cycles_0_0_1_2              251900                                      # Total active cycles for level _0_0_1_2
           ramulator.busy_cycles_0_0_1_2              251900                                      # (All-bank refresh only. busy cycles only include refresh time in rank level) The sum of cycles that the DRAM part is active or under refresh for level _0_0_1_2
      ramulator.serving_requests_0_0_1_2              295205                                      # The sum of read and write requests that are served in this DRAM element per memory cycle for level _0_0_1_2
ramulator.average_serving_requests_0_0_1_2            0.063076                                      # The average of read and write requests that are served in this DRAM element per memory cycle for level _0_0_1_2
         ramulator.active_cycles_0_0_1_3              344329                                      # Total active cycles for level _0_0_1_3
           ramulator.busy_cycles_0_0_1_3              344329                                      # (All-bank refresh only. busy cycles only include refresh time in rank level) The sum of cycles that the DRAM part is active or under refresh for level _0_0_1_3
      ramulator.serving_requests_0_0_1_3              387705                                      # The sum of read and write requests that are served in this DRAM element per memory cycle for level _0_0_1_3
ramulator.average_serving_requests_0_0_1_3            0.082841                                      # The average of read and write requests that are served in this DRAM element per memory cycle for level _0_0_1_3
           ramulator.active_cycles_0_0_2              993927                                      # Total active cycles for level _0_0_2
             ramulator.busy_cycles_0_0_2              993927                                      # (All-bank refresh only. busy cycles only include refresh time in rank level) The sum of cycles that the DRAM part is active or under refresh for level _0_0_2
        ramulator.serving_requests_0_0_2             1215074                                      # The sum of read and write requests that are served in this DRAM element per memory cycle for level _0_0_2
ramulator.average_serving_requests_0_0_2            0.259624                                      # The average of read and write requests that are served in this DRAM element per memory cycle for level _0_0_2
         ramulator.active_cycles_0_0_2_0              273147                                      # Total active cycles for level _0_0_2_0
           ramulator.busy_cycles_0_0_2_0              273147                                      # (All-bank refresh only. busy cycles only include refresh time in rank level) The sum of cycles that the DRAM part is active or under refresh for level _0_0_2_0
      ramulator.serving_requests_0_0_2_0              305620                                      # The sum of read and write requests that are served in this DRAM element per memory cycle for level _0_0_2_0
ramulator.average_serving_requests_0_0_2_0            0.065302                                      # The average of read and write requests that are served in this DRAM element per memory cycle for level _0_0_2_0
         ramulator.active_cycles_0_0_2_1              333669                                      # Total active cycles for level _0_0_2_1
           ramulator.busy_cycles_0_0_2_1              333669                                      # (All-bank refresh only. busy cycles only include refresh time in rank level) The sum of cycles that the DRAM part is active or under refresh for level _0_0_2_1
      ramulator.serving_requests_0_0_2_1              365698                                      # The sum of read and write requests that are served in this DRAM element per memory cycle for level _0_0_2_1
ramulator.average_serving_requests_0_0_2_1            0.078138                                      # The average of read and write requests that are served in this DRAM element per memory cycle for level _0_0_2_1
         ramulator.active_cycles_0_0_2_2              244185                                      # Total active cycles for level _0_0_2_2
           ramulator.busy_cycles_0_0_2_2              244185                                      # (All-bank refresh only. busy cycles only include refresh time in rank level) The sum of cycles that the DRAM part is active or under refresh for level _0_0_2_2
      ramulator.serving_requests_0_0_2_2              282150                                      # The sum of read and write requests that are served in this DRAM element per memory cycle for level _0_0_2_2
ramulator.average_serving_requests_0_0_2_2            0.060287                                      # The average of read and write requests that are served in this DRAM element per memory cycle for level _0_0_2_2
         ramulator.active_cycles_0_0_2_3              217083                                      # Total active cycles for level _0_0_2_3
           ramulator.busy_cycles_0_0_2_3              217083                                      # (All-bank refresh only. busy cycles only include refresh time in rank level) The sum of cycles that the DRAM part is active or under refresh for level _0_0_2_3
      ramulator.serving_requests_0_0_2_3              261606                                      # The sum of read and write requests that are served in this DRAM element per memory cycle for level _0_0_2_3
ramulator.average_serving_requests_0_0_2_3            0.055897                                      # The average of read and write requests that are served in this DRAM element per memory cycle for level _0_0_2_3
           ramulator.active_cycles_0_0_3              874275                                      # Total active cycles for level _0_0_3
             ramulator.busy_cycles_0_0_3              874275                                      # (All-bank refresh only. busy cycles only include refresh time in rank level) The sum of cycles that the DRAM part is active or under refresh for level _0_0_3
        ramulator.serving_requests_0_0_3             1063038                                      # The sum of read and write requests that are served in this DRAM element per memory cycle for level _0_0_3
ramulator.average_serving_requests_0_0_3            0.227138                                      # The average of read and write requests that are served in this DRAM element per memory cycle for level _0_0_3
         ramulator.active_cycles_0_0_3_0              313668                                      # Total active cycles for level _0_0_3_0
           ramulator.busy_cycles_0_0_3_0              313668                                      # (All-bank refresh only. busy cycles only include refresh time in rank level) The sum of cycles that the DRAM part is active or under refresh for level _0_0_3_0
      ramulator.serving_requests_0_0_3_0              348437                                      # The sum of read and write requests that are served in this DRAM element per memory cycle for level _0_0_3_0
ramulator.average_serving_requests_0_0_3_0            0.074450                                      # The average of read and write requests that are served in this DRAM element per memory cycle for level _0_0_3_0
         ramulator.active_cycles_0_0_3_1              224971                                      # Total active cycles for level _0_0_3_1
           ramulator.busy_cycles_0_0_3_1              224971                                      # (All-bank refresh only. busy cycles only include refresh time in rank level) The sum of cycles that the DRAM part is active or under refresh for level _0_0_3_1
      ramulator.serving_requests_0_0_3_1              257713                                      # The sum of read and write requests that are served in this DRAM element per memory cycle for level _0_0_3_1
ramulator.average_serving_requests_0_0_3_1            0.055065                                      # The average of read and write requests that are served in this DRAM element per memory cycle for level _0_0_3_1
         ramulator.active_cycles_0_0_3_2              137211                                      # Total active cycles for level _0_0_3_2
           ramulator.busy_cycles_0_0_3_2              137211                                      # (All-bank refresh only. busy cycles only include refresh time in rank level) The sum of cycles that the DRAM part is active or under refresh for level _0_0_3_2
      ramulator.serving_requests_0_0_3_2              168992                                      # The sum of read and write requests that are served in this DRAM element per memory cycle for level _0_0_3_2
ramulator.average_serving_requests_0_0_3_2            0.036108                                      # The average of read and write requests that are served in this DRAM element per memory cycle for level _0_0_3_2
         ramulator.active_cycles_0_0_3_3              260607                                      # Total active cycles for level _0_0_3_3
           ramulator.busy_cycles_0_0_3_3              260607                                      # (All-bank refresh only. busy cycles only include refresh time in rank level) The sum of cycles that the DRAM part is active or under refresh for level _0_0_3_3
      ramulator.serving_requests_0_0_3_3              287896                                      # The sum of read and write requests that are served in this DRAM element per memory cycle for level _0_0_3_3
ramulator.average_serving_requests_0_0_3_3            0.061514                                      # The average of read and write requests that are served in this DRAM element per memory cycle for level _0_0_3_3
      ramulator.read_transaction_bytes_0             5188096                                      # The total byte of read transaction per channel
     ramulator.write_transaction_bytes_0              191616                                      # The total byte of write transaction per channel
       ramulator.row_hits_channel_0_core               51650                                      # Number of row hits per channel per core
     ramulator.row_misses_channel_0_core                6828                                      # Number of row misses per channel per core
  ramulator.row_conflicts_channel_0_core               25580                                      # Number of row conflicts per channel per core
  ramulator.read_row_hits_channel_0_core               51238                                      # Number of row hits for read requests per channel per core
                                     [0]             51238.0                                      # 
ramulator.read_row_misses_channel_0_core                6333                                      # Number of row misses for read requests per channel per core
                                     [0]              6333.0                                      # 
ramulator.read_row_conflicts_channel_0_core               23493                                      # Number of row conflicts for read requests per channel per core
                                     [0]             23493.0                                      # 
 ramulator.write_row_hits_channel_0_core                 412                                      # Number of row hits for write requests per channel per core
                                     [0]               412.0                                      # 
ramulator.write_row_misses_channel_0_core                 495                                      # Number of row misses for write requests per channel per core
                                     [0]               495.0                                      # 
ramulator.write_row_conflicts_channel_0_core                2087                                      # Number of row conflicts for write requests per channel per core
                                     [0]              2087.0                                      # 
      ramulator.useless_activates_0_core                   2                                      # Number of useless activations. E.g, ACT -> PRE w/o RD or WR
            ramulator.read_latency_avg_0           61.202704                                      # The average memory latency cycles (in memory time domain) per request for all read requests in this channel
            ramulator.read_latency_sum_0             4966171                                      # The memory latency cycles (in memory time domain) sum for all read requests in this channel
        ramulator.req_queue_length_avg_0           12.997831                                      # Average of read and write queue length per memory cycle per channel.
        ramulator.req_queue_length_sum_0            60831628                                      # Sum of read and write queue length per memory cycle per channel.
   ramulator.read_req_queue_length_avg_0            0.958522                                      # Read queue length average per memory cycle per channel.
   ramulator.read_req_queue_length_sum_0             4486012                                      # Read queue length sum per memory cycle per channel.
  ramulator.write_req_queue_length_avg_0           12.039309                                      # Write queue length average per memory cycle per channel.
  ramulator.write_req_queue_length_sum_0            56345616                                      # Write queue length sum per memory cycle per channel.
              ramulator.record_read_hits                 0.0                                      # record read hit count for this core when it reaches request limit or to the end
                                     [0]                 0.0                                      # 
            ramulator.record_read_misses                 0.0                                      # record_read_miss count for this core when it reaches request limit or to the end
                                     [0]                 0.0                                      # 
         ramulator.record_read_conflicts                 0.0                                      # record read conflict count for this core when it reaches request limit or to the end
                                     [0]                 0.0                                      # 
             ramulator.record_write_hits                 0.0                                      # record write hit count for this core when it reaches request limit or to the end
                                     [0]                 0.0                                      # 
           ramulator.record_write_misses                 0.0                                      # record write miss count for this core when it reaches request limit or to the end
                                     [0]                 0.0                                      # 
        ramulator.record_write_conflicts                 0.0                                      # record write conflict for this core when it reaches request limit or to the end
                                     [0]                 0.0                                      # 
                 ramulator.dram_capacity          8589934592                                      # Number of bytes in simulated DRAM
                   ramulator.dram_cycles             4680137                                      # Number of DRAM cycles simulated
             ramulator.incoming_requests               84161                                      # Number of incoming requests to DRAM
                 ramulator.read_requests               81143                                      # Number of incoming read requests to DRAM per core
                                     [0]             81143.0                                      # 
                ramulator.write_requests                3018                                      # Number of incoming write requests to DRAM per core
                                     [0]              3018.0                                      # 
       ramulator.ramulator_active_cycles             2692507                                      # The total number of cycles that the DRAM part is active (serving R/W)
 ramulator.incoming_requests_per_channel             84161.0                                      # Number of incoming requests to each DRAM channel
                                     [0]             84161.0                                      # 
ramulator.incoming_read_reqs_per_channel             81143.0                                      # Number of incoming read requests to each DRAM channel
                                     [0]             81143.0                                      # 
     ramulator.physical_page_replacement                   0                                      # The number of times that physical page replacement happens.
             ramulator.maximum_bandwidth         19200000000                                      # The theoretical maximum bandwidth (Bps)
          ramulator.in_queue_req_num_sum            60831628                                      # Sum of read/write queue length
     ramulator.in_queue_read_req_num_sum             4486012                                      # Sum of read queue length
    ramulator.in_queue_write_req_num_sum            56345616                                      # Sum of write queue length
          ramulator.in_queue_req_num_avg           12.997831                                      # Average of read/write queue length per memory cycle
     ramulator.in_queue_read_req_num_avg            0.958522                                      # Average of read queue length per memory cycle
    ramulator.in_queue_write_req_num_avg           12.039309                                      # Average of write queue length per memory cycle
          ramulator.record_read_requests                 0.0                                      # record read requests for this core when it reaches request limit or to the end
                                     [0]                 0.0                                      # 
         ramulator.record_write_requests                 0.0                                      # record write requests for this core when it reaches request limit or to the end
                                     [0]                 0.0                                      # 
