/* -*- Mode: c -*- */
####################################################################################################
Core 0
####################################################################################################
Cumulative:        Cycles: 7551791               Instructions: 20112261              IPC: 2.66324

Periodic:          Cycles: 3597401               Instructions: 10054920              IPC: 2.79505

EXECUTION_TIME                           1124187812500                  2359934687500              

NODE_CYCLE                                     3597401                        7551791              

NODE_INST_COUNT                               10054920                       20112261              

NODE_INST_COUNT_FETCHED                        9999995                       20000000              

NODE_UOP_COUNT                                13181147                       26370893              

FULL_WINDOW_STALL                               448597       12.470%          1045408       13.843%

FULL_WINDOW_MEM_OP                              389166       97.780%           925136       98.050%
FULL_WINDOW_FP_OP                                   79        0.020%              253        0.027%
FULL_WINDOW_OTHER_OP                              8758        2.200%            18147        1.923%
                                                398003      100.000%           943536      100.000%
                                                  0.04         0.29              0.04         0.27

RET_BLOCKED_DC_MISS                             579245       16.102%          1395008       18.473%

RET_BLOCKED_L1_MISS                             239162        6.648%           664991        8.806%

RET_BLOCKED_L1_MISS_BW_PREF                          0        0.000%             1875        0.025%

RET_BLOCKED_L1_ACCESS                           340083        9.454%           730149        9.669%

RET_BLOCKED_MEM_STALL                           239162        6.648%           664991        8.806%

RET_BLOCKED_OFFCHIP_DEMAND                           0        0.000%                0        0.000%

OP_ISSUED                                     13773676                       27819698              

OP_RETIRED                                    13181147                       26370893              

REPLAY_SIGNALED                                      0                              0              

REPLAY_COUNTED                                       0                              0              

OFF_CRITICAL_PATH                                    0         -nan%                0         -nan%
ON_CRITICAL_PATH                                     0         -nan%                0         -nan%
                                                     0         -nan%                0         -nan%
                                                  -nan         -nan              -nan         -nan

LD_NO_DEPENDENTS                                285477       11.336%           571948       11.356%
LD_DEPENDENTS                                  2232742       88.664%          4464392       88.644%
                                               2518219      100.000%          5036340      100.000%
                                                  0.89         0.84              0.89         0.84

LD_EXEC_CYCLES_0                                     0        0.000%                0        0.000%
LD_EXEC_CYCLES_1                                     0        0.000%                0        0.000%
LD_EXEC_CYCLES_2                                     0        0.000%                0        0.000%
LD_EXEC_CYCLES_3                                   365       30.932%              770       31.661%
LD_EXEC_CYCLES_4                                   815       69.068%             1662       68.339%
                                                  1180      100.000%             2432      100.000%
                                                  3.69         3.10              3.68         3.08

ICACHE_STAGE_STARVED                            196996        6.828%           505652        8.599%
ICACHE_STAGE_NOT_STARVED                       2688282       93.172%          5374984       91.401%
                                               2885278      100.000%          5880636      100.000%
                                                  0.93         0.90              0.91         0.88

ICACHE_STAGE_STALLED                            312115        8.676%           718231        9.511%
ICACHE_STAGE_NOT_STALLED                       2978994       82.810%          6067947       80.351%
ICACHE_STAGE_OFF_PATH                           306292        8.514%           765613       10.138%
                                               3597401      100.000%          7551791      100.000%
                                                  1.00         0.41              1.01         0.45

DECODE_STAGE_STARVED                           2445450       71.643%          5123238       71.911%
DECODE_STAGE_NOT_STARVED                        967936       28.357%          2001209       28.089%
                                               3413386      100.000%          7124447      100.000%
                                                  0.28         0.41              0.28         0.41

DECODE_STAGE_STALLED                            313357        8.711%           720432        9.540%
DECODE_STAGE_NOT_STALLED                       3100029       86.174%          6404015       84.801%
DECODE_STAGE_OFF_PATH                           184015        5.115%           427344        5.659%
                                               3597401      100.000%          7551791      100.000%
                                                  0.96         0.32              0.96         0.34

UOPQ_STAGE_STARVED                             2445450       67.978%          5124600       67.859%
UOPQ_STAGE_NOT_STARVED                         1151951       32.022%          2427191       32.141%
                                               3597401      100.000%          7551791      100.000%
                                                  0.32         0.43              0.32         0.43

UOPQ_STAGE_STALLED                                   0        0.000%                0        0.000%
UOPQ_STAGE_NOT_STALLED                         3597401      100.000%          7551791      100.000%
UOPQ_STAGE_OFF_PATH                                  0        0.000%                0        0.000%
                                               3597401      100.000%          7551791      100.000%
                                                  1.00         0.00              1.00         0.00

MAP_STAGE_STARVED                               338200       10.030%           792378       11.386%
MAP_STAGE_NOT_STARVED                          3033716       89.970%          6166875       88.614%
                                               3371916      100.000%          6959253      100.000%
                                                  0.90         0.86              0.89         0.84

MAP_STAGE_STALLED                               348645        9.692%           792331       10.492%
MAP_STAGE_NOT_STALLED                          3023271       84.040%          6166922       81.662%
MAP_STAGE_OFF_PATH                              225485        6.268%           592538        7.846%
                                               3597401      100.000%          7551791      100.000%
                                                  0.97         0.36              0.97         0.40

EXEC_STAGE_STARVED                             1424850       39.608%          2836095       37.555%
EXEC_STAGE_NOT_STARVED                         1983339       55.133%          4218708       55.864%
EXEC_STAGE_OFF_PATH                             189212        5.260%           496988        6.581%
                                               3597401      100.000%          7551791      100.000%
                                                  0.66         0.43              0.69         0.44

FU_BUSY_0                                      3216953                        6496424              

FU_BUSY_1                                      2308389                        4650494              

FU_BUSY_2                                      1198899                        2413953              

FU_BUSY_3                                       560573                        1135425              

FU_BUSY_4                                      2012626                        4050551              

FU_BUSY_5                                       501914                        1015785              

FU_BUSY_6                                      2713250                        5454205              

FU_BUSY_7                                      1798165                        3602872              

FU_BUSY_8                                      1204635                        2403275              

FU_BUSY_9                                       850729                        1699065              

FU_BUSY_10                                           0                              0              

FU_BUSY_11                                           0                              0              

FU_BUSY_12                                           0                              0              

FU_BUSY_13                                           0                              0              

FU_BUSY_14                                           0                              0              

FU_BUSY_15                                           0                              0              

FU_BUSY_16                                           0                              0              

FU_BUSY_17                                           0                              0              

FU_BUSY_18                                           0                              0              

FU_BUSY_19                                           0                              0              

FU_BUSY_20                                           0                              0              

FU_BUSY_21                                           0                              0              

FU_BUSY_22                                           0                              0              

FU_BUSY_23                                           0                              0              

FU_BUSY_24                                           0                              0              

FU_BUSY_25                                           0                              0              

FU_BUSY_26                                           0                              0              

FU_BUSY_27                                           0                              0              

FU_BUSY_28                                           0                              0              

FU_BUSY_29                                           0                              0              

FU_BUSY_30                                           0                              0              

FU_BUSY_31                                           0                              0              

OP_WAIT_0                                      8835631                       17689079              

OP_WAIT_1                                      2208193                        4434423              

OP_WAIT_2                                       878879                        1750791              

OP_WAIT_3                                       255940                         508697              

OP_WAIT_4                                       162424                         322328              

OP_WAIT_5                                       111800                         222456              

OP_WAIT_6                                        87914                         175452              

OP_WAIT_7                                        68275                         137564              

OP_WAIT_8                                        52399                         105336              

OP_WAIT_9                                        48124                          96630              

OP_WAIT_10                                       42746                          84541              

OP_WAIT_11                                       36202                          71192              

OP_WAIT_12                                       29586                          58649              

OP_WAIT_13                                       26889                          52728              

OP_WAIT_14                                       25417                          49309              

OP_WAIT_15                                       24353                          47382              

OP_WAIT_16                                       22214                          43419              

OP_WAIT_17                                       20761                          40239              

OP_WAIT_18                                       21378                          41445              

OP_WAIT_19                                       22482                          43151              

OP_WAIT_20                                       18850                          36181              

OP_WAIT_21                                       13777                          27926              

OP_WAIT_22                                       15410                          29777              

OP_WAIT_23                                       13124                          26443              

OP_WAIT_24                                       14408                          28810              

OP_WAIT_25                                       11771                          23896              

OP_WAIT_26                                        9963                          19548              

OP_WAIT_27                                        8456                          17545              

OP_WAIT_28                                        8350                          16239              

OP_WAIT_29                                        8220                          15649              

OP_WAIT_30                                        7666                          15321              

OP_WAIT_31                                       69545                         138747              

ROW_SIZE_0                                     1034951                        2324995              

ROW_SIZE_1                                      211280                         433617              

ROW_SIZE_2                                      128348                         261969              

ROW_SIZE_3                                       78621                         159373              

ROW_SIZE_4                                       94536                         195538              

ROW_SIZE_5                                       53662                         108821              

ROW_SIZE_6                                     1971809                        3934827              

ROW_SIZE_7                                           0                              0              

ROW_SIZE_8                                           0                              0              

ROW_SIZE_9                                           0                              0              

ROW_SIZE_10                                          0                              0              

ROW_SIZE_11                                          0                              0              

ROW_SIZE_12                                          0                              0              

ROW_SIZE_13                                          0                              0              

ROW_SIZE_14                                          0                              0              

ROW_SIZE_15                                          0                              0              

ROW_SIZE_16                                          0                              0              

ROW_SIZE_17                                          0                              0              

ROW_SIZE_18                                          0                              0              

ROW_SIZE_19                                          0                              0              

ROW_SIZE_20                                          0                              0              

ROW_SIZE_21                                          0                              0              

ROW_SIZE_22                                          0                              0              

ROW_SIZE_23                                          0                              0              

ROW_SIZE_24                                          0                              0              

ROW_SIZE_25                                          0                              0              

ROW_SIZE_26                                          0                              0              

ROW_SIZE_27                                          0                              0              

ROW_SIZE_28                                          0                              0              

ROW_SIZE_29                                          0                              0              

ROW_SIZE_30                                          0                              0              

ROW_SIZE_31                                          0                              0              

RET_OP_EXEC_COUNT_0                                  0        0.000%                0        0.000%
RET_OP_EXEC_COUNT_1                           13181147      100.000%         26370893      100.000%
RET_OP_EXEC_COUNT_2                                  0        0.000%                0        0.000%
RET_OP_EXEC_COUNT_3                                  0        0.000%                0        0.000%
RET_OP_EXEC_COUNT_4                                  0        0.000%                0        0.000%
RET_OP_EXEC_COUNT_5                                  0        0.000%                0        0.000%
RET_OP_EXEC_COUNT_6                                  0        0.000%                0        0.000%
RET_OP_EXEC_COUNT_7                                  0        0.000%                0        0.000%
RET_OP_EXEC_COUNT_8                                  0        0.000%                0        0.000%
RET_OP_EXEC_COUNT_9                                  0        0.000%                0        0.000%
RET_OP_EXEC_COUNT_10                                 0        0.000%                0        0.000%
RET_OP_EXEC_COUNT_11                                 0        0.000%                0        0.000%
RET_OP_EXEC_COUNT_12                                 0        0.000%                0        0.000%
RET_OP_EXEC_COUNT_13                                 0        0.000%                0        0.000%
RET_OP_EXEC_COUNT_14                                 0        0.000%                0        0.000%
RET_OP_EXEC_COUNT_15                                 0        0.000%                0        0.000%
RET_OP_EXEC_COUNT_16                                 0        0.000%                0        0.000%
RET_OP_EXEC_COUNT_17                                 0        0.000%                0        0.000%
RET_OP_EXEC_COUNT_18                                 0        0.000%                0        0.000%
RET_OP_EXEC_COUNT_19                                 0        0.000%                0        0.000%
RET_OP_EXEC_COUNT_20                                 0        0.000%                0        0.000%
RET_OP_EXEC_COUNT_21                                 0        0.000%                0        0.000%
RET_OP_EXEC_COUNT_22                                 0        0.000%                0        0.000%
RET_OP_EXEC_COUNT_23                                 0        0.000%                0        0.000%
RET_OP_EXEC_COUNT_24                                 0        0.000%                0        0.000%
RET_OP_EXEC_COUNT_25                                 0        0.000%                0        0.000%
RET_OP_EXEC_COUNT_26                                 0        0.000%                0        0.000%
RET_OP_EXEC_COUNT_27                                 0        0.000%                0        0.000%
RET_OP_EXEC_COUNT_28                                 0        0.000%                0        0.000%
RET_OP_EXEC_COUNT_29                                 0        0.000%                0        0.000%
RET_OP_EXEC_COUNT_30                                 0        0.000%                0        0.000%
RET_OP_EXEC_COUNT_31                                 0        0.000%                0        0.000%
RET_OP_EXEC_COUNT_32                                 0        0.000%                0        0.000%
                                              13181147      100.000%         26370893      100.000%
                                                  1.00         0.00              1.00         0.00

RET_STALL_LENGTH_0                            13179102       99.984%         26365354       99.979%
RET_STALL_LENGTH_100                              2009        0.015%             5361        0.020%
RET_STALL_LENGTH_200                                 3        0.000%               78        0.000%
RET_STALL_LENGTH_300                                 1        0.000%               15        0.000%
RET_STALL_LENGTH_400                                 5        0.000%                9        0.000%
RET_STALL_LENGTH_500                                 1        0.000%                3        0.000%
RET_STALL_LENGTH_600                                 0        0.000%                1        0.000%
RET_STALL_LENGTH_700                                 3        0.000%                5        0.000%
RET_STALL_LENGTH_800                                 1        0.000%                5        0.000%
RET_STALL_LENGTH_900                                 2        0.000%                6        0.000%
RET_STALL_LENGTH_1000                                3        0.000%                6        0.000%
RET_STALL_LENGTH_1100                                4        0.000%               11        0.000%
RET_STALL_LENGTH_1200                               10        0.000%               32        0.000%
RET_STALL_LENGTH_1300                                3        0.000%                7        0.000%
RET_STALL_LENGTH_1400                                0        0.000%                0        0.000%
RET_STALL_LENGTH_1500                                0        0.000%                0        0.000%
RET_STALL_LENGTH_1600                                0        0.000%                0        0.000%
RET_STALL_LENGTH_1700                                0        0.000%                0        0.000%
RET_STALL_LENGTH_1800                                0        0.000%                0        0.000%
RET_STALL_LENGTH_1900                                0        0.000%                0        0.000%
RET_STALL_LENGTH_2000                                0        0.000%                0        0.000%
RET_STALL_LENGTH_2100                                0        0.000%                0        0.000%
RET_STALL_LENGTH_2200                                0        0.000%                0        0.000%
RET_STALL_LENGTH_2300                                0        0.000%                0        0.000%
RET_STALL_LENGTH_2400                                0        0.000%                0        0.000%
RET_STALL_LENGTH_2500                                0        0.000%                0        0.000%
RET_STALL_LENGTH_2600                                0        0.000%                0        0.000%
RET_STALL_LENGTH_2700                                0        0.000%                0        0.000%
RET_STALL_LENGTH_2800                                0        0.000%                0        0.000%
RET_STALL_LENGTH_2900                                0        0.000%                0        0.000%
RET_STALL_LENGTH_3000                                0        0.000%                0        0.000%
RET_STALL_LENGTH_3100                                0        0.000%                0        0.000%
RET_STALL_LENGTH_3200                                0        0.000%                0        0.000%
RET_STALL_LENGTH_3300                                0        0.000%                0        0.000%
RET_STALL_LENGTH_3400                                0        0.000%                0        0.000%
RET_STALL_LENGTH_3500                                0        0.000%                0        0.000%
RET_STALL_LENGTH_3600                                0        0.000%                0        0.000%
RET_STALL_LENGTH_3700                                0        0.000%                0        0.000%
RET_STALL_LENGTH_3800                                0        0.000%                0        0.000%
RET_STALL_LENGTH_3900                                0        0.000%                0        0.000%
RET_STALL_LENGTH_4000                                0        0.000%                0        0.000%
RET_STALL_LENGTH_4100                                0        0.000%                0        0.000%
RET_STALL_LENGTH_4200                                0        0.000%                0        0.000%
RET_STALL_LENGTH_4300                                0        0.000%                0        0.000%
RET_STALL_LENGTH_4400                                0        0.000%                0        0.000%
RET_STALL_LENGTH_4500                                0        0.000%                0        0.000%
RET_STALL_LENGTH_4600                                0        0.000%                0        0.000%
RET_STALL_LENGTH_4700                                0        0.000%                0        0.000%
RET_STALL_LENGTH_4800                                0        0.000%                0        0.000%
RET_STALL_LENGTH_4900                                0        0.000%                0        0.000%
RET_STALL_LENGTH_5000                                0        0.000%                0        0.000%
                                              13181147      100.000%         26370893      100.000%
                                                  0.00         0.02              0.00         0.02

MEM_BLOCK_LENGTH_0                                   0         -nan%                0         -nan%
MEM_BLOCK_LENGTH_100                                 0         -nan%                0         -nan%
MEM_BLOCK_LENGTH_200                                 0         -nan%                0         -nan%
MEM_BLOCK_LENGTH_300                                 0         -nan%                0         -nan%
MEM_BLOCK_LENGTH_400                                 0         -nan%                0         -nan%
MEM_BLOCK_LENGTH_500                                 0         -nan%                0         -nan%
MEM_BLOCK_LENGTH_600                                 0         -nan%                0         -nan%
MEM_BLOCK_LENGTH_700                                 0         -nan%                0         -nan%
MEM_BLOCK_LENGTH_800                                 0         -nan%                0         -nan%
MEM_BLOCK_LENGTH_900                                 0         -nan%                0         -nan%
MEM_BLOCK_LENGTH_1000                                0         -nan%                0         -nan%
MEM_BLOCK_LENGTH_1100                                0         -nan%                0         -nan%
MEM_BLOCK_LENGTH_1200                                0         -nan%                0         -nan%
MEM_BLOCK_LENGTH_1300                                0         -nan%                0         -nan%
MEM_BLOCK_LENGTH_1400                                0         -nan%                0         -nan%
MEM_BLOCK_LENGTH_1500                                0         -nan%                0         -nan%
MEM_BLOCK_LENGTH_1600                                0         -nan%                0         -nan%
MEM_BLOCK_LENGTH_1700                                0         -nan%                0         -nan%
MEM_BLOCK_LENGTH_1800                                0         -nan%                0         -nan%
MEM_BLOCK_LENGTH_1900                                0         -nan%                0         -nan%
MEM_BLOCK_LENGTH_2000                                0         -nan%                0         -nan%
MEM_BLOCK_LENGTH_2100                                0         -nan%                0         -nan%
MEM_BLOCK_LENGTH_2200                                0         -nan%                0         -nan%
MEM_BLOCK_LENGTH_2300                                0         -nan%                0         -nan%
MEM_BLOCK_LENGTH_2400                                0         -nan%                0         -nan%
MEM_BLOCK_LENGTH_2500                                0         -nan%                0         -nan%
MEM_BLOCK_LENGTH_2600                                0         -nan%                0         -nan%
MEM_BLOCK_LENGTH_2700                                0         -nan%                0         -nan%
MEM_BLOCK_LENGTH_2800                                0         -nan%                0         -nan%
MEM_BLOCK_LENGTH_2900                                0         -nan%                0         -nan%
MEM_BLOCK_LENGTH_3000                                0         -nan%                0         -nan%
MEM_BLOCK_LENGTH_3100                                0         -nan%                0         -nan%
MEM_BLOCK_LENGTH_3200                                0         -nan%                0         -nan%
MEM_BLOCK_LENGTH_3300                                0         -nan%                0         -nan%
MEM_BLOCK_LENGTH_3400                                0         -nan%                0         -nan%
MEM_BLOCK_LENGTH_3500                                0         -nan%                0         -nan%
MEM_BLOCK_LENGTH_3600                                0         -nan%                0         -nan%
MEM_BLOCK_LENGTH_3700                                0         -nan%                0         -nan%
MEM_BLOCK_LENGTH_3800                                0         -nan%                0         -nan%
MEM_BLOCK_LENGTH_3900                                0         -nan%                0         -nan%
MEM_BLOCK_LENGTH_4000                                0         -nan%                0         -nan%
MEM_BLOCK_LENGTH_4100                                0         -nan%                0         -nan%
MEM_BLOCK_LENGTH_4200                                0         -nan%                0         -nan%
MEM_BLOCK_LENGTH_4300                                0         -nan%                0         -nan%
MEM_BLOCK_LENGTH_4400                                0         -nan%                0         -nan%
MEM_BLOCK_LENGTH_4500                                0         -nan%                0         -nan%
MEM_BLOCK_LENGTH_4600                                0         -nan%                0         -nan%
MEM_BLOCK_LENGTH_4700                                0         -nan%                0         -nan%
MEM_BLOCK_LENGTH_4800                                0         -nan%                0         -nan%
MEM_BLOCK_LENGTH_4900                                0         -nan%                0         -nan%
MEM_BLOCK_LENGTH_5000                                0         -nan%                0         -nan%
                                                     0         -nan%                0         -nan%
                                                  -nan         -nan              -nan         -nan

FUS_BUSY_ON_PATH                              15979982        4.4421         31942352        4.2298

FUS_BUSY_OFF_PATH                               386151        0.1073           979697        0.1297

FU_BUSY_MEM_STALL                              2775863        0.7716          5537328        0.7332

FUS_EMPTY                                     19607877        5.4506         42595861        5.6405

CHIP_UTILIZATION                                     0        0.0000                0        0.0000

CYCLES_UNDER_MEM_REQ                                 0                              0              

CYCLES_UNDER_NO_MEM_REQ                              0                              0              

CYCLES_UNDER_CRITICAL_MEM_REQ                        0                              0              

CYCLES_UNDER_NONCRITICAL_MEM_REQ                     0                              0              

CHIP_UTILIZATION_UNDER_MEM_REQ                       0          -nan                0          -nan

CHIP_UTILIZATION_UNDER_NO_MEM_REQ                    0          -nan                0          -nan

CHIP_UTILIZATION_UNDER_CRITICAL_MEM_REQ              0          -nan                0          -nan

CHIP_UTILIZATION_UNDER_NONCRITICAL_MEM_REQ             0          -nan                0          -nan

CYCLES_NOT_WAITING_FOR_OFF_CHIP                      0        0.0000                0        0.0000

FUS_BUSY_NOT_WAITING_FOR_OFF_CHIP                    0          -nan                0          -nan

CYCLES_WAITING_FOR_OFF_CHIP                          0        0.0000                0        0.0000

FUS_BUSY_WAITING_FOR_OFF_CHIP                        0          -nan                0          -nan

TOTAL_OFF_CHIP_DELAYS_LEFT                           0                              0              

WRONG_IO_SCHED                                       0                              0              

DVFS_CONFIG_SWITCH                                   0                              0              

UOP_CACHE_ICACHE_SWITCH_ONPATH                       0         -nan%                0         -nan%
UOP_CACHE_ICACHE_SWITCH_OFFPATH                      0         -nan%                0         -nan%
                                                     0         -nan%                0         -nan%
                                                  -nan         -nan              -nan         -nan

MAP_STAGE_RECEIVED_OPS_0                             0        0.000%                0        0.000%
MAP_STAGE_RECEIVED_OPS_1                        160968        5.969%           321581        5.963%
MAP_STAGE_RECEIVED_OPS_2                        179307        6.649%           357951        6.638%
MAP_STAGE_RECEIVED_OPS_3                        224280        8.317%           447859        8.305%
MAP_STAGE_RECEIVED_OPS_4                        317747       11.783%           637608       11.824%
MAP_STAGE_RECEIVED_OPS_5                        209261        7.760%           417963        7.751%
MAP_STAGE_RECEIVED_OPS_6                       1605055       59.521%          3209753       59.520%
MAP_STAGE_RECEIVED_OPS_7                             0        0.000%                0        0.000%
MAP_STAGE_RECEIVED_OPS_8                             0        0.000%                0        0.000%
MAP_STAGE_RECEIVED_OPS_MAX                           0        0.000%                0        0.000%
                                               2696618      100.000%          5392715      100.000%
                                                  4.87         1.61              4.87         1.61

MAP_STAGE_WAIT_FOR_DECODE                            0         -nan%                0         -nan%
MAP_STAGE_CONSUME_DECODE                             0         -nan%                0         -nan%
                                                     0         -nan%                0         -nan%
                                                  -nan         -nan              -nan         -nan

MAP_STAGE_WAIT_FOR_DECODE2                           0         -nan%                0         -nan%
MAP_STAGE_CONSUME_DECODE2                            0         -nan%                0         -nan%
                                                     0         -nan%                0         -nan%
                                                  -nan         -nan              -nan         -nan

FTQ_RECOVER_EXEC                                  3268                           9166              

FTQ_RECOVER_DECODE                               18146                          37716              

FTQ_OFFPATH_CYCLES                              690361                        1669239              

FTQ_CYCLES_OFFPATH                              732063                        1756980              

FTQ_CYCLES_ONPATH                              2865338                        5794811              

FTQ_FETCHED_INS_OFFPATH                        3300623                        7365024              

FTQ_FETCHED_INS_ONPATH                        13159361                       26324011              

FTQ_BREAK_FULL_BLOCK_OFFPATH                    688256       19.133%          1634684       21.647%
FTQ_BREAK_FULL_BLOCK_ONPATH                    2431638       67.596%          4914058       65.072%
FTQ_BREAK_MAX_BLOCKS_OFFPATH                     65124        1.810%           166709        2.208%
FTQ_BREAK_MAX_BLOCKS_ONPATH                     279040        7.757%           567822        7.519%
FTQ_BREAK_PRED_BR_OFFPATH                            0        0.000%                0        0.000%
FTQ_BREAK_PRED_BR_ONPATH                             0        0.000%                0        0.000%
FTQ_BREAK_BAR_FETCH_OFFPATH                         97        0.003%             2469        0.033%
FTQ_BREAK_BAR_FETCH_ONPATH                      133131        3.701%           265934        3.522%
                                               3597286      100.000%          7551676      100.000%
                                                  1.20         1.26              1.17         1.24



