/* -*- Mode: c -*- */
####################################################################################################
Core 0
####################################################################################################
Cumulative:        Cycles: 21055835              Instructions: 32642756              IPC: 1.55030

Periodic:          Cycles: 10646573              Instructions: 16898363              IPC: 1.58721

DCACHE_PREF_HIT                                      0                              0              

IFETCH_WB_FIRST_SCHEDULE                             0         -nan%                0         -nan%
PREFETCH_LAST_SCHEDULE                               0         -nan%                0         -nan%
DEMAND_PASS_PREF_SCHEDULE                            0         -nan%                0         -nan%
DEMAND_PASS_LOW_OP_SCHEDULE                          0         -nan%                0         -nan%
DEMAND_LAST_SCHEDULE                                 0         -nan%                0         -nan%
                                                     0         -nan%                0         -nan%
                                                  -nan         -nan              -nan         -nan

SEND_MISS_REQ_QUEUE                               7042                          28799              

L1_DATA_EVICT                                      967                           1044              

STREAM_BUFFER_REQ                                    0                              0              

PREF_SEND_TO_MEM_REQ                                 0         -nan%                0         -nan%
PREF_SEND_TO_MEM_REQ_FAIL                            0         -nan%                0         -nan%
                                                     0         -nan%                0         -nan%
                                                  -nan         -nan              -nan         -nan

HIT_TRAIN_STREAM                                  3332       57.538%             8668       36.575%
MISS_TRAIN_STREAM                                 2459       42.462%            15031       63.425%
                                                  5791      100.000%            23699      100.000%
                                                  0.42         0.47              0.63         0.58

STREAM_TRAIN_CREATE                                887                           7141              

MEM_REQ_MISS_HWP_PREF_Q                              0         -nan%                0         -nan%
MEM_REQ_MISS_SW_PREF_Q                               0         -nan%                0         -nan%
MEM_REQ_MISS_IFETCH_Q                                0         -nan%                0         -nan%
MEM_REQ_MISS_DFETCH_Q                                0         -nan%                0         -nan%
MEM_REQ_MISS_DSTORE_Q                                0         -nan%                0         -nan%
MEM_REQ_MISS_DPRF_Q                                  0         -nan%                0         -nan%
MEM_REQ_MISS_WB_Q                                    0         -nan%                0         -nan%
                                                     0         -nan%                0         -nan%
                                                  -nan         -nan              -nan         -nan

PREF_HIT_BY_DEMAND_IFETCH                            0         -nan%                0         -nan%
PREF_HIT_BY_DEMAND_DFETCH                            0         -nan%                0         -nan%
PREF_HIT_BY_DEMAND_DSTORE                            0         -nan%                0         -nan%
PREF_HIT_BY_DEMAND_IPREF                             0         -nan%                0         -nan%
PREF_HIT_BY_DEMAND_DPRF                              0         -nan%                0         -nan%
PREF_HIT_BY_DEMAND_WB                                0         -nan%                0         -nan%
PREF_HIT_BY_PREF                                     0         -nan%                0         -nan%
                                                     0         -nan%                0         -nan%
                                                  -nan         -nan              -nan         -nan

PREF_HIT_DEMAND_IFETCH                               0         -nan%                0         -nan%
PREF_HIT_DEMAND_DFETCH                               0         -nan%                0         -nan%
PREF_HIT_DEMAND_DSTORE                               0         -nan%                0         -nan%
PREF_HIT_DEMAND_IPREF                                0         -nan%                0         -nan%
PREF_HIT_DEMAND_DPRF                                 0         -nan%                0         -nan%
PREF_HIT_DEMAND_WB                                   0         -nan%                0         -nan%
                                                     0         -nan%                0         -nan%
                                                  -nan         -nan              -nan         -nan

PREF_L1_FILL                                         0         -nan%                0         -nan%
DEMAND_L1_FILL                                       0         -nan%                0         -nan%
                                                     0         -nan%                0         -nan%
                                                  -nan         -nan              -nan         -nan

TOUCH_L1_REPLACE                                     0        0.000%                0        0.000%
NO_TOUCH_L1_REPLACE                                967      100.000%             1044      100.000%
                                                   967      100.000%             1044      100.000%
                                                  1.00         1.00              1.00         1.00

PREF_REQ_QUE_FULL                                    0                              0              

STREAM_REQ_QUEUE_HIT_BY_DEMAND                       0                              0              

L2HIT_STREAM_PREF_REQ_QUE_FULL                       0                              0              

L2HIT_HIT_TRAIN_STREAM                               0         -nan%                0         -nan%
L2HIT_MISS_TRAIN_STREAM                              0         -nan%                0         -nan%
                                                     0         -nan%                0         -nan%
                                                  -nan         -nan              -nan         -nan

L2HIT_STREAM_TRAIN_CREATE                            0                              0              

L2HIT_STREAM_BUFFER_REQ                              0                              0              

L2HIT_STREAM_PREF_DCACHE_HIT                         0         -nan%                0         -nan%
L2HIT_STREAM_PREF_DCACHE_INSERT                      0         -nan%                0         -nan%
L2HIT_STREAM_L2_MISS                                 0         -nan%                0         -nan%
                                                     0         -nan%                0         -nan%
                                                  -nan         -nan              -nan         -nan

L2HIT_STREAM_DCACHE_PORT_FULL                        0                              0              

L2HIT_STREAM_PREF_L1_PORT_FULL                       0                              0              

L2HIT_TRAIN_HIT_DEMAND                               0         -nan%                0         -nan%
L2HIT_TRAIN_MISS_REQ                                 0         -nan%                0         -nan%
                                                     0         -nan%                0         -nan%
                                                  -nan         -nan              -nan         -nan

L2HIT_TRAIN_FILTER_MISS                              0         -nan%                0         -nan%
L2HIT_TRAIN_FILTER_HIT                               0         -nan%                0         -nan%
                                                     0         -nan%                0         -nan%
                                                  -nan         -nan              -nan         -nan

L2HIT_PREF_REQ_DCACHE_HIT                            0         -nan%                0         -nan%
L2HIT_PREF_REQ_DCACHE_MISS                           0         -nan%                0         -nan%
                                                     0         -nan%                0         -nan%
                                                  -nan         -nan              -nan         -nan

L2HIT_L2SEND_Q_FULL                                  0         -nan%                0         -nan%
L2HIT_L2SEND_Q_ENTER                                 0         -nan%                0         -nan%
                                                     0         -nan%                0         -nan%
                                                  -nan         -nan              -nan         -nan

L2HIT_MEM_REQ                                        0                              0              

REMOVE_REDUNDANT_STREAM_STAT                         0                              0              

REPLACE_OLD_STREAM                                 887                           7125              

REQ_SEND_QUEUE_STALL                                 0                              0              

STREAM_ENTER_RA                                      0                              0              

CORE_STREAM_LENGTH_0                                82       25.309%              283       23.388%
CORE_STREAM_LENGTH_10                              162       50.000%              517       42.727%
CORE_STREAM_LENGTH_20                               37       11.420%              296       24.463%
CORE_STREAM_LENGTH_30                               10        3.086%               42        3.471%
CORE_STREAM_LENGTH_40                                8        2.469%               16        1.322%
CORE_STREAM_LENGTH_50                                3        0.926%                4        0.331%
CORE_STREAM_LENGTH_60                                0        0.000%                8        0.661%
CORE_STREAM_LENGTH_70                                8        2.469%               14        1.157%
CORE_STREAM_LENGTH_80                                0        0.000%                2        0.165%
CORE_STREAM_LENGTH_90                                1        0.309%                3        0.248%
CORE_STREAM_LENGTH_100_P                            13        4.012%               25        2.066%
                                                   324      100.000%             1210      100.000%
                                                  1.57         2.09              1.45         1.62

CORE_CUM_STREAM_LENGTH_0                           602        7.682%             2047        8.269%
CORE_CUM_STREAM_LENGTH_10                         2349       29.977%             7433       30.027%
CORE_CUM_STREAM_LENGTH_20                          860       10.975%             6341       25.616%
CORE_CUM_STREAM_LENGTH_30                          327        4.173%             1393        5.627%
CORE_CUM_STREAM_LENGTH_40                          331        4.224%              674        2.723%
CORE_CUM_STREAM_LENGTH_50                          171        2.182%              222        0.897%
CORE_CUM_STREAM_LENGTH_60                            0        0.000%              519        2.097%
CORE_CUM_STREAM_LENGTH_70                          590        7.529%             1025        4.141%
CORE_CUM_STREAM_LENGTH_80                            0        0.000%              163        0.658%
CORE_CUM_STREAM_LENGTH_90                           94        1.200%              286        1.155%
CORE_CUM_STREAM_LENGTH_100_P                      2512       32.057%             4651       18.789%
                                                  7836      100.000%            24754      100.000%
                                                  4.76         4.68              3.59         3.73

CORE_STREAM_TRAIN_HITS_0                           265       81.790%             1036       85.620%
CORE_STREAM_TRAIN_HITS_10                           26        8.025%              101        8.347%
CORE_STREAM_TRAIN_HITS_20                            8        2.469%               17        1.405%
CORE_STREAM_TRAIN_HITS_30                            3        0.926%               11        0.909%
CORE_STREAM_TRAIN_HITS_40                            2        0.617%                4        0.331%
CORE_STREAM_TRAIN_HITS_50                            6        1.852%               14        1.157%
CORE_STREAM_TRAIN_HITS_60                            0        0.000%                1        0.083%
CORE_STREAM_TRAIN_HITS_70                            1        0.309%                2        0.165%
CORE_STREAM_TRAIN_HITS_80                            0        0.000%                0        0.000%
CORE_STREAM_TRAIN_HITS_90                            0        0.000%                2        0.165%
CORE_STREAM_TRAIN_HITS_100_P                        13        4.012%               22        1.818%
                                                   324      100.000%             1210      100.000%
                                                  0.70         2.03              0.42         1.52

CORE_CUM_STREAM_TRAIN_HITS_0                      1716       34.251%             6357       47.061%
CORE_CUM_STREAM_TRAIN_HITS_10                      329        6.567%             1292        9.565%
CORE_CUM_STREAM_TRAIN_HITS_20                      191        3.812%              401        2.969%
CORE_CUM_STREAM_TRAIN_HITS_30                      102        2.036%              373        2.761%
CORE_CUM_STREAM_TRAIN_HITS_40                       83        1.657%              165        1.221%
CORE_CUM_STREAM_TRAIN_HITS_50                      334        6.667%              763        5.649%
CORE_CUM_STREAM_TRAIN_HITS_60                        0        0.000%               61        0.452%
CORE_CUM_STREAM_TRAIN_HITS_70                       78        1.557%              156        1.155%
CORE_CUM_STREAM_TRAIN_HITS_80                        0        0.000%                0        0.000%
CORE_CUM_STREAM_TRAIN_HITS_90                        0        0.000%              198        1.466%
CORE_CUM_STREAM_TRAIN_HITS_100_P                  2177       43.453%             3742       27.702%
                                                  5010      100.000%            13508      100.000%
                                                  5.06         4.83              3.58         4.05

CORE_STREAM_TRAIN_CREATE                           887                           7141              



