/* -*- Mode: c -*- */
####################################################################################################
Core 0
####################################################################################################
Cumulative:        Cycles: 7528551               Instructions: 20110175              IPC: 2.67119

Periodic:          Cycles: 3590030               Instructions: 10055243              IPC: 2.80088

MISS_WAIT_TIME                                  178041                         488617              

ICACHE_STAGE_MISS                                15154                          33230              

ICACHE_CYCLE                                   3590030                        7528551              

TCACHE_CYCLE                                         0                              0              

ICACHE_CYCLE_ONPATH                            3286720       91.551%          6779415       90.049%
ICACHE_CYCLE_OFFPATH                            303310        8.449%           749136        9.951%
                                               3590030      100.000%          7528551      100.000%
                                                  0.08         0.27              0.10         0.29

FETCH_ON_PATH                                  2723332       93.528%          5447980       92.572%
FETCH_OFF_PATH                                  188452        6.472%           437139        7.428%
                                               2911784      100.000%          5885119      100.000%
                                                  0.06         0.24              0.07         0.25

FETCHED_OPS_ON_PATH                                  0         -nan%                0         -nan%
FETCHED_OPS_OFF_PATH                                 0         -nan%                0         -nan%
                                                     0         -nan%                0         -nan%
                                                  -nan         -nan              -nan         -nan

INST_LOST_WAIT_FOR_MISP_RECOVERY                     0        0.000%                0        0.000%
INST_LOST_WAIT_FOR_TIMER                             0        0.000%                0        0.000%
INST_LOST_WAIT_FOR_EMPTY_ROB                    582234        2.724%          1170432        2.618%
INST_LOST_WAIT_FOR_ICACHE_MISS                  815795        3.816%          2305795        5.157%
INST_LOST_WAIT_FOR_REDIRECT                          0        0.000%                0        0.000%
INST_LOST_WAIT_FOR_FDIP                              0        0.000%                0        0.000%
INST_LOST_WAIT_FOR_RENAME                            0        0.000%                0        0.000%
INST_LOST_FETCH                               13180852       61.659%         26361195       58.960%
INST_LOST_OFF_PATH                              999368        4.675%          2313521        5.174%
INST_LOST_FULL_WINDOW                                0        0.000%                0        0.000%
INST_LOST_ROB_STALL_OTHER                       346404        1.620%           704304        1.575%
INST_LOST_ROB_STALL_WAIT_FOR_RECOVERY              546        0.003%             2382        0.005%
INST_LOST_ROB_STALL_WAIT_FOR_REDIRECT                0        0.000%                0        0.000%
INST_LOST_ROB_STALL_WAIT_FOR_GAP_FILL                0        0.000%                0        0.000%
INST_LOST_ROB_STALL_WAIT_FOR_L1_MISS                 0        0.000%                0        0.000%
INST_LOST_ROB_STALL_WAIT_FOR_MEMORY                  0        0.000%               12        0.000%
INST_LOST_ROB_STALL_WAIT_FOR_DC_MISS           2161338       10.111%          5216508       11.667%
INST_LOST_ROB_BLOCK_ISSUE_FULL                       0        0.000%                0        0.000%
INST_LOST_ROB_BLOCK_ISSUE_GAP_TOO_LARGE              0        0.000%                0        0.000%
INST_LOST_BREAK_DONT                                 0        0.000%                0        0.000%
INST_LOST_BREAK_ISSUE_WIDTH                          0        0.000%                0        0.000%
INST_LOST_BREAK_CF                                   0        0.000%                0        0.000%
INST_LOST_BREAK_BTB_MISS                             0        0.000%                0        0.000%
INST_LOST_BREAK_ICACHE_MISS                      86925        0.407%           191064        0.427%
INST_LOST_BREAK_LINE_END                             0        0.000%                0        0.000%
INST_LOST_BREAK_STALL                                0        0.000%                0        0.000%
INST_LOST_BREAK_BARRIER                           5667        0.027%            11147        0.025%
INST_LOST_BREAK_OFFPATH                              0        0.000%                0        0.000%
INST_LOST_BREAK_ALIGNMENT                            0        0.000%                0        0.000%
INST_LOST_BREAK_TAKEN                          3197892       14.959%          6433787       14.390%
INST_LOST_BREAK_MODEL_BEFORE                         0        0.000%                0        0.000%
INST_LOST_BREAK_MODEL_AFTER                          0        0.000%                0        0.000%
INST_LOST_BREAK_UC_MISS                              0        0.000%                0        0.000%
INST_LOST_BREAK_ICACHE_TO_UOP_CACHE_SWITCH             0        0.000%                0        0.000%
INST_LOST_BREAK_FDIP_RUNAHEAD                        0        0.000%                0        0.000%
                                              21377021      100.000%         44710147      100.000%
                                                 11.08         8.16             11.05         8.10

INST_LOST_TOTAL                               21540180                       45171306              

INST_LOST_WAIT_FOR_ICACHE_MISS_NOT_PREFETCHED             0        0.000%                0        0.000%
INST_LOST_WAIT_FOR_ICACHE_MISS_PREFETCHED_AND_EVICTED_BY_IFETCH             0        0.000%                0        0.000%
INST_LOST_WAIT_FOR_ICACHE_MISS_PREFETCHED_AND_EVICTED_BY_FDIP             0        0.000%                0        0.000%
INST_LOST_WAIT_FOR_ICACHE_MISS_MSHR_HIT_PREF_OFFPATH            95        0.012%             2450        0.112%
INST_LOST_WAIT_FOR_ICACHE_MISS_MSHR_HIT_PREF_ONPATH        814110       99.988%          2186985       99.888%
                                                814205      100.000%          2189435      100.000%
                                                  4.00         4.00              4.00         4.00

FETCH_0_OPS                                     692355       19.285%          1674449       22.241%
FETCH_1_OPS                                     167908        4.677%           337978        4.489%
FETCH_2_OPS                                     188900        5.262%           380283        5.051%
FETCH_3_OPS                                     242739        6.761%           488620        6.490%
FETCH_4_OPS                                     330322        9.201%           663309        8.811%
FETCH_5_OPS                                     221829        6.179%           446396        5.929%
FETCH_6_OPS                                    1745977       48.634%          3537516       46.988%
FETCH_7_OPS                                          0        0.000%                0        0.000%
FETCH_8_OPS                                          0        0.000%                0        0.000%
FETCH_9_OPS                                          0        0.000%                0        0.000%
FETCH_10_OPS                                         0        0.000%                0        0.000%
FETCH_11_OPS                                         0        0.000%                0        0.000%
FETCH_12_OPS                                         0        0.000%                0        0.000%
FETCH_13_OPS                                         0        0.000%                0        0.000%
FETCH_14_OPS                                         0        0.000%                0        0.000%
FETCH_15_OPS                                         0        0.000%                0        0.000%
FETCH_16_OPS                                         0        0.000%                0        0.000%
                                               3590030      100.000%          7528551      100.000%
                                                  3.95         1.67              3.81         1.70

ST_BREAK_DONT                                        0        0.000%                0        0.000%
ST_BREAK_ISSUE_WIDTH                           1544280       53.036%          3131085       53.203%
ST_BREAK_CF                                          0        0.000%                0        0.000%
ST_BREAK_BTB_MISS                                    0        0.000%                0        0.000%
ST_BREAK_ICACHE_MISS                             15154        0.520%            33230        0.565%
ST_BREAK_LINE_END                                    0        0.000%                0        0.000%
ST_BREAK_STALL                                       0        0.000%                0        0.000%
ST_BREAK_BARRIER                                  2024        0.070%             4026        0.068%
ST_BREAK_OFFPATH                                     0        0.000%                0        0.000%
ST_BREAK_ALIGNMENT                                   0        0.000%                0        0.000%
ST_BREAK_TAKEN                                 1350326       46.375%          2716778       46.164%
ST_BREAK_MODEL_BEFORE                                0        0.000%                0        0.000%
ST_BREAK_MODEL_AFTER                                 0        0.000%                0        0.000%
ST_BREAK_UC_MISS                                     0        0.000%                0        0.000%
ST_BREAK_ICACHE_TO_UOP_CACHE_SWITCH                  0        0.000%                0        0.000%
ST_BREAK_FDIP_RUNAHEAD                               0        0.000%                0        0.000%
                                               2911784      100.000%          5885119      100.000%
                                                  5.19         4.48              5.18         4.48

ORACLE_ON_PATH_INST                           13180852       92.952%         26361195       91.932%
ORACLE_OFF_PATH_INST                            999368        7.048%          2313521        8.068%
                                              14180220      100.000%         28674716      100.000%
                                                  0.07         0.25              0.08         0.26

ORACLE_ON_PATH_INST_MEM                        4424242       31.200%          8848987       30.860%
ORACLE_ON_PATH_INST_NOTMEM                     8756610       61.752%         17512208       61.072%
ORACLE_OFF_PATH_INST_MEM                        313545        2.211%           696597        2.429%
ORACLE_OFF_PATH_INST_NOTMEM                     685823        4.836%          1616924        5.639%
                                              14180220      100.000%         28674716      100.000%
                                                  0.81         0.56              0.83         0.60

ICACHE_CYCLE_NONRA_ONPATH                            0         -nan%                0         -nan%
ICACHE_CYCLE_NONRA_OFFPATH                           0         -nan%                0         -nan%
ICACHE_CYCLE_RA_ONPATH                               0         -nan%                0         -nan%
ICACHE_CYCLE_RA_OFFPATH                              0         -nan%                0         -nan%
                                                     0         -nan%                0         -nan%
                                                  -nan         -nan              -nan         -nan

ICACHE_CYCLE_ONPATH_NONRA                            0         -nan%                0         -nan%
ICACHE_CYCLE_OFFPATH_NONRA                           0         -nan%                0         -nan%
                                                     0         -nan%                0         -nan%
                                                  -nan         -nan              -nan         -nan

ICACHE_CYCLE_ONPATH_RA                               0         -nan%                0         -nan%
ICACHE_CYCLE_OFFPATH_RA                              0         -nan%                0         -nan%
                                                     0         -nan%                0         -nan%
                                                  -nan         -nan              -nan         -nan

INACCURATE_OFFPATH_CYCLES                            0        0.0000                0        0.0000

FETCH_ALL_INST                                14180220                       28674716              

EXEC_ALL_INST                                 13517508                       27203117              

RET_ALL_INST                                  13180981                       26361195              

EXEC_ON_PATH_INST                             13180932       97.510%         26361195       96.905%
EXEC_OFF_PATH_INST                              336576        2.490%           841922        3.095%
                                              13517508      100.000%         27203117      100.000%
                                                  0.02         0.15              0.03         0.17

EXEC_ON_PATH_INST_MEM                          4424265       32.730%          8848987       32.529%
EXEC_ON_PATH_INST_NOTMEM                       8756667       64.780%         17512208       64.376%
EXEC_OFF_PATH_INST_MEM                          119517        0.884%           271911        1.000%
EXEC_OFF_PATH_INST_NOTMEM                       217059        1.606%           570011        2.095%
                                              13517508      100.000%         27203117      100.000%
                                                  0.71         0.40              0.73         0.43

EXEC_RA_INST                                         0         -nan%                0         -nan%
EXEC_NONRA_INST                                      0         -nan%                0         -nan%
                                                     0         -nan%                0         -nan%
                                                  -nan         -nan              -nan         -nan

EXEC_ON_PATH_INST_RA                                 0         -nan%                0         -nan%
EXEC_OFF_PATH_INST_RA                                0         -nan%                0         -nan%
                                                     0         -nan%                0         -nan%
                                                  -nan         -nan              -nan         -nan

EXEC_ON_PATH_INST_NONRA                              0         -nan%                0         -nan%
EXEC_OFF_PATH_INST_NONRA                             0         -nan%                0         -nan%
                                                     0         -nan%                0         -nan%
                                                  -nan         -nan              -nan         -nan

EXEC_RA_ON_PATH_INST                                 0         -nan%                0         -nan%
EXEC_RA_OFF_PATH_INST                                0         -nan%                0         -nan%
EXEC_NONRA_ON_PATH_INST                              0         -nan%                0         -nan%
EXEC_NONRA_OFF_PATH_INST                             0         -nan%                0         -nan%
                                                     0         -nan%                0         -nan%
                                                  -nan         -nan              -nan         -nan

ICACHE_THROTTLE_CYCLE                                0                              0              

FETCH_ENABLE_THROTTLE_OFF_PATH                       0         -nan%                0         -nan%
FETCH_ENABLE_THROTTLE_ON_PATH                        0         -nan%                0         -nan%
                                                     0         -nan%                0         -nan%
                                                  -nan         -nan              -nan         -nan

FETCH_DISABLE_THROTTLE_OFF_PATH                      0         -nan%                0         -nan%
FETCH_DISABLE_THROTTLE_ON_PATH                       0         -nan%                0         -nan%
                                                     0         -nan%                0         -nan%
                                                  -nan         -nan              -nan         -nan

FETCH_TH_ADJUST__0                                   0         -nan%                0         -nan%
FETCH_TH_ADJUST__1                                   0         -nan%                0         -nan%
FETCH_TH_ADJUST__2                                   0         -nan%                0         -nan%
FETCH_TH_ADJUST__3                                   0         -nan%                0         -nan%
FETCH_TH_ADJUST__4                                   0         -nan%                0         -nan%
FETCH_TH_ADJUST__5                                   0         -nan%                0         -nan%
FETCH_TH_ADJUST__6                                   0         -nan%                0         -nan%
FETCH_TH_ADJUST__7                                   0         -nan%                0         -nan%
FETCH_TH_ADJUST__8                                   0         -nan%                0         -nan%
FETCH_TH_ADJUST__9                                   0         -nan%                0         -nan%
FETCH_TH_ADJUST__MAX                                 0         -nan%                0         -nan%
                                                     0         -nan%                0         -nan%
                                                  -nan         -nan              -nan         -nan

FETCH_TH_ADJUST_UP                                   0         -nan%                0         -nan%
FETCH_TH_ADJUST_DOWN                                 0         -nan%                0         -nan%
FETCH_TH_ADJUST_SAME                                 0         -nan%                0         -nan%
                                                     0         -nan%                0         -nan%
                                                  -nan         -nan              -nan         -nan

THROTTLE_ADJUST_CACHE_MISS_INFO                      0                              0              

LOW_CONF_COUNT_BP_MIS_0                              0         -nan%                0         -nan%
LOW_CONF_COUNT_BP_MIS_1                              0         -nan%                0         -nan%
LOW_CONF_COUNT_BP_MIS_2                              0         -nan%                0         -nan%
LOW_CONF_COUNT_BP_MIS_3                              0         -nan%                0         -nan%
LOW_CONF_COUNT_BP_MIS_4                              0         -nan%                0         -nan%
LOW_CONF_COUNT_BP_MIS_5                              0         -nan%                0         -nan%
LOW_CONF_COUNT_BP_MIS_6                              0         -nan%                0         -nan%
LOW_CONF_COUNT_BP_MIS_7                              0         -nan%                0         -nan%
LOW_CONF_COUNT_BP_MIS_8                              0         -nan%                0         -nan%
LOW_CONF_COUNT_BP_MIS_9                              0         -nan%                0         -nan%
LOW_CONF_COUNT_BP_MIS_10                             0         -nan%                0         -nan%
LOW_CONF_COUNT_BP_MIS_11                             0         -nan%                0         -nan%
LOW_CONF_COUNT_BP_MIS_12                             0         -nan%                0         -nan%
LOW_CONF_COUNT_BP_MIS_13                             0         -nan%                0         -nan%
LOW_CONF_COUNT_BP_MIS_14                             0         -nan%                0         -nan%
LOW_CONF_COUNT_BP_MIS_15                             0         -nan%                0         -nan%
LOW_CONF_COUNT_BP_MIS_16                             0         -nan%                0         -nan%
LOW_CONF_COUNT_BP_MIS_17                             0         -nan%                0         -nan%
LOW_CONF_COUNT_BP_MIS_18                             0         -nan%                0         -nan%
LOW_CONF_COUNT_BP_MIS_19                             0         -nan%                0         -nan%
LOW_CONF_COUNT_BP_MIS_20                             0         -nan%                0         -nan%
                                                     0         -nan%                0         -nan%
                                                  -nan         -nan              -nan         -nan

LOW_CONF_COUNT_RET_0                                 0         -nan%                0         -nan%
LOW_CONF_COUNT_RET_1                                 0         -nan%                0         -nan%
LOW_CONF_COUNT_RET_2                                 0         -nan%                0         -nan%
LOW_CONF_COUNT_RET_3                                 0         -nan%                0         -nan%
LOW_CONF_COUNT_RET_4                                 0         -nan%                0         -nan%
LOW_CONF_COUNT_RET_5                                 0         -nan%                0         -nan%
LOW_CONF_COUNT_RET_6                                 0         -nan%                0         -nan%
LOW_CONF_COUNT_RET_7                                 0         -nan%                0         -nan%
LOW_CONF_COUNT_RET_8                                 0         -nan%                0         -nan%
LOW_CONF_COUNT_RET_9                                 0         -nan%                0         -nan%
LOW_CONF_COUNT_RET_10                                0         -nan%                0         -nan%
LOW_CONF_COUNT_RET_11                                0         -nan%                0         -nan%
LOW_CONF_COUNT_RET_12                                0         -nan%                0         -nan%
LOW_CONF_COUNT_RET_13                                0         -nan%                0         -nan%
LOW_CONF_COUNT_RET_14                                0         -nan%                0         -nan%
LOW_CONF_COUNT_RET_15                                0         -nan%                0         -nan%
LOW_CONF_COUNT_RET_16                                0         -nan%                0         -nan%
LOW_CONF_COUNT_RET_17                                0         -nan%                0         -nan%
LOW_CONF_COUNT_RET_18                                0         -nan%                0         -nan%
LOW_CONF_COUNT_RET_19                                0         -nan%                0         -nan%
LOW_CONF_COUNT_RET_20                                0         -nan%                0         -nan%
                                                     0         -nan%                0         -nan%
                                                  -nan         -nan              -nan         -nan

CYCLES_RESTEER_MISPRED                               0         -nan%                0         -nan%
CYCLES_RESTEER_MISFETCH                              0         -nan%                0         -nan%
CYCLES_RESTEER_BTB_MISS                              0         -nan%                0         -nan%
                                                     0         -nan%                0         -nan%
                                                  -nan         -nan              -nan         -nan

CYCLES_RESTEER_MISPRED_SAVED_UC_FETCH                0         -nan%                0         -nan%
CYCLES_RESTEER_MISPRED_COULD_BE_SAVED_UC_FETCH             0         -nan%                0         -nan%
CYCLES_RESTEER_MISFETCH_SAVED_UC_FETCH               0         -nan%                0         -nan%
CYCLES_RESTEER_MISFETCH_COULD_BE_SAVED_UC_FETCH             0         -nan%                0         -nan%
CYCLES_RESTEER_BTB_MISS_SAVED_UC_FETCH               0         -nan%                0         -nan%
CYCLES_RESTEER_BTB_MISS_COULD_BE_SAVED_UC_FETCH             0         -nan%                0         -nan%
                                                     0         -nan%                0         -nan%
                                                  -nan         -nan              -nan         -nan

CYCLES_UOC_IC_SWITCH                                 0                              0              



