               ramulator.active_cycles_0             4293212                                      # Total active cycles for level _0
                 ramulator.busy_cycles_0             4293212                                      # (All-bank refresh only. busy cycles only include refresh time in rank level) The sum of cycles that the DRAM part is active or under refresh for level _0
            ramulator.serving_requests_0            12483394                                      # The sum of read and write requests that are served in this DRAM element per memory cycle for level _0
    ramulator.average_serving_requests_0            2.189977                                      # The average of read and write requests that are served in this DRAM element per memory cycle for level _0
             ramulator.active_cycles_0_0             4293212                                      # Total active cycles for level _0_0
               ramulator.busy_cycles_0_0             4403252                                      # (All-bank refresh only. busy cycles only include refresh time in rank level) The sum of cycles that the DRAM part is active or under refresh for level _0_0
          ramulator.serving_requests_0_0            12483394                                      # The sum of read and write requests that are served in this DRAM element per memory cycle for level _0_0
  ramulator.average_serving_requests_0_0            2.189977                                      # The average of read and write requests that are served in this DRAM element per memory cycle for level _0_0
           ramulator.active_cycles_0_0_0             1921946                                      # Total active cycles for level _0_0_0
             ramulator.busy_cycles_0_0_0             1921946                                      # (All-bank refresh only. busy cycles only include refresh time in rank level) The sum of cycles that the DRAM part is active or under refresh for level _0_0_0
        ramulator.serving_requests_0_0_0             3121595                                      # The sum of read and write requests that are served in this DRAM element per memory cycle for level _0_0_0
ramulator.average_serving_requests_0_0_0            0.547625                                      # The average of read and write requests that are served in this DRAM element per memory cycle for level _0_0_0
         ramulator.active_cycles_0_0_0_0              596144                                      # Total active cycles for level _0_0_0_0
           ramulator.busy_cycles_0_0_0_0              596144                                      # (All-bank refresh only. busy cycles only include refresh time in rank level) The sum of cycles that the DRAM part is active or under refresh for level _0_0_0_0
      ramulator.serving_requests_0_0_0_0              761088                                      # The sum of read and write requests that are served in this DRAM element per memory cycle for level _0_0_0_0
ramulator.average_serving_requests_0_0_0_0            0.133519                                      # The average of read and write requests that are served in this DRAM element per memory cycle for level _0_0_0_0
         ramulator.active_cycles_0_0_0_1              628813                                      # Total active cycles for level _0_0_0_1
           ramulator.busy_cycles_0_0_0_1              628813                                      # (All-bank refresh only. busy cycles only include refresh time in rank level) The sum of cycles that the DRAM part is active or under refresh for level _0_0_0_1
      ramulator.serving_requests_0_0_0_1              820878                                      # The sum of read and write requests that are served in this DRAM element per memory cycle for level _0_0_0_1
ramulator.average_serving_requests_0_0_0_1            0.144008                                      # The average of read and write requests that are served in this DRAM element per memory cycle for level _0_0_0_1
         ramulator.active_cycles_0_0_0_2              614017                                      # Total active cycles for level _0_0_0_2
           ramulator.busy_cycles_0_0_0_2              614017                                      # (All-bank refresh only. busy cycles only include refresh time in rank level) The sum of cycles that the DRAM part is active or under refresh for level _0_0_0_2
      ramulator.serving_requests_0_0_0_2              783444                                      # The sum of read and write requests that are served in this DRAM element per memory cycle for level _0_0_0_2
ramulator.average_serving_requests_0_0_0_2            0.137441                                      # The average of read and write requests that are served in this DRAM element per memory cycle for level _0_0_0_2
         ramulator.active_cycles_0_0_0_3              595266                                      # Total active cycles for level _0_0_0_3
           ramulator.busy_cycles_0_0_0_3              595266                                      # (All-bank refresh only. busy cycles only include refresh time in rank level) The sum of cycles that the DRAM part is active or under refresh for level _0_0_0_3
      ramulator.serving_requests_0_0_0_3              756185                                      # The sum of read and write requests that are served in this DRAM element per memory cycle for level _0_0_0_3
ramulator.average_serving_requests_0_0_0_3            0.132658                                      # The average of read and write requests that are served in this DRAM element per memory cycle for level _0_0_0_3
           ramulator.active_cycles_0_0_1             1815630                                      # Total active cycles for level _0_0_1
             ramulator.busy_cycles_0_0_1             1815630                                      # (All-bank refresh only. busy cycles only include refresh time in rank level) The sum of cycles that the DRAM part is active or under refresh for level _0_0_1
        ramulator.serving_requests_0_0_1             2930759                                      # The sum of read and write requests that are served in this DRAM element per memory cycle for level _0_0_1
ramulator.average_serving_requests_0_0_1            0.514147                                      # The average of read and write requests that are served in this DRAM element per memory cycle for level _0_0_1
         ramulator.active_cycles_0_0_1_0              489941                                      # Total active cycles for level _0_0_1_0
           ramulator.busy_cycles_0_0_1_0              489941                                      # (All-bank refresh only. busy cycles only include refresh time in rank level) The sum of cycles that the DRAM part is active or under refresh for level _0_0_1_0
      ramulator.serving_requests_0_0_1_0              629067                                      # The sum of read and write requests that are served in this DRAM element per memory cycle for level _0_0_1_0
ramulator.average_serving_requests_0_0_1_0            0.110358                                      # The average of read and write requests that are served in this DRAM element per memory cycle for level _0_0_1_0
         ramulator.active_cycles_0_0_1_1              668235                                      # Total active cycles for level _0_0_1_1
           ramulator.busy_cycles_0_0_1_1              668235                                      # (All-bank refresh only. busy cycles only include refresh time in rank level) The sum of cycles that the DRAM part is active or under refresh for level _0_0_1_1
      ramulator.serving_requests_0_0_1_1              850427                                      # The sum of read and write requests that are served in this DRAM element per memory cycle for level _0_0_1_1
ramulator.average_serving_requests_0_0_1_1            0.149191                                      # The average of read and write requests that are served in this DRAM element per memory cycle for level _0_0_1_1
         ramulator.active_cycles_0_0_1_2              604704                                      # Total active cycles for level _0_0_1_2
           ramulator.busy_cycles_0_0_1_2              604704                                      # (All-bank refresh only. busy cycles only include refresh time in rank level) The sum of cycles that the DRAM part is active or under refresh for level _0_0_1_2
      ramulator.serving_requests_0_0_1_2              793870                                      # The sum of read and write requests that are served in this DRAM element per memory cycle for level _0_0_1_2
ramulator.average_serving_requests_0_0_1_2            0.139270                                      # The average of read and write requests that are served in this DRAM element per memory cycle for level _0_0_1_2
         ramulator.active_cycles_0_0_1_3              508939                                      # Total active cycles for level _0_0_1_3
           ramulator.busy_cycles_0_0_1_3              508939                                      # (All-bank refresh only. busy cycles only include refresh time in rank level) The sum of cycles that the DRAM part is active or under refresh for level _0_0_1_3
      ramulator.serving_requests_0_0_1_3              657395                                      # The sum of read and write requests that are served in this DRAM element per memory cycle for level _0_0_1_3
ramulator.average_serving_requests_0_0_1_3            0.115328                                      # The average of read and write requests that are served in this DRAM element per memory cycle for level _0_0_1_3
           ramulator.active_cycles_0_0_2             2056272                                      # Total active cycles for level _0_0_2
             ramulator.busy_cycles_0_0_2             2056272                                      # (All-bank refresh only. busy cycles only include refresh time in rank level) The sum of cycles that the DRAM part is active or under refresh for level _0_0_2
        ramulator.serving_requests_0_0_2             3329135                                      # The sum of read and write requests that are served in this DRAM element per memory cycle for level _0_0_2
ramulator.average_serving_requests_0_0_2            0.584034                                      # The average of read and write requests that are served in this DRAM element per memory cycle for level _0_0_2
         ramulator.active_cycles_0_0_2_0              551778                                      # Total active cycles for level _0_0_2_0
           ramulator.busy_cycles_0_0_2_0              551778                                      # (All-bank refresh only. busy cycles only include refresh time in rank level) The sum of cycles that the DRAM part is active or under refresh for level _0_0_2_0
      ramulator.serving_requests_0_0_2_0              728625                                      # The sum of read and write requests that are served in this DRAM element per memory cycle for level _0_0_2_0
ramulator.average_serving_requests_0_0_2_0            0.127824                                      # The average of read and write requests that are served in this DRAM element per memory cycle for level _0_0_2_0
         ramulator.active_cycles_0_0_2_1              743654                                      # Total active cycles for level _0_0_2_1
           ramulator.busy_cycles_0_0_2_1              743654                                      # (All-bank refresh only. busy cycles only include refresh time in rank level) The sum of cycles that the DRAM part is active or under refresh for level _0_0_2_1
      ramulator.serving_requests_0_0_2_1              939716                                      # The sum of read and write requests that are served in this DRAM element per memory cycle for level _0_0_2_1
ramulator.average_serving_requests_0_0_2_1            0.164855                                      # The average of read and write requests that are served in this DRAM element per memory cycle for level _0_0_2_1
         ramulator.active_cycles_0_0_2_2              636003                                      # Total active cycles for level _0_0_2_2
           ramulator.busy_cycles_0_0_2_2              636003                                      # (All-bank refresh only. busy cycles only include refresh time in rank level) The sum of cycles that the DRAM part is active or under refresh for level _0_0_2_2
      ramulator.serving_requests_0_0_2_2              803670                                      # The sum of read and write requests that are served in this DRAM element per memory cycle for level _0_0_2_2
ramulator.average_serving_requests_0_0_2_2            0.140989                                      # The average of read and write requests that are served in this DRAM element per memory cycle for level _0_0_2_2
         ramulator.active_cycles_0_0_2_3              667467                                      # Total active cycles for level _0_0_2_3
           ramulator.busy_cycles_0_0_2_3              667467                                      # (All-bank refresh only. busy cycles only include refresh time in rank level) The sum of cycles that the DRAM part is active or under refresh for level _0_0_2_3
      ramulator.serving_requests_0_0_2_3              857124                                      # The sum of read and write requests that are served in this DRAM element per memory cycle for level _0_0_2_3
ramulator.average_serving_requests_0_0_2_3            0.150366                                      # The average of read and write requests that are served in this DRAM element per memory cycle for level _0_0_2_3
           ramulator.active_cycles_0_0_3             1899835                                      # Total active cycles for level _0_0_3
             ramulator.busy_cycles_0_0_3             1899835                                      # (All-bank refresh only. busy cycles only include refresh time in rank level) The sum of cycles that the DRAM part is active or under refresh for level _0_0_3
        ramulator.serving_requests_0_0_3             3101882                                      # The sum of read and write requests that are served in this DRAM element per memory cycle for level _0_0_3
ramulator.average_serving_requests_0_0_3            0.544167                                      # The average of read and write requests that are served in this DRAM element per memory cycle for level _0_0_3
         ramulator.active_cycles_0_0_3_0              624463                                      # Total active cycles for level _0_0_3_0
           ramulator.busy_cycles_0_0_3_0              624463                                      # (All-bank refresh only. busy cycles only include refresh time in rank level) The sum of cycles that the DRAM part is active or under refresh for level _0_0_3_0
      ramulator.serving_requests_0_0_3_0              794247                                      # The sum of read and write requests that are served in this DRAM element per memory cycle for level _0_0_3_0
ramulator.average_serving_requests_0_0_3_0            0.139336                                      # The average of read and write requests that are served in this DRAM element per memory cycle for level _0_0_3_0
         ramulator.active_cycles_0_0_3_1              572890                                      # Total active cycles for level _0_0_3_1
           ramulator.busy_cycles_0_0_3_1              572890                                      # (All-bank refresh only. busy cycles only include refresh time in rank level) The sum of cycles that the DRAM part is active or under refresh for level _0_0_3_1
      ramulator.serving_requests_0_0_3_1              754696                                      # The sum of read and write requests that are served in this DRAM element per memory cycle for level _0_0_3_1
ramulator.average_serving_requests_0_0_3_1            0.132397                                      # The average of read and write requests that are served in this DRAM element per memory cycle for level _0_0_3_1
         ramulator.active_cycles_0_0_3_2              551824                                      # Total active cycles for level _0_0_3_2
           ramulator.busy_cycles_0_0_3_2              551824                                      # (All-bank refresh only. busy cycles only include refresh time in rank level) The sum of cycles that the DRAM part is active or under refresh for level _0_0_3_2
      ramulator.serving_requests_0_0_3_2              729746                                      # The sum of read and write requests that are served in this DRAM element per memory cycle for level _0_0_3_2
ramulator.average_serving_requests_0_0_3_2            0.128020                                      # The average of read and write requests that are served in this DRAM element per memory cycle for level _0_0_3_2
         ramulator.active_cycles_0_0_3_3              660353                                      # Total active cycles for level _0_0_3_3
           ramulator.busy_cycles_0_0_3_3              660353                                      # (All-bank refresh only. busy cycles only include refresh time in rank level) The sum of cycles that the DRAM part is active or under refresh for level _0_0_3_3
      ramulator.serving_requests_0_0_3_3              823193                                      # The sum of read and write requests that are served in this DRAM element per memory cycle for level _0_0_3_3
ramulator.average_serving_requests_0_0_3_3            0.144414                                      # The average of read and write requests that are served in this DRAM element per memory cycle for level _0_0_3_3
      ramulator.read_transaction_bytes_0            17297408                                      # The total byte of read transaction per channel
     ramulator.write_transaction_bytes_0             3442048                                      # The total byte of write transaction per channel
       ramulator.row_hits_channel_0_core              231274                                      # Number of row hits per channel per core
     ramulator.row_misses_channel_0_core               11195                                      # Number of row misses per channel per core
  ramulator.row_conflicts_channel_0_core               81585                                      # Number of row conflicts per channel per core
  ramulator.read_row_hits_channel_0_core              218389                                      # Number of row hits for read requests per channel per core
                                     [0]            218389.0                                      # 
ramulator.read_row_misses_channel_0_core                7604                                      # Number of row misses for read requests per channel per core
                                     [0]              7604.0                                      # 
ramulator.read_row_conflicts_channel_0_core               44279                                      # Number of row conflicts for read requests per channel per core
                                     [0]             44279.0                                      # 
 ramulator.write_row_hits_channel_0_core               12885                                      # Number of row hits for write requests per channel per core
                                     [0]             12885.0                                      # 
ramulator.write_row_misses_channel_0_core                3591                                      # Number of row misses for write requests per channel per core
                                     [0]              3591.0                                      # 
ramulator.write_row_conflicts_channel_0_core               37306                                      # Number of row conflicts for write requests per channel per core
                                     [0]             37306.0                                      # 
      ramulator.useless_activates_0_core                  86                                      # Number of useless activations. E.g, ACT -> PRE w/o RD or WR
            ramulator.read_latency_avg_0          123.921050                                      # The average memory latency cycles (in memory time domain) per request for all read requests in this channel
            ramulator.read_latency_sum_0            33498710                                      # The memory latency cycles (in memory time domain) sum for all read requests in this channel
        ramulator.req_queue_length_avg_0           18.549743                                      # Average of read and write queue length per memory cycle per channel.
        ramulator.req_queue_length_sum_0           105738005                                      # Sum of read and write queue length per memory cycle per channel.
   ramulator.read_req_queue_length_avg_0            5.725412                                      # Read queue length average per memory cycle per channel.
   ramulator.read_req_queue_length_sum_0            32636229                                      # Read queue length sum per memory cycle per channel.
  ramulator.write_req_queue_length_avg_0           12.824331                                      # Write queue length average per memory cycle per channel.
  ramulator.write_req_queue_length_sum_0            73101776                                      # Write queue length sum per memory cycle per channel.
              ramulator.record_read_hits                 0.0                                      # record read hit count for this core when it reaches request limit or to the end
                                     [0]                 0.0                                      # 
            ramulator.record_read_misses                 0.0                                      # record_read_miss count for this core when it reaches request limit or to the end
                                     [0]                 0.0                                      # 
         ramulator.record_read_conflicts                 0.0                                      # record read conflict count for this core when it reaches request limit or to the end
                                     [0]                 0.0                                      # 
             ramulator.record_write_hits                 0.0                                      # record write hit count for this core when it reaches request limit or to the end
                                     [0]                 0.0                                      # 
           ramulator.record_write_misses                 0.0                                      # record write miss count for this core when it reaches request limit or to the end
                                     [0]                 0.0                                      # 
        ramulator.record_write_conflicts                 0.0                                      # record write conflict for this core when it reaches request limit or to the end
                                     [0]                 0.0                                      # 
                 ramulator.dram_capacity          8589934592                                      # Number of bytes in simulated DRAM
                   ramulator.dram_cycles             5700241                                      # Number of DRAM cycles simulated
             ramulator.incoming_requests              324111                                      # Number of incoming requests to DRAM
                 ramulator.read_requests              270323                                      # Number of incoming read requests to DRAM per core
                                     [0]            270323.0                                      # 
                ramulator.write_requests               53788                                      # Number of incoming write requests to DRAM per core
                                     [0]             53788.0                                      # 
       ramulator.ramulator_active_cycles             4293213                                      # The total number of cycles that the DRAM part is active (serving R/W)
 ramulator.incoming_requests_per_channel            324111.0                                      # Number of incoming requests to each DRAM channel
                                     [0]            324111.0                                      # 
ramulator.incoming_read_reqs_per_channel            270323.0                                      # Number of incoming read requests to each DRAM channel
                                     [0]            270323.0                                      # 
     ramulator.physical_page_replacement                   0                                      # The number of times that physical page replacement happens.
             ramulator.maximum_bandwidth         19200000000                                      # The theoretical maximum bandwidth (Bps)
          ramulator.in_queue_req_num_sum           105738005                                      # Sum of read/write queue length
     ramulator.in_queue_read_req_num_sum            32636229                                      # Sum of read queue length
    ramulator.in_queue_write_req_num_sum            73101776                                      # Sum of write queue length
          ramulator.in_queue_req_num_avg           18.549743                                      # Average of read/write queue length per memory cycle
     ramulator.in_queue_read_req_num_avg            5.725412                                      # Average of read queue length per memory cycle
    ramulator.in_queue_write_req_num_avg           12.824331                                      # Average of write queue length per memory cycle
          ramulator.record_read_requests                 0.0                                      # record read requests for this core when it reaches request limit or to the end
                                     [0]                 0.0                                      # 
         ramulator.record_write_requests                 0.0                                      # record write requests for this core when it reaches request limit or to the end
                                     [0]                 0.0                                      # 
