Scarab gitrev: 3067351
Scarab started at Thu Jan  2 21:30:18 2025

Bloom Table Size 44144 hashes 8
Bloom Table Size 11040 hashes 8
Bloom Table Size 11040 hashes 8
Initialized Ramulator. 
** Heartbeat:   5% -- { 1000001 } -- 0.00 KIPS (12.66 KIPS)
** Heartbeat:  10% -- { 2000003 } -- 15.38 KIPS (13.89 KIPS)
** Heartbeat:  15% -- { 3000007 } -- 15.63 KIPS (14.42 KIPS)
** Heartbeat:  20% -- { 4000008 } -- 15.87 KIPS (14.76 KIPS)
** Heartbeat:  25% -- { 5000009 } -- 15.87 KIPS (14.97 KIPS)
** Heartbeat:  30% -- { 6000013 } -- 14.71 KIPS (14.93 KIPS)
** Heartbeat:  35% -- { 7000015 } -- 16.95 KIPS (15.18 KIPS)
** Heartbeat:  40% -- { 8000016 } -- 16.13 KIPS (15.30 KIPS)
** Heartbeat:  45% -- { 9000016 } -- 16.67 KIPS (15.44 KIPS)
** Heartbeat:  50% -- { 10000017 } -- 16.67 KIPS (15.55 KIPS)
** Heartbeat:  55% -- { 11000018 } -- 16.39 KIPS (15.63 KIPS)
** Heartbeat:  60% -- { 12000018 } -- 15.38 KIPS (15.60 KIPS)
** Heartbeat:  65% -- { 13000022 } -- 15.38 KIPS (15.59 KIPS)
** Heartbeat:  70% -- { 14000027 } -- 16.39 KIPS (15.64 KIPS)
** Heartbeat:  75% -- { 15000030 } -- 16.39 KIPS (15.69 KIPS)
** Heartbeat:  80% -- { 16000032 } -- 16.39 KIPS (15.73 KIPS)
** Heartbeat:  85% -- { 17000035 } -- 17.54 KIPS (15.83 KIPS)
** Heartbeat:  90% -- { 18000039 } -- 18.18 KIPS (15.94 KIPS)
** Heartbeat:  95% -- { 19000042 } -- 18.52 KIPS (16.06 KIPS)
Warning could not fetch inst from frontend
Warning could not fetch inst from frontend
Warning could not fetch inst from frontend
Warning could not fetch inst from frontend
Warning could not fetch inst from frontend
Warning could not fetch inst from frontend
Warning could not fetch inst from frontend
Warning could not fetch inst from frontend
Warning could not fetch inst from frontend
Warning could not fetch inst from frontend
Warning could not fetch inst from frontend
Warning could not fetch inst from frontend
Warning could not fetch inst from frontend
Warning could not fetch inst from frontend
Warning could not fetch inst from frontend
Warning could not fetch inst from frontend
Warning could not fetch inst from frontend
Warning could not fetch inst from frontend
Warning could not fetch inst from frontend
Warning could not fetch inst from frontend
Warning could not fetch inst from frontend
Warning could not fetch inst from frontend
Warning could not fetch inst from frontend
Warning could not fetch inst from frontend
Warning could not fetch inst from frontend
Warning could not fetch inst from frontend
Warning could not fetch inst from frontend
Warning could not fetch inst from frontend
Warning could not fetch inst from frontend
Warning could not fetch inst from frontend
Warning could not fetch inst from frontend
Warning could not fetch inst from frontend
Warning could not fetch inst from frontend
Warning could not fetch inst from frontend
Warning could not fetch inst from frontend
Warning could not fetch inst from frontend
Warning could not fetch inst from frontend
Warning could not fetch inst from frontend
Warning could not fetch inst from frontend
Warning could not fetch inst from frontend
Warning could not fetch inst from frontend
Warning could not fetch inst from frontend
Warning could not fetch inst from frontend
Warning could not fetch inst from frontend
Warning could not fetch inst from frontend
Warning could not fetch inst from frontend
Warning could not fetch inst from frontend
Warning could not fetch inst from frontend
Warning could not fetch inst from frontend
Warning could not fetch inst from frontend
Warning could not fetch inst from frontend
Warning could not fetch inst from frontend
Warning could not fetch inst from frontend
Warning could not fetch inst from frontend
Warning could not fetch inst from frontend
Warning could not fetch inst from frontend
Warning could not fetch inst from frontend
Warning could not fetch inst from frontend
Warning could not fetch inst from frontend
Warning could not fetch inst from frontend
Warning could not fetch inst from frontend
Warning could not fetch inst from frontend
Warning could not fetch inst from frontend
Warning could not fetch inst from frontend
Warning could not fetch inst from frontend
Warning could not fetch inst from frontend
Warning could not fetch inst from frontend
Warning could not fetch inst from frontend
Warning could not fetch inst from frontend
Warning could not fetch inst from frontend
Warning could not fetch inst from frontend
Warning could not fetch inst from frontend
Warning could not fetch inst from frontend
Warning could not fetch inst from frontend
Warning could not fetch inst from frontend
Warning could not fetch inst from frontend
Warning could not fetch inst from frontend
Warning could not fetch inst from frontend
Warning could not fetch inst from frontend
Warning could not fetch inst from frontend
Warning could not fetch inst from frontend
Warning could not fetch inst from frontend
Warning could not fetch inst from frontend
Warning could not fetch inst from frontend
Warning could not fetch inst from frontend
Warning could not fetch inst from frontend
Warning could not fetch inst from frontend
Warning could not fetch inst from frontend
Warning could not fetch inst from frontend
Warning could not fetch inst from frontend
Warning could not fetch inst from frontend
Warning could not fetch inst from frontend
Warning could not fetch inst from frontend
Warning could not fetch inst from frontend
Warning could not fetch inst from frontend
Warning could not fetch inst from frontend
Warning could not fetch inst from frontend
Warning could not fetch inst from frontend
Warning could not fetch inst from frontend
Warning could not fetch inst from frontend
Warning could not fetch inst from frontend
Warning could not fetch inst from frontend
Warning could not fetch inst from frontend
Warning could not fetch inst from frontend
Warning could not fetch inst from frontend
Warning could not fetch inst from frontend
Warning could not fetch inst from frontend
Warning could not fetch inst from frontend
Warning could not fetch inst from frontend
Warning could not fetch inst from frontend
Warning could not fetch inst from frontend
Warning could not fetch inst from frontend
Warning could not fetch inst from frontend
Warning could not fetch inst from frontend
Warning could not fetch inst from frontend
Warning could not fetch inst from frontend
Warning could not fetch inst from frontend
Warning could not fetch inst from frontend
Warning could not fetch inst from frontend
Warning could not fetch inst from frontend
Warning could not fetch inst from frontend
Warning could not fetch inst from frontend
Warning could not fetch inst from frontend
Warning could not fetch inst from frontend
Warning could not fetch inst from frontend
Warning could not fetch inst from frontend
Warning could not fetch inst from frontend
Warning could not fetch inst from frontend
Warning could not fetch inst from frontend
Warning could not fetch inst from frontend
Warning could not fetch inst from frontend
Warning could not fetch inst from frontend
Warning could not fetch inst from frontend
Warning could not fetch inst from frontend
Warning could not fetch inst from frontend
Warning could not fetch inst from frontend
Warning could not fetch inst from frontend
Warning could not fetch inst from frontend
Warning could not fetch inst from frontend
Warning could not fetch inst from frontend
Warning could not fetch inst from frontend
Warning could not fetch inst from frontend
** Core 0 Finished:    insts:20000000    cycles:8563486     time:2676089375000       -- 2.34 IPC (2.34 IPC) --  N/A  KIPS (16.30 KIPS)
Scarab finished at Thu Jan  2 21:50:45 2025

