/* -*- Mode: c -*- */
####################################################################################################
Core 0
####################################################################################################
Cumulative:        Cycles: 15930731              Instructions: 20000000              IPC: 1.25544

Periodic:          Cycles: 7338474               Instructions: 9999998               IPC: 1.36268

ST_OP_INV                                            0        0.000%                0        0.000%
ST_OP_NOP                                        38281        0.283%           318340        1.125%
ST_OP_CF                                       2515903       18.625%          5170920       18.269%
ST_OP_MOV                                      1596298       11.818%          3378430       11.936%
ST_OP_CMOV                                      111561        0.826%           232758        0.822%
ST_OP_LDA                                       368941        2.731%           809976        2.862%
ST_OP_IMEM                                     3506930       25.962%          7208107       25.467%
ST_OP_IADD                                     1703456       12.611%          3554750       12.559%
ST_OP_IMUL                                        4607        0.034%             9544        0.034%
ST_OP_IDIV                                           0        0.000%                0        0.000%
ST_OP_ICMP                                     1618367       11.981%          3329065       11.762%
ST_OP_LOGIC                                    1085664        8.037%          2206795        7.797%
ST_OP_SHIFT                                     757597        5.609%          1617985        5.716%
ST_OP_FMEM                                      199155        1.474%           464698        1.642%
ST_OP_FCVT                                           0        0.000%                0        0.000%
ST_OP_FADD                                           0        0.000%                0        0.000%
ST_OP_FMUL                                           0        0.000%                0        0.000%
ST_OP_FMA                                            0        0.000%                0        0.000%
ST_OP_FDIV                                           0        0.000%                0        0.000%
ST_OP_FCMP                                           0        0.000%                0        0.000%
ST_OP_FCMOV                                          0        0.000%                0        0.000%
ST_OP_GATHER                                         0        0.000%                0        0.000%
ST_OP_SCATTER                                        0        0.000%                0        0.000%
ST_OP_PIPELINED_FAST                               681        0.005%             1468        0.005%
ST_OP_PIPELINED_MEDIUM                               0        0.000%                0        0.000%
ST_OP_PIPELINED_SLOW                                 0        0.000%                0        0.000%
ST_OP_NOTPIPELINED_MEDIUM                          447        0.003%              973        0.003%
ST_OP_NOTPIPELINED_SLOW                              0        0.000%                0        0.000%
ST_OP_NOTPIPELINED_VERY_SLOW                         0        0.000%                0        0.000%
                                              13507888      100.000%         28303809      100.000%
                                                  6.29         3.30              6.26         3.34

ST_NOT_CF                                     10991985       81.375%         23132889       81.731%
ST_CF_BR                                        125237        0.927%           275988        0.975%
ST_CF_CBR                                      2146529       15.891%          4386651       15.498%
ST_CF_CALL                                      104034        0.770%           215937        0.763%
ST_CF_IBR                                         8507        0.063%            18211        0.064%
ST_CF_ICALL                                      13357        0.099%            27955        0.099%
ST_CF_ICO                                            0        0.000%                0        0.000%
ST_CF_RET                                       118239        0.875%           246178        0.870%
ST_CF_SYS                                            0        0.000%                0        0.000%
                                              13507888      100.000%         28303809      100.000%
                                                  0.42         0.93              0.41         0.92

ST_BAR_NONE                                   13507888      100.000%         28303809      100.000%
ST_BAR_FETCH                                         0        0.000%                0        0.000%
ST_BAR_ISSUE                                         0        0.000%                0        0.000%
ST_BAR_BOTH                                          0        0.000%                0        0.000%
                                              13507888      100.000%         28303809      100.000%
                                                  0.00         0.00              0.00         0.00

ST_NOT_MEM                                     9801803       72.564%         20631004       72.891%
ST_MEM_LD                                      2895699       21.437%          5935659       20.971%
ST_MEM_ST                                       810386        5.999%          1737146        6.137%
ST_MEM_PF                                            0        0.000%                0        0.000%
ST_MEM_WH                                            0        0.000%                0        0.000%
ST_MEM_EVICT                                         0        0.000%                0        0.000%
                                              13507888      100.000%         28303809      100.000%
                                                  0.33         0.51              0.33         0.51

ST_NOT_MEM_OFFPATH                             2774528       74.506%          7791861       75.517%
ST_MEM_LD_OFFPATH                               693043       18.611%          1842825       17.860%
ST_MEM_ST_OFFPATH                               256317        6.883%           683280        6.622%
ST_MEM_PF_OFFPATH                                    0        0.000%                0        0.000%
ST_MEM_WH_OFFPATH                                    0        0.000%                0        0.000%
ST_MEM_EVIC_OFFPATHT                                 0        0.000%                0        0.000%
                                               3723888      100.000%         10317966      100.000%
                                                  0.32         0.53              0.31         0.52

ST_OP_ONPATH                                  13507888                       28303809              

ST_OP_OFFPATH                                  3723888                       10317966              

ST_FAKE_OP_OFFPATH                                1644        0.044%           224994        2.181%
ST_NOT_FAKE_OP_OFFPATH                         3722244       99.956%         10092972       97.819%
                                               3723888      100.000%         10317966      100.000%
                                                  1.00         1.00              0.98         0.97

ST_FAKE_REASON_NOT_FAKE                        3722244       99.956%         10092972       97.819%
ST_FAKE_REASON_REDIRECT_TO_NOT_INSTRUMENTED          1644        0.044%           224994        2.181%
ST_FAKE_REASON_RETURN_TO_NOT_INSTRUMENTED             0        0.000%                0        0.000%
ST_FAKE_REASON_NONRET_CF_TO_NOT_INSTRUMENTED             0        0.000%                0        0.000%
ST_FAKE_REASON_NOT_TAKEN_TO_NOT_INSTRUMENTED             0        0.000%                0        0.000%
ST_FAKE_REASON_WRONG_PATH_STORE_TO_NEW_REGION             0        0.000%                0        0.000%
                                               3723888      100.000%         10317966      100.000%
                                                  0.00         0.02              0.02         0.14

ST_INST_ONPATH                                11534344                       24250451              

ST_INST_OFFPATH                                3245812                        9085846              

STATIC_PIN_NOP                                       0                              0              

DYNAMIC_PIN_REP_GREATER_256                          0                              0              

INST_MAP_UPDATE_JITTED                          305604       17.202%           621829       17.396%
INST_MAP_UPDATE_NPC_INV                              0        0.000%                0        0.000%
INST_MAP_UPDATE_NPC_NOP                              0        0.000%                0        0.000%
INST_MAP_UPDATE_NPC_CF                               0        0.000%                0        0.000%
INST_MAP_UPDATE_NPC_MOV                              0        0.000%                0        0.000%
INST_MAP_UPDATE_NPC_CMOV                             0        0.000%                0        0.000%
INST_MAP_UPDATE_NPC_LDA                              0        0.000%                0        0.000%
INST_MAP_UPDATE_NPC_IMEM                             0        0.000%                0        0.000%
INST_MAP_UPDATE_NPC_IADD                          4714        0.265%             9867        0.276%
INST_MAP_UPDATE_NPC_IMUL                             0        0.000%                0        0.000%
INST_MAP_UPDATE_NPC_IDIV                             0        0.000%                0        0.000%
INST_MAP_UPDATE_NPC_ICMP                             0        0.000%                0        0.000%
INST_MAP_UPDATE_NPC_LOGIC                            0        0.000%                0        0.000%
INST_MAP_UPDATE_NPC_SHIFT                            0        0.000%                0        0.000%
INST_MAP_UPDATE_NPC_FMEM                             0        0.000%                0        0.000%
INST_MAP_UPDATE_NPC_FCVT                             0        0.000%                0        0.000%
INST_MAP_UPDATE_NPC_FADD                             0        0.000%                0        0.000%
INST_MAP_UPDATE_NPC_FMUL                             0        0.000%                0        0.000%
INST_MAP_UPDATE_NPC_FMA                              0        0.000%                0        0.000%
INST_MAP_UPDATE_NPC_FDIV                             0        0.000%                0        0.000%
INST_MAP_UPDATE_NPC_FCMP                             0        0.000%                0        0.000%
INST_MAP_UPDATE_NPC_FCMOV                            0        0.000%                0        0.000%
INST_MAP_UPDATE_NPC_GATHER                           0        0.000%                0        0.000%
INST_MAP_UPDATE_NPC_SCATTER                          0        0.000%                0        0.000%
INST_MAP_UPDATE_NPC_PIPELINED_FAST                   0        0.000%                0        0.000%
INST_MAP_UPDATE_NPC_PIPELINED_MEDIUM                 0        0.000%                0        0.000%
INST_MAP_UPDATE_NPC_PIPELINED_SLOW                   0        0.000%                0        0.000%
INST_MAP_UPDATE_NPC_NOTPIPELINED_MEDIUM              0        0.000%                0        0.000%
INST_MAP_UPDATE_NPC_NOTPIPELINED_SLOW                0        0.000%                0        0.000%
INST_MAP_UPDATE_NPC_NOTPIPELINED_VERY_SLOW             0        0.000%                0        0.000%
INST_MAP_UPDATE_MEM_INV                              0        0.000%                0        0.000%
INST_MAP_UPDATE_MEM_NOP                              0        0.000%                0        0.000%
INST_MAP_UPDATE_MEM_CF                               0        0.000%                0        0.000%
INST_MAP_UPDATE_MEM_MOV                         895214       50.391%          1777971       49.739%
INST_MAP_UPDATE_MEM_CMOV                           292        0.016%              566        0.016%
INST_MAP_UPDATE_MEM_LDA                              0        0.000%                0        0.000%
INST_MAP_UPDATE_MEM_IMEM                             0        0.000%                0        0.000%
INST_MAP_UPDATE_MEM_IADD                        128554        7.236%           257118        7.193%
INST_MAP_UPDATE_MEM_IMUL                           323        0.018%              639        0.018%
INST_MAP_UPDATE_MEM_IDIV                             0        0.000%                0        0.000%
INST_MAP_UPDATE_MEM_ICMP                        335022       18.858%           669974       18.742%
INST_MAP_UPDATE_MEM_LOGIC                         3031        0.171%             5987        0.167%
INST_MAP_UPDATE_MEM_SHIFT                            0        0.000%                0        0.000%
INST_MAP_UPDATE_MEM_FMEM                             0        0.000%                0        0.000%
INST_MAP_UPDATE_MEM_FCVT                             0        0.000%                0        0.000%
INST_MAP_UPDATE_MEM_FADD                             0        0.000%                0        0.000%
INST_MAP_UPDATE_MEM_FMUL                             0        0.000%                0        0.000%
INST_MAP_UPDATE_MEM_FMA                              0        0.000%                0        0.000%
INST_MAP_UPDATE_MEM_FDIV                             0        0.000%                0        0.000%
INST_MAP_UPDATE_MEM_FCMP                             0        0.000%                0        0.000%
INST_MAP_UPDATE_MEM_FCMOV                            0        0.000%                0        0.000%
INST_MAP_UPDATE_MEM_GATHER                           0        0.000%                0        0.000%
INST_MAP_UPDATE_MEM_SCATTER                          0        0.000%                0        0.000%
INST_MAP_UPDATE_MEM_PIPELINED_FAST              103787        5.842%           230677        6.453%
INST_MAP_UPDATE_MEM_PIPELINED_MEDIUM                 0        0.000%                0        0.000%
INST_MAP_UPDATE_MEM_PIPELINED_SLOW                   0        0.000%                0        0.000%
INST_MAP_UPDATE_MEM_NOTPIPELINED_MEDIUM              0        0.000%                0        0.000%
INST_MAP_UPDATE_MEM_NOTPIPELINED_SLOW                0        0.000%                0        0.000%
INST_MAP_UPDATE_MEM_NOTPIPELINED_VERY_SLOW             0        0.000%                0        0.000%
                                               1776541      100.000%          3574628      100.000%
                                                 30.05         7.67             30.10         7.84



