/* -*- Mode: c -*- */
####################################################################################################
Core 0
####################################################################################################
Cumulative:        Cycles: 15210033              Instructions: 20020740              IPC: 1.31629

Periodic:          Cycles: 3874269               Instructions: 9999998               IPC: 2.58113

DCACHE_PREF_HIT                                      0                              0              

IFETCH_WB_FIRST_SCHEDULE                             0         -nan%                0         -nan%
PREFETCH_LAST_SCHEDULE                               0         -nan%                0         -nan%
DEMAND_PASS_PREF_SCHEDULE                            0         -nan%                0         -nan%
DEMAND_PASS_LOW_OP_SCHEDULE                          0         -nan%                0         -nan%
DEMAND_LAST_SCHEDULE                                 0         -nan%                0         -nan%
                                                     0         -nan%                0         -nan%
                                                  -nan         -nan              -nan         -nan

SEND_MISS_REQ_QUEUE                              56250                         269672              

L1_DATA_EVICT                                    56307                         236985              

STREAM_BUFFER_REQ                                    0                              0              

PREF_SEND_TO_MEM_REQ                                 0         -nan%                0         -nan%
PREF_SEND_TO_MEM_REQ_FAIL                            0         -nan%                0         -nan%
                                                     0         -nan%                0         -nan%
                                                  -nan         -nan              -nan         -nan

HIT_TRAIN_STREAM                                 23874       71.853%            87514       49.958%
MISS_TRAIN_STREAM                                 9352       28.147%            87662       50.042%
                                                 33226      100.000%           175176      100.000%
                                                  0.28         0.41              0.50         0.50

STREAM_TRAIN_CREATE                               3427                          42353              

MEM_REQ_MISS_HWP_PREF_Q                              0         -nan%                0         -nan%
MEM_REQ_MISS_SW_PREF_Q                               0         -nan%                0         -nan%
MEM_REQ_MISS_IFETCH_Q                                0         -nan%                0         -nan%
MEM_REQ_MISS_DFETCH_Q                                0         -nan%                0         -nan%
MEM_REQ_MISS_DSTORE_Q                                0         -nan%                0         -nan%
MEM_REQ_MISS_DPRF_Q                                  0         -nan%                0         -nan%
MEM_REQ_MISS_WB_Q                                    0         -nan%                0         -nan%
                                                     0         -nan%                0         -nan%
                                                  -nan         -nan              -nan         -nan

PREF_HIT_BY_DEMAND_IFETCH                            0         -nan%                0         -nan%
PREF_HIT_BY_DEMAND_DFETCH                            0         -nan%                0         -nan%
PREF_HIT_BY_DEMAND_DSTORE                            0         -nan%                0         -nan%
PREF_HIT_BY_DEMAND_IPREF                             0         -nan%                0         -nan%
PREF_HIT_BY_DEMAND_DPRF                              0         -nan%                0         -nan%
PREF_HIT_BY_DEMAND_WB                                0         -nan%                0         -nan%
PREF_HIT_BY_PREF                                     0         -nan%                0         -nan%
                                                     0         -nan%                0         -nan%
                                                  -nan         -nan              -nan         -nan

PREF_HIT_DEMAND_IFETCH                               0         -nan%                0         -nan%
PREF_HIT_DEMAND_DFETCH                               0         -nan%                0         -nan%
PREF_HIT_DEMAND_DSTORE                               0         -nan%                0         -nan%
PREF_HIT_DEMAND_IPREF                                0         -nan%                0         -nan%
PREF_HIT_DEMAND_DPRF                                 0         -nan%                0         -nan%
PREF_HIT_DEMAND_WB                                   0         -nan%                0         -nan%
                                                     0         -nan%                0         -nan%
                                                  -nan         -nan              -nan         -nan

PREF_L1_FILL                                         0         -nan%                0         -nan%
DEMAND_L1_FILL                                       0         -nan%                0         -nan%
                                                     0         -nan%                0         -nan%
                                                  -nan         -nan              -nan         -nan

TOUCH_L1_REPLACE                                     0        0.000%                0        0.000%
NO_TOUCH_L1_REPLACE                              56307      100.000%           236985      100.000%
                                                 56307      100.000%           236985      100.000%
                                                  1.00         1.00              1.00         1.00

PREF_REQ_QUE_FULL                                    0                              0              

STREAM_REQ_QUEUE_HIT_BY_DEMAND                       0                              0              

L2HIT_STREAM_PREF_REQ_QUE_FULL                       0                              0              

L2HIT_HIT_TRAIN_STREAM                               0         -nan%                0         -nan%
L2HIT_MISS_TRAIN_STREAM                              0         -nan%                0         -nan%
                                                     0         -nan%                0         -nan%
                                                  -nan         -nan              -nan         -nan

L2HIT_STREAM_TRAIN_CREATE                            0                              0              

L2HIT_STREAM_BUFFER_REQ                              0                              0              

L2HIT_STREAM_PREF_DCACHE_HIT                         0         -nan%                0         -nan%
L2HIT_STREAM_PREF_DCACHE_INSERT                      0         -nan%                0         -nan%
L2HIT_STREAM_L2_MISS                                 0         -nan%                0         -nan%
                                                     0         -nan%                0         -nan%
                                                  -nan         -nan              -nan         -nan

L2HIT_STREAM_DCACHE_PORT_FULL                        0                              0              

L2HIT_STREAM_PREF_L1_PORT_FULL                       0                              0              

L2HIT_TRAIN_HIT_DEMAND                               0         -nan%                0         -nan%
L2HIT_TRAIN_MISS_REQ                                 0         -nan%                0         -nan%
                                                     0         -nan%                0         -nan%
                                                  -nan         -nan              -nan         -nan

L2HIT_TRAIN_FILTER_MISS                              0         -nan%                0         -nan%
L2HIT_TRAIN_FILTER_HIT                               0         -nan%                0         -nan%
                                                     0         -nan%                0         -nan%
                                                  -nan         -nan              -nan         -nan

L2HIT_PREF_REQ_DCACHE_HIT                            0         -nan%                0         -nan%
L2HIT_PREF_REQ_DCACHE_MISS                           0         -nan%                0         -nan%
                                                     0         -nan%                0         -nan%
                                                  -nan         -nan              -nan         -nan

L2HIT_L2SEND_Q_FULL                                  0         -nan%                0         -nan%
L2HIT_L2SEND_Q_ENTER                                 0         -nan%                0         -nan%
                                                     0         -nan%                0         -nan%
                                                  -nan         -nan              -nan         -nan

L2HIT_MEM_REQ                                        0                              0              

REMOVE_REDUNDANT_STREAM_STAT                         0                              0              

REPLACE_OLD_STREAM                                3427                          42337              

REQ_SEND_QUEUE_STALL                                 0                              0              

STREAM_ENTER_RA                                      0                              0              

CORE_STREAM_LENGTH_0                                90        7.679%              490       10.172%
CORE_STREAM_LENGTH_10                              282       24.061%             1421       29.500%
CORE_STREAM_LENGTH_20                              178       15.188%              729       15.134%
CORE_STREAM_LENGTH_30                              119       10.154%              325        6.747%
CORE_STREAM_LENGTH_40                               55        4.693%              192        3.986%
CORE_STREAM_LENGTH_50                               42        3.584%              155        3.218%
CORE_STREAM_LENGTH_60                               38        3.242%              124        2.574%
CORE_STREAM_LENGTH_70                               46        3.925%               98        2.034%
CORE_STREAM_LENGTH_80                               38        3.242%              101        2.097%
CORE_STREAM_LENGTH_90                               54        4.608%              128        2.657%
CORE_STREAM_LENGTH_100_P                           230       19.625%             1054       21.881%
                                                  1172      100.000%             4817      100.000%
                                                  4.32         3.94              4.01         4.00

CORE_CUM_STREAM_LENGTH_0                           719        0.940%             3607        1.221%
CORE_CUM_STREAM_LENGTH_10                         4065        5.314%            19996        6.770%
CORE_CUM_STREAM_LENGTH_20                         4285        5.602%            16951        5.739%
CORE_CUM_STREAM_LENGTH_30                         4045        5.288%            11056        3.743%
CORE_CUM_STREAM_LENGTH_40                         2410        3.151%             8450        2.861%
CORE_CUM_STREAM_LENGTH_50                         2231        2.917%             8294        2.808%
CORE_CUM_STREAM_LENGTH_60                         2450        3.203%             8013        2.713%
CORE_CUM_STREAM_LENGTH_70                         3449        4.509%             7337        2.484%
CORE_CUM_STREAM_LENGTH_80                         3220        4.209%             8548        2.894%
CORE_CUM_STREAM_LENGTH_90                         5144        6.725%            12183        4.125%
CORE_CUM_STREAM_LENGTH_100_P                     44477       58.144%           190911       64.640%
                                                 76495      100.000%           295346      100.000%
                                                  7.86         6.72              7.95         7.12

CORE_STREAM_TRAIN_HITS_0                           568       48.464%             2656       55.138%
CORE_STREAM_TRAIN_HITS_10                          237       20.222%              754       15.653%
CORE_STREAM_TRAIN_HITS_20                          155       13.225%              406        8.428%
CORE_STREAM_TRAIN_HITS_30                           69        5.887%              267        5.543%
CORE_STREAM_TRAIN_HITS_40                           42        3.584%              183        3.799%
CORE_STREAM_TRAIN_HITS_50                           29        2.474%              120        2.491%
CORE_STREAM_TRAIN_HITS_60                           26        2.218%              130        2.699%
CORE_STREAM_TRAIN_HITS_70                           12        1.024%               82        1.702%
CORE_STREAM_TRAIN_HITS_80                            7        0.597%               60        1.246%
CORE_STREAM_TRAIN_HITS_90                            8        0.683%               37        0.768%
CORE_STREAM_TRAIN_HITS_100_P                        19        1.621%              122        2.533%
                                                  1172      100.000%             4817      100.000%
                                                  1.39         1.87              1.47         2.16

CORE_CUM_STREAM_TRAIN_HITS_0                      3697       12.771%            16152       15.126%
CORE_CUM_STREAM_TRAIN_HITS_10                     3147       10.871%            10036        9.399%
CORE_CUM_STREAM_TRAIN_HITS_20                     3733       12.896%             9905        9.276%
CORE_CUM_STREAM_TRAIN_HITS_30                     2359        8.149%             9108        8.530%
CORE_CUM_STREAM_TRAIN_HITS_40                     1838        6.349%             8060        7.548%
CORE_CUM_STREAM_TRAIN_HITS_50                     1578        5.451%             6529        6.114%
CORE_CUM_STREAM_TRAIN_HITS_60                     1669        5.766%             8328        7.799%
CORE_CUM_STREAM_TRAIN_HITS_70                      872        3.012%             6068        5.683%
CORE_CUM_STREAM_TRAIN_HITS_80                      592        2.045%             5056        4.735%
CORE_CUM_STREAM_TRAIN_HITS_90                      756        2.612%             3461        3.241%
CORE_CUM_STREAM_TRAIN_HITS_100_P                  8707       30.078%            24079       22.550%
                                                 28948      100.000%           106782      100.000%
                                                  5.10         4.39              4.93         3.90

CORE_STREAM_TRAIN_CREATE                          3427                          42353              



