               ramulator.active_cycles_0             5308380                                      # Total active cycles for level _0
                 ramulator.busy_cycles_0             5308380                                      # (All-bank refresh only. busy cycles only include refresh time in rank level) The sum of cycles that the DRAM part is active or under refresh for level _0
            ramulator.serving_requests_0            10646049                                      # The sum of read and write requests that are served in this DRAM element per memory cycle for level _0
    ramulator.average_serving_requests_0            1.293685                                      # The average of read and write requests that are served in this DRAM element per memory cycle for level _0
             ramulator.active_cycles_0_0             5308380                                      # Total active cycles for level _0_0
               ramulator.busy_cycles_0_0             5490660                                      # (All-bank refresh only. busy cycles only include refresh time in rank level) The sum of cycles that the DRAM part is active or under refresh for level _0_0
          ramulator.serving_requests_0_0            10646049                                      # The sum of read and write requests that are served in this DRAM element per memory cycle for level _0_0
  ramulator.average_serving_requests_0_0            1.293685                                      # The average of read and write requests that are served in this DRAM element per memory cycle for level _0_0
           ramulator.active_cycles_0_0_0             2183513                                      # Total active cycles for level _0_0_0
             ramulator.busy_cycles_0_0_0             2183513                                      # (All-bank refresh only. busy cycles only include refresh time in rank level) The sum of cycles that the DRAM part is active or under refresh for level _0_0_0
        ramulator.serving_requests_0_0_0             2667235                                      # The sum of read and write requests that are served in this DRAM element per memory cycle for level _0_0_0
ramulator.average_serving_requests_0_0_0            0.324117                                      # The average of read and write requests that are served in this DRAM element per memory cycle for level _0_0_0
         ramulator.active_cycles_0_0_0_0              451281                                      # Total active cycles for level _0_0_0_0
           ramulator.busy_cycles_0_0_0_0              451281                                      # (All-bank refresh only. busy cycles only include refresh time in rank level) The sum of cycles that the DRAM part is active or under refresh for level _0_0_0_0
      ramulator.serving_requests_0_0_0_0              504939                                      # The sum of read and write requests that are served in this DRAM element per memory cycle for level _0_0_0_0
ramulator.average_serving_requests_0_0_0_0            0.061359                                      # The average of read and write requests that are served in this DRAM element per memory cycle for level _0_0_0_0
         ramulator.active_cycles_0_0_0_1              571051                                      # Total active cycles for level _0_0_0_1
           ramulator.busy_cycles_0_0_0_1              571051                                      # (All-bank refresh only. busy cycles only include refresh time in rank level) The sum of cycles that the DRAM part is active or under refresh for level _0_0_0_1
      ramulator.serving_requests_0_0_0_1              627041                                      # The sum of read and write requests that are served in this DRAM element per memory cycle for level _0_0_0_1
ramulator.average_serving_requests_0_0_0_1            0.076197                                      # The average of read and write requests that are served in this DRAM element per memory cycle for level _0_0_0_1
         ramulator.active_cycles_0_0_0_2              554999                                      # Total active cycles for level _0_0_0_2
           ramulator.busy_cycles_0_0_0_2              554999                                      # (All-bank refresh only. busy cycles only include refresh time in rank level) The sum of cycles that the DRAM part is active or under refresh for level _0_0_0_2
      ramulator.serving_requests_0_0_0_2              615502                                      # The sum of read and write requests that are served in this DRAM element per memory cycle for level _0_0_0_2
ramulator.average_serving_requests_0_0_0_2            0.074794                                      # The average of read and write requests that are served in this DRAM element per memory cycle for level _0_0_0_2
         ramulator.active_cycles_0_0_0_3              863382                                      # Total active cycles for level _0_0_0_3
           ramulator.busy_cycles_0_0_0_3              863382                                      # (All-bank refresh only. busy cycles only include refresh time in rank level) The sum of cycles that the DRAM part is active or under refresh for level _0_0_0_3
      ramulator.serving_requests_0_0_0_3              919753                                      # The sum of read and write requests that are served in this DRAM element per memory cycle for level _0_0_0_3
ramulator.average_serving_requests_0_0_0_3            0.111766                                      # The average of read and write requests that are served in this DRAM element per memory cycle for level _0_0_0_3
           ramulator.active_cycles_0_0_1             2078182                                      # Total active cycles for level _0_0_1
             ramulator.busy_cycles_0_0_1             2078182                                      # (All-bank refresh only. busy cycles only include refresh time in rank level) The sum of cycles that the DRAM part is active or under refresh for level _0_0_1
        ramulator.serving_requests_0_0_1             2638824                                      # The sum of read and write requests that are served in this DRAM element per memory cycle for level _0_0_1
ramulator.average_serving_requests_0_0_1            0.320664                                      # The average of read and write requests that are served in this DRAM element per memory cycle for level _0_0_1
         ramulator.active_cycles_0_0_1_0              525267                                      # Total active cycles for level _0_0_1_0
           ramulator.busy_cycles_0_0_1_0              525267                                      # (All-bank refresh only. busy cycles only include refresh time in rank level) The sum of cycles that the DRAM part is active or under refresh for level _0_0_1_0
      ramulator.serving_requests_0_0_1_0              579214                                      # The sum of read and write requests that are served in this DRAM element per memory cycle for level _0_0_1_0
ramulator.average_serving_requests_0_0_1_0            0.070385                                      # The average of read and write requests that are served in this DRAM element per memory cycle for level _0_0_1_0
         ramulator.active_cycles_0_0_1_1              582392                                      # Total active cycles for level _0_0_1_1
           ramulator.busy_cycles_0_0_1_1              582392                                      # (All-bank refresh only. busy cycles only include refresh time in rank level) The sum of cycles that the DRAM part is active or under refresh for level _0_0_1_1
      ramulator.serving_requests_0_0_1_1              645064                                      # The sum of read and write requests that are served in this DRAM element per memory cycle for level _0_0_1_1
ramulator.average_serving_requests_0_0_1_1            0.078387                                      # The average of read and write requests that are served in this DRAM element per memory cycle for level _0_0_1_1
         ramulator.active_cycles_0_0_1_2              632296                                      # Total active cycles for level _0_0_1_2
           ramulator.busy_cycles_0_0_1_2              632296                                      # (All-bank refresh only. busy cycles only include refresh time in rank level) The sum of cycles that the DRAM part is active or under refresh for level _0_0_1_2
      ramulator.serving_requests_0_0_1_2              692974                                      # The sum of read and write requests that are served in this DRAM element per memory cycle for level _0_0_1_2
ramulator.average_serving_requests_0_0_1_2            0.084209                                      # The average of read and write requests that are served in this DRAM element per memory cycle for level _0_0_1_2
         ramulator.active_cycles_0_0_1_3              660305                                      # Total active cycles for level _0_0_1_3
           ramulator.busy_cycles_0_0_1_3              660305                                      # (All-bank refresh only. busy cycles only include refresh time in rank level) The sum of cycles that the DRAM part is active or under refresh for level _0_0_1_3
      ramulator.serving_requests_0_0_1_3              721572                                      # The sum of read and write requests that are served in this DRAM element per memory cycle for level _0_0_1_3
ramulator.average_serving_requests_0_0_1_3            0.087684                                      # The average of read and write requests that are served in this DRAM element per memory cycle for level _0_0_1_3
           ramulator.active_cycles_0_0_2             2077529                                      # Total active cycles for level _0_0_2
             ramulator.busy_cycles_0_0_2             2077529                                      # (All-bank refresh only. busy cycles only include refresh time in rank level) The sum of cycles that the DRAM part is active or under refresh for level _0_0_2
        ramulator.serving_requests_0_0_2             2712640                                      # The sum of read and write requests that are served in this DRAM element per memory cycle for level _0_0_2
ramulator.average_serving_requests_0_0_2            0.329634                                      # The average of read and write requests that are served in this DRAM element per memory cycle for level _0_0_2
         ramulator.active_cycles_0_0_2_0              608239                                      # Total active cycles for level _0_0_2_0
           ramulator.busy_cycles_0_0_2_0              608239                                      # (All-bank refresh only. busy cycles only include refresh time in rank level) The sum of cycles that the DRAM part is active or under refresh for level _0_0_2_0
      ramulator.serving_requests_0_0_2_0              665402                                      # The sum of read and write requests that are served in this DRAM element per memory cycle for level _0_0_2_0
ramulator.average_serving_requests_0_0_2_0            0.080858                                      # The average of read and write requests that are served in this DRAM element per memory cycle for level _0_0_2_0
         ramulator.active_cycles_0_0_2_1              569681                                      # Total active cycles for level _0_0_2_1
           ramulator.busy_cycles_0_0_2_1              569681                                      # (All-bank refresh only. busy cycles only include refresh time in rank level) The sum of cycles that the DRAM part is active or under refresh for level _0_0_2_1
      ramulator.serving_requests_0_0_2_1              633107                                      # The sum of read and write requests that are served in this DRAM element per memory cycle for level _0_0_2_1
ramulator.average_serving_requests_0_0_2_1            0.076934                                      # The average of read and write requests that are served in this DRAM element per memory cycle for level _0_0_2_1
         ramulator.active_cycles_0_0_2_2              695085                                      # Total active cycles for level _0_0_2_2
           ramulator.busy_cycles_0_0_2_2              695085                                      # (All-bank refresh only. busy cycles only include refresh time in rank level) The sum of cycles that the DRAM part is active or under refresh for level _0_0_2_2
      ramulator.serving_requests_0_0_2_2              768182                                      # The sum of read and write requests that are served in this DRAM element per memory cycle for level _0_0_2_2
ramulator.average_serving_requests_0_0_2_2            0.093348                                      # The average of read and write requests that are served in this DRAM element per memory cycle for level _0_0_2_2
         ramulator.active_cycles_0_0_2_3              584502                                      # Total active cycles for level _0_0_2_3
           ramulator.busy_cycles_0_0_2_3              584502                                      # (All-bank refresh only. busy cycles only include refresh time in rank level) The sum of cycles that the DRAM part is active or under refresh for level _0_0_2_3
      ramulator.serving_requests_0_0_2_3              645949                                      # The sum of read and write requests that are served in this DRAM element per memory cycle for level _0_0_2_3
ramulator.average_serving_requests_0_0_2_3            0.078494                                      # The average of read and write requests that are served in this DRAM element per memory cycle for level _0_0_2_3
           ramulator.active_cycles_0_0_3             2126851                                      # Total active cycles for level _0_0_3
             ramulator.busy_cycles_0_0_3             2126851                                      # (All-bank refresh only. busy cycles only include refresh time in rank level) The sum of cycles that the DRAM part is active or under refresh for level _0_0_3
        ramulator.serving_requests_0_0_3             2627350                                      # The sum of read and write requests that are served in this DRAM element per memory cycle for level _0_0_3
ramulator.average_serving_requests_0_0_3            0.319270                                      # The average of read and write requests that are served in this DRAM element per memory cycle for level _0_0_3
         ramulator.active_cycles_0_0_3_0              566996                                      # Total active cycles for level _0_0_3_0
           ramulator.busy_cycles_0_0_3_0              566996                                      # (All-bank refresh only. busy cycles only include refresh time in rank level) The sum of cycles that the DRAM part is active or under refresh for level _0_0_3_0
      ramulator.serving_requests_0_0_3_0              617862                                      # The sum of read and write requests that are served in this DRAM element per memory cycle for level _0_0_3_0
ramulator.average_serving_requests_0_0_3_0            0.075081                                      # The average of read and write requests that are served in this DRAM element per memory cycle for level _0_0_3_0
         ramulator.active_cycles_0_0_3_1              495390                                      # Total active cycles for level _0_0_3_1
           ramulator.busy_cycles_0_0_3_1              495390                                      # (All-bank refresh only. busy cycles only include refresh time in rank level) The sum of cycles that the DRAM part is active or under refresh for level _0_0_3_1
      ramulator.serving_requests_0_0_3_1              546218                                      # The sum of read and write requests that are served in this DRAM element per memory cycle for level _0_0_3_1
ramulator.average_serving_requests_0_0_3_1            0.066375                                      # The average of read and write requests that are served in this DRAM element per memory cycle for level _0_0_3_1
         ramulator.active_cycles_0_0_3_2              851906                                      # Total active cycles for level _0_0_3_2
           ramulator.busy_cycles_0_0_3_2              851906                                      # (All-bank refresh only. busy cycles only include refresh time in rank level) The sum of cycles that the DRAM part is active or under refresh for level _0_0_3_2
      ramulator.serving_requests_0_0_3_2              907160                                      # The sum of read and write requests that are served in this DRAM element per memory cycle for level _0_0_3_2
ramulator.average_serving_requests_0_0_3_2            0.110236                                      # The average of read and write requests that are served in this DRAM element per memory cycle for level _0_0_3_2
         ramulator.active_cycles_0_0_3_3              503848                                      # Total active cycles for level _0_0_3_3
           ramulator.busy_cycles_0_0_3_3              503848                                      # (All-bank refresh only. busy cycles only include refresh time in rank level) The sum of cycles that the DRAM part is active or under refresh for level _0_0_3_3
      ramulator.serving_requests_0_0_3_3              556110                                      # The sum of read and write requests that are served in this DRAM element per memory cycle for level _0_0_3_3
ramulator.average_serving_requests_0_0_3_3            0.067577                                      # The average of read and write requests that are served in this DRAM element per memory cycle for level _0_0_3_3
      ramulator.read_transaction_bytes_0            10117760                                      # The total byte of read transaction per channel
     ramulator.write_transaction_bytes_0             1946560                                      # The total byte of write transaction per channel
       ramulator.row_hits_channel_0_core              121410                                      # Number of row hits per channel per core
     ramulator.row_misses_channel_0_core               11359                                      # Number of row misses per channel per core
  ramulator.row_conflicts_channel_0_core               55736                                      # Number of row conflicts per channel per core
  ramulator.read_row_hits_channel_0_core              115659                                      # Number of row hits for read requests per channel per core
                                     [0]            115659.0                                      # 
ramulator.read_row_misses_channel_0_core                7758                                      # Number of row misses for read requests per channel per core
                                     [0]              7758.0                                      # 
ramulator.read_row_conflicts_channel_0_core               34673                                      # Number of row conflicts for read requests per channel per core
                                     [0]             34673.0                                      # 
 ramulator.write_row_hits_channel_0_core                5751                                      # Number of row hits for write requests per channel per core
                                     [0]              5751.0                                      # 
ramulator.write_row_misses_channel_0_core                3601                                      # Number of row misses for write requests per channel per core
                                     [0]              3601.0                                      # 
ramulator.write_row_conflicts_channel_0_core               21063                                      # Number of row conflicts for write requests per channel per core
                                     [0]             21063.0                                      # 
      ramulator.useless_activates_0_core                  31                                      # Number of useless activations. E.g, ACT -> PRE w/o RD or WR
            ramulator.read_latency_avg_0           52.695622                                      # The average memory latency cycles (in memory time domain) per request for all read requests in this channel
            ramulator.read_latency_sum_0             8331494                                      # The memory latency cycles (in memory time domain) sum for all read requests in this channel
        ramulator.req_queue_length_avg_0           14.081257                                      # Average of read and write queue length per memory cycle per channel.
        ramulator.req_queue_length_sum_0           115878072                                      # Sum of read and write queue length per memory cycle per channel.
   ramulator.read_req_queue_length_avg_0            0.928347                                      # Read queue length average per memory cycle per channel.
   ramulator.read_req_queue_length_sum_0             7639589                                      # Read queue length sum per memory cycle per channel.
  ramulator.write_req_queue_length_avg_0           13.152910                                      # Write queue length average per memory cycle per channel.
  ramulator.write_req_queue_length_sum_0           108238483                                      # Write queue length sum per memory cycle per channel.
              ramulator.record_read_hits                 0.0                                      # record read hit count for this core when it reaches request limit or to the end
                                     [0]                 0.0                                      # 
            ramulator.record_read_misses                 0.0                                      # record_read_miss count for this core when it reaches request limit or to the end
                                     [0]                 0.0                                      # 
         ramulator.record_read_conflicts                 0.0                                      # record read conflict count for this core when it reaches request limit or to the end
                                     [0]                 0.0                                      # 
             ramulator.record_write_hits                 0.0                                      # record write hit count for this core when it reaches request limit or to the end
                                     [0]                 0.0                                      # 
           ramulator.record_write_misses                 0.0                                      # record write miss count for this core when it reaches request limit or to the end
                                     [0]                 0.0                                      # 
        ramulator.record_write_conflicts                 0.0                                      # record write conflict for this core when it reaches request limit or to the end
                                     [0]                 0.0                                      # 
                 ramulator.dram_capacity          8589934592                                      # Number of bytes in simulated DRAM
                   ramulator.dram_cycles             8229242                                      # Number of DRAM cycles simulated
             ramulator.incoming_requests              188539                                      # Number of incoming requests to DRAM
                 ramulator.read_requests              158106                                      # Number of incoming read requests to DRAM per core
                                     [0]            158106.0                                      # 
                ramulator.write_requests               30433                                      # Number of incoming write requests to DRAM per core
                                     [0]             30433.0                                      # 
       ramulator.ramulator_active_cycles             5308380                                      # The total number of cycles that the DRAM part is active (serving R/W)
 ramulator.incoming_requests_per_channel            188539.0                                      # Number of incoming requests to each DRAM channel
                                     [0]            188539.0                                      # 
ramulator.incoming_read_reqs_per_channel            158106.0                                      # Number of incoming read requests to each DRAM channel
                                     [0]            158106.0                                      # 
     ramulator.physical_page_replacement                   0                                      # The number of times that physical page replacement happens.
             ramulator.maximum_bandwidth         19200000000                                      # The theoretical maximum bandwidth (Bps)
          ramulator.in_queue_req_num_sum           115878072                                      # Sum of read/write queue length
     ramulator.in_queue_read_req_num_sum             7639589                                      # Sum of read queue length
    ramulator.in_queue_write_req_num_sum           108238483                                      # Sum of write queue length
          ramulator.in_queue_req_num_avg           14.081257                                      # Average of read/write queue length per memory cycle
     ramulator.in_queue_read_req_num_avg            0.928347                                      # Average of read queue length per memory cycle
    ramulator.in_queue_write_req_num_avg           13.152910                                      # Average of write queue length per memory cycle
          ramulator.record_read_requests                 0.0                                      # record read requests for this core when it reaches request limit or to the end
                                     [0]                 0.0                                      # 
         ramulator.record_write_requests                 0.0                                      # record write requests for this core when it reaches request limit or to the end
                                     [0]                 0.0                                      # 
