/* -*- Mode: c -*- */
####################################################################################################
Core 0
####################################################################################################
Cumulative:        Cycles: 10647403              Instructions: 20068327              IPC: 1.88481

Periodic:          Cycles: 5086989               Instructions: 10034194              IPC: 1.97252

EXECUTION_TIME                           1589684062500                  3327313437500              

NODE_CYCLE                                     5086989                       10647403              

NODE_INST_COUNT                               10034194                       20068327              

NODE_INST_COUNT_FETCHED                        9999999                       20000000              

NODE_UOP_COUNT                                13260433                       26518072              

FULL_WINDOW_STALL                               205216        4.034%           538179        5.055%

FULL_WINDOW_MEM_OP                              173264       96.351%           471735       97.204%
FULL_WINDOW_FP_OP                                 3395        1.888%             6819        1.405%
FULL_WINDOW_OTHER_OP                              3167        1.761%             6752        1.391%
                                                179826      100.000%           485306      100.000%
                                                  0.05         0.29              0.04         0.26

RET_BLOCKED_DC_MISS                            1001326       19.684%          2246923       21.103%

RET_BLOCKED_L1_MISS                              12925        0.254%           213075        2.001%

RET_BLOCKED_L1_MISS_BW_PREF                        475        0.009%             1093        0.010%

RET_BLOCKED_L1_ACCESS                           988408       19.430%          2034095       19.104%

RET_BLOCKED_MEM_STALL                            13210        0.260%           213643        2.007%

RET_BLOCKED_OFFCHIP_DEMAND                           0        0.000%                0        0.000%

OP_ISSUED                                     14148331                       28630261              

OP_RETIRED                                    13260433                       26518072              

REPLAY_SIGNALED                                      0                              0              

REPLAY_COUNTED                                       0                              0              

OFF_CRITICAL_PATH                                    0         -nan%                0         -nan%
ON_CRITICAL_PATH                                     0         -nan%                0         -nan%
                                                     0         -nan%                0         -nan%
                                                  -nan         -nan              -nan         -nan

LD_NO_DEPENDENTS                                255221        8.356%           511312        8.373%
LD_DEPENDENTS                                  2798975       91.644%          5595049       91.627%
                                               3054196      100.000%          6106361      100.000%
                                                  0.92         0.88              0.92         0.88

LD_EXEC_CYCLES_0                                     0        0.000%                0        0.000%
LD_EXEC_CYCLES_1                                     0        0.000%                0        0.000%
LD_EXEC_CYCLES_2                                     0        0.000%                0        0.000%
LD_EXEC_CYCLES_3                                   809       41.551%             1715       43.539%
LD_EXEC_CYCLES_4                                  1138       58.449%             2224       56.461%
                                                  1947      100.000%             3939      100.000%
                                                  3.58         2.79              3.56         2.72

ICACHE_STAGE_STARVED                           1691383       38.774%          3608603       40.341%
ICACHE_STAGE_NOT_STARVED                       2670800       61.226%          5336560       59.659%
                                               4362183      100.000%          8945163      100.000%
                                                  0.61         0.57              0.60         0.56

ICACHE_STAGE_STALLED                            117883        2.317%           280979        2.639%
ICACHE_STAGE_NOT_STALLED                       4470089       87.873%          9172681       86.149%
ICACHE_STAGE_OFF_PATH                           499017        9.810%          1193743       11.212%
                                               5086989      100.000%         10647403      100.000%
                                                  1.07         0.45              1.09         0.48

DECODE_STAGE_STARVED                           4685639       93.411%          9722025       93.180%
DECODE_STAGE_NOT_STARVED                        330524        6.589%           711556        6.820%
                                               5016163      100.000%         10433581      100.000%
                                                  0.07         0.24              0.07         0.24

DECODE_STAGE_STALLED                            125852        2.474%           302538        2.841%
DECODE_STAGE_NOT_STALLED                       4890311       96.134%         10131043       95.150%
DECODE_STAGE_OFF_PATH                            70826        1.392%           213822        2.008%
                                               5086989      100.000%         10647403      100.000%
                                                  0.99         0.17              0.99         0.20

UOPQ_STAGE_STARVED                             4688029       92.157%          9732962       91.412%
UOPQ_STAGE_NOT_STARVED                          398960        7.843%           914441        8.588%
                                               5086989      100.000%         10647403      100.000%
                                                  0.08         0.26              0.09         0.27

UOPQ_STAGE_STALLED                                   0        0.000%                0        0.000%
UOPQ_STAGE_NOT_STALLED                         5086989      100.000%         10647403      100.000%
UOPQ_STAGE_OFF_PATH                                  0        0.000%                0        0.000%
                                               5086989      100.000%         10647403      100.000%
                                                  1.00         0.00              1.00         0.00

MAP_STAGE_STARVED                              1907949       39.548%          4055889       40.735%
MAP_STAGE_NOT_STARVED                          2916500       60.452%          5900950       59.265%
                                               4824449      100.000%          9956839      100.000%
                                                  0.60         0.56              0.59         0.55

MAP_STAGE_STALLED                               178870        3.516%           428906        4.028%
MAP_STAGE_NOT_STALLED                          4645579       91.323%          9527933       89.486%
MAP_STAGE_OFF_PATH                              262540        5.161%           690564        6.486%
                                               5086989      100.000%         10647403      100.000%
                                                  1.02         0.32              1.02         0.36

EXEC_STAGE_STARVED                             1371830       26.967%          2724233       25.586%
EXEC_STAGE_NOT_STARVED                         3517106       69.139%          7389474       69.402%
EXEC_STAGE_OFF_PATH                             198053        3.893%           533696        5.012%
                                               5086989      100.000%         10647403      100.000%
                                                  0.77         0.34              0.79         0.37

FU_BUSY_0                                      3912529                        7894150              

FU_BUSY_1                                      2392501                        4824597              

FU_BUSY_2                                      1024367                        2078378              

FU_BUSY_3                                       462329                         951014              

FU_BUSY_4                                      1743504                        3520994              

FU_BUSY_5                                       283264                         592224              

FU_BUSY_6                                      2933801                        5895634              

FU_BUSY_7                                      1742578                        3489160              

FU_BUSY_8                                      1061553                        2117731              

FU_BUSY_9                                       661761                        1317994              

FU_BUSY_10                                           0                              0              

FU_BUSY_11                                           0                              0              

FU_BUSY_12                                           0                              0              

FU_BUSY_13                                           0                              0              

FU_BUSY_14                                           0                              0              

FU_BUSY_15                                           0                              0              

FU_BUSY_16                                           0                              0              

FU_BUSY_17                                           0                              0              

FU_BUSY_18                                           0                              0              

FU_BUSY_19                                           0                              0              

FU_BUSY_20                                           0                              0              

FU_BUSY_21                                           0                              0              

FU_BUSY_22                                           0                              0              

FU_BUSY_23                                           0                              0              

FU_BUSY_24                                           0                              0              

FU_BUSY_25                                           0                              0              

FU_BUSY_26                                           0                              0              

FU_BUSY_27                                           0                              0              

FU_BUSY_28                                           0                              0              

FU_BUSY_29                                           0                              0              

FU_BUSY_30                                           0                              0              

FU_BUSY_31                                           0                              0              

OP_WAIT_0                                      9022126                       18041876              

OP_WAIT_1                                      2647629                        5316785              

OP_WAIT_2                                       853606                        1697107              

OP_WAIT_3                                       207517                         412893              

OP_WAIT_4                                       115440                         228394              

OP_WAIT_5                                        75777                         150351              

OP_WAIT_6                                        51696                         102198              

OP_WAIT_7                                        38990                          76939              

OP_WAIT_8                                        29472                          59266              

OP_WAIT_9                                        24136                          47861              

OP_WAIT_10                                       19154                          38435              

OP_WAIT_11                                       15324                          29850              

OP_WAIT_12                                       12783                          25316              

OP_WAIT_13                                       11032                          22123              

OP_WAIT_14                                        9554                          19457              

OP_WAIT_15                                        7948                          15939              

OP_WAIT_16                                        5907                          12045              

OP_WAIT_17                                        6104                          12287              

OP_WAIT_18                                        4942                           9699              

OP_WAIT_19                                        5706                          10931              

OP_WAIT_20                                        5708                          10733              

OP_WAIT_21                                        5325                          10395              

OP_WAIT_22                                        4977                           9544              

OP_WAIT_23                                        4121                           8233              

OP_WAIT_24                                        3702                           7099              

OP_WAIT_25                                        5191                          10178              

OP_WAIT_26                                        1499                           2953              

OP_WAIT_27                                        1740                           3372              

OP_WAIT_28                                        3947                           7808              

OP_WAIT_29                                        2878                           5692              

OP_WAIT_30                                        4295                           8430              

OP_WAIT_31                                       52207                         103883              

ROW_SIZE_0                                     1841872                        3958304              

ROW_SIZE_1                                      413078                         836916              

ROW_SIZE_2                                      216733                         439921              

ROW_SIZE_3                                      144145                         291175              

ROW_SIZE_4                                       99991                         202322              

ROW_SIZE_5                                       65068                         130113              

ROW_SIZE_6                                     1876025                        3744656              

ROW_SIZE_7                                           0                              0              

ROW_SIZE_8                                           0                              0              

ROW_SIZE_9                                           0                              0              

ROW_SIZE_10                                          0                              0              

ROW_SIZE_11                                          0                              0              

ROW_SIZE_12                                          0                              0              

ROW_SIZE_13                                          0                              0              

ROW_SIZE_14                                          0                              0              

ROW_SIZE_15                                          0                              0              

ROW_SIZE_16                                          0                              0              

ROW_SIZE_17                                          0                              0              

ROW_SIZE_18                                          0                              0              

ROW_SIZE_19                                          0                              0              

ROW_SIZE_20                                          0                              0              

ROW_SIZE_21                                          0                              0              

ROW_SIZE_22                                          0                              0              

ROW_SIZE_23                                          0                              0              

ROW_SIZE_24                                          0                              0              

ROW_SIZE_25                                          0                              0              

ROW_SIZE_26                                          0                              0              

ROW_SIZE_27                                          0                              0              

ROW_SIZE_28                                          0                              0              

ROW_SIZE_29                                          0                              0              

ROW_SIZE_30                                          0                              0              

ROW_SIZE_31                                          0                              0              

RET_OP_EXEC_COUNT_0                                  0        0.000%                0        0.000%
RET_OP_EXEC_COUNT_1                           13260433      100.000%         26518072      100.000%
RET_OP_EXEC_COUNT_2                                  0        0.000%                0        0.000%
RET_OP_EXEC_COUNT_3                                  0        0.000%                0        0.000%
RET_OP_EXEC_COUNT_4                                  0        0.000%                0        0.000%
RET_OP_EXEC_COUNT_5                                  0        0.000%                0        0.000%
RET_OP_EXEC_COUNT_6                                  0        0.000%                0        0.000%
RET_OP_EXEC_COUNT_7                                  0        0.000%                0        0.000%
RET_OP_EXEC_COUNT_8                                  0        0.000%                0        0.000%
RET_OP_EXEC_COUNT_9                                  0        0.000%                0        0.000%
RET_OP_EXEC_COUNT_10                                 0        0.000%                0        0.000%
RET_OP_EXEC_COUNT_11                                 0        0.000%                0        0.000%
RET_OP_EXEC_COUNT_12                                 0        0.000%                0        0.000%
RET_OP_EXEC_COUNT_13                                 0        0.000%                0        0.000%
RET_OP_EXEC_COUNT_14                                 0        0.000%                0        0.000%
RET_OP_EXEC_COUNT_15                                 0        0.000%                0        0.000%
RET_OP_EXEC_COUNT_16                                 0        0.000%                0        0.000%
RET_OP_EXEC_COUNT_17                                 0        0.000%                0        0.000%
RET_OP_EXEC_COUNT_18                                 0        0.000%                0        0.000%
RET_OP_EXEC_COUNT_19                                 0        0.000%                0        0.000%
RET_OP_EXEC_COUNT_20                                 0        0.000%                0        0.000%
RET_OP_EXEC_COUNT_21                                 0        0.000%                0        0.000%
RET_OP_EXEC_COUNT_22                                 0        0.000%                0        0.000%
RET_OP_EXEC_COUNT_23                                 0        0.000%                0        0.000%
RET_OP_EXEC_COUNT_24                                 0        0.000%                0        0.000%
RET_OP_EXEC_COUNT_25                                 0        0.000%                0        0.000%
RET_OP_EXEC_COUNT_26                                 0        0.000%                0        0.000%
RET_OP_EXEC_COUNT_27                                 0        0.000%                0        0.000%
RET_OP_EXEC_COUNT_28                                 0        0.000%                0        0.000%
RET_OP_EXEC_COUNT_29                                 0        0.000%                0        0.000%
RET_OP_EXEC_COUNT_30                                 0        0.000%                0        0.000%
RET_OP_EXEC_COUNT_31                                 0        0.000%                0        0.000%
RET_OP_EXEC_COUNT_32                                 0        0.000%                0        0.000%
                                              13260433      100.000%         26518072      100.000%
                                                  1.00         0.00              1.00         0.00

RET_STALL_LENGTH_0                            13260305       99.999%         26516549       99.994%
RET_STALL_LENGTH_100                               124        0.001%             1285        0.005%
RET_STALL_LENGTH_200                                 2        0.000%              190        0.001%
RET_STALL_LENGTH_300                                 0        0.000%               14        0.000%
RET_STALL_LENGTH_400                                 0        0.000%                9        0.000%
RET_STALL_LENGTH_500                                 0        0.000%                1        0.000%
RET_STALL_LENGTH_600                                 0        0.000%                2        0.000%
RET_STALL_LENGTH_700                                 0        0.000%                1        0.000%
RET_STALL_LENGTH_800                                 0        0.000%                2        0.000%
RET_STALL_LENGTH_900                                 0        0.000%                1        0.000%
RET_STALL_LENGTH_1000                                1        0.000%                2        0.000%
RET_STALL_LENGTH_1100                                0        0.000%                3        0.000%
RET_STALL_LENGTH_1200                                1        0.000%               11        0.000%
RET_STALL_LENGTH_1300                                0        0.000%                2        0.000%
RET_STALL_LENGTH_1400                                0        0.000%                0        0.000%
RET_STALL_LENGTH_1500                                0        0.000%                0        0.000%
RET_STALL_LENGTH_1600                                0        0.000%                0        0.000%
RET_STALL_LENGTH_1700                                0        0.000%                0        0.000%
RET_STALL_LENGTH_1800                                0        0.000%                0        0.000%
RET_STALL_LENGTH_1900                                0        0.000%                0        0.000%
RET_STALL_LENGTH_2000                                0        0.000%                0        0.000%
RET_STALL_LENGTH_2100                                0        0.000%                0        0.000%
RET_STALL_LENGTH_2200                                0        0.000%                0        0.000%
RET_STALL_LENGTH_2300                                0        0.000%                0        0.000%
RET_STALL_LENGTH_2400                                0        0.000%                0        0.000%
RET_STALL_LENGTH_2500                                0        0.000%                0        0.000%
RET_STALL_LENGTH_2600                                0        0.000%                0        0.000%
RET_STALL_LENGTH_2700                                0        0.000%                0        0.000%
RET_STALL_LENGTH_2800                                0        0.000%                0        0.000%
RET_STALL_LENGTH_2900                                0        0.000%                0        0.000%
RET_STALL_LENGTH_3000                                0        0.000%                0        0.000%
RET_STALL_LENGTH_3100                                0        0.000%                0        0.000%
RET_STALL_LENGTH_3200                                0        0.000%                0        0.000%
RET_STALL_LENGTH_3300                                0        0.000%                0        0.000%
RET_STALL_LENGTH_3400                                0        0.000%                0        0.000%
RET_STALL_LENGTH_3500                                0        0.000%                0        0.000%
RET_STALL_LENGTH_3600                                0        0.000%                0        0.000%
RET_STALL_LENGTH_3700                                0        0.000%                0        0.000%
RET_STALL_LENGTH_3800                                0        0.000%                0        0.000%
RET_STALL_LENGTH_3900                                0        0.000%                0        0.000%
RET_STALL_LENGTH_4000                                0        0.000%                0        0.000%
RET_STALL_LENGTH_4100                                0        0.000%                0        0.000%
RET_STALL_LENGTH_4200                                0        0.000%                0        0.000%
RET_STALL_LENGTH_4300                                0        0.000%                0        0.000%
RET_STALL_LENGTH_4400                                0        0.000%                0        0.000%
RET_STALL_LENGTH_4500                                0        0.000%                0        0.000%
RET_STALL_LENGTH_4600                                0        0.000%                0        0.000%
RET_STALL_LENGTH_4700                                0        0.000%                0        0.000%
RET_STALL_LENGTH_4800                                0        0.000%                0        0.000%
RET_STALL_LENGTH_4900                                0        0.000%                0        0.000%
RET_STALL_LENGTH_5000                                0        0.000%                0        0.000%
                                              13260433      100.000%         26518072      100.000%
                                                  0.00         0.01              0.00         0.01

MEM_BLOCK_LENGTH_0                                  19      100.000%               47      100.000%
MEM_BLOCK_LENGTH_100                                 0        0.000%                0        0.000%
MEM_BLOCK_LENGTH_200                                 0        0.000%                0        0.000%
MEM_BLOCK_LENGTH_300                                 0        0.000%                0        0.000%
MEM_BLOCK_LENGTH_400                                 0        0.000%                0        0.000%
MEM_BLOCK_LENGTH_500                                 0        0.000%                0        0.000%
MEM_BLOCK_LENGTH_600                                 0        0.000%                0        0.000%
MEM_BLOCK_LENGTH_700                                 0        0.000%                0        0.000%
MEM_BLOCK_LENGTH_800                                 0        0.000%                0        0.000%
MEM_BLOCK_LENGTH_900                                 0        0.000%                0        0.000%
MEM_BLOCK_LENGTH_1000                                0        0.000%                0        0.000%
MEM_BLOCK_LENGTH_1100                                0        0.000%                0        0.000%
MEM_BLOCK_LENGTH_1200                                0        0.000%                0        0.000%
MEM_BLOCK_LENGTH_1300                                0        0.000%                0        0.000%
MEM_BLOCK_LENGTH_1400                                0        0.000%                0        0.000%
MEM_BLOCK_LENGTH_1500                                0        0.000%                0        0.000%
MEM_BLOCK_LENGTH_1600                                0        0.000%                0        0.000%
MEM_BLOCK_LENGTH_1700                                0        0.000%                0        0.000%
MEM_BLOCK_LENGTH_1800                                0        0.000%                0        0.000%
MEM_BLOCK_LENGTH_1900                                0        0.000%                0        0.000%
MEM_BLOCK_LENGTH_2000                                0        0.000%                0        0.000%
MEM_BLOCK_LENGTH_2100                                0        0.000%                0        0.000%
MEM_BLOCK_LENGTH_2200                                0        0.000%                0        0.000%
MEM_BLOCK_LENGTH_2300                                0        0.000%                0        0.000%
MEM_BLOCK_LENGTH_2400                                0        0.000%                0        0.000%
MEM_BLOCK_LENGTH_2500                                0        0.000%                0        0.000%
MEM_BLOCK_LENGTH_2600                                0        0.000%                0        0.000%
MEM_BLOCK_LENGTH_2700                                0        0.000%                0        0.000%
MEM_BLOCK_LENGTH_2800                                0        0.000%                0        0.000%
MEM_BLOCK_LENGTH_2900                                0        0.000%                0        0.000%
MEM_BLOCK_LENGTH_3000                                0        0.000%                0        0.000%
MEM_BLOCK_LENGTH_3100                                0        0.000%                0        0.000%
MEM_BLOCK_LENGTH_3200                                0        0.000%                0        0.000%
MEM_BLOCK_LENGTH_3300                                0        0.000%                0        0.000%
MEM_BLOCK_LENGTH_3400                                0        0.000%                0        0.000%
MEM_BLOCK_LENGTH_3500                                0        0.000%                0        0.000%
MEM_BLOCK_LENGTH_3600                                0        0.000%                0        0.000%
MEM_BLOCK_LENGTH_3700                                0        0.000%                0        0.000%
MEM_BLOCK_LENGTH_3800                                0        0.000%                0        0.000%
MEM_BLOCK_LENGTH_3900                                0        0.000%                0        0.000%
MEM_BLOCK_LENGTH_4000                                0        0.000%                0        0.000%
MEM_BLOCK_LENGTH_4100                                0        0.000%                0        0.000%
MEM_BLOCK_LENGTH_4200                                0        0.000%                0        0.000%
MEM_BLOCK_LENGTH_4300                                0        0.000%                0        0.000%
MEM_BLOCK_LENGTH_4400                                0        0.000%                0        0.000%
MEM_BLOCK_LENGTH_4500                                0        0.000%                0        0.000%
MEM_BLOCK_LENGTH_4600                                0        0.000%                0        0.000%
MEM_BLOCK_LENGTH_4700                                0        0.000%                0        0.000%
MEM_BLOCK_LENGTH_4800                                0        0.000%                0        0.000%
MEM_BLOCK_LENGTH_4900                                0        0.000%                0        0.000%
MEM_BLOCK_LENGTH_5000                                0        0.000%                0        0.000%
                                                    19      100.000%               47      100.000%
                                                  0.00         0.00              0.00         0.00

FUS_BUSY_ON_PATH                              15610840        3.0688         31186867        2.9291

FUS_BUSY_OFF_PATH                               607347        0.1194          1495009        0.1404

FU_BUSY_MEM_STALL                              2212877        0.4350          4405597        0.4138

FUS_EMPTY                                     34651703        6.8118         73792154        6.9305

CHIP_UTILIZATION                                     0        0.0000                0        0.0000

CYCLES_UNDER_MEM_REQ                                 0                              0              

CYCLES_UNDER_NO_MEM_REQ                              0                              0              

CYCLES_UNDER_CRITICAL_MEM_REQ                        0                              0              

CYCLES_UNDER_NONCRITICAL_MEM_REQ                     0                              0              

CHIP_UTILIZATION_UNDER_MEM_REQ                       0          -nan                0          -nan

CHIP_UTILIZATION_UNDER_NO_MEM_REQ                    0          -nan                0          -nan

CHIP_UTILIZATION_UNDER_CRITICAL_MEM_REQ              0          -nan                0          -nan

CHIP_UTILIZATION_UNDER_NONCRITICAL_MEM_REQ             0          -nan                0          -nan

CYCLES_NOT_WAITING_FOR_OFF_CHIP                      0        0.0000                0        0.0000

FUS_BUSY_NOT_WAITING_FOR_OFF_CHIP                    0          -nan                0          -nan

CYCLES_WAITING_FOR_OFF_CHIP                          0        0.0000                0        0.0000

FUS_BUSY_WAITING_FOR_OFF_CHIP                        0          -nan                0          -nan

TOTAL_OFF_CHIP_DELAYS_LEFT                           0                              0              

WRONG_IO_SCHED                                       0                              0              

DVFS_CONFIG_SWITCH                                   0                              0              

UOP_CACHE_ICACHE_SWITCH_ONPATH                       0         -nan%                0         -nan%
UOP_CACHE_ICACHE_SWITCH_OFFPATH                      0         -nan%                0         -nan%
                                                     0         -nan%                0         -nan%
                                                  -nan         -nan              -nan         -nan

MAP_STAGE_RECEIVED_OPS_0                             0        0.000%                0        0.000%
MAP_STAGE_RECEIVED_OPS_1                        186746        6.929%           372913        6.922%
MAP_STAGE_RECEIVED_OPS_2                        234736        8.709%           469033        8.706%
MAP_STAGE_RECEIVED_OPS_3                        212869        7.898%           425950        7.907%
MAP_STAGE_RECEIVED_OPS_4                        244531        9.072%           488154        9.061%
MAP_STAGE_RECEIVED_OPS_5                        121073        4.492%           241581        4.484%
MAP_STAGE_RECEIVED_OPS_6                       1695345       62.900%          3389557       62.919%
MAP_STAGE_RECEIVED_OPS_7                             0        0.000%                0        0.000%
MAP_STAGE_RECEIVED_OPS_8                             0        0.000%                0        0.000%
MAP_STAGE_RECEIVED_OPS_MAX                           0        0.000%                0        0.000%
                                               2695300      100.000%          5387188      100.000%
                                                  4.84         1.70              4.84         1.70

MAP_STAGE_WAIT_FOR_DECODE                            0         -nan%                0         -nan%
MAP_STAGE_CONSUME_DECODE                             0         -nan%                0         -nan%
                                                     0         -nan%                0         -nan%
                                                  -nan         -nan              -nan         -nan

MAP_STAGE_WAIT_FOR_DECODE2                           0         -nan%                0         -nan%
MAP_STAGE_CONSUME_DECODE2                            0         -nan%                0         -nan%
                                                     0         -nan%                0         -nan%
                                                  -nan         -nan              -nan         -nan

FTQ_RECOVER_EXEC                                  9070                          22190              

FTQ_RECOVER_DECODE                               85169                         171654              

FTQ_OFFPATH_CYCLES                             2159870                        4743022              

FTQ_CYCLES_OFFPATH                             3114408                        6673002              

FTQ_CYCLES_ONPATH                              1972581                        3974401              

FTQ_FETCHED_INS_OFFPATH                       18589602                       38517837              

FTQ_FETCHED_INS_ONPATH                        13166184                       26324228              

FTQ_BREAK_FULL_BLOCK_OFFPATH                   2037683       40.057%          4420211       41.515%
FTQ_BREAK_FULL_BLOCK_ONPATH                     854106       16.790%          1719739       16.152%
FTQ_BREAK_MAX_BLOCKS_OFFPATH                   1122463       22.066%          2343891       22.014%
FTQ_BREAK_MAX_BLOCKS_ONPATH                     842555       16.563%          1687552       15.849%
FTQ_BREAK_PRED_BR_OFFPATH                            0        0.000%                0        0.000%
FTQ_BREAK_PRED_BR_ONPATH                             0        0.000%                0        0.000%
FTQ_BREAK_BAR_FETCH_OFFPATH                      48475        0.953%           102719        0.965%
FTQ_BREAK_BAR_FETCH_ONPATH                      181661        3.571%           373245        3.506%
                                               5086943      100.000%         10647357      100.000%
                                                  1.41         1.38              1.38         1.38



