/* -*- Mode: c -*- */
####################################################################################################
Core 0
####################################################################################################
Cumulative:        Cycles: 9620997               Instructions: 20116745              IPC: 2.09092

Periodic:          Cycles: 4561371               Instructions: 10058079              IPC: 2.20506

PREF_DL0REQ_QUEUE_HIT_BY_DEMAND                      0                              0              

PREF_UMLC_REQ_QUEUE_HIT_BY_DEMAND                    0                              0              

PREF_UL1REQ_QUEUE_HIT_BY_DEMAND                      0                              0              

PREF_DL0REQ_QUEUE_FULL                               0                              0              

PREF_UMLC_REQ_QUEUE_FULL                             0                              0              

PREF_UL1REQ_QUEUE_FULL                               0                              0              

PREF_DC_HIT_NOSEND                                   0                              0              

PREF_WBQDC_HIT_NOSEND                                0                              0              

PREF_MLCQ_STALL                                      0                              0              

PREF_L1Q_STALL                                       0                              0              

PREF_UMLC_REQ_SEND_QUEUE_STALL                       0                              0              

PREF_UL1REQ_SEND_QUEUE_STALL                       135                            135              

PREF_UMLC_REQ_QUEUE_SENTREQ                          0                              0              

PREF_UL1REQ_QUEUE_SENTREQ                         3198                           8107              

PREF_NEWREQ_MATCHED                                 48                            429              

PREF_UMLC_REQ_QUEUE_MATCHED_REQ                      0                              0              

PREF_UL1REQ_QUEUE_MATCHED_REQ                       19                             80              

PREF_DL0REQ_QUEUE_MATCHED_REQ                        0                              0              

L1_PREF_HIT                                       3106                           6415              

L1_PREF_UNIQUE_HIT                                1051                           2267              

L1_PREF_LATE                                       266                            660              

L1_LATE_PREF_CYCLES                              36288                         125513              

L1_LATE_PREF_CYCLES_DIST_0                         216       81.203%              453       68.636%
L1_LATE_PREF_CYCLES_DIST_100                        15        5.639%               42        6.364%
L1_LATE_PREF_CYCLES_DIST_200                         2        0.752%               16        2.424%
L1_LATE_PREF_CYCLES_DIST_300                        10        3.759%               24        3.636%
L1_LATE_PREF_CYCLES_DIST_400                         4        1.504%               12        1.818%
L1_LATE_PREF_CYCLES_DIST_500                        15        5.639%               48        7.273%
L1_LATE_PREF_CYCLES_DIST_600                         0        0.000%               54        8.182%
L1_LATE_PREF_CYCLES_DIST_700                         0        0.000%                7        1.061%
L1_LATE_PREF_CYCLES_DIST_800                         0        0.000%                0        0.000%
L1_LATE_PREF_CYCLES_DIST_900                         0        0.000%                0        0.000%
L1_LATE_PREF_CYCLES_DIST_1000                        4        1.504%                4        0.606%
L1_LATE_PREF_CYCLES_DIST_1100                        0        0.000%                0        0.000%
L1_LATE_PREF_CYCLES_DIST_1200                        0        0.000%                0        0.000%
L1_LATE_PREF_CYCLES_DIST_1300                        0        0.000%                0        0.000%
L1_LATE_PREF_CYCLES_DIST_1400                        0        0.000%                0        0.000%
L1_LATE_PREF_CYCLES_DIST_1500                        0        0.000%                0        0.000%
L1_LATE_PREF_CYCLES_DIST_1600                        0        0.000%                0        0.000%
L1_LATE_PREF_CYCLES_DIST_1700                        0        0.000%                0        0.000%
L1_LATE_PREF_CYCLES_DIST_1800                        0        0.000%                0        0.000%
L1_LATE_PREF_CYCLES_DIST_1900                        0        0.000%                0        0.000%
L1_LATE_PREF_CYCLES_DIST_2000                        0        0.000%                0        0.000%
                                                   266      100.000%              660      100.000%
                                                  0.68         1.66              1.28         1.97

MLC_PREF_HIT                                     80022                         169597              

MLC_PREF_UNIQUE_HIT                               2929                           7784              

MLC_PREF_LATE                                        0                              0              

PREF_HYBRID_SEL_0                                    0         -nan%                0         -nan%
PREF_HYBRID_SEL_1                                    0         -nan%                0         -nan%
PREF_HYBRID_SEL_2                                    0         -nan%                0         -nan%
PREF_HYBRID_SEL_3                                    0         -nan%                0         -nan%
PREF_HYBRID_SEL_4                                    0         -nan%                0         -nan%
PREF_HYBRID_SEL_5                                    0         -nan%                0         -nan%
PREF_HYBRID_SEL_6                                    0         -nan%                0         -nan%
                                                     0         -nan%                0         -nan%
                                                  -nan         -nan              -nan         -nan

PREF_DISTANCE_1                                      0         -nan%                0         -nan%
PREF_DISTANCE_2                                      0         -nan%                0         -nan%
PREF_DISTANCE_3                                      0         -nan%                0         -nan%
PREF_DISTANCE_4                                      0         -nan%                0         -nan%
PREF_DISTANCE_5                                      0         -nan%                0         -nan%
PREF_DISTANCE_6                                      0         -nan%                0         -nan%
PREF_DISTANCE_7                                      0         -nan%                0         -nan%
PREF_DISTANCE_8                                      0         -nan%                0         -nan%
PREF_DISTANCE_9                                      0         -nan%                0         -nan%
PREF_DISTANCE_10                                     0         -nan%                0         -nan%
                                                     0         -nan%                0         -nan%
                                                  -nan         -nan              -nan         -nan

PREF_REPL_MRU                                        0         -nan%                0         -nan%
PREF_REPL_MID                                        0         -nan%                0         -nan%
PREF_REPL_LOWQTR                                     0         -nan%                0         -nan%
PREF_REPL_LRU                                        0         -nan%                0         -nan%
                                                     0         -nan%                0         -nan%
                                                  -nan         -nan              -nan         -nan

PREF_REPL_MOVEDOWN                                   0         -nan%                0         -nan%
PREF_REPL_MOVEUP                                     0         -nan%                0         -nan%
                                                     0         -nan%                0         -nan%
                                                  -nan         -nan              -nan         -nan

PREF_COV_1                                           0         -nan%                0         -nan%
PREF_COV_2                                           0         -nan%                0         -nan%
PREF_COV_3                                           0         -nan%                0         -nan%
PREF_COV_4                                           0         -nan%                0         -nan%
PREF_COV_5                                           0         -nan%                0         -nan%
PREF_COV_6                                           0         -nan%                0         -nan%
PREF_COV_7                                           0         -nan%                0         -nan%
PREF_COV_8                                           0         -nan%                0         -nan%
PREF_COV_9                                           0         -nan%                0         -nan%
PREF_COV_10                                          0         -nan%                0         -nan%
                                                     0         -nan%                0         -nan%
                                                  -nan         -nan              -nan         -nan

PREF_POL_1                                           0         -nan%                0         -nan%
PREF_POL_2                                           0         -nan%                0         -nan%
PREF_POL_3                                           0         -nan%                0         -nan%
PREF_POL_4                                           0         -nan%                0         -nan%
PREF_POL_5                                           0         -nan%                0         -nan%
PREF_POL_6                                           0         -nan%                0         -nan%
PREF_POL_7                                           0         -nan%                0         -nan%
PREF_POL_8                                           0         -nan%                0         -nan%
PREF_POL_9                                           0         -nan%                0         -nan%
PREF_POL_10                                          0         -nan%                0         -nan%
                                                     0         -nan%                0         -nan%
                                                  -nan         -nan              -nan         -nan

PREF_ACC_1                                           0         -nan%                0         -nan%
PREF_ACC_2                                           0         -nan%                0         -nan%
PREF_ACC_3                                           0         -nan%                0         -nan%
PREF_ACC_4                                           0         -nan%                0         -nan%
PREF_ACC_5                                           0         -nan%                0         -nan%
PREF_ACC_6                                           0         -nan%                0         -nan%
PREF_ACC_7                                           0         -nan%                0         -nan%
PREF_ACC_8                                           0         -nan%                0         -nan%
PREF_ACC_9                                           0         -nan%                0         -nan%
PREF_ACC_10                                          0         -nan%                0         -nan%
                                                     0         -nan%                0         -nan%
                                                  -nan         -nan              -nan         -nan

PREF_TIMELY_1                                        0         -nan%                0         -nan%
PREF_TIMELY_2                                        0         -nan%                0         -nan%
PREF_TIMELY_3                                        0         -nan%                0         -nan%
PREF_TIMELY_4                                        0         -nan%                0         -nan%
PREF_TIMELY_5                                        0         -nan%                0         -nan%
PREF_TIMELY_6                                        0         -nan%                0         -nan%
PREF_TIMELY_7                                        0         -nan%                0         -nan%
PREF_TIMELY_8                                        0         -nan%                0         -nan%
PREF_TIMELY_9                                        0         -nan%                0         -nan%
PREF_TIMELY_10                                       0         -nan%                0         -nan%
                                                     0         -nan%                0         -nan%
                                                  -nan         -nan              -nan         -nan

PREF_UNUSED_EVICT                                17147                          38847              

PREF_REGION_SENT                                     0                              0              

PREF_REGION_USEFUL                                   0                              0              

PREF_REGION_EVICT                                    0                              0              

PREF_PFPOL                                           0                              0              

PREF_PHASE_NEWPHASE_DET                              0                              0              

PREF_PHASE_NEWPHASE_NOTVALID                         0                              0              

PREF_PHASE_SENTPREF                                  0                              0              

PREF_PHASE_OVERWRITE_PAGE                            0                              0              

PREF_UPDATE_COUNT                                    0                              0              

PREF_ACC1_HT_HP                                      0         -nan%                0         -nan%
PREF_ACC1_HT_LP                                      0         -nan%                0         -nan%
PREF_ACC1_LT_HP                                      0         -nan%                0         -nan%
PREF_ACC1_LT_LP                                      0         -nan%                0         -nan%
PREF_ACC2_HT_HP                                      0         -nan%                0         -nan%
PREF_ACC2_HT_LP                                      0         -nan%                0         -nan%
PREF_ACC2_LT_HP                                      0         -nan%                0         -nan%
PREF_ACC2_LT_LP                                      0         -nan%                0         -nan%
PREF_ACC3_HT_HP                                      0         -nan%                0         -nan%
PREF_ACC3_HT_LP                                      0         -nan%                0         -nan%
PREF_ACC3_LT_HP                                      0         -nan%                0         -nan%
PREF_ACC3_LT_LP                                      0         -nan%                0         -nan%
PREF_ACC4_HT_HP                                      0         -nan%                0         -nan%
PREF_ACC4_HT_LP                                      0         -nan%                0         -nan%
PREF_ACC4_LT_HP                                      0         -nan%                0         -nan%
PREF_ACC4_LT_LP                                      0         -nan%                0         -nan%
                                                     0         -nan%                0         -nan%
                                                  -nan         -nan              -nan         -nan

FDIP_DECIDE_PREF_ONPATH                        1515349                        3030065              

FDIP_DECIDE_PREF_OFFPATH                        930100                        1911523              

FDIP_NEW_PREFETCHES_ONPATH                      449830                         899340              

FDIP_NEW_PREFETCHES_OFFPATH                     258091                         527763              

FDIP_PREF_ICACHE_PROBE_HIT_ONPATH               948196                        1896097              

FDIP_PREF_ICACHE_PROBE_HIT_OFFPATH              618708                        1273891              

FDIP_PREF_MSHR_PROBE_HIT_ONPATH                 117323                         234628              

FDIP_PREF_MSHR_PROBE_HIT_OFFPATH                 53301                         109869              

FDIP_ATTEMPTED_PREF_ONPATH                     1523843                        3050211              

FDIP_ATTEMPTED_PREF_OFFPATH                    1011777                        2108563              

FDIP_ALT_PATH_PREFETCHES_IC_EMITTED                  0                              0              

FDIP_ALT_PATH_PREFETCHES_IC_TRIGGERED                0                              0              

FDIP_ALT_PATH_PREFETCHES_UOC_EMITTED_OFF_PATH             0         -nan%                0         -nan%
FDIP_ALT_PATH_PREFETCHES_UOC_EMITTED_ON_PATH             0         -nan%                0         -nan%
                                                     0         -nan%                0         -nan%
                                                  -nan         -nan              -nan         -nan

FDIP_ALT_PATH_PREFETCHES_UOC_TRIGGERED               0                              0              

FDIP_BREAK_REACH_FTQ_END                       3665312       80.355%          7797176       81.043%
FDIP_BREAK_FTQ_EMPTY                                 0        0.000%                0        0.000%
FDIP_BREAK_MAX_FTQ_ENTRY_CYC                    896059       19.645%          1823818       18.957%
FDIP_BREAK_FULL_MEM_REQ_BUF                          0        0.000%                3        0.000%
                                               4561371      100.000%          9620997      100.000%
                                                  0.39         0.71              0.38         0.71

FDIP_CYCLE_COUNT                                     0                              0              

ICACHE_USEFUL_FETCHES                              114                           3726              

USEFUL_CACHELINES_RETIRED                            0                              0              

ICACHE_UNUSEFUL_FETCHES                             54                           6652              

UNIQUE_MISSED_LINES                                104                           3016              

UNIQUE_HIT_LINES                                     5                           3928              

UNIQUE_PREFETCHED_LINES                              0                              0              

FDIP_BTB_MISS_NT_RESTEER_ONPATH                  47099                          97389              

FDIP_BTB_MISS_NT_RESTEER_OFFPATH                 53375                         106816              

FDIP_UTILITY_HASH_HIT                                0         -nan%                0         -nan%
FDIP_UTILITY_HASH_MISS                               0         -nan%                0         -nan%
                                                     0         -nan%                0         -nan%
                                                  -nan         -nan              -nan         -nan

FDIP_UC_HIT                                          0         -nan%                0         -nan%
FDIP_UC_MISS                                         0         -nan%                0         -nan%
                                                     0         -nan%                0         -nan%
                                                  -nan         -nan              -nan         -nan

FDIP_UC_USEFUL_LINES                                 0                              0              

FDIP_UC_REPLACEMENT                                  0                              0              

FDIP_BLOOM_HIT                                 1482807       94.267%          2943071       93.128%
FDIP_BLOOM_MISS                                  90171        5.733%           217179        6.872%
                                               1572978      100.000%          3160250      100.000%
                                                  0.06         0.23              0.07         0.24

FDIP_BLOOM_INSERTED                                173                           4384              

FDIP_BLOOM_CLEAR1                                    0                              0              

FDIP_BLOOM_CLEAR2                                    0                              0              

FDIP_BLOOM_CLEAR4                                    0                              0              

FDIP_BLOOM_1STREAM                                   0                              0              

FDIP_BLOOM_2STREAM                                   0                              0              

FDIP_BLOOM_3STREAM                                   0                              0              

FDIP_BLOOM_4STREAM                                   0                              0              

FDIP_BLOOM_5STREAM                                   0                              0              

FDIP_BLOOM_6STREAM                                   0                              0              

FDIP_BLOOM_7STREAM                                   0                              0              

FDIP_BLOOM_8STREAM                                   0                              0              

FDIP_BLOOM_1INSERT                                 125                           3206              

FDIP_BLOOM_2INSERT                                  24                            489              

FDIP_BLOOM_4INSERT                                   0                             50              

FDIP_BLOOM_NOSTREAM                                  0                              0              

FDIP_AVG_FTQ_OCCUPANCY_OPS                         178                            178              

FDIP_AVG_FTQ_OCCUPANCY                              23                             23              

FDIP_FTQ_OCCUPANCY_OPS_ACCUMULATED           792752800                     1713703742              

FDIP_FTQ_OCCUPANCY_BLOCKS_ACCUMULATED        105172089                      224040473              

FDIP_TRAINING_SAMPLE                                 0                              0              

FDIP_SENIORITY_FTQ_ACCUMULATED              1525167527                     3323670688              

FDIP_SENIORITY_FTQ_HIT                             118                           6389              

FDIP_SENIORITY_FTQ_MISS                         776997                        1553065              

FDIP_OFF_CONF_ON_PREF_CANDIDATES                 26300        1.037%            99498        1.929%
FDIP_OFF_CONF_OFF_PREF_CANDIDATES               985477       38.865%          2009065       38.945%
FDIP_ON_CONF_ON_PREF_CANDIDATES                 936342       36.928%          1899022       36.811%
FDIP_ON_CONF_OFF_PREF_CANDIDATES                587501       23.170%          1151189       22.315%
                                               2535620      100.000%          5158774      100.000%
                                                  1.82         1.17              1.80         1.14

FDIP_ON_CONF_ON_EMITTED                         360408       41.023%           726897       41.031%
FDIP_ON_CONF_OFF_EMITTED                        206745       23.533%           407071       22.978%
FDIP_OFF_CONF_ON_EMITTED                          3739        0.426%            22323        1.260%
FDIP_OFF_CONF_OFF_EMITTED                       307653       35.018%           615309       34.732%
                                                878545      100.000%          1771600      100.000%
                                                  1.29         1.28              1.30         1.27

FDIP_OFF_CONF_ON_NUM_EVENTS                       1480                           5434              

FDIP_OFF_CONF_ON_BTB_MISS                            0        0.000%                0        0.000%
FDIP_OFF_CONF_ON_BP_INCORRECT                     1333       90.068%             5066       93.228%
FDIP_OFF_CONF_ON_MISFETCH                          147        9.932%              368        6.772%
FDIP_OFF_CONF_ON_NO_TARGET                           0        0.000%                0        0.000%
                                                  1480      100.000%             5434      100.000%
                                                  1.10         0.30              1.07         0.25

FDIP_OFF_CONF_ON_BTB_MISS_PREF_CANDIDATES             0        0.000%                0        0.000%
FDIP_OFF_CONF_ON_BP_INCORRECT_PREF_CANDIDATES         25118       95.506%            95158       95.638%
FDIP_OFF_CONF_ON_MISFETCH_PREF_CANDIDATES          1182        4.494%             4340        4.362%
FDIP_OFF_CONF_ON_NO_TARGET_PREF_CANDIDATES             0        0.000%                0        0.000%
                                                 26300      100.000%            99498      100.000%
                                                  1.04         0.21              1.04         0.20

FDIP_OFF_CONF_ON_BTB_MISS_EMITTED                    0        0.000%                0        0.000%
FDIP_OFF_CONF_ON_BP_INCORRECT_EMITTED             3719       99.465%            22247       99.660%
FDIP_OFF_CONF_ON_MISFETCH_EMITTED                   20        0.535%               76        0.340%
FDIP_OFF_CONF_ON_NO_TARGET_EMITTED                   0        0.000%                0        0.000%
                                                  3739      100.000%            22323      100.000%
                                                  1.01         0.07              1.00         0.06

FDIP_OFF_CONF_ON_BP_INCORRECT_0_CONF               217       16.279%              577       11.390%
FDIP_OFF_CONF_ON_BP_INCORRECT_1_CONF               361       27.082%             2086       41.176%
FDIP_OFF_CONF_ON_BP_INCORRECT_2_CONF               212       15.904%              476        9.396%
FDIP_OFF_CONF_ON_BP_INCORRECT_3_CONF               543       40.735%             1927       38.038%
                                                  1333      100.000%             5066      100.000%
                                                  1.81         1.45              1.74         1.41

FDIP_OFF_CONF_ON_BTB_MISS_CBR_0_CONF                 0         -nan%                0         -nan%
FDIP_OFF_CONF_ON_BTB_MISS_CBR_1_CONF                 0         -nan%                0         -nan%
FDIP_OFF_CONF_ON_BTB_MISS_CBR_2_CONF                 0         -nan%                0         -nan%
FDIP_OFF_CONF_ON_BTB_MISS_CBR_3_CONF                 0         -nan%                0         -nan%
                                                     0         -nan%                0         -nan%
                                                  -nan         -nan              -nan         -nan

FDIP_OFF_CONF_ON_BTB_MISS_NOT_CF                     0         -nan%                0         -nan%
FDIP_OFF_CONF_ON_BTB_MISS_CF_BR                      0         -nan%                0         -nan%
FDIP_OFF_CONF_ON_BTB_MISS_CF_CBR                     0         -nan%                0         -nan%
FDIP_OFF_CONF_ON_BTB_MISS_CF_CALL                    0         -nan%                0         -nan%
FDIP_OFF_CONF_ON_BTB_MISS_CF_IBR                     0         -nan%                0         -nan%
FDIP_OFF_CONF_ON_BTB_MISS_CF_ICALL                   0         -nan%                0         -nan%
FDIP_OFF_CONF_ON_BTB_MISS_CF_ICO                     0         -nan%                0         -nan%
FDIP_OFF_CONF_ON_BTB_MISS_CF_RET                     0         -nan%                0         -nan%
FDIP_OFF_CONF_ON_BTB_MISS_CF_SYS                     0         -nan%                0         -nan%
                                                     0         -nan%                0         -nan%
                                                  -nan         -nan              -nan         -nan

FDIP_ON_CONF_OFF_NUM_EVENTS                      17387                          34886              

FDIP_ON_CONF_OFF_NUM_BTB_MISS                   195695                         388299              

FDIP_ON_CONF_OFF_NUM_OP_DIST_INC                     0                              0              

FDIP_ON_CONF_OFF_NUM_CF_BR                       53504        7.329%           104365        7.228%
FDIP_ON_CONF_OFF_NUM_CF_CBR                     425372       58.269%           841844       58.303%
FDIP_ON_CONF_OFF_NUM_CF_CALL                     94359       12.926%           187612       12.993%
FDIP_ON_CONF_OFF_NUM_CF_IBR                      19505        2.672%            38209        2.646%
FDIP_ON_CONF_OFF_NUM_CF_ICALL                    17886        2.450%            35798        2.479%
FDIP_ON_CONF_OFF_NUM_CF_ICO                          0        0.000%                0        0.000%
FDIP_ON_CONF_OFF_NUM_CF_RET                     110668       15.160%           218485       15.131%
FDIP_ON_CONF_OFF_NUM_CF_SYS                       8725        1.195%            17598        1.219%
                                                730019      100.000%          1443911      100.000%
                                                  2.01         1.86              2.01         1.87

FDIP_ON_CONF_OFF_NUM_CONF_0_BR                     954        0.131%             3072        0.213%
FDIP_ON_CONF_OFF_NUM_CONF_1_BR                   14310        1.960%            30265        2.096%
FDIP_ON_CONF_OFF_NUM_CONF_2_BR                    1064        0.146%             3357        0.232%
FDIP_ON_CONF_OFF_NUM_CONF_3_BR                  713691       97.763%          1407217       97.459%
                                                730019      100.000%          1443911      100.000%
                                                  2.96         2.94              2.95         2.93

FDIP_BTB_NUM_CYCLES_OFF_PATH_EVENT                6800                          13573              

FDIP_BP_CONF_0_MISPRED                             533        0.017%             1585        0.025%
FDIP_BP_CONF_1_MISPRED                            2618        0.083%             7893        0.123%
FDIP_BP_CONF_2_MISPRED                             586        0.019%             1472        0.023%
FDIP_BP_CONF_3_MISPRED                           61360        1.940%           122135        1.907%
FDIP_BP_CONF_0_CORRECT                            3489        0.110%            19753        0.308%
FDIP_BP_CONF_1_CORRECT                           62482        1.976%           155618        2.429%
FDIP_BP_CONF_2_CORRECT                            4258        0.135%            16008        0.250%
FDIP_BP_CONF_3_CORRECT                         3027500       95.721%          6081329       94.935%
                                               3162826      100.000%          6405793      100.000%
                                                  6.87         6.75              6.85         6.71

FDIP_ON_CONF_OFF_BTB_MISS_BP_TAKEN_CONF_0            15        0.086%              175        0.502%
FDIP_ON_CONF_OFF_BTB_MISS_BP_TAKEN_CONF_1           289        1.662%              888        2.545%
FDIP_ON_CONF_OFF_BTB_MISS_BP_TAKEN_CONF_2            22        0.127%               86        0.247%
FDIP_ON_CONF_OFF_BTB_MISS_BP_TAKEN_CONF_3         11295       64.962%            22728       65.149%
FDIP_ON_CONF_OFF_BTB_MISS_RATE                    5766       33.163%            11009       31.557%
FDIP_ON_CONF_OFF_INV_CONF_INC                        0        0.000%                0        0.000%
                                                 17387      100.000%            34886      100.000%
                                                  3.29         0.56              3.25         0.59

FDIP_ON_CONF_OFF_BTB_MISS_BP_TAKEN_CONF_0_PREF_CANDIDATES           379        0.065%             1337        0.116%
FDIP_ON_CONF_OFF_BTB_MISS_BP_TAKEN_CONF_1_PREF_CANDIDATES          9033        1.538%            18037        1.567%
FDIP_ON_CONF_OFF_BTB_MISS_BP_TAKEN_CONF_2_PREF_CANDIDATES           588        0.100%             1658        0.144%
FDIP_ON_CONF_OFF_BTB_MISS_BP_TAKEN_CONF_3_PREF_CANDIDATES        294320       50.097%           588172       51.093%
FDIP_ON_CONF_OFF_BTB_MISS_RATE_PREF_CANDIDATES        283181       48.201%           541985       47.080%
FDIP_ON_CONF_OFF_INV_CONF_INC_PREF_CANDIDATES             0        0.000%                0        0.000%
                                                587501      100.000%          1151189      100.000%
                                                  3.45         0.58              3.43         0.59

FDIP_ON_CONF_OFF_BTB_MISS_BP_TAKEN_CONF_0_EMITTED           198        0.096%              589        0.145%
FDIP_ON_CONF_OFF_BTB_MISS_BP_TAKEN_CONF_1_EMITTED          3876        1.875%             7369        1.810%
FDIP_ON_CONF_OFF_BTB_MISS_BP_TAKEN_CONF_2_EMITTED           319        0.154%              807        0.198%
FDIP_ON_CONF_OFF_BTB_MISS_BP_TAKEN_CONF_3_EMITTED        140947       68.174%           281253       69.092%
FDIP_ON_CONF_OFF_BTB_MISS_RATE_EMITTED           61405       29.701%           117053       28.755%
FDIP_ON_CONF_OFF_INV_CONF_INC_EMITTED                0        0.000%                0        0.000%
                                                206745      100.000%           407071      100.000%
                                                  3.26         0.55              3.25         0.55

ICACHE_FIRST_MISS_AFTER_WARMUP_SEEN_DURING_WARMUP             3      100.000%                3      100.000%
ICACHE_FIRST_MISS_AFTER_WARMUP_NOT_SEEN_DURING_WARMUP             0        0.000%                0        0.000%
                                                     3      100.000%                3      100.000%
                                                  0.00         0.00              0.00         0.00

ICACHE_FIRST_MISS_AFTER_WARMUP_NO_PREF_DURING_WARMUP             3      100.000%                3      100.000%
ICACHE_FIRST_MISS_AFTER_WARMUP_TRAINED_UNUSEFUL_DURING_WARMUP             0        0.000%                0        0.000%
ICACHE_FIRST_MISS_AFTER_WARMUP_TRAINED_USEFUL_DURING_WARMUP             0        0.000%                0        0.000%
                                                     3      100.000%                3      100.000%
                                                  0.00         0.00              0.00         0.00

FDIP_PREFETCH_EVICT_NO_HIT_ONLY_ONCE                 0                              0              

FDIP_PREFETCH_HIT_ICACHE                       1566904       64.074%          3169988       64.149%
FDIP_PREFETCH_HIT_MLC                           823001       33.654%          1648261       33.355%
FDIP_PREFETCH_HIT_L1                             55458        2.268%           111807        2.263%
FDIP_PREFETCH_HIT_DRAM                              86        0.004%            11535        0.233%
                                               2445449      100.000%          4941591      100.000%
                                                  0.38         0.43              0.39         0.45

FDIP_MEM_BUF_MISS                                    0         -nan%                0         -nan%
FDIP_MEM_BUF_FOUND                                   0         -nan%                0         -nan%
                                                     0         -nan%                0         -nan%
                                                  -nan         -nan              -nan         -nan

DJOLT_PREFETCH_ENTRY                                 0                              0              

DJOLT_PREFETCH_INITIAL                               0                              0              

DJOLT_PREFETCH_SIG                                   0                              0              

FNLMMA_PREFETCH_TYPE0                                0         -nan%                0         -nan%
FNLMMA_PREFETCH_TYPE1                                0         -nan%                0         -nan%
FNLMMA_PREFETCH_TYPE2                                0         -nan%                0         -nan%
FNLMMA_PREFETCH_TYPE3                                0         -nan%                0         -nan%
FNLMMA_PREFETCH_TYPE4                                0         -nan%                0         -nan%
                                                     0         -nan%                0         -nan%
                                                  -nan         -nan              -nan         -nan



