/* -*- Mode: c -*- */
####################################################################################################
Core 0
####################################################################################################
Cumulative:        Cycles: 21973115              Instructions: 21469670              IPC: 0.97709

Periodic:          Cycles: 9865744               Instructions: 10858258              IPC: 1.10060

EXECUTION_TIME                           3083045000000                  6866598437500              

NODE_CYCLE                                     9865744                       21973115              

NODE_INST_COUNT                               10858258                       21469670              

NODE_INST_COUNT_FETCHED                        9999996                       20000000              

NODE_UOP_COUNT                                15464729                       29883755              

FULL_WINDOW_STALL                              3655572       37.053%          9428529       42.909%

FULL_WINDOW_MEM_OP                             3264011       99.964%          8560848       99.969%
FULL_WINDOW_FP_OP                                    0        0.000%                0        0.000%
FULL_WINDOW_OTHER_OP                              1165        0.036%             2644        0.031%
                                               3265176      100.000%          8563492      100.000%
                                                  0.00         0.04              0.00         0.04

RET_BLOCKED_DC_MISS                            5323703       53.961%         12905947       58.735%

RET_BLOCKED_L1_MISS                            2143867       21.730%          6975642       31.746%

RET_BLOCKED_L1_MISS_BW_PREF                       1567        0.016%            84045        0.382%

RET_BLOCKED_L1_ACCESS                          3180698       32.240%          5955399       27.103%

RET_BLOCKED_MEM_STALL                          2143876       21.731%          6975651       31.746%

RET_BLOCKED_OFFCHIP_DEMAND                           0        0.000%                0        0.000%

OP_ISSUED                                     28939794                       58460699              

OP_RETIRED                                    15464729                       29883755              

REPLAY_SIGNALED                                      0                              0              

REPLAY_COUNTED                                       0                              0              

OFF_CRITICAL_PATH                                    0         -nan%                0         -nan%
ON_CRITICAL_PATH                                     0         -nan%                0         -nan%
                                                     0         -nan%                0         -nan%
                                                  -nan         -nan              -nan         -nan

LD_NO_DEPENDENTS                                 78160        3.492%           189918        4.226%
LD_DEPENDENTS                                  2160133       96.508%          4304271       95.774%
                                               2238293      100.000%          4494189      100.000%
                                                  0.97         0.95              0.96         0.94

LD_EXEC_CYCLES_0                                     0        0.000%                0        0.000%
LD_EXEC_CYCLES_1                                     0        0.000%                0        0.000%
LD_EXEC_CYCLES_2                                     0        0.000%                0        0.000%
LD_EXEC_CYCLES_3                                  1088       54.022%             1649       53.871%
LD_EXEC_CYCLES_4                                   926       45.978%             1412       46.129%
                                                  2014      100.000%             3061      100.000%
                                                  3.46         2.40              3.46         2.40

ICACHE_STAGE_STARVED                             28189        0.874%            80475        1.288%
ICACHE_STAGE_NOT_STARVED                       3197132       99.126%          6167961       98.712%
                                               3225321      100.000%          6248436      100.000%
                                                  0.99         0.99              0.99         0.98

ICACHE_STAGE_STALLED                            823576        8.348%          2148320        9.777%
ICACHE_STAGE_NOT_STALLED                       3225320       32.692%          6248436       28.437%
ICACHE_STAGE_OFF_PATH                          5816848       58.960%         13576359       61.786%
                                               9865744      100.000%         21973115      100.000%
                                                  1.51         1.25              1.52         1.28

DECODE_STAGE_STARVED                           4664916       70.179%          9600742       68.765%
DECODE_STAGE_NOT_STARVED                       1982221       29.821%          4360945       31.235%
                                               6647137      100.000%         13961687      100.000%
                                                  0.30         0.42              0.31         0.42

DECODE_STAGE_STALLED                            835913        8.473%          2166759        9.861%
DECODE_STAGE_NOT_STALLED                       5811224       58.903%         11794928       53.679%
DECODE_STAGE_OFF_PATH                          3218607       32.624%          8011428       36.460%
                                               9865744      100.000%         21973115      100.000%
                                                  1.24         0.85              1.27         0.90

UOPQ_STAGE_STARVED                             4666327       47.298%          9603168       43.704%
UOPQ_STAGE_NOT_STARVED                         5199417       52.702%         12369947       56.296%
                                               9865744      100.000%         21973115      100.000%
                                                  0.53         0.51              0.56         0.53

UOPQ_STAGE_STALLED                                   0        0.000%                0        0.000%
UOPQ_STAGE_NOT_STALLED                         9865744      100.000%         21973115      100.000%
UOPQ_STAGE_OFF_PATH                                  0        0.000%                0        0.000%
                                               9865744      100.000%         21973115      100.000%
                                                  1.00         0.00              1.00         0.00

MAP_STAGE_STARVED                               119332        2.760%           273048        3.032%
MAP_STAGE_NOT_STARVED                          4204547       97.240%          8732287       96.968%
                                               4323879      100.000%          9005335      100.000%
                                                  0.97         0.96              0.97         0.96

MAP_STAGE_STALLED                               924510        9.371%          2382110       10.841%
MAP_STAGE_NOT_STALLED                          3399369       34.456%          6623225       30.142%
MAP_STAGE_OFF_PATH                             5541865       56.173%         12967780       59.017%
                                               9865744      100.000%         21973115      100.000%
                                                  1.47         1.20              1.48         1.23

EXEC_STAGE_STARVED                             1409431       14.286%          2575462       11.721%
EXEC_STAGE_NOT_STARVED                         3609513       36.586%          7850047       35.726%
EXEC_STAGE_OFF_PATH                            4846800       49.128%         11547606       52.553%
                                               9865744      100.000%         21973115      100.000%
                                                  1.35         1.07              1.41         1.13

FU_BUSY_0                                      6716044                       13694642              

FU_BUSY_1                                      4886723                        9791992              

FU_BUSY_2                                      1899150                        3890650              

FU_BUSY_3                                       763984                        1583430              

FU_BUSY_4                                      3449777                        6826810              

FU_BUSY_5                                      1279519                        2380545              

FU_BUSY_6                                      4935889                        9888883              

FU_BUSY_7                                      2883234                        5611060              

FU_BUSY_8                                      1933425                        3725744              

FU_BUSY_9                                      1375994                        2531653              

FU_BUSY_10                                           0                              0              

FU_BUSY_11                                           0                              0              

FU_BUSY_12                                           0                              0              

FU_BUSY_13                                           0                              0              

FU_BUSY_14                                           0                              0              

FU_BUSY_15                                           0                              0              

FU_BUSY_16                                           0                              0              

FU_BUSY_17                                           0                              0              

FU_BUSY_18                                           0                              0              

FU_BUSY_19                                           0                              0              

FU_BUSY_20                                           0                              0              

FU_BUSY_21                                           0                              0              

FU_BUSY_22                                           0                              0              

FU_BUSY_23                                           0                              0              

FU_BUSY_24                                           0                              0              

FU_BUSY_25                                           0                              0              

FU_BUSY_26                                           0                              0              

FU_BUSY_27                                           0                              0              

FU_BUSY_28                                           0                              0              

FU_BUSY_29                                           0                              0              

FU_BUSY_30                                           0                              0              

FU_BUSY_31                                           0                              0              

OP_WAIT_0                                     10457008                       20178568              

OP_WAIT_1                                      2165997                        4448332              

OP_WAIT_2                                      1520226                        2819836              

OP_WAIT_3                                       157118                         315752              

OP_WAIT_4                                        99865                         212314              

OP_WAIT_5                                        59711                         110583              

OP_WAIT_6                                        33910                          68635              

OP_WAIT_7                                        26075                          51963              

OP_WAIT_8                                        16790                          36290              

OP_WAIT_9                                        14177                          30114              

OP_WAIT_10                                       11990                          24230              

OP_WAIT_11                                       10987                          21444              

OP_WAIT_12                                        8545                          15760              

OP_WAIT_13                                        7497                          14168              

OP_WAIT_14                                        7566                          14251              

OP_WAIT_15                                        7042                          12472              

OP_WAIT_16                                        6436                          11231              

OP_WAIT_17                                        7273                          11362              

OP_WAIT_18                                        7278                          11841              

OP_WAIT_19                                        5763                           9769              

OP_WAIT_20                                        5390                           8864              

OP_WAIT_21                                        5199                           8360              

OP_WAIT_22                                        4950                           8041              

OP_WAIT_23                                        4806                           7697              

OP_WAIT_24                                        4729                           7397              

OP_WAIT_25                                        4511                           7252              

OP_WAIT_26                                        4440                           7637              

OP_WAIT_27                                        4413                           6948              

OP_WAIT_28                                        4480                           6682              

OP_WAIT_29                                        4332                           6530              

OP_WAIT_30                                        4446                           6620              

OP_WAIT_31                                      781779                        1382812              

ROW_SIZE_0                                     5986868                       14297798              

ROW_SIZE_1                                      685678                        1406616              

ROW_SIZE_2                                      238529                         526196              

ROW_SIZE_3                                      149857                         310157              

ROW_SIZE_4                                      743837                        1329934              

ROW_SIZE_5                                       83168                         177306              

ROW_SIZE_6                                     1743539                        3381335              

ROW_SIZE_7                                           0                              0              

ROW_SIZE_8                                           0                              0              

ROW_SIZE_9                                           0                              0              

ROW_SIZE_10                                          0                              0              

ROW_SIZE_11                                          0                              0              

ROW_SIZE_12                                          0                              0              

ROW_SIZE_13                                          0                              0              

ROW_SIZE_14                                          0                              0              

ROW_SIZE_15                                          0                              0              

ROW_SIZE_16                                          0                              0              

ROW_SIZE_17                                          0                              0              

ROW_SIZE_18                                          0                              0              

ROW_SIZE_19                                          0                              0              

ROW_SIZE_20                                          0                              0              

ROW_SIZE_21                                          0                              0              

ROW_SIZE_22                                          0                              0              

ROW_SIZE_23                                          0                              0              

ROW_SIZE_24                                          0                              0              

ROW_SIZE_25                                          0                              0              

ROW_SIZE_26                                          0                              0              

ROW_SIZE_27                                          0                              0              

ROW_SIZE_28                                          0                              0              

ROW_SIZE_29                                          0                              0              

ROW_SIZE_30                                          0                              0              

ROW_SIZE_31                                          0                              0              

RET_OP_EXEC_COUNT_0                                  0        0.000%                0        0.000%
RET_OP_EXEC_COUNT_1                           15464729      100.000%         29883755      100.000%
RET_OP_EXEC_COUNT_2                                  0        0.000%                0        0.000%
RET_OP_EXEC_COUNT_3                                  0        0.000%                0        0.000%
RET_OP_EXEC_COUNT_4                                  0        0.000%                0        0.000%
RET_OP_EXEC_COUNT_5                                  0        0.000%                0        0.000%
RET_OP_EXEC_COUNT_6                                  0        0.000%                0        0.000%
RET_OP_EXEC_COUNT_7                                  0        0.000%                0        0.000%
RET_OP_EXEC_COUNT_8                                  0        0.000%                0        0.000%
RET_OP_EXEC_COUNT_9                                  0        0.000%                0        0.000%
RET_OP_EXEC_COUNT_10                                 0        0.000%                0        0.000%
RET_OP_EXEC_COUNT_11                                 0        0.000%                0        0.000%
RET_OP_EXEC_COUNT_12                                 0        0.000%                0        0.000%
RET_OP_EXEC_COUNT_13                                 0        0.000%                0        0.000%
RET_OP_EXEC_COUNT_14                                 0        0.000%                0        0.000%
RET_OP_EXEC_COUNT_15                                 0        0.000%                0        0.000%
RET_OP_EXEC_COUNT_16                                 0        0.000%                0        0.000%
RET_OP_EXEC_COUNT_17                                 0        0.000%                0        0.000%
RET_OP_EXEC_COUNT_18                                 0        0.000%                0        0.000%
RET_OP_EXEC_COUNT_19                                 0        0.000%                0        0.000%
RET_OP_EXEC_COUNT_20                                 0        0.000%                0        0.000%
RET_OP_EXEC_COUNT_21                                 0        0.000%                0        0.000%
RET_OP_EXEC_COUNT_22                                 0        0.000%                0        0.000%
RET_OP_EXEC_COUNT_23                                 0        0.000%                0        0.000%
RET_OP_EXEC_COUNT_24                                 0        0.000%                0        0.000%
RET_OP_EXEC_COUNT_25                                 0        0.000%                0        0.000%
RET_OP_EXEC_COUNT_26                                 0        0.000%                0        0.000%
RET_OP_EXEC_COUNT_27                                 0        0.000%                0        0.000%
RET_OP_EXEC_COUNT_28                                 0        0.000%                0        0.000%
RET_OP_EXEC_COUNT_29                                 0        0.000%                0        0.000%
RET_OP_EXEC_COUNT_30                                 0        0.000%                0        0.000%
RET_OP_EXEC_COUNT_31                                 0        0.000%                0        0.000%
RET_OP_EXEC_COUNT_32                                 0        0.000%                0        0.000%
                                              15464729      100.000%         29883755      100.000%
                                                  1.00         0.00              1.00         0.00

RET_STALL_LENGTH_0                            15451046       99.912%         29834561       99.835%
RET_STALL_LENGTH_100                             12383        0.080%            45984        0.154%
RET_STALL_LENGTH_200                               604        0.004%             1402        0.005%
RET_STALL_LENGTH_300                               116        0.001%              324        0.001%
RET_STALL_LENGTH_400                               170        0.001%              408        0.001%
RET_STALL_LENGTH_500                               151        0.001%              335        0.001%
RET_STALL_LENGTH_600                                56        0.000%              107        0.000%
RET_STALL_LENGTH_700                                19        0.000%               32        0.000%
RET_STALL_LENGTH_800                                16        0.000%               20        0.000%
RET_STALL_LENGTH_900                                12        0.000%               23        0.000%
RET_STALL_LENGTH_1000                               23        0.000%               48        0.000%
RET_STALL_LENGTH_1100                               22        0.000%              103        0.000%
RET_STALL_LENGTH_1200                               75        0.000%              306        0.001%
RET_STALL_LENGTH_1300                               22        0.000%               64        0.000%
RET_STALL_LENGTH_1400                                6        0.000%                9        0.000%
RET_STALL_LENGTH_1500                                0        0.000%                3        0.000%
RET_STALL_LENGTH_1600                                1        0.000%                9        0.000%
RET_STALL_LENGTH_1700                                5        0.000%               10        0.000%
RET_STALL_LENGTH_1800                                1        0.000%                5        0.000%
RET_STALL_LENGTH_1900                                0        0.000%                1        0.000%
RET_STALL_LENGTH_2000                                0        0.000%                0        0.000%
RET_STALL_LENGTH_2100                                1        0.000%                1        0.000%
RET_STALL_LENGTH_2200                                0        0.000%                0        0.000%
RET_STALL_LENGTH_2300                                0        0.000%                0        0.000%
RET_STALL_LENGTH_2400                                0        0.000%                0        0.000%
RET_STALL_LENGTH_2500                                0        0.000%                0        0.000%
RET_STALL_LENGTH_2600                                0        0.000%                0        0.000%
RET_STALL_LENGTH_2700                                0        0.000%                0        0.000%
RET_STALL_LENGTH_2800                                0        0.000%                0        0.000%
RET_STALL_LENGTH_2900                                0        0.000%                0        0.000%
RET_STALL_LENGTH_3000                                0        0.000%                0        0.000%
RET_STALL_LENGTH_3100                                0        0.000%                0        0.000%
RET_STALL_LENGTH_3200                                0        0.000%                0        0.000%
RET_STALL_LENGTH_3300                                0        0.000%                0        0.000%
RET_STALL_LENGTH_3400                                0        0.000%                0        0.000%
RET_STALL_LENGTH_3500                                0        0.000%                0        0.000%
RET_STALL_LENGTH_3600                                0        0.000%                0        0.000%
RET_STALL_LENGTH_3700                                0        0.000%                0        0.000%
RET_STALL_LENGTH_3800                                0        0.000%                0        0.000%
RET_STALL_LENGTH_3900                                0        0.000%                0        0.000%
RET_STALL_LENGTH_4000                                0        0.000%                0        0.000%
RET_STALL_LENGTH_4100                                0        0.000%                0        0.000%
RET_STALL_LENGTH_4200                                0        0.000%                0        0.000%
RET_STALL_LENGTH_4300                                0        0.000%                0        0.000%
RET_STALL_LENGTH_4400                                0        0.000%                0        0.000%
RET_STALL_LENGTH_4500                                0        0.000%                0        0.000%
RET_STALL_LENGTH_4600                                0        0.000%                0        0.000%
RET_STALL_LENGTH_4700                                0        0.000%                0        0.000%
RET_STALL_LENGTH_4800                                0        0.000%                0        0.000%
RET_STALL_LENGTH_4900                                0        0.000%                0        0.000%
RET_STALL_LENGTH_5000                                0        0.000%                0        0.000%
                                              15464729      100.000%         29883755      100.000%
                                                  0.00         0.06              0.00         0.07

MEM_BLOCK_LENGTH_0                                  17       94.444%               17       94.444%
MEM_BLOCK_LENGTH_100                                 1        5.556%                1        5.556%
MEM_BLOCK_LENGTH_200                                 0        0.000%                0        0.000%
MEM_BLOCK_LENGTH_300                                 0        0.000%                0        0.000%
MEM_BLOCK_LENGTH_400                                 0        0.000%                0        0.000%
MEM_BLOCK_LENGTH_500                                 0        0.000%                0        0.000%
MEM_BLOCK_LENGTH_600                                 0        0.000%                0        0.000%
MEM_BLOCK_LENGTH_700                                 0        0.000%                0        0.000%
MEM_BLOCK_LENGTH_800                                 0        0.000%                0        0.000%
MEM_BLOCK_LENGTH_900                                 0        0.000%                0        0.000%
MEM_BLOCK_LENGTH_1000                                0        0.000%                0        0.000%
MEM_BLOCK_LENGTH_1100                                0        0.000%                0        0.000%
MEM_BLOCK_LENGTH_1200                                0        0.000%                0        0.000%
MEM_BLOCK_LENGTH_1300                                0        0.000%                0        0.000%
MEM_BLOCK_LENGTH_1400                                0        0.000%                0        0.000%
MEM_BLOCK_LENGTH_1500                                0        0.000%                0        0.000%
MEM_BLOCK_LENGTH_1600                                0        0.000%                0        0.000%
MEM_BLOCK_LENGTH_1700                                0        0.000%                0        0.000%
MEM_BLOCK_LENGTH_1800                                0        0.000%                0        0.000%
MEM_BLOCK_LENGTH_1900                                0        0.000%                0        0.000%
MEM_BLOCK_LENGTH_2000                                0        0.000%                0        0.000%
MEM_BLOCK_LENGTH_2100                                0        0.000%                0        0.000%
MEM_BLOCK_LENGTH_2200                                0        0.000%                0        0.000%
MEM_BLOCK_LENGTH_2300                                0        0.000%                0        0.000%
MEM_BLOCK_LENGTH_2400                                0        0.000%                0        0.000%
MEM_BLOCK_LENGTH_2500                                0        0.000%                0        0.000%
MEM_BLOCK_LENGTH_2600                                0        0.000%                0        0.000%
MEM_BLOCK_LENGTH_2700                                0        0.000%                0        0.000%
MEM_BLOCK_LENGTH_2800                                0        0.000%                0        0.000%
MEM_BLOCK_LENGTH_2900                                0        0.000%                0        0.000%
MEM_BLOCK_LENGTH_3000                                0        0.000%                0        0.000%
MEM_BLOCK_LENGTH_3100                                0        0.000%                0        0.000%
MEM_BLOCK_LENGTH_3200                                0        0.000%                0        0.000%
MEM_BLOCK_LENGTH_3300                                0        0.000%                0        0.000%
MEM_BLOCK_LENGTH_3400                                0        0.000%                0        0.000%
MEM_BLOCK_LENGTH_3500                                0        0.000%                0        0.000%
MEM_BLOCK_LENGTH_3600                                0        0.000%                0        0.000%
MEM_BLOCK_LENGTH_3700                                0        0.000%                0        0.000%
MEM_BLOCK_LENGTH_3800                                0        0.000%                0        0.000%
MEM_BLOCK_LENGTH_3900                                0        0.000%                0        0.000%
MEM_BLOCK_LENGTH_4000                                0        0.000%                0        0.000%
MEM_BLOCK_LENGTH_4100                                0        0.000%                0        0.000%
MEM_BLOCK_LENGTH_4200                                0        0.000%                0        0.000%
MEM_BLOCK_LENGTH_4300                                0        0.000%                0        0.000%
MEM_BLOCK_LENGTH_4400                                0        0.000%                0        0.000%
MEM_BLOCK_LENGTH_4500                                0        0.000%                0        0.000%
MEM_BLOCK_LENGTH_4600                                0        0.000%                0        0.000%
MEM_BLOCK_LENGTH_4700                                0        0.000%                0        0.000%
MEM_BLOCK_LENGTH_4800                                0        0.000%                0        0.000%
MEM_BLOCK_LENGTH_4900                                0        0.000%                0        0.000%
MEM_BLOCK_LENGTH_5000                                0        0.000%                0        0.000%
                                                    18      100.000%               18      100.000%
                                                  0.06         0.23              0.06         0.23

FUS_BUSY_ON_PATH                              20077075        2.0350         38205048        1.7387

FUS_BUSY_OFF_PATH                             10046664        1.0183         21720361        0.9885

FU_BUSY_MEM_STALL                              5227029        0.5298          9649557        0.4392

FUS_EMPTY                                     68533701        6.9466        159805741        7.2728

CHIP_UTILIZATION                                     0        0.0000                0        0.0000

CYCLES_UNDER_MEM_REQ                                 0                              0              

CYCLES_UNDER_NO_MEM_REQ                              0                              0              

CYCLES_UNDER_CRITICAL_MEM_REQ                        0                              0              

CYCLES_UNDER_NONCRITICAL_MEM_REQ                     0                              0              

CHIP_UTILIZATION_UNDER_MEM_REQ                       0          -nan                0          -nan

CHIP_UTILIZATION_UNDER_NO_MEM_REQ                    0          -nan                0          -nan

CHIP_UTILIZATION_UNDER_CRITICAL_MEM_REQ              0          -nan                0          -nan

CHIP_UTILIZATION_UNDER_NONCRITICAL_MEM_REQ             0          -nan                0          -nan

CYCLES_NOT_WAITING_FOR_OFF_CHIP                      0        0.0000                0        0.0000

FUS_BUSY_NOT_WAITING_FOR_OFF_CHIP                    0          -nan                0          -nan

CYCLES_WAITING_FOR_OFF_CHIP                          0        0.0000                0        0.0000

FUS_BUSY_WAITING_FOR_OFF_CHIP                        0          -nan                0          -nan

TOTAL_OFF_CHIP_DELAYS_LEFT                           0                              0              

WRONG_IO_SCHED                                       0                              0              

DVFS_CONFIG_SWITCH                                   0                              0              

UOP_CACHE_ICACHE_SWITCH_ONPATH                       0         -nan%                0         -nan%
UOP_CACHE_ICACHE_SWITCH_OFFPATH                      0         -nan%                0         -nan%
                                                     0         -nan%                0         -nan%
                                                  -nan         -nan              -nan         -nan

MAP_STAGE_RECEIVED_OPS_0                             0        0.000%                0        0.000%
MAP_STAGE_RECEIVED_OPS_1                        164466        5.081%           337525        5.398%
MAP_STAGE_RECEIVED_OPS_2                        170226        5.259%           353351        5.651%
MAP_STAGE_RECEIVED_OPS_3                        175595        5.425%           374605        5.991%
MAP_STAGE_RECEIVED_OPS_4                        949964       29.348%          1677092       26.823%
MAP_STAGE_RECEIVED_OPS_5                         98290        3.037%           209071        3.344%
MAP_STAGE_RECEIVED_OPS_6                       1678373       51.851%          3300700       52.791%
MAP_STAGE_RECEIVED_OPS_7                             0        0.000%                0        0.000%
MAP_STAGE_RECEIVED_OPS_8                             0        0.000%                0        0.000%
MAP_STAGE_RECEIVED_OPS_MAX                           0        0.000%                0        0.000%
                                               3236914      100.000%          6252344      100.000%
                                                  4.76         1.50              4.75         1.53

MAP_STAGE_WAIT_FOR_DECODE                            0         -nan%                0         -nan%
MAP_STAGE_CONSUME_DECODE                             0         -nan%                0         -nan%
                                                     0         -nan%                0         -nan%
                                                  -nan         -nan              -nan         -nan

MAP_STAGE_WAIT_FOR_DECODE2                           0         -nan%                0         -nan%
MAP_STAGE_CONSUME_DECODE2                            0         -nan%                0         -nan%
                                                     0         -nan%                0         -nan%
                                                  -nan         -nan              -nan         -nan

FTQ_RECOVER_EXEC                                 65993                         142685              

FTQ_RECOVER_DECODE                                 176                            593              

FTQ_OFFPATH_CYCLES                             7204398                       16395559              

FTQ_CYCLES_OFFPATH                             7140211                       16256809              

FTQ_CYCLES_ONPATH                              2725533                        5716306              

FTQ_FETCHED_INS_OFFPATH                       29327405                       62791443              

FTQ_FETCHED_INS_ONPATH                        15398263                       29740477              

FTQ_BREAK_FULL_BLOCK_OFFPATH                   6042339       61.247%         13777546       62.702%
FTQ_BREAK_FULL_BLOCK_ONPATH                    1898900       19.248%          4048141       18.423%
FTQ_BREAK_MAX_BLOCKS_OFFPATH                   1163987       11.798%          2622488       11.935%
FTQ_BREAK_MAX_BLOCKS_ONPATH                     760357        7.707%          1524779        6.939%
FTQ_BREAK_PRED_BR_OFFPATH                            0        0.000%                0        0.000%
FTQ_BREAK_PRED_BR_ONPATH                             0        0.000%                0        0.000%
FTQ_BREAK_BAR_FETCH_OFFPATH                          0        0.000%                0        0.000%
FTQ_BREAK_BAR_FETCH_ONPATH                           0        0.000%                0        0.000%
                                               9865583      100.000%         21972954      100.000%
                                                  0.66         0.81              0.63         0.80



