Scarab gitrev: 3067351
Scarab started at Fri Jan  3 09:17:42 2025

Initialized Ramulator. 
** Heartbeat:   5% -- { 1000001 } -- 0.00 KIPS (142.86 KIPS)
** Heartbeat:  10% -- { 2000001 } -- 166.67 KIPS (153.85 KIPS)
** Heartbeat:  15% -- { 3000004 } -- 200.00 KIPS (166.67 KIPS)
** Heartbeat:  20% -- { 4000009 } -- 166.67 KIPS (166.67 KIPS)
** Heartbeat:  25% -- { 5000011 } -- 166.67 KIPS (166.67 KIPS)
** Heartbeat:  30% -- { 6000012 } -- 166.67 KIPS (166.67 KIPS)
** Heartbeat:  35% -- { 7000013 } -- 200.00 KIPS (170.73 KIPS)
** Heartbeat:  40% -- { 8000016 } -- 166.67 KIPS (170.21 KIPS)
** Heartbeat:  45% -- { 9000017 } -- 166.67 KIPS (169.81 KIPS)
** Heartbeat:  50% -- { 10000018 } -- 200.00 KIPS (172.41 KIPS)
** Heartbeat:  55% -- { 11000019 } -- 166.67 KIPS (171.88 KIPS)
** Heartbeat:  60% -- { 12000022 } -- 166.67 KIPS (171.43 KIPS)
** Heartbeat:  65% -- { 13000022 } -- 166.67 KIPS (171.05 KIPS)
** Heartbeat:  70% -- { 14000022 } -- 166.67 KIPS (170.73 KIPS)
** Heartbeat:  75% -- { 15000024 } -- 166.67 KIPS (170.45 KIPS)
** Heartbeat:  80% -- { 16000026 } -- 166.67 KIPS (170.21 KIPS)
** Heartbeat:  85% -- { 17000028 } -- 166.67 KIPS (170.00 KIPS)
** Heartbeat:  90% -- { 18000028 } -- 166.67 KIPS (169.81 KIPS)
** Heartbeat:  95% -- { 19000030 } -- 166.67 KIPS (169.64 KIPS)
Warning could not fetch inst from frontend
Warning could not fetch inst from frontend
Warning could not fetch inst from frontend
Warning could not fetch inst from frontend
Warning could not fetch inst from frontend
Warning could not fetch inst from frontend
Warning could not fetch inst from frontend
Warning could not fetch inst from frontend
Warning could not fetch inst from frontend
Warning could not fetch inst from frontend
Warning could not fetch inst from frontend
Warning could not fetch inst from frontend
Warning could not fetch inst from frontend
Warning could not fetch inst from frontend
Warning could not fetch inst from frontend
Warning could not fetch inst from frontend
Warning could not fetch inst from frontend
Warning could not fetch inst from frontend
Warning could not fetch inst from frontend
Warning could not fetch inst from frontend
Warning could not fetch inst from frontend
Warning could not fetch inst from frontend
Warning could not fetch inst from frontend
Warning could not fetch inst from frontend
Warning could not fetch inst from frontend
Warning could not fetch inst from frontend
Warning could not fetch inst from frontend
Warning could not fetch inst from frontend
Warning could not fetch inst from frontend
Warning could not fetch inst from frontend
Warning could not fetch inst from frontend
Warning could not fetch inst from frontend
Warning could not fetch inst from frontend
Warning could not fetch inst from frontend
Warning could not fetch inst from frontend
Warning could not fetch inst from frontend
Warning could not fetch inst from frontend
Warning could not fetch inst from frontend
Warning could not fetch inst from frontend
Warning could not fetch inst from frontend
Warning could not fetch inst from frontend
Warning could not fetch inst from frontend
Warning could not fetch inst from frontend
Warning could not fetch inst from frontend
Warning could not fetch inst from frontend
Warning could not fetch inst from frontend
Warning could not fetch inst from frontend
Warning could not fetch inst from frontend
Warning could not fetch inst from frontend
Warning could not fetch inst from frontend
Warning could not fetch inst from frontend
Warning could not fetch inst from frontend
Warning could not fetch inst from frontend
Warning could not fetch inst from frontend
Warning could not fetch inst from frontend
Warning could not fetch inst from frontend
Warning could not fetch inst from frontend
Warning could not fetch inst from frontend
Warning could not fetch inst from frontend
Warning could not fetch inst from frontend
Warning could not fetch inst from frontend
Warning could not fetch inst from frontend
Warning could not fetch inst from frontend
Warning could not fetch inst from frontend
Warning could not fetch inst from frontend
Warning could not fetch inst from frontend
Warning could not fetch inst from frontend
Warning could not fetch inst from frontend
Warning could not fetch inst from frontend
Warning could not fetch inst from frontend
Warning could not fetch inst from frontend
Warning could not fetch inst from frontend
Warning could not fetch inst from frontend
Warning could not fetch inst from frontend
Warning could not fetch inst from frontend
Warning could not fetch inst from frontend
Warning could not fetch inst from frontend
Warning could not fetch inst from frontend
Warning could not fetch inst from frontend
Warning could not fetch inst from frontend
Warning could not fetch inst from frontend
Warning could not fetch inst from frontend
Warning could not fetch inst from frontend
Warning could not fetch inst from frontend
Warning could not fetch inst from frontend
Warning could not fetch inst from frontend
Warning could not fetch inst from frontend
Warning could not fetch inst from frontend
Warning could not fetch inst from frontend
Warning could not fetch inst from frontend
Warning could not fetch inst from frontend
Warning could not fetch inst from frontend
Warning could not fetch inst from frontend
Warning could not fetch inst from frontend
Warning could not fetch inst from frontend
Warning could not fetch inst from frontend
Warning could not fetch inst from frontend
Warning could not fetch inst from frontend
Warning could not fetch inst from frontend
Warning could not fetch inst from frontend
Warning could not fetch inst from frontend
Warning could not fetch inst from frontend
Warning could not fetch inst from frontend
Warning could not fetch inst from frontend
Warning could not fetch inst from frontend
Warning could not fetch inst from frontend
Warning could not fetch inst from frontend
Warning could not fetch inst from frontend
Warning could not fetch inst from frontend
Warning could not fetch inst from frontend
Warning could not fetch inst from frontend
Warning could not fetch inst from frontend
Warning could not fetch inst from frontend
Warning could not fetch inst from frontend
Warning could not fetch inst from frontend
Warning could not fetch inst from frontend
Warning could not fetch inst from frontend
Warning could not fetch inst from frontend
Warning could not fetch inst from frontend
Warning could not fetch inst from frontend
** Core 0 Finished:    insts:20138303    cycles:9471765     time:2959926562500       -- 2.13 IPC (2.13 IPC) --  N/A  KIPS (169.49 KIPS)
Scarab finished at Fri Jan  3 09:19:40 2025

