/* -*- Mode: c -*- */
####################################################################################################
Core 0
####################################################################################################
Cumulative:        Cycles: 15895866              Instructions: 20000000              IPC: 1.25819

Periodic:          Cycles: 7264025               Instructions: 9999998               IPC: 1.37665

DCACHE_PREF_HIT                                      0                              0              

IFETCH_WB_FIRST_SCHEDULE                             0         -nan%                0         -nan%
PREFETCH_LAST_SCHEDULE                               0         -nan%                0         -nan%
DEMAND_PASS_PREF_SCHEDULE                            0         -nan%                0         -nan%
DEMAND_PASS_LOW_OP_SCHEDULE                          0         -nan%                0         -nan%
DEMAND_LAST_SCHEDULE                                 0         -nan%                0         -nan%
                                                     0         -nan%                0         -nan%
                                                  -nan         -nan              -nan         -nan

SEND_MISS_REQ_QUEUE                              19640                          87714              

L1_DATA_EVICT                                    19536                          55043              

STREAM_BUFFER_REQ                                    0                              0              

PREF_SEND_TO_MEM_REQ                                 0         -nan%                0         -nan%
PREF_SEND_TO_MEM_REQ_FAIL                            0         -nan%                0         -nan%
                                                     0         -nan%                0         -nan%
                                                  -nan         -nan              -nan         -nan

HIT_TRAIN_STREAM                                  5457       17.889%            17864       18.699%
MISS_TRAIN_STREAM                                25047       82.111%            77671       81.301%
                                                 30504      100.000%            95535      100.000%
                                                  0.82         0.76              0.81         0.75

STREAM_TRAIN_CREATE                              10957                          34638              

MEM_REQ_MISS_HWP_PREF_Q                              0         -nan%                0         -nan%
MEM_REQ_MISS_SW_PREF_Q                               0         -nan%                0         -nan%
MEM_REQ_MISS_IFETCH_Q                                0         -nan%                0         -nan%
MEM_REQ_MISS_DFETCH_Q                                0         -nan%                0         -nan%
MEM_REQ_MISS_DSTORE_Q                                0         -nan%                0         -nan%
MEM_REQ_MISS_DPRF_Q                                  0         -nan%                0         -nan%
MEM_REQ_MISS_WB_Q                                    0         -nan%                0         -nan%
                                                     0         -nan%                0         -nan%
                                                  -nan         -nan              -nan         -nan

PREF_HIT_BY_DEMAND_IFETCH                            0         -nan%                0         -nan%
PREF_HIT_BY_DEMAND_DFETCH                            0         -nan%                0         -nan%
PREF_HIT_BY_DEMAND_DSTORE                            0         -nan%                0         -nan%
PREF_HIT_BY_DEMAND_IPREF                             0         -nan%                0         -nan%
PREF_HIT_BY_DEMAND_DPRF                              0         -nan%                0         -nan%
PREF_HIT_BY_DEMAND_WB                                0         -nan%                0         -nan%
PREF_HIT_BY_PREF                                     0         -nan%                0         -nan%
                                                     0         -nan%                0         -nan%
                                                  -nan         -nan              -nan         -nan

PREF_HIT_DEMAND_IFETCH                               0         -nan%                0         -nan%
PREF_HIT_DEMAND_DFETCH                               0         -nan%                0         -nan%
PREF_HIT_DEMAND_DSTORE                               0         -nan%                0         -nan%
PREF_HIT_DEMAND_IPREF                                0         -nan%                0         -nan%
PREF_HIT_DEMAND_DPRF                                 0         -nan%                0         -nan%
PREF_HIT_DEMAND_WB                                   0         -nan%                0         -nan%
                                                     0         -nan%                0         -nan%
                                                  -nan         -nan              -nan         -nan

PREF_L1_FILL                                         0         -nan%                0         -nan%
DEMAND_L1_FILL                                       0         -nan%                0         -nan%
                                                     0         -nan%                0         -nan%
                                                  -nan         -nan              -nan         -nan

TOUCH_L1_REPLACE                                     0        0.000%                0        0.000%
NO_TOUCH_L1_REPLACE                              19536      100.000%            55043      100.000%
                                                 19536      100.000%            55043      100.000%
                                                  1.00         1.00              1.00         1.00

PREF_REQ_QUE_FULL                                    0                              0              

STREAM_REQ_QUEUE_HIT_BY_DEMAND                       0                              0              

L2HIT_STREAM_PREF_REQ_QUE_FULL                       0                              0              

L2HIT_HIT_TRAIN_STREAM                               0         -nan%                0         -nan%
L2HIT_MISS_TRAIN_STREAM                              0         -nan%                0         -nan%
                                                     0         -nan%                0         -nan%
                                                  -nan         -nan              -nan         -nan

L2HIT_STREAM_TRAIN_CREATE                            0                              0              

L2HIT_STREAM_BUFFER_REQ                              0                              0              

L2HIT_STREAM_PREF_DCACHE_HIT                         0         -nan%                0         -nan%
L2HIT_STREAM_PREF_DCACHE_INSERT                      0         -nan%                0         -nan%
L2HIT_STREAM_L2_MISS                                 0         -nan%                0         -nan%
                                                     0         -nan%                0         -nan%
                                                  -nan         -nan              -nan         -nan

L2HIT_STREAM_DCACHE_PORT_FULL                        0                              0              

L2HIT_STREAM_PREF_L1_PORT_FULL                       0                              0              

L2HIT_TRAIN_HIT_DEMAND                               0         -nan%                0         -nan%
L2HIT_TRAIN_MISS_REQ                                 0         -nan%                0         -nan%
                                                     0         -nan%                0         -nan%
                                                  -nan         -nan              -nan         -nan

L2HIT_TRAIN_FILTER_MISS                              0         -nan%                0         -nan%
L2HIT_TRAIN_FILTER_HIT                               0         -nan%                0         -nan%
                                                     0         -nan%                0         -nan%
                                                  -nan         -nan              -nan         -nan

L2HIT_PREF_REQ_DCACHE_HIT                            0         -nan%                0         -nan%
L2HIT_PREF_REQ_DCACHE_MISS                           0         -nan%                0         -nan%
                                                     0         -nan%                0         -nan%
                                                  -nan         -nan              -nan         -nan

L2HIT_L2SEND_Q_FULL                                  0         -nan%                0         -nan%
L2HIT_L2SEND_Q_ENTER                                 0         -nan%                0         -nan%
                                                     0         -nan%                0         -nan%
                                                  -nan         -nan              -nan         -nan

L2HIT_MEM_REQ                                        0                              0              

REMOVE_REDUNDANT_STREAM_STAT                         0                              0              

REPLACE_OLD_STREAM                               10957                          34622              

REQ_SEND_QUEUE_STALL                                 0                              0              

STREAM_ENTER_RA                                      0                              0              

CORE_STREAM_LENGTH_0                               640       42.328%             1944       41.056%
CORE_STREAM_LENGTH_10                              785       51.918%             2469       52.144%
CORE_STREAM_LENGTH_20                               62        4.101%              224        4.731%
CORE_STREAM_LENGTH_30                                2        0.132%               23        0.486%
CORE_STREAM_LENGTH_40                                2        0.132%               14        0.296%
CORE_STREAM_LENGTH_50                                3        0.198%               15        0.317%
CORE_STREAM_LENGTH_60                                0        0.000%                4        0.084%
CORE_STREAM_LENGTH_70                                0        0.000%                5        0.106%
CORE_STREAM_LENGTH_80                                1        0.066%                4        0.084%
CORE_STREAM_LENGTH_90                                2        0.132%                4        0.084%
CORE_STREAM_LENGTH_100_P                            15        0.992%               29        0.612%
                                                  1512      100.000%             4735      100.000%
                                                  0.74         1.07              0.75         0.96

CORE_CUM_STREAM_LENGTH_0                          4367       22.245%            12893       21.620%
CORE_CUM_STREAM_LENGTH_10                        10726       54.638%            33061       55.439%
CORE_CUM_STREAM_LENGTH_20                         1342        6.836%             4791        8.034%
CORE_CUM_STREAM_LENGTH_30                           68        0.346%              766        1.284%
CORE_CUM_STREAM_LENGTH_40                           84        0.428%              610        1.023%
CORE_CUM_STREAM_LENGTH_50                          164        0.835%              811        1.360%
CORE_CUM_STREAM_LENGTH_60                            0        0.000%              242        0.406%
CORE_CUM_STREAM_LENGTH_70                            0        0.000%              369        0.619%
CORE_CUM_STREAM_LENGTH_80                           84        0.428%              336        0.563%
CORE_CUM_STREAM_LENGTH_90                          184        0.937%              365        0.612%
CORE_CUM_STREAM_LENGTH_100_P                      2612       13.305%             5391        9.040%
                                                 19631      100.000%            59635      100.000%
                                                  2.20         3.19              1.93         2.76

CORE_STREAM_TRAIN_HITS_0                          1457       96.362%             4291       90.623%
CORE_STREAM_TRAIN_HITS_10                           27        1.786%              337        7.117%
CORE_STREAM_TRAIN_HITS_20                            4        0.265%               23        0.486%
CORE_STREAM_TRAIN_HITS_30                            1        0.066%               17        0.359%
CORE_STREAM_TRAIN_HITS_40                            5        0.331%               15        0.317%
CORE_STREAM_TRAIN_HITS_50                            0        0.000%               10        0.211%
CORE_STREAM_TRAIN_HITS_60                            0        0.000%                2        0.042%
CORE_STREAM_TRAIN_HITS_70                            0        0.000%                4        0.084%
CORE_STREAM_TRAIN_HITS_80                            4        0.265%                9        0.190%
CORE_STREAM_TRAIN_HITS_90                            0        0.000%                0        0.000%
CORE_STREAM_TRAIN_HITS_100_P                        14        0.926%               27        0.570%
                                                  1512      100.000%             4735      100.000%
                                                  0.15         1.07              0.20         0.95

CORE_CUM_STREAM_TRAIN_HITS_0                      8207       71.303%            24690       67.085%
CORE_CUM_STREAM_TRAIN_HITS_10                      329        2.858%             3709       10.078%
CORE_CUM_STREAM_TRAIN_HITS_20                       93        0.808%              560        1.522%
CORE_CUM_STREAM_TRAIN_HITS_30                       32        0.278%              585        1.590%
CORE_CUM_STREAM_TRAIN_HITS_40                      209        1.816%              660        1.793%
CORE_CUM_STREAM_TRAIN_HITS_50                        0        0.000%              546        1.484%
CORE_CUM_STREAM_TRAIN_HITS_60                        0        0.000%              135        0.367%
CORE_CUM_STREAM_TRAIN_HITS_70                        0        0.000%              301        0.818%
CORE_CUM_STREAM_TRAIN_HITS_80                      344        2.989%              775        2.106%
CORE_CUM_STREAM_TRAIN_HITS_90                        0        0.000%                0        0.000%
CORE_CUM_STREAM_TRAIN_HITS_100_P                  2296       19.948%             4843       13.159%
                                                 11510      100.000%            36804      100.000%
                                                  2.36         3.72              1.89         3.24

CORE_STREAM_TRAIN_CREATE                         10957                          34638              



