/* -*- Mode: c -*- */
####################################################################################################
Core 0
####################################################################################################
Cumulative:        Cycles: 19715835              Instructions: 20339952              IPC: 1.03166

Periodic:          Cycles: 9241466               Instructions: 10282606              IPC: 1.11266

ST_OP_INV                                            0        0.000%                0        0.000%
ST_OP_NOP                                       174751        0.848%           324726        0.794%
ST_OP_CF                                       3480005       16.891%          6783762       16.578%
ST_OP_MOV                                      2006408        9.739%          4161290       10.169%
ST_OP_CMOV                                      145532        0.706%           356479        0.871%
ST_OP_LDA                                       713301        3.462%          2187103        5.345%
ST_OP_IMEM                                     6264450       30.406%         11837547       28.928%
ST_OP_IADD                                     3605752       17.502%          6104987       14.919%
ST_OP_IMUL                                        8208        0.040%             8530        0.021%
ST_OP_IDIV                                           0        0.000%                0        0.000%
ST_OP_ICMP                                     1663031        8.072%          3627166        8.864%
ST_OP_LOGIC                                    1441973        6.999%          3477989        8.499%
ST_OP_SHIFT                                     770482        3.740%          1590984        3.888%
ST_OP_FMEM                                      328494        1.594%           459663        1.123%
ST_OP_FCVT                                           0        0.000%                0        0.000%
ST_OP_FADD                                           0        0.000%                0        0.000%
ST_OP_FMUL                                           0        0.000%                0        0.000%
ST_OP_FMA                                            0        0.000%                0        0.000%
ST_OP_FDIV                                           0        0.000%                0        0.000%
ST_OP_FCMP                                           0        0.000%                0        0.000%
ST_OP_FCMOV                                          0        0.000%                0        0.000%
ST_OP_GATHER                                         0        0.000%                0        0.000%
ST_OP_SCATTER                                        0        0.000%                0        0.000%
ST_OP_PIPELINED_FAST                                 0        0.000%                0        0.000%
ST_OP_PIPELINED_MEDIUM                               0        0.000%                0        0.000%
ST_OP_PIPELINED_SLOW                                 0        0.000%                0        0.000%
ST_OP_NOTPIPELINED_MEDIUM                           10        0.000%               10        0.000%
ST_OP_NOTPIPELINED_SLOW                              0        0.000%                0        0.000%
ST_OP_NOTPIPELINED_VERY_SLOW                         0        0.000%                0        0.000%
                                              20602397      100.000%         40920236      100.000%
                                                  6.13         3.03              6.16         3.08

ST_NOT_CF                                     17122392       83.109%         34136474       83.422%
ST_CF_BR                                        313716        1.523%           651097        1.591%
ST_CF_CBR                                      2612251       12.679%          5234874       12.793%
ST_CF_CALL                                      187140        0.908%           338353        0.827%
ST_CF_IBR                                        18024        0.087%            55616        0.136%
ST_CF_ICALL                                      77894        0.378%            89085        0.218%
ST_CF_ICO                                            0        0.000%                0        0.000%
ST_CF_RET                                       270980        1.315%           414737        1.014%
ST_CF_SYS                                            0        0.000%                0        0.000%
                                              20602397      100.000%         40920236      100.000%
                                                  0.41         1.02              0.38         0.95

ST_BAR_NONE                                   20602397      100.000%         40920236      100.000%
ST_BAR_FETCH                                         0        0.000%                0        0.000%
ST_BAR_ISSUE                                         0        0.000%                0        0.000%
ST_BAR_BOTH                                          0        0.000%                0        0.000%
                                              20602397      100.000%         40920236      100.000%
                                                  0.00         0.00              0.00         0.00

ST_NOT_MEM                                    14009453       67.999%         28623026       69.948%
ST_MEM_LD                                      4384293       21.280%          8133074       19.875%
ST_MEM_ST                                      2208651       10.720%          4164136       10.176%
ST_MEM_PF                                            0        0.000%                0        0.000%
ST_MEM_WH                                            0        0.000%                0        0.000%
ST_MEM_EVICT                                         0        0.000%                0        0.000%
                                              20602397      100.000%         40920236      100.000%
                                                  0.43         0.58              0.40         0.58

ST_NOT_MEM_OFFPATH                            14280362       70.747%         32791915       72.884%
ST_MEM_LD_OFFPATH                              4246191       21.036%          8809529       19.580%
ST_MEM_ST_OFFPATH                              1658657        8.217%          3390298        7.535%
ST_MEM_PF_OFFPATH                                    0        0.000%                0        0.000%
ST_MEM_WH_OFFPATH                                    0        0.000%                0        0.000%
ST_MEM_EVIC_OFFPATHT                                 0        0.000%                0        0.000%
                                              20185210      100.000%         44991742      100.000%
                                                  0.37         0.55              0.35         0.54

ST_OP_ONPATH                                  20602397                       40920236              

ST_OP_OFFPATH                                 20185210                       44991742              

ST_FAKE_OP_OFFPATH                               44159        0.219%           104955        0.233%
ST_NOT_FAKE_OP_OFFPATH                        20141051       99.781%         44886787       99.767%
                                              20185210      100.000%         44991742      100.000%
                                                  1.00         1.00              1.00         1.00

ST_FAKE_REASON_NOT_FAKE                       20141051       99.781%         44886787       99.767%
ST_FAKE_REASON_REDIRECT_TO_NOT_INSTRUMENTED         44159        0.219%           104955        0.233%
ST_FAKE_REASON_RETURN_TO_NOT_INSTRUMENTED             0        0.000%                0        0.000%
ST_FAKE_REASON_NONRET_CF_TO_NOT_INSTRUMENTED             0        0.000%                0        0.000%
ST_FAKE_REASON_NOT_TAKEN_TO_NOT_INSTRUMENTED             0        0.000%                0        0.000%
ST_FAKE_REASON_WRONG_PATH_STORE_TO_NEW_REGION             0        0.000%                0        0.000%
                                              20185210      100.000%         44991742      100.000%
                                                  0.00         0.05              0.00         0.05

ST_INST_ONPATH                                16590461                       34417861              

ST_INST_OFFPATH                               17211620                       40044275              

STATIC_PIN_NOP                                       0                              0              

DYNAMIC_PIN_REP_GREATER_256                          0                              0              

INST_MAP_UPDATE_JITTED                          578058       23.588%           902337       22.342%
INST_MAP_UPDATE_NPC_INV                              0        0.000%                0        0.000%
INST_MAP_UPDATE_NPC_NOP                              0        0.000%                0        0.000%
INST_MAP_UPDATE_NPC_CF                               0        0.000%                0        0.000%
INST_MAP_UPDATE_NPC_MOV                              0        0.000%                0        0.000%
INST_MAP_UPDATE_NPC_CMOV                             0        0.000%                0        0.000%
INST_MAP_UPDATE_NPC_LDA                              0        0.000%                0        0.000%
INST_MAP_UPDATE_NPC_IMEM                             0        0.000%                0        0.000%
INST_MAP_UPDATE_NPC_IADD                         13464        0.549%            13536        0.335%
INST_MAP_UPDATE_NPC_IMUL                             0        0.000%                0        0.000%
INST_MAP_UPDATE_NPC_IDIV                             0        0.000%                0        0.000%
INST_MAP_UPDATE_NPC_ICMP                             0        0.000%                0        0.000%
INST_MAP_UPDATE_NPC_LOGIC                            0        0.000%                0        0.000%
INST_MAP_UPDATE_NPC_SHIFT                            0        0.000%                0        0.000%
INST_MAP_UPDATE_NPC_FMEM                             0        0.000%                0        0.000%
INST_MAP_UPDATE_NPC_FCVT                             0        0.000%                0        0.000%
INST_MAP_UPDATE_NPC_FADD                             0        0.000%                0        0.000%
INST_MAP_UPDATE_NPC_FMUL                             0        0.000%                0        0.000%
INST_MAP_UPDATE_NPC_FMA                              0        0.000%                0        0.000%
INST_MAP_UPDATE_NPC_FDIV                             0        0.000%                0        0.000%
INST_MAP_UPDATE_NPC_FCMP                             0        0.000%                0        0.000%
INST_MAP_UPDATE_NPC_FCMOV                            0        0.000%                0        0.000%
INST_MAP_UPDATE_NPC_GATHER                           0        0.000%                0        0.000%
INST_MAP_UPDATE_NPC_SCATTER                          0        0.000%                0        0.000%
INST_MAP_UPDATE_NPC_PIPELINED_FAST                   0        0.000%                0        0.000%
INST_MAP_UPDATE_NPC_PIPELINED_MEDIUM                 0        0.000%                0        0.000%
INST_MAP_UPDATE_NPC_PIPELINED_SLOW                   0        0.000%                0        0.000%
INST_MAP_UPDATE_NPC_NOTPIPELINED_MEDIUM              0        0.000%                0        0.000%
INST_MAP_UPDATE_NPC_NOTPIPELINED_SLOW                0        0.000%                0        0.000%
INST_MAP_UPDATE_NPC_NOTPIPELINED_VERY_SLOW             0        0.000%                0        0.000%
INST_MAP_UPDATE_MEM_INV                              0        0.000%                0        0.000%
INST_MAP_UPDATE_MEM_NOP                              0        0.000%                0        0.000%
INST_MAP_UPDATE_MEM_CF                               0        0.000%                0        0.000%
INST_MAP_UPDATE_MEM_MOV                        1505390       61.429%          2572935       63.706%
INST_MAP_UPDATE_MEM_CMOV                             0        0.000%                0        0.000%
INST_MAP_UPDATE_MEM_LDA                              0        0.000%                0        0.000%
INST_MAP_UPDATE_MEM_IMEM                             0        0.000%                0        0.000%
INST_MAP_UPDATE_MEM_IADD                        173977        7.099%           187412        4.640%
INST_MAP_UPDATE_MEM_IMUL                          1845        0.075%             1845        0.046%
INST_MAP_UPDATE_MEM_IDIV                             0        0.000%                0        0.000%
INST_MAP_UPDATE_MEM_ICMP                         80865        3.300%           190942        4.728%
INST_MAP_UPDATE_MEM_LOGIC                        10002        0.408%            17881        0.443%
INST_MAP_UPDATE_MEM_SHIFT                            0        0.000%                0        0.000%
INST_MAP_UPDATE_MEM_FMEM                             0        0.000%                0        0.000%
INST_MAP_UPDATE_MEM_FCVT                             0        0.000%                0        0.000%
INST_MAP_UPDATE_MEM_FADD                             0        0.000%                0        0.000%
INST_MAP_UPDATE_MEM_FMUL                             0        0.000%                0        0.000%
INST_MAP_UPDATE_MEM_FMA                              0        0.000%                0        0.000%
INST_MAP_UPDATE_MEM_FDIV                             0        0.000%                0        0.000%
INST_MAP_UPDATE_MEM_FCMP                             0        0.000%                0        0.000%
INST_MAP_UPDATE_MEM_FCMOV                            0        0.000%                0        0.000%
INST_MAP_UPDATE_MEM_GATHER                           0        0.000%                0        0.000%
INST_MAP_UPDATE_MEM_SCATTER                          0        0.000%                0        0.000%
INST_MAP_UPDATE_MEM_PIPELINED_FAST               86998        3.550%           151890        3.761%
INST_MAP_UPDATE_MEM_PIPELINED_MEDIUM                 0        0.000%                0        0.000%
INST_MAP_UPDATE_MEM_PIPELINED_SLOW                   0        0.000%                0        0.000%
INST_MAP_UPDATE_MEM_NOTPIPELINED_MEDIUM              0        0.000%                0        0.000%
INST_MAP_UPDATE_MEM_NOTPIPELINED_SLOW                0        0.000%                0        0.000%
INST_MAP_UPDATE_MEM_NOTPIPELINED_VERY_SLOW             0        0.000%                0        0.000%
                                               2450599      100.000%          4038778      100.000%
                                                 26.34         8.34             26.85         8.06



