/* -*- Mode: c -*- */
####################################################################################################
Core 0
####################################################################################################
Cumulative:        Cycles: 17886894              Instructions: 21360774              IPC: 1.19421

Periodic:          Cycles: 9319110               Instructions: 10241731              IPC: 1.09900

DCACHE_PREF_HIT                                      0                              0              

IFETCH_WB_FIRST_SCHEDULE                             0         -nan%                0         -nan%
PREFETCH_LAST_SCHEDULE                               0         -nan%                0         -nan%
DEMAND_PASS_PREF_SCHEDULE                            0         -nan%                0         -nan%
DEMAND_PASS_LOW_OP_SCHEDULE                          0         -nan%                0         -nan%
DEMAND_LAST_SCHEDULE                                 0         -nan%                0         -nan%
                                                     0         -nan%                0         -nan%
                                                  -nan         -nan              -nan         -nan

SEND_MISS_REQ_QUEUE                             113203                         209221              

L1_DATA_EVICT                                   113305                         176601              

STREAM_BUFFER_REQ                                    0                              0              

PREF_SEND_TO_MEM_REQ                                 0         -nan%                0         -nan%
PREF_SEND_TO_MEM_REQ_FAIL                            0         -nan%                0         -nan%
                                                     0         -nan%                0         -nan%
                                                  -nan         -nan              -nan         -nan

HIT_TRAIN_STREAM                                 95470       88.958%           159960       86.016%
MISS_TRAIN_STREAM                                11850       11.042%            26006       13.984%
                                                107320      100.000%           185966      100.000%
                                                  0.11         0.30              0.14         0.33

STREAM_TRAIN_CREATE                               5682                          12030              

MEM_REQ_MISS_HWP_PREF_Q                              0         -nan%                0         -nan%
MEM_REQ_MISS_SW_PREF_Q                               0         -nan%                0         -nan%
MEM_REQ_MISS_IFETCH_Q                                0         -nan%                0         -nan%
MEM_REQ_MISS_DFETCH_Q                                0         -nan%                0         -nan%
MEM_REQ_MISS_DSTORE_Q                                0         -nan%                0         -nan%
MEM_REQ_MISS_DPRF_Q                                  0         -nan%                0         -nan%
MEM_REQ_MISS_WB_Q                                    0         -nan%                0         -nan%
                                                     0         -nan%                0         -nan%
                                                  -nan         -nan              -nan         -nan

PREF_HIT_BY_DEMAND_IFETCH                            0         -nan%                0         -nan%
PREF_HIT_BY_DEMAND_DFETCH                            0         -nan%                0         -nan%
PREF_HIT_BY_DEMAND_DSTORE                            0         -nan%                0         -nan%
PREF_HIT_BY_DEMAND_IPREF                             0         -nan%                0         -nan%
PREF_HIT_BY_DEMAND_DPRF                              0         -nan%                0         -nan%
PREF_HIT_BY_DEMAND_WB                                0         -nan%                0         -nan%
PREF_HIT_BY_PREF                                     0         -nan%                0         -nan%
                                                     0         -nan%                0         -nan%
                                                  -nan         -nan              -nan         -nan

PREF_HIT_DEMAND_IFETCH                               0         -nan%                0         -nan%
PREF_HIT_DEMAND_DFETCH                               0         -nan%                0         -nan%
PREF_HIT_DEMAND_DSTORE                               0         -nan%                0         -nan%
PREF_HIT_DEMAND_IPREF                                0         -nan%                0         -nan%
PREF_HIT_DEMAND_DPRF                                 0         -nan%                0         -nan%
PREF_HIT_DEMAND_WB                                   0         -nan%                0         -nan%
                                                     0         -nan%                0         -nan%
                                                  -nan         -nan              -nan         -nan

PREF_L1_FILL                                         0         -nan%                0         -nan%
DEMAND_L1_FILL                                       0         -nan%                0         -nan%
                                                     0         -nan%                0         -nan%
                                                  -nan         -nan              -nan         -nan

TOUCH_L1_REPLACE                                     0        0.000%                0        0.000%
NO_TOUCH_L1_REPLACE                             113305      100.000%           176601      100.000%
                                                113305      100.000%           176601      100.000%
                                                  1.00         1.00              1.00         1.00

PREF_REQ_QUE_FULL                                    0                              0              

STREAM_REQ_QUEUE_HIT_BY_DEMAND                       0                              0              

L2HIT_STREAM_PREF_REQ_QUE_FULL                       0                              0              

L2HIT_HIT_TRAIN_STREAM                               0         -nan%                0         -nan%
L2HIT_MISS_TRAIN_STREAM                              0         -nan%                0         -nan%
                                                     0         -nan%                0         -nan%
                                                  -nan         -nan              -nan         -nan

L2HIT_STREAM_TRAIN_CREATE                            0                              0              

L2HIT_STREAM_BUFFER_REQ                              0                              0              

L2HIT_STREAM_PREF_DCACHE_HIT                         0         -nan%                0         -nan%
L2HIT_STREAM_PREF_DCACHE_INSERT                      0         -nan%                0         -nan%
L2HIT_STREAM_L2_MISS                                 0         -nan%                0         -nan%
                                                     0         -nan%                0         -nan%
                                                  -nan         -nan              -nan         -nan

L2HIT_STREAM_DCACHE_PORT_FULL                        0                              0              

L2HIT_STREAM_PREF_L1_PORT_FULL                       0                              0              

L2HIT_TRAIN_HIT_DEMAND                               0         -nan%                0         -nan%
L2HIT_TRAIN_MISS_REQ                                 0         -nan%                0         -nan%
                                                     0         -nan%                0         -nan%
                                                  -nan         -nan              -nan         -nan

L2HIT_TRAIN_FILTER_MISS                              0         -nan%                0         -nan%
L2HIT_TRAIN_FILTER_HIT                               0         -nan%                0         -nan%
                                                     0         -nan%                0         -nan%
                                                  -nan         -nan              -nan         -nan

L2HIT_PREF_REQ_DCACHE_HIT                            0         -nan%                0         -nan%
L2HIT_PREF_REQ_DCACHE_MISS                           0         -nan%                0         -nan%
                                                     0         -nan%                0         -nan%
                                                  -nan         -nan              -nan         -nan

L2HIT_L2SEND_Q_FULL                                  0         -nan%                0         -nan%
L2HIT_L2SEND_Q_ENTER                                 0         -nan%                0         -nan%
                                                     0         -nan%                0         -nan%
                                                  -nan         -nan              -nan         -nan

L2HIT_MEM_REQ                                        0                              0              

REMOVE_REDUNDANT_STREAM_STAT                         0                              0              

REPLACE_OLD_STREAM                                5682                          12014              

REQ_SEND_QUEUE_STALL                                 0                              0              

STREAM_ENTER_RA                                      0                              0              

CORE_STREAM_LENGTH_0                                41        3.550%              256       10.931%
CORE_STREAM_LENGTH_10                              238       20.606%              641       27.370%
CORE_STREAM_LENGTH_20                              139       12.035%              344       14.688%
CORE_STREAM_LENGTH_30                               89        7.706%              159        6.789%
CORE_STREAM_LENGTH_40                               62        5.368%              106        4.526%
CORE_STREAM_LENGTH_50                               45        3.896%               74        3.160%
CORE_STREAM_LENGTH_60                               25        2.165%               41        1.751%
CORE_STREAM_LENGTH_70                               24        2.078%               54        2.306%
CORE_STREAM_LENGTH_80                               18        1.558%               27        1.153%
CORE_STREAM_LENGTH_90                               35        3.030%               45        1.921%
CORE_STREAM_LENGTH_100_P                           439       38.009%              595       25.406%
                                                  1155      100.000%             2342      100.000%
                                                  5.56         5.12              4.18         4.18

CORE_CUM_STREAM_LENGTH_0                           329        0.195%             1919        0.730%
CORE_CUM_STREAM_LENGTH_10                         3375        1.997%             9139        3.476%
CORE_CUM_STREAM_LENGTH_20                         3324        1.967%             8136        3.094%
CORE_CUM_STREAM_LENGTH_30                         3043        1.801%             5431        2.065%
CORE_CUM_STREAM_LENGTH_40                         2751        1.628%             4735        1.801%
CORE_CUM_STREAM_LENGTH_50                         2434        1.440%             4003        1.522%
CORE_CUM_STREAM_LENGTH_60                         1613        0.955%             2645        1.006%
CORE_CUM_STREAM_LENGTH_70                         1779        1.053%             4073        1.549%
CORE_CUM_STREAM_LENGTH_80                         1535        0.908%             2299        0.874%
CORE_CUM_STREAM_LENGTH_90                         3295        1.950%             4249        1.616%
CORE_CUM_STREAM_LENGTH_100_P                    145497       86.106%           216313       82.266%
                                                168975      100.000%           262942      100.000%
                                                  9.24         8.83              8.92         8.46

CORE_STREAM_TRAIN_HITS_0                           429       37.143%             1188       50.726%
CORE_STREAM_TRAIN_HITS_10                          218       18.874%              404       17.250%
CORE_STREAM_TRAIN_HITS_20                           73        6.320%              114        4.868%
CORE_STREAM_TRAIN_HITS_30                           58        5.022%               72        3.074%
CORE_STREAM_TRAIN_HITS_40                           50        4.329%               82        3.501%
CORE_STREAM_TRAIN_HITS_50                           36        3.117%               71        3.032%
CORE_STREAM_TRAIN_HITS_60                          100        8.658%              110        4.697%
CORE_STREAM_TRAIN_HITS_70                           11        0.952%               21        0.897%
CORE_STREAM_TRAIN_HITS_80                            9        0.779%               14        0.598%
CORE_STREAM_TRAIN_HITS_90                            4        0.346%               11        0.470%
CORE_STREAM_TRAIN_HITS_100_P                       167       14.459%              255       10.888%
                                                  1155      100.000%             2342      100.000%
                                                  2.92         3.28              2.18         3.02

CORE_CUM_STREAM_TRAIN_HITS_0                      2732        2.660%             7432        4.389%
CORE_CUM_STREAM_TRAIN_HITS_10                     2931        2.853%             5372        3.173%
CORE_CUM_STREAM_TRAIN_HITS_20                     1786        1.739%             2771        1.636%
CORE_CUM_STREAM_TRAIN_HITS_30                     1990        1.937%             2474        1.461%
CORE_CUM_STREAM_TRAIN_HITS_40                     2227        2.168%             3643        2.151%
CORE_CUM_STREAM_TRAIN_HITS_50                     1974        1.922%             3847        2.272%
CORE_CUM_STREAM_TRAIN_HITS_60                     6597        6.422%             7234        4.272%
CORE_CUM_STREAM_TRAIN_HITS_70                      810        0.789%             1550        0.915%
CORE_CUM_STREAM_TRAIN_HITS_80                      765        0.745%             1186        0.700%
CORE_CUM_STREAM_TRAIN_HITS_90                      384        0.374%             1039        0.614%
CORE_CUM_STREAM_TRAIN_HITS_100_P                 80524       78.392%           132780       78.416%
                                                102720      100.000%           169328      100.000%
                                                  8.68         8.04              8.58         7.96

CORE_STREAM_TRAIN_CREATE                          5682                          12030              



