               ramulator.active_cycles_0             4477844                                      # Total active cycles for level _0
                 ramulator.busy_cycles_0             4477844                                      # (All-bank refresh only. busy cycles only include refresh time in rank level) The sum of cycles that the DRAM part is active or under refresh for level _0
            ramulator.serving_requests_0            10254812                                      # The sum of read and write requests that are served in this DRAM element per memory cycle for level _0
    ramulator.average_serving_requests_0            1.321331                                      # The average of read and write requests that are served in this DRAM element per memory cycle for level _0
             ramulator.active_cycles_0_0             4477844                                      # Total active cycles for level _0_0
               ramulator.busy_cycles_0_0             4726904                                      # (All-bank refresh only. busy cycles only include refresh time in rank level) The sum of cycles that the DRAM part is active or under refresh for level _0_0
          ramulator.serving_requests_0_0            10254812                                      # The sum of read and write requests that are served in this DRAM element per memory cycle for level _0_0
  ramulator.average_serving_requests_0_0            1.321331                                      # The average of read and write requests that are served in this DRAM element per memory cycle for level _0_0
           ramulator.active_cycles_0_0_0             1524910                                      # Total active cycles for level _0_0_0
             ramulator.busy_cycles_0_0_0             1524910                                      # (All-bank refresh only. busy cycles only include refresh time in rank level) The sum of cycles that the DRAM part is active or under refresh for level _0_0_0
        ramulator.serving_requests_0_0_0             2401560                                      # The sum of read and write requests that are served in this DRAM element per memory cycle for level _0_0_0
ramulator.average_serving_requests_0_0_0            0.309441                                      # The average of read and write requests that are served in this DRAM element per memory cycle for level _0_0_0
         ramulator.active_cycles_0_0_0_0              422533                                      # Total active cycles for level _0_0_0_0
           ramulator.busy_cycles_0_0_0_0              422533                                      # (All-bank refresh only. busy cycles only include refresh time in rank level) The sum of cycles that the DRAM part is active or under refresh for level _0_0_0_0
      ramulator.serving_requests_0_0_0_0              620028                                      # The sum of read and write requests that are served in this DRAM element per memory cycle for level _0_0_0_0
ramulator.average_serving_requests_0_0_0_0            0.079891                                      # The average of read and write requests that are served in this DRAM element per memory cycle for level _0_0_0_0
         ramulator.active_cycles_0_0_0_1              572957                                      # Total active cycles for level _0_0_0_1
           ramulator.busy_cycles_0_0_0_1              572957                                      # (All-bank refresh only. busy cycles only include refresh time in rank level) The sum of cycles that the DRAM part is active or under refresh for level _0_0_0_1
      ramulator.serving_requests_0_0_0_1              770825                                      # The sum of read and write requests that are served in this DRAM element per memory cycle for level _0_0_0_1
ramulator.average_serving_requests_0_0_0_1            0.099321                                      # The average of read and write requests that are served in this DRAM element per memory cycle for level _0_0_0_1
         ramulator.active_cycles_0_0_0_2              341106                                      # Total active cycles for level _0_0_0_2
           ramulator.busy_cycles_0_0_0_2              341106                                      # (All-bank refresh only. busy cycles only include refresh time in rank level) The sum of cycles that the DRAM part is active or under refresh for level _0_0_0_2
      ramulator.serving_requests_0_0_0_2              485621                                      # The sum of read and write requests that are served in this DRAM element per memory cycle for level _0_0_0_2
ramulator.average_serving_requests_0_0_0_2            0.062572                                      # The average of read and write requests that are served in this DRAM element per memory cycle for level _0_0_0_2
         ramulator.active_cycles_0_0_0_3              349595                                      # Total active cycles for level _0_0_0_3
           ramulator.busy_cycles_0_0_0_3              349595                                      # (All-bank refresh only. busy cycles only include refresh time in rank level) The sum of cycles that the DRAM part is active or under refresh for level _0_0_0_3
      ramulator.serving_requests_0_0_0_3              525086                                      # The sum of read and write requests that are served in this DRAM element per memory cycle for level _0_0_0_3
ramulator.average_serving_requests_0_0_0_3            0.067657                                      # The average of read and write requests that are served in this DRAM element per memory cycle for level _0_0_0_3
           ramulator.active_cycles_0_0_1             1913471                                      # Total active cycles for level _0_0_1
             ramulator.busy_cycles_0_0_1             1913471                                      # (All-bank refresh only. busy cycles only include refresh time in rank level) The sum of cycles that the DRAM part is active or under refresh for level _0_0_1
        ramulator.serving_requests_0_0_1             2882092                                      # The sum of read and write requests that are served in this DRAM element per memory cycle for level _0_0_1
ramulator.average_serving_requests_0_0_1            0.371357                                      # The average of read and write requests that are served in this DRAM element per memory cycle for level _0_0_1
         ramulator.active_cycles_0_0_1_0              939712                                      # Total active cycles for level _0_0_1_0
           ramulator.busy_cycles_0_0_1_0              939712                                      # (All-bank refresh only. busy cycles only include refresh time in rank level) The sum of cycles that the DRAM part is active or under refresh for level _0_0_1_0
      ramulator.serving_requests_0_0_1_0             1127664                                      # The sum of read and write requests that are served in this DRAM element per memory cycle for level _0_0_1_0
ramulator.average_serving_requests_0_0_1_0            0.145299                                      # The average of read and write requests that are served in this DRAM element per memory cycle for level _0_0_1_0
         ramulator.active_cycles_0_0_1_1              494002                                      # Total active cycles for level _0_0_1_1
           ramulator.busy_cycles_0_0_1_1              494002                                      # (All-bank refresh only. busy cycles only include refresh time in rank level) The sum of cycles that the DRAM part is active or under refresh for level _0_0_1_1
      ramulator.serving_requests_0_0_1_1              672463                                      # The sum of read and write requests that are served in this DRAM element per memory cycle for level _0_0_1_1
ramulator.average_serving_requests_0_0_1_1            0.086647                                      # The average of read and write requests that are served in this DRAM element per memory cycle for level _0_0_1_1
         ramulator.active_cycles_0_0_1_2              410523                                      # Total active cycles for level _0_0_1_2
           ramulator.busy_cycles_0_0_1_2              410523                                      # (All-bank refresh only. busy cycles only include refresh time in rank level) The sum of cycles that the DRAM part is active or under refresh for level _0_0_1_2
      ramulator.serving_requests_0_0_1_2              580783                                      # The sum of read and write requests that are served in this DRAM element per memory cycle for level _0_0_1_2
ramulator.average_serving_requests_0_0_1_2            0.074834                                      # The average of read and write requests that are served in this DRAM element per memory cycle for level _0_0_1_2
         ramulator.active_cycles_0_0_1_3              357442                                      # Total active cycles for level _0_0_1_3
           ramulator.busy_cycles_0_0_1_3              357442                                      # (All-bank refresh only. busy cycles only include refresh time in rank level) The sum of cycles that the DRAM part is active or under refresh for level _0_0_1_3
      ramulator.serving_requests_0_0_1_3              501182                                      # The sum of read and write requests that are served in this DRAM element per memory cycle for level _0_0_1_3
ramulator.average_serving_requests_0_0_1_3            0.064577                                      # The average of read and write requests that are served in this DRAM element per memory cycle for level _0_0_1_3
           ramulator.active_cycles_0_0_2             1533219                                      # Total active cycles for level _0_0_2
             ramulator.busy_cycles_0_0_2             1533219                                      # (All-bank refresh only. busy cycles only include refresh time in rank level) The sum of cycles that the DRAM part is active or under refresh for level _0_0_2
        ramulator.serving_requests_0_0_2             2422788                                      # The sum of read and write requests that are served in this DRAM element per memory cycle for level _0_0_2
ramulator.average_serving_requests_0_0_2            0.312176                                      # The average of read and write requests that are served in this DRAM element per memory cycle for level _0_0_2
         ramulator.active_cycles_0_0_2_0              403399                                      # Total active cycles for level _0_0_2_0
           ramulator.busy_cycles_0_0_2_0              403399                                      # (All-bank refresh only. busy cycles only include refresh time in rank level) The sum of cycles that the DRAM part is active or under refresh for level _0_0_2_0
      ramulator.serving_requests_0_0_2_0              585484                                      # The sum of read and write requests that are served in this DRAM element per memory cycle for level _0_0_2_0
ramulator.average_serving_requests_0_0_2_0            0.075440                                      # The average of read and write requests that are served in this DRAM element per memory cycle for level _0_0_2_0
         ramulator.active_cycles_0_0_2_1              376408                                      # Total active cycles for level _0_0_2_1
           ramulator.busy_cycles_0_0_2_1              376408                                      # (All-bank refresh only. busy cycles only include refresh time in rank level) The sum of cycles that the DRAM part is active or under refresh for level _0_0_2_1
      ramulator.serving_requests_0_0_2_1              535909                                      # The sum of read and write requests that are served in this DRAM element per memory cycle for level _0_0_2_1
ramulator.average_serving_requests_0_0_2_1            0.069052                                      # The average of read and write requests that are served in this DRAM element per memory cycle for level _0_0_2_1
         ramulator.active_cycles_0_0_2_2              538175                                      # Total active cycles for level _0_0_2_2
           ramulator.busy_cycles_0_0_2_2              538175                                      # (All-bank refresh only. busy cycles only include refresh time in rank level) The sum of cycles that the DRAM part is active or under refresh for level _0_0_2_2
      ramulator.serving_requests_0_0_2_2              729286                                      # The sum of read and write requests that are served in this DRAM element per memory cycle for level _0_0_2_2
ramulator.average_serving_requests_0_0_2_2            0.093968                                      # The average of read and write requests that are served in this DRAM element per memory cycle for level _0_0_2_2
         ramulator.active_cycles_0_0_2_3              383629                                      # Total active cycles for level _0_0_2_3
           ramulator.busy_cycles_0_0_2_3              383629                                      # (All-bank refresh only. busy cycles only include refresh time in rank level) The sum of cycles that the DRAM part is active or under refresh for level _0_0_2_3
      ramulator.serving_requests_0_0_2_3              572109                                      # The sum of read and write requests that are served in this DRAM element per memory cycle for level _0_0_2_3
ramulator.average_serving_requests_0_0_2_3            0.073716                                      # The average of read and write requests that are served in this DRAM element per memory cycle for level _0_0_2_3
           ramulator.active_cycles_0_0_3             1620782                                      # Total active cycles for level _0_0_3
             ramulator.busy_cycles_0_0_3             1620782                                      # (All-bank refresh only. busy cycles only include refresh time in rank level) The sum of cycles that the DRAM part is active or under refresh for level _0_0_3
        ramulator.serving_requests_0_0_3             2548372                                      # The sum of read and write requests that are served in this DRAM element per memory cycle for level _0_0_3
ramulator.average_serving_requests_0_0_3            0.328357                                      # The average of read and write requests that are served in this DRAM element per memory cycle for level _0_0_3
         ramulator.active_cycles_0_0_3_0              477021                                      # Total active cycles for level _0_0_3_0
           ramulator.busy_cycles_0_0_3_0              477021                                      # (All-bank refresh only. busy cycles only include refresh time in rank level) The sum of cycles that the DRAM part is active or under refresh for level _0_0_3_0
      ramulator.serving_requests_0_0_3_0              673572                                      # The sum of read and write requests that are served in this DRAM element per memory cycle for level _0_0_3_0
ramulator.average_serving_requests_0_0_3_0            0.086790                                      # The average of read and write requests that are served in this DRAM element per memory cycle for level _0_0_3_0
         ramulator.active_cycles_0_0_3_1              425529                                      # Total active cycles for level _0_0_3_1
           ramulator.busy_cycles_0_0_3_1              425529                                      # (All-bank refresh only. busy cycles only include refresh time in rank level) The sum of cycles that the DRAM part is active or under refresh for level _0_0_3_1
      ramulator.serving_requests_0_0_3_1              609417                                      # The sum of read and write requests that are served in this DRAM element per memory cycle for level _0_0_3_1
ramulator.average_serving_requests_0_0_3_1            0.078523                                      # The average of read and write requests that are served in this DRAM element per memory cycle for level _0_0_3_1
         ramulator.active_cycles_0_0_3_2              411755                                      # Total active cycles for level _0_0_3_2
           ramulator.busy_cycles_0_0_3_2              411755                                      # (All-bank refresh only. busy cycles only include refresh time in rank level) The sum of cycles that the DRAM part is active or under refresh for level _0_0_3_2
      ramulator.serving_requests_0_0_3_2              591356                                      # The sum of read and write requests that are served in this DRAM element per memory cycle for level _0_0_3_2
ramulator.average_serving_requests_0_0_3_2            0.076196                                      # The average of read and write requests that are served in this DRAM element per memory cycle for level _0_0_3_2
         ramulator.active_cycles_0_0_3_3              506371                                      # Total active cycles for level _0_0_3_3
           ramulator.busy_cycles_0_0_3_3              506371                                      # (All-bank refresh only. busy cycles only include refresh time in rank level) The sum of cycles that the DRAM part is active or under refresh for level _0_0_3_3
      ramulator.serving_requests_0_0_3_3              674027                                      # The sum of read and write requests that are served in this DRAM element per memory cycle for level _0_0_3_3
ramulator.average_serving_requests_0_0_3_3            0.086848                                      # The average of read and write requests that are served in this DRAM element per memory cycle for level _0_0_3_3
      ramulator.read_transaction_bytes_0            20860032                                      # The total byte of read transaction per channel
     ramulator.write_transaction_bytes_0             1029440                                      # The total byte of write transaction per channel
       ramulator.row_hits_channel_0_core              284828                                      # Number of row hits per channel per core
     ramulator.row_misses_channel_0_core               11069                                      # Number of row misses per channel per core
  ramulator.row_conflicts_channel_0_core               46126                                      # Number of row conflicts per channel per core
  ramulator.read_row_hits_channel_0_core              276904                                      # Number of row hits for read requests per channel per core
                                     [0]            276904.0                                      # 
ramulator.read_row_misses_channel_0_core                9891                                      # Number of row misses for read requests per channel per core
                                     [0]              9891.0                                      # 
ramulator.read_row_conflicts_channel_0_core               39143                                      # Number of row conflicts for read requests per channel per core
                                     [0]             39143.0                                      # 
 ramulator.write_row_hits_channel_0_core                7924                                      # Number of row hits for write requests per channel per core
                                     [0]              7924.0                                      # 
ramulator.write_row_misses_channel_0_core                1178                                      # Number of row misses for write requests per channel per core
                                     [0]              1178.0                                      # 
ramulator.write_row_conflicts_channel_0_core                6983                                      # Number of row conflicts for write requests per channel per core
                                     [0]              6983.0                                      # 
      ramulator.useless_activates_0_core                  36                                      # Number of useless activations. E.g, ACT -> PRE w/o RD or WR
            ramulator.read_latency_avg_0           68.795149                                      # The average memory latency cycles (in memory time domain) per request for all read requests in this channel
            ramulator.read_latency_sum_0            22424673                                      # The memory latency cycles (in memory time domain) sum for all read requests in this channel
        ramulator.req_queue_length_avg_0           14.496591                                      # Average of read and write queue length per memory cycle per channel.
        ramulator.req_queue_length_sum_0           112507592                                      # Sum of read and write queue length per memory cycle per channel.
   ramulator.read_req_queue_length_avg_0            2.785792                                      # Read queue length average per memory cycle per channel.
   ramulator.read_req_queue_length_sum_0            21620444                                      # Read queue length sum per memory cycle per channel.
  ramulator.write_req_queue_length_avg_0           11.710799                                      # Write queue length average per memory cycle per channel.
  ramulator.write_req_queue_length_sum_0            90887148                                      # Write queue length sum per memory cycle per channel.
              ramulator.record_read_hits                 0.0                                      # record read hit count for this core when it reaches request limit or to the end
                                     [0]                 0.0                                      # 
            ramulator.record_read_misses                 0.0                                      # record_read_miss count for this core when it reaches request limit or to the end
                                     [0]                 0.0                                      # 
         ramulator.record_read_conflicts                 0.0                                      # record read conflict count for this core when it reaches request limit or to the end
                                     [0]                 0.0                                      # 
             ramulator.record_write_hits                 0.0                                      # record write hit count for this core when it reaches request limit or to the end
                                     [0]                 0.0                                      # 
           ramulator.record_write_misses                 0.0                                      # record write miss count for this core when it reaches request limit or to the end
                                     [0]                 0.0                                      # 
        ramulator.record_write_conflicts                 0.0                                      # record write conflict for this core when it reaches request limit or to the end
                                     [0]                 0.0                                      # 
                 ramulator.dram_capacity          8589934592                                      # Number of bytes in simulated DRAM
                   ramulator.dram_cycles             7760969                                      # Number of DRAM cycles simulated
             ramulator.incoming_requests              342060                                      # Number of incoming requests to DRAM
                 ramulator.read_requests              325963                                      # Number of incoming read requests to DRAM per core
                                     [0]            325963.0                                      # 
                ramulator.write_requests               16097                                      # Number of incoming write requests to DRAM per core
                                     [0]             16097.0                                      # 
       ramulator.ramulator_active_cycles             4477848                                      # The total number of cycles that the DRAM part is active (serving R/W)
 ramulator.incoming_requests_per_channel            342060.0                                      # Number of incoming requests to each DRAM channel
                                     [0]            342060.0                                      # 
ramulator.incoming_read_reqs_per_channel            325963.0                                      # Number of incoming read requests to each DRAM channel
                                     [0]            325963.0                                      # 
     ramulator.physical_page_replacement                   0                                      # The number of times that physical page replacement happens.
             ramulator.maximum_bandwidth         19200000000                                      # The theoretical maximum bandwidth (Bps)
          ramulator.in_queue_req_num_sum           112507592                                      # Sum of read/write queue length
     ramulator.in_queue_read_req_num_sum            21620444                                      # Sum of read queue length
    ramulator.in_queue_write_req_num_sum            90887148                                      # Sum of write queue length
          ramulator.in_queue_req_num_avg           14.496591                                      # Average of read/write queue length per memory cycle
     ramulator.in_queue_read_req_num_avg            2.785792                                      # Average of read queue length per memory cycle
    ramulator.in_queue_write_req_num_avg           11.710799                                      # Average of write queue length per memory cycle
          ramulator.record_read_requests                 0.0                                      # record read requests for this core when it reaches request limit or to the end
                                     [0]                 0.0                                      # 
         ramulator.record_write_requests                 0.0                                      # record write requests for this core when it reaches request limit or to the end
                                     [0]                 0.0                                      # 
