/* -*- Mode: c -*- */
####################################################################################################
Core 0
####################################################################################################
Cumulative:        Cycles: 9339557               Instructions: 20000000              IPC: 2.14143

Periodic:          Cycles: 3902246               Instructions: 10000000              IPC: 2.56263

DCACHE_PREF_HIT                                      0                              0              

IFETCH_WB_FIRST_SCHEDULE                             0         -nan%                0         -nan%
PREFETCH_LAST_SCHEDULE                               0         -nan%                0         -nan%
DEMAND_PASS_PREF_SCHEDULE                            0         -nan%                0         -nan%
DEMAND_PASS_LOW_OP_SCHEDULE                          0         -nan%                0         -nan%
DEMAND_LAST_SCHEDULE                                 0         -nan%                0         -nan%
                                                     0         -nan%                0         -nan%
                                                  -nan         -nan              -nan         -nan

SEND_MISS_REQ_QUEUE                              11301                          50548              

L1_DATA_EVICT                                    10252                          17887              

STREAM_BUFFER_REQ                                    0                              0              

PREF_SEND_TO_MEM_REQ                                 0         -nan%                0         -nan%
PREF_SEND_TO_MEM_REQ_FAIL                            0         -nan%                0         -nan%
                                                     0         -nan%                0         -nan%
                                                  -nan         -nan              -nan         -nan

HIT_TRAIN_STREAM                                  2811       25.746%             8192       23.202%
MISS_TRAIN_STREAM                                 8107       74.254%            27115       76.798%
                                                 10918      100.000%            35307      100.000%
                                                  0.74         0.68              0.77         0.70

STREAM_TRAIN_CREATE                               3221                          11827              

MEM_REQ_MISS_HWP_PREF_Q                              0         -nan%                0         -nan%
MEM_REQ_MISS_SW_PREF_Q                               0         -nan%                0         -nan%
MEM_REQ_MISS_IFETCH_Q                                0         -nan%                0         -nan%
MEM_REQ_MISS_DFETCH_Q                                0         -nan%                0         -nan%
MEM_REQ_MISS_DSTORE_Q                                0         -nan%                0         -nan%
MEM_REQ_MISS_DPRF_Q                                  0         -nan%                0         -nan%
MEM_REQ_MISS_WB_Q                                    0         -nan%                0         -nan%
                                                     0         -nan%                0         -nan%
                                                  -nan         -nan              -nan         -nan

PREF_HIT_BY_DEMAND_IFETCH                            0         -nan%                0         -nan%
PREF_HIT_BY_DEMAND_DFETCH                            0         -nan%                0         -nan%
PREF_HIT_BY_DEMAND_DSTORE                            0         -nan%                0         -nan%
PREF_HIT_BY_DEMAND_IPREF                             0         -nan%                0         -nan%
PREF_HIT_BY_DEMAND_DPRF                              0         -nan%                0         -nan%
PREF_HIT_BY_DEMAND_WB                                0         -nan%                0         -nan%
PREF_HIT_BY_PREF                                     0         -nan%                0         -nan%
                                                     0         -nan%                0         -nan%
                                                  -nan         -nan              -nan         -nan

PREF_HIT_DEMAND_IFETCH                               0         -nan%                0         -nan%
PREF_HIT_DEMAND_DFETCH                               0         -nan%                0         -nan%
PREF_HIT_DEMAND_DSTORE                               0         -nan%                0         -nan%
PREF_HIT_DEMAND_IPREF                                0         -nan%                0         -nan%
PREF_HIT_DEMAND_DPRF                                 0         -nan%                0         -nan%
PREF_HIT_DEMAND_WB                                   0         -nan%                0         -nan%
                                                     0         -nan%                0         -nan%
                                                  -nan         -nan              -nan         -nan

PREF_L1_FILL                                         0         -nan%                0         -nan%
DEMAND_L1_FILL                                       0         -nan%                0         -nan%
                                                     0         -nan%                0         -nan%
                                                  -nan         -nan              -nan         -nan

TOUCH_L1_REPLACE                                     0        0.000%                0        0.000%
NO_TOUCH_L1_REPLACE                              10252      100.000%            17887      100.000%
                                                 10252      100.000%            17887      100.000%
                                                  1.00         1.00              1.00         1.00

PREF_REQ_QUE_FULL                                    0                              0              

STREAM_REQ_QUEUE_HIT_BY_DEMAND                       0                              0              

L2HIT_STREAM_PREF_REQ_QUE_FULL                       0                              0              

L2HIT_HIT_TRAIN_STREAM                               0         -nan%                0         -nan%
L2HIT_MISS_TRAIN_STREAM                              0         -nan%                0         -nan%
                                                     0         -nan%                0         -nan%
                                                  -nan         -nan              -nan         -nan

L2HIT_STREAM_TRAIN_CREATE                            0                              0              

L2HIT_STREAM_BUFFER_REQ                              0                              0              

L2HIT_STREAM_PREF_DCACHE_HIT                         0         -nan%                0         -nan%
L2HIT_STREAM_PREF_DCACHE_INSERT                      0         -nan%                0         -nan%
L2HIT_STREAM_L2_MISS                                 0         -nan%                0         -nan%
                                                     0         -nan%                0         -nan%
                                                  -nan         -nan              -nan         -nan

L2HIT_STREAM_DCACHE_PORT_FULL                        0                              0              

L2HIT_STREAM_PREF_L1_PORT_FULL                       0                              0              

L2HIT_TRAIN_HIT_DEMAND                               0         -nan%                0         -nan%
L2HIT_TRAIN_MISS_REQ                                 0         -nan%                0         -nan%
                                                     0         -nan%                0         -nan%
                                                  -nan         -nan              -nan         -nan

L2HIT_TRAIN_FILTER_MISS                              0         -nan%                0         -nan%
L2HIT_TRAIN_FILTER_HIT                               0         -nan%                0         -nan%
                                                     0         -nan%                0         -nan%
                                                  -nan         -nan              -nan         -nan

L2HIT_PREF_REQ_DCACHE_HIT                            0         -nan%                0         -nan%
L2HIT_PREF_REQ_DCACHE_MISS                           0         -nan%                0         -nan%
                                                     0         -nan%                0         -nan%
                                                  -nan         -nan              -nan         -nan

L2HIT_L2SEND_Q_FULL                                  0         -nan%                0         -nan%
L2HIT_L2SEND_Q_ENTER                                 0         -nan%                0         -nan%
                                                     0         -nan%                0         -nan%
                                                  -nan         -nan              -nan         -nan

L2HIT_MEM_REQ                                        0                              0              

REMOVE_REDUNDANT_STREAM_STAT                         0                              0              

REPLACE_OLD_STREAM                                3221                          11811              

REQ_SEND_QUEUE_STALL                                 0                              0              

STREAM_ENTER_RA                                      0                              0              

CORE_STREAM_LENGTH_0                               304       32.272%              539       22.868%
CORE_STREAM_LENGTH_10                              538       57.113%             1320       56.003%
CORE_STREAM_LENGTH_20                               90        9.554%              378       16.037%
CORE_STREAM_LENGTH_30                               10        1.062%              104        4.412%
CORE_STREAM_LENGTH_40                                0        0.000%                6        0.255%
CORE_STREAM_LENGTH_50                                0        0.000%                1        0.042%
CORE_STREAM_LENGTH_60                                0        0.000%                3        0.127%
CORE_STREAM_LENGTH_70                                0        0.000%                1        0.042%
CORE_STREAM_LENGTH_80                                0        0.000%                0        0.000%
CORE_STREAM_LENGTH_90                                0        0.000%                1        0.042%
CORE_STREAM_LENGTH_100_P                             0        0.000%                4        0.170%
                                                   942      100.000%             2357      100.000%
                                                  0.79         0.46              1.06         0.74

CORE_CUM_STREAM_LENGTH_0                          2077       17.545%             3777       10.589%
CORE_CUM_STREAM_LENGTH_10                         7400       62.511%            18221       51.085%
CORE_CUM_STREAM_LENGTH_20                         2033       17.174%             8729       24.473%
CORE_CUM_STREAM_LENGTH_30                          328        2.771%             3471        9.731%
CORE_CUM_STREAM_LENGTH_40                            0        0.000%              264        0.740%
CORE_CUM_STREAM_LENGTH_50                            0        0.000%               50        0.140%
CORE_CUM_STREAM_LENGTH_60                            0        0.000%              197        0.552%
CORE_CUM_STREAM_LENGTH_70                            0        0.000%               71        0.199%
CORE_CUM_STREAM_LENGTH_80                            0        0.000%                0        0.000%
CORE_CUM_STREAM_LENGTH_90                            0        0.000%               90        0.252%
CORE_CUM_STREAM_LENGTH_100_P                         0        0.000%              798        2.237%
                                                 11838      100.000%            35668      100.000%
                                                  1.05         0.51              1.62         1.55

CORE_STREAM_TRAIN_HITS_0                           813       86.306%             1984       84.175%
CORE_STREAM_TRAIN_HITS_10                          123       13.057%              346       14.680%
CORE_STREAM_TRAIN_HITS_20                            6        0.637%               16        0.679%
CORE_STREAM_TRAIN_HITS_30                            0        0.000%                3        0.127%
CORE_STREAM_TRAIN_HITS_40                            0        0.000%                2        0.085%
CORE_STREAM_TRAIN_HITS_50                            0        0.000%                1        0.042%
CORE_STREAM_TRAIN_HITS_60                            0        0.000%                0        0.000%
CORE_STREAM_TRAIN_HITS_70                            0        0.000%                1        0.042%
CORE_STREAM_TRAIN_HITS_80                            0        0.000%                0        0.000%
CORE_STREAM_TRAIN_HITS_90                            0        0.000%                0        0.000%
CORE_STREAM_TRAIN_HITS_100_P                         0        0.000%                4        0.170%
                                                   942      100.000%             2357      100.000%
                                                  0.14         0.34              0.19         0.58

CORE_CUM_STREAM_TRAIN_HITS_0                      5009       75.928%            12103       68.689%
CORE_CUM_STREAM_TRAIN_HITS_10                     1462       22.162%             4140       23.496%
CORE_CUM_STREAM_TRAIN_HITS_20                      126        1.910%              339        1.924%
CORE_CUM_STREAM_TRAIN_HITS_30                        0        0.000%              103        0.585%
CORE_CUM_STREAM_TRAIN_HITS_40                        0        0.000%               94        0.533%
CORE_CUM_STREAM_TRAIN_HITS_50                        0        0.000%               55        0.312%
CORE_CUM_STREAM_TRAIN_HITS_60                        0        0.000%                0        0.000%
CORE_CUM_STREAM_TRAIN_HITS_70                        0        0.000%               74        0.420%
CORE_CUM_STREAM_TRAIN_HITS_80                        0        0.000%                0        0.000%
CORE_CUM_STREAM_TRAIN_HITS_90                        0        0.000%                0        0.000%
CORE_CUM_STREAM_TRAIN_HITS_100_P                     0        0.000%              712        4.041%
                                                  6597      100.000%            17620      100.000%
                                                  0.26         0.42              0.76         1.95

CORE_STREAM_TRAIN_CREATE                          3221                          11827              



