/* -*- Mode: c -*- */
####################################################################################################
Core 0
####################################################################################################
Cumulative:        Cycles: 7447873               Instructions: 20112261              IPC: 2.70040

Periodic:          Cycles: 3538339               Instructions: 10054920              IPC: 2.84171

PREF_DL0REQ_QUEUE_HIT_BY_DEMAND                      0                              0              

PREF_UMLC_REQ_QUEUE_HIT_BY_DEMAND                    0                              0              

PREF_UL1REQ_QUEUE_HIT_BY_DEMAND                      0                              0              

PREF_DL0REQ_QUEUE_FULL                               0                              0              

PREF_UMLC_REQ_QUEUE_FULL                             0                              0              

PREF_UL1REQ_QUEUE_FULL                               0                              0              

PREF_DC_HIT_NOSEND                                   0                              0              

PREF_WBQDC_HIT_NOSEND                                0                              0              

PREF_MLCQ_STALL                                      0                              0              

PREF_L1Q_STALL                                       0                              0              

PREF_UMLC_REQ_SEND_QUEUE_STALL                       0                              0              

PREF_UL1REQ_SEND_QUEUE_STALL                         0                              0              

PREF_UMLC_REQ_QUEUE_SENTREQ                          0                              0              

PREF_UL1REQ_QUEUE_SENTREQ                          430                           1765              

PREF_NEWREQ_MATCHED                                  6                             73              

PREF_UMLC_REQ_QUEUE_MATCHED_REQ                      0                              0              

PREF_UL1REQ_QUEUE_MATCHED_REQ                        0                             55              

PREF_DL0REQ_QUEUE_MATCHED_REQ                        0                              0              

L1_PREF_HIT                                         28                            290              

L1_PREF_UNIQUE_HIT                                   7                            238              

L1_PREF_LATE                                         0                             68              

L1_LATE_PREF_CYCLES                                  0                           4852              

L1_LATE_PREF_CYCLES_DIST_0                           0         -nan%               54       79.412%
L1_LATE_PREF_CYCLES_DIST_100                         0         -nan%               10       14.706%
L1_LATE_PREF_CYCLES_DIST_200                         0         -nan%                4        5.882%
L1_LATE_PREF_CYCLES_DIST_300                         0         -nan%                0        0.000%
L1_LATE_PREF_CYCLES_DIST_400                         0         -nan%                0        0.000%
L1_LATE_PREF_CYCLES_DIST_500                         0         -nan%                0        0.000%
L1_LATE_PREF_CYCLES_DIST_600                         0         -nan%                0        0.000%
L1_LATE_PREF_CYCLES_DIST_700                         0         -nan%                0        0.000%
L1_LATE_PREF_CYCLES_DIST_800                         0         -nan%                0        0.000%
L1_LATE_PREF_CYCLES_DIST_900                         0         -nan%                0        0.000%
L1_LATE_PREF_CYCLES_DIST_1000                        0         -nan%                0        0.000%
L1_LATE_PREF_CYCLES_DIST_1100                        0         -nan%                0        0.000%
L1_LATE_PREF_CYCLES_DIST_1200                        0         -nan%                0        0.000%
L1_LATE_PREF_CYCLES_DIST_1300                        0         -nan%                0        0.000%
L1_LATE_PREF_CYCLES_DIST_1400                        0         -nan%                0        0.000%
L1_LATE_PREF_CYCLES_DIST_1500                        0         -nan%                0        0.000%
L1_LATE_PREF_CYCLES_DIST_1600                        0         -nan%                0        0.000%
L1_LATE_PREF_CYCLES_DIST_1700                        0         -nan%                0        0.000%
L1_LATE_PREF_CYCLES_DIST_1800                        0         -nan%                0        0.000%
L1_LATE_PREF_CYCLES_DIST_1900                        0         -nan%                0        0.000%
L1_LATE_PREF_CYCLES_DIST_2000                        0         -nan%                0        0.000%
                                                     0         -nan%               68      100.000%
                                                  -nan         -nan              0.26         0.51

MLC_PREF_HIT                                     40958                          84023              

MLC_PREF_UNIQUE_HIT                                 42                           1283              

MLC_PREF_LATE                                        0                              0              

PREF_HYBRID_SEL_0                                    0         -nan%                0         -nan%
PREF_HYBRID_SEL_1                                    0         -nan%                0         -nan%
PREF_HYBRID_SEL_2                                    0         -nan%                0         -nan%
PREF_HYBRID_SEL_3                                    0         -nan%                0         -nan%
PREF_HYBRID_SEL_4                                    0         -nan%                0         -nan%
PREF_HYBRID_SEL_5                                    0         -nan%                0         -nan%
PREF_HYBRID_SEL_6                                    0         -nan%                0         -nan%
                                                     0         -nan%                0         -nan%
                                                  -nan         -nan              -nan         -nan

PREF_DISTANCE_1                                      0         -nan%                0         -nan%
PREF_DISTANCE_2                                      0         -nan%                0         -nan%
PREF_DISTANCE_3                                      0         -nan%                0         -nan%
PREF_DISTANCE_4                                      0         -nan%                0         -nan%
PREF_DISTANCE_5                                      0         -nan%                0         -nan%
PREF_DISTANCE_6                                      0         -nan%                0         -nan%
PREF_DISTANCE_7                                      0         -nan%                0         -nan%
PREF_DISTANCE_8                                      0         -nan%                0         -nan%
PREF_DISTANCE_9                                      0         -nan%                0         -nan%
PREF_DISTANCE_10                                     0         -nan%                0         -nan%
                                                     0         -nan%                0         -nan%
                                                  -nan         -nan              -nan         -nan

PREF_REPL_MRU                                        0         -nan%                0         -nan%
PREF_REPL_MID                                        0         -nan%                0         -nan%
PREF_REPL_LOWQTR                                     0         -nan%                0         -nan%
PREF_REPL_LRU                                        0         -nan%                0         -nan%
                                                     0         -nan%                0         -nan%
                                                  -nan         -nan              -nan         -nan

PREF_REPL_MOVEDOWN                                   0         -nan%                0         -nan%
PREF_REPL_MOVEUP                                     0         -nan%                0         -nan%
                                                     0         -nan%                0         -nan%
                                                  -nan         -nan              -nan         -nan

PREF_COV_1                                           0         -nan%                0         -nan%
PREF_COV_2                                           0         -nan%                0         -nan%
PREF_COV_3                                           0         -nan%                0         -nan%
PREF_COV_4                                           0         -nan%                0         -nan%
PREF_COV_5                                           0         -nan%                0         -nan%
PREF_COV_6                                           0         -nan%                0         -nan%
PREF_COV_7                                           0         -nan%                0         -nan%
PREF_COV_8                                           0         -nan%                0         -nan%
PREF_COV_9                                           0         -nan%                0         -nan%
PREF_COV_10                                          0         -nan%                0         -nan%
                                                     0         -nan%                0         -nan%
                                                  -nan         -nan              -nan         -nan

PREF_POL_1                                           0         -nan%                0         -nan%
PREF_POL_2                                           0         -nan%                0         -nan%
PREF_POL_3                                           0         -nan%                0         -nan%
PREF_POL_4                                           0         -nan%                0         -nan%
PREF_POL_5                                           0         -nan%                0         -nan%
PREF_POL_6                                           0         -nan%                0         -nan%
PREF_POL_7                                           0         -nan%                0         -nan%
PREF_POL_8                                           0         -nan%                0         -nan%
PREF_POL_9                                           0         -nan%                0         -nan%
PREF_POL_10                                          0         -nan%                0         -nan%
                                                     0         -nan%                0         -nan%
                                                  -nan         -nan              -nan         -nan

PREF_ACC_1                                           0         -nan%                0         -nan%
PREF_ACC_2                                           0         -nan%                0         -nan%
PREF_ACC_3                                           0         -nan%                0         -nan%
PREF_ACC_4                                           0         -nan%                0         -nan%
PREF_ACC_5                                           0         -nan%                0         -nan%
PREF_ACC_6                                           0         -nan%                0         -nan%
PREF_ACC_7                                           0         -nan%                0         -nan%
PREF_ACC_8                                           0         -nan%                0         -nan%
PREF_ACC_9                                           0         -nan%                0         -nan%
PREF_ACC_10                                          0         -nan%                0         -nan%
                                                     0         -nan%                0         -nan%
                                                  -nan         -nan              -nan         -nan

PREF_TIMELY_1                                        0         -nan%                0         -nan%
PREF_TIMELY_2                                        0         -nan%                0         -nan%
PREF_TIMELY_3                                        0         -nan%                0         -nan%
PREF_TIMELY_4                                        0         -nan%                0         -nan%
PREF_TIMELY_5                                        0         -nan%                0         -nan%
PREF_TIMELY_6                                        0         -nan%                0         -nan%
PREF_TIMELY_7                                        0         -nan%                0         -nan%
PREF_TIMELY_8                                        0         -nan%                0         -nan%
PREF_TIMELY_9                                        0         -nan%                0         -nan%
PREF_TIMELY_10                                       0         -nan%                0         -nan%
                                                     0         -nan%                0         -nan%
                                                  -nan         -nan              -nan         -nan

PREF_UNUSED_EVICT                                  481                           1742              

PREF_REGION_SENT                                     0                              0              

PREF_REGION_USEFUL                                   0                              0              

PREF_REGION_EVICT                                    0                              0              

PREF_PFPOL                                           0                              0              

PREF_PHASE_NEWPHASE_DET                              0                              0              

PREF_PHASE_NEWPHASE_NOTVALID                         0                              0              

PREF_PHASE_SENTPREF                                  0                              0              

PREF_PHASE_OVERWRITE_PAGE                            0                              0              

PREF_UPDATE_COUNT                                    0                              0              

PREF_ACC1_HT_HP                                      0         -nan%                0         -nan%
PREF_ACC1_HT_LP                                      0         -nan%                0         -nan%
PREF_ACC1_LT_HP                                      0         -nan%                0         -nan%
PREF_ACC1_LT_LP                                      0         -nan%                0         -nan%
PREF_ACC2_HT_HP                                      0         -nan%                0         -nan%
PREF_ACC2_HT_LP                                      0         -nan%                0         -nan%
PREF_ACC2_LT_HP                                      0         -nan%                0         -nan%
PREF_ACC2_LT_LP                                      0         -nan%                0         -nan%
PREF_ACC3_HT_HP                                      0         -nan%                0         -nan%
PREF_ACC3_HT_LP                                      0         -nan%                0         -nan%
PREF_ACC3_LT_HP                                      0         -nan%                0         -nan%
PREF_ACC3_LT_LP                                      0         -nan%                0         -nan%
PREF_ACC4_HT_HP                                      0         -nan%                0         -nan%
PREF_ACC4_HT_LP                                      0         -nan%                0         -nan%
PREF_ACC4_LT_HP                                      0         -nan%                0         -nan%
PREF_ACC4_LT_LP                                      0         -nan%                0         -nan%
                                                     0         -nan%                0         -nan%
                                                  -nan         -nan              -nan         -nan

FDIP_DECIDE_PREF_ONPATH                        1462818                        2924138              

FDIP_DECIDE_PREF_OFFPATH                        212311                         489931              

FDIP_NEW_PREFETCHES_ONPATH                      390982                         779649              

FDIP_NEW_PREFETCHES_OFFPATH                      28875                          65454              

FDIP_PREF_ICACHE_PROBE_HIT_ONPATH               990727                        1981521              

FDIP_PREF_ICACHE_PROBE_HIT_OFFPATH              176894                         410010              

FDIP_PREF_MSHR_PROBE_HIT_ONPATH                  81109                         162968              

FDIP_PREF_MSHR_PROBE_HIT_OFFPATH                  6542                          14467              

FDIP_ATTEMPTED_PREF_ONPATH                     1463476                        2926867              

FDIP_ATTEMPTED_PREF_OFFPATH                     213333                         508845              

FDIP_ALT_PATH_PREFETCHES_IC_EMITTED                  0                              0              

FDIP_ALT_PATH_PREFETCHES_IC_TRIGGERED                0                              0              

FDIP_ALT_PATH_PREFETCHES_UOC_EMITTED_OFF_PATH             0         -nan%                0         -nan%
FDIP_ALT_PATH_PREFETCHES_UOC_EMITTED_ON_PATH             0         -nan%                0         -nan%
                                                     0         -nan%                0         -nan%
                                                  -nan         -nan              -nan         -nan

FDIP_ALT_PATH_PREFETCHES_UOC_TRIGGERED               0                              0              

FDIP_BREAK_REACH_FTQ_END                       3194931       90.295%          6722141       90.256%
FDIP_BREAK_FTQ_EMPTY                                 0        0.000%                0        0.000%
FDIP_BREAK_MAX_FTQ_ENTRY_CYC                    343408        9.705%           725732        9.744%
FDIP_BREAK_FULL_MEM_REQ_BUF                          0        0.000%                0        0.000%
                                               3538339      100.000%          7447873      100.000%
                                                  0.19         0.56              0.19         0.56

FDIP_CYCLE_COUNT                                     0                              0              

ICACHE_USEFUL_FETCHES                                0                           1992              

USEFUL_CACHELINES_RETIRED                            0                              0              

ICACHE_UNUSEFUL_FETCHES                              0                           4057              

UNIQUE_MISSED_LINES                                  3                           1467              

UNIQUE_HIT_LINES                                     0                           2126              

UNIQUE_PREFETCHED_LINES                              0                              0              

FDIP_BTB_MISS_NT_RESTEER_ONPATH                   2120                           6531              

FDIP_BTB_MISS_NT_RESTEER_OFFPATH                   508                           1490              

FDIP_UTILITY_HASH_HIT                                0         -nan%                0         -nan%
FDIP_UTILITY_HASH_MISS                               0         -nan%                0         -nan%
                                                     0         -nan%                0         -nan%
                                                  -nan         -nan              -nan         -nan

FDIP_UC_HIT                                          0         -nan%                0         -nan%
FDIP_UC_MISS                                         0         -nan%                0         -nan%
                                                     0         -nan%                0         -nan%
                                                  -nan         -nan              -nan         -nan

FDIP_UC_USEFUL_LINES                                 0                              0              

FDIP_UC_REPLACEMENT                                  0                              0              

FDIP_BLOOM_HIT                                  205163       99.188%           426194       95.167%
FDIP_BLOOM_MISS                                   1680        0.812%            21643        4.833%
                                                206843      100.000%           447837      100.000%
                                                  0.01         0.09              0.05         0.21

FDIP_BLOOM_INSERTED                                  0                           2530              

FDIP_BLOOM_CLEAR1                                    0                              0              

FDIP_BLOOM_CLEAR2                                    0                              0              

FDIP_BLOOM_CLEAR4                                    0                              0              

FDIP_BLOOM_1STREAM                                   0                              0              

FDIP_BLOOM_2STREAM                                   0                              0              

FDIP_BLOOM_3STREAM                                   0                              0              

FDIP_BLOOM_4STREAM                                   0                              0              

FDIP_BLOOM_5STREAM                                   0                              0              

FDIP_BLOOM_6STREAM                                   0                              0              

FDIP_BLOOM_7STREAM                                   0                              0              

FDIP_BLOOM_8STREAM                                   0                              0              

FDIP_BLOOM_1INSERT                                   0                           2016              

FDIP_BLOOM_2INSERT                                   0                            231              

FDIP_BLOOM_4INSERT                                   0                             13              

FDIP_BLOOM_NOSTREAM                                  0                              0              

FDIP_AVG_FTQ_OCCUPANCY_OPS                         194                            194              

FDIP_AVG_FTQ_OCCUPANCY                              28                             28              

FDIP_FTQ_OCCUPANCY_OPS_ACCUMULATED           677801292                     1446602647              

FDIP_FTQ_OCCUPANCY_BLOCKS_ACCUMULATED        100167139                      210469699              

FDIP_TRAINING_SAMPLE                                 0                              0              

FDIP_SENIORITY_FTQ_ACCUMULATED                24067586                      199310829              

FDIP_SENIORITY_FTQ_HIT                               0                           2396              

FDIP_SENIORITY_FTQ_MISS                         407230                         812665              

FDIP_OFF_CONF_ON_PREF_CANDIDATES                153852        9.175%           365939       10.651%
FDIP_OFF_CONF_OFF_PREF_CANDIDATES                59481        3.547%           142906        4.159%
FDIP_ON_CONF_ON_PREF_CANDIDATES                1316114       78.489%          2621936       76.314%
FDIP_ON_CONF_OFF_PREF_CANDIDATES                147362        8.788%           304931        8.875%
                                               1676809      100.000%          3435712      100.000%
                                                  1.87         0.68              1.83         0.68

FDIP_ON_CONF_ON_EMITTED                         414571       81.688%           825458       80.726%
FDIP_ON_CONF_OFF_EMITTED                         57520       11.334%           117159       11.458%
FDIP_OFF_CONF_ON_EMITTED                         10602        2.089%            30752        3.007%
FDIP_OFF_CONF_OFF_EMITTED                        24815        4.890%            49169        4.809%
                                                507508      100.000%          1022538      100.000%
                                                  0.30         0.69              0.32         0.70

FDIP_OFF_CONF_ON_NUM_EVENTS                       3121                           8335              

FDIP_OFF_CONF_ON_BTB_MISS                            0        0.000%                0        0.000%
FDIP_OFF_CONF_ON_BP_INCORRECT                     2079       66.613%             6190       74.265%
FDIP_OFF_CONF_ON_MISFETCH                         1042       33.387%             2145       25.735%
FDIP_OFF_CONF_ON_NO_TARGET                           0        0.000%                0        0.000%
                                                  3121      100.000%             8335      100.000%
                                                  1.33         0.47              1.26         0.44

FDIP_OFF_CONF_ON_BTB_MISS_PREF_CANDIDATES             0        0.000%                0        0.000%
FDIP_OFF_CONF_ON_BP_INCORRECT_PREF_CANDIDATES        107858       70.105%           272907       74.577%
FDIP_OFF_CONF_ON_MISFETCH_PREF_CANDIDATES         45994       29.895%            93032       25.423%
FDIP_OFF_CONF_ON_NO_TARGET_PREF_CANDIDATES             0        0.000%                0        0.000%
                                                153852      100.000%           365939      100.000%
                                                  1.30         0.46              1.25         0.44

FDIP_OFF_CONF_ON_BTB_MISS_EMITTED                    0        0.000%                0        0.000%
FDIP_OFF_CONF_ON_BP_INCORRECT_EMITTED             4581       43.209%            18590       60.451%
FDIP_OFF_CONF_ON_MISFETCH_EMITTED                 6021       56.791%            12162       39.549%
FDIP_OFF_CONF_ON_NO_TARGET_EMITTED                   0        0.000%                0        0.000%
                                                 10602      100.000%            30752      100.000%
                                                  1.57         0.50              1.40         0.49

FDIP_OFF_CONF_ON_BP_INCORRECT_0_CONF               417       20.058%             1031       16.656%
FDIP_OFF_CONF_ON_BP_INCORRECT_1_CONF               669       32.179%             2602       42.036%
FDIP_OFF_CONF_ON_BP_INCORRECT_2_CONF               398       19.144%              840       13.570%
FDIP_OFF_CONF_ON_BP_INCORRECT_3_CONF               595       28.620%             1717       27.738%
                                                  2079      100.000%             6190      100.000%
                                                  1.56         1.20              1.52         1.18

FDIP_OFF_CONF_ON_BTB_MISS_CBR_0_CONF                 0         -nan%                0         -nan%
FDIP_OFF_CONF_ON_BTB_MISS_CBR_1_CONF                 0         -nan%                0         -nan%
FDIP_OFF_CONF_ON_BTB_MISS_CBR_2_CONF                 0         -nan%                0         -nan%
FDIP_OFF_CONF_ON_BTB_MISS_CBR_3_CONF                 0         -nan%                0         -nan%
                                                     0         -nan%                0         -nan%
                                                  -nan         -nan              -nan         -nan

FDIP_OFF_CONF_ON_BTB_MISS_NOT_CF                     0         -nan%                0         -nan%
FDIP_OFF_CONF_ON_BTB_MISS_CF_BR                      0         -nan%                0         -nan%
FDIP_OFF_CONF_ON_BTB_MISS_CF_CBR                     0         -nan%                0         -nan%
FDIP_OFF_CONF_ON_BTB_MISS_CF_CALL                    0         -nan%                0         -nan%
FDIP_OFF_CONF_ON_BTB_MISS_CF_IBR                     0         -nan%                0         -nan%
FDIP_OFF_CONF_ON_BTB_MISS_CF_ICALL                   0         -nan%                0         -nan%
FDIP_OFF_CONF_ON_BTB_MISS_CF_ICO                     0         -nan%                0         -nan%
FDIP_OFF_CONF_ON_BTB_MISS_CF_RET                     0         -nan%                0         -nan%
FDIP_OFF_CONF_ON_BTB_MISS_CF_SYS                     0         -nan%                0         -nan%
                                                     0         -nan%                0         -nan%
                                                  -nan         -nan              -nan         -nan

FDIP_ON_CONF_OFF_NUM_EVENTS                        613                           1764              

FDIP_ON_CONF_OFF_NUM_BTB_MISS                    19075                          44269              

FDIP_ON_CONF_OFF_NUM_OP_DIST_INC                     0                              0              

FDIP_ON_CONF_OFF_NUM_CF_BR                       10017        7.594%            24058        8.099%
FDIP_ON_CONF_OFF_NUM_CF_CBR                      83173       63.057%           181806       61.203%
FDIP_ON_CONF_OFF_NUM_CF_CALL                     14053       10.654%            34825       11.723%
FDIP_ON_CONF_OFF_NUM_CF_IBR                       2958        2.243%             6935        2.335%
FDIP_ON_CONF_OFF_NUM_CF_ICALL                     2886        2.188%             5873        1.977%
FDIP_ON_CONF_OFF_NUM_CF_ICO                          0        0.000%                0        0.000%
FDIP_ON_CONF_OFF_NUM_CF_RET                      17838       13.524%            41082       13.830%
FDIP_ON_CONF_OFF_NUM_CF_SYS                        976        0.740%             2476        0.834%
                                                131901      100.000%           297055      100.000%
                                                  1.86         1.77              1.88         1.79

FDIP_ON_CONF_OFF_NUM_CONF_0_BR                     718        0.544%             2321        0.781%
FDIP_ON_CONF_OFF_NUM_CONF_1_BR                    3288        2.493%            10378        3.494%
FDIP_ON_CONF_OFF_NUM_CONF_2_BR                      58        0.044%             1797        0.605%
FDIP_ON_CONF_OFF_NUM_CONF_3_BR                  127837       96.919%           282559       95.120%
                                                131901      100.000%           297055      100.000%
                                                  2.93         2.90              2.90         2.85

FDIP_BTB_NUM_CYCLES_OFF_PATH_EVENT                   0                            181              

FDIP_BP_CONF_0_MISPRED                             560        0.023%             1599        0.032%
FDIP_BP_CONF_1_MISPRED                             955        0.039%             3802        0.076%
FDIP_BP_CONF_2_MISPRED                             540        0.022%             1169        0.023%
FDIP_BP_CONF_3_MISPRED                            1289        0.053%             3275        0.065%
FDIP_BP_CONF_0_CORRECT                            1671        0.068%            16331        0.327%
FDIP_BP_CONF_1_CORRECT                           34829        1.420%            93955        1.879%
FDIP_BP_CONF_2_CORRECT                            1722        0.070%             9869        0.197%
FDIP_BP_CONF_3_CORRECT                         2411239       98.305%          4870752       97.400%
                                               2452805      100.000%          5000752      100.000%
                                                  6.96         6.91              6.94         6.86

FDIP_ON_CONF_OFF_BTB_MISS_BP_TAKEN_CONF_0             0        0.000%               95        5.385%
FDIP_ON_CONF_OFF_BTB_MISS_BP_TAKEN_CONF_1            41        6.688%              216       12.245%
FDIP_ON_CONF_OFF_BTB_MISS_BP_TAKEN_CONF_2             1        0.163%               11        0.624%
FDIP_ON_CONF_OFF_BTB_MISS_BP_TAKEN_CONF_3           559       91.191%             1339       75.907%
FDIP_ON_CONF_OFF_BTB_MISS_RATE                       0        0.000%               79        4.478%
FDIP_ON_CONF_OFF_INV_CONF_INC                       12        1.958%               24        1.361%
                                                   613      100.000%             1764      100.000%
                                                  2.90         0.71              2.66         0.82

FDIP_ON_CONF_OFF_BTB_MISS_BP_TAKEN_CONF_0_PREF_CANDIDATES             0        0.000%              172        0.056%
FDIP_ON_CONF_OFF_BTB_MISS_BP_TAKEN_CONF_1_PREF_CANDIDATES           463        0.314%             1869        0.613%
FDIP_ON_CONF_OFF_BTB_MISS_BP_TAKEN_CONF_2_PREF_CANDIDATES             1        0.001%              626        0.205%
FDIP_ON_CONF_OFF_BTB_MISS_BP_TAKEN_CONF_3_PREF_CANDIDATES        146308       99.285%           284445       93.282%
FDIP_ON_CONF_OFF_BTB_MISS_RATE_PREF_CANDIDATES             0        0.000%            16313        5.350%
FDIP_ON_CONF_OFF_INV_CONF_INC_PREF_CANDIDATES           590        0.400%             1506        0.494%
                                                147362      100.000%           304931      100.000%
                                                  3.00         0.25              3.05         0.38

FDIP_ON_CONF_OFF_BTB_MISS_BP_TAKEN_CONF_0_EMITTED             0        0.000%                1        0.001%
FDIP_ON_CONF_OFF_BTB_MISS_BP_TAKEN_CONF_1_EMITTED           208        0.362%              689        0.588%
FDIP_ON_CONF_OFF_BTB_MISS_BP_TAKEN_CONF_2_EMITTED             0        0.000%              237        0.202%
FDIP_ON_CONF_OFF_BTB_MISS_BP_TAKEN_CONF_3_EMITTED         56958       99.023%           110135       94.005%
FDIP_ON_CONF_OFF_BTB_MISS_RATE_EMITTED               0        0.000%             5312        4.534%
FDIP_ON_CONF_OFF_INV_CONF_INC_EMITTED              354        0.615%              785        0.670%
                                                 57520      100.000%           117159      100.000%
                                                  3.01         0.31              3.04         0.40

ICACHE_FIRST_MISS_AFTER_WARMUP_SEEN_DURING_WARMUP             0         -nan%                0         -nan%
ICACHE_FIRST_MISS_AFTER_WARMUP_NOT_SEEN_DURING_WARMUP             0         -nan%                0         -nan%
                                                     0         -nan%                0         -nan%
                                                  -nan         -nan              -nan         -nan

ICACHE_FIRST_MISS_AFTER_WARMUP_NO_PREF_DURING_WARMUP             0         -nan%                0         -nan%
ICACHE_FIRST_MISS_AFTER_WARMUP_TRAINED_UNUSEFUL_DURING_WARMUP             0         -nan%                0         -nan%
ICACHE_FIRST_MISS_AFTER_WARMUP_TRAINED_USEFUL_DURING_WARMUP             0         -nan%                0         -nan%
                                                     0         -nan%                0         -nan%
                                                  -nan         -nan              -nan         -nan

FDIP_PREFETCH_EVICT_NO_HIT_ONLY_ONCE                 0                              0              

FDIP_PREFETCH_HIT_ICACHE                       1167621       69.703%          2391531       70.049%
FDIP_PREFETCH_HIT_MLC                           506901       30.260%          1015710       29.751%
FDIP_PREFETCH_HIT_L1                               607        0.036%              883        0.026%
FDIP_PREFETCH_HIT_DRAM                               0        0.000%             5945        0.174%
                                               1675129      100.000%          3414069      100.000%
                                                  0.30         0.38              0.30         0.40

FDIP_MEM_BUF_MISS                                    0         -nan%                0         -nan%
FDIP_MEM_BUF_FOUND                                   0         -nan%                0         -nan%
                                                     0         -nan%                0         -nan%
                                                  -nan         -nan              -nan         -nan

DJOLT_PREFETCH_ENTRY                                 0                              0              

DJOLT_PREFETCH_INITIAL                               0                              0              

DJOLT_PREFETCH_SIG                                   0                              0              

FNLMMA_PREFETCH_TYPE0                                0         -nan%                0         -nan%
FNLMMA_PREFETCH_TYPE1                                0         -nan%                0         -nan%
FNLMMA_PREFETCH_TYPE2                                0         -nan%                0         -nan%
FNLMMA_PREFETCH_TYPE3                                0         -nan%                0         -nan%
FNLMMA_PREFETCH_TYPE4                                0         -nan%                0         -nan%
                                                     0         -nan%                0         -nan%
                                                  -nan         -nan              -nan         -nan



