/* -*- Mode: c -*- */
####################################################################################################
Core 0
####################################################################################################
Cumulative:        Cycles: 9376194               Instructions: 20114679              IPC: 2.14529

Periodic:          Cycles: 3125441               Instructions: 10000000              IPC: 3.19955

EXECUTION_TIME                            976700312500                  2930060625000              

NODE_CYCLE                                     3125441                        9376194              

NODE_INST_COUNT                               10000000                       20114679              

NODE_INST_COUNT_FETCHED                       10000000                       20000000              

NODE_UOP_COUNT                                11089008                       23699138              

FULL_WINDOW_STALL                              1034267       33.092%          4630178       49.382%

FULL_WINDOW_MEM_OP                              833662       99.963%          4202355       99.986%
FULL_WINDOW_FP_OP                                    0        0.000%                0        0.000%
FULL_WINDOW_OTHER_OP                               308        0.037%              586        0.014%
                                                833970      100.000%          4202941      100.000%
                                                  0.00         0.04              0.00         0.02

RET_BLOCKED_DC_MISS                            1056332       33.798%          4843024       51.652%

RET_BLOCKED_L1_MISS                              17604        0.563%          2745503       29.282%

RET_BLOCKED_L1_MISS_BW_PREF                          0        0.000%            37177        0.397%

RET_BLOCKED_L1_ACCESS                          1038732       33.235%          2098624       22.382%

RET_BLOCKED_MEM_STALL                            17604        0.563%          2745935       29.286%

RET_BLOCKED_OFFCHIP_DEMAND                           0        0.000%                0        0.000%

OP_ISSUED                                     11223159                       24730218              

OP_RETIRED                                    11089008                       23699138              

REPLAY_SIGNALED                                      0                              0              

REPLAY_COUNTED                                       0                              0              

OFF_CRITICAL_PATH                                    0         -nan%                0         -nan%
ON_CRITICAL_PATH                                     0         -nan%                0         -nan%
                                                     0         -nan%                0         -nan%
                                                  -nan         -nan              -nan         -nan

LD_NO_DEPENDENTS                                 12268        0.425%            97480        1.702%
LD_DEPENDENTS                                  2871093       99.575%          5628958       98.298%
                                               2883361      100.000%          5726438      100.000%
                                                  1.00         0.99              0.98         0.97

LD_EXEC_CYCLES_0                                     0        0.000%                0        0.000%
LD_EXEC_CYCLES_1                                     0        0.000%                0        0.000%
LD_EXEC_CYCLES_2                                     0        0.000%                0        0.000%
LD_EXEC_CYCLES_3                                 12940       45.745%            16744       46.185%
LD_EXEC_CYCLES_4                                 15347       54.255%            19510       53.815%
                                                 28287      100.000%            36254      100.000%
                                                  3.54         2.66              3.54         2.64

ICACHE_STAGE_STARVED                               861        0.042%            27616        0.609%
ICACHE_STAGE_NOT_STARVED                       2069890       99.958%          4503408       99.391%
                                               2070751      100.000%          4531024      100.000%
                                                  1.00         1.00              0.99         0.99

ICACHE_STAGE_STALLED                            998730       31.955%          4091940       43.642%
ICACHE_STAGE_NOT_STALLED                       2070751       66.255%          4531040       48.325%
ICACHE_STAGE_OFF_PATH                            55960        1.790%           753214        8.033%
                                               3125441      100.000%          9376194      100.000%
                                                  0.70         0.32              0.64         0.49

DECODE_STAGE_STARVED                             88549        2.877%           614524        7.026%
DECODE_STAGE_NOT_STARVED                       2989576       97.123%          8131392       92.974%
                                               3078125      100.000%          8745916      100.000%
                                                  0.97         0.96              0.93         0.90

DECODE_STAGE_STALLED                            998747       31.955%          4115601       43.894%
DECODE_STAGE_NOT_STALLED                       2079378       66.531%          4630315       49.384%
DECODE_STAGE_OFF_PATH                            47316        1.514%           630278        6.722%
                                               3125441      100.000%          9376194      100.000%
                                                  0.70         0.31              0.63         0.47

UOPQ_STAGE_STARVED                               88559        2.833%           615833        6.568%
UOPQ_STAGE_NOT_STARVED                         3036882       97.167%          8760361       93.432%
                                               3125441      100.000%          9376194      100.000%
                                                  0.97         0.96              0.93         0.91

UOPQ_STAGE_STALLED                                   0        0.000%                0        0.000%
UOPQ_STAGE_NOT_STALLED                         3125441      100.000%          9376194      100.000%
UOPQ_STAGE_OFF_PATH                                  0        0.000%                0        0.000%
                                               3125441      100.000%          9376194      100.000%
                                                  1.00         0.00              1.00         0.00

MAP_STAGE_STARVED                                 4134        0.134%            55198        0.631%
MAP_STAGE_NOT_STARVED                          3074732       99.866%          8694814       99.369%
                                               3078866      100.000%          8750012      100.000%
                                                  1.00         1.00              0.99         0.99

MAP_STAGE_STALLED                              1006278       32.196%          4200987       44.805%
MAP_STAGE_NOT_STALLED                          2072588       66.313%          4549025       48.517%
MAP_STAGE_OFF_PATH                               46575        1.490%           626182        6.678%
                                               3125441      100.000%          9376194      100.000%
                                                  0.69         0.31              0.62         0.47

EXEC_STAGE_STARVED                              256445        8.205%           975433       10.403%
EXEC_STAGE_NOT_STARVED                         2835820       90.733%          7885022       84.096%
EXEC_STAGE_OFF_PATH                              33176        1.061%           515739        5.501%
                                               3125441      100.000%          9376194      100.000%
                                                  0.93         0.16              0.95         0.34

FU_BUSY_0                                      2987222                        6625739              

FU_BUSY_1                                      2771840                        5380518              

FU_BUSY_2                                      1236797                        2364547              

FU_BUSY_3                                       472202                         976032              

FU_BUSY_4                                       628936                        2090959              

FU_BUSY_5                                        91514                         480685              

FU_BUSY_6                                      1883288                        4296972              

FU_BUSY_7                                       884186                        2159697              

FU_BUSY_8                                       356904                        1043751              

FU_BUSY_9                                       126380                         510811              

FU_BUSY_10                                           0                              0              

FU_BUSY_11                                           0                              0              

FU_BUSY_12                                           0                              0              

FU_BUSY_13                                           0                              0              

FU_BUSY_14                                           0                              0              

FU_BUSY_15                                           0                              0              

FU_BUSY_16                                           0                              0              

FU_BUSY_17                                           0                              0              

FU_BUSY_18                                           0                              0              

FU_BUSY_19                                           0                              0              

FU_BUSY_20                                           0                              0              

FU_BUSY_21                                           0                              0              

FU_BUSY_22                                           0                              0              

FU_BUSY_23                                           0                              0              

FU_BUSY_24                                           0                              0              

FU_BUSY_25                                           0                              0              

FU_BUSY_26                                           0                              0              

FU_BUSY_27                                           0                              0              

FU_BUSY_28                                           0                              0              

FU_BUSY_29                                           0                              0              

FU_BUSY_30                                           0                              0              

FU_BUSY_31                                           0                              0              

OP_WAIT_0                                      6667782                       15273219              

OP_WAIT_1                                      1314785                        3274144              

OP_WAIT_2                                       717800                        1520192              

OP_WAIT_3                                       271251                         509009              

OP_WAIT_4                                       152128                         301981              

OP_WAIT_5                                       131796                         234256              

OP_WAIT_6                                       102468                         194287              

OP_WAIT_7                                       108856                         182852              

OP_WAIT_8                                        79012                         143847              

OP_WAIT_9                                        72922                         125461              

OP_WAIT_10                                       73861                         119025              

OP_WAIT_11                                       64740                         104935              

OP_WAIT_12                                       66076                          97772              

OP_WAIT_13                                       65954                          91057              

OP_WAIT_14                                       67981                          91367              

OP_WAIT_15                                       69973                          92376              

OP_WAIT_16                                       65801                          81748              

OP_WAIT_17                                       71373                          87218              

OP_WAIT_18                                       62849                          79340              

OP_WAIT_19                                       65448                          80286              

OP_WAIT_20                                       64727                          78459              

OP_WAIT_21                                       66157                          78867              

OP_WAIT_22                                       57579                          69363              

OP_WAIT_23                                       57990                          69172              

OP_WAIT_24                                       65071                          76444              

OP_WAIT_25                                       60214                          70916              

OP_WAIT_26                                       56696                          66648              

OP_WAIT_27                                       52510                          62033              

OP_WAIT_28                                       45934                          54936              

OP_WAIT_29                                       40543                          48750              

OP_WAIT_30                                       39176                          47189              

OP_WAIT_31                                      189555                         291989              

ROW_SIZE_0                                     1074420                        4956025              

ROW_SIZE_1                                      188577                         355885              

ROW_SIZE_2                                       23486                         120479              

ROW_SIZE_3                                       39042                          93069              

ROW_SIZE_4                                       15908                          38113              

ROW_SIZE_5                                       23223                          63502              

ROW_SIZE_6                                     1759431                        3725521              

ROW_SIZE_7                                           0                              0              

ROW_SIZE_8                                           0                              0              

ROW_SIZE_9                                           0                              0              

ROW_SIZE_10                                          0                              0              

ROW_SIZE_11                                          0                              0              

ROW_SIZE_12                                          0                              0              

ROW_SIZE_13                                          0                              0              

ROW_SIZE_14                                          0                              0              

ROW_SIZE_15                                          0                              0              

ROW_SIZE_16                                          0                              0              

ROW_SIZE_17                                          0                              0              

ROW_SIZE_18                                          0                              0              

ROW_SIZE_19                                          0                              0              

ROW_SIZE_20                                          0                              0              

ROW_SIZE_21                                          0                              0              

ROW_SIZE_22                                          0                              0              

ROW_SIZE_23                                          0                              0              

ROW_SIZE_24                                          0                              0              

ROW_SIZE_25                                          0                              0              

ROW_SIZE_26                                          0                              0              

ROW_SIZE_27                                          0                              0              

ROW_SIZE_28                                          0                              0              

ROW_SIZE_29                                          0                              0              

ROW_SIZE_30                                          0                              0              

ROW_SIZE_31                                          0                              0              

RET_OP_EXEC_COUNT_0                                  0        0.000%                0        0.000%
RET_OP_EXEC_COUNT_1                           11089008      100.000%         23699138      100.000%
RET_OP_EXEC_COUNT_2                                  0        0.000%                0        0.000%
RET_OP_EXEC_COUNT_3                                  0        0.000%                0        0.000%
RET_OP_EXEC_COUNT_4                                  0        0.000%                0        0.000%
RET_OP_EXEC_COUNT_5                                  0        0.000%                0        0.000%
RET_OP_EXEC_COUNT_6                                  0        0.000%                0        0.000%
RET_OP_EXEC_COUNT_7                                  0        0.000%                0        0.000%
RET_OP_EXEC_COUNT_8                                  0        0.000%                0        0.000%
RET_OP_EXEC_COUNT_9                                  0        0.000%                0        0.000%
RET_OP_EXEC_COUNT_10                                 0        0.000%                0        0.000%
RET_OP_EXEC_COUNT_11                                 0        0.000%                0        0.000%
RET_OP_EXEC_COUNT_12                                 0        0.000%                0        0.000%
RET_OP_EXEC_COUNT_13                                 0        0.000%                0        0.000%
RET_OP_EXEC_COUNT_14                                 0        0.000%                0        0.000%
RET_OP_EXEC_COUNT_15                                 0        0.000%                0        0.000%
RET_OP_EXEC_COUNT_16                                 0        0.000%                0        0.000%
RET_OP_EXEC_COUNT_17                                 0        0.000%                0        0.000%
RET_OP_EXEC_COUNT_18                                 0        0.000%                0        0.000%
RET_OP_EXEC_COUNT_19                                 0        0.000%                0        0.000%
RET_OP_EXEC_COUNT_20                                 0        0.000%                0        0.000%
RET_OP_EXEC_COUNT_21                                 0        0.000%                0        0.000%
RET_OP_EXEC_COUNT_22                                 0        0.000%                0        0.000%
RET_OP_EXEC_COUNT_23                                 0        0.000%                0        0.000%
RET_OP_EXEC_COUNT_24                                 0        0.000%                0        0.000%
RET_OP_EXEC_COUNT_25                                 0        0.000%                0        0.000%
RET_OP_EXEC_COUNT_26                                 0        0.000%                0        0.000%
RET_OP_EXEC_COUNT_27                                 0        0.000%                0        0.000%
RET_OP_EXEC_COUNT_28                                 0        0.000%                0        0.000%
RET_OP_EXEC_COUNT_29                                 0        0.000%                0        0.000%
RET_OP_EXEC_COUNT_30                                 0        0.000%                0        0.000%
RET_OP_EXEC_COUNT_31                                 0        0.000%                0        0.000%
RET_OP_EXEC_COUNT_32                                 0        0.000%                0        0.000%
                                              11089008      100.000%         23699138      100.000%
                                                  1.00         0.00              1.00         0.00

RET_STALL_LENGTH_0                            11088916       99.999%         23685811       99.944%
RET_STALL_LENGTH_100                                84        0.001%            10995        0.046%
RET_STALL_LENGTH_200                                 3        0.000%             1394        0.006%
RET_STALL_LENGTH_300                                 2        0.000%              466        0.002%
RET_STALL_LENGTH_400                                 0        0.000%              151        0.001%
RET_STALL_LENGTH_500                                 0        0.000%               68        0.000%
RET_STALL_LENGTH_600                                 1        0.000%               23        0.000%
RET_STALL_LENGTH_700                                 0        0.000%               18        0.000%
RET_STALL_LENGTH_800                                 1        0.000%                8        0.000%
RET_STALL_LENGTH_900                                 0        0.000%                6        0.000%
RET_STALL_LENGTH_1000                                0        0.000%                7        0.000%
RET_STALL_LENGTH_1100                                0        0.000%               26        0.000%
RET_STALL_LENGTH_1200                                1        0.000%              108        0.000%
RET_STALL_LENGTH_1300                                0        0.000%               37        0.000%
RET_STALL_LENGTH_1400                                0        0.000%               11        0.000%
RET_STALL_LENGTH_1500                                0        0.000%                4        0.000%
RET_STALL_LENGTH_1600                                0        0.000%                3        0.000%
RET_STALL_LENGTH_1700                                0        0.000%                1        0.000%
RET_STALL_LENGTH_1800                                0        0.000%                1        0.000%
RET_STALL_LENGTH_1900                                0        0.000%                0        0.000%
RET_STALL_LENGTH_2000                                0        0.000%                0        0.000%
RET_STALL_LENGTH_2100                                0        0.000%                0        0.000%
RET_STALL_LENGTH_2200                                0        0.000%                0        0.000%
RET_STALL_LENGTH_2300                                0        0.000%                0        0.000%
RET_STALL_LENGTH_2400                                0        0.000%                0        0.000%
RET_STALL_LENGTH_2500                                0        0.000%                0        0.000%
RET_STALL_LENGTH_2600                                0        0.000%                0        0.000%
RET_STALL_LENGTH_2700                                0        0.000%                0        0.000%
RET_STALL_LENGTH_2800                                0        0.000%                0        0.000%
RET_STALL_LENGTH_2900                                0        0.000%                0        0.000%
RET_STALL_LENGTH_3000                                0        0.000%                0        0.000%
RET_STALL_LENGTH_3100                                0        0.000%                0        0.000%
RET_STALL_LENGTH_3200                                0        0.000%                0        0.000%
RET_STALL_LENGTH_3300                                0        0.000%                0        0.000%
RET_STALL_LENGTH_3400                                0        0.000%                0        0.000%
RET_STALL_LENGTH_3500                                0        0.000%                0        0.000%
RET_STALL_LENGTH_3600                                0        0.000%                0        0.000%
RET_STALL_LENGTH_3700                                0        0.000%                0        0.000%
RET_STALL_LENGTH_3800                                0        0.000%                0        0.000%
RET_STALL_LENGTH_3900                                0        0.000%                0        0.000%
RET_STALL_LENGTH_4000                                0        0.000%                0        0.000%
RET_STALL_LENGTH_4100                                0        0.000%                0        0.000%
RET_STALL_LENGTH_4200                                0        0.000%                0        0.000%
RET_STALL_LENGTH_4300                                0        0.000%                0        0.000%
RET_STALL_LENGTH_4400                                0        0.000%                0        0.000%
RET_STALL_LENGTH_4500                                0        0.000%                0        0.000%
RET_STALL_LENGTH_4600                                0        0.000%                0        0.000%
RET_STALL_LENGTH_4700                                0        0.000%                0        0.000%
RET_STALL_LENGTH_4800                                0        0.000%                0        0.000%
RET_STALL_LENGTH_4900                                0        0.000%                0        0.000%
RET_STALL_LENGTH_5000                                0        0.000%                0        0.000%
                                              11089008      100.000%         23699138      100.000%
                                                  0.00         0.01              0.00         0.05

MEM_BLOCK_LENGTH_0                                   0         -nan%              644       98.321%
MEM_BLOCK_LENGTH_100                                 0         -nan%                7        1.069%
MEM_BLOCK_LENGTH_200                                 0         -nan%                4        0.611%
MEM_BLOCK_LENGTH_300                                 0         -nan%                0        0.000%
MEM_BLOCK_LENGTH_400                                 0         -nan%                0        0.000%
MEM_BLOCK_LENGTH_500                                 0         -nan%                0        0.000%
MEM_BLOCK_LENGTH_600                                 0         -nan%                0        0.000%
MEM_BLOCK_LENGTH_700                                 0         -nan%                0        0.000%
MEM_BLOCK_LENGTH_800                                 0         -nan%                0        0.000%
MEM_BLOCK_LENGTH_900                                 0         -nan%                0        0.000%
MEM_BLOCK_LENGTH_1000                                0         -nan%                0        0.000%
MEM_BLOCK_LENGTH_1100                                0         -nan%                0        0.000%
MEM_BLOCK_LENGTH_1200                                0         -nan%                0        0.000%
MEM_BLOCK_LENGTH_1300                                0         -nan%                0        0.000%
MEM_BLOCK_LENGTH_1400                                0         -nan%                0        0.000%
MEM_BLOCK_LENGTH_1500                                0         -nan%                0        0.000%
MEM_BLOCK_LENGTH_1600                                0         -nan%                0        0.000%
MEM_BLOCK_LENGTH_1700                                0         -nan%                0        0.000%
MEM_BLOCK_LENGTH_1800                                0         -nan%                0        0.000%
MEM_BLOCK_LENGTH_1900                                0         -nan%                0        0.000%
MEM_BLOCK_LENGTH_2000                                0         -nan%                0        0.000%
MEM_BLOCK_LENGTH_2100                                0         -nan%                0        0.000%
MEM_BLOCK_LENGTH_2200                                0         -nan%                0        0.000%
MEM_BLOCK_LENGTH_2300                                0         -nan%                0        0.000%
MEM_BLOCK_LENGTH_2400                                0         -nan%                0        0.000%
MEM_BLOCK_LENGTH_2500                                0         -nan%                0        0.000%
MEM_BLOCK_LENGTH_2600                                0         -nan%                0        0.000%
MEM_BLOCK_LENGTH_2700                                0         -nan%                0        0.000%
MEM_BLOCK_LENGTH_2800                                0         -nan%                0        0.000%
MEM_BLOCK_LENGTH_2900                                0         -nan%                0        0.000%
MEM_BLOCK_LENGTH_3000                                0         -nan%                0        0.000%
MEM_BLOCK_LENGTH_3100                                0         -nan%                0        0.000%
MEM_BLOCK_LENGTH_3200                                0         -nan%                0        0.000%
MEM_BLOCK_LENGTH_3300                                0         -nan%                0        0.000%
MEM_BLOCK_LENGTH_3400                                0         -nan%                0        0.000%
MEM_BLOCK_LENGTH_3500                                0         -nan%                0        0.000%
MEM_BLOCK_LENGTH_3600                                0         -nan%                0        0.000%
MEM_BLOCK_LENGTH_3700                                0         -nan%                0        0.000%
MEM_BLOCK_LENGTH_3800                                0         -nan%                0        0.000%
MEM_BLOCK_LENGTH_3900                                0         -nan%                0        0.000%
MEM_BLOCK_LENGTH_4000                                0         -nan%                0        0.000%
MEM_BLOCK_LENGTH_4100                                0         -nan%                0        0.000%
MEM_BLOCK_LENGTH_4200                                0         -nan%                0        0.000%
MEM_BLOCK_LENGTH_4300                                0         -nan%                0        0.000%
MEM_BLOCK_LENGTH_4400                                0         -nan%                0        0.000%
MEM_BLOCK_LENGTH_4500                                0         -nan%                0        0.000%
MEM_BLOCK_LENGTH_4600                                0         -nan%                0        0.000%
MEM_BLOCK_LENGTH_4700                                0         -nan%                0        0.000%
MEM_BLOCK_LENGTH_4800                                0         -nan%                0        0.000%
MEM_BLOCK_LENGTH_4900                                0         -nan%                0        0.000%
MEM_BLOCK_LENGTH_5000                                0         -nan%                0        0.000%
                                                     0         -nan%              655      100.000%
                                                  -nan         -nan              0.02         0.18

FUS_BUSY_ON_PATH                              11358577        3.6342         25149011        2.6822

FUS_BUSY_OFF_PATH                                80692        0.0258           780700        0.0833

FU_BUSY_MEM_STALL                               270253        0.0865          1438800        0.1535

FUS_EMPTY                                     19815141        6.3400         67832229        7.2345

CHIP_UTILIZATION                                     0        0.0000                0        0.0000

CYCLES_UNDER_MEM_REQ                                 0                              0              

CYCLES_UNDER_NO_MEM_REQ                              0                              0              

CYCLES_UNDER_CRITICAL_MEM_REQ                        0                              0              

CYCLES_UNDER_NONCRITICAL_MEM_REQ                     0                              0              

CHIP_UTILIZATION_UNDER_MEM_REQ                       0          -nan                0          -nan

CHIP_UTILIZATION_UNDER_NO_MEM_REQ                    0          -nan                0          -nan

CHIP_UTILIZATION_UNDER_CRITICAL_MEM_REQ              0          -nan                0          -nan

CHIP_UTILIZATION_UNDER_NONCRITICAL_MEM_REQ             0          -nan                0          -nan

CYCLES_NOT_WAITING_FOR_OFF_CHIP                      0        0.0000                0        0.0000

FUS_BUSY_NOT_WAITING_FOR_OFF_CHIP                    0          -nan                0          -nan

CYCLES_WAITING_FOR_OFF_CHIP                          0        0.0000                0        0.0000

FUS_BUSY_WAITING_FOR_OFF_CHIP                        0          -nan                0          -nan

TOTAL_OFF_CHIP_DELAYS_LEFT                           0                              0              

WRONG_IO_SCHED                                       0                              0              

DVFS_CONFIG_SWITCH                                   0                              0              

UOP_CACHE_ICACHE_SWITCH_ONPATH                       0         -nan%                0         -nan%
UOP_CACHE_ICACHE_SWITCH_OFFPATH                      0         -nan%                0         -nan%
                                                     0         -nan%                0         -nan%
                                                  -nan         -nan              -nan         -nan

MAP_STAGE_RECEIVED_OPS_0                             0        0.000%                0        0.000%
MAP_STAGE_RECEIVED_OPS_1                         24807        1.198%           109976        2.440%
MAP_STAGE_RECEIVED_OPS_2                        125603        6.067%           323250        7.171%
MAP_STAGE_RECEIVED_OPS_3                        107026        5.170%           227407        5.045%
MAP_STAGE_RECEIVED_OPS_4                        150111        7.251%           318885        7.074%
MAP_STAGE_RECEIVED_OPS_5                         86004        4.154%           191490        4.248%
MAP_STAGE_RECEIVED_OPS_6                       1576751       76.160%          3336766       74.022%
MAP_STAGE_RECEIVED_OPS_7                             0        0.000%                0        0.000%
MAP_STAGE_RECEIVED_OPS_8                             0        0.000%                0        0.000%
MAP_STAGE_RECEIVED_OPS_MAX                           0        0.000%                0        0.000%
                                               2070302      100.000%          4507774      100.000%
                                                  5.36         1.29              5.26         1.41

MAP_STAGE_WAIT_FOR_DECODE                            0         -nan%                0         -nan%
MAP_STAGE_CONSUME_DECODE                             0         -nan%                0         -nan%
                                                     0         -nan%                0         -nan%
                                                  -nan         -nan              -nan         -nan

MAP_STAGE_WAIT_FOR_DECODE2                           0         -nan%                0         -nan%
MAP_STAGE_CONSUME_DECODE2                            0         -nan%                0         -nan%
                                                     0         -nan%                0         -nan%
                                                  -nan         -nan              -nan         -nan

FTQ_RECOVER_EXEC                                   658                           6240              

FTQ_RECOVER_DECODE                                   4                            276              

FTQ_OFFPATH_CYCLES                               85423                        1301462              

FTQ_CYCLES_OFFPATH                               84780                        1296249              

FTQ_CYCLES_ONPATH                              3040661                        8079945              

FTQ_FETCHED_INS_OFFPATH                         310516                        2691521              

FTQ_FETCHED_INS_ONPATH                        11087789                       23692622              

FTQ_BREAK_FULL_BLOCK_OFFPATH                     78653        2.517%          1222031       13.034%
FTQ_BREAK_FULL_BLOCK_ONPATH                    2937500       93.991%          7779736       82.974%
FTQ_BREAK_MAX_BLOCKS_OFFPATH                      6789        0.217%            78373        0.836%
FTQ_BREAK_MAX_BLOCKS_ONPATH                     102363        3.275%           293267        3.128%
FTQ_BREAK_PRED_BR_OFFPATH                            0        0.000%                0        0.000%
FTQ_BREAK_PRED_BR_ONPATH                             0        0.000%                0        0.000%
FTQ_BREAK_BAR_FETCH_OFFPATH                          0        0.000%             2361        0.025%
FTQ_BREAK_BAR_FETCH_ONPATH                           0        0.000%              290        0.003%
                                               3125305      100.000%          9376058      100.000%
                                                  1.04         0.36              0.94         0.39



