/* -*- Mode: c -*- */
####################################################################################################
Core 0
####################################################################################################
Cumulative:        Cycles: 8553086               Instructions: 20004887              IPC: 2.33891

Periodic:          Cycles: 4288258               Instructions: 9999997               IPC: 2.33195

EXECUTION_TIME                           1340080625000                  2672839375000              

NODE_CYCLE                                     4288258                        8553086              

NODE_INST_COUNT                                9999997                       20004887              

NODE_INST_COUNT_FETCHED                        9999997                       20000000              

NODE_UOP_COUNT                                10888730                       21796593              

FULL_WINDOW_STALL                              1708893       39.851%          3364854       39.341%

FULL_WINDOW_MEM_OP                             1636683       99.476%          3223962       99.523%
FULL_WINDOW_FP_OP                                    0        0.000%                0        0.000%
FULL_WINDOW_OTHER_OP                              8627        0.524%            15453        0.477%
                                               1645310      100.000%          3239415      100.000%
                                                  0.01         0.14              0.01         0.14

RET_BLOCKED_DC_MISS                            1893931       44.166%          3732194       43.636%

RET_BLOCKED_L1_MISS                            1358115       31.671%          2652234       31.009%

RET_BLOCKED_L1_MISS_BW_PREF                      22450        0.524%            44765        0.523%

RET_BLOCKED_L1_ACCESS                           535816       12.495%          1079984       12.627%

RET_BLOCKED_MEM_STALL                          1358115       31.671%          2652234       31.009%

RET_BLOCKED_OFFCHIP_DEMAND                           0        0.000%                0        0.000%

OP_ISSUED                                     11679044                       23373208              

OP_RETIRED                                    10888730                       21796593              

REPLAY_SIGNALED                                      0                              0              

REPLAY_COUNTED                                       0                              0              

OFF_CRITICAL_PATH                                    0         -nan%                0         -nan%
ON_CRITICAL_PATH                                     0         -nan%                0         -nan%
                                                     0         -nan%                0         -nan%
                                                  -nan         -nan              -nan         -nan

LD_NO_DEPENDENTS                                125198        5.001%           241494        4.834%
LD_DEPENDENTS                                  2378414       94.999%          4754143       95.166%
                                               2503612      100.000%          4995637      100.000%
                                                  0.95         0.93              0.95         0.93

LD_EXEC_CYCLES_0                                     0        0.000%                0        0.000%
LD_EXEC_CYCLES_1                                     0        0.000%                0        0.000%
LD_EXEC_CYCLES_2                                     0        0.000%                0        0.000%
LD_EXEC_CYCLES_3                                    62       36.471%              195       44.218%
LD_EXEC_CYCLES_4                                   108       63.529%              246       55.782%
                                                   170      100.000%              441      100.000%
                                                  3.64         2.95              3.56         2.71

ICACHE_STAGE_STARVED                              1725        0.072%            18643        0.390%
ICACHE_STAGE_NOT_STARVED                       2378488       99.928%          4758501       99.610%
                                               2380213      100.000%          4777144      100.000%
                                                  1.00         1.00              1.00         0.99

ICACHE_STAGE_STALLED                           1288137       30.039%          2529335       29.572%
ICACHE_STAGE_NOT_STALLED                       2380213       55.505%          4777144       55.853%
ICACHE_STAGE_OFF_PATH                           619908       14.456%          1246607       14.575%
                                               4288258      100.000%          8553086      100.000%
                                                  0.84         0.56              0.85         0.56

DECODE_STAGE_STARVED                           1228728       32.407%          2538117       33.487%
DECODE_STAGE_NOT_STARVED                       2562875       67.593%          5041255       66.513%
                                               3791603      100.000%          7579372      100.000%
                                                  0.68         0.62              0.67         0.61

DECODE_STAGE_STALLED                           1290791       30.101%          2535897       29.649%
DECODE_STAGE_NOT_STALLED                       2500812       58.318%          5043475       58.967%
DECODE_STAGE_OFF_PATH                           496655       11.582%           973714       11.384%
                                               4288258      100.000%          8553086      100.000%
                                                  0.81         0.51              0.82         0.50

UOPQ_STAGE_STARVED                             1228735       28.653%          2538257       29.677%
UOPQ_STAGE_NOT_STARVED                         3059523       71.347%          6014829       70.323%
                                               4288258      100.000%          8553086      100.000%
                                                  0.71         0.65              0.70         0.64

UOPQ_STAGE_STALLED                                   0        0.000%                0        0.000%
UOPQ_STAGE_NOT_STALLED                         4288258      100.000%          8553086      100.000%
UOPQ_STAGE_OFF_PATH                                  0        0.000%                0        0.000%
                                               4288258      100.000%          8553086      100.000%
                                                  1.00         0.00              1.00         0.00

MAP_STAGE_STARVED                                18726        0.505%            53866        0.727%
MAP_STAGE_NOT_STARVED                          3686719       99.495%          7352456       99.273%
                                               3705445      100.000%          7406322      100.000%
                                                  0.99         0.99              0.99         0.99

MAP_STAGE_STALLED                              1309161       30.529%          2593986       30.328%
MAP_STAGE_NOT_STALLED                          2396284       55.880%          4812336       56.264%
MAP_STAGE_OFF_PATH                              582813       13.591%          1146764       13.408%
                                               4288258      100.000%          8553086      100.000%
                                                  0.83         0.54              0.83         0.54

EXEC_STAGE_STARVED                              738468       17.221%          1476200       17.259%
EXEC_STAGE_NOT_STARVED                         3064572       71.464%          6154116       71.952%
EXEC_STAGE_OFF_PATH                             485218       11.315%           922770       10.789%
                                               4288258      100.000%          8553086      100.000%
                                                  0.94         0.48              0.94         0.47

FU_BUSY_0                                      2734033                        5459387              

FU_BUSY_1                                      2153151                        4311607              

FU_BUSY_2                                      1211704                        2418054              

FU_BUSY_3                                       540205                        1083888              

FU_BUSY_4                                      1173773                        2353601              

FU_BUSY_5                                       343400                         695544              

FU_BUSY_6                                      1916733                        3828166              

FU_BUSY_7                                      1176476                        2339952              

FU_BUSY_8                                       710107                        1420670              

FU_BUSY_9                                       406029                         813413              

FU_BUSY_10                                           0                              0              

FU_BUSY_11                                           0                              0              

FU_BUSY_12                                           0                              0              

FU_BUSY_13                                           0                              0              

FU_BUSY_14                                           0                              0              

FU_BUSY_15                                           0                              0              

FU_BUSY_16                                           0                              0              

FU_BUSY_17                                           0                              0              

FU_BUSY_18                                           0                              0              

FU_BUSY_19                                           0                              0              

FU_BUSY_20                                           0                              0              

FU_BUSY_21                                           0                              0              

FU_BUSY_22                                           0                              0              

FU_BUSY_23                                           0                              0              

FU_BUSY_24                                           0                              0              

FU_BUSY_25                                           0                              0              

FU_BUSY_26                                           0                              0              

FU_BUSY_27                                           0                              0              

FU_BUSY_28                                           0                              0              

FU_BUSY_29                                           0                              0              

FU_BUSY_30                                           0                              0              

FU_BUSY_31                                           0                              0              

OP_WAIT_0                                      6817147                       13624914              

OP_WAIT_1                                      1768614                        3530578              

OP_WAIT_2                                      1038495                        2070266              

OP_WAIT_3                                       262924                         528277              

OP_WAIT_4                                       180417                         359061              

OP_WAIT_5                                       131918                         262368              

OP_WAIT_6                                       103342                         203976              

OP_WAIT_7                                        81624                         162682              

OP_WAIT_8                                        69082                         137219              

OP_WAIT_9                                        54238                         110531              

OP_WAIT_10                                       46394                          95791              

OP_WAIT_11                                       41273                          84023              

OP_WAIT_12                                       34316                          71500              

OP_WAIT_13                                       25708                          55092              

OP_WAIT_14                                       23581                          50473              

OP_WAIT_15                                       22583                          49086              

OP_WAIT_16                                       18906                          40770              

OP_WAIT_17                                       19471                          42118              

OP_WAIT_18                                       16549                          36468              

OP_WAIT_19                                       15123                          32975              

OP_WAIT_20                                       10972                          25244              

OP_WAIT_21                                       10614                          24076              

OP_WAIT_22                                        8923                          19935              

OP_WAIT_23                                        8269                          18489              

OP_WAIT_24                                        7816                          16135              

OP_WAIT_25                                        5155                          11717              

OP_WAIT_26                                        4843                          10506              

OP_WAIT_27                                        2598                           5948              

OP_WAIT_28                                        2680                           6465              

OP_WAIT_29                                        1616                           3770              

OP_WAIT_30                                        1786                           3802              

OP_WAIT_31                                       51753                         102338              

ROW_SIZE_0                                     2150837                        4247508              

ROW_SIZE_1                                      217855                         443599              

ROW_SIZE_2                                      104474                         215593              

ROW_SIZE_3                                       70971                         148370              

ROW_SIZE_4                                       52211                         107459              

ROW_SIZE_5                                       55106                         113198              

ROW_SIZE_6                                     1627440                        3246812              

ROW_SIZE_7                                           0                              0              

ROW_SIZE_8                                           0                              0              

ROW_SIZE_9                                           0                              0              

ROW_SIZE_10                                          0                              0              

ROW_SIZE_11                                          0                              0              

ROW_SIZE_12                                          0                              0              

ROW_SIZE_13                                          0                              0              

ROW_SIZE_14                                          0                              0              

ROW_SIZE_15                                          0                              0              

ROW_SIZE_16                                          0                              0              

ROW_SIZE_17                                          0                              0              

ROW_SIZE_18                                          0                              0              

ROW_SIZE_19                                          0                              0              

ROW_SIZE_20                                          0                              0              

ROW_SIZE_21                                          0                              0              

ROW_SIZE_22                                          0                              0              

ROW_SIZE_23                                          0                              0              

ROW_SIZE_24                                          0                              0              

ROW_SIZE_25                                          0                              0              

ROW_SIZE_26                                          0                              0              

ROW_SIZE_27                                          0                              0              

ROW_SIZE_28                                          0                              0              

ROW_SIZE_29                                          0                              0              

ROW_SIZE_30                                          0                              0              

ROW_SIZE_31                                          0                              0              

RET_OP_EXEC_COUNT_0                                  0        0.000%                0        0.000%
RET_OP_EXEC_COUNT_1                           10888730      100.000%         21796593      100.000%
RET_OP_EXEC_COUNT_2                                  0        0.000%                0        0.000%
RET_OP_EXEC_COUNT_3                                  0        0.000%                0        0.000%
RET_OP_EXEC_COUNT_4                                  0        0.000%                0        0.000%
RET_OP_EXEC_COUNT_5                                  0        0.000%                0        0.000%
RET_OP_EXEC_COUNT_6                                  0        0.000%                0        0.000%
RET_OP_EXEC_COUNT_7                                  0        0.000%                0        0.000%
RET_OP_EXEC_COUNT_8                                  0        0.000%                0        0.000%
RET_OP_EXEC_COUNT_9                                  0        0.000%                0        0.000%
RET_OP_EXEC_COUNT_10                                 0        0.000%                0        0.000%
RET_OP_EXEC_COUNT_11                                 0        0.000%                0        0.000%
RET_OP_EXEC_COUNT_12                                 0        0.000%                0        0.000%
RET_OP_EXEC_COUNT_13                                 0        0.000%                0        0.000%
RET_OP_EXEC_COUNT_14                                 0        0.000%                0        0.000%
RET_OP_EXEC_COUNT_15                                 0        0.000%                0        0.000%
RET_OP_EXEC_COUNT_16                                 0        0.000%                0        0.000%
RET_OP_EXEC_COUNT_17                                 0        0.000%                0        0.000%
RET_OP_EXEC_COUNT_18                                 0        0.000%                0        0.000%
RET_OP_EXEC_COUNT_19                                 0        0.000%                0        0.000%
RET_OP_EXEC_COUNT_20                                 0        0.000%                0        0.000%
RET_OP_EXEC_COUNT_21                                 0        0.000%                0        0.000%
RET_OP_EXEC_COUNT_22                                 0        0.000%                0        0.000%
RET_OP_EXEC_COUNT_23                                 0        0.000%                0        0.000%
RET_OP_EXEC_COUNT_24                                 0        0.000%                0        0.000%
RET_OP_EXEC_COUNT_25                                 0        0.000%                0        0.000%
RET_OP_EXEC_COUNT_26                                 0        0.000%                0        0.000%
RET_OP_EXEC_COUNT_27                                 0        0.000%                0        0.000%
RET_OP_EXEC_COUNT_28                                 0        0.000%                0        0.000%
RET_OP_EXEC_COUNT_29                                 0        0.000%                0        0.000%
RET_OP_EXEC_COUNT_30                                 0        0.000%                0        0.000%
RET_OP_EXEC_COUNT_31                                 0        0.000%                0        0.000%
RET_OP_EXEC_COUNT_32                                 0        0.000%                0        0.000%
                                              10888730      100.000%         21796593      100.000%
                                                  1.00         0.00              1.00         0.00

RET_STALL_LENGTH_0                            10878966       99.910%         21777132       99.911%
RET_STALL_LENGTH_100                              9178        0.084%            18416        0.084%
RET_STALL_LENGTH_200                               411        0.004%              713        0.003%
RET_STALL_LENGTH_300                                22        0.000%               45        0.000%
RET_STALL_LENGTH_400                                 9        0.000%               12        0.000%
RET_STALL_LENGTH_500                                11        0.000%               14        0.000%
RET_STALL_LENGTH_600                                 3        0.000%                8        0.000%
RET_STALL_LENGTH_700                                 8        0.000%               16        0.000%
RET_STALL_LENGTH_800                                 8        0.000%               15        0.000%
RET_STALL_LENGTH_900                                 3        0.000%               10        0.000%
RET_STALL_LENGTH_1000                               15        0.000%               26        0.000%
RET_STALL_LENGTH_1100                               13        0.000%               30        0.000%
RET_STALL_LENGTH_1200                               66        0.001%              125        0.001%
RET_STALL_LENGTH_1300                               16        0.000%               30        0.000%
RET_STALL_LENGTH_1400                                1        0.000%                1        0.000%
RET_STALL_LENGTH_1500                                0        0.000%                0        0.000%
RET_STALL_LENGTH_1600                                0        0.000%                0        0.000%
RET_STALL_LENGTH_1700                                0        0.000%                0        0.000%
RET_STALL_LENGTH_1800                                0        0.000%                0        0.000%
RET_STALL_LENGTH_1900                                0        0.000%                0        0.000%
RET_STALL_LENGTH_2000                                0        0.000%                0        0.000%
RET_STALL_LENGTH_2100                                0        0.000%                0        0.000%
RET_STALL_LENGTH_2200                                0        0.000%                0        0.000%
RET_STALL_LENGTH_2300                                0        0.000%                0        0.000%
RET_STALL_LENGTH_2400                                0        0.000%                0        0.000%
RET_STALL_LENGTH_2500                                0        0.000%                0        0.000%
RET_STALL_LENGTH_2600                                0        0.000%                0        0.000%
RET_STALL_LENGTH_2700                                0        0.000%                0        0.000%
RET_STALL_LENGTH_2800                                0        0.000%                0        0.000%
RET_STALL_LENGTH_2900                                0        0.000%                0        0.000%
RET_STALL_LENGTH_3000                                0        0.000%                0        0.000%
RET_STALL_LENGTH_3100                                0        0.000%                0        0.000%
RET_STALL_LENGTH_3200                                0        0.000%                0        0.000%
RET_STALL_LENGTH_3300                                0        0.000%                0        0.000%
RET_STALL_LENGTH_3400                                0        0.000%                0        0.000%
RET_STALL_LENGTH_3500                                0        0.000%                0        0.000%
RET_STALL_LENGTH_3600                                0        0.000%                0        0.000%
RET_STALL_LENGTH_3700                                0        0.000%                0        0.000%
RET_STALL_LENGTH_3800                                0        0.000%                0        0.000%
RET_STALL_LENGTH_3900                                0        0.000%                0        0.000%
RET_STALL_LENGTH_4000                                0        0.000%                0        0.000%
RET_STALL_LENGTH_4100                                0        0.000%                0        0.000%
RET_STALL_LENGTH_4200                                0        0.000%                0        0.000%
RET_STALL_LENGTH_4300                                0        0.000%                0        0.000%
RET_STALL_LENGTH_4400                                0        0.000%                0        0.000%
RET_STALL_LENGTH_4500                                0        0.000%                0        0.000%
RET_STALL_LENGTH_4600                                0        0.000%                0        0.000%
RET_STALL_LENGTH_4700                                0        0.000%                0        0.000%
RET_STALL_LENGTH_4800                                0        0.000%                0        0.000%
RET_STALL_LENGTH_4900                                0        0.000%                0        0.000%
RET_STALL_LENGTH_5000                                0        0.000%                0        0.000%
                                              10888730      100.000%         21796593      100.000%
                                                  0.00         0.05              0.00         0.05

MEM_BLOCK_LENGTH_0                                   0         -nan%                0         -nan%
MEM_BLOCK_LENGTH_100                                 0         -nan%                0         -nan%
MEM_BLOCK_LENGTH_200                                 0         -nan%                0         -nan%
MEM_BLOCK_LENGTH_300                                 0         -nan%                0         -nan%
MEM_BLOCK_LENGTH_400                                 0         -nan%                0         -nan%
MEM_BLOCK_LENGTH_500                                 0         -nan%                0         -nan%
MEM_BLOCK_LENGTH_600                                 0         -nan%                0         -nan%
MEM_BLOCK_LENGTH_700                                 0         -nan%                0         -nan%
MEM_BLOCK_LENGTH_800                                 0         -nan%                0         -nan%
MEM_BLOCK_LENGTH_900                                 0         -nan%                0         -nan%
MEM_BLOCK_LENGTH_1000                                0         -nan%                0         -nan%
MEM_BLOCK_LENGTH_1100                                0         -nan%                0         -nan%
MEM_BLOCK_LENGTH_1200                                0         -nan%                0         -nan%
MEM_BLOCK_LENGTH_1300                                0         -nan%                0         -nan%
MEM_BLOCK_LENGTH_1400                                0         -nan%                0         -nan%
MEM_BLOCK_LENGTH_1500                                0         -nan%                0         -nan%
MEM_BLOCK_LENGTH_1600                                0         -nan%                0         -nan%
MEM_BLOCK_LENGTH_1700                                0         -nan%                0         -nan%
MEM_BLOCK_LENGTH_1800                                0         -nan%                0         -nan%
MEM_BLOCK_LENGTH_1900                                0         -nan%                0         -nan%
MEM_BLOCK_LENGTH_2000                                0         -nan%                0         -nan%
MEM_BLOCK_LENGTH_2100                                0         -nan%                0         -nan%
MEM_BLOCK_LENGTH_2200                                0         -nan%                0         -nan%
MEM_BLOCK_LENGTH_2300                                0         -nan%                0         -nan%
MEM_BLOCK_LENGTH_2400                                0         -nan%                0         -nan%
MEM_BLOCK_LENGTH_2500                                0         -nan%                0         -nan%
MEM_BLOCK_LENGTH_2600                                0         -nan%                0         -nan%
MEM_BLOCK_LENGTH_2700                                0         -nan%                0         -nan%
MEM_BLOCK_LENGTH_2800                                0         -nan%                0         -nan%
MEM_BLOCK_LENGTH_2900                                0         -nan%                0         -nan%
MEM_BLOCK_LENGTH_3000                                0         -nan%                0         -nan%
MEM_BLOCK_LENGTH_3100                                0         -nan%                0         -nan%
MEM_BLOCK_LENGTH_3200                                0         -nan%                0         -nan%
MEM_BLOCK_LENGTH_3300                                0         -nan%                0         -nan%
MEM_BLOCK_LENGTH_3400                                0         -nan%                0         -nan%
MEM_BLOCK_LENGTH_3500                                0         -nan%                0         -nan%
MEM_BLOCK_LENGTH_3600                                0         -nan%                0         -nan%
MEM_BLOCK_LENGTH_3700                                0         -nan%                0         -nan%
MEM_BLOCK_LENGTH_3800                                0         -nan%                0         -nan%
MEM_BLOCK_LENGTH_3900                                0         -nan%                0         -nan%
MEM_BLOCK_LENGTH_4000                                0         -nan%                0         -nan%
MEM_BLOCK_LENGTH_4100                                0         -nan%                0         -nan%
MEM_BLOCK_LENGTH_4200                                0         -nan%                0         -nan%
MEM_BLOCK_LENGTH_4300                                0         -nan%                0         -nan%
MEM_BLOCK_LENGTH_4400                                0         -nan%                0         -nan%
MEM_BLOCK_LENGTH_4500                                0         -nan%                0         -nan%
MEM_BLOCK_LENGTH_4600                                0         -nan%                0         -nan%
MEM_BLOCK_LENGTH_4700                                0         -nan%                0         -nan%
MEM_BLOCK_LENGTH_4800                                0         -nan%                0         -nan%
MEM_BLOCK_LENGTH_4900                                0         -nan%                0         -nan%
MEM_BLOCK_LENGTH_5000                                0         -nan%                0         -nan%
                                                     0         -nan%                0         -nan%
                                                  -nan         -nan              -nan         -nan

FUS_BUSY_ON_PATH                              11808384        2.7537         23643299        2.7643

FUS_BUSY_OFF_PATH                               557227        0.1299          1080983        0.1264

FU_BUSY_MEM_STALL                               966310        0.2253          1931265        0.2258

FUS_EMPTY                                     30516969        7.1164         60806578        7.1093

CHIP_UTILIZATION                                     0        0.0000                0        0.0000

CYCLES_UNDER_MEM_REQ                                 0                              0              

CYCLES_UNDER_NO_MEM_REQ                              0                              0              

CYCLES_UNDER_CRITICAL_MEM_REQ                        0                              0              

CYCLES_UNDER_NONCRITICAL_MEM_REQ                     0                              0              

CHIP_UTILIZATION_UNDER_MEM_REQ                       0          -nan                0          -nan

CHIP_UTILIZATION_UNDER_NO_MEM_REQ                    0          -nan                0          -nan

CHIP_UTILIZATION_UNDER_CRITICAL_MEM_REQ              0          -nan                0          -nan

CHIP_UTILIZATION_UNDER_NONCRITICAL_MEM_REQ             0          -nan                0          -nan

CYCLES_NOT_WAITING_FOR_OFF_CHIP                      0        0.0000                0        0.0000

FUS_BUSY_NOT_WAITING_FOR_OFF_CHIP                    0          -nan                0          -nan

CYCLES_WAITING_FOR_OFF_CHIP                          0        0.0000                0        0.0000

FUS_BUSY_WAITING_FOR_OFF_CHIP                        0          -nan                0          -nan

TOTAL_OFF_CHIP_DELAYS_LEFT                           0                              0              

WRONG_IO_SCHED                                       0                              0              

DVFS_CONFIG_SWITCH                                   0                              0              

UOP_CACHE_ICACHE_SWITCH_ONPATH                       0         -nan%                0         -nan%
UOP_CACHE_ICACHE_SWITCH_OFFPATH                      0         -nan%                0         -nan%
                                                     0         -nan%                0         -nan%
                                                  -nan         -nan              -nan         -nan

MAP_STAGE_RECEIVED_OPS_0                             0        0.000%                0        0.000%
MAP_STAGE_RECEIVED_OPS_1                        186244        7.816%           367380        7.705%
MAP_STAGE_RECEIVED_OPS_2                        253525       10.639%           510712       10.712%
MAP_STAGE_RECEIVED_OPS_3                        278049       11.668%           560727       11.761%
MAP_STAGE_RECEIVED_OPS_4                        242127       10.161%           481305       10.095%
MAP_STAGE_RECEIVED_OPS_5                        148885        6.248%           295414        6.196%
MAP_STAGE_RECEIVED_OPS_6                       1274123       53.468%          2552276       53.531%
MAP_STAGE_RECEIVED_OPS_7                             0        0.000%                0        0.000%
MAP_STAGE_RECEIVED_OPS_8                             0        0.000%                0        0.000%
MAP_STAGE_RECEIVED_OPS_MAX                           0        0.000%                0        0.000%
                                               2382953      100.000%          4767814      100.000%
                                                  4.57         1.77              4.57         1.77

MAP_STAGE_WAIT_FOR_DECODE                            0         -nan%                0         -nan%
MAP_STAGE_CONSUME_DECODE                             0         -nan%                0         -nan%
                                                     0         -nan%                0         -nan%
                                                  -nan         -nan              -nan         -nan

MAP_STAGE_WAIT_FOR_DECODE2                           0         -nan%                0         -nan%
MAP_STAGE_CONSUME_DECODE2                            0         -nan%                0         -nan%
                                                     0         -nan%                0         -nan%
                                                  -nan         -nan              -nan         -nan

FTQ_RECOVER_EXEC                                  5738                          12538              

FTQ_RECOVER_DECODE                                   8                            209              

FTQ_OFFPATH_CYCLES                              620368                        1289671              

FTQ_CYCLES_OFFPATH                              784573                        1623863              

FTQ_CYCLES_ONPATH                              3503685                        6929223              

FTQ_FETCHED_INS_OFFPATH                        1943928                        4040562              

FTQ_FETCHED_INS_ONPATH                        10882807                       21783846              

FTQ_BREAK_FULL_BLOCK_OFFPATH                    729083       17.002%          1490184       17.423%
FTQ_BREAK_FULL_BLOCK_ONPATH                    3193988       74.483%          6312367       73.803%
FTQ_BREAK_MAX_BLOCKS_OFFPATH                     61235        1.428%           146426        1.712%
FTQ_BREAK_MAX_BLOCKS_ONPATH                     303884        7.087%           604041        7.062%
FTQ_BREAK_PRED_BR_OFFPATH                            0        0.000%                0        0.000%
FTQ_BREAK_PRED_BR_ONPATH                             0        0.000%                0        0.000%
FTQ_BREAK_BAR_FETCH_OFFPATH                          0        0.000%                0        0.000%
FTQ_BREAK_BAR_FETCH_ONPATH                           0        0.000%                0        0.000%
                                               4288190      100.000%          8553018      100.000%
                                                  0.99         0.55              0.98         0.55



