/* -*- Mode: c -*- */
####################################################################################################
Core 0
####################################################################################################
Cumulative:        Cycles: 7445270               Instructions: 20112261              IPC: 2.70135

Periodic:          Cycles: 3538577               Instructions: 10057333              IPC: 2.84220

ST_OP_INV                                            0        0.000%                0        0.000%
ST_OP_NOP                                       391405        2.745%          1057246        3.651%
ST_OP_CF                                       2143342       15.033%          4310819       14.886%
ST_OP_MOV                                      1469810       10.309%          2960361       10.223%
ST_OP_CMOV                                       25427        0.178%            51387        0.177%
ST_OP_LDA                                       371015        2.602%           748090        2.583%
ST_OP_IMEM                                     4673374       32.777%          9404070       32.475%
ST_OP_IADD                                     3136337       21.997%          6304734       21.772%
ST_OP_IMUL                                       22090        0.155%            44306        0.153%
ST_OP_IDIV                                        1375        0.010%             2739        0.009%
ST_OP_ICMP                                      709024        4.973%          1427844        4.931%
ST_OP_LOGIC                                     954253        6.693%          1921384        6.635%
ST_OP_SHIFT                                     185754        1.303%           374250        1.292%
ST_OP_FMEM                                      112984        0.792%           226928        0.784%
ST_OP_FCVT                                         169        0.001%              338        0.001%
ST_OP_FADD                                           0        0.000%                0        0.000%
ST_OP_FMUL                                           0        0.000%                0        0.000%
ST_OP_FMA                                            0        0.000%                0        0.000%
ST_OP_FDIV                                         169        0.001%              338        0.001%
ST_OP_FCMP                                         171        0.001%              348        0.001%
ST_OP_FCMOV                                          0        0.000%                0        0.000%
ST_OP_GATHER                                         0        0.000%                0        0.000%
ST_OP_SCATTER                                        0        0.000%                0        0.000%
ST_OP_PIPELINED_FAST                             10007        0.070%            20186        0.070%
ST_OP_PIPELINED_MEDIUM                           44962        0.315%            89962        0.311%
ST_OP_PIPELINED_SLOW                                 0        0.000%                0        0.000%
ST_OP_NOTPIPELINED_MEDIUM                         5123        0.036%            10344        0.036%
ST_OP_NOTPIPELINED_SLOW                           1182        0.008%             2384        0.008%
ST_OP_NOTPIPELINED_VERY_SLOW                         0        0.000%                0        0.000%
                                              14257973      100.000%         28958058      100.000%
                                                  5.89         3.00              5.85         3.02

ST_NOT_CF                                     12114631       84.967%         24647239       85.114%
ST_CF_BR                                        168050        1.179%           338442        1.169%
ST_CF_CBR                                      1346393        9.443%          2707320        9.349%
ST_CF_CALL                                      245443        1.721%           493944        1.706%
ST_CF_IBR                                        55250        0.388%           110919        0.383%
ST_CF_ICALL                                      41937        0.294%            84416        0.292%
ST_CF_ICO                                            0        0.000%                0        0.000%
ST_CF_RET                                       285461        2.002%           574172        1.983%
ST_CF_SYS                                          808        0.006%             1606        0.006%
                                              14257973      100.000%         28958058      100.000%
                                                  0.42         1.15              0.42         1.15

ST_BAR_NONE                                   14255983       99.986%         28954068       99.986%
ST_BAR_FETCH                                      1990        0.014%             3990        0.014%
ST_BAR_ISSUE                                         0        0.000%                0        0.000%
ST_BAR_BOTH                                          0        0.000%                0        0.000%
                                              14257973      100.000%         28958058      100.000%
                                                  0.00         0.01              0.00         0.01

ST_NOT_MEM                                     9471615       66.430%         19327060       66.742%
ST_MEM_LD                                      2732634       19.166%          5501304       18.997%
ST_MEM_ST                                      2053724       14.404%          4129694       14.261%
ST_MEM_PF                                            0        0.000%                0        0.000%
ST_MEM_WH                                            0        0.000%                0        0.000%
ST_MEM_EVICT                                         0        0.000%                0        0.000%
                                              14257973      100.000%         28958058      100.000%
                                                  0.48         0.62              0.48         0.62

ST_NOT_MEM_OFFPATH                              630666       65.219%          1596390       67.066%
ST_MEM_LD_OFFPATH                               205703       21.272%           478358       20.096%
ST_MEM_ST_OFFPATH                               130635       13.509%           305580       12.838%
ST_MEM_PF_OFFPATH                                    0        0.000%                0        0.000%
ST_MEM_WH_OFFPATH                                    0        0.000%                0        0.000%
ST_MEM_EVIC_OFFPATHT                                 0        0.000%                0        0.000%
                                                967004      100.000%          2380328      100.000%
                                                  0.48         0.61              0.46         0.60

ST_OP_ONPATH                                  14257973                       28958058              

ST_OP_OFFPATH                                   967004                        2380328              

ST_FAKE_OP_OFFPATH                                6768        0.700%           129717        5.450%
ST_NOT_FAKE_OP_OFFPATH                          960236       99.300%          2250611       94.550%
                                                967004      100.000%          2380328      100.000%
                                                  0.99         0.99              0.95         0.92

ST_FAKE_REASON_NOT_FAKE                         960236       99.300%          2250611       94.550%
ST_FAKE_REASON_REDIRECT_TO_NOT_INSTRUMENTED          6768        0.700%           129717        5.450%
ST_FAKE_REASON_RETURN_TO_NOT_INSTRUMENTED             0        0.000%                0        0.000%
ST_FAKE_REASON_NONRET_CF_TO_NOT_INSTRUMENTED             0        0.000%                0        0.000%
ST_FAKE_REASON_NOT_TAKEN_TO_NOT_INSTRUMENTED             0        0.000%                0        0.000%
ST_FAKE_REASON_WRONG_PATH_STORE_TO_NEW_REGION             0        0.000%                0        0.000%
                                                967004      100.000%          2380328      100.000%
                                                  0.01         0.08              0.05         0.22

ST_INST_ONPATH                                10871710                       22152600              

ST_INST_OFFPATH                                 734760                        1839403              

STATIC_PIN_NOP                                       0                              0              

DYNAMIC_PIN_REP_GREATER_256                          0                              0              

INST_MAP_UPDATE_JITTED                          444159       18.635%           887912       18.652%
INST_MAP_UPDATE_NPC_INV                              0        0.000%                0        0.000%
INST_MAP_UPDATE_NPC_NOP                              0        0.000%                0        0.000%
INST_MAP_UPDATE_NPC_CF                               0        0.000%                0        0.000%
INST_MAP_UPDATE_NPC_MOV                              0        0.000%                0        0.000%
INST_MAP_UPDATE_NPC_CMOV                             0        0.000%                0        0.000%
INST_MAP_UPDATE_NPC_LDA                              0        0.000%                0        0.000%
INST_MAP_UPDATE_NPC_IMEM                             0        0.000%                0        0.000%
INST_MAP_UPDATE_NPC_IADD                         30028        1.260%            59991        1.260%
INST_MAP_UPDATE_NPC_IMUL                             0        0.000%                0        0.000%
INST_MAP_UPDATE_NPC_IDIV                             0        0.000%                0        0.000%
INST_MAP_UPDATE_NPC_ICMP                             0        0.000%                0        0.000%
INST_MAP_UPDATE_NPC_LOGIC                            0        0.000%                0        0.000%
INST_MAP_UPDATE_NPC_SHIFT                            0        0.000%                0        0.000%
INST_MAP_UPDATE_NPC_FMEM                             0        0.000%                0        0.000%
INST_MAP_UPDATE_NPC_FCVT                             0        0.000%                0        0.000%
INST_MAP_UPDATE_NPC_FADD                             0        0.000%                0        0.000%
INST_MAP_UPDATE_NPC_FMUL                             0        0.000%                0        0.000%
INST_MAP_UPDATE_NPC_FMA                              0        0.000%                0        0.000%
INST_MAP_UPDATE_NPC_FDIV                             0        0.000%                0        0.000%
INST_MAP_UPDATE_NPC_FCMP                             0        0.000%                0        0.000%
INST_MAP_UPDATE_NPC_FCMOV                            0        0.000%                0        0.000%
INST_MAP_UPDATE_NPC_GATHER                           0        0.000%                0        0.000%
INST_MAP_UPDATE_NPC_SCATTER                          0        0.000%                0        0.000%
INST_MAP_UPDATE_NPC_PIPELINED_FAST                   0        0.000%                0        0.000%
INST_MAP_UPDATE_NPC_PIPELINED_MEDIUM                 0        0.000%                0        0.000%
INST_MAP_UPDATE_NPC_PIPELINED_SLOW                   0        0.000%                0        0.000%
INST_MAP_UPDATE_NPC_NOTPIPELINED_MEDIUM              0        0.000%                0        0.000%
INST_MAP_UPDATE_NPC_NOTPIPELINED_SLOW                0        0.000%                0        0.000%
INST_MAP_UPDATE_NPC_NOTPIPELINED_VERY_SLOW             0        0.000%                0        0.000%
INST_MAP_UPDATE_MEM_INV                              0        0.000%                0        0.000%
INST_MAP_UPDATE_MEM_NOP                              0        0.000%                0        0.000%
INST_MAP_UPDATE_MEM_CF                               0        0.000%                0        0.000%
INST_MAP_UPDATE_MEM_MOV                         888177       37.263%          1771447       37.211%
INST_MAP_UPDATE_MEM_CMOV                           676        0.028%             1352        0.028%
INST_MAP_UPDATE_MEM_LDA                              0        0.000%                0        0.000%
INST_MAP_UPDATE_MEM_IMEM                             0        0.000%                0        0.000%
INST_MAP_UPDATE_MEM_IADD                        906692       38.040%          1812563       38.075%
INST_MAP_UPDATE_MEM_IMUL                             0        0.000%                0        0.000%
INST_MAP_UPDATE_MEM_IDIV                             0        0.000%                0        0.000%
INST_MAP_UPDATE_MEM_ICMP                         71322        2.992%           142222        2.988%
INST_MAP_UPDATE_MEM_LOGIC                        19812        0.831%            39707        0.834%
INST_MAP_UPDATE_MEM_SHIFT                            0        0.000%                0        0.000%
INST_MAP_UPDATE_MEM_FMEM                             0        0.000%                0        0.000%
INST_MAP_UPDATE_MEM_FCVT                             0        0.000%                0        0.000%
INST_MAP_UPDATE_MEM_FADD                             0        0.000%                0        0.000%
INST_MAP_UPDATE_MEM_FMUL                             0        0.000%                0        0.000%
INST_MAP_UPDATE_MEM_FMA                              0        0.000%                0        0.000%
INST_MAP_UPDATE_MEM_FDIV                             0        0.000%                0        0.000%
INST_MAP_UPDATE_MEM_FCMP                             0        0.000%                0        0.000%
INST_MAP_UPDATE_MEM_FCMOV                            0        0.000%                0        0.000%
INST_MAP_UPDATE_MEM_GATHER                           0        0.000%                0        0.000%
INST_MAP_UPDATE_MEM_SCATTER                          0        0.000%                0        0.000%
INST_MAP_UPDATE_MEM_PIPELINED_FAST               22652        0.950%            45330        0.952%
INST_MAP_UPDATE_MEM_PIPELINED_MEDIUM                 0        0.000%                0        0.000%
INST_MAP_UPDATE_MEM_PIPELINED_SLOW                   0        0.000%                0        0.000%
INST_MAP_UPDATE_MEM_NOTPIPELINED_MEDIUM              0        0.000%                0        0.000%
INST_MAP_UPDATE_MEM_NOTPIPELINED_SLOW                0        0.000%                0        0.000%
INST_MAP_UPDATE_MEM_NOTPIPELINED_VERY_SLOW             0        0.000%                0        0.000%
                                               2383518      100.000%          4760524      100.000%
                                                 28.52         7.14             28.52         7.15



