/* -*- Mode: c -*- */
####################################################################################################
Core 0
####################################################################################################
Cumulative:        Cycles: 62411177              Instructions: 24519462              IPC: 0.39287

Periodic:          Cycles: 48676115              Instructions: 14519459              IPC: 0.29829

EXECUTION_TIME                           15211285937500                  19503492812500              

NODE_CYCLE                                    48676115                       62411177              

NODE_INST_COUNT                               14519459                       24519462              

NODE_INST_COUNT_FETCHED                        9999997                       20000000              

NODE_UOP_COUNT                                29622470                       41997284              

FULL_WINDOW_STALL                             41751692       85.774%         52867725       84.709%

FULL_WINDOW_MEM_OP                            40507713       99.956%         50959783       99.960%
FULL_WINDOW_FP_OP                                    0        0.000%                0        0.000%
FULL_WINDOW_OTHER_OP                             17787        0.044%            20180        0.040%
                                              40525500      100.000%         50979963      100.000%
                                                  0.00         0.04              0.00         0.04

RET_BLOCKED_DC_MISS                           40726040       83.667%         51533963       82.572%

RET_BLOCKED_L1_MISS                           29889736       61.405%         36384120       58.297%

RET_BLOCKED_L1_MISS_BW_PREF                     423928        0.871%           503374        0.807%

RET_BLOCKED_L1_ACCESS                         10905736       22.405%         15220513       24.387%

RET_BLOCKED_MEM_STALL                         29892145       61.410%         36396254       58.317%

RET_BLOCKED_OFFCHIP_DEMAND                           0        0.000%                0        0.000%

OP_ISSUED                                     30362670                       43534617              

OP_RETIRED                                    29622470                       41997284              

REPLAY_SIGNALED                                      0                              0              

REPLAY_COUNTED                                       0                              0              

OFF_CRITICAL_PATH                                    0         -nan%                0         -nan%
ON_CRITICAL_PATH                                     0         -nan%                0         -nan%
                                                     0         -nan%                0         -nan%
                                                  -nan         -nan              -nan         -nan

LD_NO_DEPENDENTS                                148382        5.835%           248658        4.713%
LD_DEPENDENTS                                  2394498       94.165%          5027066       95.287%
                                               2542880      100.000%          5275724      100.000%
                                                  0.94         0.92              0.95         0.93

LD_EXEC_CYCLES_0                                     0        0.000%                0        0.000%
LD_EXEC_CYCLES_1                                     0        0.000%                0        0.000%
LD_EXEC_CYCLES_2                                     0        0.000%                0        0.000%
LD_EXEC_CYCLES_3                                   637       38.960%             1192       44.099%
LD_EXEC_CYCLES_4                                   998       61.040%             1511       55.901%
                                                  1635      100.000%             2703      100.000%
                                                  3.61         2.86              3.56         2.71

ICACHE_STAGE_STARVED                             13816        0.197%            24800        0.260%
ICACHE_STAGE_NOT_STARVED                       6986562       99.803%          9516359       99.740%
                                               7000378      100.000%          9541159      100.000%
                                                  1.00         1.00              1.00         1.00

ICACHE_STAGE_STALLED                          40342420       82.879%         50311886       80.614%
ICACHE_STAGE_NOT_STALLED                       7000378       14.382%          9541159       15.288%
ICACHE_STAGE_OFF_PATH                          1333317        2.739%          2558132        4.099%
                                              48676115      100.000%         62411177      100.000%
                                                  0.20         0.43              0.23         0.47

DECODE_STAGE_STARVED                            257610        0.543%           512196        0.853%
DECODE_STAGE_NOT_STARVED                      47178648       99.457%         59542460       99.147%
                                              47436258      100.000%         60054656      100.000%
                                                  0.99         0.99              0.99         0.99

DECODE_STAGE_STALLED                          40361812       82.919%         50345856       80.668%
DECODE_STAGE_NOT_STALLED                       7074446       14.534%          9708800       15.556%
DECODE_STAGE_OFF_PATH                          1239857        2.547%          2356521        3.776%
                                              48676115      100.000%         62411177      100.000%
                                                  0.20         0.42              0.23         0.46

UOPQ_STAGE_STARVED                              258365        0.531%           513382        0.823%
UOPQ_STAGE_NOT_STARVED                        48417750       99.469%         61897795       99.177%
                                              48676115      100.000%         62411177      100.000%
                                                  0.99         0.99              0.99         0.99

UOPQ_STAGE_STALLED                                   0        0.000%                0        0.000%
UOPQ_STAGE_NOT_STALLED                        48676115      100.000%         62411177      100.000%
UOPQ_STAGE_OFF_PATH                                  0        0.000%                0        0.000%
                                              48676115      100.000%         62411177      100.000%
                                                  1.00         0.00              1.00         0.00

MAP_STAGE_STARVED                                26880        0.057%            52924        0.088%
MAP_STAGE_NOT_STARVED                         47456407       99.943%         60071036       99.912%
                                              47483287      100.000%         60123960      100.000%
                                                  1.00         1.00              1.00         1.00

MAP_STAGE_STALLED                             40474430       83.150%         50563471       81.017%
MAP_STAGE_NOT_STALLED                          7008857       14.399%          9560489       15.319%
MAP_STAGE_OFF_PATH                             1192828        2.451%          2287217        3.665%
                                              48676115      100.000%         62411177      100.000%
                                                  0.19         0.42              0.23         0.46

EXEC_STAGE_STARVED                             5271307       10.829%          5784876        9.269%
EXEC_STAGE_NOT_STARVED                        42491089       87.294%         54841639       87.872%
EXEC_STAGE_OFF_PATH                             913719        1.877%          1784662        2.860%
                                              48676115      100.000%         62411177      100.000%
                                                  0.91         0.21              0.94         0.25

FU_BUSY_0                                      8819867                       12933379              

FU_BUSY_1                                      7176996                        9733897              

FU_BUSY_2                                       905717                        1999699              

FU_BUSY_3                                       380094                         844430              

FU_BUSY_4                                      5319441                        6486535              

FU_BUSY_5                                      4616033                        4744640              

FU_BUSY_6                                      6847408                        9225160              

FU_BUSY_7                                      5754070                        6752837              

FU_BUSY_8                                      5152592                        5674051              

FU_BUSY_9                                      4962244                        5283843              

FU_BUSY_10                                           0                              0              

FU_BUSY_11                                           0                              0              

FU_BUSY_12                                           0                              0              

FU_BUSY_13                                           0                              0              

FU_BUSY_14                                           0                              0              

FU_BUSY_15                                           0                              0              

FU_BUSY_16                                           0                              0              

FU_BUSY_17                                           0                              0              

FU_BUSY_18                                           0                              0              

FU_BUSY_19                                           0                              0              

FU_BUSY_20                                           0                              0              

FU_BUSY_21                                           0                              0              

FU_BUSY_22                                           0                              0              

FU_BUSY_23                                           0                              0              

FU_BUSY_24                                           0                              0              

FU_BUSY_25                                           0                              0              

FU_BUSY_26                                           0                              0              

FU_BUSY_27                                           0                              0              

FU_BUSY_28                                           0                              0              

FU_BUSY_29                                           0                              0              

FU_BUSY_30                                           0                              0              

FU_BUSY_31                                           0                              0              

OP_WAIT_0                                     16770612                       25607677              

OP_WAIT_1                                      1910074                        3605390              

OP_WAIT_2                                      5064849                        5571562              

OP_WAIT_3                                       109152                         330926              

OP_WAIT_4                                        77743                         239312              

OP_WAIT_5                                        43828                         155749              

OP_WAIT_6                                        32364                         144883              

OP_WAIT_7                                        25064                         106167              

OP_WAIT_8                                        21230                          87226              

OP_WAIT_9                                        14765                          32776              

OP_WAIT_10                                       12073                          49188              

OP_WAIT_11                                       11036                          19076              

OP_WAIT_12                                       10506                          32233              

OP_WAIT_13                                        9348                          20730              

OP_WAIT_14                                        8098                          13110              

OP_WAIT_15                                        8099                          12914              

OP_WAIT_16                                       28567                          31874              

OP_WAIT_17                                       68972                          72248              

OP_WAIT_18                                        9165                          11571              

OP_WAIT_19                                        6838                           9744              

OP_WAIT_20                                        6919                          11403              

OP_WAIT_21                                        6196                           7683              

OP_WAIT_22                                        5775                           8211              

OP_WAIT_23                                        4769                           7059              

OP_WAIT_24                                        5048                           6502              

OP_WAIT_25                                        4760                           6503              

OP_WAIT_26                                        4114                           5897              

OP_WAIT_27                                        4277                           5314              

OP_WAIT_28                                        4361                           5725              

OP_WAIT_29                                        3567                           5170              

OP_WAIT_30                                        3828                           5007              

OP_WAIT_31                                     5326473                        5768454              

ROW_SIZE_0                                    41568662                       52651100              

ROW_SIZE_1                                      897295                        1452059              

ROW_SIZE_2                                      110111                         181263              

ROW_SIZE_3                                      400922                         479248              

ROW_SIZE_4                                     3395122                        3457300              

ROW_SIZE_5                                       33643                          71119              

ROW_SIZE_6                                     2258914                        4093360              

ROW_SIZE_7                                           0                              0              

ROW_SIZE_8                                           0                              0              

ROW_SIZE_9                                           0                              0              

ROW_SIZE_10                                          0                              0              

ROW_SIZE_11                                          0                              0              

ROW_SIZE_12                                          0                              0              

ROW_SIZE_13                                          0                              0              

ROW_SIZE_14                                          0                              0              

ROW_SIZE_15                                          0                              0              

ROW_SIZE_16                                          0                              0              

ROW_SIZE_17                                          0                              0              

ROW_SIZE_18                                          0                              0              

ROW_SIZE_19                                          0                              0              

ROW_SIZE_20                                          0                              0              

ROW_SIZE_21                                          0                              0              

ROW_SIZE_22                                          0                              0              

ROW_SIZE_23                                          0                              0              

ROW_SIZE_24                                          0                              0              

ROW_SIZE_25                                          0                              0              

ROW_SIZE_26                                          0                              0              

ROW_SIZE_27                                          0                              0              

ROW_SIZE_28                                          0                              0              

ROW_SIZE_29                                          0                              0              

ROW_SIZE_30                                          0                              0              

ROW_SIZE_31                                          0                              0              

RET_OP_EXEC_COUNT_0                                  0        0.000%                0        0.000%
RET_OP_EXEC_COUNT_1                           29622470      100.000%         41997284      100.000%
RET_OP_EXEC_COUNT_2                                  0        0.000%                0        0.000%
RET_OP_EXEC_COUNT_3                                  0        0.000%                0        0.000%
RET_OP_EXEC_COUNT_4                                  0        0.000%                0        0.000%
RET_OP_EXEC_COUNT_5                                  0        0.000%                0        0.000%
RET_OP_EXEC_COUNT_6                                  0        0.000%                0        0.000%
RET_OP_EXEC_COUNT_7                                  0        0.000%                0        0.000%
RET_OP_EXEC_COUNT_8                                  0        0.000%                0        0.000%
RET_OP_EXEC_COUNT_9                                  0        0.000%                0        0.000%
RET_OP_EXEC_COUNT_10                                 0        0.000%                0        0.000%
RET_OP_EXEC_COUNT_11                                 0        0.000%                0        0.000%
RET_OP_EXEC_COUNT_12                                 0        0.000%                0        0.000%
RET_OP_EXEC_COUNT_13                                 0        0.000%                0        0.000%
RET_OP_EXEC_COUNT_14                                 0        0.000%                0        0.000%
RET_OP_EXEC_COUNT_15                                 0        0.000%                0        0.000%
RET_OP_EXEC_COUNT_16                                 0        0.000%                0        0.000%
RET_OP_EXEC_COUNT_17                                 0        0.000%                0        0.000%
RET_OP_EXEC_COUNT_18                                 0        0.000%                0        0.000%
RET_OP_EXEC_COUNT_19                                 0        0.000%                0        0.000%
RET_OP_EXEC_COUNT_20                                 0        0.000%                0        0.000%
RET_OP_EXEC_COUNT_21                                 0        0.000%                0        0.000%
RET_OP_EXEC_COUNT_22                                 0        0.000%                0        0.000%
RET_OP_EXEC_COUNT_23                                 0        0.000%                0        0.000%
RET_OP_EXEC_COUNT_24                                 0        0.000%                0        0.000%
RET_OP_EXEC_COUNT_25                                 0        0.000%                0        0.000%
RET_OP_EXEC_COUNT_26                                 0        0.000%                0        0.000%
RET_OP_EXEC_COUNT_27                                 0        0.000%                0        0.000%
RET_OP_EXEC_COUNT_28                                 0        0.000%                0        0.000%
RET_OP_EXEC_COUNT_29                                 0        0.000%                0        0.000%
RET_OP_EXEC_COUNT_30                                 0        0.000%                0        0.000%
RET_OP_EXEC_COUNT_31                                 0        0.000%                0        0.000%
RET_OP_EXEC_COUNT_32                                 0        0.000%                0        0.000%
                                              29622470      100.000%         41997284      100.000%
                                                  1.00         0.00              1.00         0.00

RET_STALL_LENGTH_0                            29452563       99.426%         41794733       99.518%
RET_STALL_LENGTH_100                            151823        0.513%           178348        0.425%
RET_STALL_LENGTH_200                              4448        0.015%             7433        0.018%
RET_STALL_LENGTH_300                              1614        0.005%             2378        0.006%
RET_STALL_LENGTH_400                              2129        0.007%             2928        0.007%
RET_STALL_LENGTH_500                              5346        0.018%             6047        0.014%
RET_STALL_LENGTH_600                              2000        0.007%             2245        0.005%
RET_STALL_LENGTH_700                               542        0.002%              671        0.002%
RET_STALL_LENGTH_800                               206        0.001%              243        0.001%
RET_STALL_LENGTH_900                                78        0.000%              107        0.000%
RET_STALL_LENGTH_1000                               44        0.000%               61        0.000%
RET_STALL_LENGTH_1100                               56        0.000%              101        0.000%
RET_STALL_LENGTH_1200                              887        0.003%             1114        0.003%
RET_STALL_LENGTH_1300                              395        0.001%              466        0.001%
RET_STALL_LENGTH_1400                               30        0.000%               51        0.000%
RET_STALL_LENGTH_1500                               20        0.000%               32        0.000%
RET_STALL_LENGTH_1600                               41        0.000%               52        0.000%
RET_STALL_LENGTH_1700                              114        0.000%              123        0.000%
RET_STALL_LENGTH_1800                               85        0.000%               90        0.000%
RET_STALL_LENGTH_1900                               35        0.000%               41        0.000%
RET_STALL_LENGTH_2000                                8        0.000%                9        0.000%
RET_STALL_LENGTH_2100                                4        0.000%                4        0.000%
RET_STALL_LENGTH_2200                                1        0.000%                1        0.000%
RET_STALL_LENGTH_2300                                0        0.000%                1        0.000%
RET_STALL_LENGTH_2400                                1        0.000%                1        0.000%
RET_STALL_LENGTH_2500                                0        0.000%                1        0.000%
RET_STALL_LENGTH_2600                                0        0.000%                0        0.000%
RET_STALL_LENGTH_2700                                0        0.000%                0        0.000%
RET_STALL_LENGTH_2800                                0        0.000%                0        0.000%
RET_STALL_LENGTH_2900                                0        0.000%                0        0.000%
RET_STALL_LENGTH_3000                                0        0.000%                1        0.000%
RET_STALL_LENGTH_3100                                0        0.000%                0        0.000%
RET_STALL_LENGTH_3200                                0        0.000%                0        0.000%
RET_STALL_LENGTH_3300                                0        0.000%                0        0.000%
RET_STALL_LENGTH_3400                                0        0.000%                0        0.000%
RET_STALL_LENGTH_3500                                0        0.000%                1        0.000%
RET_STALL_LENGTH_3600                                0        0.000%                0        0.000%
RET_STALL_LENGTH_3700                                0        0.000%                1        0.000%
RET_STALL_LENGTH_3800                                0        0.000%                0        0.000%
RET_STALL_LENGTH_3900                                0        0.000%                0        0.000%
RET_STALL_LENGTH_4000                                0        0.000%                0        0.000%
RET_STALL_LENGTH_4100                                0        0.000%                0        0.000%
RET_STALL_LENGTH_4200                                0        0.000%                0        0.000%
RET_STALL_LENGTH_4300                                0        0.000%                0        0.000%
RET_STALL_LENGTH_4400                                0        0.000%                0        0.000%
RET_STALL_LENGTH_4500                                0        0.000%                0        0.000%
RET_STALL_LENGTH_4600                                0        0.000%                0        0.000%
RET_STALL_LENGTH_4700                                0        0.000%                0        0.000%
RET_STALL_LENGTH_4800                                0        0.000%                0        0.000%
RET_STALL_LENGTH_4900                                0        0.000%                0        0.000%
RET_STALL_LENGTH_5000                                0        0.000%                0        0.000%
                                              29622470      100.000%         41997284      100.000%
                                                  0.01         0.16              0.01         0.15

MEM_BLOCK_LENGTH_0                                1506       94.956%             2168       91.709%
MEM_BLOCK_LENGTH_100                                62        3.909%              118        4.992%
MEM_BLOCK_LENGTH_200                                 4        0.252%               17        0.719%
MEM_BLOCK_LENGTH_300                                 6        0.378%               11        0.465%
MEM_BLOCK_LENGTH_400                                 4        0.252%               18        0.761%
MEM_BLOCK_LENGTH_500                                 1        0.063%               12        0.508%
MEM_BLOCK_LENGTH_600                                 1        0.063%                6        0.254%
MEM_BLOCK_LENGTH_700                                 0        0.000%                6        0.254%
MEM_BLOCK_LENGTH_800                                 0        0.000%                3        0.127%
MEM_BLOCK_LENGTH_900                                 0        0.000%                2        0.085%
MEM_BLOCK_LENGTH_1000                                0        0.000%                0        0.000%
MEM_BLOCK_LENGTH_1100                                0        0.000%                0        0.000%
MEM_BLOCK_LENGTH_1200                                0        0.000%                0        0.000%
MEM_BLOCK_LENGTH_1300                                0        0.000%                0        0.000%
MEM_BLOCK_LENGTH_1400                                0        0.000%                0        0.000%
MEM_BLOCK_LENGTH_1500                                0        0.000%                0        0.000%
MEM_BLOCK_LENGTH_1600                                0        0.000%                1        0.042%
MEM_BLOCK_LENGTH_1700                                1        0.063%                1        0.042%
MEM_BLOCK_LENGTH_1800                                1        0.063%                1        0.042%
MEM_BLOCK_LENGTH_1900                                0        0.000%                0        0.000%
MEM_BLOCK_LENGTH_2000                                0        0.000%                0        0.000%
MEM_BLOCK_LENGTH_2100                                0        0.000%                0        0.000%
MEM_BLOCK_LENGTH_2200                                0        0.000%                0        0.000%
MEM_BLOCK_LENGTH_2300                                0        0.000%                0        0.000%
MEM_BLOCK_LENGTH_2400                                0        0.000%                0        0.000%
MEM_BLOCK_LENGTH_2500                                0        0.000%                0        0.000%
MEM_BLOCK_LENGTH_2600                                0        0.000%                0        0.000%
MEM_BLOCK_LENGTH_2700                                0        0.000%                0        0.000%
MEM_BLOCK_LENGTH_2800                                0        0.000%                0        0.000%
MEM_BLOCK_LENGTH_2900                                0        0.000%                0        0.000%
MEM_BLOCK_LENGTH_3000                                0        0.000%                0        0.000%
MEM_BLOCK_LENGTH_3100                                0        0.000%                0        0.000%
MEM_BLOCK_LENGTH_3200                                0        0.000%                0        0.000%
MEM_BLOCK_LENGTH_3300                                0        0.000%                0        0.000%
MEM_BLOCK_LENGTH_3400                                0        0.000%                0        0.000%
MEM_BLOCK_LENGTH_3500                                0        0.000%                0        0.000%
MEM_BLOCK_LENGTH_3600                                0        0.000%                0        0.000%
MEM_BLOCK_LENGTH_3700                                0        0.000%                0        0.000%
MEM_BLOCK_LENGTH_3800                                0        0.000%                0        0.000%
MEM_BLOCK_LENGTH_3900                                0        0.000%                0        0.000%
MEM_BLOCK_LENGTH_4000                                0        0.000%                0        0.000%
MEM_BLOCK_LENGTH_4100                                0        0.000%                0        0.000%
MEM_BLOCK_LENGTH_4200                                0        0.000%                0        0.000%
MEM_BLOCK_LENGTH_4300                                0        0.000%                0        0.000%
MEM_BLOCK_LENGTH_4400                                0        0.000%                0        0.000%
MEM_BLOCK_LENGTH_4500                                0        0.000%                0        0.000%
MEM_BLOCK_LENGTH_4600                                0        0.000%                0        0.000%
MEM_BLOCK_LENGTH_4700                                0        0.000%                0        0.000%
MEM_BLOCK_LENGTH_4800                                0        0.000%                0        0.000%
MEM_BLOCK_LENGTH_4900                                0        0.000%                0        0.000%
MEM_BLOCK_LENGTH_5000                                0        0.000%                0        0.000%
                                                  1586      100.000%             2364      100.000%
                                                  0.09         0.73              0.21         1.01

FUS_BUSY_ON_PATH                              49332828        1.0135         62475677        1.0010

FUS_BUSY_OFF_PATH                               601634        0.0124          1202794        0.0193

FU_BUSY_MEM_STALL                             19610552        0.4029         20326192        0.3257

FUS_EMPTY                                    436826688        8.9741        560433299        8.9797

CHIP_UTILIZATION                                     0        0.0000                0        0.0000

CYCLES_UNDER_MEM_REQ                                 0                              0              

CYCLES_UNDER_NO_MEM_REQ                              0                              0              

CYCLES_UNDER_CRITICAL_MEM_REQ                        0                              0              

CYCLES_UNDER_NONCRITICAL_MEM_REQ                     0                              0              

CHIP_UTILIZATION_UNDER_MEM_REQ                       0          -nan                0          -nan

CHIP_UTILIZATION_UNDER_NO_MEM_REQ                    0          -nan                0          -nan

CHIP_UTILIZATION_UNDER_CRITICAL_MEM_REQ              0          -nan                0          -nan

CHIP_UTILIZATION_UNDER_NONCRITICAL_MEM_REQ             0          -nan                0          -nan

CYCLES_NOT_WAITING_FOR_OFF_CHIP                      0        0.0000                0        0.0000

FUS_BUSY_NOT_WAITING_FOR_OFF_CHIP                    0          -nan                0          -nan

CYCLES_WAITING_FOR_OFF_CHIP                          0        0.0000                0        0.0000

FUS_BUSY_WAITING_FOR_OFF_CHIP                        0          -nan                0          -nan

TOTAL_OFF_CHIP_DELAYS_LEFT                           0                              0              

WRONG_IO_SCHED                                       0                              0              

DVFS_CONFIG_SWITCH                                   0                              0              

UOP_CACHE_ICACHE_SWITCH_ONPATH                       0         -nan%                0         -nan%
UOP_CACHE_ICACHE_SWITCH_OFFPATH                      0         -nan%                0         -nan%
                                                     0         -nan%                0         -nan%
                                                  -nan         -nan              -nan         -nan

MAP_STAGE_RECEIVED_OPS_0                             0        0.000%                0        0.000%
MAP_STAGE_RECEIVED_OPS_1                        106439        1.523%           219049        2.301%
MAP_STAGE_RECEIVED_OPS_2                        253014        3.620%           386094        4.055%
MAP_STAGE_RECEIVED_OPS_3                        381705        5.462%           724528        7.610%
MAP_STAGE_RECEIVED_OPS_4                       4715497       67.473%          4894161       51.406%
MAP_STAGE_RECEIVED_OPS_5                        194222        2.779%           535803        5.628%
MAP_STAGE_RECEIVED_OPS_6                       1337795       19.142%          2761035       29.000%
MAP_STAGE_RECEIVED_OPS_7                             0        0.000%                0        0.000%
MAP_STAGE_RECEIVED_OPS_8                             0        0.000%                0        0.000%
MAP_STAGE_RECEIVED_OPS_MAX                           0        0.000%                0        0.000%
                                               6988672      100.000%          9520670      100.000%
                                                  4.24         1.04              4.41         1.22

MAP_STAGE_WAIT_FOR_DECODE                            0         -nan%                0         -nan%
MAP_STAGE_CONSUME_DECODE                             0         -nan%                0         -nan%
                                                     0         -nan%                0         -nan%
                                                  -nan         -nan              -nan         -nan

MAP_STAGE_WAIT_FOR_DECODE2                           0         -nan%                0         -nan%
MAP_STAGE_CONSUME_DECODE2                            0         -nan%                0         -nan%
                                                     0         -nan%                0         -nan%
                                                  -nan         -nan              -nan         -nan

FTQ_RECOVER_EXEC                                  3828                           7855              

FTQ_RECOVER_DECODE                                  58                            176              

FTQ_OFFPATH_CYCLES                             1581383                        3020864              

FTQ_CYCLES_OFFPATH                             1578250                        3013909              

FTQ_CYCLES_ONPATH                             47097865                       59397268              

FTQ_FETCHED_INS_OFFPATH                        1296139                        2681603              

FTQ_FETCHED_INS_ONPATH                        29618113                       41989253              

FTQ_BREAK_FULL_BLOCK_OFFPATH                   1560865        3.207%          2973646        4.765%
FTQ_BREAK_FULL_BLOCK_ONPATH                   46943217       96.457%         59121109       94.742%
FTQ_BREAK_MAX_BLOCKS_OFFPATH                     21271        0.044%            48294        0.077%
FTQ_BREAK_MAX_BLOCKS_ONPATH                     142069        0.292%           259435        0.416%
FTQ_BREAK_PRED_BR_OFFPATH                            0        0.000%                0        0.000%
FTQ_BREAK_PRED_BR_ONPATH                             0        0.000%                0        0.000%
FTQ_BREAK_BAR_FETCH_OFFPATH                          0        0.000%                0        0.000%
FTQ_BREAK_BAR_FETCH_ONPATH                           0        0.000%                0        0.000%
                                              48667422      100.000%         62402484      100.000%
                                                  0.97         0.11              0.96         0.14



