/* -*- Mode: c -*- */
####################################################################################################
Core 0
####################################################################################################
Cumulative:        Cycles: 22037492              Instructions: 20016383              IPC: 0.90829

Periodic:          Cycles: 15947852              Instructions: 10016381              IPC: 0.62807

MISS_WAIT_TIME                                   41065                         167614              

ICACHE_STAGE_MISS                                 1668                           9494              

ICACHE_CYCLE                                  15947852                       22037492              

TCACHE_CYCLE                                         0                              0              

ICACHE_CYCLE_ONPATH                            5391031       33.804%          8894736       40.362%
ICACHE_CYCLE_OFFPATH                          10556821       66.196%         13142756       59.638%
                                              15947852      100.000%         22037492      100.000%
                                                  0.66         0.60              0.60         0.56

FETCH_ON_PATH                                  2597798       47.437%          5163511       55.820%
FETCH_OFF_PATH                                 2878461       52.563%          4086831       44.180%
                                               5476259      100.000%          9250342      100.000%
                                                  0.53         0.51              0.44         0.47

FETCHED_OPS_ON_PATH                                  0         -nan%                0         -nan%
FETCHED_OPS_OFF_PATH                                 0         -nan%                0         -nan%
                                                     0         -nan%                0         -nan%
                                                  -nan         -nan              -nan         -nan

INST_LOST_WAIT_FOR_MISP_RECOVERY                     0        0.000%                0        0.000%
INST_LOST_WAIT_FOR_TIMER                             0        0.000%                0        0.000%
INST_LOST_WAIT_FOR_EMPTY_ROB                      4278        0.004%             4278        0.003%
INST_LOST_WAIT_FOR_ICACHE_MISS                  207835        0.217%           829825        0.628%
INST_LOST_WAIT_FOR_REDIRECT                          0        0.000%                0        0.000%
INST_LOST_WAIT_FOR_FDIP                              0        0.000%                0        0.000%
INST_LOST_WAIT_FOR_RENAME                            0        0.000%                0        0.000%
INST_LOST_FETCH                               12153031       12.706%         24551586       18.591%
INST_LOST_OFF_PATH                            13050253       13.644%         19042694       14.420%
INST_LOST_FULL_WINDOW                                0        0.000%                0        0.000%
INST_LOST_ROB_STALL_OTHER                      1885770        1.972%          2606502        1.974%
INST_LOST_ROB_STALL_WAIT_FOR_RECOVERY            80910        0.085%           130458        0.099%
INST_LOST_ROB_STALL_WAIT_FOR_REDIRECT                0        0.000%                0        0.000%
INST_LOST_ROB_STALL_WAIT_FOR_GAP_FILL                0        0.000%                0        0.000%
INST_LOST_ROB_STALL_WAIT_FOR_L1_MISS                 0        0.000%                0        0.000%
INST_LOST_ROB_STALL_WAIT_FOR_MEMORY              75024        0.078%            80100        0.061%
INST_LOST_ROB_STALL_WAIT_FOR_DC_MISS          60534174       63.290%         72905772       55.207%
INST_LOST_ROB_BLOCK_ISSUE_FULL                       0        0.000%                0        0.000%
INST_LOST_ROB_BLOCK_ISSUE_GAP_TOO_LARGE              0        0.000%                0        0.000%
INST_LOST_BREAK_DONT                                 0        0.000%                0        0.000%
INST_LOST_BREAK_ISSUE_WIDTH                          0        0.000%                0        0.000%
INST_LOST_BREAK_CF                                   0        0.000%                0        0.000%
INST_LOST_BREAK_BTB_MISS                             0        0.000%                0        0.000%
INST_LOST_BREAK_ICACHE_MISS                      11431        0.012%            54831        0.042%
INST_LOST_BREAK_LINE_END                             0        0.000%                0        0.000%
INST_LOST_BREAK_STALL                                0        0.000%                0        0.000%
INST_LOST_BREAK_BARRIER                           1281        0.001%             1285        0.001%
INST_LOST_BREAK_OFFPATH                              0        0.000%                0        0.000%
INST_LOST_BREAK_ALIGNMENT                            0        0.000%                0        0.000%
INST_LOST_BREAK_TAKEN                          7641558        7.989%         11851656        8.975%
INST_LOST_BREAK_MODEL_BEFORE                         0        0.000%                0        0.000%
INST_LOST_BREAK_MODEL_AFTER                          0        0.000%                0        0.000%
INST_LOST_BREAK_UC_MISS                              0        0.000%                0        0.000%
INST_LOST_BREAK_ICACHE_TO_UOP_CACHE_SWITCH             0        0.000%                0        0.000%
INST_LOST_BREAK_FDIP_RUNAHEAD                        0        0.000%                0        0.000%
                                              95645545      100.000%        132058987      100.000%
                                                 14.65         5.64             14.14         6.15

INST_LOST_TOTAL                               95687112                      132224952              

INST_LOST_WAIT_FOR_ICACHE_MISS_NOT_PREFETCHED          8710        5.557%            27485        3.907%
INST_LOST_WAIT_FOR_ICACHE_MISS_PREFETCHED_AND_EVICTED_BY_IFETCH             0        0.000%                0        0.000%
INST_LOST_WAIT_FOR_ICACHE_MISS_PREFETCHED_AND_EVICTED_BY_FDIP             0        0.000%                0        0.000%
INST_LOST_WAIT_FOR_ICACHE_MISS_MSHR_HIT_PREF_OFFPATH           100        0.064%              165        0.023%
INST_LOST_WAIT_FOR_ICACHE_MISS_MSHR_HIT_PREF_ONPATH        147940       94.380%           675780       96.069%
                                                156750      100.000%           703430      100.000%
                                                  3.78         3.68              3.84         3.77

FETCH_0_OPS                                   10473647       65.674%         12796145       58.065%
FETCH_1_OPS                                     536289        3.363%           756717        3.434%
FETCH_2_OPS                                     440591        2.763%           731601        3.320%
FETCH_3_OPS                                     727884        4.564%          1103227        5.006%
FETCH_4_OPS                                     441637        2.769%           713664        3.238%
FETCH_5_OPS                                     131211        0.823%           406804        1.846%
FETCH_6_OPS                                    3196593       20.044%          5529334       25.091%
FETCH_7_OPS                                          0        0.000%                0        0.000%
FETCH_8_OPS                                          0        0.000%                0        0.000%
FETCH_9_OPS                                          0        0.000%                0        0.000%
FETCH_10_OPS                                         0        0.000%                0        0.000%
FETCH_11_OPS                                         0        0.000%                0        0.000%
FETCH_12_OPS                                         0        0.000%                0        0.000%
FETCH_13_OPS                                         0        0.000%                0        0.000%
FETCH_14_OPS                                         0        0.000%                0        0.000%
FETCH_15_OPS                                         0        0.000%                0        0.000%
FETCH_16_OPS                                         0        0.000%                0        0.000%
                                              15947852      100.000%         22037492      100.000%
                                                  1.58         2.07              1.98         2.11

ST_BREAK_DONT                                        0        0.000%                0        0.000%
ST_BREAK_ISSUE_WIDTH                           2923009       53.376%          5050317       54.596%
ST_BREAK_CF                                          0        0.000%                0        0.000%
ST_BREAK_BTB_MISS                                    0        0.000%                0        0.000%
ST_BREAK_ICACHE_MISS                              2068        0.038%            10032        0.108%
ST_BREAK_LINE_END                                    0        0.000%                0        0.000%
ST_BREAK_STALL                                       0        0.000%                0        0.000%
ST_BREAK_BARRIER                                   219        0.004%              223        0.002%
ST_BREAK_OFFPATH                                     0        0.000%                0        0.000%
ST_BREAK_ALIGNMENT                                   0        0.000%                0        0.000%
ST_BREAK_TAKEN                                 2550963       46.582%          4189770       45.293%
ST_BREAK_MODEL_BEFORE                                0        0.000%                0        0.000%
ST_BREAK_MODEL_AFTER                                 0        0.000%                0        0.000%
ST_BREAK_UC_MISS                                     0        0.000%                0        0.000%
ST_BREAK_ICACHE_TO_UOP_CACHE_SWITCH                  0        0.000%                0        0.000%
ST_BREAK_FDIP_RUNAHEAD                               0        0.000%                0        0.000%
                                               5476259      100.000%          9250342      100.000%
                                                  5.19         4.49              5.08         4.48

ORACLE_ON_PATH_INST                           12153031       48.220%         24551586       56.318%
ORACLE_OFF_PATH_INST                          13050253       51.780%         19042694       43.682%
                                              25203284      100.000%         43594280      100.000%
                                                  0.52         0.51              0.44         0.47

ORACLE_ON_PATH_INST_MEM                        3786313       15.023%          7809955       17.915%
ORACLE_ON_PATH_INST_NOTMEM                     8366718       33.197%         16741631       38.403%
ORACLE_OFF_PATH_INST_MEM                       3930544       15.595%          5792648       13.288%
ORACLE_OFF_PATH_INST_NOTMEM                    9119709       36.185%         13250046       30.394%
                                              25203284      100.000%         43594280      100.000%
                                                  1.73         1.36              1.56         1.23

ICACHE_CYCLE_NONRA_ONPATH                            0         -nan%                0         -nan%
ICACHE_CYCLE_NONRA_OFFPATH                           0         -nan%                0         -nan%
ICACHE_CYCLE_RA_ONPATH                               0         -nan%                0         -nan%
ICACHE_CYCLE_RA_OFFPATH                              0         -nan%                0         -nan%
                                                     0         -nan%                0         -nan%
                                                  -nan         -nan              -nan         -nan

ICACHE_CYCLE_ONPATH_NONRA                            0         -nan%                0         -nan%
ICACHE_CYCLE_OFFPATH_NONRA                           0         -nan%                0         -nan%
                                                     0         -nan%                0         -nan%
                                                  -nan         -nan              -nan         -nan

ICACHE_CYCLE_ONPATH_RA                               0         -nan%                0         -nan%
ICACHE_CYCLE_OFFPATH_RA                              0         -nan%                0         -nan%
                                                     0         -nan%                0         -nan%
                                                  -nan         -nan              -nan         -nan

INACCURATE_OFFPATH_CYCLES                            0        0.0000                0        0.0000

FETCH_ALL_INST                                25203284                       43594280              

EXEC_ALL_INST                                 18308318                       34184343              

RET_ALL_INST                                  12153180                       24551586              

EXEC_ON_PATH_INST                             12153104       66.380%         24551586       71.821%
EXEC_OFF_PATH_INST                             6155214       33.620%          9632757       28.179%
                                              18308318      100.000%         34184343      100.000%
                                                  0.34         0.43              0.28         0.41

EXEC_ON_PATH_INST_MEM                          3786344       20.681%          7809955       22.847%
EXEC_ON_PATH_INST_NOTMEM                       8366760       45.699%         16741631       48.975%
EXEC_OFF_PATH_INST_MEM                         2070073       11.307%          3239853        9.478%
EXEC_OFF_PATH_INST_NOTMEM                      4085141       22.313%          6392904       18.701%
                                              18308318      100.000%         34184343      100.000%
                                                  1.35         1.06              1.24         0.97

EXEC_RA_INST                                         0         -nan%                0         -nan%
EXEC_NONRA_INST                                      0         -nan%                0         -nan%
                                                     0         -nan%                0         -nan%
                                                  -nan         -nan              -nan         -nan

EXEC_ON_PATH_INST_RA                                 0         -nan%                0         -nan%
EXEC_OFF_PATH_INST_RA                                0         -nan%                0         -nan%
                                                     0         -nan%                0         -nan%
                                                  -nan         -nan              -nan         -nan

EXEC_ON_PATH_INST_NONRA                              0         -nan%                0         -nan%
EXEC_OFF_PATH_INST_NONRA                             0         -nan%                0         -nan%
                                                     0         -nan%                0         -nan%
                                                  -nan         -nan              -nan         -nan

EXEC_RA_ON_PATH_INST                                 0         -nan%                0         -nan%
EXEC_RA_OFF_PATH_INST                                0         -nan%                0         -nan%
EXEC_NONRA_ON_PATH_INST                              0         -nan%                0         -nan%
EXEC_NONRA_OFF_PATH_INST                             0         -nan%                0         -nan%
                                                     0         -nan%                0         -nan%
                                                  -nan         -nan              -nan         -nan

ICACHE_THROTTLE_CYCLE                                0                              0              

FETCH_ENABLE_THROTTLE_OFF_PATH                       0         -nan%                0         -nan%
FETCH_ENABLE_THROTTLE_ON_PATH                        0         -nan%                0         -nan%
                                                     0         -nan%                0         -nan%
                                                  -nan         -nan              -nan         -nan

FETCH_DISABLE_THROTTLE_OFF_PATH                      0         -nan%                0         -nan%
FETCH_DISABLE_THROTTLE_ON_PATH                       0         -nan%                0         -nan%
                                                     0         -nan%                0         -nan%
                                                  -nan         -nan              -nan         -nan

FETCH_TH_ADJUST__0                                   0         -nan%                0         -nan%
FETCH_TH_ADJUST__1                                   0         -nan%                0         -nan%
FETCH_TH_ADJUST__2                                   0         -nan%                0         -nan%
FETCH_TH_ADJUST__3                                   0         -nan%                0         -nan%
FETCH_TH_ADJUST__4                                   0         -nan%                0         -nan%
FETCH_TH_ADJUST__5                                   0         -nan%                0         -nan%
FETCH_TH_ADJUST__6                                   0         -nan%                0         -nan%
FETCH_TH_ADJUST__7                                   0         -nan%                0         -nan%
FETCH_TH_ADJUST__8                                   0         -nan%                0         -nan%
FETCH_TH_ADJUST__9                                   0         -nan%                0         -nan%
FETCH_TH_ADJUST__MAX                                 0         -nan%                0         -nan%
                                                     0         -nan%                0         -nan%
                                                  -nan         -nan              -nan         -nan

FETCH_TH_ADJUST_UP                                   0         -nan%                0         -nan%
FETCH_TH_ADJUST_DOWN                                 0         -nan%                0         -nan%
FETCH_TH_ADJUST_SAME                                 0         -nan%                0         -nan%
                                                     0         -nan%                0         -nan%
                                                  -nan         -nan              -nan         -nan

THROTTLE_ADJUST_CACHE_MISS_INFO                      0                              0              

LOW_CONF_COUNT_BP_MIS_0                              0         -nan%                0         -nan%
LOW_CONF_COUNT_BP_MIS_1                              0         -nan%                0         -nan%
LOW_CONF_COUNT_BP_MIS_2                              0         -nan%                0         -nan%
LOW_CONF_COUNT_BP_MIS_3                              0         -nan%                0         -nan%
LOW_CONF_COUNT_BP_MIS_4                              0         -nan%                0         -nan%
LOW_CONF_COUNT_BP_MIS_5                              0         -nan%                0         -nan%
LOW_CONF_COUNT_BP_MIS_6                              0         -nan%                0         -nan%
LOW_CONF_COUNT_BP_MIS_7                              0         -nan%                0         -nan%
LOW_CONF_COUNT_BP_MIS_8                              0         -nan%                0         -nan%
LOW_CONF_COUNT_BP_MIS_9                              0         -nan%                0         -nan%
LOW_CONF_COUNT_BP_MIS_10                             0         -nan%                0         -nan%
LOW_CONF_COUNT_BP_MIS_11                             0         -nan%                0         -nan%
LOW_CONF_COUNT_BP_MIS_12                             0         -nan%                0         -nan%
LOW_CONF_COUNT_BP_MIS_13                             0         -nan%                0         -nan%
LOW_CONF_COUNT_BP_MIS_14                             0         -nan%                0         -nan%
LOW_CONF_COUNT_BP_MIS_15                             0         -nan%                0         -nan%
LOW_CONF_COUNT_BP_MIS_16                             0         -nan%                0         -nan%
LOW_CONF_COUNT_BP_MIS_17                             0         -nan%                0         -nan%
LOW_CONF_COUNT_BP_MIS_18                             0         -nan%                0         -nan%
LOW_CONF_COUNT_BP_MIS_19                             0         -nan%                0         -nan%
LOW_CONF_COUNT_BP_MIS_20                             0         -nan%                0         -nan%
                                                     0         -nan%                0         -nan%
                                                  -nan         -nan              -nan         -nan

LOW_CONF_COUNT_RET_0                                 0         -nan%                0         -nan%
LOW_CONF_COUNT_RET_1                                 0         -nan%                0         -nan%
LOW_CONF_COUNT_RET_2                                 0         -nan%                0         -nan%
LOW_CONF_COUNT_RET_3                                 0         -nan%                0         -nan%
LOW_CONF_COUNT_RET_4                                 0         -nan%                0         -nan%
LOW_CONF_COUNT_RET_5                                 0         -nan%                0         -nan%
LOW_CONF_COUNT_RET_6                                 0         -nan%                0         -nan%
LOW_CONF_COUNT_RET_7                                 0         -nan%                0         -nan%
LOW_CONF_COUNT_RET_8                                 0         -nan%                0         -nan%
LOW_CONF_COUNT_RET_9                                 0         -nan%                0         -nan%
LOW_CONF_COUNT_RET_10                                0         -nan%                0         -nan%
LOW_CONF_COUNT_RET_11                                0         -nan%                0         -nan%
LOW_CONF_COUNT_RET_12                                0         -nan%                0         -nan%
LOW_CONF_COUNT_RET_13                                0         -nan%                0         -nan%
LOW_CONF_COUNT_RET_14                                0         -nan%                0         -nan%
LOW_CONF_COUNT_RET_15                                0         -nan%                0         -nan%
LOW_CONF_COUNT_RET_16                                0         -nan%                0         -nan%
LOW_CONF_COUNT_RET_17                                0         -nan%                0         -nan%
LOW_CONF_COUNT_RET_18                                0         -nan%                0         -nan%
LOW_CONF_COUNT_RET_19                                0         -nan%                0         -nan%
LOW_CONF_COUNT_RET_20                                0         -nan%                0         -nan%
                                                     0         -nan%                0         -nan%
                                                  -nan         -nan              -nan         -nan

CYCLES_RESTEER_MISPRED                               0         -nan%                0         -nan%
CYCLES_RESTEER_MISFETCH                              0         -nan%                0         -nan%
CYCLES_RESTEER_BTB_MISS                              0         -nan%                0         -nan%
                                                     0         -nan%                0         -nan%
                                                  -nan         -nan              -nan         -nan

CYCLES_RESTEER_MISPRED_SAVED_UC_FETCH                0         -nan%                0         -nan%
CYCLES_RESTEER_MISPRED_COULD_BE_SAVED_UC_FETCH             0         -nan%                0         -nan%
CYCLES_RESTEER_MISFETCH_SAVED_UC_FETCH               0         -nan%                0         -nan%
CYCLES_RESTEER_MISFETCH_COULD_BE_SAVED_UC_FETCH             0         -nan%                0         -nan%
CYCLES_RESTEER_BTB_MISS_SAVED_UC_FETCH               0         -nan%                0         -nan%
CYCLES_RESTEER_BTB_MISS_COULD_BE_SAVED_UC_FETCH             0         -nan%                0         -nan%
                                                     0         -nan%                0         -nan%
                                                  -nan         -nan              -nan         -nan

CYCLES_UOC_IC_SWITCH                                 0                              0              



