Scarab gitrev: 3067351
Scarab started at Fri Jan  3 08:45:03 2025

Bloom Table Size 44144 hashes 8
Bloom Table Size 11040 hashes 8
Bloom Table Size 11040 hashes 8
Initialized Ramulator. 
** Heartbeat:   5% -- { 1000001 } -- 0.00 KIPS (71.43 KIPS)
** Heartbeat:  10% -- { 2000001 } -- 90.91 KIPS (80.00 KIPS)
** Heartbeat:  15% -- { 3000004 } -- 90.91 KIPS (83.33 KIPS)
** Heartbeat:  20% -- { 4000007 } -- 90.91 KIPS (85.11 KIPS)
** Heartbeat:  25% -- { 5000009 } -- 83.33 KIPS (84.75 KIPS)
** Heartbeat:  30% -- { 6000009 } -- 100.00 KIPS (86.96 KIPS)
** Heartbeat:  35% -- { 7000012 } -- 83.33 KIPS (86.42 KIPS)
** Heartbeat:  40% -- { 8000015 } -- 90.91 KIPS (86.96 KIPS)
** Heartbeat:  45% -- { 9000015 } -- 90.91 KIPS (87.38 KIPS)
** Heartbeat:  50% -- { 10000019 } -- 90.91 KIPS (87.72 KIPS)
** Heartbeat:  55% -- { 11000021 } -- 90.91 KIPS (88.00 KIPS)
** Heartbeat:  60% -- { 12000023 } -- 83.33 KIPS (87.59 KIPS)
** Heartbeat:  65% -- { 13000024 } -- 90.91 KIPS (87.84 KIPS)
** Heartbeat:  70% -- { 14000025 } -- 90.91 KIPS (88.05 KIPS)
** Heartbeat:  75% -- { 15000026 } -- 83.33 KIPS (87.72 KIPS)
** Heartbeat:  80% -- { 16000027 } -- 90.91 KIPS (87.91 KIPS)
** Heartbeat:  85% -- { 17000028 } -- 83.33 KIPS (87.63 KIPS)
** Heartbeat:  90% -- { 18000030 } -- 90.91 KIPS (87.81 KIPS)
** Heartbeat:  95% -- { 19000030 } -- 90.91 KIPS (87.96 KIPS)
Warning could not fetch inst from frontend
Warning could not fetch inst from frontend
Warning could not fetch inst from frontend
Warning could not fetch inst from frontend
Warning could not fetch inst from frontend
Warning could not fetch inst from frontend
Warning could not fetch inst from frontend
Warning could not fetch inst from frontend
Warning could not fetch inst from frontend
Warning could not fetch inst from frontend
Warning could not fetch inst from frontend
Warning could not fetch inst from frontend
Warning could not fetch inst from frontend
Warning could not fetch inst from frontend
Warning could not fetch inst from frontend
Warning could not fetch inst from frontend
Warning could not fetch inst from frontend
Warning could not fetch inst from frontend
Warning could not fetch inst from frontend
Warning could not fetch inst from frontend
Warning could not fetch inst from frontend
Warning could not fetch inst from frontend
Warning could not fetch inst from frontend
Warning could not fetch inst from frontend
Warning could not fetch inst from frontend
Warning could not fetch inst from frontend
Warning could not fetch inst from frontend
Warning could not fetch inst from frontend
Warning could not fetch inst from frontend
Warning could not fetch inst from frontend
Warning could not fetch inst from frontend
Warning could not fetch inst from frontend
Warning could not fetch inst from frontend
Warning could not fetch inst from frontend
Warning could not fetch inst from frontend
Warning could not fetch inst from frontend
Warning could not fetch inst from frontend
Warning could not fetch inst from frontend
Warning could not fetch inst from frontend
Warning could not fetch inst from frontend
Warning could not fetch inst from frontend
Warning could not fetch inst from frontend
Warning could not fetch inst from frontend
Warning could not fetch inst from frontend
Warning could not fetch inst from frontend
Warning could not fetch inst from frontend
Warning could not fetch inst from frontend
Warning could not fetch inst from frontend
Warning could not fetch inst from frontend
Warning could not fetch inst from frontend
Warning could not fetch inst from frontend
Warning could not fetch inst from frontend
Warning could not fetch inst from frontend
Warning could not fetch inst from frontend
Warning could not fetch inst from frontend
Warning could not fetch inst from frontend
Warning could not fetch inst from frontend
Warning could not fetch inst from frontend
Warning could not fetch inst from frontend
Warning could not fetch inst from frontend
Warning could not fetch inst from frontend
Warning could not fetch inst from frontend
Warning could not fetch inst from frontend
Warning could not fetch inst from frontend
Warning could not fetch inst from frontend
Warning could not fetch inst from frontend
Warning could not fetch inst from frontend
Warning could not fetch inst from frontend
Warning could not fetch inst from frontend
Warning could not fetch inst from frontend
Warning could not fetch inst from frontend
Warning could not fetch inst from frontend
Warning could not fetch inst from frontend
Warning could not fetch inst from frontend
Warning could not fetch inst from frontend
Warning could not fetch inst from frontend
Warning could not fetch inst from frontend
Warning could not fetch inst from frontend
Warning could not fetch inst from frontend
Warning could not fetch inst from frontend
Warning could not fetch inst from frontend
Warning could not fetch inst from frontend
Warning could not fetch inst from frontend
Warning could not fetch inst from frontend
Warning could not fetch inst from frontend
Warning could not fetch inst from frontend
Warning could not fetch inst from frontend
Warning could not fetch inst from frontend
Warning could not fetch inst from frontend
Warning could not fetch inst from frontend
Warning could not fetch inst from frontend
Warning could not fetch inst from frontend
** Core 0 Finished:    insts:20068633    cycles:9814144     time:3066920000000       -- 2.04 IPC (2.04 IPC) --  N/A  KIPS (88.11 KIPS)
Scarab finished at Fri Jan  3 08:48:50 2025

