               ramulator.active_cycles_0             3725267                                      # Total active cycles for level _0
                 ramulator.busy_cycles_0             3725267                                      # (All-bank refresh only. busy cycles only include refresh time in rank level) The sum of cycles that the DRAM part is active or under refresh for level _0
            ramulator.serving_requests_0             7123456                                      # The sum of read and write requests that are served in this DRAM element per memory cycle for level _0
    ramulator.average_serving_requests_0            1.062732                                      # The average of read and write requests that are served in this DRAM element per memory cycle for level _0
             ramulator.active_cycles_0_0             3725267                                      # Total active cycles for level _0_0
               ramulator.busy_cycles_0_0             3951647                                      # (All-bank refresh only. busy cycles only include refresh time in rank level) The sum of cycles that the DRAM part is active or under refresh for level _0_0
          ramulator.serving_requests_0_0             7123456                                      # The sum of read and write requests that are served in this DRAM element per memory cycle for level _0_0
  ramulator.average_serving_requests_0_0            1.062732                                      # The average of read and write requests that are served in this DRAM element per memory cycle for level _0_0
           ramulator.active_cycles_0_0_0             1359881                                      # Total active cycles for level _0_0_0
             ramulator.busy_cycles_0_0_0             1359881                                      # (All-bank refresh only. busy cycles only include refresh time in rank level) The sum of cycles that the DRAM part is active or under refresh for level _0_0_0
        ramulator.serving_requests_0_0_0             1901935                                      # The sum of read and write requests that are served in this DRAM element per memory cycle for level _0_0_0
ramulator.average_serving_requests_0_0_0            0.283745                                      # The average of read and write requests that are served in this DRAM element per memory cycle for level _0_0_0
         ramulator.active_cycles_0_0_0_0              372493                                      # Total active cycles for level _0_0_0_0
           ramulator.busy_cycles_0_0_0_0              372493                                      # (All-bank refresh only. busy cycles only include refresh time in rank level) The sum of cycles that the DRAM part is active or under refresh for level _0_0_0_0
      ramulator.serving_requests_0_0_0_0              466095                                      # The sum of read and write requests that are served in this DRAM element per memory cycle for level _0_0_0_0
ramulator.average_serving_requests_0_0_0_0            0.069536                                      # The average of read and write requests that are served in this DRAM element per memory cycle for level _0_0_0_0
         ramulator.active_cycles_0_0_0_1              356340                                      # Total active cycles for level _0_0_0_1
           ramulator.busy_cycles_0_0_0_1              356340                                      # (All-bank refresh only. busy cycles only include refresh time in rank level) The sum of cycles that the DRAM part is active or under refresh for level _0_0_0_1
      ramulator.serving_requests_0_0_0_1              461858                                      # The sum of read and write requests that are served in this DRAM element per memory cycle for level _0_0_0_1
ramulator.average_serving_requests_0_0_0_1            0.068904                                      # The average of read and write requests that are served in this DRAM element per memory cycle for level _0_0_0_1
         ramulator.active_cycles_0_0_0_2              316189                                      # Total active cycles for level _0_0_0_2
           ramulator.busy_cycles_0_0_0_2              316189                                      # (All-bank refresh only. busy cycles only include refresh time in rank level) The sum of cycles that the DRAM part is active or under refresh for level _0_0_0_2
      ramulator.serving_requests_0_0_0_2              396279                                      # The sum of read and write requests that are served in this DRAM element per memory cycle for level _0_0_0_2
ramulator.average_serving_requests_0_0_0_2            0.059120                                      # The average of read and write requests that are served in this DRAM element per memory cycle for level _0_0_0_2
         ramulator.active_cycles_0_0_0_3              465110                                      # Total active cycles for level _0_0_0_3
           ramulator.busy_cycles_0_0_0_3              465110                                      # (All-bank refresh only. busy cycles only include refresh time in rank level) The sum of cycles that the DRAM part is active or under refresh for level _0_0_0_3
      ramulator.serving_requests_0_0_0_3              577703                                      # The sum of read and write requests that are served in this DRAM element per memory cycle for level _0_0_0_3
ramulator.average_serving_requests_0_0_0_3            0.086186                                      # The average of read and write requests that are served in this DRAM element per memory cycle for level _0_0_0_3
           ramulator.active_cycles_0_0_1             1293527                                      # Total active cycles for level _0_0_1
             ramulator.busy_cycles_0_0_1             1293527                                      # (All-bank refresh only. busy cycles only include refresh time in rank level) The sum of cycles that the DRAM part is active or under refresh for level _0_0_1
        ramulator.serving_requests_0_0_1             1806310                                      # The sum of read and write requests that are served in this DRAM element per memory cycle for level _0_0_1
ramulator.average_serving_requests_0_0_1            0.269479                                      # The average of read and write requests that are served in this DRAM element per memory cycle for level _0_0_1
         ramulator.active_cycles_0_0_1_0              351435                                      # Total active cycles for level _0_0_1_0
           ramulator.busy_cycles_0_0_1_0              351435                                      # (All-bank refresh only. busy cycles only include refresh time in rank level) The sum of cycles that the DRAM part is active or under refresh for level _0_0_1_0
      ramulator.serving_requests_0_0_1_0              422022                                      # The sum of read and write requests that are served in this DRAM element per memory cycle for level _0_0_1_0
ramulator.average_serving_requests_0_0_1_0            0.062961                                      # The average of read and write requests that are served in this DRAM element per memory cycle for level _0_0_1_0
         ramulator.active_cycles_0_0_1_1              305541                                      # Total active cycles for level _0_0_1_1
           ramulator.busy_cycles_0_0_1_1              305541                                      # (All-bank refresh only. busy cycles only include refresh time in rank level) The sum of cycles that the DRAM part is active or under refresh for level _0_0_1_1
      ramulator.serving_requests_0_0_1_1              387019                                      # The sum of read and write requests that are served in this DRAM element per memory cycle for level _0_0_1_1
ramulator.average_serving_requests_0_0_1_1            0.057738                                      # The average of read and write requests that are served in this DRAM element per memory cycle for level _0_0_1_1
         ramulator.active_cycles_0_0_1_2              426250                                      # Total active cycles for level _0_0_1_2
           ramulator.busy_cycles_0_0_1_2              426250                                      # (All-bank refresh only. busy cycles only include refresh time in rank level) The sum of cycles that the DRAM part is active or under refresh for level _0_0_1_2
      ramulator.serving_requests_0_0_1_2              524723                                      # The sum of read and write requests that are served in this DRAM element per memory cycle for level _0_0_1_2
ramulator.average_serving_requests_0_0_1_2            0.078282                                      # The average of read and write requests that are served in this DRAM element per memory cycle for level _0_0_1_2
         ramulator.active_cycles_0_0_1_3              371025                                      # Total active cycles for level _0_0_1_3
           ramulator.busy_cycles_0_0_1_3              371025                                      # (All-bank refresh only. busy cycles only include refresh time in rank level) The sum of cycles that the DRAM part is active or under refresh for level _0_0_1_3
      ramulator.serving_requests_0_0_1_3              472546                                      # The sum of read and write requests that are served in this DRAM element per memory cycle for level _0_0_1_3
ramulator.average_serving_requests_0_0_1_3            0.070498                                      # The average of read and write requests that are served in this DRAM element per memory cycle for level _0_0_1_3
           ramulator.active_cycles_0_0_2             1137387                                      # Total active cycles for level _0_0_2
             ramulator.busy_cycles_0_0_2             1137387                                      # (All-bank refresh only. busy cycles only include refresh time in rank level) The sum of cycles that the DRAM part is active or under refresh for level _0_0_2
        ramulator.serving_requests_0_0_2             1570727                                      # The sum of read and write requests that are served in this DRAM element per memory cycle for level _0_0_2
ramulator.average_serving_requests_0_0_2            0.234333                                      # The average of read and write requests that are served in this DRAM element per memory cycle for level _0_0_2
         ramulator.active_cycles_0_0_2_0              329457                                      # Total active cycles for level _0_0_2_0
           ramulator.busy_cycles_0_0_2_0              329457                                      # (All-bank refresh only. busy cycles only include refresh time in rank level) The sum of cycles that the DRAM part is active or under refresh for level _0_0_2_0
      ramulator.serving_requests_0_0_2_0              421572                                      # The sum of read and write requests that are served in this DRAM element per memory cycle for level _0_0_2_0
ramulator.average_serving_requests_0_0_2_0            0.062893                                      # The average of read and write requests that are served in this DRAM element per memory cycle for level _0_0_2_0
         ramulator.active_cycles_0_0_2_1              287484                                      # Total active cycles for level _0_0_2_1
           ramulator.busy_cycles_0_0_2_1              287484                                      # (All-bank refresh only. busy cycles only include refresh time in rank level) The sum of cycles that the DRAM part is active or under refresh for level _0_0_2_1
      ramulator.serving_requests_0_0_2_1              364814                                      # The sum of read and write requests that are served in this DRAM element per memory cycle for level _0_0_2_1
ramulator.average_serving_requests_0_0_2_1            0.054426                                      # The average of read and write requests that are served in this DRAM element per memory cycle for level _0_0_2_1
         ramulator.active_cycles_0_0_2_2              215705                                      # Total active cycles for level _0_0_2_2
           ramulator.busy_cycles_0_0_2_2              215705                                      # (All-bank refresh only. busy cycles only include refresh time in rank level) The sum of cycles that the DRAM part is active or under refresh for level _0_0_2_2
      ramulator.serving_requests_0_0_2_2              275983                                      # The sum of read and write requests that are served in this DRAM element per memory cycle for level _0_0_2_2
ramulator.average_serving_requests_0_0_2_2            0.041173                                      # The average of read and write requests that are served in this DRAM element per memory cycle for level _0_0_2_2
         ramulator.active_cycles_0_0_2_3              415805                                      # Total active cycles for level _0_0_2_3
           ramulator.busy_cycles_0_0_2_3              415805                                      # (All-bank refresh only. busy cycles only include refresh time in rank level) The sum of cycles that the DRAM part is active or under refresh for level _0_0_2_3
      ramulator.serving_requests_0_0_2_3              508358                                      # The sum of read and write requests that are served in this DRAM element per memory cycle for level _0_0_2_3
ramulator.average_serving_requests_0_0_2_3            0.075841                                      # The average of read and write requests that are served in this DRAM element per memory cycle for level _0_0_2_3
           ramulator.active_cycles_0_0_3             1352685                                      # Total active cycles for level _0_0_3
             ramulator.busy_cycles_0_0_3             1352685                                      # (All-bank refresh only. busy cycles only include refresh time in rank level) The sum of cycles that the DRAM part is active or under refresh for level _0_0_3
        ramulator.serving_requests_0_0_3             1844479                                      # The sum of read and write requests that are served in this DRAM element per memory cycle for level _0_0_3
ramulator.average_serving_requests_0_0_3            0.275174                                      # The average of read and write requests that are served in this DRAM element per memory cycle for level _0_0_3
         ramulator.active_cycles_0_0_3_0              310660                                      # Total active cycles for level _0_0_3_0
           ramulator.busy_cycles_0_0_3_0              310660                                      # (All-bank refresh only. busy cycles only include refresh time in rank level) The sum of cycles that the DRAM part is active or under refresh for level _0_0_3_0
      ramulator.serving_requests_0_0_3_0              399735                                      # The sum of read and write requests that are served in this DRAM element per memory cycle for level _0_0_3_0
ramulator.average_serving_requests_0_0_3_0            0.059636                                      # The average of read and write requests that are served in this DRAM element per memory cycle for level _0_0_3_0
         ramulator.active_cycles_0_0_3_1              551061                                      # Total active cycles for level _0_0_3_1
           ramulator.busy_cycles_0_0_3_1              551061                                      # (All-bank refresh only. busy cycles only include refresh time in rank level) The sum of cycles that the DRAM part is active or under refresh for level _0_0_3_1
      ramulator.serving_requests_0_0_3_1              656830                                      # The sum of read and write requests that are served in this DRAM element per memory cycle for level _0_0_3_1
ramulator.average_serving_requests_0_0_3_1            0.097991                                      # The average of read and write requests that are served in this DRAM element per memory cycle for level _0_0_3_1
         ramulator.active_cycles_0_0_3_2              390095                                      # Total active cycles for level _0_0_3_2
           ramulator.busy_cycles_0_0_3_2              390095                                      # (All-bank refresh only. busy cycles only include refresh time in rank level) The sum of cycles that the DRAM part is active or under refresh for level _0_0_3_2
      ramulator.serving_requests_0_0_3_2              482974                                      # The sum of read and write requests that are served in this DRAM element per memory cycle for level _0_0_3_2
ramulator.average_serving_requests_0_0_3_2            0.072054                                      # The average of read and write requests that are served in this DRAM element per memory cycle for level _0_0_3_2
         ramulator.active_cycles_0_0_3_3              234805                                      # Total active cycles for level _0_0_3_3
           ramulator.busy_cycles_0_0_3_3              234805                                      # (All-bank refresh only. busy cycles only include refresh time in rank level) The sum of cycles that the DRAM part is active or under refresh for level _0_0_3_3
      ramulator.serving_requests_0_0_3_3              304940                                      # The sum of read and write requests that are served in this DRAM element per memory cycle for level _0_0_3_3
ramulator.average_serving_requests_0_0_3_3            0.045493                                      # The average of read and write requests that are served in this DRAM element per memory cycle for level _0_0_3_3
      ramulator.read_transaction_bytes_0            13223488                                      # The total byte of read transaction per channel
     ramulator.write_transaction_bytes_0             2635968                                      # The total byte of write transaction per channel
       ramulator.row_hits_channel_0_core              207860                                      # Number of row hits per channel per core
     ramulator.row_misses_channel_0_core                9873                                      # Number of row misses per channel per core
  ramulator.row_conflicts_channel_0_core               30071                                      # Number of row conflicts per channel per core
  ramulator.read_row_hits_channel_0_core              180701                                      # Number of row hits for read requests per channel per core
                                     [0]            180701.0                                      # 
ramulator.read_row_misses_channel_0_core                6371                                      # Number of row misses for read requests per channel per core
                                     [0]              6371.0                                      # 
ramulator.read_row_conflicts_channel_0_core               19545                                      # Number of row conflicts for read requests per channel per core
                                     [0]             19545.0                                      # 
 ramulator.write_row_hits_channel_0_core               27159                                      # Number of row hits for write requests per channel per core
                                     [0]             27159.0                                      # 
ramulator.write_row_misses_channel_0_core                3502                                      # Number of row misses for write requests per channel per core
                                     [0]              3502.0                                      # 
ramulator.write_row_conflicts_channel_0_core               10526                                      # Number of row conflicts for write requests per channel per core
                                     [0]             10526.0                                      # 
      ramulator.useless_activates_0_core                  35                                      # Number of useless activations. E.g, ACT -> PRE w/o RD or WR
            ramulator.read_latency_avg_0           71.604227                                      # The average memory latency cycles (in memory time domain) per request for all read requests in this channel
            ramulator.read_latency_sum_0            14804532                                      # The memory latency cycles (in memory time domain) sum for all read requests in this channel
        ramulator.req_queue_length_avg_0           14.641030                                      # Average of read and write queue length per memory cycle per channel.
        ramulator.req_queue_length_sum_0            98138283                                      # Sum of read and write queue length per memory cycle per channel.
   ramulator.read_req_queue_length_avg_0            2.146755                                      # Read queue length average per memory cycle per channel.
   ramulator.read_req_queue_length_sum_0            14389621                                      # Read queue length sum per memory cycle per channel.
  ramulator.write_req_queue_length_avg_0           12.494275                                      # Write queue length average per memory cycle per channel.
  ramulator.write_req_queue_length_sum_0            83748662                                      # Write queue length sum per memory cycle per channel.
              ramulator.record_read_hits                 0.0                                      # record read hit count for this core when it reaches request limit or to the end
                                     [0]                 0.0                                      # 
            ramulator.record_read_misses                 0.0                                      # record_read_miss count for this core when it reaches request limit or to the end
                                     [0]                 0.0                                      # 
         ramulator.record_read_conflicts                 0.0                                      # record read conflict count for this core when it reaches request limit or to the end
                                     [0]                 0.0                                      # 
             ramulator.record_write_hits                 0.0                                      # record write hit count for this core when it reaches request limit or to the end
                                     [0]                 0.0                                      # 
           ramulator.record_write_misses                 0.0                                      # record write miss count for this core when it reaches request limit or to the end
                                     [0]                 0.0                                      # 
        ramulator.record_write_conflicts                 0.0                                      # record write conflict for this core when it reaches request limit or to the end
                                     [0]                 0.0                                      # 
                 ramulator.dram_capacity          8589934592                                      # Number of bytes in simulated DRAM
                   ramulator.dram_cycles             6702963                                      # Number of DRAM cycles simulated
             ramulator.incoming_requests              247947                                      # Number of incoming requests to DRAM
                 ramulator.read_requests              206755                                      # Number of incoming read requests to DRAM per core
                                     [0]            206755.0                                      # 
                ramulator.write_requests               41192                                      # Number of incoming write requests to DRAM per core
                                     [0]             41192.0                                      # 
       ramulator.ramulator_active_cycles             3725269                                      # The total number of cycles that the DRAM part is active (serving R/W)
 ramulator.incoming_requests_per_channel            247947.0                                      # Number of incoming requests to each DRAM channel
                                     [0]            247947.0                                      # 
ramulator.incoming_read_reqs_per_channel            206755.0                                      # Number of incoming read requests to each DRAM channel
                                     [0]            206755.0                                      # 
     ramulator.physical_page_replacement                   0                                      # The number of times that physical page replacement happens.
             ramulator.maximum_bandwidth         19200000000                                      # The theoretical maximum bandwidth (Bps)
          ramulator.in_queue_req_num_sum            98138283                                      # Sum of read/write queue length
     ramulator.in_queue_read_req_num_sum            14389621                                      # Sum of read queue length
    ramulator.in_queue_write_req_num_sum            83748662                                      # Sum of write queue length
          ramulator.in_queue_req_num_avg           14.641030                                      # Average of read/write queue length per memory cycle
     ramulator.in_queue_read_req_num_avg            2.146755                                      # Average of read queue length per memory cycle
    ramulator.in_queue_write_req_num_avg           12.494275                                      # Average of write queue length per memory cycle
          ramulator.record_read_requests                 0.0                                      # record read requests for this core when it reaches request limit or to the end
                                     [0]                 0.0                                      # 
         ramulator.record_write_requests                 0.0                                      # record write requests for this core when it reaches request limit or to the end
                                     [0]                 0.0                                      # 
