/* -*- Mode: c -*- */
####################################################################################################
Core 0
####################################################################################################
Cumulative:        Cycles: 7541192               Instructions: 20109850              IPC: 2.66667

Periodic:          Cycles: 3591624               Instructions: 10054922              IPC: 2.79955

EXECUTION_TIME                           1122382500000                  2356622500000              

NODE_CYCLE                                     3591624                        7541192              

NODE_INST_COUNT                               10054922                       20109850              

NODE_INST_COUNT_FETCHED                        9999997                       20000000              

NODE_UOP_COUNT                                13179745                       26361738              

FULL_WINDOW_STALL                               462465       12.876%          1079381       14.313%

FULL_WINDOW_MEM_OP                              401016       97.569%           954616       97.916%
FULL_WINDOW_FP_OP                                   45        0.011%              238        0.024%
FULL_WINDOW_OTHER_OP                              9948        2.420%            20076        2.059%
                                                411009      100.000%           974930      100.000%
                                                  0.05         0.30              0.04         0.28

RET_BLOCKED_DC_MISS                             587747       16.364%          1405815       18.642%

RET_BLOCKED_L1_MISS                             247050        6.879%           680083        9.018%

RET_BLOCKED_L1_MISS_BW_PREF                          0        0.000%              897        0.012%

RET_BLOCKED_L1_ACCESS                           340697        9.486%           725791        9.624%

RET_BLOCKED_MEM_STALL                           247050        6.879%           680083        9.018%

RET_BLOCKED_OFFCHIP_DEMAND                           0        0.000%                0        0.000%

OP_ISSUED                                     13779197                       27801492              

OP_RETIRED                                    13179745                       26361738              

REPLAY_SIGNALED                                      0                              0              

REPLAY_COUNTED                                       0                              0              

OFF_CRITICAL_PATH                                    0         -nan%                0         -nan%
ON_CRITICAL_PATH                                     0         -nan%                0         -nan%
                                                     0         -nan%                0         -nan%
                                                  -nan         -nan              -nan         -nan

LD_NO_DEPENDENTS                                283913       11.276%           569979       11.317%
LD_DEPENDENTS                                  2233940       88.724%          4466575       88.683%
                                               2517853      100.000%          5036554      100.000%
                                                  0.89         0.84              0.89         0.84

LD_EXEC_CYCLES_0                                     0        0.000%                0        0.000%
LD_EXEC_CYCLES_1                                     0        0.000%                0        0.000%
LD_EXEC_CYCLES_2                                     0        0.000%                0        0.000%
LD_EXEC_CYCLES_3                                   274       27.345%              583       29.063%
LD_EXEC_CYCLES_4                                   728       72.655%             1423       70.937%
                                                  1002      100.000%             2006      100.000%
                                                  3.73         3.21              3.71         3.16

ICACHE_STAGE_STARVED                            177068        6.179%           474756        8.116%
ICACHE_STAGE_NOT_STARVED                       2688420       93.821%          5374569       91.884%
                                               2865488      100.000%          5849325      100.000%
                                                  0.94         0.91              0.92         0.88

ICACHE_STAGE_STALLED                            324002        9.021%           727349        9.645%
ICACHE_STAGE_NOT_STALLED                       2959483       82.400%          6040696       80.103%
ICACHE_STAGE_OFF_PATH                           308139        8.579%           773147       10.252%
                                               3591624      100.000%          7541192      100.000%
                                                  1.00         0.41              1.01         0.45

DECODE_STAGE_STARVED                           2389398       70.037%          4999109       70.410%
DECODE_STAGE_NOT_STARVED                       1022228       29.963%          2100867       29.590%
                                               3411626      100.000%          7099976      100.000%
                                                  0.30         0.42              0.30         0.42

DECODE_STAGE_STALLED                            324569        9.037%           728913        9.666%
DECODE_STAGE_NOT_STALLED                       3087057       85.952%          6371063       84.484%
DECODE_STAGE_OFF_PATH                           179998        5.012%           441216        5.851%
                                               3591624      100.000%          7541192      100.000%
                                                  0.96         0.32              0.96         0.34

UOPQ_STAGE_STARVED                             2389497       66.530%          5000894       66.314%
UOPQ_STAGE_NOT_STARVED                         1202127       33.470%          2540298       33.686%
                                               3591624      100.000%          7541192      100.000%
                                                  0.33         0.43              0.34         0.43

UOPQ_STAGE_STALLED                                   0        0.000%                0        0.000%
UOPQ_STAGE_NOT_STALLED                         3591624      100.000%          7541192      100.000%
UOPQ_STAGE_OFF_PATH                                  0        0.000%                0        0.000%
                                               3591624      100.000%          7541192      100.000%
                                                  1.00         0.00              1.00         0.00

MAP_STAGE_STARVED                               318853        9.482%           765534       11.034%
MAP_STAGE_NOT_STARVED                          3043941       90.518%          6172321       88.966%
                                               3362794      100.000%          6937855      100.000%
                                                  0.91         0.87              0.89         0.85

MAP_STAGE_STALLED                               361031       10.052%           804345       10.666%
MAP_STAGE_NOT_STALLED                          3001763       83.577%          6133510       81.333%
MAP_STAGE_OFF_PATH                              228830        6.371%           603337        8.001%
                                               3591624      100.000%          7541192      100.000%
                                                  0.96         0.36              0.97         0.40

EXEC_STAGE_STARVED                             1437850       40.033%          2858677       37.907%
EXEC_STAGE_NOT_STARVED                         1959746       54.564%          4168979       55.283%
EXEC_STAGE_OFF_PATH                             194028        5.402%           513536        6.810%
                                               3591624      100.000%          7541192      100.000%
                                                  0.65         0.43              0.69         0.45

FU_BUSY_0                                      3201093                        6465072              

FU_BUSY_1                                      2304785                        4640079              

FU_BUSY_2                                      1200264                        2415738              

FU_BUSY_3                                       570986                        1153283              

FU_BUSY_4                                      2009683                        4042115              

FU_BUSY_5                                       512869                        1034824              

FU_BUSY_6                                      2707574                        5441289              

FU_BUSY_7                                      1809946                        3620186              

FU_BUSY_8                                      1217607                        2427386              

FU_BUSY_9                                       874244                        1739365              

FU_BUSY_10                                           0                              0              

FU_BUSY_11                                           0                              0              

FU_BUSY_12                                           0                              0              

FU_BUSY_13                                           0                              0              

FU_BUSY_14                                           0                              0              

FU_BUSY_15                                           0                              0              

FU_BUSY_16                                           0                              0              

FU_BUSY_17                                           0                              0              

FU_BUSY_18                                           0                              0              

FU_BUSY_19                                           0                              0              

FU_BUSY_20                                           0                              0              

FU_BUSY_21                                           0                              0              

FU_BUSY_22                                           0                              0              

FU_BUSY_23                                           0                              0              

FU_BUSY_24                                           0                              0              

FU_BUSY_25                                           0                              0              

FU_BUSY_26                                           0                              0              

FU_BUSY_27                                           0                              0              

FU_BUSY_28                                           0                              0              

FU_BUSY_29                                           0                              0              

FU_BUSY_30                                           0                              0              

FU_BUSY_31                                           0                              0              

OP_WAIT_0                                      8829368                       17667774              

OP_WAIT_1                                      2164404                        4354463              

OP_WAIT_2                                       867010                        1729803              

OP_WAIT_3                                       262290                         521395              

OP_WAIT_4                                       168698                         334807              

OP_WAIT_5                                       115536                         228534              

OP_WAIT_6                                        87852                         173205              

OP_WAIT_7                                        71093                         140744              

OP_WAIT_8                                        56176                         110989              

OP_WAIT_9                                        53404                         105913              

OP_WAIT_10                                       46582                          91994              

OP_WAIT_11                                       39767                          78040              

OP_WAIT_12                                       32069                          62714              

OP_WAIT_13                                       28887                          56491              

OP_WAIT_14                                       26726                          52501              

OP_WAIT_15                                       26080                          51196              

OP_WAIT_16                                       26249                          51414              

OP_WAIT_17                                       21352                          42042              

OP_WAIT_18                                       22118                          43417              

OP_WAIT_19                                       21415                          42352              

OP_WAIT_20                                       19127                          37850              

OP_WAIT_21                                       14446                          28718              

OP_WAIT_22                                       15827                          31704              

OP_WAIT_23                                       13846                          27280              

OP_WAIT_24                                       15076                          29988              

OP_WAIT_25                                       11618                          23066              

OP_WAIT_26                                       13161                          26023              

OP_WAIT_27                                       10775                          20996              

OP_WAIT_28                                        9569                          18867              

OP_WAIT_29                                        8301                          16341              

OP_WAIT_30                                        7766                          15369              

OP_WAIT_31                                       73157                         145748              

ROW_SIZE_0                                     1037318                        2324316              

ROW_SIZE_1                                      206537                         422756              

ROW_SIZE_2                                      126265                         260110              

ROW_SIZE_3                                       78041                         159207              

ROW_SIZE_4                                       91907                         187284              

ROW_SIZE_5                                       53153                         107983              

ROW_SIZE_6                                     1975527                        3942015              

ROW_SIZE_7                                           0                              0              

ROW_SIZE_8                                           0                              0              

ROW_SIZE_9                                           0                              0              

ROW_SIZE_10                                          0                              0              

ROW_SIZE_11                                          0                              0              

ROW_SIZE_12                                          0                              0              

ROW_SIZE_13                                          0                              0              

ROW_SIZE_14                                          0                              0              

ROW_SIZE_15                                          0                              0              

ROW_SIZE_16                                          0                              0              

ROW_SIZE_17                                          0                              0              

ROW_SIZE_18                                          0                              0              

ROW_SIZE_19                                          0                              0              

ROW_SIZE_20                                          0                              0              

ROW_SIZE_21                                          0                              0              

ROW_SIZE_22                                          0                              0              

ROW_SIZE_23                                          0                              0              

ROW_SIZE_24                                          0                              0              

ROW_SIZE_25                                          0                              0              

ROW_SIZE_26                                          0                              0              

ROW_SIZE_27                                          0                              0              

ROW_SIZE_28                                          0                              0              

ROW_SIZE_29                                          0                              0              

ROW_SIZE_30                                          0                              0              

ROW_SIZE_31                                          0                              0              

RET_OP_EXEC_COUNT_0                                  0        0.000%                0        0.000%
RET_OP_EXEC_COUNT_1                           13179745      100.000%         26361738      100.000%
RET_OP_EXEC_COUNT_2                                  0        0.000%                0        0.000%
RET_OP_EXEC_COUNT_3                                  0        0.000%                0        0.000%
RET_OP_EXEC_COUNT_4                                  0        0.000%                0        0.000%
RET_OP_EXEC_COUNT_5                                  0        0.000%                0        0.000%
RET_OP_EXEC_COUNT_6                                  0        0.000%                0        0.000%
RET_OP_EXEC_COUNT_7                                  0        0.000%                0        0.000%
RET_OP_EXEC_COUNT_8                                  0        0.000%                0        0.000%
RET_OP_EXEC_COUNT_9                                  0        0.000%                0        0.000%
RET_OP_EXEC_COUNT_10                                 0        0.000%                0        0.000%
RET_OP_EXEC_COUNT_11                                 0        0.000%                0        0.000%
RET_OP_EXEC_COUNT_12                                 0        0.000%                0        0.000%
RET_OP_EXEC_COUNT_13                                 0        0.000%                0        0.000%
RET_OP_EXEC_COUNT_14                                 0        0.000%                0        0.000%
RET_OP_EXEC_COUNT_15                                 0        0.000%                0        0.000%
RET_OP_EXEC_COUNT_16                                 0        0.000%                0        0.000%
RET_OP_EXEC_COUNT_17                                 0        0.000%                0        0.000%
RET_OP_EXEC_COUNT_18                                 0        0.000%                0        0.000%
RET_OP_EXEC_COUNT_19                                 0        0.000%                0        0.000%
RET_OP_EXEC_COUNT_20                                 0        0.000%                0        0.000%
RET_OP_EXEC_COUNT_21                                 0        0.000%                0        0.000%
RET_OP_EXEC_COUNT_22                                 0        0.000%                0        0.000%
RET_OP_EXEC_COUNT_23                                 0        0.000%                0        0.000%
RET_OP_EXEC_COUNT_24                                 0        0.000%                0        0.000%
RET_OP_EXEC_COUNT_25                                 0        0.000%                0        0.000%
RET_OP_EXEC_COUNT_26                                 0        0.000%                0        0.000%
RET_OP_EXEC_COUNT_27                                 0        0.000%                0        0.000%
RET_OP_EXEC_COUNT_28                                 0        0.000%                0        0.000%
RET_OP_EXEC_COUNT_29                                 0        0.000%                0        0.000%
RET_OP_EXEC_COUNT_30                                 0        0.000%                0        0.000%
RET_OP_EXEC_COUNT_31                                 0        0.000%                0        0.000%
RET_OP_EXEC_COUNT_32                                 0        0.000%                0        0.000%
                                              13179745      100.000%         26361738      100.000%
                                                  1.00         0.00              1.00         0.00

RET_STALL_LENGTH_0                            13177652       99.984%         26356221       99.979%
RET_STALL_LENGTH_100                              2060        0.016%             5303        0.020%
RET_STALL_LENGTH_200                                 0        0.000%               85        0.000%
RET_STALL_LENGTH_300                                 0        0.000%               19        0.000%
RET_STALL_LENGTH_400                                 1        0.000%                9        0.000%
RET_STALL_LENGTH_500                                 0        0.000%                7        0.000%
RET_STALL_LENGTH_600                                 1        0.000%                7        0.000%
RET_STALL_LENGTH_700                                 1        0.000%               10        0.000%
RET_STALL_LENGTH_800                                 2        0.000%                6        0.000%
RET_STALL_LENGTH_900                                 4        0.000%                9        0.000%
RET_STALL_LENGTH_1000                                1        0.000%                3        0.000%
RET_STALL_LENGTH_1100                                5        0.000%               16        0.000%
RET_STALL_LENGTH_1200                               16        0.000%               37        0.000%
RET_STALL_LENGTH_1300                                2        0.000%                6        0.000%
RET_STALL_LENGTH_1400                                0        0.000%                0        0.000%
RET_STALL_LENGTH_1500                                0        0.000%                0        0.000%
RET_STALL_LENGTH_1600                                0        0.000%                0        0.000%
RET_STALL_LENGTH_1700                                0        0.000%                0        0.000%
RET_STALL_LENGTH_1800                                0        0.000%                0        0.000%
RET_STALL_LENGTH_1900                                0        0.000%                0        0.000%
RET_STALL_LENGTH_2000                                0        0.000%                0        0.000%
RET_STALL_LENGTH_2100                                0        0.000%                0        0.000%
RET_STALL_LENGTH_2200                                0        0.000%                0        0.000%
RET_STALL_LENGTH_2300                                0        0.000%                0        0.000%
RET_STALL_LENGTH_2400                                0        0.000%                0        0.000%
RET_STALL_LENGTH_2500                                0        0.000%                0        0.000%
RET_STALL_LENGTH_2600                                0        0.000%                0        0.000%
RET_STALL_LENGTH_2700                                0        0.000%                0        0.000%
RET_STALL_LENGTH_2800                                0        0.000%                0        0.000%
RET_STALL_LENGTH_2900                                0        0.000%                0        0.000%
RET_STALL_LENGTH_3000                                0        0.000%                0        0.000%
RET_STALL_LENGTH_3100                                0        0.000%                0        0.000%
RET_STALL_LENGTH_3200                                0        0.000%                0        0.000%
RET_STALL_LENGTH_3300                                0        0.000%                0        0.000%
RET_STALL_LENGTH_3400                                0        0.000%                0        0.000%
RET_STALL_LENGTH_3500                                0        0.000%                0        0.000%
RET_STALL_LENGTH_3600                                0        0.000%                0        0.000%
RET_STALL_LENGTH_3700                                0        0.000%                0        0.000%
RET_STALL_LENGTH_3800                                0        0.000%                0        0.000%
RET_STALL_LENGTH_3900                                0        0.000%                0        0.000%
RET_STALL_LENGTH_4000                                0        0.000%                0        0.000%
RET_STALL_LENGTH_4100                                0        0.000%                0        0.000%
RET_STALL_LENGTH_4200                                0        0.000%                0        0.000%
RET_STALL_LENGTH_4300                                0        0.000%                0        0.000%
RET_STALL_LENGTH_4400                                0        0.000%                0        0.000%
RET_STALL_LENGTH_4500                                0        0.000%                0        0.000%
RET_STALL_LENGTH_4600                                0        0.000%                0        0.000%
RET_STALL_LENGTH_4700                                0        0.000%                0        0.000%
RET_STALL_LENGTH_4800                                0        0.000%                0        0.000%
RET_STALL_LENGTH_4900                                0        0.000%                0        0.000%
RET_STALL_LENGTH_5000                                0        0.000%                0        0.000%
                                              13179745      100.000%         26361738      100.000%
                                                  0.00         0.02              0.00         0.03

MEM_BLOCK_LENGTH_0                                   0         -nan%                0         -nan%
MEM_BLOCK_LENGTH_100                                 0         -nan%                0         -nan%
MEM_BLOCK_LENGTH_200                                 0         -nan%                0         -nan%
MEM_BLOCK_LENGTH_300                                 0         -nan%                0         -nan%
MEM_BLOCK_LENGTH_400                                 0         -nan%                0         -nan%
MEM_BLOCK_LENGTH_500                                 0         -nan%                0         -nan%
MEM_BLOCK_LENGTH_600                                 0         -nan%                0         -nan%
MEM_BLOCK_LENGTH_700                                 0         -nan%                0         -nan%
MEM_BLOCK_LENGTH_800                                 0         -nan%                0         -nan%
MEM_BLOCK_LENGTH_900                                 0         -nan%                0         -nan%
MEM_BLOCK_LENGTH_1000                                0         -nan%                0         -nan%
MEM_BLOCK_LENGTH_1100                                0         -nan%                0         -nan%
MEM_BLOCK_LENGTH_1200                                0         -nan%                0         -nan%
MEM_BLOCK_LENGTH_1300                                0         -nan%                0         -nan%
MEM_BLOCK_LENGTH_1400                                0         -nan%                0         -nan%
MEM_BLOCK_LENGTH_1500                                0         -nan%                0         -nan%
MEM_BLOCK_LENGTH_1600                                0         -nan%                0         -nan%
MEM_BLOCK_LENGTH_1700                                0         -nan%                0         -nan%
MEM_BLOCK_LENGTH_1800                                0         -nan%                0         -nan%
MEM_BLOCK_LENGTH_1900                                0         -nan%                0         -nan%
MEM_BLOCK_LENGTH_2000                                0         -nan%                0         -nan%
MEM_BLOCK_LENGTH_2100                                0         -nan%                0         -nan%
MEM_BLOCK_LENGTH_2200                                0         -nan%                0         -nan%
MEM_BLOCK_LENGTH_2300                                0         -nan%                0         -nan%
MEM_BLOCK_LENGTH_2400                                0         -nan%                0         -nan%
MEM_BLOCK_LENGTH_2500                                0         -nan%                0         -nan%
MEM_BLOCK_LENGTH_2600                                0         -nan%                0         -nan%
MEM_BLOCK_LENGTH_2700                                0         -nan%                0         -nan%
MEM_BLOCK_LENGTH_2800                                0         -nan%                0         -nan%
MEM_BLOCK_LENGTH_2900                                0         -nan%                0         -nan%
MEM_BLOCK_LENGTH_3000                                0         -nan%                0         -nan%
MEM_BLOCK_LENGTH_3100                                0         -nan%                0         -nan%
MEM_BLOCK_LENGTH_3200                                0         -nan%                0         -nan%
MEM_BLOCK_LENGTH_3300                                0         -nan%                0         -nan%
MEM_BLOCK_LENGTH_3400                                0         -nan%                0         -nan%
MEM_BLOCK_LENGTH_3500                                0         -nan%                0         -nan%
MEM_BLOCK_LENGTH_3600                                0         -nan%                0         -nan%
MEM_BLOCK_LENGTH_3700                                0         -nan%                0         -nan%
MEM_BLOCK_LENGTH_3800                                0         -nan%                0         -nan%
MEM_BLOCK_LENGTH_3900                                0         -nan%                0         -nan%
MEM_BLOCK_LENGTH_4000                                0         -nan%                0         -nan%
MEM_BLOCK_LENGTH_4100                                0         -nan%                0         -nan%
MEM_BLOCK_LENGTH_4200                                0         -nan%                0         -nan%
MEM_BLOCK_LENGTH_4300                                0         -nan%                0         -nan%
MEM_BLOCK_LENGTH_4400                                0         -nan%                0         -nan%
MEM_BLOCK_LENGTH_4500                                0         -nan%                0         -nan%
MEM_BLOCK_LENGTH_4600                                0         -nan%                0         -nan%
MEM_BLOCK_LENGTH_4700                                0         -nan%                0         -nan%
MEM_BLOCK_LENGTH_4800                                0         -nan%                0         -nan%
MEM_BLOCK_LENGTH_4900                                0         -nan%                0         -nan%
MEM_BLOCK_LENGTH_5000                                0         -nan%                0         -nan%
                                                     0         -nan%                0         -nan%
                                                  -nan         -nan              -nan         -nan

FUS_BUSY_ON_PATH                              16023424        4.4613         32012685        4.2450

FUS_BUSY_OFF_PATH                               385627        0.1074           966652        0.1282

FU_BUSY_MEM_STALL                              2820608        0.7853          5615855        0.7447

FUS_EMPTY                                     19507189        5.4313         42432583        5.6268

CHIP_UTILIZATION                                     0        0.0000                0        0.0000

CYCLES_UNDER_MEM_REQ                                 0                              0              

CYCLES_UNDER_NO_MEM_REQ                              0                              0              

CYCLES_UNDER_CRITICAL_MEM_REQ                        0                              0              

CYCLES_UNDER_NONCRITICAL_MEM_REQ                     0                              0              

CHIP_UTILIZATION_UNDER_MEM_REQ                       0          -nan                0          -nan

CHIP_UTILIZATION_UNDER_NO_MEM_REQ                    0          -nan                0          -nan

CHIP_UTILIZATION_UNDER_CRITICAL_MEM_REQ              0          -nan                0          -nan

CHIP_UTILIZATION_UNDER_NONCRITICAL_MEM_REQ             0          -nan                0          -nan

CYCLES_NOT_WAITING_FOR_OFF_CHIP                      0        0.0000                0        0.0000

FUS_BUSY_NOT_WAITING_FOR_OFF_CHIP                    0          -nan                0          -nan

CYCLES_WAITING_FOR_OFF_CHIP                          0        0.0000                0        0.0000

FUS_BUSY_WAITING_FOR_OFF_CHIP                        0          -nan                0          -nan

TOTAL_OFF_CHIP_DELAYS_LEFT                           0                              0              

WRONG_IO_SCHED                                       0                              0              

DVFS_CONFIG_SWITCH                                   0                              0              

UOP_CACHE_ICACHE_SWITCH_ONPATH                       0         -nan%                0         -nan%
UOP_CACHE_ICACHE_SWITCH_OFFPATH                      0         -nan%                0         -nan%
                                                     0         -nan%                0         -nan%
                                                  -nan         -nan              -nan         -nan

MAP_STAGE_RECEIVED_OPS_0                             0        0.000%                0        0.000%
MAP_STAGE_RECEIVED_OPS_1                        160873        5.965%           321740        5.966%
MAP_STAGE_RECEIVED_OPS_2                        179242        6.646%           358512        6.648%
MAP_STAGE_RECEIVED_OPS_3                        224424        8.321%           448586        8.318%
MAP_STAGE_RECEIVED_OPS_4                        317916       11.788%           635148       11.778%
MAP_STAGE_RECEIVED_OPS_5                        209197        7.757%           418385        7.758%
MAP_STAGE_RECEIVED_OPS_6                       1605386       59.524%          3210406       59.532%
MAP_STAGE_RECEIVED_OPS_7                             0        0.000%                0        0.000%
MAP_STAGE_RECEIVED_OPS_8                             0        0.000%                0        0.000%
MAP_STAGE_RECEIVED_OPS_MAX                           0        0.000%                0        0.000%
                                               2697038      100.000%          5392777      100.000%
                                                  4.87         1.61              4.87         1.61

MAP_STAGE_WAIT_FOR_DECODE                            0         -nan%                0         -nan%
MAP_STAGE_CONSUME_DECODE                             0         -nan%                0         -nan%
                                                     0         -nan%                0         -nan%
                                                  -nan         -nan              -nan         -nan

MAP_STAGE_WAIT_FOR_DECODE2                           0         -nan%                0         -nan%
MAP_STAGE_CONSUME_DECODE2                            0         -nan%                0         -nan%
                                                     0         -nan%                0         -nan%
                                                  -nan         -nan              -nan         -nan

FTQ_RECOVER_EXEC                                  3316                           8951              

FTQ_RECOVER_DECODE                               17074                          35497              

FTQ_OFFPATH_CYCLES                             1080212                        2482707              

FTQ_CYCLES_OFFPATH                             1510128                        3354395              

FTQ_CYCLES_ONPATH                              2081496                        4186797              

FTQ_FETCHED_INS_OFFPATH                        8342512                       17955519              

FTQ_FETCHED_INS_ONPATH                        13158924                       26317290              

FTQ_BREAK_FULL_BLOCK_OFFPATH                   1214571       33.818%          2670614       35.415%
FTQ_BREAK_FULL_BLOCK_ONPATH                    1172130       32.637%          2342122       31.058%
FTQ_BREAK_MAX_BLOCKS_OFFPATH                    312409        8.699%           716542        9.502%
FTQ_BREAK_MAX_BLOCKS_ONPATH                     684571       19.061%          1384750       18.363%
FTQ_BREAK_PRED_BR_OFFPATH                            0        0.000%                0        0.000%
FTQ_BREAK_PRED_BR_ONPATH                             0        0.000%                0        0.000%
FTQ_BREAK_BAR_FETCH_OFFPATH                       3538        0.099%            11687        0.155%
FTQ_BREAK_BAR_FETCH_ONPATH                      204226        5.686%           415298        5.507%
                                               3591445      100.000%          7541013      100.000%
                                                  1.48         1.56              1.45         1.54



