/* -*- Mode: c -*- */
####################################################################################################
Core 0
####################################################################################################
Cumulative:        Cycles: 12534564              Instructions: 20000000              IPC: 1.59559

Periodic:          Cycles: 5684275               Instructions: 9999998               IPC: 1.75924

DCACHE_PREF_HIT                                      0                              0              

IFETCH_WB_FIRST_SCHEDULE                             0         -nan%                0         -nan%
PREFETCH_LAST_SCHEDULE                               0         -nan%                0         -nan%
DEMAND_PASS_PREF_SCHEDULE                            0         -nan%                0         -nan%
DEMAND_PASS_LOW_OP_SCHEDULE                          0         -nan%                0         -nan%
DEMAND_LAST_SCHEDULE                                 0         -nan%                0         -nan%
                                                     0         -nan%                0         -nan%
                                                  -nan         -nan              -nan         -nan

SEND_MISS_REQ_QUEUE                              24616                          85707              

L1_DATA_EVICT                                    24379                          53000              

STREAM_BUFFER_REQ                                    0                              0              

PREF_SEND_TO_MEM_REQ                                 0         -nan%                0         -nan%
PREF_SEND_TO_MEM_REQ_FAIL                            0         -nan%                0         -nan%
                                                     0         -nan%                0         -nan%
                                                  -nan         -nan              -nan         -nan

HIT_TRAIN_STREAM                                  5449       20.984%            12960       19.424%
MISS_TRAIN_STREAM                                20519       79.016%            53760       80.576%
                                                 25968      100.000%            66720      100.000%
                                                  0.79         0.73              0.81         0.74

STREAM_TRAIN_CREATE                              10006                          26932              

MEM_REQ_MISS_HWP_PREF_Q                              0         -nan%                0         -nan%
MEM_REQ_MISS_SW_PREF_Q                               0         -nan%                0         -nan%
MEM_REQ_MISS_IFETCH_Q                                0         -nan%                0         -nan%
MEM_REQ_MISS_DFETCH_Q                                0         -nan%                0         -nan%
MEM_REQ_MISS_DSTORE_Q                                0         -nan%                0         -nan%
MEM_REQ_MISS_DPRF_Q                                  0         -nan%                0         -nan%
MEM_REQ_MISS_WB_Q                                    0         -nan%                0         -nan%
                                                     0         -nan%                0         -nan%
                                                  -nan         -nan              -nan         -nan

PREF_HIT_BY_DEMAND_IFETCH                            0         -nan%                0         -nan%
PREF_HIT_BY_DEMAND_DFETCH                            0         -nan%                0         -nan%
PREF_HIT_BY_DEMAND_DSTORE                            0         -nan%                0         -nan%
PREF_HIT_BY_DEMAND_IPREF                             0         -nan%                0         -nan%
PREF_HIT_BY_DEMAND_DPRF                              0         -nan%                0         -nan%
PREF_HIT_BY_DEMAND_WB                                0         -nan%                0         -nan%
PREF_HIT_BY_PREF                                     0         -nan%                0         -nan%
                                                     0         -nan%                0         -nan%
                                                  -nan         -nan              -nan         -nan

PREF_HIT_DEMAND_IFETCH                               0         -nan%                0         -nan%
PREF_HIT_DEMAND_DFETCH                               0         -nan%                0         -nan%
PREF_HIT_DEMAND_DSTORE                               0         -nan%                0         -nan%
PREF_HIT_DEMAND_IPREF                                0         -nan%                0         -nan%
PREF_HIT_DEMAND_DPRF                                 0         -nan%                0         -nan%
PREF_HIT_DEMAND_WB                                   0         -nan%                0         -nan%
                                                     0         -nan%                0         -nan%
                                                  -nan         -nan              -nan         -nan

PREF_L1_FILL                                         0         -nan%                0         -nan%
DEMAND_L1_FILL                                       0         -nan%                0         -nan%
                                                     0         -nan%                0         -nan%
                                                  -nan         -nan              -nan         -nan

TOUCH_L1_REPLACE                                     0        0.000%                0        0.000%
NO_TOUCH_L1_REPLACE                              24379      100.000%            53000      100.000%
                                                 24379      100.000%            53000      100.000%
                                                  1.00         1.00              1.00         1.00

PREF_REQ_QUE_FULL                                    0                              0              

STREAM_REQ_QUEUE_HIT_BY_DEMAND                       0                              0              

L2HIT_STREAM_PREF_REQ_QUE_FULL                       0                              0              

L2HIT_HIT_TRAIN_STREAM                               0         -nan%                0         -nan%
L2HIT_MISS_TRAIN_STREAM                              0         -nan%                0         -nan%
                                                     0         -nan%                0         -nan%
                                                  -nan         -nan              -nan         -nan

L2HIT_STREAM_TRAIN_CREATE                            0                              0              

L2HIT_STREAM_BUFFER_REQ                              0                              0              

L2HIT_STREAM_PREF_DCACHE_HIT                         0         -nan%                0         -nan%
L2HIT_STREAM_PREF_DCACHE_INSERT                      0         -nan%                0         -nan%
L2HIT_STREAM_L2_MISS                                 0         -nan%                0         -nan%
                                                     0         -nan%                0         -nan%
                                                  -nan         -nan              -nan         -nan

L2HIT_STREAM_DCACHE_PORT_FULL                        0                              0              

L2HIT_STREAM_PREF_L1_PORT_FULL                       0                              0              

L2HIT_TRAIN_HIT_DEMAND                               0         -nan%                0         -nan%
L2HIT_TRAIN_MISS_REQ                                 0         -nan%                0         -nan%
                                                     0         -nan%                0         -nan%
                                                  -nan         -nan              -nan         -nan

L2HIT_TRAIN_FILTER_MISS                              0         -nan%                0         -nan%
L2HIT_TRAIN_FILTER_HIT                               0         -nan%                0         -nan%
                                                     0         -nan%                0         -nan%
                                                  -nan         -nan              -nan         -nan

L2HIT_PREF_REQ_DCACHE_HIT                            0         -nan%                0         -nan%
L2HIT_PREF_REQ_DCACHE_MISS                           0         -nan%                0         -nan%
                                                     0         -nan%                0         -nan%
                                                  -nan         -nan              -nan         -nan

L2HIT_L2SEND_Q_FULL                                  0         -nan%                0         -nan%
L2HIT_L2SEND_Q_ENTER                                 0         -nan%                0         -nan%
                                                     0         -nan%                0         -nan%
                                                  -nan         -nan              -nan         -nan

L2HIT_MEM_REQ                                        0                              0              

REMOVE_REDUNDANT_STREAM_STAT                         0                              0              

REPLACE_OLD_STREAM                               10006                          26916              

REQ_SEND_QUEUE_STALL                                 0                              0              

STREAM_ENTER_RA                                      0                              0              

CORE_STREAM_LENGTH_0                               407       45.833%              948       42.607%
CORE_STREAM_LENGTH_10                              298       33.559%              795       35.730%
CORE_STREAM_LENGTH_20                               52        5.856%              150        6.742%
CORE_STREAM_LENGTH_30                               34        3.829%               59        2.652%
CORE_STREAM_LENGTH_40                               41        4.617%              111        4.989%
CORE_STREAM_LENGTH_50                               18        2.027%               42        1.888%
CORE_STREAM_LENGTH_60                               21        2.365%               44        1.978%
CORE_STREAM_LENGTH_70                                6        0.676%               13        0.584%
CORE_STREAM_LENGTH_80                                7        0.788%               26        1.169%
CORE_STREAM_LENGTH_90                                1        0.113%               24        1.079%
CORE_STREAM_LENGTH_100_P                             3        0.338%               13        0.584%
                                                   888      100.000%             2225      100.000%
                                                  1.15         1.53              1.27         1.74

CORE_CUM_STREAM_LENGTH_0                          2845       18.967%             6832       16.869%
CORE_CUM_STREAM_LENGTH_10                         4099       27.327%            10820       26.715%
CORE_CUM_STREAM_LENGTH_20                         1204        8.027%             3464        8.553%
CORE_CUM_STREAM_LENGTH_30                         1165        7.767%             2010        4.963%
CORE_CUM_STREAM_LENGTH_40                         1890       12.600%             5190       12.814%
CORE_CUM_STREAM_LENGTH_50                          941        6.273%             2200        5.432%
CORE_CUM_STREAM_LENGTH_60                         1376        9.173%             2846        7.027%
CORE_CUM_STREAM_LENGTH_70                          441        2.940%              967        2.388%
CORE_CUM_STREAM_LENGTH_80                          585        3.900%             2177        5.375%
CORE_CUM_STREAM_LENGTH_90                           99        0.660%             2308        5.699%
CORE_CUM_STREAM_LENGTH_100_P                       355        2.367%             1687        4.165%
                                                 15000      100.000%            40501      100.000%
                                                  2.85         2.36              3.32         2.82

CORE_STREAM_TRAIN_HITS_0                           728       81.982%             1841       82.742%
CORE_STREAM_TRAIN_HITS_10                           46        5.180%              114        5.124%
CORE_STREAM_TRAIN_HITS_20                           23        2.590%               56        2.517%
CORE_STREAM_TRAIN_HITS_30                           64        7.207%              150        6.742%
CORE_STREAM_TRAIN_HITS_40                            3        0.338%                8        0.360%
CORE_STREAM_TRAIN_HITS_50                           11        1.239%               23        1.034%
CORE_STREAM_TRAIN_HITS_60                           10        1.126%               28        1.258%
CORE_STREAM_TRAIN_HITS_70                            0        0.000%                0        0.000%
CORE_STREAM_TRAIN_HITS_80                            0        0.000%                0        0.000%
CORE_STREAM_TRAIN_HITS_90                            0        0.000%                0        0.000%
CORE_STREAM_TRAIN_HITS_100_P                         3        0.338%                5        0.225%
                                                   888      100.000%             2225      100.000%
                                                  0.50         1.21              0.47         1.16

CORE_CUM_STREAM_TRAIN_HITS_0                      4021       44.663%            10060       46.020%
CORE_CUM_STREAM_TRAIN_HITS_10                      585        6.498%             1447        6.619%
CORE_CUM_STREAM_TRAIN_HITS_20                      584        6.487%             1375        6.290%
CORE_CUM_STREAM_TRAIN_HITS_30                     2100       23.326%             4941       22.603%
CORE_CUM_STREAM_TRAIN_HITS_40                      143        1.588%              374        1.711%
CORE_CUM_STREAM_TRAIN_HITS_50                      604        6.709%             1272        5.819%
CORE_CUM_STREAM_TRAIN_HITS_60                      662        7.353%             1825        8.349%
CORE_CUM_STREAM_TRAIN_HITS_70                        0        0.000%                0        0.000%
CORE_CUM_STREAM_TRAIN_HITS_80                        0        0.000%                0        0.000%
CORE_CUM_STREAM_TRAIN_HITS_90                        0        0.000%                0        0.000%
CORE_CUM_STREAM_TRAIN_HITS_100_P                   304        3.377%              566        2.589%
                                                  9003      100.000%            21860      100.000%
                                                  2.07         2.08              1.99         2.00

CORE_STREAM_TRAIN_CREATE                         10006                          26932              



