/* -*- Mode: c -*- */
####################################################################################################
Core 0
####################################################################################################
Cumulative:        Cycles: 9780015               Instructions: 20199151              IPC: 2.06535

Periodic:          Cycles: 4332057               Instructions: 10085999              IPC: 2.32822

ST_OP_INV                                            0        0.000%                0        0.000%
ST_OP_NOP                                       178448        1.125%           394017        1.213%
ST_OP_CF                                       2494196       15.726%          5154215       15.868%
ST_OP_MOV                                      1591058       10.032%          3401507       10.472%
ST_OP_CMOV                                       89628        0.565%           172954        0.532%
ST_OP_LDA                                       569025        3.588%          1177817        3.626%
ST_OP_IMEM                                     4897426       30.879%          9483497       29.195%
ST_OP_IADD                                     2303314       14.523%          4517344       13.907%
ST_OP_IMUL                                       14587        0.092%            29336        0.090%
ST_OP_IDIV                                         118        0.001%              128        0.000%
ST_OP_ICMP                                     1146026        7.226%          2327159        7.164%
ST_OP_LOGIC                                    1808459       11.403%          4057572       12.491%
ST_OP_SHIFT                                     571926        3.606%          1343840        4.137%
ST_OP_FMEM                                      195347        1.232%           422912        1.302%
ST_OP_FCVT                                           0        0.000%                0        0.000%
ST_OP_FADD                                           0        0.000%                0        0.000%
ST_OP_FMUL                                           0        0.000%                0        0.000%
ST_OP_FMA                                            0        0.000%                0        0.000%
ST_OP_FDIV                                           0        0.000%                0        0.000%
ST_OP_FCMP                                           0        0.000%                0        0.000%
ST_OP_FCMOV                                          0        0.000%                0        0.000%
ST_OP_GATHER                                         0        0.000%                0        0.000%
ST_OP_SCATTER                                        0        0.000%                0        0.000%
ST_OP_PIPELINED_FAST                                37        0.000%               40        0.000%
ST_OP_PIPELINED_MEDIUM                               0        0.000%                0        0.000%
ST_OP_PIPELINED_SLOW                                 0        0.000%                0        0.000%
ST_OP_NOTPIPELINED_MEDIUM                          329        0.002%              411        0.001%
ST_OP_NOTPIPELINED_SLOW                              0        0.000%                0        0.000%
ST_OP_NOTPIPELINED_VERY_SLOW                         0        0.000%                0        0.000%
                                              15859924      100.000%         32482749      100.000%
                                                  6.28         3.12              6.34         3.21

ST_NOT_CF                                     13365728       84.274%         27328534       84.132%
ST_CF_BR                                        256955        1.620%           568644        1.751%
ST_CF_CBR                                      1859054       11.722%          3839743       11.821%
ST_CF_CALL                                      157342        0.992%           309225        0.952%
ST_CF_IBR                                        25734        0.162%            67842        0.209%
ST_CF_ICALL                                      19808        0.125%            30857        0.095%
ST_CF_ICO                                            0        0.000%                0        0.000%
ST_CF_RET                                       175303        1.105%           337904        1.040%
ST_CF_SYS                                            0        0.000%                0        0.000%
                                              15859924      100.000%         32482749      100.000%
                                                  0.37         0.96              0.37         0.94

ST_BAR_NONE                                   15859924      100.000%         32482749      100.000%
ST_BAR_FETCH                                         0        0.000%                0        0.000%
ST_BAR_ISSUE                                         0        0.000%                0        0.000%
ST_BAR_BOTH                                          0        0.000%                0        0.000%
                                              15859924      100.000%         32482749      100.000%
                                                  0.00         0.00              0.00         0.00

ST_NOT_MEM                                    10767151       67.889%         22576340       69.503%
ST_MEM_LD                                      3512397       22.146%          6916154       21.292%
ST_MEM_ST                                      1580376        9.965%          2990255        9.206%
ST_MEM_PF                                            0        0.000%                0        0.000%
ST_MEM_WH                                            0        0.000%                0        0.000%
ST_MEM_EVICT                                         0        0.000%                0        0.000%
                                              15859924      100.000%         32482749      100.000%
                                                  0.42         0.57              0.40         0.56

ST_NOT_MEM_OFFPATH                             5628601       70.698%         13248665       71.864%
ST_MEM_LD_OFFPATH                              1686402       21.182%          3848439       20.875%
ST_MEM_ST_OFFPATH                               646471        8.120%          1338576        7.261%
ST_MEM_PF_OFFPATH                                    0        0.000%                0        0.000%
ST_MEM_WH_OFFPATH                                    0        0.000%                0        0.000%
ST_MEM_EVIC_OFFPATHT                                 0        0.000%                0        0.000%
                                               7961474      100.000%         18435680      100.000%
                                                  0.37         0.55              0.35         0.53

ST_OP_ONPATH                                  15859924                       32482749              

ST_OP_OFFPATH                                  7961474                       18435680              

ST_FAKE_OP_OFFPATH                              163563        2.054%           328937        1.784%
ST_NOT_FAKE_OP_OFFPATH                         7797911       97.946%         18106743       98.216%
                                               7961474      100.000%         18435680      100.000%
                                                  0.98         0.97              0.98         0.97

ST_FAKE_REASON_NOT_FAKE                        7797911       97.946%         18106743       98.216%
ST_FAKE_REASON_REDIRECT_TO_NOT_INSTRUMENTED        163563        2.054%           328937        1.784%
ST_FAKE_REASON_RETURN_TO_NOT_INSTRUMENTED             0        0.000%                0        0.000%
ST_FAKE_REASON_NONRET_CF_TO_NOT_INSTRUMENTED             0        0.000%                0        0.000%
ST_FAKE_REASON_NOT_TAKEN_TO_NOT_INSTRUMENTED             0        0.000%                0        0.000%
ST_FAKE_REASON_WRONG_PATH_STORE_TO_NEW_REGION             0        0.000%                0        0.000%
                                               7961474      100.000%         18435680      100.000%
                                                  0.02         0.14              0.02         0.13

ST_INST_ONPATH                                13017515                       26900334              

ST_INST_OFFPATH                                6770399                       15820824              

STATIC_PIN_NOP                                       0                              0              

DYNAMIC_PIN_REP_GREATER_256                          0                              0              

INST_MAP_UPDATE_JITTED                          460524       26.216%           982799       26.723%
INST_MAP_UPDATE_NPC_INV                              0        0.000%                0        0.000%
INST_MAP_UPDATE_NPC_NOP                              0        0.000%                0        0.000%
INST_MAP_UPDATE_NPC_CF                               0        0.000%                0        0.000%
INST_MAP_UPDATE_NPC_MOV                              0        0.000%                0        0.000%
INST_MAP_UPDATE_NPC_CMOV                             0        0.000%                0        0.000%
INST_MAP_UPDATE_NPC_LDA                              0        0.000%                0        0.000%
INST_MAP_UPDATE_NPC_IMEM                             0        0.000%                0        0.000%
INST_MAP_UPDATE_NPC_IADD                          6384        0.363%             8986        0.244%
INST_MAP_UPDATE_NPC_IMUL                             0        0.000%                0        0.000%
INST_MAP_UPDATE_NPC_IDIV                             0        0.000%                0        0.000%
INST_MAP_UPDATE_NPC_ICMP                             0        0.000%                0        0.000%
INST_MAP_UPDATE_NPC_LOGIC                            0        0.000%                0        0.000%
INST_MAP_UPDATE_NPC_SHIFT                            0        0.000%                0        0.000%
INST_MAP_UPDATE_NPC_FMEM                             0        0.000%                0        0.000%
INST_MAP_UPDATE_NPC_FCVT                             0        0.000%                0        0.000%
INST_MAP_UPDATE_NPC_FADD                             0        0.000%                0        0.000%
INST_MAP_UPDATE_NPC_FMUL                             0        0.000%                0        0.000%
INST_MAP_UPDATE_NPC_FMA                              0        0.000%                0        0.000%
INST_MAP_UPDATE_NPC_FDIV                             0        0.000%                0        0.000%
INST_MAP_UPDATE_NPC_FCMP                             0        0.000%                0        0.000%
INST_MAP_UPDATE_NPC_FCMOV                            0        0.000%                0        0.000%
INST_MAP_UPDATE_NPC_GATHER                           0        0.000%                0        0.000%
INST_MAP_UPDATE_NPC_SCATTER                          0        0.000%                0        0.000%
INST_MAP_UPDATE_NPC_PIPELINED_FAST                   0        0.000%                0        0.000%
INST_MAP_UPDATE_NPC_PIPELINED_MEDIUM                 0        0.000%                0        0.000%
INST_MAP_UPDATE_NPC_PIPELINED_SLOW                   0        0.000%                0        0.000%
INST_MAP_UPDATE_NPC_NOTPIPELINED_MEDIUM              0        0.000%                0        0.000%
INST_MAP_UPDATE_NPC_NOTPIPELINED_SLOW                0        0.000%                0        0.000%
INST_MAP_UPDATE_NPC_NOTPIPELINED_VERY_SLOW             0        0.000%                0        0.000%
INST_MAP_UPDATE_MEM_INV                              0        0.000%                0        0.000%
INST_MAP_UPDATE_MEM_NOP                              0        0.000%                0        0.000%
INST_MAP_UPDATE_MEM_CF                               0        0.000%                0        0.000%
INST_MAP_UPDATE_MEM_MOV                         943391       53.704%          1937441       52.680%
INST_MAP_UPDATE_MEM_CMOV                            11        0.001%               11        0.000%
INST_MAP_UPDATE_MEM_LDA                              0        0.000%                0        0.000%
INST_MAP_UPDATE_MEM_IMEM                             0        0.000%                0        0.000%
INST_MAP_UPDATE_MEM_IADD                         88896        5.061%           177683        4.831%
INST_MAP_UPDATE_MEM_IMUL                           515        0.029%             1188        0.032%
INST_MAP_UPDATE_MEM_IDIV                             0        0.000%                0        0.000%
INST_MAP_UPDATE_MEM_ICMP                         73074        4.160%           126916        3.451%
INST_MAP_UPDATE_MEM_LOGIC                       162841        9.270%           403674       10.976%
INST_MAP_UPDATE_MEM_SHIFT                            0        0.000%                0        0.000%
INST_MAP_UPDATE_MEM_FMEM                             0        0.000%                0        0.000%
INST_MAP_UPDATE_MEM_FCVT                             0        0.000%                0        0.000%
INST_MAP_UPDATE_MEM_FADD                             0        0.000%                0        0.000%
INST_MAP_UPDATE_MEM_FMUL                             0        0.000%                0        0.000%
INST_MAP_UPDATE_MEM_FMA                              0        0.000%                0        0.000%
INST_MAP_UPDATE_MEM_FDIV                             0        0.000%                0        0.000%
INST_MAP_UPDATE_MEM_FCMP                             0        0.000%                0        0.000%
INST_MAP_UPDATE_MEM_FCMOV                            0        0.000%                0        0.000%
INST_MAP_UPDATE_MEM_GATHER                           0        0.000%                0        0.000%
INST_MAP_UPDATE_MEM_SCATTER                          0        0.000%                0        0.000%
INST_MAP_UPDATE_MEM_PIPELINED_FAST               20999        1.195%            39074        1.062%
INST_MAP_UPDATE_MEM_PIPELINED_MEDIUM                 0        0.000%                0        0.000%
INST_MAP_UPDATE_MEM_PIPELINED_SLOW                   0        0.000%                0        0.000%
INST_MAP_UPDATE_MEM_NOTPIPELINED_MEDIUM              0        0.000%                0        0.000%
INST_MAP_UPDATE_MEM_NOTPIPELINED_SLOW                0        0.000%                0        0.000%
INST_MAP_UPDATE_MEM_NOTPIPELINED_VERY_SLOW             0        0.000%                0        0.000%
                                               1756635      100.000%          3677772      100.000%
                                                 25.73         8.66             25.65         8.74



