/* -*- Mode: c -*- */
####################################################################################################
Core 0
####################################################################################################
Cumulative:        Cycles: 9780015               Instructions: 20199151              IPC: 2.06535

Periodic:          Cycles: 4332057               Instructions: 10085999              IPC: 2.32822

DCACHE_PREF_HIT                                      0                              0              

IFETCH_WB_FIRST_SCHEDULE                             0         -nan%                0         -nan%
PREFETCH_LAST_SCHEDULE                               0         -nan%                0         -nan%
DEMAND_PASS_PREF_SCHEDULE                            0         -nan%                0         -nan%
DEMAND_PASS_LOW_OP_SCHEDULE                          0         -nan%                0         -nan%
DEMAND_LAST_SCHEDULE                                 0         -nan%                0         -nan%
                                                     0         -nan%                0         -nan%
                                                  -nan         -nan              -nan         -nan

SEND_MISS_REQ_QUEUE                               9677                          41699              

L1_DATA_EVICT                                     7136                           9665              

STREAM_BUFFER_REQ                                    0                              0              

PREF_SEND_TO_MEM_REQ                                 0         -nan%                0         -nan%
PREF_SEND_TO_MEM_REQ_FAIL                            0         -nan%                0         -nan%
                                                     0         -nan%                0         -nan%
                                                  -nan         -nan              -nan         -nan

HIT_TRAIN_STREAM                                  2572       32.798%            11541       35.823%
MISS_TRAIN_STREAM                                 5270       67.202%            20676       64.177%
                                                  7842      100.000%            32217      100.000%
                                                  0.67         0.61              0.64         0.59

STREAM_TRAIN_CREATE                               2576                          10788              

MEM_REQ_MISS_HWP_PREF_Q                              0         -nan%                0         -nan%
MEM_REQ_MISS_SW_PREF_Q                               0         -nan%                0         -nan%
MEM_REQ_MISS_IFETCH_Q                                0         -nan%                0         -nan%
MEM_REQ_MISS_DFETCH_Q                                0         -nan%                0         -nan%
MEM_REQ_MISS_DSTORE_Q                                0         -nan%                0         -nan%
MEM_REQ_MISS_DPRF_Q                                  0         -nan%                0         -nan%
MEM_REQ_MISS_WB_Q                                    0         -nan%                0         -nan%
                                                     0         -nan%                0         -nan%
                                                  -nan         -nan              -nan         -nan

PREF_HIT_BY_DEMAND_IFETCH                            0         -nan%                0         -nan%
PREF_HIT_BY_DEMAND_DFETCH                            0         -nan%                0         -nan%
PREF_HIT_BY_DEMAND_DSTORE                            0         -nan%                0         -nan%
PREF_HIT_BY_DEMAND_IPREF                             0         -nan%                0         -nan%
PREF_HIT_BY_DEMAND_DPRF                              0         -nan%                0         -nan%
PREF_HIT_BY_DEMAND_WB                                0         -nan%                0         -nan%
PREF_HIT_BY_PREF                                     0         -nan%                0         -nan%
                                                     0         -nan%                0         -nan%
                                                  -nan         -nan              -nan         -nan

PREF_HIT_DEMAND_IFETCH                               0         -nan%                0         -nan%
PREF_HIT_DEMAND_DFETCH                               0         -nan%                0         -nan%
PREF_HIT_DEMAND_DSTORE                               0         -nan%                0         -nan%
PREF_HIT_DEMAND_IPREF                                0         -nan%                0         -nan%
PREF_HIT_DEMAND_DPRF                                 0         -nan%                0         -nan%
PREF_HIT_DEMAND_WB                                   0         -nan%                0         -nan%
                                                     0         -nan%                0         -nan%
                                                  -nan         -nan              -nan         -nan

PREF_L1_FILL                                         0         -nan%                0         -nan%
DEMAND_L1_FILL                                       0         -nan%                0         -nan%
                                                     0         -nan%                0         -nan%
                                                  -nan         -nan              -nan         -nan

TOUCH_L1_REPLACE                                     0        0.000%                0        0.000%
NO_TOUCH_L1_REPLACE                               7136      100.000%             9665      100.000%
                                                  7136      100.000%             9665      100.000%
                                                  1.00         1.00              1.00         1.00

PREF_REQ_QUE_FULL                                    0                              0              

STREAM_REQ_QUEUE_HIT_BY_DEMAND                       0                              0              

L2HIT_STREAM_PREF_REQ_QUE_FULL                       0                              0              

L2HIT_HIT_TRAIN_STREAM                               0         -nan%                0         -nan%
L2HIT_MISS_TRAIN_STREAM                              0         -nan%                0         -nan%
                                                     0         -nan%                0         -nan%
                                                  -nan         -nan              -nan         -nan

L2HIT_STREAM_TRAIN_CREATE                            0                              0              

L2HIT_STREAM_BUFFER_REQ                              0                              0              

L2HIT_STREAM_PREF_DCACHE_HIT                         0         -nan%                0         -nan%
L2HIT_STREAM_PREF_DCACHE_INSERT                      0         -nan%                0         -nan%
L2HIT_STREAM_L2_MISS                                 0         -nan%                0         -nan%
                                                     0         -nan%                0         -nan%
                                                  -nan         -nan              -nan         -nan

L2HIT_STREAM_DCACHE_PORT_FULL                        0                              0              

L2HIT_STREAM_PREF_L1_PORT_FULL                       0                              0              

L2HIT_TRAIN_HIT_DEMAND                               0         -nan%                0         -nan%
L2HIT_TRAIN_MISS_REQ                                 0         -nan%                0         -nan%
                                                     0         -nan%                0         -nan%
                                                  -nan         -nan              -nan         -nan

L2HIT_TRAIN_FILTER_MISS                              0         -nan%                0         -nan%
L2HIT_TRAIN_FILTER_HIT                               0         -nan%                0         -nan%
                                                     0         -nan%                0         -nan%
                                                  -nan         -nan              -nan         -nan

L2HIT_PREF_REQ_DCACHE_HIT                            0         -nan%                0         -nan%
L2HIT_PREF_REQ_DCACHE_MISS                           0         -nan%                0         -nan%
                                                     0         -nan%                0         -nan%
                                                  -nan         -nan              -nan         -nan

L2HIT_L2SEND_Q_FULL                                  0         -nan%                0         -nan%
L2HIT_L2SEND_Q_ENTER                                 0         -nan%                0         -nan%
                                                     0         -nan%                0         -nan%
                                                  -nan         -nan              -nan         -nan

L2HIT_MEM_REQ                                        0                              0              

REMOVE_REDUNDANT_STREAM_STAT                         0                              0              

REPLACE_OLD_STREAM                                2576                          10772              

REQ_SEND_QUEUE_STALL                                 0                              0              

STREAM_ENTER_RA                                      0                              0              

CORE_STREAM_LENGTH_0                                42       11.290%              244       20.696%
CORE_STREAM_LENGTH_10                              171       45.968%              446       37.829%
CORE_STREAM_LENGTH_20                               87       23.387%              206       17.472%
CORE_STREAM_LENGTH_30                               27        7.258%               94        7.973%
CORE_STREAM_LENGTH_40                               22        5.914%               54        4.580%
CORE_STREAM_LENGTH_50                                4        1.075%               27        2.290%
CORE_STREAM_LENGTH_60                                6        1.613%               26        2.205%
CORE_STREAM_LENGTH_70                                2        0.538%               24        2.036%
CORE_STREAM_LENGTH_80                                3        0.806%               12        1.018%
CORE_STREAM_LENGTH_90                                0        0.000%                3        0.254%
CORE_STREAM_LENGTH_100_P                             8        2.151%               43        3.647%
                                                   372      100.000%             1179      100.000%
                                                  1.85         1.75              2.01         2.16

CORE_CUM_STREAM_LENGTH_0                           320        3.562%             1785        5.695%
CORE_CUM_STREAM_LENGTH_10                         2514       27.986%             6486       20.694%
CORE_CUM_STREAM_LENGTH_20                         2017       22.454%             4806       15.334%
CORE_CUM_STREAM_LENGTH_30                          878        9.774%             3111        9.926%
CORE_CUM_STREAM_LENGTH_40                          978       10.887%             2378        7.587%
CORE_CUM_STREAM_LENGTH_50                          208        2.315%             1454        4.639%
CORE_CUM_STREAM_LENGTH_60                          375        4.175%             1663        5.306%
CORE_CUM_STREAM_LENGTH_70                          148        1.648%             1805        5.759%
CORE_CUM_STREAM_LENGTH_80                          257        2.861%             1013        3.232%
CORE_CUM_STREAM_LENGTH_90                            0        0.000%              282        0.900%
CORE_CUM_STREAM_LENGTH_100_P                      1288       14.338%             6559       20.927%
                                                  8983      100.000%            31342      100.000%
                                                  3.60         3.36              4.50         3.92

CORE_STREAM_TRAIN_HITS_0                           264       70.968%              781       66.243%
CORE_STREAM_TRAIN_HITS_10                           72       19.355%              213       18.066%
CORE_STREAM_TRAIN_HITS_20                           19        5.108%               65        5.513%
CORE_STREAM_TRAIN_HITS_30                            9        2.419%               46        3.902%
CORE_STREAM_TRAIN_HITS_40                            5        1.344%               26        2.205%
CORE_STREAM_TRAIN_HITS_50                            0        0.000%                7        0.594%
CORE_STREAM_TRAIN_HITS_60                            0        0.000%               10        0.848%
CORE_STREAM_TRAIN_HITS_70                            1        0.269%                7        0.594%
CORE_STREAM_TRAIN_HITS_80                            0        0.000%                5        0.424%
CORE_STREAM_TRAIN_HITS_90                            0        0.000%                7        0.594%
CORE_STREAM_TRAIN_HITS_100_P                         2        0.538%               12        1.018%
                                                   372      100.000%             1179      100.000%
                                                  0.49         1.04              0.81         1.60

CORE_CUM_STREAM_TRAIN_HITS_0                      1620       39.667%             4685       28.818%
CORE_CUM_STREAM_TRAIN_HITS_10                      912       22.331%             2900       17.838%
CORE_CUM_STREAM_TRAIN_HITS_20                      493       12.071%             1591        9.787%
CORE_CUM_STREAM_TRAIN_HITS_30                      293        7.174%             1556        9.571%
CORE_CUM_STREAM_TRAIN_HITS_40                      219        5.362%             1154        7.098%
CORE_CUM_STREAM_TRAIN_HITS_50                        0        0.000%              369        2.270%
CORE_CUM_STREAM_TRAIN_HITS_60                        0        0.000%              628        3.863%
CORE_CUM_STREAM_TRAIN_HITS_70                       71        1.738%              512        3.149%
CORE_CUM_STREAM_TRAIN_HITS_80                        0        0.000%              425        2.614%
CORE_CUM_STREAM_TRAIN_HITS_90                        0        0.000%              666        4.097%
CORE_CUM_STREAM_TRAIN_HITS_100_P                   476       11.655%             1771       10.894%
                                                  4084      100.000%            16257      100.000%
                                                  2.18         2.94              3.18         3.17

CORE_STREAM_TRAIN_CREATE                          2576                          10788              



