/* -*- Mode: c -*- */
####################################################################################################
Core 0
####################################################################################################
Cumulative:        Cycles: 8252038               Instructions: 20000000              IPC: 2.42364

Periodic:          Cycles: 4292588               Instructions: 9999996               IPC: 2.32960

EXECUTION_TIME                           1341433750000                  2578761875000              

NODE_CYCLE                                     4292588                        8252038              

NODE_INST_COUNT                                9999996                       20000000              

NODE_INST_COUNT_FETCHED                        9999996                       20000000              

NODE_UOP_COUNT                                12615389                       25317333              

FULL_WINDOW_STALL                              1621295       37.770%          2813920       34.100%

FULL_WINDOW_MEM_OP                             1463430       99.934%          2545460       99.897%
FULL_WINDOW_FP_OP                                    0        0.000%                0        0.000%
FULL_WINDOW_OTHER_OP                               973        0.066%             2629        0.103%
                                               1464403      100.000%          2548089      100.000%
                                                  0.00         0.05              0.00         0.06

RET_BLOCKED_DC_MISS                            1456942       33.941%          2557442       30.992%

RET_BLOCKED_L1_MISS                             543551       12.663%          1212020       14.688%

RET_BLOCKED_L1_MISS_BW_PREF                        665        0.015%             8859        0.107%

RET_BLOCKED_L1_ACCESS                           914833       21.312%          1350162       16.362%

RET_BLOCKED_MEM_STALL                           543551       12.663%          1212020       14.688%

RET_BLOCKED_OFFCHIP_DEMAND                           0        0.000%                0        0.000%

OP_ISSUED                                     13332010                       27074348              

OP_RETIRED                                    12615389                       25317333              

REPLAY_SIGNALED                                      0                              0              

REPLAY_COUNTED                                       0                              0              

OFF_CRITICAL_PATH                                    0         -nan%                0         -nan%
ON_CRITICAL_PATH                                     0         -nan%                0         -nan%
                                                     0         -nan%                0         -nan%
                                                  -nan         -nan              -nan         -nan

LD_NO_DEPENDENTS                                373894       11.526%           782694       12.352%
LD_DEPENDENTS                                  2870069       88.474%          5553901       87.648%
                                               3243963      100.000%          6336595      100.000%
                                                  0.88         0.84              0.88         0.83

LD_EXEC_CYCLES_0                                     0        0.000%                0        0.000%
LD_EXEC_CYCLES_1                                     0        0.000%                0        0.000%
LD_EXEC_CYCLES_2                                     0        0.000%                0        0.000%
LD_EXEC_CYCLES_3                                   713       30.627%              747       30.766%
LD_EXEC_CYCLES_4                                  1615       69.373%             1681       69.234%
                                                  2328      100.000%             2428      100.000%
                                                  3.69         3.11              3.69         3.11

ICACHE_STAGE_STARVED                             13499        0.540%            23493        0.468%
ICACHE_STAGE_NOT_STARVED                       2486500       99.460%          5000479       99.532%
                                               2499999      100.000%          5023972      100.000%
                                                  0.99         0.99              1.00         0.99

ICACHE_STAGE_STALLED                           1338147       31.173%          2254885       27.325%
ICACHE_STAGE_NOT_STALLED                       2499999       58.240%          5023972       60.882%
ICACHE_STAGE_OFF_PATH                           454442       10.587%           973181       11.793%
                                               4292588      100.000%          8252038      100.000%
                                                  0.79         0.50              0.84         0.51

DECODE_STAGE_STARVED                            636543       16.245%          1616941       21.615%
DECODE_STAGE_NOT_STARVED                       3281818       83.755%          5863849       78.385%
                                               3918361      100.000%          7480790      100.000%
                                                  0.84         0.78              0.78         0.72

DECODE_STAGE_STALLED                           1339584       31.207%          2257580       27.358%
DECODE_STAGE_NOT_STALLED                       2578777       60.075%          5223210       63.296%
DECODE_STAGE_OFF_PATH                           374227        8.718%           771248        9.346%
                                               4292588      100.000%          8252038      100.000%
                                                  0.78         0.46              0.82         0.46

UOPQ_STAGE_STARVED                              636655       14.831%          1617115       19.597%
UOPQ_STAGE_NOT_STARVED                         3655933       85.169%          6634923       80.403%
                                               4292588      100.000%          8252038      100.000%
                                                  0.85         0.80              0.80         0.74

UOPQ_STAGE_STALLED                                   0        0.000%                0        0.000%
UOPQ_STAGE_NOT_STALLED                         4292588      100.000%          8252038      100.000%
UOPQ_STAGE_OFF_PATH                                  0        0.000%                0        0.000%
                                               4292588      100.000%          8252038      100.000%
                                                  1.00         0.00              1.00         0.00

MAP_STAGE_STARVED                                27287        0.703%            55571        0.753%
MAP_STAGE_NOT_STARVED                          3851534       99.297%          7327883       99.247%
                                               3878821      100.000%          7383454      100.000%
                                                  0.99         0.99              0.99         0.99

MAP_STAGE_STALLED                              1366083       31.824%          2327800       28.209%
MAP_STAGE_NOT_STALLED                          2512738       58.537%          5055654       61.266%
MAP_STAGE_OFF_PATH                              413767        9.639%           868584       10.526%
                                               4292588      100.000%          8252038      100.000%
                                                  0.78         0.48              0.82         0.49

EXEC_STAGE_STARVED                             1357061       31.614%          2830621       34.302%
EXEC_STAGE_NOT_STARVED                         2585116       60.223%          4700260       56.959%
EXEC_STAGE_OFF_PATH                             350411        8.163%           721157        8.739%
                                               4292588      100.000%          8252038      100.000%
                                                  0.77         0.45              0.74         0.47

FU_BUSY_0                                      3155225                        6363202              

FU_BUSY_1                                      2096524                        4172389              

FU_BUSY_2                                      1009755                        2002816              

FU_BUSY_3                                       456683                         914763              

FU_BUSY_4                                      1565460                        3263168              

FU_BUSY_5                                       297911                         625460              

FU_BUSY_6                                      2739169                        5653994              

FU_BUSY_7                                      2011762                        4136055              

FU_BUSY_8                                      1406161                        2889260              

FU_BUSY_9                                       967582                        2019147              

FU_BUSY_10                                           0                              0              

FU_BUSY_11                                           0                              0              

FU_BUSY_12                                           0                              0              

FU_BUSY_13                                           0                              0              

FU_BUSY_14                                           0                              0              

FU_BUSY_15                                           0                              0              

FU_BUSY_16                                           0                              0              

FU_BUSY_17                                           0                              0              

FU_BUSY_18                                           0                              0              

FU_BUSY_19                                           0                              0              

FU_BUSY_20                                           0                              0              

FU_BUSY_21                                           0                              0              

FU_BUSY_22                                           0                              0              

FU_BUSY_23                                           0                              0              

FU_BUSY_24                                           0                              0              

FU_BUSY_25                                           0                              0              

FU_BUSY_26                                           0                              0              

FU_BUSY_27                                           0                              0              

FU_BUSY_28                                           0                              0              

FU_BUSY_29                                           0                              0              

FU_BUSY_30                                           0                              0              

FU_BUSY_31                                           0                              0              

OP_WAIT_0                                      8497421                       17208615              

OP_WAIT_1                                      1976346                        3998143              

OP_WAIT_2                                       631059                        1240365              

OP_WAIT_3                                       236518                         460369              

OP_WAIT_4                                       151389                         286417              

OP_WAIT_5                                       111629                         222046              

OP_WAIT_6                                        96804                         189259              

OP_WAIT_7                                        85033                         173607              

OP_WAIT_8                                        76227                         141976              

OP_WAIT_9                                        54295                         112804              

OP_WAIT_10                                       55686                         110335              

OP_WAIT_11                                       39111                          84302              

OP_WAIT_12                                       29795                          67092              

OP_WAIT_13                                       29825                          59871              

OP_WAIT_14                                       18094                          40164              

OP_WAIT_15                                       15822                          34524              

OP_WAIT_16                                       10683                          23878              

OP_WAIT_17                                       15362                          29785              

OP_WAIT_18                                       13418                          29188              

OP_WAIT_19                                       12701                          22099              

OP_WAIT_20                                       15314                          28389              

OP_WAIT_21                                       16605                          28446              

OP_WAIT_22                                       15197                          26675              

OP_WAIT_23                                       16618                          30145              

OP_WAIT_24                                       22449                          38692              

OP_WAIT_25                                       21653                          40394              

OP_WAIT_26                                       23122                          44597              

OP_WAIT_27                                       22047                          40288              

OP_WAIT_28                                       17013                          32464              

OP_WAIT_29                                       17765                          35222              

OP_WAIT_30                                       19064                          39430              

OP_WAIT_31                                      251324                         397752              

ROW_SIZE_0                                     1887863                        3423575              

ROW_SIZE_1                                      169566                         313271              

ROW_SIZE_2                                      117509                         259172              

ROW_SIZE_3                                       83911                         176207              

ROW_SIZE_4                                       64764                         144869              

ROW_SIZE_5                                       20762                          48161              

ROW_SIZE_6                                     1932701                        3856136              

ROW_SIZE_7                                           0                              0              

ROW_SIZE_8                                           0                              0              

ROW_SIZE_9                                           0                              0              

ROW_SIZE_10                                          0                              0              

ROW_SIZE_11                                          0                              0              

ROW_SIZE_12                                          0                              0              

ROW_SIZE_13                                          0                              0              

ROW_SIZE_14                                          0                              0              

ROW_SIZE_15                                          0                              0              

ROW_SIZE_16                                          0                              0              

ROW_SIZE_17                                          0                              0              

ROW_SIZE_18                                          0                              0              

ROW_SIZE_19                                          0                              0              

ROW_SIZE_20                                          0                              0              

ROW_SIZE_21                                          0                              0              

ROW_SIZE_22                                          0                              0              

ROW_SIZE_23                                          0                              0              

ROW_SIZE_24                                          0                              0              

ROW_SIZE_25                                          0                              0              

ROW_SIZE_26                                          0                              0              

ROW_SIZE_27                                          0                              0              

ROW_SIZE_28                                          0                              0              

ROW_SIZE_29                                          0                              0              

ROW_SIZE_30                                          0                              0              

ROW_SIZE_31                                          0                              0              

RET_OP_EXEC_COUNT_0                                  0        0.000%                0        0.000%
RET_OP_EXEC_COUNT_1                           12615389      100.000%         25317333      100.000%
RET_OP_EXEC_COUNT_2                                  0        0.000%                0        0.000%
RET_OP_EXEC_COUNT_3                                  0        0.000%                0        0.000%
RET_OP_EXEC_COUNT_4                                  0        0.000%                0        0.000%
RET_OP_EXEC_COUNT_5                                  0        0.000%                0        0.000%
RET_OP_EXEC_COUNT_6                                  0        0.000%                0        0.000%
RET_OP_EXEC_COUNT_7                                  0        0.000%                0        0.000%
RET_OP_EXEC_COUNT_8                                  0        0.000%                0        0.000%
RET_OP_EXEC_COUNT_9                                  0        0.000%                0        0.000%
RET_OP_EXEC_COUNT_10                                 0        0.000%                0        0.000%
RET_OP_EXEC_COUNT_11                                 0        0.000%                0        0.000%
RET_OP_EXEC_COUNT_12                                 0        0.000%                0        0.000%
RET_OP_EXEC_COUNT_13                                 0        0.000%                0        0.000%
RET_OP_EXEC_COUNT_14                                 0        0.000%                0        0.000%
RET_OP_EXEC_COUNT_15                                 0        0.000%                0        0.000%
RET_OP_EXEC_COUNT_16                                 0        0.000%                0        0.000%
RET_OP_EXEC_COUNT_17                                 0        0.000%                0        0.000%
RET_OP_EXEC_COUNT_18                                 0        0.000%                0        0.000%
RET_OP_EXEC_COUNT_19                                 0        0.000%                0        0.000%
RET_OP_EXEC_COUNT_20                                 0        0.000%                0        0.000%
RET_OP_EXEC_COUNT_21                                 0        0.000%                0        0.000%
RET_OP_EXEC_COUNT_22                                 0        0.000%                0        0.000%
RET_OP_EXEC_COUNT_23                                 0        0.000%                0        0.000%
RET_OP_EXEC_COUNT_24                                 0        0.000%                0        0.000%
RET_OP_EXEC_COUNT_25                                 0        0.000%                0        0.000%
RET_OP_EXEC_COUNT_26                                 0        0.000%                0        0.000%
RET_OP_EXEC_COUNT_27                                 0        0.000%                0        0.000%
RET_OP_EXEC_COUNT_28                                 0        0.000%                0        0.000%
RET_OP_EXEC_COUNT_29                                 0        0.000%                0        0.000%
RET_OP_EXEC_COUNT_30                                 0        0.000%                0        0.000%
RET_OP_EXEC_COUNT_31                                 0        0.000%                0        0.000%
RET_OP_EXEC_COUNT_32                                 0        0.000%                0        0.000%
                                              12615389      100.000%         25317333      100.000%
                                                  1.00         0.00              1.00         0.00

RET_STALL_LENGTH_0                            12612737       99.979%         25310492       99.973%
RET_STALL_LENGTH_100                              2017        0.016%             5729        0.023%
RET_STALL_LENGTH_200                               220        0.002%              481        0.002%
RET_STALL_LENGTH_300                               125        0.001%              190        0.001%
RET_STALL_LENGTH_400                               130        0.001%              178        0.001%
RET_STALL_LENGTH_500                                62        0.000%               80        0.000%
RET_STALL_LENGTH_600                                35        0.000%               44        0.000%
RET_STALL_LENGTH_700                                 9        0.000%               13        0.000%
RET_STALL_LENGTH_800                                 6        0.000%               11        0.000%
RET_STALL_LENGTH_900                                 2        0.000%               17        0.000%
RET_STALL_LENGTH_1000                                3        0.000%                8        0.000%
RET_STALL_LENGTH_1100                               12        0.000%               27        0.000%
RET_STALL_LENGTH_1200                               13        0.000%               34        0.000%
RET_STALL_LENGTH_1300                                3        0.000%               12        0.000%
RET_STALL_LENGTH_1400                                3        0.000%                3        0.000%
RET_STALL_LENGTH_1500                                3        0.000%                5        0.000%
RET_STALL_LENGTH_1600                                3        0.000%                3        0.000%
RET_STALL_LENGTH_1700                                3        0.000%                3        0.000%
RET_STALL_LENGTH_1800                                1        0.000%                1        0.000%
RET_STALL_LENGTH_1900                                0        0.000%                0        0.000%
RET_STALL_LENGTH_2000                                1        0.000%                1        0.000%
RET_STALL_LENGTH_2100                                0        0.000%                0        0.000%
RET_STALL_LENGTH_2200                                1        0.000%                1        0.000%
RET_STALL_LENGTH_2300                                0        0.000%                0        0.000%
RET_STALL_LENGTH_2400                                0        0.000%                0        0.000%
RET_STALL_LENGTH_2500                                0        0.000%                0        0.000%
RET_STALL_LENGTH_2600                                0        0.000%                0        0.000%
RET_STALL_LENGTH_2700                                0        0.000%                0        0.000%
RET_STALL_LENGTH_2800                                0        0.000%                0        0.000%
RET_STALL_LENGTH_2900                                0        0.000%                0        0.000%
RET_STALL_LENGTH_3000                                0        0.000%                0        0.000%
RET_STALL_LENGTH_3100                                0        0.000%                0        0.000%
RET_STALL_LENGTH_3200                                0        0.000%                0        0.000%
RET_STALL_LENGTH_3300                                0        0.000%                0        0.000%
RET_STALL_LENGTH_3400                                0        0.000%                0        0.000%
RET_STALL_LENGTH_3500                                0        0.000%                0        0.000%
RET_STALL_LENGTH_3600                                0        0.000%                0        0.000%
RET_STALL_LENGTH_3700                                0        0.000%                0        0.000%
RET_STALL_LENGTH_3800                                0        0.000%                0        0.000%
RET_STALL_LENGTH_3900                                0        0.000%                0        0.000%
RET_STALL_LENGTH_4000                                0        0.000%                0        0.000%
RET_STALL_LENGTH_4100                                0        0.000%                0        0.000%
RET_STALL_LENGTH_4200                                0        0.000%                0        0.000%
RET_STALL_LENGTH_4300                                0        0.000%                0        0.000%
RET_STALL_LENGTH_4400                                0        0.000%                0        0.000%
RET_STALL_LENGTH_4500                                0        0.000%                0        0.000%
RET_STALL_LENGTH_4600                                0        0.000%                0        0.000%
RET_STALL_LENGTH_4700                                0        0.000%                0        0.000%
RET_STALL_LENGTH_4800                                0        0.000%                0        0.000%
RET_STALL_LENGTH_4900                                0        0.000%                0        0.000%
RET_STALL_LENGTH_5000                                0        0.000%                0        0.000%
                                              12615389      100.000%         25317333      100.000%
                                                  0.00         0.04              0.00         0.04

MEM_BLOCK_LENGTH_0                                   4      100.000%                4      100.000%
MEM_BLOCK_LENGTH_100                                 0        0.000%                0        0.000%
MEM_BLOCK_LENGTH_200                                 0        0.000%                0        0.000%
MEM_BLOCK_LENGTH_300                                 0        0.000%                0        0.000%
MEM_BLOCK_LENGTH_400                                 0        0.000%                0        0.000%
MEM_BLOCK_LENGTH_500                                 0        0.000%                0        0.000%
MEM_BLOCK_LENGTH_600                                 0        0.000%                0        0.000%
MEM_BLOCK_LENGTH_700                                 0        0.000%                0        0.000%
MEM_BLOCK_LENGTH_800                                 0        0.000%                0        0.000%
MEM_BLOCK_LENGTH_900                                 0        0.000%                0        0.000%
MEM_BLOCK_LENGTH_1000                                0        0.000%                0        0.000%
MEM_BLOCK_LENGTH_1100                                0        0.000%                0        0.000%
MEM_BLOCK_LENGTH_1200                                0        0.000%                0        0.000%
MEM_BLOCK_LENGTH_1300                                0        0.000%                0        0.000%
MEM_BLOCK_LENGTH_1400                                0        0.000%                0        0.000%
MEM_BLOCK_LENGTH_1500                                0        0.000%                0        0.000%
MEM_BLOCK_LENGTH_1600                                0        0.000%                0        0.000%
MEM_BLOCK_LENGTH_1700                                0        0.000%                0        0.000%
MEM_BLOCK_LENGTH_1800                                0        0.000%                0        0.000%
MEM_BLOCK_LENGTH_1900                                0        0.000%                0        0.000%
MEM_BLOCK_LENGTH_2000                                0        0.000%                0        0.000%
MEM_BLOCK_LENGTH_2100                                0        0.000%                0        0.000%
MEM_BLOCK_LENGTH_2200                                0        0.000%                0        0.000%
MEM_BLOCK_LENGTH_2300                                0        0.000%                0        0.000%
MEM_BLOCK_LENGTH_2400                                0        0.000%                0        0.000%
MEM_BLOCK_LENGTH_2500                                0        0.000%                0        0.000%
MEM_BLOCK_LENGTH_2600                                0        0.000%                0        0.000%
MEM_BLOCK_LENGTH_2700                                0        0.000%                0        0.000%
MEM_BLOCK_LENGTH_2800                                0        0.000%                0        0.000%
MEM_BLOCK_LENGTH_2900                                0        0.000%                0        0.000%
MEM_BLOCK_LENGTH_3000                                0        0.000%                0        0.000%
MEM_BLOCK_LENGTH_3100                                0        0.000%                0        0.000%
MEM_BLOCK_LENGTH_3200                                0        0.000%                0        0.000%
MEM_BLOCK_LENGTH_3300                                0        0.000%                0        0.000%
MEM_BLOCK_LENGTH_3400                                0        0.000%                0        0.000%
MEM_BLOCK_LENGTH_3500                                0        0.000%                0        0.000%
MEM_BLOCK_LENGTH_3600                                0        0.000%                0        0.000%
MEM_BLOCK_LENGTH_3700                                0        0.000%                0        0.000%
MEM_BLOCK_LENGTH_3800                                0        0.000%                0        0.000%
MEM_BLOCK_LENGTH_3900                                0        0.000%                0        0.000%
MEM_BLOCK_LENGTH_4000                                0        0.000%                0        0.000%
MEM_BLOCK_LENGTH_4100                                0        0.000%                0        0.000%
MEM_BLOCK_LENGTH_4200                                0        0.000%                0        0.000%
MEM_BLOCK_LENGTH_4300                                0        0.000%                0        0.000%
MEM_BLOCK_LENGTH_4400                                0        0.000%                0        0.000%
MEM_BLOCK_LENGTH_4500                                0        0.000%                0        0.000%
MEM_BLOCK_LENGTH_4600                                0        0.000%                0        0.000%
MEM_BLOCK_LENGTH_4700                                0        0.000%                0        0.000%
MEM_BLOCK_LENGTH_4800                                0        0.000%                0        0.000%
MEM_BLOCK_LENGTH_4900                                0        0.000%                0        0.000%
MEM_BLOCK_LENGTH_5000                                0        0.000%                0        0.000%
                                                     4      100.000%                4      100.000%
                                                  0.00         0.00              0.00         0.00

FUS_BUSY_ON_PATH                              15210823        3.5435         30859868        3.7397

FUS_BUSY_OFF_PATH                               495409        0.1154          1180386        0.1430

FU_BUSY_MEM_STALL                              2644967        0.6162          5670142        0.6871

FUS_EMPTY                                     27219648        6.3411         50480126        6.1173

CHIP_UTILIZATION                                     0        0.0000                0        0.0000

CYCLES_UNDER_MEM_REQ                                 0                              0              

CYCLES_UNDER_NO_MEM_REQ                              0                              0              

CYCLES_UNDER_CRITICAL_MEM_REQ                        0                              0              

CYCLES_UNDER_NONCRITICAL_MEM_REQ                     0                              0              

CHIP_UTILIZATION_UNDER_MEM_REQ                       0          -nan                0          -nan

CHIP_UTILIZATION_UNDER_NO_MEM_REQ                    0          -nan                0          -nan

CHIP_UTILIZATION_UNDER_CRITICAL_MEM_REQ              0          -nan                0          -nan

CHIP_UTILIZATION_UNDER_NONCRITICAL_MEM_REQ             0          -nan                0          -nan

CYCLES_NOT_WAITING_FOR_OFF_CHIP                      0        0.0000                0        0.0000

FUS_BUSY_NOT_WAITING_FOR_OFF_CHIP                    0          -nan                0          -nan

CYCLES_WAITING_FOR_OFF_CHIP                          0        0.0000                0        0.0000

FUS_BUSY_WAITING_FOR_OFF_CHIP                        0          -nan                0          -nan

TOTAL_OFF_CHIP_DELAYS_LEFT                           0                              0              

WRONG_IO_SCHED                                       0                              0              

DVFS_CONFIG_SWITCH                                   0                              0              

UOP_CACHE_ICACHE_SWITCH_ONPATH                       0         -nan%                0         -nan%
UOP_CACHE_ICACHE_SWITCH_OFFPATH                      0         -nan%                0         -nan%
                                                     0         -nan%                0         -nan%
                                                  -nan         -nan              -nan         -nan

MAP_STAGE_RECEIVED_OPS_0                             0        0.000%                0        0.000%
MAP_STAGE_RECEIVED_OPS_1                        120928        4.859%           262032        5.234%
MAP_STAGE_RECEIVED_OPS_2                        126530        5.084%           261006        5.213%
MAP_STAGE_RECEIVED_OPS_3                        249061       10.007%           475151        9.490%
MAP_STAGE_RECEIVED_OPS_4                        196052        7.877%           406971        8.129%
MAP_STAGE_RECEIVED_OPS_5                         71584        2.876%           137086        2.738%
MAP_STAGE_RECEIVED_OPS_6                       1724812       69.298%          3464441       69.196%
MAP_STAGE_RECEIVED_OPS_7                             0        0.000%                0        0.000%
MAP_STAGE_RECEIVED_OPS_8                             0        0.000%                0        0.000%
MAP_STAGE_RECEIVED_OPS_MAX                           0        0.000%                0        0.000%
                                               2488967      100.000%          5006687      100.000%
                                                  5.07         1.55              5.06         1.57

MAP_STAGE_WAIT_FOR_DECODE                            0         -nan%                0         -nan%
MAP_STAGE_CONSUME_DECODE                             0         -nan%                0         -nan%
                                                     0         -nan%                0         -nan%
                                                  -nan         -nan              -nan         -nan

MAP_STAGE_WAIT_FOR_DECODE2                           0         -nan%                0         -nan%
MAP_STAGE_CONSUME_DECODE2                            0         -nan%                0         -nan%
                                                     0         -nan%                0         -nan%
                                                  -nan         -nan              -nan         -nan

FTQ_RECOVER_EXEC                                  3407                           8587              

FTQ_RECOVER_DECODE                                  73                            187              

FTQ_OFFPATH_CYCLES                              593249                        1287634              

FTQ_CYCLES_OFFPATH                              658036                        1473396              

FTQ_CYCLES_ONPATH                              3634552                        6778642              

FTQ_FETCHED_INS_OFFPATH                        1629051                        4077119              

FTQ_FETCHED_INS_ONPATH                        12611460                       25308559              

FTQ_BREAK_FULL_BLOCK_OFFPATH                    627496       14.619%          1392992       16.881%
FTQ_BREAK_FULL_BLOCK_ONPATH                    3507424       81.712%          6506333       78.847%
FTQ_BREAK_MAX_BLOCKS_OFFPATH                     34020        0.793%            89178        1.081%
FTQ_BREAK_MAX_BLOCKS_ONPATH                     123504        2.877%           263391        3.192%
FTQ_BREAK_PRED_BR_OFFPATH                            0        0.000%                0        0.000%
FTQ_BREAK_PRED_BR_ONPATH                             0        0.000%                0        0.000%
FTQ_BREAK_BAR_FETCH_OFFPATH                          0        0.000%                0        0.000%
FTQ_BREAK_BAR_FETCH_ONPATH                           0        0.000%                0        0.000%
                                               4292444      100.000%          8251894      100.000%
                                                  0.92         0.37              0.91         0.40



