Scarab gitrev: 3067351
Scarab started at Thu Jan  2 22:48:22 2025

Bloom Table Size 44144 hashes 8
Bloom Table Size 11040 hashes 8
Bloom Table Size 11040 hashes 8
Initialized Ramulator. 
** Heartbeat:   5% -- { 1000003 } -- 0.00 KIPS (12.50 KIPS)
** Heartbeat:  10% -- { 2000004 } -- 11.11 KIPS (11.76 KIPS)
** Heartbeat:  15% -- { 3000005 } -- 12.50 KIPS (12.00 KIPS)
** Heartbeat:  20% -- { 4000008 } -- 12.82 KIPS (12.20 KIPS)
** Heartbeat:  25% -- { 5000011 } -- 11.49 KIPS (12.05 KIPS)
** Heartbeat:  30% -- { 6000015 } -- 16.67 KIPS (12.63 KIPS)
** Heartbeat:  35% -- { 7000015 } -- 15.87 KIPS (13.01 KIPS)
** Heartbeat:  40% -- { 8000017 } -- 17.54 KIPS (13.45 KIPS)
** Heartbeat:  45% -- { 9000021 } -- 16.39 KIPS (13.72 KIPS)
** Heartbeat:  50% -- { 10000022 } -- 16.39 KIPS (13.95 KIPS)
** Heartbeat:  55% -- { 11000022 } -- 16.67 KIPS (14.16 KIPS)
** Heartbeat:  60% -- { 12000027 } -- 18.87 KIPS (14.46 KIPS)
** Heartbeat:  65% -- { 13000028 } -- 17.24 KIPS (14.64 KIPS)
** Heartbeat:  70% -- { 14000031 } -- 17.86 KIPS (14.83 KIPS)
** Heartbeat:  75% -- { 15000035 } -- 18.87 KIPS (15.05 KIPS)
** Heartbeat:  80% -- { 16000036 } -- 19.61 KIPS (15.27 KIPS)
** Heartbeat:  85% -- { 17000039 } -- 19.61 KIPS (15.47 KIPS)
** Heartbeat:  90% -- { 18000040 } -- 19.23 KIPS (15.64 KIPS)
** Heartbeat:  95% -- { 19000043 } -- 19.23 KIPS (15.79 KIPS)
Warning could not fetch inst from frontend
Warning could not fetch inst from frontend
Warning could not fetch inst from frontend
Warning could not fetch inst from frontend
Warning could not fetch inst from frontend
Warning could not fetch inst from frontend
Warning could not fetch inst from frontend
Warning could not fetch inst from frontend
Warning could not fetch inst from frontend
Warning could not fetch inst from frontend
Warning could not fetch inst from frontend
Warning could not fetch inst from frontend
Warning could not fetch inst from frontend
Warning could not fetch inst from frontend
Warning could not fetch inst from frontend
Warning could not fetch inst from frontend
Warning could not fetch inst from frontend
Warning could not fetch inst from frontend
Warning could not fetch inst from frontend
Warning could not fetch inst from frontend
Warning could not fetch inst from frontend
Warning could not fetch inst from frontend
Warning could not fetch inst from frontend
Warning could not fetch inst from frontend
Warning could not fetch inst from frontend
Warning could not fetch inst from frontend
Warning could not fetch inst from frontend
Warning could not fetch inst from frontend
Warning could not fetch inst from frontend
Warning could not fetch inst from frontend
Warning could not fetch inst from frontend
Warning could not fetch inst from frontend
Warning could not fetch inst from frontend
Warning could not fetch inst from frontend
Warning could not fetch inst from frontend
Warning could not fetch inst from frontend
Warning could not fetch inst from frontend
Warning could not fetch inst from frontend
Warning could not fetch inst from frontend
Warning could not fetch inst from frontend
Warning could not fetch inst from frontend
Warning could not fetch inst from frontend
Warning could not fetch inst from frontend
Warning could not fetch inst from frontend
Warning could not fetch inst from frontend
Warning could not fetch inst from frontend
Warning could not fetch inst from frontend
Warning could not fetch inst from frontend
Warning could not fetch inst from frontend
Warning could not fetch inst from frontend
Warning could not fetch inst from frontend
Warning could not fetch inst from frontend
Warning could not fetch inst from frontend
Warning could not fetch inst from frontend
Warning could not fetch inst from frontend
Warning could not fetch inst from frontend
Warning could not fetch inst from frontend
Warning could not fetch inst from frontend
Warning could not fetch inst from frontend
Warning could not fetch inst from frontend
Warning could not fetch inst from frontend
Warning could not fetch inst from frontend
Warning could not fetch inst from frontend
Warning could not fetch inst from frontend
Warning could not fetch inst from frontend
Warning could not fetch inst from frontend
Warning could not fetch inst from frontend
Warning could not fetch inst from frontend
Warning could not fetch inst from frontend
Warning could not fetch inst from frontend
Warning could not fetch inst from frontend
Warning could not fetch inst from frontend
Warning could not fetch inst from frontend
Warning could not fetch inst from frontend
Warning could not fetch inst from frontend
Warning could not fetch inst from frontend
Warning could not fetch inst from frontend
Warning could not fetch inst from frontend
Warning could not fetch inst from frontend
Warning could not fetch inst from frontend
Warning could not fetch inst from frontend
Warning could not fetch inst from frontend
Warning could not fetch inst from frontend
Warning could not fetch inst from frontend
Warning could not fetch inst from frontend
Warning could not fetch inst from frontend
Warning could not fetch inst from frontend
Warning could not fetch inst from frontend
Warning could not fetch inst from frontend
Warning could not fetch inst from frontend
Warning could not fetch inst from frontend
Warning could not fetch inst from frontend
Warning could not fetch inst from frontend
Warning could not fetch inst from frontend
Warning could not fetch inst from frontend
Warning could not fetch inst from frontend
Warning could not fetch inst from frontend
Warning could not fetch inst from frontend
Warning could not fetch inst from frontend
Warning could not fetch inst from frontend
Warning could not fetch inst from frontend
Warning could not fetch inst from frontend
Warning could not fetch inst from frontend
Warning could not fetch inst from frontend
Warning could not fetch inst from frontend
Warning could not fetch inst from frontend
Warning could not fetch inst from frontend
Warning could not fetch inst from frontend
Warning could not fetch inst from frontend
Warning could not fetch inst from frontend
Warning could not fetch inst from frontend
Warning could not fetch inst from frontend
Warning could not fetch inst from frontend
Warning could not fetch inst from frontend
Warning could not fetch inst from frontend
Warning could not fetch inst from frontend
Warning could not fetch inst from frontend
Warning could not fetch inst from frontend
Warning could not fetch inst from frontend
Warning could not fetch inst from frontend
Warning could not fetch inst from frontend
Warning could not fetch inst from frontend
Warning could not fetch inst from frontend
Warning could not fetch inst from frontend
Warning could not fetch inst from frontend
Warning could not fetch inst from frontend
Warning could not fetch inst from frontend
Warning could not fetch inst from frontend
Warning could not fetch inst from frontend
Warning could not fetch inst from frontend
Warning could not fetch inst from frontend
Warning could not fetch inst from frontend
Warning could not fetch inst from frontend
Warning could not fetch inst from frontend
Warning could not fetch inst from frontend
Warning could not fetch inst from frontend
IP accesses: 9b7a 26de80 372313 / 5854977
IP misses: 9e4b 2792c0 5 / 897
IP hits: 0 0 0 / 0
IP late: 9e9e 27a780 3 / 51
IP wrong: 129b 4a6c0 3 / 27
miss rate: 0.000153203
coverage: 0
coverage_late: 0.0568562
accuracy: 0
accuracy_late: 0.653846
discarded: 0
evicts entangled j table: 0
evicts entangled k table: 0
max bb size: 30
formats: 0 50 45 13 19 44 0 
hist_lookups: 83 53 22 10 9 4 4 3 5 3 0 4 1 3 2 0 0 15 
hist_lookups_evict: 0 %
hist_lookups_shortlat: 6.78733 %
bb_found_hist: 0 220898 245819 122390 40856 78056 16517 105467 973 8732 15758 23371 572 0 33 8 8181 194 54 8 10145 41249 3 6 22027 10 1 1 0 0 3 0 0 0 0 0 0 0 0 0 0 0 0 0 0 0 0 0 0 0 0 0 0 0 0 0 0 0 0 0 0 0 0 0 
bb_found_summary: 4712952 961332 4.90252
entangled_found_hist: 0 284754 90271 8512 0 0 0 0 
entangled_found_summary: 490832 383537 1.27975
bb_ent_found_hist: 0 70770 73639 5742 1587 12234 7508 17171 2356 6395 7924 12094 5 1 6 31 9 18 5 0 8133 20428 2 26 0 0 1 0 0 0 5 0 0 0 0 0 0 0 0 0 0 0 0 0 0 0 0 0 0 0 0 0 0 0 0 0 0 0 0 0 0 0 0 0 
bb_ent_found_summary: 1350342 246090 5.48719
** Core 0 Finished:    insts:20114679    cycles:9407911     time:2939972187500       -- 2.14 IPC (2.14 IPC) --  N/A  KIPS (15.96 KIPS)
Scarab finished at Thu Jan  2 23:09:15 2025

