Scarab gitrev: 3067351
Scarab started at Fri Jan  3 04:42:48 2025

Bloom Table Size 44144 hashes 8
Bloom Table Size 11040 hashes 8
Bloom Table Size 11040 hashes 8
Initialized Ramulator. 
** Heartbeat:   5% -- { 1000000 } -- 0.00 KIPS (1.68 KIPS)
** Heartbeat:  10% -- { 2000003 } -- 4.29 KIPS (2.41 KIPS)
** Heartbeat:  15% -- { 3000007 } -- 34.48 KIPS (3.49 KIPS)
** Heartbeat:  20% -- { 4000007 } -- 21.74 KIPS (4.42 KIPS)
** Heartbeat:  25% -- { 5000007 } -- 21.74 KIPS (5.26 KIPS)
** Heartbeat:  30% -- { 6000012 } -- 38.46 KIPS (6.14 KIPS)
** Heartbeat:  35% -- { 7000014 } -- 22.22 KIPS (6.85 KIPS)
** Heartbeat:  40% -- { 8000018 } -- 20.00 KIPS (7.46 KIPS)
** Heartbeat:  45% -- { 9000019 } -- 38.46 KIPS (8.20 KIPS)
** Heartbeat:  50% -- { 10000021 } -- 22.22 KIPS (8.75 KIPS)
** Heartbeat:  55% -- { 11000025 } -- 21.74 KIPS (9.25 KIPS)
** Heartbeat:  60% -- { 12000028 } -- 38.46 KIPS (9.88 KIPS)
** Heartbeat:  65% -- { 13000030 } -- 22.22 KIPS (10.32 KIPS)
** Heartbeat:  70% -- { 14000032 } -- 21.28 KIPS (10.71 KIPS)
** Heartbeat:  75% -- { 15000035 } -- 38.46 KIPS (11.25 KIPS)
** Heartbeat:  80% -- { 16000035 } -- 20.41 KIPS (11.58 KIPS)
** Heartbeat:  85% -- { 17000036 } -- 22.22 KIPS (11.91 KIPS)
** Heartbeat:  90% -- { 18000040 } -- 38.46 KIPS (12.39 KIPS)
** Heartbeat:  95% -- { 19000040 } -- 22.73 KIPS (12.69 KIPS)
Warning could not fetch inst from frontend
Warning could not fetch inst from frontend
Warning could not fetch inst from frontend
Warning could not fetch inst from frontend
Warning could not fetch inst from frontend
Warning could not fetch inst from frontend
Warning could not fetch inst from frontend
Warning could not fetch inst from frontend
Warning could not fetch inst from frontend
Warning could not fetch inst from frontend
Warning could not fetch inst from frontend
Warning could not fetch inst from frontend
Warning could not fetch inst from frontend
Warning could not fetch inst from frontend
Warning could not fetch inst from frontend
Warning could not fetch inst from frontend
Warning could not fetch inst from frontend
Warning could not fetch inst from frontend
Warning could not fetch inst from frontend
Warning could not fetch inst from frontend
Warning could not fetch inst from frontend
Warning could not fetch inst from frontend
Warning could not fetch inst from frontend
Warning could not fetch inst from frontend
Warning could not fetch inst from frontend
Warning could not fetch inst from frontend
Warning could not fetch inst from frontend
Warning could not fetch inst from frontend
Warning could not fetch inst from frontend
Warning could not fetch inst from frontend
Warning could not fetch inst from frontend
Warning could not fetch inst from frontend
Warning could not fetch inst from frontend
Warning could not fetch inst from frontend
Warning could not fetch inst from frontend
Warning could not fetch inst from frontend
Warning could not fetch inst from frontend
Warning could not fetch inst from frontend
Warning could not fetch inst from frontend
Warning could not fetch inst from frontend
Warning could not fetch inst from frontend
Warning could not fetch inst from frontend
Warning could not fetch inst from frontend
Warning could not fetch inst from frontend
Warning could not fetch inst from frontend
Warning could not fetch inst from frontend
Warning could not fetch inst from frontend
Warning could not fetch inst from frontend
Warning could not fetch inst from frontend
Warning could not fetch inst from frontend
Warning could not fetch inst from frontend
Warning could not fetch inst from frontend
Warning could not fetch inst from frontend
Warning could not fetch inst from frontend
Warning could not fetch inst from frontend
Warning could not fetch inst from frontend
Warning could not fetch inst from frontend
Warning could not fetch inst from frontend
Warning could not fetch inst from frontend
Warning could not fetch inst from frontend
Warning could not fetch inst from frontend
Warning could not fetch inst from frontend
Warning could not fetch inst from frontend
Warning could not fetch inst from frontend
Warning could not fetch inst from frontend
Warning could not fetch inst from frontend
Warning could not fetch inst from frontend
Warning could not fetch inst from frontend
Warning could not fetch inst from frontend
Warning could not fetch inst from frontend
Warning could not fetch inst from frontend
Warning could not fetch inst from frontend
Warning could not fetch inst from frontend
Warning could not fetch inst from frontend
Warning could not fetch inst from frontend
Warning could not fetch inst from frontend
Warning could not fetch inst from frontend
Warning could not fetch inst from frontend
Warning could not fetch inst from frontend
Warning could not fetch inst from frontend
Warning could not fetch inst from frontend
Warning could not fetch inst from frontend
Warning could not fetch inst from frontend
Warning could not fetch inst from frontend
Warning could not fetch inst from frontend
Warning could not fetch inst from frontend
Warning could not fetch inst from frontend
Warning could not fetch inst from frontend
Warning could not fetch inst from frontend
Warning could not fetch inst from frontend
Warning could not fetch inst from frontend
Warning could not fetch inst from frontend
Warning could not fetch inst from frontend
Warning could not fetch inst from frontend
Warning could not fetch inst from frontend
Warning could not fetch inst from frontend
Warning could not fetch inst from frontend
Warning could not fetch inst from frontend
Warning could not fetch inst from frontend
Warning could not fetch inst from frontend
Warning could not fetch inst from frontend
Warning could not fetch inst from frontend
Warning could not fetch inst from frontend
Warning could not fetch inst from frontend
Warning could not fetch inst from frontend
Warning could not fetch inst from frontend
Warning could not fetch inst from frontend
Warning could not fetch inst from frontend
Warning could not fetch inst from frontend
Warning could not fetch inst from frontend
Warning could not fetch inst from frontend
Warning could not fetch inst from frontend
Warning could not fetch inst from frontend
Warning could not fetch inst from frontend
Warning could not fetch inst from frontend
Warning could not fetch inst from frontend
Warning could not fetch inst from frontend
** Core 0 Finished:    insts:142585084   cycles:152911073   time:47784710312500      -- 0.93 IPC (0.93 IPC) --  N/A  KIPS (12.93 KIPS)
Scarab finished at Fri Jan  3 05:08:35 2025

