               ramulator.active_cycles_0             3714560                                      # Total active cycles for level _0
                 ramulator.busy_cycles_0             3714560                                      # (All-bank refresh only. busy cycles only include refresh time in rank level) The sum of cycles that the DRAM part is active or under refresh for level _0
            ramulator.serving_requests_0             7186797                                      # The sum of read and write requests that are served in this DRAM element per memory cycle for level _0
    ramulator.average_serving_requests_0            1.070604                                      # The average of read and write requests that are served in this DRAM element per memory cycle for level _0
             ramulator.active_cycles_0_0             3714560                                      # Total active cycles for level _0_0
               ramulator.busy_cycles_0_0             3934640                                      # (All-bank refresh only. busy cycles only include refresh time in rank level) The sum of cycles that the DRAM part is active or under refresh for level _0_0
          ramulator.serving_requests_0_0             7186797                                      # The sum of read and write requests that are served in this DRAM element per memory cycle for level _0_0
  ramulator.average_serving_requests_0_0            1.070604                                      # The average of read and write requests that are served in this DRAM element per memory cycle for level _0_0
           ramulator.active_cycles_0_0_0             1276175                                      # Total active cycles for level _0_0_0
             ramulator.busy_cycles_0_0_0             1276175                                      # (All-bank refresh only. busy cycles only include refresh time in rank level) The sum of cycles that the DRAM part is active or under refresh for level _0_0_0
        ramulator.serving_requests_0_0_0             1813029                                      # The sum of read and write requests that are served in this DRAM element per memory cycle for level _0_0_0
ramulator.average_serving_requests_0_0_0            0.270084                                      # The average of read and write requests that are served in this DRAM element per memory cycle for level _0_0_0
         ramulator.active_cycles_0_0_0_0              363098                                      # Total active cycles for level _0_0_0_0
           ramulator.busy_cycles_0_0_0_0              363098                                      # (All-bank refresh only. busy cycles only include refresh time in rank level) The sum of cycles that the DRAM part is active or under refresh for level _0_0_0_0
      ramulator.serving_requests_0_0_0_0              453695                                      # The sum of read and write requests that are served in this DRAM element per memory cycle for level _0_0_0_0
ramulator.average_serving_requests_0_0_0_0            0.067586                                      # The average of read and write requests that are served in this DRAM element per memory cycle for level _0_0_0_0
         ramulator.active_cycles_0_0_0_1              349376                                      # Total active cycles for level _0_0_0_1
           ramulator.busy_cycles_0_0_0_1              349376                                      # (All-bank refresh only. busy cycles only include refresh time in rank level) The sum of cycles that the DRAM part is active or under refresh for level _0_0_0_1
      ramulator.serving_requests_0_0_0_1              453577                                      # The sum of read and write requests that are served in this DRAM element per memory cycle for level _0_0_0_1
ramulator.average_serving_requests_0_0_0_1            0.067569                                      # The average of read and write requests that are served in this DRAM element per memory cycle for level _0_0_0_1
         ramulator.active_cycles_0_0_0_2              299644                                      # Total active cycles for level _0_0_0_2
           ramulator.busy_cycles_0_0_0_2              299644                                      # (All-bank refresh only. busy cycles only include refresh time in rank level) The sum of cycles that the DRAM part is active or under refresh for level _0_0_0_2
      ramulator.serving_requests_0_0_0_2              379125                                      # The sum of read and write requests that are served in this DRAM element per memory cycle for level _0_0_0_2
ramulator.average_serving_requests_0_0_0_2            0.056478                                      # The average of read and write requests that are served in this DRAM element per memory cycle for level _0_0_0_2
         ramulator.active_cycles_0_0_0_3              409564                                      # Total active cycles for level _0_0_0_3
           ramulator.busy_cycles_0_0_0_3              409564                                      # (All-bank refresh only. busy cycles only include refresh time in rank level) The sum of cycles that the DRAM part is active or under refresh for level _0_0_0_3
      ramulator.serving_requests_0_0_0_3              526632                                      # The sum of read and write requests that are served in this DRAM element per memory cycle for level _0_0_0_3
ramulator.average_serving_requests_0_0_0_3            0.078451                                      # The average of read and write requests that are served in this DRAM element per memory cycle for level _0_0_0_3
           ramulator.active_cycles_0_0_1             1396242                                      # Total active cycles for level _0_0_1
             ramulator.busy_cycles_0_0_1             1396242                                      # (All-bank refresh only. busy cycles only include refresh time in rank level) The sum of cycles that the DRAM part is active or under refresh for level _0_0_1
        ramulator.serving_requests_0_0_1             1905581                                      # The sum of read and write requests that are served in this DRAM element per memory cycle for level _0_0_1
ramulator.average_serving_requests_0_0_1            0.283871                                      # The average of read and write requests that are served in this DRAM element per memory cycle for level _0_0_1
         ramulator.active_cycles_0_0_1_0              313145                                      # Total active cycles for level _0_0_1_0
           ramulator.busy_cycles_0_0_1_0              313145                                      # (All-bank refresh only. busy cycles only include refresh time in rank level) The sum of cycles that the DRAM part is active or under refresh for level _0_0_1_0
      ramulator.serving_requests_0_0_1_0              380166                                      # The sum of read and write requests that are served in this DRAM element per memory cycle for level _0_0_1_0
ramulator.average_serving_requests_0_0_1_0            0.056633                                      # The average of read and write requests that are served in this DRAM element per memory cycle for level _0_0_1_0
         ramulator.active_cycles_0_0_1_1              342626                                      # Total active cycles for level _0_0_1_1
           ramulator.busy_cycles_0_0_1_1              342626                                      # (All-bank refresh only. busy cycles only include refresh time in rank level) The sum of cycles that the DRAM part is active or under refresh for level _0_0_1_1
      ramulator.serving_requests_0_0_1_1              430294                                      # The sum of read and write requests that are served in this DRAM element per memory cycle for level _0_0_1_1
ramulator.average_serving_requests_0_0_1_1            0.064100                                      # The average of read and write requests that are served in this DRAM element per memory cycle for level _0_0_1_1
         ramulator.active_cycles_0_0_1_2              516664                                      # Total active cycles for level _0_0_1_2
           ramulator.busy_cycles_0_0_1_2              516664                                      # (All-bank refresh only. busy cycles only include refresh time in rank level) The sum of cycles that the DRAM part is active or under refresh for level _0_0_1_2
      ramulator.serving_requests_0_0_1_2              618317                                      # The sum of read and write requests that are served in this DRAM element per memory cycle for level _0_0_1_2
ramulator.average_serving_requests_0_0_1_2            0.092110                                      # The average of read and write requests that are served in this DRAM element per memory cycle for level _0_0_1_2
         ramulator.active_cycles_0_0_1_3              376939                                      # Total active cycles for level _0_0_1_3
           ramulator.busy_cycles_0_0_1_3              376939                                      # (All-bank refresh only. busy cycles only include refresh time in rank level) The sum of cycles that the DRAM part is active or under refresh for level _0_0_1_3
      ramulator.serving_requests_0_0_1_3              476804                                      # The sum of read and write requests that are served in this DRAM element per memory cycle for level _0_0_1_3
ramulator.average_serving_requests_0_0_1_3            0.071029                                      # The average of read and write requests that are served in this DRAM element per memory cycle for level _0_0_1_3
           ramulator.active_cycles_0_0_2             1136402                                      # Total active cycles for level _0_0_2
             ramulator.busy_cycles_0_0_2             1136402                                      # (All-bank refresh only. busy cycles only include refresh time in rank level) The sum of cycles that the DRAM part is active or under refresh for level _0_0_2
        ramulator.serving_requests_0_0_2             1587628                                      # The sum of read and write requests that are served in this DRAM element per memory cycle for level _0_0_2
ramulator.average_serving_requests_0_0_2            0.236506                                      # The average of read and write requests that are served in this DRAM element per memory cycle for level _0_0_2
         ramulator.active_cycles_0_0_2_0              312905                                      # Total active cycles for level _0_0_2_0
           ramulator.busy_cycles_0_0_2_0              312905                                      # (All-bank refresh only. busy cycles only include refresh time in rank level) The sum of cycles that the DRAM part is active or under refresh for level _0_0_2_0
      ramulator.serving_requests_0_0_2_0              405831                                      # The sum of read and write requests that are served in this DRAM element per memory cycle for level _0_0_2_0
ramulator.average_serving_requests_0_0_2_0            0.060456                                      # The average of read and write requests that are served in this DRAM element per memory cycle for level _0_0_2_0
         ramulator.active_cycles_0_0_2_1              334925                                      # Total active cycles for level _0_0_2_1
           ramulator.busy_cycles_0_0_2_1              334925                                      # (All-bank refresh only. busy cycles only include refresh time in rank level) The sum of cycles that the DRAM part is active or under refresh for level _0_0_2_1
      ramulator.serving_requests_0_0_2_1              414192                                      # The sum of read and write requests that are served in this DRAM element per memory cycle for level _0_0_2_1
ramulator.average_serving_requests_0_0_2_1            0.061701                                      # The average of read and write requests that are served in this DRAM element per memory cycle for level _0_0_2_1
         ramulator.active_cycles_0_0_2_2              251921                                      # Total active cycles for level _0_0_2_2
           ramulator.busy_cycles_0_0_2_2              251921                                      # (All-bank refresh only. busy cycles only include refresh time in rank level) The sum of cycles that the DRAM part is active or under refresh for level _0_0_2_2
      ramulator.serving_requests_0_0_2_2              311083                                      # The sum of read and write requests that are served in this DRAM element per memory cycle for level _0_0_2_2
ramulator.average_serving_requests_0_0_2_2            0.046341                                      # The average of read and write requests that are served in this DRAM element per memory cycle for level _0_0_2_2
         ramulator.active_cycles_0_0_2_3              366562                                      # Total active cycles for level _0_0_2_3
           ramulator.busy_cycles_0_0_2_3              366562                                      # (All-bank refresh only. busy cycles only include refresh time in rank level) The sum of cycles that the DRAM part is active or under refresh for level _0_0_2_3
      ramulator.serving_requests_0_0_2_3              456522                                      # The sum of read and write requests that are served in this DRAM element per memory cycle for level _0_0_2_3
ramulator.average_serving_requests_0_0_2_3            0.068007                                      # The average of read and write requests that are served in this DRAM element per memory cycle for level _0_0_2_3
           ramulator.active_cycles_0_0_3             1389734                                      # Total active cycles for level _0_0_3
             ramulator.busy_cycles_0_0_3             1389734                                      # (All-bank refresh only. busy cycles only include refresh time in rank level) The sum of cycles that the DRAM part is active or under refresh for level _0_0_3
        ramulator.serving_requests_0_0_3             1880523                                      # The sum of read and write requests that are served in this DRAM element per memory cycle for level _0_0_3
ramulator.average_serving_requests_0_0_3            0.280138                                      # The average of read and write requests that are served in this DRAM element per memory cycle for level _0_0_3
         ramulator.active_cycles_0_0_3_0              351472                                      # Total active cycles for level _0_0_3_0
           ramulator.busy_cycles_0_0_3_0              351472                                      # (All-bank refresh only. busy cycles only include refresh time in rank level) The sum of cycles that the DRAM part is active or under refresh for level _0_0_3_0
      ramulator.serving_requests_0_0_3_0              444766                                      # The sum of read and write requests that are served in this DRAM element per memory cycle for level _0_0_3_0
ramulator.average_serving_requests_0_0_3_0            0.066256                                      # The average of read and write requests that are served in this DRAM element per memory cycle for level _0_0_3_0
         ramulator.active_cycles_0_0_3_1              512439                                      # Total active cycles for level _0_0_3_1
           ramulator.busy_cycles_0_0_3_1              512439                                      # (All-bank refresh only. busy cycles only include refresh time in rank level) The sum of cycles that the DRAM part is active or under refresh for level _0_0_3_1
      ramulator.serving_requests_0_0_3_1              614300                                      # The sum of read and write requests that are served in this DRAM element per memory cycle for level _0_0_3_1
ramulator.average_serving_requests_0_0_3_1            0.091511                                      # The average of read and write requests that are served in this DRAM element per memory cycle for level _0_0_3_1
         ramulator.active_cycles_0_0_3_2              344474                                      # Total active cycles for level _0_0_3_2
           ramulator.busy_cycles_0_0_3_2              344474                                      # (All-bank refresh only. busy cycles only include refresh time in rank level) The sum of cycles that the DRAM part is active or under refresh for level _0_0_3_2
      ramulator.serving_requests_0_0_3_2              435849                                      # The sum of read and write requests that are served in this DRAM element per memory cycle for level _0_0_3_2
ramulator.average_serving_requests_0_0_3_2            0.064928                                      # The average of read and write requests that are served in this DRAM element per memory cycle for level _0_0_3_2
         ramulator.active_cycles_0_0_3_3              312649                                      # Total active cycles for level _0_0_3_3
           ramulator.busy_cycles_0_0_3_3              312649                                      # (All-bank refresh only. busy cycles only include refresh time in rank level) The sum of cycles that the DRAM part is active or under refresh for level _0_0_3_3
      ramulator.serving_requests_0_0_3_3              385608                                      # The sum of read and write requests that are served in this DRAM element per memory cycle for level _0_0_3_3
ramulator.average_serving_requests_0_0_3_3            0.057443                                      # The average of read and write requests that are served in this DRAM element per memory cycle for level _0_0_3_3
      ramulator.read_transaction_bytes_0            13263424                                      # The total byte of read transaction per channel
     ramulator.write_transaction_bytes_0             2643584                                      # The total byte of write transaction per channel
       ramulator.row_hits_channel_0_core              208760                                      # Number of row hits per channel per core
     ramulator.row_misses_channel_0_core                9753                                      # Number of row misses per channel per core
  ramulator.row_conflicts_channel_0_core               30034                                      # Number of row conflicts per channel per core
  ramulator.read_row_hits_channel_0_core              181408                                      # Number of row hits for read requests per channel per core
                                     [0]            181408.0                                      # 
ramulator.read_row_misses_channel_0_core                6325                                      # Number of row misses for read requests per channel per core
                                     [0]              6325.0                                      # 
ramulator.read_row_conflicts_channel_0_core               19508                                      # Number of row conflicts for read requests per channel per core
                                     [0]             19508.0                                      # 
 ramulator.write_row_hits_channel_0_core               27352                                      # Number of row hits for write requests per channel per core
                                     [0]             27352.0                                      # 
ramulator.write_row_misses_channel_0_core                3428                                      # Number of row misses for write requests per channel per core
                                     [0]              3428.0                                      # 
ramulator.write_row_conflicts_channel_0_core               10526                                      # Number of row conflicts for write requests per channel per core
                                     [0]             10526.0                                      # 
      ramulator.useless_activates_0_core                  61                                      # Number of useless activations. E.g, ACT -> PRE w/o RD or WR
            ramulator.read_latency_avg_0           71.193881                                      # The average memory latency cycles (in memory time domain) per request for all read requests in this channel
            ramulator.read_latency_sum_0            14763475                                      # The memory latency cycles (in memory time domain) sum for all read requests in this channel
        ramulator.req_queue_length_avg_0           14.808086                                      # Average of read and write queue length per memory cycle per channel.
        ramulator.req_queue_length_sum_0            99404340                                      # Sum of read and write queue length per memory cycle per channel.
   ramulator.read_req_queue_length_avg_0            2.135836                                      # Read queue length average per memory cycle per channel.
   ramulator.read_req_queue_length_sum_0            14337531                                      # Read queue length sum per memory cycle per channel.
  ramulator.write_req_queue_length_avg_0           12.672250                                      # Write queue length average per memory cycle per channel.
  ramulator.write_req_queue_length_sum_0            85066809                                      # Write queue length sum per memory cycle per channel.
              ramulator.record_read_hits                 0.0                                      # record read hit count for this core when it reaches request limit or to the end
                                     [0]                 0.0                                      # 
            ramulator.record_read_misses                 0.0                                      # record_read_miss count for this core when it reaches request limit or to the end
                                     [0]                 0.0                                      # 
         ramulator.record_read_conflicts                 0.0                                      # record read conflict count for this core when it reaches request limit or to the end
                                     [0]                 0.0                                      # 
             ramulator.record_write_hits                 0.0                                      # record write hit count for this core when it reaches request limit or to the end
                                     [0]                 0.0                                      # 
           ramulator.record_write_misses                 0.0                                      # record write miss count for this core when it reaches request limit or to the end
                                     [0]                 0.0                                      # 
        ramulator.record_write_conflicts                 0.0                                      # record write conflict for this core when it reaches request limit or to the end
                                     [0]                 0.0                                      # 
                 ramulator.dram_capacity          8589934592                                      # Number of bytes in simulated DRAM
                   ramulator.dram_cycles             6712842                                      # Number of DRAM cycles simulated
             ramulator.incoming_requests              248691                                      # Number of incoming requests to DRAM
                 ramulator.read_requests              207370                                      # Number of incoming read requests to DRAM per core
                                     [0]            207370.0                                      # 
                ramulator.write_requests               41321                                      # Number of incoming write requests to DRAM per core
                                     [0]             41321.0                                      # 
       ramulator.ramulator_active_cycles             3714589                                      # The total number of cycles that the DRAM part is active (serving R/W)
 ramulator.incoming_requests_per_channel            248691.0                                      # Number of incoming requests to each DRAM channel
                                     [0]            248691.0                                      # 
ramulator.incoming_read_reqs_per_channel            207370.0                                      # Number of incoming read requests to each DRAM channel
                                     [0]            207370.0                                      # 
     ramulator.physical_page_replacement                   0                                      # The number of times that physical page replacement happens.
             ramulator.maximum_bandwidth         19200000000                                      # The theoretical maximum bandwidth (Bps)
          ramulator.in_queue_req_num_sum            99404340                                      # Sum of read/write queue length
     ramulator.in_queue_read_req_num_sum            14337531                                      # Sum of read queue length
    ramulator.in_queue_write_req_num_sum            85066809                                      # Sum of write queue length
          ramulator.in_queue_req_num_avg           14.808086                                      # Average of read/write queue length per memory cycle
     ramulator.in_queue_read_req_num_avg            2.135836                                      # Average of read queue length per memory cycle
    ramulator.in_queue_write_req_num_avg           12.672250                                      # Average of write queue length per memory cycle
          ramulator.record_read_requests                 0.0                                      # record read requests for this core when it reaches request limit or to the end
                                     [0]                 0.0                                      # 
         ramulator.record_write_requests                 0.0                                      # record write requests for this core when it reaches request limit or to the end
                                     [0]                 0.0                                      # 
