/* -*- Mode: c -*- */
####################################################################################################
Core 0
####################################################################################################
Cumulative:        Cycles: 8586047               Instructions: 20111329              IPC: 2.34233

Periodic:          Cycles: 3914989               Instructions: 10019908              IPC: 2.55937

ST_OP_INV                                            0        0.000%                0        0.000%
ST_OP_NOP                                       201814        1.475%           508745        1.831%
ST_OP_CF                                       2554784       18.671%          5208267       18.740%
ST_OP_MOV                                      1233331        9.013%          2438459        8.774%
ST_OP_CMOV                                      184321        1.347%           384777        1.384%
ST_OP_LDA                                       309380        2.261%           646289        2.325%
ST_OP_IMEM                                     4092615       29.910%          8327357       29.963%
ST_OP_IADD                                     2562449       18.727%          5062601       18.216%
ST_OP_IMUL                                       18723        0.137%            29170        0.105%
ST_OP_IDIV                                        2170        0.016%             2246        0.008%
ST_OP_ICMP                                     1450154       10.598%          2858325       10.285%
ST_OP_LOGIC                                     883829        6.459%          1934339        6.960%
ST_OP_SHIFT                                     182680        1.335%           365017        1.313%
ST_OP_FMEM                                        6421        0.047%            24397        0.088%
ST_OP_FCVT                                           0        0.000%                6        0.000%
ST_OP_FADD                                           0        0.000%                2        0.000%
ST_OP_FMUL                                           0        0.000%                2        0.000%
ST_OP_FMA                                            0        0.000%                0        0.000%
ST_OP_FDIV                                           0        0.000%                2        0.000%
ST_OP_FCMP                                           0        0.000%                0        0.000%
ST_OP_FCMOV                                          0        0.000%                0        0.000%
ST_OP_GATHER                                         0        0.000%                0        0.000%
ST_OP_SCATTER                                        0        0.000%                0        0.000%
ST_OP_PIPELINED_FAST                                23        0.000%               26        0.000%
ST_OP_PIPELINED_MEDIUM                               0        0.000%                0        0.000%
ST_OP_PIPELINED_SLOW                                 0        0.000%                0        0.000%
ST_OP_NOTPIPELINED_MEDIUM                          464        0.003%             2108        0.008%
ST_OP_NOTPIPELINED_SLOW                              0        0.000%                0        0.000%
ST_OP_NOTPIPELINED_VERY_SLOW                         0        0.000%                0        0.000%
                                              13683158      100.000%         27792135      100.000%
                                                  5.88         2.87              5.88         2.90

ST_NOT_CF                                     11128374       81.329%         22583868       81.260%
ST_CF_BR                                        129857        0.949%           257870        0.928%
ST_CF_CBR                                      2051791       14.995%          4205364       15.131%
ST_CF_CALL                                      158858        1.161%           317583        1.143%
ST_CF_IBR                                        50478        0.369%            85925        0.309%
ST_CF_ICALL                                       4327        0.032%            14868        0.053%
ST_CF_ICO                                            0        0.000%                0        0.000%
ST_CF_RET                                       159473        1.165%           326657        1.175%
ST_CF_SYS                                            0        0.000%                0        0.000%
                                              13683158      100.000%         27792135      100.000%
                                                  0.44         1.00              0.44         1.00

ST_BAR_NONE                                   13683158      100.000%         27792135      100.000%
ST_BAR_FETCH                                         0        0.000%                0        0.000%
ST_BAR_ISSUE                                         0        0.000%                0        0.000%
ST_BAR_BOTH                                          0        0.000%                0        0.000%
                                              13683158      100.000%         27792135      100.000%
                                                  0.00         0.00              0.00         0.00

ST_NOT_MEM                                     9584122       70.043%         19440381       69.949%
ST_MEM_LD                                      2775180       20.282%          5726110       20.603%
ST_MEM_ST                                      1323856        9.675%          2625644        9.447%
ST_MEM_PF                                            0        0.000%                0        0.000%
ST_MEM_WH                                            0        0.000%                0        0.000%
ST_MEM_EVICT                                         0        0.000%                0        0.000%
                                              13683158      100.000%         27792135      100.000%
                                                  0.40         0.57              0.39         0.56

ST_NOT_MEM_OFFPATH                             3061500       67.340%          6927138       67.868%
ST_MEM_LD_OFFPATH                              1022345       22.487%          2347148       22.996%
ST_MEM_ST_OFFPATH                               462506       10.173%           932439        9.136%
ST_MEM_PF_OFFPATH                                    0        0.000%                0        0.000%
ST_MEM_WH_OFFPATH                                    0        0.000%                0        0.000%
ST_MEM_EVIC_OFFPATHT                                 0        0.000%                0        0.000%
                                               4546351      100.000%         10206725      100.000%
                                                  0.43         0.57              0.41         0.56

ST_OP_ONPATH                                  13683158                       27792135              

ST_OP_OFFPATH                                  4546351                       10206725              

ST_FAKE_OP_OFFPATH                               39530        0.869%           247472        2.425%
ST_NOT_FAKE_OP_OFFPATH                         4506821       99.131%          9959253       97.575%
                                               4546351      100.000%         10206725      100.000%
                                                  0.99         0.99              0.98         0.96

ST_FAKE_REASON_NOT_FAKE                        4506821       99.131%          9959253       97.575%
ST_FAKE_REASON_REDIRECT_TO_NOT_INSTRUMENTED         39530        0.869%           247472        2.425%
ST_FAKE_REASON_RETURN_TO_NOT_INSTRUMENTED             0        0.000%                0        0.000%
ST_FAKE_REASON_NONRET_CF_TO_NOT_INSTRUMENTED             0        0.000%                0        0.000%
ST_FAKE_REASON_NOT_TAKEN_TO_NOT_INSTRUMENTED             0        0.000%                0        0.000%
ST_FAKE_REASON_WRONG_PATH_STORE_TO_NEW_REGION             0        0.000%                0        0.000%
                                               4546351      100.000%         10206725      100.000%
                                                  0.01         0.09              0.02         0.15

ST_INST_ONPATH                                11207903                       22682185              

ST_INST_OFFPATH                                3630242                        8372689              

STATIC_PIN_NOP                                       0                              0              

DYNAMIC_PIN_REP_GREATER_256                          0                              0              

INST_MAP_UPDATE_JITTED                          666624       28.116%          1317741       27.943%
INST_MAP_UPDATE_NPC_INV                              0        0.000%                0        0.000%
INST_MAP_UPDATE_NPC_NOP                              0        0.000%                0        0.000%
INST_MAP_UPDATE_NPC_CF                               0        0.000%                0        0.000%
INST_MAP_UPDATE_NPC_MOV                              0        0.000%                0        0.000%
INST_MAP_UPDATE_NPC_CMOV                             0        0.000%                0        0.000%
INST_MAP_UPDATE_NPC_LDA                              0        0.000%                0        0.000%
INST_MAP_UPDATE_NPC_IMEM                             0        0.000%                0        0.000%
INST_MAP_UPDATE_NPC_IADD                          5054        0.213%             8943        0.190%
INST_MAP_UPDATE_NPC_IMUL                             0        0.000%                0        0.000%
INST_MAP_UPDATE_NPC_IDIV                             0        0.000%                0        0.000%
INST_MAP_UPDATE_NPC_ICMP                             0        0.000%                0        0.000%
INST_MAP_UPDATE_NPC_LOGIC                            0        0.000%                0        0.000%
INST_MAP_UPDATE_NPC_SHIFT                            0        0.000%                0        0.000%
INST_MAP_UPDATE_NPC_FMEM                             0        0.000%                0        0.000%
INST_MAP_UPDATE_NPC_FCVT                             0        0.000%                0        0.000%
INST_MAP_UPDATE_NPC_FADD                             0        0.000%                0        0.000%
INST_MAP_UPDATE_NPC_FMUL                             0        0.000%                0        0.000%
INST_MAP_UPDATE_NPC_FMA                              0        0.000%                0        0.000%
INST_MAP_UPDATE_NPC_FDIV                             0        0.000%                0        0.000%
INST_MAP_UPDATE_NPC_FCMP                             0        0.000%                0        0.000%
INST_MAP_UPDATE_NPC_FCMOV                            0        0.000%                0        0.000%
INST_MAP_UPDATE_NPC_GATHER                           0        0.000%                0        0.000%
INST_MAP_UPDATE_NPC_SCATTER                          0        0.000%                0        0.000%
INST_MAP_UPDATE_NPC_PIPELINED_FAST                   0        0.000%                0        0.000%
INST_MAP_UPDATE_NPC_PIPELINED_MEDIUM                 0        0.000%                0        0.000%
INST_MAP_UPDATE_NPC_PIPELINED_SLOW                   0        0.000%                0        0.000%
INST_MAP_UPDATE_NPC_NOTPIPELINED_MEDIUM              0        0.000%                0        0.000%
INST_MAP_UPDATE_NPC_NOTPIPELINED_SLOW                0        0.000%                0        0.000%
INST_MAP_UPDATE_NPC_NOTPIPELINED_VERY_SLOW             0        0.000%                0        0.000%
INST_MAP_UPDATE_MEM_INV                              0        0.000%                0        0.000%
INST_MAP_UPDATE_MEM_NOP                              0        0.000%                0        0.000%
INST_MAP_UPDATE_MEM_CF                               0        0.000%                0        0.000%
INST_MAP_UPDATE_MEM_MOV                        1110326       46.829%          2360909       50.063%
INST_MAP_UPDATE_MEM_CMOV                             2        0.000%              839        0.018%
INST_MAP_UPDATE_MEM_LDA                              0        0.000%                0        0.000%
INST_MAP_UPDATE_MEM_IMEM                             0        0.000%                0        0.000%
INST_MAP_UPDATE_MEM_IADD                        455695       19.219%           777089       16.478%
INST_MAP_UPDATE_MEM_IMUL                             1        0.000%              730        0.015%
INST_MAP_UPDATE_MEM_IDIV                             0        0.000%                0        0.000%
INST_MAP_UPDATE_MEM_ICMP                        126122        5.319%           226290        4.799%
INST_MAP_UPDATE_MEM_LOGIC                         7136        0.301%            22201        0.471%
INST_MAP_UPDATE_MEM_SHIFT                            0        0.000%                0        0.000%
INST_MAP_UPDATE_MEM_FMEM                             0        0.000%                0        0.000%
INST_MAP_UPDATE_MEM_FCVT                             0        0.000%                0        0.000%
INST_MAP_UPDATE_MEM_FADD                             0        0.000%                0        0.000%
INST_MAP_UPDATE_MEM_FMUL                             0        0.000%                0        0.000%
INST_MAP_UPDATE_MEM_FMA                              0        0.000%                0        0.000%
INST_MAP_UPDATE_MEM_FDIV                             0        0.000%                0        0.000%
INST_MAP_UPDATE_MEM_FCMP                             0        0.000%                0        0.000%
INST_MAP_UPDATE_MEM_FCMOV                            0        0.000%                0        0.000%
INST_MAP_UPDATE_MEM_GATHER                           0        0.000%                0        0.000%
INST_MAP_UPDATE_MEM_SCATTER                          0        0.000%                0        0.000%
INST_MAP_UPDATE_MEM_PIPELINED_FAST                  59        0.002%             1106        0.023%
INST_MAP_UPDATE_MEM_PIPELINED_MEDIUM                 0        0.000%                0        0.000%
INST_MAP_UPDATE_MEM_PIPELINED_SLOW                   0        0.000%                0        0.000%
INST_MAP_UPDATE_MEM_NOTPIPELINED_MEDIUM              0        0.000%                0        0.000%
INST_MAP_UPDATE_MEM_NOTPIPELINED_SLOW                0        0.000%                0        0.000%
INST_MAP_UPDATE_MEM_NOTPIPELINED_VERY_SLOW             0        0.000%                0        0.000%
                                               2371019      100.000%          4715848      100.000%
                                                 24.83         8.56             24.77         8.47



