Scarab gitrev: 3067351
Scarab started at Thu Jan  2 22:48:22 2025

Bloom Table Size 44144 hashes 8
Bloom Table Size 11040 hashes 8
Bloom Table Size 11040 hashes 8
Initialized Ramulator. 
** Heartbeat:   5% -- { 1000000 } -- 0.00 KIPS (11.24 KIPS)
** Heartbeat:  10% -- { 2000002 } -- 11.90 KIPS (11.56 KIPS)
** Heartbeat:  15% -- { 3000005 } -- 12.50 KIPS (11.86 KIPS)
** Heartbeat:  20% -- { 4000007 } -- 12.99 KIPS (12.12 KIPS)
** Heartbeat:  25% -- { 5000008 } -- 12.66 KIPS (12.22 KIPS)
** Heartbeat:  30% -- { 6000012 } -- 12.82 KIPS (12.32 KIPS)
** Heartbeat:  35% -- { 7000013 } -- 12.50 KIPS (12.35 KIPS)
** Heartbeat:  40% -- { 8000013 } -- 13.51 KIPS (12.48 KIPS)
** Heartbeat:  45% -- { 9000013 } -- 12.20 KIPS (12.45 KIPS)
** Heartbeat:  50% -- { 10000014 } -- 12.66 KIPS (12.47 KIPS)
** Heartbeat:  55% -- { 11000016 } -- 13.33 KIPS (12.54 KIPS)
** Heartbeat:  60% -- { 12000021 } -- 11.76 KIPS (12.47 KIPS)
** Heartbeat:  65% -- { 13000024 } -- 13.70 KIPS (12.56 KIPS)
** Heartbeat:  70% -- { 14000028 } -- 13.51 KIPS (12.62 KIPS)
** Heartbeat:  75% -- { 15000030 } -- 13.70 KIPS (12.69 KIPS)
** Heartbeat:  80% -- { 16000030 } -- 14.08 KIPS (12.77 KIPS)
** Heartbeat:  85% -- { 17000033 } -- 15.63 KIPS (12.91 KIPS)
** Heartbeat:  90% -- { 18000035 } -- 18.52 KIPS (13.13 KIPS)
** Heartbeat:  95% -- { 19000037 } -- 23.26 KIPS (13.44 KIPS)
Warning could not fetch inst from frontend
Warning could not fetch inst from frontend
Warning could not fetch inst from frontend
Warning could not fetch inst from frontend
Warning could not fetch inst from frontend
Warning could not fetch inst from frontend
Warning could not fetch inst from frontend
Warning could not fetch inst from frontend
Warning could not fetch inst from frontend
Warning could not fetch inst from frontend
Warning could not fetch inst from frontend
Warning could not fetch inst from frontend
Warning could not fetch inst from frontend
Warning could not fetch inst from frontend
Warning could not fetch inst from frontend
Warning could not fetch inst from frontend
Warning could not fetch inst from frontend
Warning could not fetch inst from frontend
Warning could not fetch inst from frontend
Warning could not fetch inst from frontend
Warning could not fetch inst from frontend
Warning could not fetch inst from frontend
Warning could not fetch inst from frontend
Warning could not fetch inst from frontend
Warning could not fetch inst from frontend
Warning could not fetch inst from frontend
Warning could not fetch inst from frontend
Warning could not fetch inst from frontend
Warning could not fetch inst from frontend
Warning could not fetch inst from frontend
Warning could not fetch inst from frontend
Warning could not fetch inst from frontend
Warning could not fetch inst from frontend
Warning could not fetch inst from frontend
Warning could not fetch inst from frontend
Warning could not fetch inst from frontend
Warning could not fetch inst from frontend
Warning could not fetch inst from frontend
Warning could not fetch inst from frontend
Warning could not fetch inst from frontend
Warning could not fetch inst from frontend
Warning could not fetch inst from frontend
Warning could not fetch inst from frontend
Warning could not fetch inst from frontend
Warning could not fetch inst from frontend
Warning could not fetch inst from frontend
Warning could not fetch inst from frontend
Warning could not fetch inst from frontend
Warning could not fetch inst from frontend
Warning could not fetch inst from frontend
Warning could not fetch inst from frontend
Warning could not fetch inst from frontend
Warning could not fetch inst from frontend
Warning could not fetch inst from frontend
Warning could not fetch inst from frontend
Warning could not fetch inst from frontend
Warning could not fetch inst from frontend
Warning could not fetch inst from frontend
Warning could not fetch inst from frontend
Warning could not fetch inst from frontend
Warning could not fetch inst from frontend
Warning could not fetch inst from frontend
Warning could not fetch inst from frontend
Warning could not fetch inst from frontend
Warning could not fetch inst from frontend
Warning could not fetch inst from frontend
Warning could not fetch inst from frontend
Warning could not fetch inst from frontend
Warning could not fetch inst from frontend
Warning could not fetch inst from frontend
Warning could not fetch inst from frontend
Warning could not fetch inst from frontend
Warning could not fetch inst from frontend
Warning could not fetch inst from frontend
Warning could not fetch inst from frontend
Warning could not fetch inst from frontend
Warning could not fetch inst from frontend
Warning could not fetch inst from frontend
Warning could not fetch inst from frontend
Warning could not fetch inst from frontend
Warning could not fetch inst from frontend
Warning could not fetch inst from frontend
Warning could not fetch inst from frontend
Warning could not fetch inst from frontend
Warning could not fetch inst from frontend
Warning could not fetch inst from frontend
Warning could not fetch inst from frontend
Warning could not fetch inst from frontend
Warning could not fetch inst from frontend
Warning could not fetch inst from frontend
Warning could not fetch inst from frontend
Warning could not fetch inst from frontend
Warning could not fetch inst from frontend
Warning could not fetch inst from frontend
Warning could not fetch inst from frontend
Warning could not fetch inst from frontend
Warning could not fetch inst from frontend
Warning could not fetch inst from frontend
Warning could not fetch inst from frontend
Warning could not fetch inst from frontend
Warning could not fetch inst from frontend
Warning could not fetch inst from frontend
Warning could not fetch inst from frontend
Warning could not fetch inst from frontend
Warning could not fetch inst from frontend
Warning could not fetch inst from frontend
Warning could not fetch inst from frontend
Warning could not fetch inst from frontend
Warning could not fetch inst from frontend
Warning could not fetch inst from frontend
Warning could not fetch inst from frontend
Warning could not fetch inst from frontend
Warning could not fetch inst from frontend
Warning could not fetch inst from frontend
Warning could not fetch inst from frontend
Warning could not fetch inst from frontend
Warning could not fetch inst from frontend
Warning could not fetch inst from frontend
Warning could not fetch inst from frontend
Warning could not fetch inst from frontend
Warning could not fetch inst from frontend
Warning could not fetch inst from frontend
Warning could not fetch inst from frontend
Warning could not fetch inst from frontend
Warning could not fetch inst from frontend
Warning could not fetch inst from frontend
Warning could not fetch inst from frontend
Warning could not fetch inst from frontend
Warning could not fetch inst from frontend
Warning could not fetch inst from frontend
Warning could not fetch inst from frontend
Warning could not fetch inst from frontend
Warning could not fetch inst from frontend
Warning could not fetch inst from frontend
Warning could not fetch inst from frontend
Warning could not fetch inst from frontend
Warning could not fetch inst from frontend
Warning could not fetch inst from frontend
Warning could not fetch inst from frontend
Warning could not fetch inst from frontend
Warning could not fetch inst from frontend
Warning could not fetch inst from frontend
Warning could not fetch inst from frontend
Warning could not fetch inst from frontend
Warning could not fetch inst from frontend
Warning could not fetch inst from frontend
Warning could not fetch inst from frontend
Warning could not fetch inst from frontend
Warning could not fetch inst from frontend
Warning could not fetch inst from frontend
IP accesses: a108 284200 448062 / 7130361
IP misses: b549 2d5240 31 / 799
IP hits: 0 0 0 / 0
IP late: ab35 2acd40 6 / 58
IP wrong: b50c 2d4300 62 / 413
miss rate: 0.000112056
coverage: 0
coverage_late: 0.0725907
accuracy: 0
accuracy_late: 0.123142
discarded: 0
evicts entangled j table: 0
evicts entangled k table: 2
max bb size: 27
formats: 0 38 43 10 24 42 0 
hist_lookups: 69 45 22 17 17 9 2 0 5 4 7 0 0 1 0 0 0 24 
hist_lookups_evict: 0 %
hist_lookups_shortlat: 10.8108 %
bb_found_hist: 0 490907 429452 59101 190446 89174 14492 4216 223453 16294 12699 15 5647 1738 2752 1566 0 53 7546 5237 0 21 21 3030 0 2217 0 308 0 0 0 0 0 0 0 0 0 0 0 0 0 0 0 0 0 0 0 0 0 0 0 0 0 0 0 0 0 0 0 0 0 0 0 0 
bb_found_summary: 5435599 1560385 3.4835
entangled_found_hist: 0 363654 266475 213506 16 0 0 0 
entangled_found_summary: 1537186 843651 1.82206
bb_ent_found_hist: 0 261002 251599 14266 121707 33503 11042 4751 125258 31266 11324 0 0 600 647 3 0 142 17142 0 0 10 25 31191 0 2175 0 0 0 0 0 0 0 0 0 0 0 0 0 0 0 0 0 0 0 0 0 0 0 0 0 0 0 0 0 0 0 0 0 0 0 0 0 0 
bb_ent_found_summary: 4057949 917653 4.4221
** Core 0 Finished:    insts:20000000    cycles:8159858     time:2549955625000       -- 2.45 IPC (2.45 IPC) --  N/A  KIPS (13.75 KIPS)
Scarab finished at Thu Jan  2 23:12:37 2025

