/* -*- Mode: c -*- */
####################################################################################################
Core 0
####################################################################################################
Cumulative:        Cycles: 8556878               Instructions: 20004887              IPC: 2.33787

Periodic:          Cycles: 4292818               Instructions: 9999997               IPC: 2.32947

DCACHE_PREF_HIT                                      0                              0              

IFETCH_WB_FIRST_SCHEDULE                             0         -nan%                0         -nan%
PREFETCH_LAST_SCHEDULE                               0         -nan%                0         -nan%
DEMAND_PASS_PREF_SCHEDULE                            0         -nan%                0         -nan%
DEMAND_PASS_LOW_OP_SCHEDULE                          0         -nan%                0         -nan%
DEMAND_LAST_SCHEDULE                                 0         -nan%                0         -nan%
                                                     0         -nan%                0         -nan%
                                                  -nan         -nan              -nan         -nan

SEND_MISS_REQ_QUEUE                              22278                          46949              

L1_DATA_EVICT                                    14100                          14314              

STREAM_BUFFER_REQ                                    0                              0              

PREF_SEND_TO_MEM_REQ                                 0         -nan%                0         -nan%
PREF_SEND_TO_MEM_REQ_FAIL                            0         -nan%                0         -nan%
                                                     0         -nan%                0         -nan%
                                                  -nan         -nan              -nan         -nan

HIT_TRAIN_STREAM                                  4116       22.666%             8622       23.429%
MISS_TRAIN_STREAM                                14043       77.334%            28179       76.571%
                                                 18159      100.000%            36801      100.000%
                                                  0.77         0.71              0.77         0.70

STREAM_TRAIN_CREATE                               7257                          14288              

MEM_REQ_MISS_HWP_PREF_Q                              0         -nan%                0         -nan%
MEM_REQ_MISS_SW_PREF_Q                               0         -nan%                0         -nan%
MEM_REQ_MISS_IFETCH_Q                                0         -nan%                0         -nan%
MEM_REQ_MISS_DFETCH_Q                                0         -nan%                0         -nan%
MEM_REQ_MISS_DSTORE_Q                                0         -nan%                0         -nan%
MEM_REQ_MISS_DPRF_Q                                  0         -nan%                0         -nan%
MEM_REQ_MISS_WB_Q                                    0         -nan%                0         -nan%
                                                     0         -nan%                0         -nan%
                                                  -nan         -nan              -nan         -nan

PREF_HIT_BY_DEMAND_IFETCH                            0         -nan%                0         -nan%
PREF_HIT_BY_DEMAND_DFETCH                            0         -nan%                0         -nan%
PREF_HIT_BY_DEMAND_DSTORE                            0         -nan%                0         -nan%
PREF_HIT_BY_DEMAND_IPREF                             0         -nan%                0         -nan%
PREF_HIT_BY_DEMAND_DPRF                              0         -nan%                0         -nan%
PREF_HIT_BY_DEMAND_WB                                0         -nan%                0         -nan%
PREF_HIT_BY_PREF                                     0         -nan%                0         -nan%
                                                     0         -nan%                0         -nan%
                                                  -nan         -nan              -nan         -nan

PREF_HIT_DEMAND_IFETCH                               0         -nan%                0         -nan%
PREF_HIT_DEMAND_DFETCH                               0         -nan%                0         -nan%
PREF_HIT_DEMAND_DSTORE                               0         -nan%                0         -nan%
PREF_HIT_DEMAND_IPREF                                0         -nan%                0         -nan%
PREF_HIT_DEMAND_DPRF                                 0         -nan%                0         -nan%
PREF_HIT_DEMAND_WB                                   0         -nan%                0         -nan%
                                                     0         -nan%                0         -nan%
                                                  -nan         -nan              -nan         -nan

PREF_L1_FILL                                         0         -nan%                0         -nan%
DEMAND_L1_FILL                                       0         -nan%                0         -nan%
                                                     0         -nan%                0         -nan%
                                                  -nan         -nan              -nan         -nan

TOUCH_L1_REPLACE                                     0        0.000%                0        0.000%
NO_TOUCH_L1_REPLACE                              14100      100.000%            14314      100.000%
                                                 14100      100.000%            14314      100.000%
                                                  1.00         1.00              1.00         1.00

PREF_REQ_QUE_FULL                                    0                              0              

STREAM_REQ_QUEUE_HIT_BY_DEMAND                       0                              0              

L2HIT_STREAM_PREF_REQ_QUE_FULL                       0                              0              

L2HIT_HIT_TRAIN_STREAM                               0         -nan%                0         -nan%
L2HIT_MISS_TRAIN_STREAM                              0         -nan%                0         -nan%
                                                     0         -nan%                0         -nan%
                                                  -nan         -nan              -nan         -nan

L2HIT_STREAM_TRAIN_CREATE                            0                              0              

L2HIT_STREAM_BUFFER_REQ                              0                              0              

L2HIT_STREAM_PREF_DCACHE_HIT                         0         -nan%                0         -nan%
L2HIT_STREAM_PREF_DCACHE_INSERT                      0         -nan%                0         -nan%
L2HIT_STREAM_L2_MISS                                 0         -nan%                0         -nan%
                                                     0         -nan%                0         -nan%
                                                  -nan         -nan              -nan         -nan

L2HIT_STREAM_DCACHE_PORT_FULL                        0                              0              

L2HIT_STREAM_PREF_L1_PORT_FULL                       0                              0              

L2HIT_TRAIN_HIT_DEMAND                               0         -nan%                0         -nan%
L2HIT_TRAIN_MISS_REQ                                 0         -nan%                0         -nan%
                                                     0         -nan%                0         -nan%
                                                  -nan         -nan              -nan         -nan

L2HIT_TRAIN_FILTER_MISS                              0         -nan%                0         -nan%
L2HIT_TRAIN_FILTER_HIT                               0         -nan%                0         -nan%
                                                     0         -nan%                0         -nan%
                                                  -nan         -nan              -nan         -nan

L2HIT_PREF_REQ_DCACHE_HIT                            0         -nan%                0         -nan%
L2HIT_PREF_REQ_DCACHE_MISS                           0         -nan%                0         -nan%
                                                     0         -nan%                0         -nan%
                                                  -nan         -nan              -nan         -nan

L2HIT_L2SEND_Q_FULL                                  0         -nan%                0         -nan%
L2HIT_L2SEND_Q_ENTER                                 0         -nan%                0         -nan%
                                                     0         -nan%                0         -nan%
                                                  -nan         -nan              -nan         -nan

L2HIT_MEM_REQ                                        0                              0              

REMOVE_REDUNDANT_STREAM_STAT                         0                              0              

REPLACE_OLD_STREAM                                7257                          14272              

REQ_SEND_QUEUE_STALL                                 0                              0              

STREAM_ENTER_RA                                      0                              0              

CORE_STREAM_LENGTH_0                               266       27.033%              439       22.228%
CORE_STREAM_LENGTH_10                              527       53.557%             1047       53.013%
CORE_STREAM_LENGTH_20                              157       15.955%              406       20.557%
CORE_STREAM_LENGTH_30                               26        2.642%               50        2.532%
CORE_STREAM_LENGTH_40                                8        0.813%               23        1.165%
CORE_STREAM_LENGTH_50                                0        0.000%                5        0.253%
CORE_STREAM_LENGTH_60                                0        0.000%                3        0.152%
CORE_STREAM_LENGTH_70                                0        0.000%                1        0.051%
CORE_STREAM_LENGTH_80                                0        0.000%                0        0.000%
CORE_STREAM_LENGTH_90                                0        0.000%                0        0.000%
CORE_STREAM_LENGTH_100_P                             0        0.000%                1        0.051%
                                                   984      100.000%             1975      100.000%
                                                  0.97         0.60              1.09         0.71

CORE_CUM_STREAM_LENGTH_0                          1905       13.895%             3067       10.186%
CORE_CUM_STREAM_LENGTH_10                         7028       51.262%            14247       47.315%
CORE_CUM_STREAM_LENGTH_20                         3585       26.149%             9477       31.474%
CORE_CUM_STREAM_LENGTH_30                          856        6.244%             1668        5.540%
CORE_CUM_STREAM_LENGTH_40                          336        2.451%              999        3.318%
CORE_CUM_STREAM_LENGTH_50                            0        0.000%              263        0.873%
CORE_CUM_STREAM_LENGTH_60                            0        0.000%              192        0.638%
CORE_CUM_STREAM_LENGTH_70                            0        0.000%               72        0.239%
CORE_CUM_STREAM_LENGTH_80                            0        0.000%                0        0.000%
CORE_CUM_STREAM_LENGTH_90                            0        0.000%                0        0.000%
CORE_CUM_STREAM_LENGTH_100_P                         0        0.000%              126        0.418%
                                                 13710      100.000%            30111      100.000%
                                                  1.32         0.72              1.54         1.07

CORE_STREAM_TRAIN_HITS_0                           749       76.118%             1470       74.430%
CORE_STREAM_TRAIN_HITS_10                          226       22.967%              471       23.848%
CORE_STREAM_TRAIN_HITS_20                            9        0.915%               30        1.519%
CORE_STREAM_TRAIN_HITS_30                            0        0.000%                1        0.051%
CORE_STREAM_TRAIN_HITS_40                            0        0.000%                2        0.101%
CORE_STREAM_TRAIN_HITS_50                            0        0.000%                0        0.000%
CORE_STREAM_TRAIN_HITS_60                            0        0.000%                0        0.000%
CORE_STREAM_TRAIN_HITS_70                            0        0.000%                0        0.000%
CORE_STREAM_TRAIN_HITS_80                            0        0.000%                0        0.000%
CORE_STREAM_TRAIN_HITS_90                            0        0.000%                0        0.000%
CORE_STREAM_TRAIN_HITS_100_P                         0        0.000%                1        0.051%
                                                   984      100.000%             1975      100.000%
                                                  0.25         0.40              0.28         0.48

CORE_CUM_STREAM_TRAIN_HITS_0                      5147       63.906%             9934       60.126%
CORE_CUM_STREAM_TRAIN_HITS_10                     2713       33.685%             5693       34.457%
CORE_CUM_STREAM_TRAIN_HITS_20                      194        2.409%              664        4.019%
CORE_CUM_STREAM_TRAIN_HITS_30                        0        0.000%               31        0.188%
CORE_CUM_STREAM_TRAIN_HITS_40                        0        0.000%               91        0.551%
CORE_CUM_STREAM_TRAIN_HITS_50                        0        0.000%                0        0.000%
CORE_CUM_STREAM_TRAIN_HITS_60                        0        0.000%                0        0.000%
CORE_CUM_STREAM_TRAIN_HITS_70                        0        0.000%                0        0.000%
CORE_CUM_STREAM_TRAIN_HITS_80                        0        0.000%                0        0.000%
CORE_CUM_STREAM_TRAIN_HITS_90                        0        0.000%                0        0.000%
CORE_CUM_STREAM_TRAIN_HITS_100_P                     0        0.000%              109        0.660%
                                                  8054      100.000%            16522      100.000%
                                                  0.39         0.44              0.52         0.92

CORE_STREAM_TRAIN_CREATE                          7257                          14288              



