Scarab gitrev: 3067351
Scarab started at Fri Jan  3 00:34:49 2025

Initialized Ramulator. 
** Heartbeat:   5% -- { 1000002 } -- 0.00 KIPS (16.95 KIPS)
** Heartbeat:  10% -- { 2000003 } -- 20.41 KIPS (18.52 KIPS)
** Heartbeat:  15% -- { 3000008 } -- 20.41 KIPS (19.11 KIPS)
** Heartbeat:  20% -- { 4000008 } -- 20.00 KIPS (19.32 KIPS)
** Heartbeat:  25% -- { 5000012 } -- 21.74 KIPS (19.76 KIPS)
** Heartbeat:  30% -- { 6000014 } -- 21.74 KIPS (20.07 KIPS)
** Heartbeat:  35% -- { 7000017 } -- 20.83 KIPS (20.17 KIPS)
** Heartbeat:  40% -- { 8000021 } -- 21.74 KIPS (20.36 KIPS)
** Heartbeat:  45% -- { 9000021 } -- 21.28 KIPS (20.45 KIPS)
** Heartbeat:  50% -- { 10000023 } -- 20.83 KIPS (20.49 KIPS)
** Heartbeat:  55% -- { 11000027 } -- 21.74 KIPS (20.60 KIPS)
** Heartbeat:  60% -- { 12000031 } -- 23.26 KIPS (20.80 KIPS)
** Heartbeat:  65% -- { 13000031 } -- 22.22 KIPS (20.90 KIPS)
** Heartbeat:  70% -- { 14000031 } -- 23.26 KIPS (21.05 KIPS)
** Heartbeat:  75% -- { 15000036 } -- 25.00 KIPS (21.28 KIPS)
** Heartbeat:  80% -- { 16000040 } -- 27.03 KIPS (21.56 KIPS)
** Heartbeat:  85% -- { 17000042 } -- 25.00 KIPS (21.74 KIPS)
** Heartbeat:  90% -- { 18000042 } -- 29.41 KIPS (22.06 KIPS)
** Heartbeat:  95% -- { 19000045 } -- 33.33 KIPS (22.46 KIPS)
Warning could not fetch inst from frontend
Warning could not fetch inst from frontend
Warning could not fetch inst from frontend
Warning could not fetch inst from frontend
Warning could not fetch inst from frontend
Warning could not fetch inst from frontend
Warning could not fetch inst from frontend
Warning could not fetch inst from frontend
Warning could not fetch inst from frontend
Warning could not fetch inst from frontend
Warning could not fetch inst from frontend
Warning could not fetch inst from frontend
Warning could not fetch inst from frontend
Warning could not fetch inst from frontend
Warning could not fetch inst from frontend
Warning could not fetch inst from frontend
Warning could not fetch inst from frontend
Warning could not fetch inst from frontend
Warning could not fetch inst from frontend
Warning could not fetch inst from frontend
Warning could not fetch inst from frontend
Warning could not fetch inst from frontend
Warning could not fetch inst from frontend
Warning could not fetch inst from frontend
Warning could not fetch inst from frontend
Warning could not fetch inst from frontend
Warning could not fetch inst from frontend
Warning could not fetch inst from frontend
Warning could not fetch inst from frontend
Warning could not fetch inst from frontend
Warning could not fetch inst from frontend
Warning could not fetch inst from frontend
Warning could not fetch inst from frontend
Warning could not fetch inst from frontend
Warning could not fetch inst from frontend
Warning could not fetch inst from frontend
Warning could not fetch inst from frontend
Warning could not fetch inst from frontend
Warning could not fetch inst from frontend
Warning could not fetch inst from frontend
Warning could not fetch inst from frontend
Warning could not fetch inst from frontend
Warning could not fetch inst from frontend
Warning could not fetch inst from frontend
Warning could not fetch inst from frontend
Warning could not fetch inst from frontend
Warning could not fetch inst from frontend
Warning could not fetch inst from frontend
Warning could not fetch inst from frontend
Warning could not fetch inst from frontend
Warning could not fetch inst from frontend
Warning could not fetch inst from frontend
Warning could not fetch inst from frontend
Warning could not fetch inst from frontend
Warning could not fetch inst from frontend
Warning could not fetch inst from frontend
Warning could not fetch inst from frontend
Warning could not fetch inst from frontend
Warning could not fetch inst from frontend
Warning could not fetch inst from frontend
Warning could not fetch inst from frontend
Warning could not fetch inst from frontend
Warning could not fetch inst from frontend
Warning could not fetch inst from frontend
Warning could not fetch inst from frontend
Warning could not fetch inst from frontend
Warning could not fetch inst from frontend
Warning could not fetch inst from frontend
Warning could not fetch inst from frontend
Warning could not fetch inst from frontend
Warning could not fetch inst from frontend
Warning could not fetch inst from frontend
Warning could not fetch inst from frontend
Warning could not fetch inst from frontend
Warning could not fetch inst from frontend
Warning could not fetch inst from frontend
Warning could not fetch inst from frontend
Warning could not fetch inst from frontend
Warning could not fetch inst from frontend
Warning could not fetch inst from frontend
Warning could not fetch inst from frontend
Warning could not fetch inst from frontend
Warning could not fetch inst from frontend
Warning could not fetch inst from frontend
Warning could not fetch inst from frontend
Warning could not fetch inst from frontend
Warning could not fetch inst from frontend
Warning could not fetch inst from frontend
Warning could not fetch inst from frontend
Warning could not fetch inst from frontend
Warning could not fetch inst from frontend
Warning could not fetch inst from frontend
Warning could not fetch inst from frontend
Warning could not fetch inst from frontend
Warning could not fetch inst from frontend
Warning could not fetch inst from frontend
Warning could not fetch inst from frontend
Warning could not fetch inst from frontend
Warning could not fetch inst from frontend
Warning could not fetch inst from frontend
Warning could not fetch inst from frontend
Warning could not fetch inst from frontend
Warning could not fetch inst from frontend
Warning could not fetch inst from frontend
Warning could not fetch inst from frontend
Warning could not fetch inst from frontend
Warning could not fetch inst from frontend
Warning could not fetch inst from frontend
Warning could not fetch inst from frontend
Warning could not fetch inst from frontend
Warning could not fetch inst from frontend
Warning could not fetch inst from frontend
Warning could not fetch inst from frontend
Warning could not fetch inst from frontend
Warning could not fetch inst from frontend
Warning could not fetch inst from frontend
Warning could not fetch inst from frontend
Warning could not fetch inst from frontend
Warning could not fetch inst from frontend
Warning could not fetch inst from frontend
Warning could not fetch inst from frontend
Warning could not fetch inst from frontend
Warning could not fetch inst from frontend
Warning could not fetch inst from frontend
Warning could not fetch inst from frontend
Warning could not fetch inst from frontend
Warning could not fetch inst from frontend
Warning could not fetch inst from frontend
Warning could not fetch inst from frontend
Warning could not fetch inst from frontend
Warning could not fetch inst from frontend
** Core 0 Finished:    insts:25963160    cycles:15946146    time:4983170625000       -- 1.63 IPC (1.63 IPC) --  N/A  KIPS (22.99 KIPS)
Scarab finished at Fri Jan  3 00:49:19 2025

