Scarab gitrev: 3067351
Scarab started at Fri Jan  3 02:53:48 2025

Initialized Ramulator. 
** Heartbeat:   5% -- { 1000003 } -- 0.00 KIPS (17.24 KIPS)
** Heartbeat:  10% -- { 2000003 } -- 19.23 KIPS (18.18 KIPS)
** Heartbeat:  15% -- { 3000004 } -- 17.86 KIPS (18.07 KIPS)
** Heartbeat:  20% -- { 4000005 } -- 24.39 KIPS (19.32 KIPS)
** Heartbeat:  25% -- { 5000007 } -- 27.03 KIPS (20.49 KIPS)
** Heartbeat:  30% -- { 6000009 } -- 26.32 KIPS (21.28 KIPS)
** Heartbeat:  35% -- { 7000013 } -- 27.78 KIPS (22.01 KIPS)
** Heartbeat:  40% -- { 8000015 } -- 27.03 KIPS (22.54 KIPS)
** Heartbeat:  45% -- { 9000018 } -- 27.03 KIPS (22.96 KIPS)
** Heartbeat:  50% -- { 10000022 } -- 27.78 KIPS (23.36 KIPS)
** Heartbeat:  55% -- { 11000022 } -- 26.32 KIPS (23.61 KIPS)
** Heartbeat:  60% -- { 12000024 } -- 25.64 KIPS (23.76 KIPS)
** Heartbeat:  65% -- { 13000027 } -- 27.78 KIPS (24.03 KIPS)
** Heartbeat:  70% -- { 14000028 } -- 26.32 KIPS (24.18 KIPS)
** Heartbeat:  75% -- { 15000030 } -- 25.64 KIPS (24.27 KIPS)
** Heartbeat:  80% -- { 16000032 } -- 22.22 KIPS (24.13 KIPS)
** Heartbeat:  85% -- { 17000032 } -- 25.64 KIPS (24.22 KIPS)
** Heartbeat:  90% -- { 18000035 } -- 30.30 KIPS (24.49 KIPS)
** Heartbeat:  95% -- { 19000037 } -- 38.46 KIPS (24.97 KIPS)
Warning could not fetch inst from frontend
Warning could not fetch inst from frontend
Warning could not fetch inst from frontend
Warning could not fetch inst from frontend
Warning could not fetch inst from frontend
Warning could not fetch inst from frontend
Warning could not fetch inst from frontend
Warning could not fetch inst from frontend
Warning could not fetch inst from frontend
Warning could not fetch inst from frontend
Warning could not fetch inst from frontend
Warning could not fetch inst from frontend
Warning could not fetch inst from frontend
Warning could not fetch inst from frontend
Warning could not fetch inst from frontend
Warning could not fetch inst from frontend
Warning could not fetch inst from frontend
Warning could not fetch inst from frontend
Warning could not fetch inst from frontend
Warning could not fetch inst from frontend
Warning could not fetch inst from frontend
Warning could not fetch inst from frontend
Warning could not fetch inst from frontend
Warning could not fetch inst from frontend
Warning could not fetch inst from frontend
Warning could not fetch inst from frontend
Warning could not fetch inst from frontend
Warning could not fetch inst from frontend
Warning could not fetch inst from frontend
Warning could not fetch inst from frontend
Warning could not fetch inst from frontend
Warning could not fetch inst from frontend
Warning could not fetch inst from frontend
Warning could not fetch inst from frontend
Warning could not fetch inst from frontend
Warning could not fetch inst from frontend
Warning could not fetch inst from frontend
Warning could not fetch inst from frontend
Warning could not fetch inst from frontend
Warning could not fetch inst from frontend
Warning could not fetch inst from frontend
Warning could not fetch inst from frontend
Warning could not fetch inst from frontend
Warning could not fetch inst from frontend
Warning could not fetch inst from frontend
Warning could not fetch inst from frontend
Warning could not fetch inst from frontend
Warning could not fetch inst from frontend
Warning could not fetch inst from frontend
Warning could not fetch inst from frontend
Warning could not fetch inst from frontend
Warning could not fetch inst from frontend
Warning could not fetch inst from frontend
Warning could not fetch inst from frontend
Warning could not fetch inst from frontend
Warning could not fetch inst from frontend
Warning could not fetch inst from frontend
Warning could not fetch inst from frontend
Warning could not fetch inst from frontend
Warning could not fetch inst from frontend
Warning could not fetch inst from frontend
Warning could not fetch inst from frontend
Warning could not fetch inst from frontend
Warning could not fetch inst from frontend
Warning could not fetch inst from frontend
Warning could not fetch inst from frontend
Warning could not fetch inst from frontend
Warning could not fetch inst from frontend
Warning could not fetch inst from frontend
Warning could not fetch inst from frontend
Warning could not fetch inst from frontend
Warning could not fetch inst from frontend
Warning could not fetch inst from frontend
Warning could not fetch inst from frontend
Warning could not fetch inst from frontend
Warning could not fetch inst from frontend
Warning could not fetch inst from frontend
Warning could not fetch inst from frontend
Warning could not fetch inst from frontend
Warning could not fetch inst from frontend
Warning could not fetch inst from frontend
Warning could not fetch inst from frontend
Warning could not fetch inst from frontend
** Core 0 Finished:    insts:20111329    cycles:8604637     time:2688949062500       -- 2.34 IPC (2.34 IPC) --  N/A  KIPS (25.45 KIPS)
Scarab finished at Fri Jan  3 03:06:54 2025

