/* -*- Mode: c -*- */
####################################################################################################
Core 0
####################################################################################################
Cumulative:        Cycles: 15976782              Instructions: 20000000              IPC: 1.25182

Periodic:          Cycles: 7369021               Instructions: 9999998               IPC: 1.35703

DCACHE_PREF_HIT                                      0                              0              

IFETCH_WB_FIRST_SCHEDULE                             0         -nan%                0         -nan%
PREFETCH_LAST_SCHEDULE                               0         -nan%                0         -nan%
DEMAND_PASS_PREF_SCHEDULE                            0         -nan%                0         -nan%
DEMAND_PASS_LOW_OP_SCHEDULE                          0         -nan%                0         -nan%
DEMAND_LAST_SCHEDULE                                 0         -nan%                0         -nan%
                                                     0         -nan%                0         -nan%
                                                  -nan         -nan              -nan         -nan

SEND_MISS_REQ_QUEUE                              24117                          90318              

L1_DATA_EVICT                                    23939                          57677              

STREAM_BUFFER_REQ                                    0                              0              

PREF_SEND_TO_MEM_REQ                                 0         -nan%                0         -nan%
PREF_SEND_TO_MEM_REQ_FAIL                            0         -nan%                0         -nan%
                                                     0         -nan%                0         -nan%
                                                  -nan         -nan              -nan         -nan

HIT_TRAIN_STREAM                                  5730       17.613%            18137       18.714%
MISS_TRAIN_STREAM                                26803       82.387%            78781       81.286%
                                                 32533      100.000%            96918      100.000%
                                                  0.82         0.76              0.81         0.75

STREAM_TRAIN_CREATE                              11809                          35238              

MEM_REQ_MISS_HWP_PREF_Q                              0         -nan%                0         -nan%
MEM_REQ_MISS_SW_PREF_Q                               0         -nan%                0         -nan%
MEM_REQ_MISS_IFETCH_Q                                0         -nan%                0         -nan%
MEM_REQ_MISS_DFETCH_Q                                0         -nan%                0         -nan%
MEM_REQ_MISS_DSTORE_Q                                0         -nan%                0         -nan%
MEM_REQ_MISS_DPRF_Q                                  0         -nan%                0         -nan%
MEM_REQ_MISS_WB_Q                                    0         -nan%                0         -nan%
                                                     0         -nan%                0         -nan%
                                                  -nan         -nan              -nan         -nan

PREF_HIT_BY_DEMAND_IFETCH                            0         -nan%                0         -nan%
PREF_HIT_BY_DEMAND_DFETCH                            0         -nan%                0         -nan%
PREF_HIT_BY_DEMAND_DSTORE                            0         -nan%                0         -nan%
PREF_HIT_BY_DEMAND_IPREF                             0         -nan%                0         -nan%
PREF_HIT_BY_DEMAND_DPRF                              0         -nan%                0         -nan%
PREF_HIT_BY_DEMAND_WB                                0         -nan%                0         -nan%
PREF_HIT_BY_PREF                                     0         -nan%                0         -nan%
                                                     0         -nan%                0         -nan%
                                                  -nan         -nan              -nan         -nan

PREF_HIT_DEMAND_IFETCH                               0         -nan%                0         -nan%
PREF_HIT_DEMAND_DFETCH                               0         -nan%                0         -nan%
PREF_HIT_DEMAND_DSTORE                               0         -nan%                0         -nan%
PREF_HIT_DEMAND_IPREF                                0         -nan%                0         -nan%
PREF_HIT_DEMAND_DPRF                                 0         -nan%                0         -nan%
PREF_HIT_DEMAND_WB                                   0         -nan%                0         -nan%
                                                     0         -nan%                0         -nan%
                                                  -nan         -nan              -nan         -nan

PREF_L1_FILL                                         0         -nan%                0         -nan%
DEMAND_L1_FILL                                       0         -nan%                0         -nan%
                                                     0         -nan%                0         -nan%
                                                  -nan         -nan              -nan         -nan

TOUCH_L1_REPLACE                                     0        0.000%                0        0.000%
NO_TOUCH_L1_REPLACE                              23939      100.000%            57677      100.000%
                                                 23939      100.000%            57677      100.000%
                                                  1.00         1.00              1.00         1.00

PREF_REQ_QUE_FULL                                    0                              0              

STREAM_REQ_QUEUE_HIT_BY_DEMAND                       0                              0              

L2HIT_STREAM_PREF_REQ_QUE_FULL                       0                              0              

L2HIT_HIT_TRAIN_STREAM                               0         -nan%                0         -nan%
L2HIT_MISS_TRAIN_STREAM                              0         -nan%                0         -nan%
                                                     0         -nan%                0         -nan%
                                                  -nan         -nan              -nan         -nan

L2HIT_STREAM_TRAIN_CREATE                            0                              0              

L2HIT_STREAM_BUFFER_REQ                              0                              0              

L2HIT_STREAM_PREF_DCACHE_HIT                         0         -nan%                0         -nan%
L2HIT_STREAM_PREF_DCACHE_INSERT                      0         -nan%                0         -nan%
L2HIT_STREAM_L2_MISS                                 0         -nan%                0         -nan%
                                                     0         -nan%                0         -nan%
                                                  -nan         -nan              -nan         -nan

L2HIT_STREAM_DCACHE_PORT_FULL                        0                              0              

L2HIT_STREAM_PREF_L1_PORT_FULL                       0                              0              

L2HIT_TRAIN_HIT_DEMAND                               0         -nan%                0         -nan%
L2HIT_TRAIN_MISS_REQ                                 0         -nan%                0         -nan%
                                                     0         -nan%                0         -nan%
                                                  -nan         -nan              -nan         -nan

L2HIT_TRAIN_FILTER_MISS                              0         -nan%                0         -nan%
L2HIT_TRAIN_FILTER_HIT                               0         -nan%                0         -nan%
                                                     0         -nan%                0         -nan%
                                                  -nan         -nan              -nan         -nan

L2HIT_PREF_REQ_DCACHE_HIT                            0         -nan%                0         -nan%
L2HIT_PREF_REQ_DCACHE_MISS                           0         -nan%                0         -nan%
                                                     0         -nan%                0         -nan%
                                                  -nan         -nan              -nan         -nan

L2HIT_L2SEND_Q_FULL                                  0         -nan%                0         -nan%
L2HIT_L2SEND_Q_ENTER                                 0         -nan%                0         -nan%
                                                     0         -nan%                0         -nan%
                                                  -nan         -nan              -nan         -nan

L2HIT_MEM_REQ                                        0                              0              

REMOVE_REDUNDANT_STREAM_STAT                         0                              0              

REPLACE_OLD_STREAM                               11809                          35222              

REQ_SEND_QUEUE_STALL                                 0                              0              

STREAM_ENTER_RA                                      0                              0              

CORE_STREAM_LENGTH_0                               435       27.602%             1672       35.334%
CORE_STREAM_LENGTH_10                              880       55.838%             2571       54.332%
CORE_STREAM_LENGTH_20                              208       13.198%              363        7.671%
CORE_STREAM_LENGTH_30                               17        1.079%               36        0.761%
CORE_STREAM_LENGTH_40                                7        0.444%               20        0.423%
CORE_STREAM_LENGTH_50                                6        0.381%               20        0.423%
CORE_STREAM_LENGTH_60                                1        0.063%                5        0.106%
CORE_STREAM_LENGTH_70                                3        0.190%                7        0.148%
CORE_STREAM_LENGTH_80                                0        0.000%                4        0.085%
CORE_STREAM_LENGTH_90                                0        0.000%                1        0.021%
CORE_STREAM_LENGTH_100_P                            19        1.206%               33        0.697%
                                                  1576      100.000%             4732      100.000%
                                                  1.03         1.15              0.85         1.00

CORE_CUM_STREAM_LENGTH_0                          3041       12.271%            11156       17.347%
CORE_CUM_STREAM_LENGTH_10                        12038       48.578%            34458       53.582%
CORE_CUM_STREAM_LENGTH_20                         4577       18.470%             7876       12.247%
CORE_CUM_STREAM_LENGTH_30                          580        2.341%             1209        1.880%
CORE_CUM_STREAM_LENGTH_40                          312        1.259%              875        1.361%
CORE_CUM_STREAM_LENGTH_50                          327        1.320%             1078        1.676%
CORE_CUM_STREAM_LENGTH_60                           65        0.262%              307        0.477%
CORE_CUM_STREAM_LENGTH_70                          216        0.872%              515        0.801%
CORE_CUM_STREAM_LENGTH_80                            0        0.000%              340        0.529%
CORE_CUM_STREAM_LENGTH_90                            0        0.000%               91        0.142%
CORE_CUM_STREAM_LENGTH_100_P                      3625       14.628%             6404        9.958%
                                                 24781      100.000%            64309      100.000%
                                                  2.58         3.26              2.11         2.83

CORE_STREAM_TRAIN_HITS_0                          1506       95.558%             4254       89.899%
CORE_STREAM_TRAIN_HITS_10                           43        2.728%              372        7.861%
CORE_STREAM_TRAIN_HITS_20                            2        0.127%               20        0.423%
CORE_STREAM_TRAIN_HITS_30                            2        0.127%               18        0.380%
CORE_STREAM_TRAIN_HITS_40                            5        0.317%               16        0.338%
CORE_STREAM_TRAIN_HITS_50                            1        0.063%               12        0.254%
CORE_STREAM_TRAIN_HITS_60                            0        0.000%                1        0.021%
CORE_STREAM_TRAIN_HITS_70                            1        0.063%                5        0.106%
CORE_STREAM_TRAIN_HITS_80                            1        0.063%                6        0.127%
CORE_STREAM_TRAIN_HITS_90                            1        0.063%                1        0.021%
CORE_STREAM_TRAIN_HITS_100_P                        14        0.888%               27        0.571%
                                                  1576      100.000%             4732      100.000%
                                                  0.15         1.04              0.20         0.95

CORE_CUM_STREAM_TRAIN_HITS_0                      8559       71.094%            24581       66.319%
CORE_CUM_STREAM_TRAIN_HITS_10                      502        4.170%             4080       11.008%
CORE_CUM_STREAM_TRAIN_HITS_20                       42        0.349%              481        1.298%
CORE_CUM_STREAM_TRAIN_HITS_30                       71        0.590%              625        1.686%
CORE_CUM_STREAM_TRAIN_HITS_40                      210        1.744%              706        1.905%
CORE_CUM_STREAM_TRAIN_HITS_50                       54        0.449%              651        1.756%
CORE_CUM_STREAM_TRAIN_HITS_60                        0        0.000%               67        0.181%
CORE_CUM_STREAM_TRAIN_HITS_70                       70        0.581%              371        1.001%
CORE_CUM_STREAM_TRAIN_HITS_80                       82        0.681%              511        1.379%
CORE_CUM_STREAM_TRAIN_HITS_90                       91        0.756%               91        0.246%
CORE_CUM_STREAM_TRAIN_HITS_100_P                  2358       19.586%             4901       13.223%
                                                 12039      100.000%            37065      100.000%
                                                  2.28         3.68              1.89         3.24

CORE_STREAM_TRAIN_CREATE                         11809                          35238              



