/* -*- Mode: c -*- */
####################################################################################################
Core 0
####################################################################################################
Cumulative:        Cycles: 8159877               Instructions: 20000000              IPC: 2.45102

Periodic:          Cycles: 3974992               Instructions: 10000000              IPC: 2.51573

EXECUTION_TIME                           1242185000000                  2549961562500              

NODE_CYCLE                                     3974992                        8159877              

NODE_INST_COUNT                               10000000                       20000000              

NODE_INST_COUNT_FETCHED                       10000000                       20000000              

NODE_UOP_COUNT                                13233287                       26446443              

FULL_WINDOW_STALL                              1018428       25.621%          2172558       26.625%

FULL_WINDOW_MEM_OP                              694007       93.980%          1536471       94.677%
FULL_WINDOW_FP_OP                                    0        0.000%                0        0.000%
FULL_WINDOW_OTHER_OP                             44454        6.020%            86387        5.323%
                                                738461      100.000%          1622858      100.000%
                                                  0.12         0.46              0.11         0.44

RET_BLOCKED_DC_MISS                             669096       16.833%          1544282       18.925%

RET_BLOCKED_L1_MISS                             262816        6.612%           716103        8.776%

RET_BLOCKED_L1_MISS_BW_PREF                      17036        0.429%            35802        0.439%

RET_BLOCKED_L1_ACCESS                           406310       10.222%           828614       10.155%

RET_BLOCKED_MEM_STALL                           262816        6.612%           716103        8.776%

RET_BLOCKED_OFFCHIP_DEMAND                           0        0.000%                0        0.000%

OP_ISSUED                                     14589621                       29389019              

OP_RETIRED                                    13233287                       26446443              

REPLAY_SIGNALED                                      0                              0              

REPLAY_COUNTED                                       0                              0              

OFF_CRITICAL_PATH                                    0         -nan%                0         -nan%
ON_CRITICAL_PATH                                     0         -nan%                0         -nan%
                                                     0         -nan%                0         -nan%
                                                  -nan         -nan              -nan         -nan

LD_NO_DEPENDENTS                                362951       12.981%           727486       13.021%
LD_DEPENDENTS                                  2433002       87.019%          4859564       86.979%
                                               2795953      100.000%          5587050      100.000%
                                                  0.87         0.82              0.87         0.82

LD_EXEC_CYCLES_0                                     0        0.000%                0        0.000%
LD_EXEC_CYCLES_1                                     0        0.000%                0        0.000%
LD_EXEC_CYCLES_2                                     0        0.000%                0        0.000%
LD_EXEC_CYCLES_3                                   410       71.429%              827       70.263%
LD_EXEC_CYCLES_4                                   164       28.571%              350       29.737%
                                                   574      100.000%             1177      100.000%
                                                  3.29         1.82              3.30         1.86

ICACHE_STAGE_STARVED                              2216        0.084%            20668        0.389%
ICACHE_STAGE_NOT_STARVED                       2647422       99.916%          5289219       99.611%
                                               2649638      100.000%          5309887      100.000%
                                                  1.00         1.00              1.00         0.99

ICACHE_STAGE_STALLED                            769429       19.357%          1581236       19.378%
ICACHE_STAGE_NOT_STALLED                       2649637       66.658%          5309887       65.073%
ICACHE_STAGE_OFF_PATH                           555926       13.986%          1268754       15.549%
                                               3974992      100.000%          8159877      100.000%
                                                  0.95         0.53              0.96         0.56

DECODE_STAGE_STARVED                            757268       21.289%          1617022       22.384%
DECODE_STAGE_NOT_STARVED                       2799780       78.711%          5607004       77.616%
                                               3557048      100.000%          7224026      100.000%
                                                  0.79         0.72              0.78         0.71

DECODE_STAGE_STALLED                            771734       19.415%          1586061       19.437%
DECODE_STAGE_NOT_STALLED                       2785314       70.071%          5637965       69.094%
DECODE_STAGE_OFF_PATH                           417944       10.514%           935851       11.469%
                                               3974992      100.000%          8159877      100.000%
                                                  0.91         0.47              0.92         0.48

UOPQ_STAGE_STARVED                              757460       19.056%          1617559       19.823%
UOPQ_STAGE_NOT_STARVED                         3217532       80.944%          6542318       80.177%
                                               3974992      100.000%          8159877      100.000%
                                                  0.81         0.75              0.80         0.74

UOPQ_STAGE_STALLED                                   0        0.000%                0        0.000%
UOPQ_STAGE_NOT_STALLED                         3974992      100.000%          8159877      100.000%
UOPQ_STAGE_OFF_PATH                                  0        0.000%                0        0.000%
                                               3974992      100.000%          8159877      100.000%
                                                  1.00         0.00              1.00         0.00

MAP_STAGE_STARVED                                24586        0.709%            67797        0.969%
MAP_STAGE_NOT_STARVED                          3442918       99.291%          6927434       99.031%
                                               3467504      100.000%          6995231      100.000%
                                                  0.99         0.99              0.99         0.99

MAP_STAGE_STALLED                               796896       20.048%          1638534       20.080%
MAP_STAGE_NOT_STALLED                          2670608       67.185%          5356697       65.647%
MAP_STAGE_OFF_PATH                              507488       12.767%          1164646       14.273%
                                               3974992      100.000%          8159877      100.000%
                                                  0.93         0.51              0.94         0.54

EXEC_STAGE_STARVED                             1384011       34.818%          2737087       33.543%
EXEC_STAGE_NOT_STARVED                         2237804       56.297%          4578395       56.109%
EXEC_STAGE_OFF_PATH                             353177        8.885%           844395       10.348%
                                               3974992      100.000%          8159877      100.000%
                                                  0.74         0.48              0.77         0.50

FU_BUSY_0                                      3635642                        7322735              

FU_BUSY_1                                      2269689                        4569247              

FU_BUSY_2                                      1176345                        2367064              

FU_BUSY_3                                       518590                        1046231              

FU_BUSY_4                                      2017153                        4042787              

FU_BUSY_5                                       384404                         772303              

FU_BUSY_6                                      3277192                        6573522              

FU_BUSY_7                                      1976288                        3943194              

FU_BUSY_8                                      1156184                        2305411              

FU_BUSY_9                                       791486                        1576180              

FU_BUSY_10                                           0                              0              

FU_BUSY_11                                           0                              0              

FU_BUSY_12                                           0                              0              

FU_BUSY_13                                           0                              0              

FU_BUSY_14                                           0                              0              

FU_BUSY_15                                           0                              0              

FU_BUSY_16                                           0                              0              

FU_BUSY_17                                           0                              0              

FU_BUSY_18                                           0                              0              

FU_BUSY_19                                           0                              0              

FU_BUSY_20                                           0                              0              

FU_BUSY_21                                           0                              0              

FU_BUSY_22                                           0                              0              

FU_BUSY_23                                           0                              0              

FU_BUSY_24                                           0                              0              

FU_BUSY_25                                           0                              0              

FU_BUSY_26                                           0                              0              

FU_BUSY_27                                           0                              0              

FU_BUSY_28                                           0                              0              

FU_BUSY_29                                           0                              0              

FU_BUSY_30                                           0                              0              

FU_BUSY_31                                           0                              0              

OP_WAIT_0                                      9648835                       19271872              

OP_WAIT_1                                      1707198                        3442606              

OP_WAIT_2                                       509460                        1033271              

OP_WAIT_3                                       212239                         424882              

OP_WAIT_4                                       139659                         277798              

OP_WAIT_5                                       105558                         212163              

OP_WAIT_6                                        80991                         160388              

OP_WAIT_7                                        62697                         124492              

OP_WAIT_8                                        49467                          99244              

OP_WAIT_9                                        43204                          85486              

OP_WAIT_10                                       30113                          58858              

OP_WAIT_11                                       23979                          47803              

OP_WAIT_12                                       19363                          38034              

OP_WAIT_13                                       16042                          31634              

OP_WAIT_14                                       19332                          37657              

OP_WAIT_15                                       12445                          24097              

OP_WAIT_16                                       14402                          28357              

OP_WAIT_17                                       12429                          24289              

OP_WAIT_18                                       10806                          20605              

OP_WAIT_19                                       12406                          24427              

OP_WAIT_20                                       11952                          23633              

OP_WAIT_21                                        9702                          19399              

OP_WAIT_22                                       11403                          22974              

OP_WAIT_23                                       10557                          21498              

OP_WAIT_24                                       11485                          23332              

OP_WAIT_25                                        8485                          17265              

OP_WAIT_26                                        6858                          13889              

OP_WAIT_27                                        7422                          14607              

OP_WAIT_28                                        5923                          11872              

OP_WAIT_29                                        6833                          13499              

OP_WAIT_30                                        7569                          14451              

OP_WAIT_31                                      404473                         782061              

ROW_SIZE_0                                     1282413                        2765804              

ROW_SIZE_1                                      293929                         585887              

ROW_SIZE_2                                      184895                         369141              

ROW_SIZE_3                                      109098                         216542              

ROW_SIZE_4                                       80421                         158956              

ROW_SIZE_5                                       85284                         168642              

ROW_SIZE_6                                     1915695                        3832269              

ROW_SIZE_7                                           0                              0              

ROW_SIZE_8                                           0                              0              

ROW_SIZE_9                                           0                              0              

ROW_SIZE_10                                          0                              0              

ROW_SIZE_11                                          0                              0              

ROW_SIZE_12                                          0                              0              

ROW_SIZE_13                                          0                              0              

ROW_SIZE_14                                          0                              0              

ROW_SIZE_15                                          0                              0              

ROW_SIZE_16                                          0                              0              

ROW_SIZE_17                                          0                              0              

ROW_SIZE_18                                          0                              0              

ROW_SIZE_19                                          0                              0              

ROW_SIZE_20                                          0                              0              

ROW_SIZE_21                                          0                              0              

ROW_SIZE_22                                          0                              0              

ROW_SIZE_23                                          0                              0              

ROW_SIZE_24                                          0                              0              

ROW_SIZE_25                                          0                              0              

ROW_SIZE_26                                          0                              0              

ROW_SIZE_27                                          0                              0              

ROW_SIZE_28                                          0                              0              

ROW_SIZE_29                                          0                              0              

ROW_SIZE_30                                          0                              0              

ROW_SIZE_31                                          0                              0              

RET_OP_EXEC_COUNT_0                                  0        0.000%                0        0.000%
RET_OP_EXEC_COUNT_1                           13233287      100.000%         26446443      100.000%
RET_OP_EXEC_COUNT_2                                  0        0.000%                0        0.000%
RET_OP_EXEC_COUNT_3                                  0        0.000%                0        0.000%
RET_OP_EXEC_COUNT_4                                  0        0.000%                0        0.000%
RET_OP_EXEC_COUNT_5                                  0        0.000%                0        0.000%
RET_OP_EXEC_COUNT_6                                  0        0.000%                0        0.000%
RET_OP_EXEC_COUNT_7                                  0        0.000%                0        0.000%
RET_OP_EXEC_COUNT_8                                  0        0.000%                0        0.000%
RET_OP_EXEC_COUNT_9                                  0        0.000%                0        0.000%
RET_OP_EXEC_COUNT_10                                 0        0.000%                0        0.000%
RET_OP_EXEC_COUNT_11                                 0        0.000%                0        0.000%
RET_OP_EXEC_COUNT_12                                 0        0.000%                0        0.000%
RET_OP_EXEC_COUNT_13                                 0        0.000%                0        0.000%
RET_OP_EXEC_COUNT_14                                 0        0.000%                0        0.000%
RET_OP_EXEC_COUNT_15                                 0        0.000%                0        0.000%
RET_OP_EXEC_COUNT_16                                 0        0.000%                0        0.000%
RET_OP_EXEC_COUNT_17                                 0        0.000%                0        0.000%
RET_OP_EXEC_COUNT_18                                 0        0.000%                0        0.000%
RET_OP_EXEC_COUNT_19                                 0        0.000%                0        0.000%
RET_OP_EXEC_COUNT_20                                 0        0.000%                0        0.000%
RET_OP_EXEC_COUNT_21                                 0        0.000%                0        0.000%
RET_OP_EXEC_COUNT_22                                 0        0.000%                0        0.000%
RET_OP_EXEC_COUNT_23                                 0        0.000%                0        0.000%
RET_OP_EXEC_COUNT_24                                 0        0.000%                0        0.000%
RET_OP_EXEC_COUNT_25                                 0        0.000%                0        0.000%
RET_OP_EXEC_COUNT_26                                 0        0.000%                0        0.000%
RET_OP_EXEC_COUNT_27                                 0        0.000%                0        0.000%
RET_OP_EXEC_COUNT_28                                 0        0.000%                0        0.000%
RET_OP_EXEC_COUNT_29                                 0        0.000%                0        0.000%
RET_OP_EXEC_COUNT_30                                 0        0.000%                0        0.000%
RET_OP_EXEC_COUNT_31                                 0        0.000%                0        0.000%
RET_OP_EXEC_COUNT_32                                 0        0.000%                0        0.000%
                                              13233287      100.000%         26446443      100.000%
                                                  1.00         0.00              1.00         0.00

RET_STALL_LENGTH_0                            13231568       99.987%         26441614       99.982%
RET_STALL_LENGTH_100                              1622        0.012%             4599        0.017%
RET_STALL_LENGTH_200                                33        0.000%               87        0.000%
RET_STALL_LENGTH_300                                 4        0.000%               12        0.000%
RET_STALL_LENGTH_400                                 6        0.000%               10        0.000%
RET_STALL_LENGTH_500                                 6        0.000%                7        0.000%
RET_STALL_LENGTH_600                                 5        0.000%                8        0.000%
RET_STALL_LENGTH_700                                 6        0.000%               11        0.000%
RET_STALL_LENGTH_800                                 8        0.000%               13        0.000%
RET_STALL_LENGTH_900                                 1        0.000%                7        0.000%
RET_STALL_LENGTH_1000                                5        0.000%                9        0.000%
RET_STALL_LENGTH_1100                               12        0.000%               32        0.000%
RET_STALL_LENGTH_1200                                9        0.000%               27        0.000%
RET_STALL_LENGTH_1300                                2        0.000%                7        0.000%
RET_STALL_LENGTH_1400                                0        0.000%                0        0.000%
RET_STALL_LENGTH_1500                                0        0.000%                0        0.000%
RET_STALL_LENGTH_1600                                0        0.000%                0        0.000%
RET_STALL_LENGTH_1700                                0        0.000%                0        0.000%
RET_STALL_LENGTH_1800                                0        0.000%                0        0.000%
RET_STALL_LENGTH_1900                                0        0.000%                0        0.000%
RET_STALL_LENGTH_2000                                0        0.000%                0        0.000%
RET_STALL_LENGTH_2100                                0        0.000%                0        0.000%
RET_STALL_LENGTH_2200                                0        0.000%                0        0.000%
RET_STALL_LENGTH_2300                                0        0.000%                0        0.000%
RET_STALL_LENGTH_2400                                0        0.000%                0        0.000%
RET_STALL_LENGTH_2500                                0        0.000%                0        0.000%
RET_STALL_LENGTH_2600                                0        0.000%                0        0.000%
RET_STALL_LENGTH_2700                                0        0.000%                0        0.000%
RET_STALL_LENGTH_2800                                0        0.000%                0        0.000%
RET_STALL_LENGTH_2900                                0        0.000%                0        0.000%
RET_STALL_LENGTH_3000                                0        0.000%                0        0.000%
RET_STALL_LENGTH_3100                                0        0.000%                0        0.000%
RET_STALL_LENGTH_3200                                0        0.000%                0        0.000%
RET_STALL_LENGTH_3300                                0        0.000%                0        0.000%
RET_STALL_LENGTH_3400                                0        0.000%                0        0.000%
RET_STALL_LENGTH_3500                                0        0.000%                0        0.000%
RET_STALL_LENGTH_3600                                0        0.000%                0        0.000%
RET_STALL_LENGTH_3700                                0        0.000%                0        0.000%
RET_STALL_LENGTH_3800                                0        0.000%                0        0.000%
RET_STALL_LENGTH_3900                                0        0.000%                0        0.000%
RET_STALL_LENGTH_4000                                0        0.000%                0        0.000%
RET_STALL_LENGTH_4100                                0        0.000%                0        0.000%
RET_STALL_LENGTH_4200                                0        0.000%                0        0.000%
RET_STALL_LENGTH_4300                                0        0.000%                0        0.000%
RET_STALL_LENGTH_4400                                0        0.000%                0        0.000%
RET_STALL_LENGTH_4500                                0        0.000%                0        0.000%
RET_STALL_LENGTH_4600                                0        0.000%                0        0.000%
RET_STALL_LENGTH_4700                                0        0.000%                0        0.000%
RET_STALL_LENGTH_4800                                0        0.000%                0        0.000%
RET_STALL_LENGTH_4900                                0        0.000%                0        0.000%
RET_STALL_LENGTH_5000                                0        0.000%                0        0.000%
                                              13233287      100.000%         26446443      100.000%
                                                  0.00         0.02              0.00         0.03

MEM_BLOCK_LENGTH_0                                   0         -nan%                2      100.000%
MEM_BLOCK_LENGTH_100                                 0         -nan%                0        0.000%
MEM_BLOCK_LENGTH_200                                 0         -nan%                0        0.000%
MEM_BLOCK_LENGTH_300                                 0         -nan%                0        0.000%
MEM_BLOCK_LENGTH_400                                 0         -nan%                0        0.000%
MEM_BLOCK_LENGTH_500                                 0         -nan%                0        0.000%
MEM_BLOCK_LENGTH_600                                 0         -nan%                0        0.000%
MEM_BLOCK_LENGTH_700                                 0         -nan%                0        0.000%
MEM_BLOCK_LENGTH_800                                 0         -nan%                0        0.000%
MEM_BLOCK_LENGTH_900                                 0         -nan%                0        0.000%
MEM_BLOCK_LENGTH_1000                                0         -nan%                0        0.000%
MEM_BLOCK_LENGTH_1100                                0         -nan%                0        0.000%
MEM_BLOCK_LENGTH_1200                                0         -nan%                0        0.000%
MEM_BLOCK_LENGTH_1300                                0         -nan%                0        0.000%
MEM_BLOCK_LENGTH_1400                                0         -nan%                0        0.000%
MEM_BLOCK_LENGTH_1500                                0         -nan%                0        0.000%
MEM_BLOCK_LENGTH_1600                                0         -nan%                0        0.000%
MEM_BLOCK_LENGTH_1700                                0         -nan%                0        0.000%
MEM_BLOCK_LENGTH_1800                                0         -nan%                0        0.000%
MEM_BLOCK_LENGTH_1900                                0         -nan%                0        0.000%
MEM_BLOCK_LENGTH_2000                                0         -nan%                0        0.000%
MEM_BLOCK_LENGTH_2100                                0         -nan%                0        0.000%
MEM_BLOCK_LENGTH_2200                                0         -nan%                0        0.000%
MEM_BLOCK_LENGTH_2300                                0         -nan%                0        0.000%
MEM_BLOCK_LENGTH_2400                                0         -nan%                0        0.000%
MEM_BLOCK_LENGTH_2500                                0         -nan%                0        0.000%
MEM_BLOCK_LENGTH_2600                                0         -nan%                0        0.000%
MEM_BLOCK_LENGTH_2700                                0         -nan%                0        0.000%
MEM_BLOCK_LENGTH_2800                                0         -nan%                0        0.000%
MEM_BLOCK_LENGTH_2900                                0         -nan%                0        0.000%
MEM_BLOCK_LENGTH_3000                                0         -nan%                0        0.000%
MEM_BLOCK_LENGTH_3100                                0         -nan%                0        0.000%
MEM_BLOCK_LENGTH_3200                                0         -nan%                0        0.000%
MEM_BLOCK_LENGTH_3300                                0         -nan%                0        0.000%
MEM_BLOCK_LENGTH_3400                                0         -nan%                0        0.000%
MEM_BLOCK_LENGTH_3500                                0         -nan%                0        0.000%
MEM_BLOCK_LENGTH_3600                                0         -nan%                0        0.000%
MEM_BLOCK_LENGTH_3700                                0         -nan%                0        0.000%
MEM_BLOCK_LENGTH_3800                                0         -nan%                0        0.000%
MEM_BLOCK_LENGTH_3900                                0         -nan%                0        0.000%
MEM_BLOCK_LENGTH_4000                                0         -nan%                0        0.000%
MEM_BLOCK_LENGTH_4100                                0         -nan%                0        0.000%
MEM_BLOCK_LENGTH_4200                                0         -nan%                0        0.000%
MEM_BLOCK_LENGTH_4300                                0         -nan%                0        0.000%
MEM_BLOCK_LENGTH_4400                                0         -nan%                0        0.000%
MEM_BLOCK_LENGTH_4500                                0         -nan%                0        0.000%
MEM_BLOCK_LENGTH_4600                                0         -nan%                0        0.000%
MEM_BLOCK_LENGTH_4700                                0         -nan%                0        0.000%
MEM_BLOCK_LENGTH_4800                                0         -nan%                0        0.000%
MEM_BLOCK_LENGTH_4900                                0         -nan%                0        0.000%
MEM_BLOCK_LENGTH_5000                                0         -nan%                0        0.000%
                                                     0         -nan%                2      100.000%
                                                  -nan         -nan              0.00         0.00

FUS_BUSY_ON_PATH                              16410955        4.1286         32730705        4.0112

FUS_BUSY_OFF_PATH                               792018        0.1993          1787969        0.2191

FU_BUSY_MEM_STALL                              3312952        0.8334          6576921        0.8060

FUS_EMPTY                                     22546947        5.6722         47080096        5.7697

CHIP_UTILIZATION                                     0        0.0000                0        0.0000

CYCLES_UNDER_MEM_REQ                                 0                              0              

CYCLES_UNDER_NO_MEM_REQ                              0                              0              

CYCLES_UNDER_CRITICAL_MEM_REQ                        0                              0              

CYCLES_UNDER_NONCRITICAL_MEM_REQ                     0                              0              

CHIP_UTILIZATION_UNDER_MEM_REQ                       0          -nan                0          -nan

CHIP_UTILIZATION_UNDER_NO_MEM_REQ                    0          -nan                0          -nan

CHIP_UTILIZATION_UNDER_CRITICAL_MEM_REQ              0          -nan                0          -nan

CHIP_UTILIZATION_UNDER_NONCRITICAL_MEM_REQ             0          -nan                0          -nan

CYCLES_NOT_WAITING_FOR_OFF_CHIP                      0        0.0000                0        0.0000

FUS_BUSY_NOT_WAITING_FOR_OFF_CHIP                    0          -nan                0          -nan

CYCLES_WAITING_FOR_OFF_CHIP                          0        0.0000                0        0.0000

FUS_BUSY_WAITING_FOR_OFF_CHIP                        0          -nan                0          -nan

TOTAL_OFF_CHIP_DELAYS_LEFT                           0                              0              

WRONG_IO_SCHED                                       0                              0              

DVFS_CONFIG_SWITCH                                   0                              0              

UOP_CACHE_ICACHE_SWITCH_ONPATH                       0         -nan%                0         -nan%
UOP_CACHE_ICACHE_SWITCH_OFFPATH                      0         -nan%                0         -nan%
                                                     0         -nan%                0         -nan%
                                                  -nan         -nan              -nan         -nan

MAP_STAGE_RECEIVED_OPS_0                             0        0.000%                0        0.000%
MAP_STAGE_RECEIVED_OPS_1                        213569        8.057%           426189        8.045%
MAP_STAGE_RECEIVED_OPS_2                         66549        2.510%           133647        2.523%
MAP_STAGE_RECEIVED_OPS_3                        248171        9.362%           495856        9.361%
MAP_STAGE_RECEIVED_OPS_4                        235484        8.883%           470046        8.873%
MAP_STAGE_RECEIVED_OPS_5                        130859        4.936%           263352        4.971%
MAP_STAGE_RECEIVED_OPS_6                       1756247       66.251%          3508162       66.226%
MAP_STAGE_RECEIVED_OPS_7                             0        0.000%                0        0.000%
MAP_STAGE_RECEIVED_OPS_8                             0        0.000%                0        0.000%
MAP_STAGE_RECEIVED_OPS_MAX                           0        0.000%                0        0.000%
                                               2650879      100.000%          5297252      100.000%
                                                  4.99         1.63              4.99         1.62

MAP_STAGE_WAIT_FOR_DECODE                            0         -nan%                0         -nan%
MAP_STAGE_CONSUME_DECODE                             0         -nan%                0         -nan%
                                                     0         -nan%                0         -nan%
                                                  -nan         -nan              -nan         -nan

MAP_STAGE_WAIT_FOR_DECODE2                           0         -nan%                0         -nan%
MAP_STAGE_CONSUME_DECODE2                            0         -nan%                0         -nan%
                                                     0         -nan%                0         -nan%
                                                  -nan         -nan              -nan         -nan

FTQ_RECOVER_EXEC                                  6626                          15031              

FTQ_RECOVER_DECODE                                   8                            220              

FTQ_OFFPATH_CYCLES                              655566                        1505382              

FTQ_CYCLES_OFFPATH                              678164                        1550375              

FTQ_CYCLES_ONPATH                              3296828                        6609502              

FTQ_FETCHED_INS_OFFPATH                        2346851                        5189889              

FTQ_FETCHED_INS_ONPATH                        13226653                       26431192              

FTQ_BREAK_FULL_BLOCK_OFFPATH                    648674       16.319%          1475712       18.085%
FTQ_BREAK_FULL_BLOCK_ONPATH                    3158884       79.471%          6320139       77.455%
FTQ_BREAK_MAX_BLOCKS_OFFPATH                     36123        0.909%            89914        1.102%
FTQ_BREAK_MAX_BLOCKS_ONPATH                     131184        3.300%           273985        3.358%
FTQ_BREAK_PRED_BR_OFFPATH                            0        0.000%                0        0.000%
FTQ_BREAK_PRED_BR_ONPATH                             0        0.000%                0        0.000%
FTQ_BREAK_BAR_FETCH_OFFPATH                          0        0.000%                0        0.000%
FTQ_BREAK_BAR_FETCH_ONPATH                           0        0.000%                0        0.000%
                                               3974865      100.000%          8159750      100.000%
                                                  0.91         0.40              0.90         0.41



