/* -*- Mode: c -*- */
####################################################################################################
Core 0
####################################################################################################
Cumulative:        Cycles: 8704241               Instructions: 21481942              IPC: 2.46799

Periodic:          Cycles: 4146189               Instructions: 10748009              IPC: 2.59226

EXECUTION_TIME                           1295684062500                  2720075312500              

NODE_CYCLE                                     4146189                        8704241              

NODE_INST_COUNT                               10748009                       21481942              

NODE_INST_COUNT_FETCHED                        9999997                       20000000              

NODE_UOP_COUNT                                15267502                       30485367              

FULL_WINDOW_STALL                               427143       10.302%           889555       10.220%

FULL_WINDOW_MEM_OP                              379520       99.881%           800926       99.898%
FULL_WINDOW_FP_OP                                    0        0.000%                0        0.000%
FULL_WINDOW_OTHER_OP                               451        0.119%              814        0.102%
                                                379971      100.000%           801740      100.000%
                                                  0.00         0.07              0.00         0.06

RET_BLOCKED_DC_MISS                             556348       13.418%          1251330       14.376%

RET_BLOCKED_L1_MISS                             323996        7.814%           746813        8.580%

RET_BLOCKED_L1_MISS_BW_PREF                       1879        0.045%             5050        0.058%

RET_BLOCKED_L1_ACCESS                           232396        5.605%           504934        5.801%

RET_BLOCKED_MEM_STALL                           323996        7.814%           746813        8.580%

RET_BLOCKED_OFFCHIP_DEMAND                           0        0.000%                0        0.000%

OP_ISSUED                                     16274657                       33458805              

OP_RETIRED                                    15267502                       30485367              

REPLAY_SIGNALED                                      0                              0              

REPLAY_COUNTED                                       0                              0              

OFF_CRITICAL_PATH                                    0         -nan%                0         -nan%
ON_CRITICAL_PATH                                     0         -nan%                0         -nan%
                                                     0         -nan%                0         -nan%
                                                  -nan         -nan              -nan         -nan

LD_NO_DEPENDENTS                                201629        7.669%           401901        7.637%
LD_DEPENDENTS                                  2427588       92.331%          4860482       92.363%
                                               2629217      100.000%          5262383      100.000%
                                                  0.92         0.89              0.92         0.89

LD_EXEC_CYCLES_0                                     0        0.000%                0        0.000%
LD_EXEC_CYCLES_1                                     0        0.000%                0        0.000%
LD_EXEC_CYCLES_2                                     0        0.000%                0        0.000%
LD_EXEC_CYCLES_3                                   139       50.545%              260       49.713%
LD_EXEC_CYCLES_4                                   136       49.455%              263       50.287%
                                                   275      100.000%              523      100.000%
                                                  3.49         2.51              3.50         2.54

ICACHE_STAGE_STARVED                             85338        2.476%           274041        3.929%
ICACHE_STAGE_NOT_STARVED                       3361726       97.524%          6701217       96.071%
                                               3447064      100.000%          6975258      100.000%
                                                  0.98         0.96              0.96         0.94

ICACHE_STAGE_STALLED                            283686        6.842%           526718        6.051%
ICACHE_STAGE_NOT_STALLED                       3447064       83.138%          6975258       80.136%
ICACHE_STAGE_OFF_PATH                           415439       10.020%          1202265       13.812%
                                               4146189      100.000%          8704241      100.000%
                                                  1.03         0.45              1.08         0.53

DECODE_STAGE_STARVED                           2335369       58.713%          5342309       64.476%
DECODE_STAGE_NOT_STARVED                       1642236       41.287%          2943397       35.524%
                                               3977605      100.000%          8285706      100.000%
                                                  0.41         0.46              0.36         0.44

DECODE_STAGE_STALLED                            295421        7.125%           549879        6.317%
DECODE_STAGE_NOT_STALLED                       3682184       88.809%          7735827       88.874%
DECODE_STAGE_OFF_PATH                           168584        4.066%           418535        4.808%
                                               4146189      100.000%          8704241      100.000%
                                                  0.97         0.29              0.98         0.31

UOPQ_STAGE_STARVED                             2336903       56.363%          5346356       61.422%
UOPQ_STAGE_NOT_STARVED                         1809286       43.637%          3357885       38.578%
                                               4146189      100.000%          8704241      100.000%
                                                  0.44         0.47              0.39         0.45

UOPQ_STAGE_STALLED                                   0        0.000%                0        0.000%
UOPQ_STAGE_NOT_STALLED                         4146189      100.000%          8704241      100.000%
UOPQ_STAGE_OFF_PATH                                  0        0.000%                0        0.000%
                                               4146189      100.000%          8704241      100.000%
                                                  1.00         0.00              1.00         0.00

MAP_STAGE_STARVED                               117096        3.064%           348520        4.517%
MAP_STAGE_NOT_STARVED                          3705044       96.936%          7367698       95.483%
                                               3822140      100.000%          7716218      100.000%
                                                  0.97         0.95              0.95         0.93

MAP_STAGE_STALLED                               334028        8.056%           630781        7.247%
MAP_STAGE_NOT_STALLED                          3488112       84.128%          7085437       81.402%
MAP_STAGE_OFF_PATH                              324049        7.816%           988023       11.351%
                                               4146189      100.000%          8704241      100.000%
                                                  1.00         0.40              1.04         0.48

EXEC_STAGE_STARVED                             1478838       35.667%          2901243       33.331%
EXEC_STAGE_NOT_STARVED                         2415327       58.254%          5045062       57.961%
EXEC_STAGE_OFF_PATH                             252024        6.078%           757936        8.708%
                                               4146189      100.000%          8704241      100.000%
                                                  0.70         0.43              0.75         0.47

FU_BUSY_0                                      3747219                        7669904              

FU_BUSY_1                                      2700798                        5506626              

FU_BUSY_2                                      1346613                        2721974              

FU_BUSY_3                                       625925                        1267780              

FU_BUSY_4                                      2391751                        4837651              

FU_BUSY_5                                      1043761                        2084012              

FU_BUSY_6                                      3054348                        6210166              

FU_BUSY_7                                      2060936                        4138140              

FU_BUSY_8                                      1313394                        2612281              

FU_BUSY_9                                       880448                        1732615              

FU_BUSY_10                                           0                              0              

FU_BUSY_11                                           0                              0              

FU_BUSY_12                                           0                              0              

FU_BUSY_13                                           0                              0              

FU_BUSY_14                                           0                              0              

FU_BUSY_15                                           0                              0              

FU_BUSY_16                                           0                              0              

FU_BUSY_17                                           0                              0              

FU_BUSY_18                                           0                              0              

FU_BUSY_19                                           0                              0              

FU_BUSY_20                                           0                              0              

FU_BUSY_21                                           0                              0              

FU_BUSY_22                                           0                              0              

FU_BUSY_23                                           0                              0              

FU_BUSY_24                                           0                              0              

FU_BUSY_25                                           0                              0              

FU_BUSY_26                                           0                              0              

FU_BUSY_27                                           0                              0              

FU_BUSY_28                                           0                              0              

FU_BUSY_29                                           0                              0              

FU_BUSY_30                                           0                              0              

FU_BUSY_31                                           0                              0              

OP_WAIT_0                                      9682991                       19363522              

OP_WAIT_1                                      2663142                        5408030              

OP_WAIT_2                                      1166100                        2321439              

OP_WAIT_3                                       282558                         552431              

OP_WAIT_4                                       200549                         388634              

OP_WAIT_5                                       119967                         226772              

OP_WAIT_6                                       113451                         219740              

OP_WAIT_7                                        71962                         135501              

OP_WAIT_8                                        71814                         134257              

OP_WAIT_9                                        49798                          94681              

OP_WAIT_10                                       48874                          90782              

OP_WAIT_11                                       36631                          68519              

OP_WAIT_12                                       36154                          70457              

OP_WAIT_13                                       30868                          61016              

OP_WAIT_14                                       35503                          64158              

OP_WAIT_15                                       26388                          52834              

OP_WAIT_16                                       29587                          56969              

OP_WAIT_17                                      171876                         325346              

OP_WAIT_18                                       55615                         110095              

OP_WAIT_19                                       40270                          80020              

OP_WAIT_20                                       57676                         112017              

OP_WAIT_21                                       49511                          97182              

OP_WAIT_22                                       34632                          72889              

OP_WAIT_23                                       23824                          46527              

OP_WAIT_24                                       13722                          27412              

OP_WAIT_25                                       10950                          21684              

OP_WAIT_26                                       10367                          20256              

OP_WAIT_27                                        9344                          18256              

OP_WAIT_28                                        8906                          17643              

OP_WAIT_29                                        8378                          16543              

OP_WAIT_30                                        8641                          16814              

OP_WAIT_31                                       97453                         192941              

ROW_SIZE_0                                      933290                        2112616              

ROW_SIZE_1                                      283394                         620888              

ROW_SIZE_2                                      174218                         374592              

ROW_SIZE_3                                       71303                         155883              

ROW_SIZE_4                                      732514                        1459735              

ROW_SIZE_5                                       48519                         104616              

ROW_SIZE_6                                     1874852                        3714271              

ROW_SIZE_7                                           0                              0              

ROW_SIZE_8                                           0                              0              

ROW_SIZE_9                                           0                              0              

ROW_SIZE_10                                          0                              0              

ROW_SIZE_11                                          0                              0              

ROW_SIZE_12                                          0                              0              

ROW_SIZE_13                                          0                              0              

ROW_SIZE_14                                          0                              0              

ROW_SIZE_15                                          0                              0              

ROW_SIZE_16                                          0                              0              

ROW_SIZE_17                                          0                              0              

ROW_SIZE_18                                          0                              0              

ROW_SIZE_19                                          0                              0              

ROW_SIZE_20                                          0                              0              

ROW_SIZE_21                                          0                              0              

ROW_SIZE_22                                          0                              0              

ROW_SIZE_23                                          0                              0              

ROW_SIZE_24                                          0                              0              

ROW_SIZE_25                                          0                              0              

ROW_SIZE_26                                          0                              0              

ROW_SIZE_27                                          0                              0              

ROW_SIZE_28                                          0                              0              

ROW_SIZE_29                                          0                              0              

ROW_SIZE_30                                          0                              0              

ROW_SIZE_31                                          0                              0              

RET_OP_EXEC_COUNT_0                                  0        0.000%                0        0.000%
RET_OP_EXEC_COUNT_1                           15267502      100.000%         30485367      100.000%
RET_OP_EXEC_COUNT_2                                  0        0.000%                0        0.000%
RET_OP_EXEC_COUNT_3                                  0        0.000%                0        0.000%
RET_OP_EXEC_COUNT_4                                  0        0.000%                0        0.000%
RET_OP_EXEC_COUNT_5                                  0        0.000%                0        0.000%
RET_OP_EXEC_COUNT_6                                  0        0.000%                0        0.000%
RET_OP_EXEC_COUNT_7                                  0        0.000%                0        0.000%
RET_OP_EXEC_COUNT_8                                  0        0.000%                0        0.000%
RET_OP_EXEC_COUNT_9                                  0        0.000%                0        0.000%
RET_OP_EXEC_COUNT_10                                 0        0.000%                0        0.000%
RET_OP_EXEC_COUNT_11                                 0        0.000%                0        0.000%
RET_OP_EXEC_COUNT_12                                 0        0.000%                0        0.000%
RET_OP_EXEC_COUNT_13                                 0        0.000%                0        0.000%
RET_OP_EXEC_COUNT_14                                 0        0.000%                0        0.000%
RET_OP_EXEC_COUNT_15                                 0        0.000%                0        0.000%
RET_OP_EXEC_COUNT_16                                 0        0.000%                0        0.000%
RET_OP_EXEC_COUNT_17                                 0        0.000%                0        0.000%
RET_OP_EXEC_COUNT_18                                 0        0.000%                0        0.000%
RET_OP_EXEC_COUNT_19                                 0        0.000%                0        0.000%
RET_OP_EXEC_COUNT_20                                 0        0.000%                0        0.000%
RET_OP_EXEC_COUNT_21                                 0        0.000%                0        0.000%
RET_OP_EXEC_COUNT_22                                 0        0.000%                0        0.000%
RET_OP_EXEC_COUNT_23                                 0        0.000%                0        0.000%
RET_OP_EXEC_COUNT_24                                 0        0.000%                0        0.000%
RET_OP_EXEC_COUNT_25                                 0        0.000%                0        0.000%
RET_OP_EXEC_COUNT_26                                 0        0.000%                0        0.000%
RET_OP_EXEC_COUNT_27                                 0        0.000%                0        0.000%
RET_OP_EXEC_COUNT_28                                 0        0.000%                0        0.000%
RET_OP_EXEC_COUNT_29                                 0        0.000%                0        0.000%
RET_OP_EXEC_COUNT_30                                 0        0.000%                0        0.000%
RET_OP_EXEC_COUNT_31                                 0        0.000%                0        0.000%
RET_OP_EXEC_COUNT_32                                 0        0.000%                0        0.000%
                                              15267502      100.000%         30485367      100.000%
                                                  1.00         0.00              1.00         0.00

RET_STALL_LENGTH_0                            15265342       99.986%         30480260       99.983%
RET_STALL_LENGTH_100                              2067        0.014%             4785        0.016%
RET_STALL_LENGTH_200                                24        0.000%              175        0.001%
RET_STALL_LENGTH_300                                 5        0.000%               19        0.000%
RET_STALL_LENGTH_400                                 3        0.000%                7        0.000%
RET_STALL_LENGTH_500                                 7        0.000%               12        0.000%
RET_STALL_LENGTH_600                                 3        0.000%                7        0.000%
RET_STALL_LENGTH_700                                 5        0.000%               11        0.000%
RET_STALL_LENGTH_800                                 5        0.000%                9        0.000%
RET_STALL_LENGTH_900                                 5        0.000%               12        0.000%
RET_STALL_LENGTH_1000                                5        0.000%               10        0.000%
RET_STALL_LENGTH_1100                               10        0.000%               22        0.000%
RET_STALL_LENGTH_1200                               17        0.000%               30        0.000%
RET_STALL_LENGTH_1300                                4        0.000%                7        0.000%
RET_STALL_LENGTH_1400                                0        0.000%                1        0.000%
RET_STALL_LENGTH_1500                                0        0.000%                0        0.000%
RET_STALL_LENGTH_1600                                0        0.000%                0        0.000%
RET_STALL_LENGTH_1700                                0        0.000%                0        0.000%
RET_STALL_LENGTH_1800                                0        0.000%                0        0.000%
RET_STALL_LENGTH_1900                                0        0.000%                0        0.000%
RET_STALL_LENGTH_2000                                0        0.000%                0        0.000%
RET_STALL_LENGTH_2100                                0        0.000%                0        0.000%
RET_STALL_LENGTH_2200                                0        0.000%                0        0.000%
RET_STALL_LENGTH_2300                                0        0.000%                0        0.000%
RET_STALL_LENGTH_2400                                0        0.000%                0        0.000%
RET_STALL_LENGTH_2500                                0        0.000%                0        0.000%
RET_STALL_LENGTH_2600                                0        0.000%                0        0.000%
RET_STALL_LENGTH_2700                                0        0.000%                0        0.000%
RET_STALL_LENGTH_2800                                0        0.000%                0        0.000%
RET_STALL_LENGTH_2900                                0        0.000%                0        0.000%
RET_STALL_LENGTH_3000                                0        0.000%                0        0.000%
RET_STALL_LENGTH_3100                                0        0.000%                0        0.000%
RET_STALL_LENGTH_3200                                0        0.000%                0        0.000%
RET_STALL_LENGTH_3300                                0        0.000%                0        0.000%
RET_STALL_LENGTH_3400                                0        0.000%                0        0.000%
RET_STALL_LENGTH_3500                                0        0.000%                0        0.000%
RET_STALL_LENGTH_3600                                0        0.000%                0        0.000%
RET_STALL_LENGTH_3700                                0        0.000%                0        0.000%
RET_STALL_LENGTH_3800                                0        0.000%                0        0.000%
RET_STALL_LENGTH_3900                                0        0.000%                0        0.000%
RET_STALL_LENGTH_4000                                0        0.000%                0        0.000%
RET_STALL_LENGTH_4100                                0        0.000%                0        0.000%
RET_STALL_LENGTH_4200                                0        0.000%                0        0.000%
RET_STALL_LENGTH_4300                                0        0.000%                0        0.000%
RET_STALL_LENGTH_4400                                0        0.000%                0        0.000%
RET_STALL_LENGTH_4500                                0        0.000%                0        0.000%
RET_STALL_LENGTH_4600                                0        0.000%                0        0.000%
RET_STALL_LENGTH_4700                                0        0.000%                0        0.000%
RET_STALL_LENGTH_4800                                0        0.000%                0        0.000%
RET_STALL_LENGTH_4900                                0        0.000%                0        0.000%
RET_STALL_LENGTH_5000                                0        0.000%                0        0.000%
                                              15267502      100.000%         30485367      100.000%
                                                  0.00         0.02              0.00         0.02

MEM_BLOCK_LENGTH_0                                   0         -nan%                0         -nan%
MEM_BLOCK_LENGTH_100                                 0         -nan%                0         -nan%
MEM_BLOCK_LENGTH_200                                 0         -nan%                0         -nan%
MEM_BLOCK_LENGTH_300                                 0         -nan%                0         -nan%
MEM_BLOCK_LENGTH_400                                 0         -nan%                0         -nan%
MEM_BLOCK_LENGTH_500                                 0         -nan%                0         -nan%
MEM_BLOCK_LENGTH_600                                 0         -nan%                0         -nan%
MEM_BLOCK_LENGTH_700                                 0         -nan%                0         -nan%
MEM_BLOCK_LENGTH_800                                 0         -nan%                0         -nan%
MEM_BLOCK_LENGTH_900                                 0         -nan%                0         -nan%
MEM_BLOCK_LENGTH_1000                                0         -nan%                0         -nan%
MEM_BLOCK_LENGTH_1100                                0         -nan%                0         -nan%
MEM_BLOCK_LENGTH_1200                                0         -nan%                0         -nan%
MEM_BLOCK_LENGTH_1300                                0         -nan%                0         -nan%
MEM_BLOCK_LENGTH_1400                                0         -nan%                0         -nan%
MEM_BLOCK_LENGTH_1500                                0         -nan%                0         -nan%
MEM_BLOCK_LENGTH_1600                                0         -nan%                0         -nan%
MEM_BLOCK_LENGTH_1700                                0         -nan%                0         -nan%
MEM_BLOCK_LENGTH_1800                                0         -nan%                0         -nan%
MEM_BLOCK_LENGTH_1900                                0         -nan%                0         -nan%
MEM_BLOCK_LENGTH_2000                                0         -nan%                0         -nan%
MEM_BLOCK_LENGTH_2100                                0         -nan%                0         -nan%
MEM_BLOCK_LENGTH_2200                                0         -nan%                0         -nan%
MEM_BLOCK_LENGTH_2300                                0         -nan%                0         -nan%
MEM_BLOCK_LENGTH_2400                                0         -nan%                0         -nan%
MEM_BLOCK_LENGTH_2500                                0         -nan%                0         -nan%
MEM_BLOCK_LENGTH_2600                                0         -nan%                0         -nan%
MEM_BLOCK_LENGTH_2700                                0         -nan%                0         -nan%
MEM_BLOCK_LENGTH_2800                                0         -nan%                0         -nan%
MEM_BLOCK_LENGTH_2900                                0         -nan%                0         -nan%
MEM_BLOCK_LENGTH_3000                                0         -nan%                0         -nan%
MEM_BLOCK_LENGTH_3100                                0         -nan%                0         -nan%
MEM_BLOCK_LENGTH_3200                                0         -nan%                0         -nan%
MEM_BLOCK_LENGTH_3300                                0         -nan%                0         -nan%
MEM_BLOCK_LENGTH_3400                                0         -nan%                0         -nan%
MEM_BLOCK_LENGTH_3500                                0         -nan%                0         -nan%
MEM_BLOCK_LENGTH_3600                                0         -nan%                0         -nan%
MEM_BLOCK_LENGTH_3700                                0         -nan%                0         -nan%
MEM_BLOCK_LENGTH_3800                                0         -nan%                0         -nan%
MEM_BLOCK_LENGTH_3900                                0         -nan%                0         -nan%
MEM_BLOCK_LENGTH_4000                                0         -nan%                0         -nan%
MEM_BLOCK_LENGTH_4100                                0         -nan%                0         -nan%
MEM_BLOCK_LENGTH_4200                                0         -nan%                0         -nan%
MEM_BLOCK_LENGTH_4300                                0         -nan%                0         -nan%
MEM_BLOCK_LENGTH_4400                                0         -nan%                0         -nan%
MEM_BLOCK_LENGTH_4500                                0         -nan%                0         -nan%
MEM_BLOCK_LENGTH_4600                                0         -nan%                0         -nan%
MEM_BLOCK_LENGTH_4700                                0         -nan%                0         -nan%
MEM_BLOCK_LENGTH_4800                                0         -nan%                0         -nan%
MEM_BLOCK_LENGTH_4900                                0         -nan%                0         -nan%
MEM_BLOCK_LENGTH_5000                                0         -nan%                0         -nan%
                                                     0         -nan%                0         -nan%
                                                  -nan         -nan              -nan         -nan

FUS_BUSY_ON_PATH                              18534175        4.4702         36932082        4.2430

FUS_BUSY_OFF_PATH                               631018        0.1522          1849067        0.2124

FU_BUSY_MEM_STALL                              3270013        0.7887          6487462        0.7453

FUS_EMPTY                                     22296697        5.3776         48261261        5.5446

CHIP_UTILIZATION                                     0        0.0000                0        0.0000

CYCLES_UNDER_MEM_REQ                                 0                              0              

CYCLES_UNDER_NO_MEM_REQ                              0                              0              

CYCLES_UNDER_CRITICAL_MEM_REQ                        0                              0              

CYCLES_UNDER_NONCRITICAL_MEM_REQ                     0                              0              

CHIP_UTILIZATION_UNDER_MEM_REQ                       0          -nan                0          -nan

CHIP_UTILIZATION_UNDER_NO_MEM_REQ                    0          -nan                0          -nan

CHIP_UTILIZATION_UNDER_CRITICAL_MEM_REQ              0          -nan                0          -nan

CHIP_UTILIZATION_UNDER_NONCRITICAL_MEM_REQ             0          -nan                0          -nan

CYCLES_NOT_WAITING_FOR_OFF_CHIP                      0        0.0000                0        0.0000

FUS_BUSY_NOT_WAITING_FOR_OFF_CHIP                    0          -nan                0          -nan

CYCLES_WAITING_FOR_OFF_CHIP                          0        0.0000                0        0.0000

FUS_BUSY_WAITING_FOR_OFF_CHIP                        0          -nan                0          -nan

TOTAL_OFF_CHIP_DELAYS_LEFT                           0                              0              

WRONG_IO_SCHED                                       0                              0              

DVFS_CONFIG_SWITCH                                   0                              0              

UOP_CACHE_ICACHE_SWITCH_ONPATH                       0         -nan%                0         -nan%
UOP_CACHE_ICACHE_SWITCH_OFFPATH                      0         -nan%                0         -nan%
                                                     0         -nan%                0         -nan%
                                                  -nan         -nan              -nan         -nan

MAP_STAGE_RECEIVED_OPS_0                             0        0.000%                0        0.000%
MAP_STAGE_RECEIVED_OPS_1                        137981        4.094%           276015        4.105%
MAP_STAGE_RECEIVED_OPS_2                        304461        9.033%           607985        9.042%
MAP_STAGE_RECEIVED_OPS_3                        295385        8.764%           588491        8.752%
MAP_STAGE_RECEIVED_OPS_4                       1004753       29.810%          1996525       29.693%
MAP_STAGE_RECEIVED_OPS_5                        177004        5.251%           353408        5.256%
MAP_STAGE_RECEIVED_OPS_6                       1450965       43.048%          2901461       43.152%
MAP_STAGE_RECEIVED_OPS_7                             0        0.000%                0        0.000%
MAP_STAGE_RECEIVED_OPS_8                             0        0.000%                0        0.000%
MAP_STAGE_RECEIVED_OPS_MAX                           0        0.000%                0        0.000%
                                               3370549      100.000%          6723885      100.000%
                                                  4.52         1.52              4.52         1.52

MAP_STAGE_WAIT_FOR_DECODE                            0         -nan%                0         -nan%
MAP_STAGE_CONSUME_DECODE                             0         -nan%                0         -nan%
                                                     0         -nan%                0         -nan%
                                                  -nan         -nan              -nan         -nan

MAP_STAGE_WAIT_FOR_DECODE2                           0         -nan%                0         -nan%
MAP_STAGE_CONSUME_DECODE2                            0         -nan%                0         -nan%
                                                     0         -nan%                0         -nan%
                                                  -nan         -nan              -nan         -nan

FTQ_RECOVER_EXEC                                  8133                          27058              

FTQ_RECOVER_DECODE                                8828                          17731              

FTQ_OFFPATH_CYCLES                              754161                        2104744              

FTQ_CYCLES_OFFPATH                              887616                        2367698              

FTQ_CYCLES_ONPATH                              3258573                        6336543              

FTQ_FETCHED_INS_OFFPATH                        4396402                       11827992              

FTQ_FETCHED_INS_ONPATH                        15249959                       30440578              

FTQ_BREAK_FULL_BLOCK_OFFPATH                    743353       17.929%          1922094       22.082%
FTQ_BREAK_FULL_BLOCK_ONPATH                    2925190       70.552%          5575408       64.054%
FTQ_BREAK_MAX_BLOCKS_OFFPATH                    161224        3.889%           490393        5.634%
FTQ_BREAK_MAX_BLOCKS_ONPATH                     316364        7.630%           716288        8.229%
FTQ_BREAK_PRED_BR_OFFPATH                            0        0.000%                0        0.000%
FTQ_BREAK_PRED_BR_ONPATH                             0        0.000%                0        0.000%
FTQ_BREAK_BAR_FETCH_OFFPATH                          0        0.000%                0        0.000%
FTQ_BREAK_BAR_FETCH_ONPATH                           0        0.000%                0        0.000%
                                               4146131      100.000%          8704183      100.000%
                                                  1.01         0.58              1.00         0.62



