               ramulator.active_cycles_0              279189                                      # Total active cycles for level _0
                 ramulator.busy_cycles_0              279189                                      # (All-bank refresh only. busy cycles only include refresh time in rank level) The sum of cycles that the DRAM part is active or under refresh for level _0
            ramulator.serving_requests_0              450880                                      # The sum of read and write requests that are served in this DRAM element per memory cycle for level _0
    ramulator.average_serving_requests_0            0.159573                                      # The average of read and write requests that are served in this DRAM element per memory cycle for level _0
             ramulator.active_cycles_0_0              279189                                      # Total active cycles for level _0_0
               ramulator.busy_cycles_0_0              403509                                      # (All-bank refresh only. busy cycles only include refresh time in rank level) The sum of cycles that the DRAM part is active or under refresh for level _0_0
          ramulator.serving_requests_0_0              450880                                      # The sum of read and write requests that are served in this DRAM element per memory cycle for level _0_0
  ramulator.average_serving_requests_0_0            0.159573                                      # The average of read and write requests that are served in this DRAM element per memory cycle for level _0_0
           ramulator.active_cycles_0_0_0               75564                                      # Total active cycles for level _0_0_0
             ramulator.busy_cycles_0_0_0               75564                                      # (All-bank refresh only. busy cycles only include refresh time in rank level) The sum of cycles that the DRAM part is active or under refresh for level _0_0_0
        ramulator.serving_requests_0_0_0              109742                                      # The sum of read and write requests that are served in this DRAM element per memory cycle for level _0_0_0
ramulator.average_serving_requests_0_0_0            0.038839                                      # The average of read and write requests that are served in this DRAM element per memory cycle for level _0_0_0
         ramulator.active_cycles_0_0_0_0               17863                                      # Total active cycles for level _0_0_0_0
           ramulator.busy_cycles_0_0_0_0               17863                                      # (All-bank refresh only. busy cycles only include refresh time in rank level) The sum of cycles that the DRAM part is active or under refresh for level _0_0_0_0
      ramulator.serving_requests_0_0_0_0               22665                                      # The sum of read and write requests that are served in this DRAM element per memory cycle for level _0_0_0_0
ramulator.average_serving_requests_0_0_0_0            0.008021                                      # The average of read and write requests that are served in this DRAM element per memory cycle for level _0_0_0_0
         ramulator.active_cycles_0_0_0_1               18493                                      # Total active cycles for level _0_0_0_1
           ramulator.busy_cycles_0_0_0_1               18493                                      # (All-bank refresh only. busy cycles only include refresh time in rank level) The sum of cycles that the DRAM part is active or under refresh for level _0_0_0_1
      ramulator.serving_requests_0_0_0_1               26403                                      # The sum of read and write requests that are served in this DRAM element per memory cycle for level _0_0_0_1
ramulator.average_serving_requests_0_0_0_1            0.009344                                      # The average of read and write requests that are served in this DRAM element per memory cycle for level _0_0_0_1
         ramulator.active_cycles_0_0_0_2               20455                                      # Total active cycles for level _0_0_0_2
           ramulator.busy_cycles_0_0_0_2               20455                                      # (All-bank refresh only. busy cycles only include refresh time in rank level) The sum of cycles that the DRAM part is active or under refresh for level _0_0_0_2
      ramulator.serving_requests_0_0_0_2               32214                                      # The sum of read and write requests that are served in this DRAM element per memory cycle for level _0_0_0_2
ramulator.average_serving_requests_0_0_0_2            0.011401                                      # The average of read and write requests that are served in this DRAM element per memory cycle for level _0_0_0_2
         ramulator.active_cycles_0_0_0_3               21526                                      # Total active cycles for level _0_0_0_3
           ramulator.busy_cycles_0_0_0_3               21526                                      # (All-bank refresh only. busy cycles only include refresh time in rank level) The sum of cycles that the DRAM part is active or under refresh for level _0_0_0_3
      ramulator.serving_requests_0_0_0_3               28460                                      # The sum of read and write requests that are served in this DRAM element per memory cycle for level _0_0_0_3
ramulator.average_serving_requests_0_0_0_3            0.010072                                      # The average of read and write requests that are served in this DRAM element per memory cycle for level _0_0_0_3
           ramulator.active_cycles_0_0_1               84419                                      # Total active cycles for level _0_0_1
             ramulator.busy_cycles_0_0_1               84419                                      # (All-bank refresh only. busy cycles only include refresh time in rank level) The sum of cycles that the DRAM part is active or under refresh for level _0_0_1
        ramulator.serving_requests_0_0_1              121384                                      # The sum of read and write requests that are served in this DRAM element per memory cycle for level _0_0_1
ramulator.average_serving_requests_0_0_1            0.042960                                      # The average of read and write requests that are served in this DRAM element per memory cycle for level _0_0_1
         ramulator.active_cycles_0_0_1_0               24046                                      # Total active cycles for level _0_0_1_0
           ramulator.busy_cycles_0_0_1_0               24046                                      # (All-bank refresh only. busy cycles only include refresh time in rank level) The sum of cycles that the DRAM part is active or under refresh for level _0_0_1_0
      ramulator.serving_requests_0_0_1_0               33647                                      # The sum of read and write requests that are served in this DRAM element per memory cycle for level _0_0_1_0
ramulator.average_serving_requests_0_0_1_0            0.011908                                      # The average of read and write requests that are served in this DRAM element per memory cycle for level _0_0_1_0
         ramulator.active_cycles_0_0_1_1               24716                                      # Total active cycles for level _0_0_1_1
           ramulator.busy_cycles_0_0_1_1               24716                                      # (All-bank refresh only. busy cycles only include refresh time in rank level) The sum of cycles that the DRAM part is active or under refresh for level _0_0_1_1
      ramulator.serving_requests_0_0_1_1               33474                                      # The sum of read and write requests that are served in this DRAM element per memory cycle for level _0_0_1_1
ramulator.average_serving_requests_0_0_1_1            0.011847                                      # The average of read and write requests that are served in this DRAM element per memory cycle for level _0_0_1_1
         ramulator.active_cycles_0_0_1_2               18364                                      # Total active cycles for level _0_0_1_2
           ramulator.busy_cycles_0_0_1_2               18364                                      # (All-bank refresh only. busy cycles only include refresh time in rank level) The sum of cycles that the DRAM part is active or under refresh for level _0_0_1_2
      ramulator.serving_requests_0_0_1_2               26302                                      # The sum of read and write requests that are served in this DRAM element per memory cycle for level _0_0_1_2
ramulator.average_serving_requests_0_0_1_2            0.009309                                      # The average of read and write requests that are served in this DRAM element per memory cycle for level _0_0_1_2
         ramulator.active_cycles_0_0_1_3               20394                                      # Total active cycles for level _0_0_1_3
           ramulator.busy_cycles_0_0_1_3               20394                                      # (All-bank refresh only. busy cycles only include refresh time in rank level) The sum of cycles that the DRAM part is active or under refresh for level _0_0_1_3
      ramulator.serving_requests_0_0_1_3               27961                                      # The sum of read and write requests that are served in this DRAM element per memory cycle for level _0_0_1_3
ramulator.average_serving_requests_0_0_1_3            0.009896                                      # The average of read and write requests that are served in this DRAM element per memory cycle for level _0_0_1_3
           ramulator.active_cycles_0_0_2               75697                                      # Total active cycles for level _0_0_2
             ramulator.busy_cycles_0_0_2               75697                                      # (All-bank refresh only. busy cycles only include refresh time in rank level) The sum of cycles that the DRAM part is active or under refresh for level _0_0_2
        ramulator.serving_requests_0_0_2              105118                                      # The sum of read and write requests that are served in this DRAM element per memory cycle for level _0_0_2
ramulator.average_serving_requests_0_0_2            0.037203                                      # The average of read and write requests that are served in this DRAM element per memory cycle for level _0_0_2
         ramulator.active_cycles_0_0_2_0               18904                                      # Total active cycles for level _0_0_2_0
           ramulator.busy_cycles_0_0_2_0               18904                                      # (All-bank refresh only. busy cycles only include refresh time in rank level) The sum of cycles that the DRAM part is active or under refresh for level _0_0_2_0
      ramulator.serving_requests_0_0_2_0               25101                                      # The sum of read and write requests that are served in this DRAM element per memory cycle for level _0_0_2_0
ramulator.average_serving_requests_0_0_2_0            0.008884                                      # The average of read and write requests that are served in this DRAM element per memory cycle for level _0_0_2_0
         ramulator.active_cycles_0_0_2_1               18386                                      # Total active cycles for level _0_0_2_1
           ramulator.busy_cycles_0_0_2_1               18386                                      # (All-bank refresh only. busy cycles only include refresh time in rank level) The sum of cycles that the DRAM part is active or under refresh for level _0_0_2_1
      ramulator.serving_requests_0_0_2_1               23897                                      # The sum of read and write requests that are served in this DRAM element per memory cycle for level _0_0_2_1
ramulator.average_serving_requests_0_0_2_1            0.008458                                      # The average of read and write requests that are served in this DRAM element per memory cycle for level _0_0_2_1
         ramulator.active_cycles_0_0_2_2               19992                                      # Total active cycles for level _0_0_2_2
           ramulator.busy_cycles_0_0_2_2               19992                                      # (All-bank refresh only. busy cycles only include refresh time in rank level) The sum of cycles that the DRAM part is active or under refresh for level _0_0_2_2
      ramulator.serving_requests_0_0_2_2               27138                                      # The sum of read and write requests that are served in this DRAM element per memory cycle for level _0_0_2_2
ramulator.average_serving_requests_0_0_2_2            0.009605                                      # The average of read and write requests that are served in this DRAM element per memory cycle for level _0_0_2_2
         ramulator.active_cycles_0_0_2_3               21195                                      # Total active cycles for level _0_0_2_3
           ramulator.busy_cycles_0_0_2_3               21195                                      # (All-bank refresh only. busy cycles only include refresh time in rank level) The sum of cycles that the DRAM part is active or under refresh for level _0_0_2_3
      ramulator.serving_requests_0_0_2_3               28982                                      # The sum of read and write requests that are served in this DRAM element per memory cycle for level _0_0_2_3
ramulator.average_serving_requests_0_0_2_3            0.010257                                      # The average of read and write requests that are served in this DRAM element per memory cycle for level _0_0_2_3
           ramulator.active_cycles_0_0_3               81737                                      # Total active cycles for level _0_0_3
             ramulator.busy_cycles_0_0_3               81737                                      # (All-bank refresh only. busy cycles only include refresh time in rank level) The sum of cycles that the DRAM part is active or under refresh for level _0_0_3
        ramulator.serving_requests_0_0_3              114636                                      # The sum of read and write requests that are served in this DRAM element per memory cycle for level _0_0_3
ramulator.average_serving_requests_0_0_3            0.040571                                      # The average of read and write requests that are served in this DRAM element per memory cycle for level _0_0_3
         ramulator.active_cycles_0_0_3_0               20188                                      # Total active cycles for level _0_0_3_0
           ramulator.busy_cycles_0_0_3_0               20188                                      # (All-bank refresh only. busy cycles only include refresh time in rank level) The sum of cycles that the DRAM part is active or under refresh for level _0_0_3_0
      ramulator.serving_requests_0_0_3_0               27257                                      # The sum of read and write requests that are served in this DRAM element per memory cycle for level _0_0_3_0
ramulator.average_serving_requests_0_0_3_0            0.009647                                      # The average of read and write requests that are served in this DRAM element per memory cycle for level _0_0_3_0
         ramulator.active_cycles_0_0_3_1               20831                                      # Total active cycles for level _0_0_3_1
           ramulator.busy_cycles_0_0_3_1               20831                                      # (All-bank refresh only. busy cycles only include refresh time in rank level) The sum of cycles that the DRAM part is active or under refresh for level _0_0_3_1
      ramulator.serving_requests_0_0_3_1               26725                                      # The sum of read and write requests that are served in this DRAM element per memory cycle for level _0_0_3_1
ramulator.average_serving_requests_0_0_3_1            0.009458                                      # The average of read and write requests that are served in this DRAM element per memory cycle for level _0_0_3_1
         ramulator.active_cycles_0_0_3_2               25209                                      # Total active cycles for level _0_0_3_2
           ramulator.busy_cycles_0_0_3_2               25209                                      # (All-bank refresh only. busy cycles only include refresh time in rank level) The sum of cycles that the DRAM part is active or under refresh for level _0_0_3_2
      ramulator.serving_requests_0_0_3_2               35284                                      # The sum of read and write requests that are served in this DRAM element per memory cycle for level _0_0_3_2
ramulator.average_serving_requests_0_0_3_2            0.012488                                      # The average of read and write requests that are served in this DRAM element per memory cycle for level _0_0_3_2
         ramulator.active_cycles_0_0_3_3               18998                                      # Total active cycles for level _0_0_3_3
           ramulator.busy_cycles_0_0_3_3               18998                                      # (All-bank refresh only. busy cycles only include refresh time in rank level) The sum of cycles that the DRAM part is active or under refresh for level _0_0_3_3
      ramulator.serving_requests_0_0_3_3               25370                                      # The sum of read and write requests that are served in this DRAM element per memory cycle for level _0_0_3_3
ramulator.average_serving_requests_0_0_3_3            0.008979                                      # The average of read and write requests that are served in this DRAM element per memory cycle for level _0_0_3_3
      ramulator.read_transaction_bytes_0             1099712                                      # The total byte of read transaction per channel
     ramulator.write_transaction_bytes_0                   0                                      # The total byte of write transaction per channel
       ramulator.row_hits_channel_0_core               12722                                      # Number of row hits per channel per core
     ramulator.row_misses_channel_0_core                2520                                      # Number of row misses per channel per core
  ramulator.row_conflicts_channel_0_core                1941                                      # Number of row conflicts per channel per core
  ramulator.read_row_hits_channel_0_core               12722                                      # Number of row hits for read requests per channel per core
                                     [0]             12722.0                                      # 
ramulator.read_row_misses_channel_0_core                2520                                      # Number of row misses for read requests per channel per core
                                     [0]              2520.0                                      # 
ramulator.read_row_conflicts_channel_0_core                1941                                      # Number of row conflicts for read requests per channel per core
                                     [0]              1941.0                                      # 
 ramulator.write_row_hits_channel_0_core                   0                                      # Number of row hits for write requests per channel per core
                                     [0]                 0.0                                      # 
ramulator.write_row_misses_channel_0_core                   0                                      # Number of row misses for write requests per channel per core
                                     [0]                 0.0                                      # 
ramulator.write_row_conflicts_channel_0_core                   0                                      # Number of row conflicts for write requests per channel per core
                                     [0]                 0.0                                      # 
      ramulator.useless_activates_0_core                   0                                      # Number of useless activations. E.g, ACT -> PRE w/o RD or WR
            ramulator.read_latency_avg_0           65.922249                                      # The average memory latency cycles (in memory time domain) per request for all read requests in this channel
            ramulator.read_latency_sum_0             1132742                                      # The memory latency cycles (in memory time domain) sum for all read requests in this channel
        ramulator.req_queue_length_avg_0            2.636818                                      # Average of read and write queue length per memory cycle per channel.
        ramulator.req_queue_length_sum_0             7450431                                      # Sum of read and write queue length per memory cycle per channel.
   ramulator.read_req_queue_length_avg_0            0.375379                                      # Read queue length average per memory cycle per channel.
   ramulator.read_req_queue_length_sum_0             1060649                                      # Read queue length sum per memory cycle per channel.
  ramulator.write_req_queue_length_avg_0            2.261438                                      # Write queue length average per memory cycle per channel.
  ramulator.write_req_queue_length_sum_0             6389782                                      # Write queue length sum per memory cycle per channel.
              ramulator.record_read_hits                 0.0                                      # record read hit count for this core when it reaches request limit or to the end
                                     [0]                 0.0                                      # 
            ramulator.record_read_misses                 0.0                                      # record_read_miss count for this core when it reaches request limit or to the end
                                     [0]                 0.0                                      # 
         ramulator.record_read_conflicts                 0.0                                      # record read conflict count for this core when it reaches request limit or to the end
                                     [0]                 0.0                                      # 
             ramulator.record_write_hits                 0.0                                      # record write hit count for this core when it reaches request limit or to the end
                                     [0]                 0.0                                      # 
           ramulator.record_write_misses                 0.0                                      # record write miss count for this core when it reaches request limit or to the end
                                     [0]                 0.0                                      # 
        ramulator.record_write_conflicts                 0.0                                      # record write conflict for this core when it reaches request limit or to the end
                                     [0]                 0.0                                      # 
                 ramulator.dram_capacity          8589934592                                      # Number of bytes in simulated DRAM
                   ramulator.dram_cycles             2825539                                      # Number of DRAM cycles simulated
             ramulator.incoming_requests               17191                                      # Number of incoming requests to DRAM
                 ramulator.read_requests               17183                                      # Number of incoming read requests to DRAM per core
                                     [0]             17183.0                                      # 
                ramulator.write_requests                   8                                      # Number of incoming write requests to DRAM per core
                                     [0]                 8.0                                      # 
       ramulator.ramulator_active_cycles              279189                                      # The total number of cycles that the DRAM part is active (serving R/W)
 ramulator.incoming_requests_per_channel             17191.0                                      # Number of incoming requests to each DRAM channel
                                     [0]             17191.0                                      # 
ramulator.incoming_read_reqs_per_channel             17183.0                                      # Number of incoming read requests to each DRAM channel
                                     [0]             17183.0                                      # 
     ramulator.physical_page_replacement                   0                                      # The number of times that physical page replacement happens.
             ramulator.maximum_bandwidth         19200000000                                      # The theoretical maximum bandwidth (Bps)
          ramulator.in_queue_req_num_sum             7450431                                      # Sum of read/write queue length
     ramulator.in_queue_read_req_num_sum             1060649                                      # Sum of read queue length
    ramulator.in_queue_write_req_num_sum             6389782                                      # Sum of write queue length
          ramulator.in_queue_req_num_avg            2.636818                                      # Average of read/write queue length per memory cycle
     ramulator.in_queue_read_req_num_avg            0.375379                                      # Average of read queue length per memory cycle
    ramulator.in_queue_write_req_num_avg            2.261438                                      # Average of write queue length per memory cycle
          ramulator.record_read_requests                 0.0                                      # record read requests for this core when it reaches request limit or to the end
                                     [0]                 0.0                                      # 
         ramulator.record_write_requests                 0.0                                      # record write requests for this core when it reaches request limit or to the end
                                     [0]                 0.0                                      # 
