/* -*- Mode: c -*- */
####################################################################################################
Core 0
####################################################################################################
Cumulative:        Cycles: 5783916               Instructions: 20000000              IPC: 3.45786

Periodic:          Cycles: 2878184               Instructions: 10000000              IPC: 3.47441

PREF_DL0REQ_QUEUE_HIT_BY_DEMAND                      0                              0              

PREF_UMLC_REQ_QUEUE_HIT_BY_DEMAND                    0                              0              

PREF_UL1REQ_QUEUE_HIT_BY_DEMAND                      0                              0              

PREF_DL0REQ_QUEUE_FULL                               0                              0              

PREF_UMLC_REQ_QUEUE_FULL                             0                              0              

PREF_UL1REQ_QUEUE_FULL                               0                              0              

PREF_DC_HIT_NOSEND                                   0                              0              

PREF_WBQDC_HIT_NOSEND                                0                              0              

PREF_MLCQ_STALL                                      0                              0              

PREF_L1Q_STALL                                       0                              0              

PREF_UMLC_REQ_SEND_QUEUE_STALL                       0                              0              

PREF_UL1REQ_SEND_QUEUE_STALL                         0                              0              

PREF_UMLC_REQ_QUEUE_SENTREQ                          0                              0              

PREF_UL1REQ_QUEUE_SENTREQ                          809                           1596              

PREF_NEWREQ_MATCHED                                  0                              1              

PREF_UMLC_REQ_QUEUE_MATCHED_REQ                      0                              0              

PREF_UL1REQ_QUEUE_MATCHED_REQ                        0                              0              

PREF_DL0REQ_QUEUE_MATCHED_REQ                        0                              0              

L1_PREF_HIT                                        797                           1491              

L1_PREF_UNIQUE_HIT                                 797                           1491              

L1_PREF_LATE                                         0                              0              

L1_LATE_PREF_CYCLES                                  0                              0              

L1_LATE_PREF_CYCLES_DIST_0                           0         -nan%                0         -nan%
L1_LATE_PREF_CYCLES_DIST_100                         0         -nan%                0         -nan%
L1_LATE_PREF_CYCLES_DIST_200                         0         -nan%                0         -nan%
L1_LATE_PREF_CYCLES_DIST_300                         0         -nan%                0         -nan%
L1_LATE_PREF_CYCLES_DIST_400                         0         -nan%                0         -nan%
L1_LATE_PREF_CYCLES_DIST_500                         0         -nan%                0         -nan%
L1_LATE_PREF_CYCLES_DIST_600                         0         -nan%                0         -nan%
L1_LATE_PREF_CYCLES_DIST_700                         0         -nan%                0         -nan%
L1_LATE_PREF_CYCLES_DIST_800                         0         -nan%                0         -nan%
L1_LATE_PREF_CYCLES_DIST_900                         0         -nan%                0         -nan%
L1_LATE_PREF_CYCLES_DIST_1000                        0         -nan%                0         -nan%
L1_LATE_PREF_CYCLES_DIST_1100                        0         -nan%                0         -nan%
L1_LATE_PREF_CYCLES_DIST_1200                        0         -nan%                0         -nan%
L1_LATE_PREF_CYCLES_DIST_1300                        0         -nan%                0         -nan%
L1_LATE_PREF_CYCLES_DIST_1400                        0         -nan%                0         -nan%
L1_LATE_PREF_CYCLES_DIST_1500                        0         -nan%                0         -nan%
L1_LATE_PREF_CYCLES_DIST_1600                        0         -nan%                0         -nan%
L1_LATE_PREF_CYCLES_DIST_1700                        0         -nan%                0         -nan%
L1_LATE_PREF_CYCLES_DIST_1800                        0         -nan%                0         -nan%
L1_LATE_PREF_CYCLES_DIST_1900                        0         -nan%                0         -nan%
L1_LATE_PREF_CYCLES_DIST_2000                        0         -nan%                0         -nan%
                                                     0         -nan%                0         -nan%
                                                  -nan         -nan              -nan         -nan

MLC_PREF_HIT                                         0                              0              

MLC_PREF_UNIQUE_HIT                                  0                              0              

MLC_PREF_LATE                                        0                              0              

PREF_HYBRID_SEL_0                                    0         -nan%                0         -nan%
PREF_HYBRID_SEL_1                                    0         -nan%                0         -nan%
PREF_HYBRID_SEL_2                                    0         -nan%                0         -nan%
PREF_HYBRID_SEL_3                                    0         -nan%                0         -nan%
PREF_HYBRID_SEL_4                                    0         -nan%                0         -nan%
PREF_HYBRID_SEL_5                                    0         -nan%                0         -nan%
PREF_HYBRID_SEL_6                                    0         -nan%                0         -nan%
                                                     0         -nan%                0         -nan%
                                                  -nan         -nan              -nan         -nan

PREF_DISTANCE_1                                      0         -nan%                0         -nan%
PREF_DISTANCE_2                                      0         -nan%                0         -nan%
PREF_DISTANCE_3                                      0         -nan%                0         -nan%
PREF_DISTANCE_4                                      0         -nan%                0         -nan%
PREF_DISTANCE_5                                      0         -nan%                0         -nan%
PREF_DISTANCE_6                                      0         -nan%                0         -nan%
PREF_DISTANCE_7                                      0         -nan%                0         -nan%
PREF_DISTANCE_8                                      0         -nan%                0         -nan%
PREF_DISTANCE_9                                      0         -nan%                0         -nan%
PREF_DISTANCE_10                                     0         -nan%                0         -nan%
                                                     0         -nan%                0         -nan%
                                                  -nan         -nan              -nan         -nan

PREF_REPL_MRU                                        0         -nan%                0         -nan%
PREF_REPL_MID                                        0         -nan%                0         -nan%
PREF_REPL_LOWQTR                                     0         -nan%                0         -nan%
PREF_REPL_LRU                                        0         -nan%                0         -nan%
                                                     0         -nan%                0         -nan%
                                                  -nan         -nan              -nan         -nan

PREF_REPL_MOVEDOWN                                   0         -nan%                0         -nan%
PREF_REPL_MOVEUP                                     0         -nan%                0         -nan%
                                                     0         -nan%                0         -nan%
                                                  -nan         -nan              -nan         -nan

PREF_COV_1                                           0         -nan%                0         -nan%
PREF_COV_2                                           0         -nan%                0         -nan%
PREF_COV_3                                           0         -nan%                0         -nan%
PREF_COV_4                                           0         -nan%                0         -nan%
PREF_COV_5                                           0         -nan%                0         -nan%
PREF_COV_6                                           0         -nan%                0         -nan%
PREF_COV_7                                           0         -nan%                0         -nan%
PREF_COV_8                                           0         -nan%                0         -nan%
PREF_COV_9                                           0         -nan%                0         -nan%
PREF_COV_10                                          0         -nan%                0         -nan%
                                                     0         -nan%                0         -nan%
                                                  -nan         -nan              -nan         -nan

PREF_POL_1                                           0         -nan%                0         -nan%
PREF_POL_2                                           0         -nan%                0         -nan%
PREF_POL_3                                           0         -nan%                0         -nan%
PREF_POL_4                                           0         -nan%                0         -nan%
PREF_POL_5                                           0         -nan%                0         -nan%
PREF_POL_6                                           0         -nan%                0         -nan%
PREF_POL_7                                           0         -nan%                0         -nan%
PREF_POL_8                                           0         -nan%                0         -nan%
PREF_POL_9                                           0         -nan%                0         -nan%
PREF_POL_10                                          0         -nan%                0         -nan%
                                                     0         -nan%                0         -nan%
                                                  -nan         -nan              -nan         -nan

PREF_ACC_1                                           0         -nan%                0         -nan%
PREF_ACC_2                                           0         -nan%                0         -nan%
PREF_ACC_3                                           0         -nan%                0         -nan%
PREF_ACC_4                                           0         -nan%                0         -nan%
PREF_ACC_5                                           0         -nan%                0         -nan%
PREF_ACC_6                                           0         -nan%                0         -nan%
PREF_ACC_7                                           0         -nan%                0         -nan%
PREF_ACC_8                                           0         -nan%                0         -nan%
PREF_ACC_9                                           0         -nan%                0         -nan%
PREF_ACC_10                                          0         -nan%                0         -nan%
                                                     0         -nan%                0         -nan%
                                                  -nan         -nan              -nan         -nan

PREF_TIMELY_1                                        0         -nan%                0         -nan%
PREF_TIMELY_2                                        0         -nan%                0         -nan%
PREF_TIMELY_3                                        0         -nan%                0         -nan%
PREF_TIMELY_4                                        0         -nan%                0         -nan%
PREF_TIMELY_5                                        0         -nan%                0         -nan%
PREF_TIMELY_6                                        0         -nan%                0         -nan%
PREF_TIMELY_7                                        0         -nan%                0         -nan%
PREF_TIMELY_8                                        0         -nan%                0         -nan%
PREF_TIMELY_9                                        0         -nan%                0         -nan%
PREF_TIMELY_10                                       0         -nan%                0         -nan%
                                                     0         -nan%                0         -nan%
                                                  -nan         -nan              -nan         -nan

PREF_UNUSED_EVICT                                   37                             44              

PREF_REGION_SENT                                     0                              0              

PREF_REGION_USEFUL                                   0                              0              

PREF_REGION_EVICT                                    0                              0              

PREF_PFPOL                                           0                              0              

PREF_PHASE_NEWPHASE_DET                              0                              0              

PREF_PHASE_NEWPHASE_NOTVALID                         0                              0              

PREF_PHASE_SENTPREF                                  0                              0              

PREF_PHASE_OVERWRITE_PAGE                            0                              0              

PREF_UPDATE_COUNT                                    0                              0              

PREF_ACC1_HT_HP                                      0         -nan%                0         -nan%
PREF_ACC1_HT_LP                                      0         -nan%                0         -nan%
PREF_ACC1_LT_HP                                      0         -nan%                0         -nan%
PREF_ACC1_LT_LP                                      0         -nan%                0         -nan%
PREF_ACC2_HT_HP                                      0         -nan%                0         -nan%
PREF_ACC2_HT_LP                                      0         -nan%                0         -nan%
PREF_ACC2_LT_HP                                      0         -nan%                0         -nan%
PREF_ACC2_LT_LP                                      0         -nan%                0         -nan%
PREF_ACC3_HT_HP                                      0         -nan%                0         -nan%
PREF_ACC3_HT_LP                                      0         -nan%                0         -nan%
PREF_ACC3_LT_HP                                      0         -nan%                0         -nan%
PREF_ACC3_LT_LP                                      0         -nan%                0         -nan%
PREF_ACC4_HT_HP                                      0         -nan%                0         -nan%
PREF_ACC4_HT_LP                                      0         -nan%                0         -nan%
PREF_ACC4_LT_HP                                      0         -nan%                0         -nan%
PREF_ACC4_LT_LP                                      0         -nan%                0         -nan%
                                                     0         -nan%                0         -nan%
                                                  -nan         -nan              -nan         -nan

FDIP_DECIDE_PREF_ONPATH                        1276686                        2536319              

FDIP_DECIDE_PREF_OFFPATH                         32738                          71617              

FDIP_NEW_PREFETCHES_ONPATH                           0                             15              

FDIP_NEW_PREFETCHES_OFFPATH                          0                            106              

FDIP_PREF_ICACHE_PROBE_HIT_ONPATH              1276686                        2536296              

FDIP_PREF_ICACHE_PROBE_HIT_OFFPATH               32738                          71479              

FDIP_PREF_MSHR_PROBE_HIT_ONPATH                      0                              8              

FDIP_PREF_MSHR_PROBE_HIT_OFFPATH                     0                             32              

FDIP_ATTEMPTED_PREF_ONPATH                     1276686                        2553585              

FDIP_ATTEMPTED_PREF_OFFPATH                      32738                          71995              

FDIP_ALT_PATH_PREFETCHES_IC_EMITTED                  0                              0              

FDIP_ALT_PATH_PREFETCHES_IC_TRIGGERED                0                              0              

FDIP_ALT_PATH_PREFETCHES_UOC_EMITTED_OFF_PATH             0         -nan%                0         -nan%
FDIP_ALT_PATH_PREFETCHES_UOC_EMITTED_ON_PATH             0         -nan%                0         -nan%
                                                     0         -nan%                0         -nan%
                                                  -nan         -nan              -nan         -nan

FDIP_ALT_PATH_PREFETCHES_UOC_TRIGGERED               0                              0              

FDIP_BREAK_REACH_FTQ_END                       2719246       94.478%          5461887       94.432%
FDIP_BREAK_FTQ_EMPTY                                 0        0.000%                0        0.000%
FDIP_BREAK_MAX_FTQ_ENTRY_CYC                    158938        5.522%           322029        5.568%
FDIP_BREAK_FULL_MEM_REQ_BUF                          0        0.000%                0        0.000%
                                               2878184      100.000%          5783916      100.000%
                                                  0.11         0.44              0.11         0.45

FDIP_CYCLE_COUNT                                     0                              0              

ICACHE_USEFUL_FETCHES                                0                             27              

USEFUL_CACHELINES_RETIRED                            0                              0              

ICACHE_UNUSEFUL_FETCHES                              0                              0              

UNIQUE_MISSED_LINES                                  0                             23              

UNIQUE_HIT_LINES                                     0                             37              

UNIQUE_PREFETCHED_LINES                              0                              0              

FDIP_BTB_MISS_NT_RESTEER_ONPATH                      0                             27              

FDIP_BTB_MISS_NT_RESTEER_OFFPATH                     0                             22              

FDIP_UTILITY_HASH_HIT                                0         -nan%                0         -nan%
FDIP_UTILITY_HASH_MISS                               0         -nan%                0         -nan%
                                                     0         -nan%                0         -nan%
                                                  -nan         -nan              -nan         -nan

FDIP_UC_HIT                                          0         -nan%                0         -nan%
FDIP_UC_MISS                                         0         -nan%                0         -nan%
                                                     0         -nan%                0         -nan%
                                                  -nan         -nan              -nan         -nan

FDIP_UC_USEFUL_LINES                                 0                              0              

FDIP_UC_REPLACEMENT                                  0                              0              

FDIP_BLOOM_HIT                                       0         -nan%             6420       26.679%
FDIP_BLOOM_MISS                                      0         -nan%            17644       73.321%
                                                     0         -nan%            24064      100.000%
                                                  -nan         -nan              0.73         0.67

FDIP_BLOOM_INSERTED                                  0                             32              

FDIP_BLOOM_CLEAR1                                    0                              0              

FDIP_BLOOM_CLEAR2                                    0                              0              

FDIP_BLOOM_CLEAR4                                    0                              0              

FDIP_BLOOM_1STREAM                                   0                              0              

FDIP_BLOOM_2STREAM                                   0                              0              

FDIP_BLOOM_3STREAM                                   0                              0              

FDIP_BLOOM_4STREAM                                   0                              0              

FDIP_BLOOM_5STREAM                                   0                              0              

FDIP_BLOOM_6STREAM                                   0                              0              

FDIP_BLOOM_7STREAM                                   0                              0              

FDIP_BLOOM_8STREAM                                   0                              0              

FDIP_BLOOM_1INSERT                                   0                             22              

FDIP_BLOOM_2INSERT                                   0                              5              

FDIP_BLOOM_4INSERT                                   0                              0              

FDIP_BLOOM_NOSTREAM                                  0                              0              

FDIP_AVG_FTQ_OCCUPANCY_OPS                         178                            178              

FDIP_AVG_FTQ_OCCUPANCY                              31                             31              

FDIP_FTQ_OCCUPANCY_OPS_ACCUMULATED           514461305                     1034045821              

FDIP_FTQ_OCCUPANCY_BLOCKS_ACCUMULATED         89521069                      179774642              

FDIP_TRAINING_SAMPLE                                 0                              0              

FDIP_SENIORITY_FTQ_ACCUMULATED                       0                      239242015              

FDIP_SENIORITY_FTQ_HIT                               0                           1203              

FDIP_SENIORITY_FTQ_MISS                         183935                         366639              

FDIP_OFF_CONF_ON_PREF_CANDIDATES                 32738        2.500%            70819        2.697%
FDIP_OFF_CONF_OFF_PREF_CANDIDATES                    0        0.000%             1176        0.045%
FDIP_ON_CONF_ON_PREF_CANDIDATES                1276686       97.500%          2530697       96.386%
FDIP_ON_CONF_OFF_PREF_CANDIDATES                     0        0.000%            22888        0.872%
                                               1309424      100.000%          2625580      100.000%
                                                  1.95         0.05              1.95         0.21

FDIP_ON_CONF_ON_EMITTED                              0         -nan%               23       14.286%
FDIP_ON_CONF_OFF_EMITTED                             0         -nan%                0        0.000%
FDIP_OFF_CONF_ON_EMITTED                             0         -nan%              138       85.714%
FDIP_OFF_CONF_OFF_EMITTED                            0         -nan%                0        0.000%
                                                     0         -nan%              161      100.000%
                                                  -nan         -nan              1.71         0.27

FDIP_OFF_CONF_ON_NUM_EVENTS                        539                           1237              

FDIP_OFF_CONF_ON_BTB_MISS                            0        0.000%                0        0.000%
FDIP_OFF_CONF_ON_BP_INCORRECT                      539      100.000%             1235       99.838%
FDIP_OFF_CONF_ON_MISFETCH                            0        0.000%                2        0.162%
FDIP_OFF_CONF_ON_NO_TARGET                           0        0.000%                0        0.000%
                                                   539      100.000%             1237      100.000%
                                                  1.00         0.00              1.00         0.04

FDIP_OFF_CONF_ON_BTB_MISS_PREF_CANDIDATES             0        0.000%                0        0.000%
FDIP_OFF_CONF_ON_BP_INCORRECT_PREF_CANDIDATES         32738      100.000%            70778       99.942%
FDIP_OFF_CONF_ON_MISFETCH_PREF_CANDIDATES             0        0.000%               41        0.058%
FDIP_OFF_CONF_ON_NO_TARGET_PREF_CANDIDATES             0        0.000%                0        0.000%
                                                 32738      100.000%            70819      100.000%
                                                  1.00         0.00              1.00         0.02

FDIP_OFF_CONF_ON_BTB_MISS_EMITTED                    0         -nan%                0        0.000%
FDIP_OFF_CONF_ON_BP_INCORRECT_EMITTED                0         -nan%              138      100.000%
FDIP_OFF_CONF_ON_MISFETCH_EMITTED                    0         -nan%                0        0.000%
FDIP_OFF_CONF_ON_NO_TARGET_EMITTED                   0         -nan%                0        0.000%
                                                     0         -nan%              138      100.000%
                                                  -nan         -nan              1.00         0.00

FDIP_OFF_CONF_ON_BP_INCORRECT_0_CONF                73       13.544%              151       12.227%
FDIP_OFF_CONF_ON_BP_INCORRECT_1_CONF                 0        0.000%               86        6.964%
FDIP_OFF_CONF_ON_BP_INCORRECT_2_CONF               132       24.490%              281       22.753%
FDIP_OFF_CONF_ON_BP_INCORRECT_3_CONF               334       61.967%              717       58.057%
                                                   539      100.000%             1235      100.000%
                                                  2.35         1.93              2.27         1.85

FDIP_OFF_CONF_ON_BTB_MISS_CBR_0_CONF                 0         -nan%                0         -nan%
FDIP_OFF_CONF_ON_BTB_MISS_CBR_1_CONF                 0         -nan%                0         -nan%
FDIP_OFF_CONF_ON_BTB_MISS_CBR_2_CONF                 0         -nan%                0         -nan%
FDIP_OFF_CONF_ON_BTB_MISS_CBR_3_CONF                 0         -nan%                0         -nan%
                                                     0         -nan%                0         -nan%
                                                  -nan         -nan              -nan         -nan

FDIP_OFF_CONF_ON_BTB_MISS_NOT_CF                     0         -nan%                0         -nan%
FDIP_OFF_CONF_ON_BTB_MISS_CF_BR                      0         -nan%                0         -nan%
FDIP_OFF_CONF_ON_BTB_MISS_CF_CBR                     0         -nan%                0         -nan%
FDIP_OFF_CONF_ON_BTB_MISS_CF_CALL                    0         -nan%                0         -nan%
FDIP_OFF_CONF_ON_BTB_MISS_CF_IBR                     0         -nan%                0         -nan%
FDIP_OFF_CONF_ON_BTB_MISS_CF_ICALL                   0         -nan%                0         -nan%
FDIP_OFF_CONF_ON_BTB_MISS_CF_ICO                     0         -nan%                0         -nan%
FDIP_OFF_CONF_ON_BTB_MISS_CF_RET                     0         -nan%                0         -nan%
FDIP_OFF_CONF_ON_BTB_MISS_CF_SYS                     0         -nan%                0         -nan%
                                                     0         -nan%                0         -nan%
                                                  -nan         -nan              -nan         -nan

FDIP_ON_CONF_OFF_NUM_EVENTS                          0                             19              

FDIP_ON_CONF_OFF_NUM_BTB_MISS                        0                           3291              

FDIP_ON_CONF_OFF_NUM_OP_DIST_INC                     0                              0              

FDIP_ON_CONF_OFF_NUM_CF_BR                           0         -nan%            13224       32.850%
FDIP_ON_CONF_OFF_NUM_CF_CBR                          0         -nan%            25513       63.377%
FDIP_ON_CONF_OFF_NUM_CF_CALL                         0         -nan%              719        1.786%
FDIP_ON_CONF_OFF_NUM_CF_IBR                          0         -nan%              167        0.415%
FDIP_ON_CONF_OFF_NUM_CF_ICALL                        0         -nan%                0        0.000%
FDIP_ON_CONF_OFF_NUM_CF_ICO                          0         -nan%                0        0.000%
FDIP_ON_CONF_OFF_NUM_CF_RET                          0         -nan%              633        1.572%
FDIP_ON_CONF_OFF_NUM_CF_SYS                          0         -nan%                0        0.000%
                                                     0         -nan%            40256      100.000%
                                                  -nan         -nan              0.78         0.71

FDIP_ON_CONF_OFF_NUM_CONF_0_BR                       0         -nan%                6        0.015%
FDIP_ON_CONF_OFF_NUM_CONF_1_BR                       0         -nan%                9        0.022%
FDIP_ON_CONF_OFF_NUM_CONF_2_BR                       0         -nan%               13        0.032%
FDIP_ON_CONF_OFF_NUM_CONF_3_BR                       0         -nan%            40228       99.930%
                                                     0         -nan%            40256      100.000%
                                                  -nan         -nan              3.00         3.00

FDIP_BTB_NUM_CYCLES_OFF_PATH_EVENT                   0                             13              

FDIP_BP_CONF_0_MISPRED                              73        0.005%              178        0.006%
FDIP_BP_CONF_1_MISPRED                               0        0.000%              104        0.003%
FDIP_BP_CONF_2_MISPRED                             132        0.008%              328        0.010%
FDIP_BP_CONF_3_MISPRED                             409        0.025%              873        0.027%
FDIP_BP_CONF_0_CORRECT                             133        0.008%             2667        0.082%
FDIP_BP_CONF_1_CORRECT                              73        0.005%              827        0.026%
FDIP_BP_CONF_2_CORRECT                             411        0.025%             1311        0.041%
FDIP_BP_CONF_3_CORRECT                         1610784       99.924%          3228981       99.806%
                                               1612015      100.000%          3235269      100.000%
                                                  7.00         7.00              6.99         6.99

FDIP_ON_CONF_OFF_BTB_MISS_BP_TAKEN_CONF_0             0         -nan%                3       15.789%
FDIP_ON_CONF_OFF_BTB_MISS_BP_TAKEN_CONF_1             0         -nan%                1        5.263%
FDIP_ON_CONF_OFF_BTB_MISS_BP_TAKEN_CONF_2             0         -nan%                0        0.000%
FDIP_ON_CONF_OFF_BTB_MISS_BP_TAKEN_CONF_3             0         -nan%                2       10.526%
FDIP_ON_CONF_OFF_BTB_MISS_RATE                       0         -nan%               13       68.421%
FDIP_ON_CONF_OFF_INV_CONF_INC                        0         -nan%                0        0.000%
                                                     0         -nan%               19      100.000%
                                                  -nan         -nan              3.11         0.91

FDIP_ON_CONF_OFF_BTB_MISS_BP_TAKEN_CONF_0_PREF_CANDIDATES             0         -nan%                3        0.013%
FDIP_ON_CONF_OFF_BTB_MISS_BP_TAKEN_CONF_1_PREF_CANDIDATES             0         -nan%                1        0.004%
FDIP_ON_CONF_OFF_BTB_MISS_BP_TAKEN_CONF_2_PREF_CANDIDATES             0         -nan%                0        0.000%
FDIP_ON_CONF_OFF_BTB_MISS_BP_TAKEN_CONF_3_PREF_CANDIDATES             0         -nan%               93        0.406%
FDIP_ON_CONF_OFF_BTB_MISS_RATE_PREF_CANDIDATES             0         -nan%            22791       99.576%
FDIP_ON_CONF_OFF_INV_CONF_INC_PREF_CANDIDATES             0         -nan%                0        0.000%
                                                     0         -nan%            22888      100.000%
                                                  -nan         -nan              4.00         0.07

FDIP_ON_CONF_OFF_BTB_MISS_BP_TAKEN_CONF_0_EMITTED             0         -nan%                0         -nan%
FDIP_ON_CONF_OFF_BTB_MISS_BP_TAKEN_CONF_1_EMITTED             0         -nan%                0         -nan%
FDIP_ON_CONF_OFF_BTB_MISS_BP_TAKEN_CONF_2_EMITTED             0         -nan%                0         -nan%
FDIP_ON_CONF_OFF_BTB_MISS_BP_TAKEN_CONF_3_EMITTED             0         -nan%                0         -nan%
FDIP_ON_CONF_OFF_BTB_MISS_RATE_EMITTED               0         -nan%                0         -nan%
FDIP_ON_CONF_OFF_INV_CONF_INC_EMITTED                0         -nan%                0         -nan%
                                                     0         -nan%                0         -nan%
                                                  -nan         -nan              -nan         -nan

ICACHE_FIRST_MISS_AFTER_WARMUP_SEEN_DURING_WARMUP             0         -nan%                0         -nan%
ICACHE_FIRST_MISS_AFTER_WARMUP_NOT_SEEN_DURING_WARMUP             0         -nan%                0         -nan%
                                                     0         -nan%                0         -nan%
                                                  -nan         -nan              -nan         -nan

ICACHE_FIRST_MISS_AFTER_WARMUP_NO_PREF_DURING_WARMUP             0         -nan%                0         -nan%
ICACHE_FIRST_MISS_AFTER_WARMUP_TRAINED_UNUSEFUL_DURING_WARMUP             0         -nan%                0         -nan%
ICACHE_FIRST_MISS_AFTER_WARMUP_TRAINED_USEFUL_DURING_WARMUP             0         -nan%                0         -nan%
                                                     0         -nan%                0         -nan%
                                                  -nan         -nan              -nan         -nan

FDIP_PREFETCH_EVICT_NO_HIT_ONLY_ONCE                 0                              0              

FDIP_PREFETCH_HIT_ICACHE                       1309424      100.000%          2607775       99.994%
FDIP_PREFETCH_HIT_MLC                                0        0.000%                0        0.000%
FDIP_PREFETCH_HIT_L1                                 0        0.000%                0        0.000%
FDIP_PREFETCH_HIT_DRAM                               0        0.000%              161        0.006%
                                               1309424      100.000%          2607936      100.000%
                                                  0.00         0.00              0.00         0.02

FDIP_MEM_BUF_MISS                                    0         -nan%                0         -nan%
FDIP_MEM_BUF_FOUND                                   0         -nan%                0         -nan%
                                                     0         -nan%                0         -nan%
                                                  -nan         -nan              -nan         -nan

DJOLT_PREFETCH_ENTRY                                 0                              0              

DJOLT_PREFETCH_INITIAL                               0                              0              

DJOLT_PREFETCH_SIG                             3926418                        7854406              

FNLMMA_PREFETCH_TYPE0                                0         -nan%                0         -nan%
FNLMMA_PREFETCH_TYPE1                                0         -nan%                0         -nan%
FNLMMA_PREFETCH_TYPE2                                0         -nan%                0         -nan%
FNLMMA_PREFETCH_TYPE3                                0         -nan%                0         -nan%
FNLMMA_PREFETCH_TYPE4                                0         -nan%                0         -nan%
                                                     0         -nan%                0         -nan%
                                                  -nan         -nan              -nan         -nan



