Scarab gitrev: 3067351
Scarab started at Fri Jan  3 10:16:53 2025

Initialized Ramulator. 
** Heartbeat:   5% -- { 1000000 } -- 0.00 KIPS (40.00 KIPS)
** Heartbeat:  10% -- { 2000003 } -- 50.00 KIPS (44.44 KIPS)
** Heartbeat:  15% -- { 3000003 } -- 52.63 KIPS (46.88 KIPS)
** Heartbeat:  20% -- { 4000005 } -- 50.00 KIPS (47.62 KIPS)
** Heartbeat:  25% -- { 5000007 } -- 52.63 KIPS (48.54 KIPS)
** Heartbeat:  30% -- { 6000007 } -- 50.00 KIPS (48.78 KIPS)
** Heartbeat:  35% -- { 7000008 } -- 50.00 KIPS (48.95 KIPS)
** Heartbeat:  40% -- { 8000008 } -- 52.63 KIPS (49.38 KIPS)
** Heartbeat:  45% -- { 9000010 } -- 52.63 KIPS (49.72 KIPS)
** Heartbeat:  50% -- { 10000010 } -- 50.00 KIPS (49.75 KIPS)
** Heartbeat:  55% -- { 11000013 } -- 50.00 KIPS (49.77 KIPS)
** Heartbeat:  60% -- { 12000014 } -- 50.00 KIPS (49.79 KIPS)
** Heartbeat:  65% -- { 13000015 } -- 50.00 KIPS (49.81 KIPS)
** Heartbeat:  70% -- { 14000018 } -- 50.00 KIPS (49.82 KIPS)
** Heartbeat:  75% -- { 15000020 } -- 50.00 KIPS (49.83 KIPS)
** Heartbeat:  80% -- { 16000020 } -- 50.00 KIPS (49.84 KIPS)
** Heartbeat:  85% -- { 17000023 } -- 52.63 KIPS (50.00 KIPS)
** Heartbeat:  90% -- { 18000027 } -- 50.00 KIPS (50.00 KIPS)
** Heartbeat:  95% -- { 19000031 } -- 50.00 KIPS (50.00 KIPS)
Warning could not fetch inst from frontend
Warning could not fetch inst from frontend
Warning could not fetch inst from frontend
Warning could not fetch inst from frontend
Warning could not fetch inst from frontend
Warning could not fetch inst from frontend
Warning could not fetch inst from frontend
Warning could not fetch inst from frontend
Warning could not fetch inst from frontend
Warning could not fetch inst from frontend
Warning could not fetch inst from frontend
Warning could not fetch inst from frontend
Warning could not fetch inst from frontend
Warning could not fetch inst from frontend
Warning could not fetch inst from frontend
Warning could not fetch inst from frontend
Warning could not fetch inst from frontend
Warning could not fetch inst from frontend
Warning could not fetch inst from frontend
Warning could not fetch inst from frontend
Warning could not fetch inst from frontend
Warning could not fetch inst from frontend
Warning could not fetch inst from frontend
Warning could not fetch inst from frontend
Warning could not fetch inst from frontend
Warning could not fetch inst from frontend
Warning could not fetch inst from frontend
Warning could not fetch inst from frontend
Warning could not fetch inst from frontend
Warning could not fetch inst from frontend
Warning could not fetch inst from frontend
Warning could not fetch inst from frontend
Warning could not fetch inst from frontend
Warning could not fetch inst from frontend
Warning could not fetch inst from frontend
Warning could not fetch inst from frontend
Warning could not fetch inst from frontend
Warning could not fetch inst from frontend
Warning could not fetch inst from frontend
Warning could not fetch inst from frontend
Warning could not fetch inst from frontend
Warning could not fetch inst from frontend
Warning could not fetch inst from frontend
Warning could not fetch inst from frontend
Warning could not fetch inst from frontend
Warning could not fetch inst from frontend
Warning could not fetch inst from frontend
Warning could not fetch inst from frontend
Warning could not fetch inst from frontend
Warning could not fetch inst from frontend
Warning could not fetch inst from frontend
Warning could not fetch inst from frontend
Warning could not fetch inst from frontend
Warning could not fetch inst from frontend
Warning could not fetch inst from frontend
Warning could not fetch inst from frontend
Warning could not fetch inst from frontend
Warning could not fetch inst from frontend
Warning could not fetch inst from frontend
Warning could not fetch inst from frontend
Warning could not fetch inst from frontend
Warning could not fetch inst from frontend
** Core 0 Finished:    insts:20109850    cycles:7536199     time:2355062187500       -- 2.67 IPC (2.67 IPC) --  N/A  KIPS (50.13 KIPS)
Scarab finished at Fri Jan  3 10:23:32 2025

