/* -*- Mode: c -*- */
####################################################################################################
Core 0
####################################################################################################
Cumulative:        Cycles: 7572915               Instructions: 20112261              IPC: 2.65581

Periodic:          Cycles: 3596931               Instructions: 10054925              IPC: 2.79542

PREF_DL0REQ_QUEUE_HIT_BY_DEMAND                      0                              0              

PREF_UMLC_REQ_QUEUE_HIT_BY_DEMAND                    0                              0              

PREF_UL1REQ_QUEUE_HIT_BY_DEMAND                      0                              0              

PREF_DL0REQ_QUEUE_FULL                               0                              0              

PREF_UMLC_REQ_QUEUE_FULL                             0                              0              

PREF_UL1REQ_QUEUE_FULL                               0                              0              

PREF_DC_HIT_NOSEND                                   0                              0              

PREF_WBQDC_HIT_NOSEND                                0                              0              

PREF_MLCQ_STALL                                      0                              0              

PREF_L1Q_STALL                                       0                              0              

PREF_UMLC_REQ_SEND_QUEUE_STALL                       0                              0              

PREF_UL1REQ_SEND_QUEUE_STALL                         0                              0              

PREF_UMLC_REQ_QUEUE_SENTREQ                          0                              0              

PREF_UL1REQ_QUEUE_SENTREQ                          408                           1715              

PREF_NEWREQ_MATCHED                                 10                             80              

PREF_UMLC_REQ_QUEUE_MATCHED_REQ                      0                              0              

PREF_UL1REQ_QUEUE_MATCHED_REQ                        0                             63              

PREF_DL0REQ_QUEUE_MATCHED_REQ                        0                              0              

L1_PREF_HIT                                         39                            301              

L1_PREF_UNIQUE_HIT                                  21                            262              

L1_PREF_LATE                                         1                             64              

L1_LATE_PREF_CYCLES                                 88                           5495              

L1_LATE_PREF_CYCLES_DIST_0                           1      100.000%               51       79.688%
L1_LATE_PREF_CYCLES_DIST_100                         0        0.000%               10       15.625%
L1_LATE_PREF_CYCLES_DIST_200                         0        0.000%                2        3.125%
L1_LATE_PREF_CYCLES_DIST_300                         0        0.000%                0        0.000%
L1_LATE_PREF_CYCLES_DIST_400                         0        0.000%                0        0.000%
L1_LATE_PREF_CYCLES_DIST_500                         0        0.000%                0        0.000%
L1_LATE_PREF_CYCLES_DIST_600                         0        0.000%                0        0.000%
L1_LATE_PREF_CYCLES_DIST_700                         0        0.000%                0        0.000%
L1_LATE_PREF_CYCLES_DIST_800                         0        0.000%                0        0.000%
L1_LATE_PREF_CYCLES_DIST_900                         0        0.000%                0        0.000%
L1_LATE_PREF_CYCLES_DIST_1000                        0        0.000%                0        0.000%
L1_LATE_PREF_CYCLES_DIST_1100                        0        0.000%                0        0.000%
L1_LATE_PREF_CYCLES_DIST_1200                        0        0.000%                1        1.562%
L1_LATE_PREF_CYCLES_DIST_1300                        0        0.000%                0        0.000%
L1_LATE_PREF_CYCLES_DIST_1400                        0        0.000%                0        0.000%
L1_LATE_PREF_CYCLES_DIST_1500                        0        0.000%                0        0.000%
L1_LATE_PREF_CYCLES_DIST_1600                        0        0.000%                0        0.000%
L1_LATE_PREF_CYCLES_DIST_1700                        0        0.000%                0        0.000%
L1_LATE_PREF_CYCLES_DIST_1800                        0        0.000%                0        0.000%
L1_LATE_PREF_CYCLES_DIST_1900                        0        0.000%                0        0.000%
L1_LATE_PREF_CYCLES_DIST_2000                        0        0.000%                0        0.000%
                                                     1      100.000%               64      100.000%
                                                  0.00         -nan              0.41         1.51

MLC_PREF_HIT                                     47348                          95897              

MLC_PREF_UNIQUE_HIT                                 75                           1431              

MLC_PREF_LATE                                        0                              0              

PREF_HYBRID_SEL_0                                    0         -nan%                0         -nan%
PREF_HYBRID_SEL_1                                    0         -nan%                0         -nan%
PREF_HYBRID_SEL_2                                    0         -nan%                0         -nan%
PREF_HYBRID_SEL_3                                    0         -nan%                0         -nan%
PREF_HYBRID_SEL_4                                    0         -nan%                0         -nan%
PREF_HYBRID_SEL_5                                    0         -nan%                0         -nan%
PREF_HYBRID_SEL_6                                    0         -nan%                0         -nan%
                                                     0         -nan%                0         -nan%
                                                  -nan         -nan              -nan         -nan

PREF_DISTANCE_1                                      0         -nan%                0         -nan%
PREF_DISTANCE_2                                      0         -nan%                0         -nan%
PREF_DISTANCE_3                                      0         -nan%                0         -nan%
PREF_DISTANCE_4                                      0         -nan%                0         -nan%
PREF_DISTANCE_5                                      0         -nan%                0         -nan%
PREF_DISTANCE_6                                      0         -nan%                0         -nan%
PREF_DISTANCE_7                                      0         -nan%                0         -nan%
PREF_DISTANCE_8                                      0         -nan%                0         -nan%
PREF_DISTANCE_9                                      0         -nan%                0         -nan%
PREF_DISTANCE_10                                     0         -nan%                0         -nan%
                                                     0         -nan%                0         -nan%
                                                  -nan         -nan              -nan         -nan

PREF_REPL_MRU                                        0         -nan%                0         -nan%
PREF_REPL_MID                                        0         -nan%                0         -nan%
PREF_REPL_LOWQTR                                     0         -nan%                0         -nan%
PREF_REPL_LRU                                        0         -nan%                0         -nan%
                                                     0         -nan%                0         -nan%
                                                  -nan         -nan              -nan         -nan

PREF_REPL_MOVEDOWN                                   0         -nan%                0         -nan%
PREF_REPL_MOVEUP                                     0         -nan%                0         -nan%
                                                     0         -nan%                0         -nan%
                                                  -nan         -nan              -nan         -nan

PREF_COV_1                                           0         -nan%                0         -nan%
PREF_COV_2                                           0         -nan%                0         -nan%
PREF_COV_3                                           0         -nan%                0         -nan%
PREF_COV_4                                           0         -nan%                0         -nan%
PREF_COV_5                                           0         -nan%                0         -nan%
PREF_COV_6                                           0         -nan%                0         -nan%
PREF_COV_7                                           0         -nan%                0         -nan%
PREF_COV_8                                           0         -nan%                0         -nan%
PREF_COV_9                                           0         -nan%                0         -nan%
PREF_COV_10                                          0         -nan%                0         -nan%
                                                     0         -nan%                0         -nan%
                                                  -nan         -nan              -nan         -nan

PREF_POL_1                                           0         -nan%                0         -nan%
PREF_POL_2                                           0         -nan%                0         -nan%
PREF_POL_3                                           0         -nan%                0         -nan%
PREF_POL_4                                           0         -nan%                0         -nan%
PREF_POL_5                                           0         -nan%                0         -nan%
PREF_POL_6                                           0         -nan%                0         -nan%
PREF_POL_7                                           0         -nan%                0         -nan%
PREF_POL_8                                           0         -nan%                0         -nan%
PREF_POL_9                                           0         -nan%                0         -nan%
PREF_POL_10                                          0         -nan%                0         -nan%
                                                     0         -nan%                0         -nan%
                                                  -nan         -nan              -nan         -nan

PREF_ACC_1                                           0         -nan%                0         -nan%
PREF_ACC_2                                           0         -nan%                0         -nan%
PREF_ACC_3                                           0         -nan%                0         -nan%
PREF_ACC_4                                           0         -nan%                0         -nan%
PREF_ACC_5                                           0         -nan%                0         -nan%
PREF_ACC_6                                           0         -nan%                0         -nan%
PREF_ACC_7                                           0         -nan%                0         -nan%
PREF_ACC_8                                           0         -nan%                0         -nan%
PREF_ACC_9                                           0         -nan%                0         -nan%
PREF_ACC_10                                          0         -nan%                0         -nan%
                                                     0         -nan%                0         -nan%
                                                  -nan         -nan              -nan         -nan

PREF_TIMELY_1                                        0         -nan%                0         -nan%
PREF_TIMELY_2                                        0         -nan%                0         -nan%
PREF_TIMELY_3                                        0         -nan%                0         -nan%
PREF_TIMELY_4                                        0         -nan%                0         -nan%
PREF_TIMELY_5                                        0         -nan%                0         -nan%
PREF_TIMELY_6                                        0         -nan%                0         -nan%
PREF_TIMELY_7                                        0         -nan%                0         -nan%
PREF_TIMELY_8                                        0         -nan%                0         -nan%
PREF_TIMELY_9                                        0         -nan%                0         -nan%
PREF_TIMELY_10                                       0         -nan%                0         -nan%
                                                     0         -nan%                0         -nan%
                                                  -nan         -nan              -nan         -nan

PREF_UNUSED_EVICT                                  695                           2587              

PREF_REGION_SENT                                     0                              0              

PREF_REGION_USEFUL                                   0                              0              

PREF_REGION_EVICT                                    0                              0              

PREF_PFPOL                                           0                              0              

PREF_PHASE_NEWPHASE_DET                              0                              0              

PREF_PHASE_NEWPHASE_NOTVALID                         0                              0              

PREF_PHASE_SENTPREF                                  0                              0              

PREF_PHASE_OVERWRITE_PAGE                            0                              0              

PREF_UPDATE_COUNT                                    0                              0              

PREF_ACC1_HT_HP                                      0         -nan%                0         -nan%
PREF_ACC1_HT_LP                                      0         -nan%                0         -nan%
PREF_ACC1_LT_HP                                      0         -nan%                0         -nan%
PREF_ACC1_LT_LP                                      0         -nan%                0         -nan%
PREF_ACC2_HT_HP                                      0         -nan%                0         -nan%
PREF_ACC2_HT_LP                                      0         -nan%                0         -nan%
PREF_ACC2_LT_HP                                      0         -nan%                0         -nan%
PREF_ACC2_LT_LP                                      0         -nan%                0         -nan%
PREF_ACC3_HT_HP                                      0         -nan%                0         -nan%
PREF_ACC3_HT_LP                                      0         -nan%                0         -nan%
PREF_ACC3_LT_HP                                      0         -nan%                0         -nan%
PREF_ACC3_LT_LP                                      0         -nan%                0         -nan%
PREF_ACC4_HT_HP                                      0         -nan%                0         -nan%
PREF_ACC4_HT_LP                                      0         -nan%                0         -nan%
PREF_ACC4_LT_HP                                      0         -nan%                0         -nan%
PREF_ACC4_LT_LP                                      0         -nan%                0         -nan%
                                                     0         -nan%                0         -nan%
                                                  -nan         -nan              -nan         -nan

FDIP_DECIDE_PREF_ONPATH                        1460328                        2921972              

FDIP_DECIDE_PREF_OFFPATH                        650706                        1381087              

FDIP_NEW_PREFETCHES_ONPATH                      334269                         667263              

FDIP_NEW_PREFETCHES_OFFPATH                     102046                         212961              

FDIP_PREF_ICACHE_PROBE_HIT_ONPATH              1044442                        2091691              

FDIP_PREF_ICACHE_PROBE_HIT_OFFPATH              526153                        1120256              

FDIP_PREF_MSHR_PROBE_HIT_ONPATH                  81617                         163018              

FDIP_PREF_MSHR_PROBE_HIT_OFFPATH                 22507                          47870              

FDIP_ATTEMPTED_PREF_ONPATH                     1463943                        2929998              

FDIP_ATTEMPTED_PREF_OFFPATH                     691221                        1484908              

FDIP_ALT_PATH_PREFETCHES_IC_EMITTED                  0                              0              

FDIP_ALT_PATH_PREFETCHES_IC_TRIGGERED                0                              0              

FDIP_ALT_PATH_PREFETCHES_UOC_EMITTED_OFF_PATH             0         -nan%                0         -nan%
FDIP_ALT_PATH_PREFETCHES_UOC_EMITTED_ON_PATH             0         -nan%                0         -nan%
                                                     0         -nan%                0         -nan%
                                                  -nan         -nan              -nan         -nan

FDIP_ALT_PATH_PREFETCHES_UOC_TRIGGERED               0                              0              

FDIP_BREAK_REACH_FTQ_END                       2851192       79.267%          6028343       79.604%
FDIP_BREAK_FTQ_EMPTY                                 0        0.000%                0        0.000%
FDIP_BREAK_MAX_FTQ_ENTRY_CYC                    745739       20.733%          1544572       20.396%
FDIP_BREAK_FULL_MEM_REQ_BUF                          0        0.000%                0        0.000%
                                               3596931      100.000%          7572915      100.000%
                                                  0.41         0.72              0.41         0.72

FDIP_CYCLE_COUNT                                     0                              0              

ICACHE_USEFUL_FETCHES                                3                           2013              

USEFUL_CACHELINES_RETIRED                            0                              0              

ICACHE_UNUSEFUL_FETCHES                              1                           4901              

UNIQUE_MISSED_LINES                                  0                           1415              

UNIQUE_HIT_LINES                                     0                           2126              

UNIQUE_PREFETCHED_LINES                              0                              0              

FDIP_BTB_MISS_NT_RESTEER_ONPATH                  17225                          37000              

FDIP_BTB_MISS_NT_RESTEER_OFFPATH                 25973                          52800              

FDIP_UTILITY_HASH_HIT                                0         -nan%                0         -nan%
FDIP_UTILITY_HASH_MISS                               0         -nan%                0         -nan%
                                                     0         -nan%                0         -nan%
                                                  -nan         -nan              -nan         -nan

FDIP_UC_HIT                                          0         -nan%                0         -nan%
FDIP_UC_MISS                                         0         -nan%                0         -nan%
                                                     0         -nan%                0         -nan%
                                                  -nan         -nan              -nan         -nan

FDIP_UC_USEFUL_LINES                                 0                              0              

FDIP_UC_REPLACEMENT                                  0                              0              

FDIP_BLOOM_HIT                                 1099564       96.141%          2180410       95.121%
FDIP_BLOOM_MISS                                  44130        3.859%           111844        4.879%
                                               1143694      100.000%          2292254      100.000%
                                                  0.04         0.19              0.05         0.21

FDIP_BLOOM_INSERTED                                  3                           2311              

FDIP_BLOOM_CLEAR1                                    0                              0              

FDIP_BLOOM_CLEAR2                                    0                              0              

FDIP_BLOOM_CLEAR4                                    0                              0              

FDIP_BLOOM_1STREAM                                   0                              0              

FDIP_BLOOM_2STREAM                                   0                              0              

FDIP_BLOOM_3STREAM                                   0                              0              

FDIP_BLOOM_4STREAM                                   0                              0              

FDIP_BLOOM_5STREAM                                   0                              0              

FDIP_BLOOM_6STREAM                                   0                              0              

FDIP_BLOOM_7STREAM                                   0                              0              

FDIP_BLOOM_8STREAM                                   0                              0              

FDIP_BLOOM_1INSERT                                   3                           1807              

FDIP_BLOOM_2INSERT                                   0                            224              

FDIP_BLOOM_4INSERT                                   0                             14              

FDIP_BLOOM_NOSTREAM                                  0                              0              

FDIP_AVG_FTQ_OCCUPANCY_OPS                         270                            270              

FDIP_AVG_FTQ_OCCUPANCY                              35                             35              

FDIP_FTQ_OCCUPANCY_OPS_ACCUMULATED           958572240                     2046289661              

FDIP_FTQ_OCCUPANCY_BLOCKS_ACCUMULATED        128312439                      270950325              

FDIP_TRAINING_SAMPLE                                 0                              0              

FDIP_SENIORITY_FTQ_ACCUMULATED               799030809                     1821620713              

FDIP_SENIORITY_FTQ_HIT                               3                           2435              

FDIP_SENIORITY_FTQ_MISS                         407052                         812568              

FDIP_OFF_CONF_ON_PREF_CANDIDATES                123637        5.737%           312595        7.080%
FDIP_OFF_CONF_OFF_PREF_CANDIDATES               567584       26.336%          1172313       26.554%
FDIP_ON_CONF_ON_PREF_CANDIDATES                 887833       41.196%          1810054       40.999%
FDIP_ON_CONF_OFF_PREF_CANDIDATES                576110       26.732%          1119944       25.367%
                                               2155164      100.000%          4414906      100.000%
                                                  1.89         1.22              1.85         1.18

FDIP_ON_CONF_ON_EMITTED                         258591       47.848%           524089       48.033%
FDIP_ON_CONF_OFF_EMITTED                        157295       29.105%           306192       28.062%
FDIP_OFF_CONF_ON_EMITTED                         11889        2.200%            33462        3.067%
FDIP_OFF_CONF_OFF_EMITTED                       112664       20.847%           227369       20.838%
                                                540439      100.000%          1091112      100.000%
                                                  0.96         1.04              0.97         1.04

FDIP_OFF_CONF_ON_NUM_EVENTS                       2644                           7329              

FDIP_OFF_CONF_ON_BTB_MISS                            0        0.000%                0        0.000%
FDIP_OFF_CONF_ON_BP_INCORRECT                     1597       60.401%             5161       70.419%
FDIP_OFF_CONF_ON_MISFETCH                         1047       39.599%             2168       29.581%
FDIP_OFF_CONF_ON_NO_TARGET                           0        0.000%                0        0.000%
                                                  2644      100.000%             7329      100.000%
                                                  1.40         0.49              1.30         0.46

FDIP_OFF_CONF_ON_BTB_MISS_PREF_CANDIDATES             0        0.000%                0        0.000%
FDIP_OFF_CONF_ON_BP_INCORRECT_PREF_CANDIDATES         85005       68.754%           231129       73.939%
FDIP_OFF_CONF_ON_MISFETCH_PREF_CANDIDATES         38632       31.246%            81466       26.061%
FDIP_OFF_CONF_ON_NO_TARGET_PREF_CANDIDATES             0        0.000%                0        0.000%
                                                123637      100.000%           312595      100.000%
                                                  1.31         0.46              1.26         0.44

FDIP_OFF_CONF_ON_BTB_MISS_EMITTED                    0        0.000%                0        0.000%
FDIP_OFF_CONF_ON_BP_INCORRECT_EMITTED             3771       31.718%            17566       52.495%
FDIP_OFF_CONF_ON_MISFETCH_EMITTED                 8118       68.282%            15896       47.505%
FDIP_OFF_CONF_ON_NO_TARGET_EMITTED                   0        0.000%                0        0.000%
                                                 11889      100.000%            33462      100.000%
                                                  1.68         0.47              1.48         0.50

FDIP_OFF_CONF_ON_BP_INCORRECT_0_CONF               331       20.726%              845       16.373%
FDIP_OFF_CONF_ON_BP_INCORRECT_1_CONF               517       32.373%             2259       43.771%
FDIP_OFF_CONF_ON_BP_INCORRECT_2_CONF               293       18.347%              648       12.556%
FDIP_OFF_CONF_ON_BP_INCORRECT_3_CONF               456       28.554%             1409       27.301%
                                                  1597      100.000%             5161      100.000%
                                                  1.55         1.19              1.51         1.17

FDIP_OFF_CONF_ON_BTB_MISS_CBR_0_CONF                 0         -nan%                0         -nan%
FDIP_OFF_CONF_ON_BTB_MISS_CBR_1_CONF                 0         -nan%                0         -nan%
FDIP_OFF_CONF_ON_BTB_MISS_CBR_2_CONF                 0         -nan%                0         -nan%
FDIP_OFF_CONF_ON_BTB_MISS_CBR_3_CONF                 0         -nan%                0         -nan%
                                                     0         -nan%                0         -nan%
                                                  -nan         -nan              -nan         -nan

FDIP_OFF_CONF_ON_BTB_MISS_NOT_CF                     0         -nan%                0         -nan%
FDIP_OFF_CONF_ON_BTB_MISS_CF_BR                      0         -nan%                0         -nan%
FDIP_OFF_CONF_ON_BTB_MISS_CF_CBR                     0         -nan%                0         -nan%
FDIP_OFF_CONF_ON_BTB_MISS_CF_CALL                    0         -nan%                0         -nan%
FDIP_OFF_CONF_ON_BTB_MISS_CF_IBR                     0         -nan%                0         -nan%
FDIP_OFF_CONF_ON_BTB_MISS_CF_ICALL                   0         -nan%                0         -nan%
FDIP_OFF_CONF_ON_BTB_MISS_CF_ICO                     0         -nan%                0         -nan%
FDIP_OFF_CONF_ON_BTB_MISS_CF_RET                     0         -nan%                0         -nan%
FDIP_OFF_CONF_ON_BTB_MISS_CF_SYS                     0         -nan%                0         -nan%
                                                     0         -nan%                0         -nan%
                                                  -nan         -nan              -nan         -nan

FDIP_ON_CONF_OFF_NUM_EVENTS                       7316                          14934              

FDIP_ON_CONF_OFF_NUM_BTB_MISS                   170433                         337903              

FDIP_ON_CONF_OFF_NUM_OP_DIST_INC                     0                              0              

FDIP_ON_CONF_OFF_NUM_CF_BR                       86654       10.098%           172307       10.111%
FDIP_ON_CONF_OFF_NUM_CF_CBR                     493089       57.460%           976841       57.322%
FDIP_ON_CONF_OFF_NUM_CF_CALL                    102032       11.890%           203681       11.952%
FDIP_ON_CONF_OFF_NUM_CF_IBR                      23537        2.743%            47319        2.777%
FDIP_ON_CONF_OFF_NUM_CF_ICALL                    17652        2.057%            34113        2.002%
FDIP_ON_CONF_OFF_NUM_CF_ICO                          0        0.000%                0        0.000%
FDIP_ON_CONF_OFF_NUM_CF_RET                     124708       14.532%           246693       14.476%
FDIP_ON_CONF_OFF_NUM_CF_SYS                      10476        1.221%            23170        1.360%
                                                858148      100.000%          1704124      100.000%
                                                  1.93         1.84              1.94         1.85

FDIP_ON_CONF_OFF_NUM_CONF_0_BR                     511        0.060%             2688        0.158%
FDIP_ON_CONF_OFF_NUM_CONF_1_BR                   13653        1.591%            29612        1.738%
FDIP_ON_CONF_OFF_NUM_CONF_2_BR                     570        0.066%             3596        0.211%
FDIP_ON_CONF_OFF_NUM_CONF_3_BR                  843414       98.283%          1668228       97.894%
                                                858148      100.000%          1704124      100.000%
                                                  2.97         2.95              2.96         2.94

FDIP_BTB_NUM_CYCLES_OFF_PATH_EVENT                4496                           8909              

FDIP_BP_CONF_0_MISPRED                             504        0.019%             1448        0.027%
FDIP_BP_CONF_1_MISPRED                            1052        0.040%             3982        0.073%
FDIP_BP_CONF_2_MISPRED                             449        0.017%             1050        0.019%
FDIP_BP_CONF_3_MISPRED                           24950        0.938%            50039        0.921%
FDIP_BP_CONF_0_CORRECT                            1982        0.075%            18335        0.338%
FDIP_BP_CONF_1_CORRECT                           39620        1.490%           102973        1.896%
FDIP_BP_CONF_2_CORRECT                            2149        0.081%             9916        0.183%
FDIP_BP_CONF_3_CORRECT                         2588028       97.341%          5243481       96.543%
                                               2658734      100.000%          5431224      100.000%
                                                  6.93         6.85              6.91         6.81

FDIP_ON_CONF_OFF_BTB_MISS_BP_TAKEN_CONF_0             2        0.027%              139        0.931%
FDIP_ON_CONF_OFF_BTB_MISS_BP_TAKEN_CONF_1           195        2.665%              536        3.589%
FDIP_ON_CONF_OFF_BTB_MISS_BP_TAKEN_CONF_2             1        0.014%               17        0.114%
FDIP_ON_CONF_OFF_BTB_MISS_BP_TAKEN_CONF_3          3793       51.845%             7823       52.384%
FDIP_ON_CONF_OFF_BTB_MISS_RATE                    3325       45.448%             6417       42.969%
FDIP_ON_CONF_OFF_INV_CONF_INC                        0        0.000%                2        0.013%
                                                  7316      100.000%            14934      100.000%
                                                  3.40         0.63              3.33         0.67

FDIP_ON_CONF_OFF_BTB_MISS_BP_TAKEN_CONF_0_PREF_CANDIDATES            74        0.013%             1148        0.103%
FDIP_ON_CONF_OFF_BTB_MISS_BP_TAKEN_CONF_1_PREF_CANDIDATES          2467        0.428%             5876        0.525%
FDIP_ON_CONF_OFF_BTB_MISS_BP_TAKEN_CONF_2_PREF_CANDIDATES            15        0.003%              568        0.051%
FDIP_ON_CONF_OFF_BTB_MISS_BP_TAKEN_CONF_3_PREF_CANDIDATES        199730       34.669%           397827       35.522%
FDIP_ON_CONF_OFF_BTB_MISS_RATE_PREF_CANDIDATES        373824       64.888%           714521       63.800%
FDIP_ON_CONF_OFF_INV_CONF_INC_PREF_CANDIDATES             0        0.000%                4        0.000%
                                                576110      100.000%          1119944      100.000%
                                                  3.64         0.51              3.62         0.52

FDIP_ON_CONF_OFF_BTB_MISS_BP_TAKEN_CONF_0_EMITTED            40        0.025%              429        0.140%
FDIP_ON_CONF_OFF_BTB_MISS_BP_TAKEN_CONF_1_EMITTED          1061        0.675%             2158        0.705%
FDIP_ON_CONF_OFF_BTB_MISS_BP_TAKEN_CONF_2_EMITTED             3        0.002%              213        0.070%
FDIP_ON_CONF_OFF_BTB_MISS_BP_TAKEN_CONF_3_EMITTED         84815       53.921%           168138       54.913%
FDIP_ON_CONF_OFF_BTB_MISS_RATE_EMITTED           71376       45.377%           135254       44.173%
FDIP_ON_CONF_OFF_INV_CONF_INC_EMITTED                0        0.000%                0        0.000%
                                                157295      100.000%           306192      100.000%
                                                  3.44         0.54              3.42         0.54

ICACHE_FIRST_MISS_AFTER_WARMUP_SEEN_DURING_WARMUP             0         -nan%                0         -nan%
ICACHE_FIRST_MISS_AFTER_WARMUP_NOT_SEEN_DURING_WARMUP             0         -nan%                0         -nan%
                                                     0         -nan%                0         -nan%
                                                  -nan         -nan              -nan         -nan

ICACHE_FIRST_MISS_AFTER_WARMUP_NO_PREF_DURING_WARMUP             0         -nan%                0         -nan%
ICACHE_FIRST_MISS_AFTER_WARMUP_TRAINED_UNUSEFUL_DURING_WARMUP             0         -nan%                0         -nan%
ICACHE_FIRST_MISS_AFTER_WARMUP_TRAINED_USEFUL_DURING_WARMUP             0         -nan%                0         -nan%
                                                     0         -nan%                0         -nan%
                                                  -nan         -nan              -nan         -nan

FDIP_PREFETCH_EVICT_NO_HIT_ONLY_ONCE                 0                              0              

FDIP_PREFETCH_HIT_ICACHE                       1570595       74.399%          3211947       74.643%
FDIP_PREFETCH_HIT_MLC                           540000       25.580%          1083354       25.176%
FDIP_PREFETCH_HIT_L1                               439        0.021%              843        0.020%
FDIP_PREFETCH_HIT_DRAM                               0        0.000%             6915        0.161%
                                               2111034      100.000%          4303059      100.000%
                                                  0.26         0.38              0.26         0.39

FDIP_MEM_BUF_MISS                                    0         -nan%                0         -nan%
FDIP_MEM_BUF_FOUND                                   0         -nan%                0         -nan%
                                                     0         -nan%                0         -nan%
                                                  -nan         -nan              -nan         -nan

DJOLT_PREFETCH_ENTRY                                 0                              0              

DJOLT_PREFETCH_INITIAL                               0                              0              

DJOLT_PREFETCH_SIG                                   0                              0              

FNLMMA_PREFETCH_TYPE0                                0         -nan%                0         -nan%
FNLMMA_PREFETCH_TYPE1                                0         -nan%                0         -nan%
FNLMMA_PREFETCH_TYPE2                                0         -nan%                0         -nan%
FNLMMA_PREFETCH_TYPE3                                0         -nan%                0         -nan%
FNLMMA_PREFETCH_TYPE4                                0         -nan%                0         -nan%
                                                     0         -nan%                0         -nan%
                                                  -nan         -nan              -nan         -nan



