/* -*- Mode: c -*- */
####################################################################################################
Core 0
####################################################################################################
Cumulative:        Cycles: 7552868               Instructions: 20109850              IPC: 2.66254

Periodic:          Cycles: 3587025               Instructions: 10054922              IPC: 2.80314

PREF_DL0REQ_QUEUE_HIT_BY_DEMAND                      0                              0              

PREF_UMLC_REQ_QUEUE_HIT_BY_DEMAND                    0                              0              

PREF_UL1REQ_QUEUE_HIT_BY_DEMAND                      0                              0              

PREF_DL0REQ_QUEUE_FULL                               0                              0              

PREF_UMLC_REQ_QUEUE_FULL                             0                              0              

PREF_UL1REQ_QUEUE_FULL                               0                              0              

PREF_DC_HIT_NOSEND                                   0                              0              

PREF_WBQDC_HIT_NOSEND                                0                              0              

PREF_MLCQ_STALL                                      0                              0              

PREF_L1Q_STALL                                       0                              0              

PREF_UMLC_REQ_SEND_QUEUE_STALL                       0                              0              

PREF_UL1REQ_SEND_QUEUE_STALL                         0                              0              

PREF_UMLC_REQ_QUEUE_SENTREQ                          0                              0              

PREF_UL1REQ_QUEUE_SENTREQ                          434                           1573              

PREF_NEWREQ_MATCHED                                  9                             33              

PREF_UMLC_REQ_QUEUE_MATCHED_REQ                      0                              0              

PREF_UL1REQ_QUEUE_MATCHED_REQ                        0                             46              

PREF_DL0REQ_QUEUE_MATCHED_REQ                        0                              0              

L1_PREF_HIT                                         42                            273              

L1_PREF_UNIQUE_HIT                                  14                            215              

L1_PREF_LATE                                         0                             61              

L1_LATE_PREF_CYCLES                                  0                           5501              

L1_LATE_PREF_CYCLES_DIST_0                           0         -nan%               48       78.689%
L1_LATE_PREF_CYCLES_DIST_100                         0         -nan%                9       14.754%
L1_LATE_PREF_CYCLES_DIST_200                         0         -nan%                2        3.279%
L1_LATE_PREF_CYCLES_DIST_300                         0         -nan%                0        0.000%
L1_LATE_PREF_CYCLES_DIST_400                         0         -nan%                0        0.000%
L1_LATE_PREF_CYCLES_DIST_500                         0         -nan%                0        0.000%
L1_LATE_PREF_CYCLES_DIST_600                         0         -nan%                0        0.000%
L1_LATE_PREF_CYCLES_DIST_700                         0         -nan%                1        1.639%
L1_LATE_PREF_CYCLES_DIST_800                         0         -nan%                1        1.639%
L1_LATE_PREF_CYCLES_DIST_900                         0         -nan%                0        0.000%
L1_LATE_PREF_CYCLES_DIST_1000                        0         -nan%                0        0.000%
L1_LATE_PREF_CYCLES_DIST_1100                        0         -nan%                0        0.000%
L1_LATE_PREF_CYCLES_DIST_1200                        0         -nan%                0        0.000%
L1_LATE_PREF_CYCLES_DIST_1300                        0         -nan%                0        0.000%
L1_LATE_PREF_CYCLES_DIST_1400                        0         -nan%                0        0.000%
L1_LATE_PREF_CYCLES_DIST_1500                        0         -nan%                0        0.000%
L1_LATE_PREF_CYCLES_DIST_1600                        0         -nan%                0        0.000%
L1_LATE_PREF_CYCLES_DIST_1700                        0         -nan%                0        0.000%
L1_LATE_PREF_CYCLES_DIST_1800                        0         -nan%                0        0.000%
L1_LATE_PREF_CYCLES_DIST_1900                        0         -nan%                0        0.000%
L1_LATE_PREF_CYCLES_DIST_2000                        0         -nan%                0        0.000%
                                                     0         -nan%               61      100.000%
                                                  -nan         -nan              0.46         1.34

MLC_PREF_HIT                                     49653                         100308              

MLC_PREF_UNIQUE_HIT                                 71                           1384              

MLC_PREF_LATE                                        0                              0              

PREF_HYBRID_SEL_0                                    0         -nan%                0         -nan%
PREF_HYBRID_SEL_1                                    0         -nan%                0         -nan%
PREF_HYBRID_SEL_2                                    0         -nan%                0         -nan%
PREF_HYBRID_SEL_3                                    0         -nan%                0         -nan%
PREF_HYBRID_SEL_4                                    0         -nan%                0         -nan%
PREF_HYBRID_SEL_5                                    0         -nan%                0         -nan%
PREF_HYBRID_SEL_6                                    0         -nan%                0         -nan%
                                                     0         -nan%                0         -nan%
                                                  -nan         -nan              -nan         -nan

PREF_DISTANCE_1                                      0         -nan%                0         -nan%
PREF_DISTANCE_2                                      0         -nan%                0         -nan%
PREF_DISTANCE_3                                      0         -nan%                0         -nan%
PREF_DISTANCE_4                                      0         -nan%                0         -nan%
PREF_DISTANCE_5                                      0         -nan%                0         -nan%
PREF_DISTANCE_6                                      0         -nan%                0         -nan%
PREF_DISTANCE_7                                      0         -nan%                0         -nan%
PREF_DISTANCE_8                                      0         -nan%                0         -nan%
PREF_DISTANCE_9                                      0         -nan%                0         -nan%
PREF_DISTANCE_10                                     0         -nan%                0         -nan%
                                                     0         -nan%                0         -nan%
                                                  -nan         -nan              -nan         -nan

PREF_REPL_MRU                                        0         -nan%                0         -nan%
PREF_REPL_MID                                        0         -nan%                0         -nan%
PREF_REPL_LOWQTR                                     0         -nan%                0         -nan%
PREF_REPL_LRU                                        0         -nan%                0         -nan%
                                                     0         -nan%                0         -nan%
                                                  -nan         -nan              -nan         -nan

PREF_REPL_MOVEDOWN                                   0         -nan%                0         -nan%
PREF_REPL_MOVEUP                                     0         -nan%                0         -nan%
                                                     0         -nan%                0         -nan%
                                                  -nan         -nan              -nan         -nan

PREF_COV_1                                           0         -nan%                0         -nan%
PREF_COV_2                                           0         -nan%                0         -nan%
PREF_COV_3                                           0         -nan%                0         -nan%
PREF_COV_4                                           0         -nan%                0         -nan%
PREF_COV_5                                           0         -nan%                0         -nan%
PREF_COV_6                                           0         -nan%                0         -nan%
PREF_COV_7                                           0         -nan%                0         -nan%
PREF_COV_8                                           0         -nan%                0         -nan%
PREF_COV_9                                           0         -nan%                0         -nan%
PREF_COV_10                                          0         -nan%                0         -nan%
                                                     0         -nan%                0         -nan%
                                                  -nan         -nan              -nan         -nan

PREF_POL_1                                           0         -nan%                0         -nan%
PREF_POL_2                                           0         -nan%                0         -nan%
PREF_POL_3                                           0         -nan%                0         -nan%
PREF_POL_4                                           0         -nan%                0         -nan%
PREF_POL_5                                           0         -nan%                0         -nan%
PREF_POL_6                                           0         -nan%                0         -nan%
PREF_POL_7                                           0         -nan%                0         -nan%
PREF_POL_8                                           0         -nan%                0         -nan%
PREF_POL_9                                           0         -nan%                0         -nan%
PREF_POL_10                                          0         -nan%                0         -nan%
                                                     0         -nan%                0         -nan%
                                                  -nan         -nan              -nan         -nan

PREF_ACC_1                                           0         -nan%                0         -nan%
PREF_ACC_2                                           0         -nan%                0         -nan%
PREF_ACC_3                                           0         -nan%                0         -nan%
PREF_ACC_4                                           0         -nan%                0         -nan%
PREF_ACC_5                                           0         -nan%                0         -nan%
PREF_ACC_6                                           0         -nan%                0         -nan%
PREF_ACC_7                                           0         -nan%                0         -nan%
PREF_ACC_8                                           0         -nan%                0         -nan%
PREF_ACC_9                                           0         -nan%                0         -nan%
PREF_ACC_10                                          0         -nan%                0         -nan%
                                                     0         -nan%                0         -nan%
                                                  -nan         -nan              -nan         -nan

PREF_TIMELY_1                                        0         -nan%                0         -nan%
PREF_TIMELY_2                                        0         -nan%                0         -nan%
PREF_TIMELY_3                                        0         -nan%                0         -nan%
PREF_TIMELY_4                                        0         -nan%                0         -nan%
PREF_TIMELY_5                                        0         -nan%                0         -nan%
PREF_TIMELY_6                                        0         -nan%                0         -nan%
PREF_TIMELY_7                                        0         -nan%                0         -nan%
PREF_TIMELY_8                                        0         -nan%                0         -nan%
PREF_TIMELY_9                                        0         -nan%                0         -nan%
PREF_TIMELY_10                                       0         -nan%                0         -nan%
                                                     0         -nan%                0         -nan%
                                                  -nan         -nan              -nan         -nan

PREF_UNUSED_EVICT                                  656                           2341              

PREF_REGION_SENT                                     0                              0              

PREF_REGION_USEFUL                                   0                              0              

PREF_REGION_EVICT                                    0                              0              

PREF_PFPOL                                           0                              0              

PREF_PHASE_NEWPHASE_DET                              0                              0              

PREF_PHASE_NEWPHASE_NOTVALID                         0                              0              

PREF_PHASE_SENTPREF                                  0                              0              

PREF_PHASE_OVERWRITE_PAGE                            0                              0              

PREF_UPDATE_COUNT                                    0                              0              

PREF_ACC1_HT_HP                                      0         -nan%                0         -nan%
PREF_ACC1_HT_LP                                      0         -nan%                0         -nan%
PREF_ACC1_LT_HP                                      0         -nan%                0         -nan%
PREF_ACC1_LT_LP                                      0         -nan%                0         -nan%
PREF_ACC2_HT_HP                                      0         -nan%                0         -nan%
PREF_ACC2_HT_LP                                      0         -nan%                0         -nan%
PREF_ACC2_LT_HP                                      0         -nan%                0         -nan%
PREF_ACC2_LT_LP                                      0         -nan%                0         -nan%
PREF_ACC3_HT_HP                                      0         -nan%                0         -nan%
PREF_ACC3_HT_LP                                      0         -nan%                0         -nan%
PREF_ACC3_LT_HP                                      0         -nan%                0         -nan%
PREF_ACC3_LT_LP                                      0         -nan%                0         -nan%
PREF_ACC4_HT_HP                                      0         -nan%                0         -nan%
PREF_ACC4_HT_LP                                      0         -nan%                0         -nan%
PREF_ACC4_LT_HP                                      0         -nan%                0         -nan%
PREF_ACC4_LT_LP                                      0         -nan%                0         -nan%
                                                     0         -nan%                0         -nan%
                                                  -nan         -nan              -nan         -nan

FDIP_DECIDE_PREF_ONPATH                        1459682                        2921736              

FDIP_DECIDE_PREF_OFFPATH                        646695                        1364001              

FDIP_NEW_PREFETCHES_ONPATH                      334709                         667653              

FDIP_NEW_PREFETCHES_OFFPATH                     102070                         212084              

FDIP_PREF_ICACHE_PROBE_HIT_ONPATH              1043443                        2091096              

FDIP_PREF_ICACHE_PROBE_HIT_OFFPATH              522148                        1105299              

FDIP_PREF_MSHR_PROBE_HIT_ONPATH                  81530                         162987              

FDIP_PREF_MSHR_PROBE_HIT_OFFPATH                 22477                          46618              

FDIP_ATTEMPTED_PREF_ONPATH                     1463317                        2929733              

FDIP_ATTEMPTED_PREF_OFFPATH                     686639                        1467073              

FDIP_ALT_PATH_PREFETCHES_IC_EMITTED                  0                              0              

FDIP_ALT_PATH_PREFETCHES_IC_TRIGGERED                0                              0              

FDIP_ALT_PATH_PREFETCHES_UOC_EMITTED_OFF_PATH             0         -nan%                0         -nan%
FDIP_ALT_PATH_PREFETCHES_UOC_EMITTED_ON_PATH             0         -nan%                0         -nan%
                                                     0         -nan%                0         -nan%
                                                  -nan         -nan              -nan         -nan

FDIP_ALT_PATH_PREFETCHES_UOC_TRIGGERED               0                              0              

FDIP_BREAK_REACH_FTQ_END                       2845060       79.315%          6018280       79.682%
FDIP_BREAK_FTQ_EMPTY                                 0        0.000%                0        0.000%
FDIP_BREAK_MAX_FTQ_ENTRY_CYC                    741965       20.685%          1534588       20.318%
FDIP_BREAK_FULL_MEM_REQ_BUF                          0        0.000%                0        0.000%
                                               3587025      100.000%          7552868      100.000%
                                                  0.41         0.72              0.41         0.72

FDIP_CYCLE_COUNT                                     0                              0              

ICACHE_USEFUL_FETCHES                                2                           1979              

USEFUL_CACHELINES_RETIRED                            0                              0              

ICACHE_UNUSEFUL_FETCHES                              0                           4606              

UNIQUE_MISSED_LINES                                  0                           1405              

UNIQUE_HIT_LINES                                     0                           2064              

UNIQUE_PREFETCHED_LINES                              0                              0              

FDIP_BTB_MISS_NT_RESTEER_ONPATH                  17117                          36628              

FDIP_BTB_MISS_NT_RESTEER_OFFPATH                 25850                          52129              

FDIP_UTILITY_HASH_HIT                                0         -nan%                0         -nan%
FDIP_UTILITY_HASH_MISS                               0         -nan%                0         -nan%
                                                     0         -nan%                0         -nan%
                                                  -nan         -nan              -nan         -nan

FDIP_UC_HIT                                          0         -nan%                0         -nan%
FDIP_UC_MISS                                         0         -nan%                0         -nan%
                                                     0         -nan%                0         -nan%
                                                  -nan         -nan              -nan         -nan

FDIP_UC_USEFUL_LINES                                 0                              0              

FDIP_UC_REPLACEMENT                                  0                              0              

FDIP_BLOOM_HIT                                 1096460       96.177%          2178543       95.149%
FDIP_BLOOM_MISS                                  43579        3.823%           111066        4.851%
                                               1140039      100.000%          2289609      100.000%
                                                  0.04         0.19              0.05         0.21

FDIP_BLOOM_INSERTED                                  2                           2288              

FDIP_BLOOM_CLEAR1                                    0                              0              

FDIP_BLOOM_CLEAR2                                    0                              0              

FDIP_BLOOM_CLEAR4                                    0                              0              

FDIP_BLOOM_1STREAM                                   0                              0              

FDIP_BLOOM_2STREAM                                   0                              0              

FDIP_BLOOM_3STREAM                                   0                              0              

FDIP_BLOOM_4STREAM                                   0                              0              

FDIP_BLOOM_5STREAM                                   0                              0              

FDIP_BLOOM_6STREAM                                   0                              0              

FDIP_BLOOM_7STREAM                                   0                              0              

FDIP_BLOOM_8STREAM                                   0                              0              

FDIP_BLOOM_1INSERT                                   2                           1776              

FDIP_BLOOM_2INSERT                                   0                            228              

FDIP_BLOOM_4INSERT                                   0                             14              

FDIP_BLOOM_NOSTREAM                                  0                              0              

FDIP_AVG_FTQ_OCCUPANCY_OPS                         270                            270              

FDIP_AVG_FTQ_OCCUPANCY                              35                             35              

FDIP_FTQ_OCCUPANCY_OPS_ACCUMULATED           957036532                     2043502424              

FDIP_FTQ_OCCUPANCY_BLOCKS_ACCUMULATED        128135442                      270603645              

FDIP_TRAINING_SAMPLE                                 0                              0              

FDIP_SENIORITY_FTQ_ACCUMULATED               789297002                     1800512148              

FDIP_SENIORITY_FTQ_HIT                               2                           2501              

FDIP_SENIORITY_FTQ_MISS                         407218                         812609              

FDIP_OFF_CONF_ON_PREF_CANDIDATES                122146        5.681%           302344        6.876%
FDIP_OFF_CONF_OFF_PREF_CANDIDATES               564493       26.256%          1164729       26.490%
FDIP_ON_CONF_ON_PREF_CANDIDATES                 887771       41.293%          1804850       41.049%
FDIP_ON_CONF_OFF_PREF_CANDIDATES                575546       26.770%          1124883       25.584%
                                               2149956      100.000%          4396806      100.000%
                                                  1.89         1.22              1.85         1.19

FDIP_ON_CONF_ON_EMITTED                         258733       47.844%           522626       47.976%
FDIP_ON_CONF_OFF_EMITTED                        157506       29.125%           308014       28.275%
FDIP_OFF_CONF_ON_EMITTED                         12114        2.240%            32765        3.008%
FDIP_OFF_CONF_OFF_EMITTED                       112433       20.791%           225937       20.741%
                                                540786      100.000%          1089342      100.000%
                                                  0.96         1.04              0.97         1.04

FDIP_OFF_CONF_ON_NUM_EVENTS                       2637                           7101              

FDIP_OFF_CONF_ON_BTB_MISS                            0        0.000%                0        0.000%
FDIP_OFF_CONF_ON_BP_INCORRECT                     1606       60.903%             4979       70.117%
FDIP_OFF_CONF_ON_MISFETCH                         1031       39.097%             2122       29.883%
FDIP_OFF_CONF_ON_NO_TARGET                           0        0.000%                0        0.000%
                                                  2637      100.000%             7101      100.000%
                                                  1.39         0.49              1.30         0.46

FDIP_OFF_CONF_ON_BTB_MISS_PREF_CANDIDATES             0        0.000%                0        0.000%
FDIP_OFF_CONF_ON_BP_INCORRECT_PREF_CANDIDATES         83764       68.577%           222237       73.505%
FDIP_OFF_CONF_ON_MISFETCH_PREF_CANDIDATES         38382       31.423%            80107       26.495%
FDIP_OFF_CONF_ON_NO_TARGET_PREF_CANDIDATES             0        0.000%                0        0.000%
                                                122146      100.000%           302344      100.000%
                                                  1.31         0.46              1.26         0.44

FDIP_OFF_CONF_ON_BTB_MISS_EMITTED                    0        0.000%                0        0.000%
FDIP_OFF_CONF_ON_BP_INCORRECT_EMITTED             4432       36.586%            17351       52.956%
FDIP_OFF_CONF_ON_MISFETCH_EMITTED                 7682       63.414%            15414       47.044%
FDIP_OFF_CONF_ON_NO_TARGET_EMITTED                   0        0.000%                0        0.000%
                                                 12114      100.000%            32765      100.000%
                                                  1.63         0.48              1.47         0.50

FDIP_OFF_CONF_ON_BP_INCORRECT_0_CONF               322       20.050%              750       15.063%
FDIP_OFF_CONF_ON_BP_INCORRECT_1_CONF               505       31.445%             2141       43.001%
FDIP_OFF_CONF_ON_BP_INCORRECT_2_CONF               292       18.182%              658       13.216%
FDIP_OFF_CONF_ON_BP_INCORRECT_3_CONF               487       30.324%             1430       28.721%
                                                  1606      100.000%             4979      100.000%
                                                  1.59         1.23              1.56         1.21

FDIP_OFF_CONF_ON_BTB_MISS_CBR_0_CONF                 0         -nan%                0         -nan%
FDIP_OFF_CONF_ON_BTB_MISS_CBR_1_CONF                 0         -nan%                0         -nan%
FDIP_OFF_CONF_ON_BTB_MISS_CBR_2_CONF                 0         -nan%                0         -nan%
FDIP_OFF_CONF_ON_BTB_MISS_CBR_3_CONF                 0         -nan%                0         -nan%
                                                     0         -nan%                0         -nan%
                                                  -nan         -nan              -nan         -nan

FDIP_OFF_CONF_ON_BTB_MISS_NOT_CF                     0         -nan%                0         -nan%
FDIP_OFF_CONF_ON_BTB_MISS_CF_BR                      0         -nan%                0         -nan%
FDIP_OFF_CONF_ON_BTB_MISS_CF_CBR                     0         -nan%                0         -nan%
FDIP_OFF_CONF_ON_BTB_MISS_CF_CALL                    0         -nan%                0         -nan%
FDIP_OFF_CONF_ON_BTB_MISS_CF_IBR                     0         -nan%                0         -nan%
FDIP_OFF_CONF_ON_BTB_MISS_CF_ICALL                   0         -nan%                0         -nan%
FDIP_OFF_CONF_ON_BTB_MISS_CF_ICO                     0         -nan%                0         -nan%
FDIP_OFF_CONF_ON_BTB_MISS_CF_RET                     0         -nan%                0         -nan%
FDIP_OFF_CONF_ON_BTB_MISS_CF_SYS                     0         -nan%                0         -nan%
                                                     0         -nan%                0         -nan%
                                                  -nan         -nan              -nan         -nan

FDIP_ON_CONF_OFF_NUM_EVENTS                       7291                          14882              

FDIP_ON_CONF_OFF_NUM_BTB_MISS                   171736                         338606              

FDIP_ON_CONF_OFF_NUM_OP_DIST_INC                     0                              0              

FDIP_ON_CONF_OFF_NUM_CF_BR                       86993       10.130%           173912       10.225%
FDIP_ON_CONF_OFF_NUM_CF_CBR                     495143       57.659%           978399       57.525%
FDIP_ON_CONF_OFF_NUM_CF_CALL                    101326       11.799%           201031       11.820%
FDIP_ON_CONF_OFF_NUM_CF_IBR                      23217        2.704%            46356        2.726%
FDIP_ON_CONF_OFF_NUM_CF_ICALL                    17732        2.065%            34234        2.013%
FDIP_ON_CONF_OFF_NUM_CF_ICO                          0        0.000%                0        0.000%
FDIP_ON_CONF_OFF_NUM_CF_RET                     123930       14.432%           245418       14.429%
FDIP_ON_CONF_OFF_NUM_CF_SYS                      10404        1.212%            21467        1.262%
                                                858745      100.000%          1700817      100.000%
                                                  1.93         1.83              1.93         1.84

FDIP_ON_CONF_OFF_NUM_CONF_0_BR                     664        0.077%             2697        0.159%
FDIP_ON_CONF_OFF_NUM_CONF_1_BR                   11952        1.392%            25671        1.509%
FDIP_ON_CONF_OFF_NUM_CONF_2_BR                     662        0.077%             2491        0.146%
FDIP_ON_CONF_OFF_NUM_CONF_3_BR                  845467       98.454%          1669958       98.186%
                                                858745      100.000%          1700817      100.000%
                                                  2.97         2.96              2.96         2.95

FDIP_BTB_NUM_CYCLES_OFF_PATH_EVENT                4449                           8864              

FDIP_BP_CONF_0_MISPRED                             553        0.021%             1365        0.025%
FDIP_BP_CONF_1_MISPRED                            1090        0.041%             3809        0.070%
FDIP_BP_CONF_2_MISPRED                             499        0.019%             1116        0.021%
FDIP_BP_CONF_3_MISPRED                           24884        0.936%            50113        0.927%
FDIP_BP_CONF_0_CORRECT                            1921        0.072%            16890        0.312%
FDIP_BP_CONF_1_CORRECT                           37417        1.407%            99076        1.833%
FDIP_BP_CONF_2_CORRECT                            2688        0.101%            10732        0.199%
FDIP_BP_CONF_3_CORRECT                         2589602       97.403%          5222644       96.613%
                                               2658654      100.000%          5405745      100.000%
                                                  6.93         6.85              6.91         6.81

FDIP_ON_CONF_OFF_BTB_MISS_BP_TAKEN_CONF_0             1        0.014%              106        0.712%
FDIP_ON_CONF_OFF_BTB_MISS_BP_TAKEN_CONF_1           218        2.990%              581        3.904%
FDIP_ON_CONF_OFF_BTB_MISS_BP_TAKEN_CONF_2             4        0.055%               20        0.134%
FDIP_ON_CONF_OFF_BTB_MISS_BP_TAKEN_CONF_3          3774       51.762%             7783       52.298%
FDIP_ON_CONF_OFF_BTB_MISS_RATE                    3294       45.179%             6392       42.951%
FDIP_ON_CONF_OFF_INV_CONF_INC                        0        0.000%                0        0.000%
                                                  7291      100.000%            14882      100.000%
                                                  3.39         0.65              3.33         0.68

FDIP_ON_CONF_OFF_BTB_MISS_BP_TAKEN_CONF_0_PREF_CANDIDATES             1        0.000%              446        0.040%
FDIP_ON_CONF_OFF_BTB_MISS_BP_TAKEN_CONF_1_PREF_CANDIDATES          4532        0.787%             9366        0.833%
FDIP_ON_CONF_OFF_BTB_MISS_BP_TAKEN_CONF_2_PREF_CANDIDATES           226        0.039%              556        0.049%
FDIP_ON_CONF_OFF_BTB_MISS_BP_TAKEN_CONF_3_PREF_CANDIDATES        201395       34.992%           396066       35.210%
FDIP_ON_CONF_OFF_BTB_MISS_RATE_PREF_CANDIDATES        369392       64.181%           718449       63.869%
FDIP_ON_CONF_OFF_INV_CONF_INC_PREF_CANDIDATES             0        0.000%                0        0.000%
                                                575546      100.000%          1124883      100.000%
                                                  3.63         0.53              3.62         0.53

FDIP_ON_CONF_OFF_BTB_MISS_BP_TAKEN_CONF_0_EMITTED             0        0.000%               94        0.031%
FDIP_ON_CONF_OFF_BTB_MISS_BP_TAKEN_CONF_1_EMITTED          1199        0.761%             2461        0.799%
FDIP_ON_CONF_OFF_BTB_MISS_BP_TAKEN_CONF_2_EMITTED           129        0.082%              270        0.088%
FDIP_ON_CONF_OFF_BTB_MISS_BP_TAKEN_CONF_3_EMITTED         86013       54.609%           168691       54.767%
FDIP_ON_CONF_OFF_BTB_MISS_RATE_EMITTED           70165       44.548%           136498       44.316%
FDIP_ON_CONF_OFF_INV_CONF_INC_EMITTED                0        0.000%                0        0.000%
                                                157506      100.000%           308014      100.000%
                                                  3.43         0.54              3.43         0.54

ICACHE_FIRST_MISS_AFTER_WARMUP_SEEN_DURING_WARMUP             0         -nan%                0         -nan%
ICACHE_FIRST_MISS_AFTER_WARMUP_NOT_SEEN_DURING_WARMUP             0         -nan%                0         -nan%
                                                     0         -nan%                0         -nan%
                                                  -nan         -nan              -nan         -nan

ICACHE_FIRST_MISS_AFTER_WARMUP_NO_PREF_DURING_WARMUP             0         -nan%                0         -nan%
ICACHE_FIRST_MISS_AFTER_WARMUP_TRAINED_UNUSEFUL_DURING_WARMUP             0         -nan%                0         -nan%
ICACHE_FIRST_MISS_AFTER_WARMUP_TRAINED_USEFUL_DURING_WARMUP             0         -nan%                0         -nan%
                                                     0         -nan%                0         -nan%
                                                  -nan         -nan              -nan         -nan

FDIP_PREFETCH_EVICT_NO_HIT_ONLY_ONCE                 0                              0              

FDIP_PREFETCH_HIT_ICACHE                       1565591       74.326%          3196395       74.582%
FDIP_PREFETCH_HIT_MLC                           540319       25.652%          1081834       25.243%
FDIP_PREFETCH_HIT_L1                               467        0.022%              961        0.022%
FDIP_PREFETCH_HIT_DRAM                               0        0.000%             6547        0.153%
                                               2106377      100.000%          4285737      100.000%
                                                  0.26         0.38              0.26         0.39

FDIP_MEM_BUF_MISS                                    0         -nan%                0         -nan%
FDIP_MEM_BUF_FOUND                                   0         -nan%                0         -nan%
                                                     0         -nan%                0         -nan%
                                                  -nan         -nan              -nan         -nan

DJOLT_PREFETCH_ENTRY                                 0                              0              

DJOLT_PREFETCH_INITIAL                               0                              0              

DJOLT_PREFETCH_SIG                                   0                              0              

FNLMMA_PREFETCH_TYPE0                                0         -nan%                0         -nan%
FNLMMA_PREFETCH_TYPE1                                0         -nan%                0         -nan%
FNLMMA_PREFETCH_TYPE2                                0         -nan%                0         -nan%
FNLMMA_PREFETCH_TYPE3                                0         -nan%                0         -nan%
FNLMMA_PREFETCH_TYPE4                                0         -nan%                0         -nan%
                                                     0         -nan%                0         -nan%
                                                  -nan         -nan              -nan         -nan



