/* -*- Mode: c -*- */
####################################################################################################
Core 0
####################################################################################################
Cumulative:        Cycles: 9317077               Instructions: 20000000              IPC: 2.14660

Periodic:          Cycles: 3916726               Instructions: 10000000              IPC: 2.55315

ST_OP_INV                                            0        0.000%                0        0.000%
ST_OP_NOP                                       249704        1.680%          1007312        3.217%
ST_OP_CF                                       2574279       17.321%          5308477       16.955%
ST_OP_MOV                                      1510904       10.166%          3134912       10.013%
ST_OP_CMOV                                       97510        0.656%           205724        0.657%
ST_OP_LDA                                       375293        2.525%           785463        2.509%
ST_OP_IMEM                                     4724857       31.790%          9815424       31.349%
ST_OP_IADD                                     2657977       17.884%          5542480       17.702%
ST_OP_IMUL                                       16606        0.112%            33913        0.108%
ST_OP_IDIV                                           0        0.000%                0        0.000%
ST_OP_ICMP                                     1168804        7.864%          2414995        7.713%
ST_OP_LOGIC                                    1128991        7.596%          2326224        7.430%
ST_OP_SHIFT                                     253434        1.705%           524379        1.675%
ST_OP_FMEM                                       70632        0.475%           145894        0.466%
ST_OP_FCVT                                           0        0.000%                0        0.000%
ST_OP_FADD                                           0        0.000%                0        0.000%
ST_OP_FMUL                                           0        0.000%                0        0.000%
ST_OP_FMA                                            0        0.000%                0        0.000%
ST_OP_FDIV                                           0        0.000%                0        0.000%
ST_OP_FCMP                                           0        0.000%                0        0.000%
ST_OP_FCMOV                                          0        0.000%                0        0.000%
ST_OP_GATHER                                         0        0.000%                0        0.000%
ST_OP_SCATTER                                        0        0.000%                0        0.000%
ST_OP_PIPELINED_FAST                             14051        0.095%            27078        0.086%
ST_OP_PIPELINED_MEDIUM                               0        0.000%                0        0.000%
ST_OP_PIPELINED_SLOW                                 0        0.000%                0        0.000%
ST_OP_NOTPIPELINED_MEDIUM                        19524        0.131%            37477        0.120%
ST_OP_NOTPIPELINED_SLOW                              0        0.000%                0        0.000%
ST_OP_NOTPIPELINED_VERY_SLOW                         0        0.000%                0        0.000%
                                              14862566      100.000%         31309752      100.000%
                                                  5.93         3.02              5.85         3.05

ST_NOT_CF                                     12288287       82.679%         26001275       83.045%
ST_CF_BR                                        255067        1.716%           527382        1.684%
ST_CF_CBR                                      1694243       11.399%          3491186       11.150%
ST_CF_CALL                                      281208        1.892%           583652        1.864%
ST_CF_IBR                                        58874        0.396%           114384        0.365%
ST_CF_ICALL                                       3993        0.027%             8294        0.026%
ST_CF_ICO                                            0        0.000%                0        0.000%
ST_CF_RET                                       280894        1.890%           583579        1.864%
ST_CF_SYS                                            0        0.000%                0        0.000%
                                              14862566      100.000%         31309752      100.000%
                                                  0.45         1.13              0.44         1.12

ST_BAR_NONE                                   14862566      100.000%         31309752      100.000%
ST_BAR_FETCH                                         0        0.000%                0        0.000%
ST_BAR_ISSUE                                         0        0.000%                0        0.000%
ST_BAR_BOTH                                          0        0.000%                0        0.000%
                                              14862566      100.000%         31309752      100.000%
                                                  0.00         0.00              0.00         0.00

ST_NOT_MEM                                    10067077       67.734%         21348434       68.185%
ST_MEM_LD                                      3052585       20.539%          6341998       20.256%
ST_MEM_ST                                      1742904       11.727%          3619320       11.560%
ST_MEM_PF                                            0        0.000%                0        0.000%
ST_MEM_WH                                            0        0.000%                0        0.000%
ST_MEM_EVICT                                         0        0.000%                0        0.000%
                                              14862566      100.000%         31309752      100.000%
                                                  0.44         0.59              0.43         0.59

ST_NOT_MEM_OFFPATH                             1521599       67.646%          5481114       71.035%
ST_MEM_LD_OFFPATH                               446339       19.843%          1412675       18.308%
ST_MEM_ST_OFFPATH                               281404       12.511%           822304       10.657%
ST_MEM_PF_OFFPATH                                    0        0.000%                0        0.000%
ST_MEM_WH_OFFPATH                                    0        0.000%                0        0.000%
ST_MEM_EVIC_OFFPATHT                                 0        0.000%                0        0.000%
                                               2249342      100.000%          7716093      100.000%
                                                  0.45         0.60              0.40         0.58

ST_OP_ONPATH                                  14862566                       31309752              

ST_OP_OFFPATH                                  2249342                        7716093              

ST_FAKE_OP_OFFPATH                               10023        0.446%           465243        6.030%
ST_NOT_FAKE_OP_OFFPATH                         2239319       99.554%          7250850       93.970%
                                               2249342      100.000%          7716093      100.000%
                                                  1.00         0.99              0.94         0.91

ST_FAKE_REASON_NOT_FAKE                        2239319       99.554%          7250850       93.970%
ST_FAKE_REASON_REDIRECT_TO_NOT_INSTRUMENTED         10023        0.446%           465243        6.030%
ST_FAKE_REASON_RETURN_TO_NOT_INSTRUMENTED             0        0.000%                0        0.000%
ST_FAKE_REASON_NONRET_CF_TO_NOT_INSTRUMENTED             0        0.000%                0        0.000%
ST_FAKE_REASON_NOT_TAKEN_TO_NOT_INSTRUMENTED             0        0.000%                0        0.000%
ST_FAKE_REASON_WRONG_PATH_STORE_TO_NEW_REGION             0        0.000%                0        0.000%
                                               2249342      100.000%          7716093      100.000%
                                                  0.00         0.07              0.06         0.23

ST_INST_ONPATH                                11714381                       24758796              

ST_INST_OFFPATH                                1754740                        6225016              

STATIC_PIN_NOP                                       0                              0              

DYNAMIC_PIN_REP_GREATER_256                          0                              0              

INST_MAP_UPDATE_JITTED                          422190       18.396%           818273       18.487%
INST_MAP_UPDATE_NPC_INV                              0        0.000%                0        0.000%
INST_MAP_UPDATE_NPC_NOP                              0        0.000%                0        0.000%
INST_MAP_UPDATE_NPC_CF                               0        0.000%                0        0.000%
INST_MAP_UPDATE_NPC_MOV                              0        0.000%                0        0.000%
INST_MAP_UPDATE_NPC_CMOV                             0        0.000%                0        0.000%
INST_MAP_UPDATE_NPC_LDA                              0        0.000%                0        0.000%
INST_MAP_UPDATE_NPC_IMEM                             0        0.000%                0        0.000%
INST_MAP_UPDATE_NPC_IADD                         35471        1.546%            67991        1.536%
INST_MAP_UPDATE_NPC_IMUL                             0        0.000%                0        0.000%
INST_MAP_UPDATE_NPC_IDIV                             0        0.000%                0        0.000%
INST_MAP_UPDATE_NPC_ICMP                             0        0.000%                0        0.000%
INST_MAP_UPDATE_NPC_LOGIC                            0        0.000%                0        0.000%
INST_MAP_UPDATE_NPC_SHIFT                            0        0.000%                0        0.000%
INST_MAP_UPDATE_NPC_FMEM                             0        0.000%                0        0.000%
INST_MAP_UPDATE_NPC_FCVT                             0        0.000%                0        0.000%
INST_MAP_UPDATE_NPC_FADD                             0        0.000%                0        0.000%
INST_MAP_UPDATE_NPC_FMUL                             0        0.000%                0        0.000%
INST_MAP_UPDATE_NPC_FMA                              0        0.000%                0        0.000%
INST_MAP_UPDATE_NPC_FDIV                             0        0.000%                0        0.000%
INST_MAP_UPDATE_NPC_FCMP                             0        0.000%                0        0.000%
INST_MAP_UPDATE_NPC_FCMOV                            0        0.000%                0        0.000%
INST_MAP_UPDATE_NPC_GATHER                           0        0.000%                0        0.000%
INST_MAP_UPDATE_NPC_SCATTER                          0        0.000%                0        0.000%
INST_MAP_UPDATE_NPC_PIPELINED_FAST                   0        0.000%                0        0.000%
INST_MAP_UPDATE_NPC_PIPELINED_MEDIUM                 0        0.000%                0        0.000%
INST_MAP_UPDATE_NPC_PIPELINED_SLOW                   0        0.000%                0        0.000%
INST_MAP_UPDATE_NPC_NOTPIPELINED_MEDIUM              0        0.000%                0        0.000%
INST_MAP_UPDATE_NPC_NOTPIPELINED_SLOW                0        0.000%                0        0.000%
INST_MAP_UPDATE_NPC_NOTPIPELINED_VERY_SLOW             0        0.000%                0        0.000%
INST_MAP_UPDATE_MEM_INV                              0        0.000%                0        0.000%
INST_MAP_UPDATE_MEM_NOP                              0        0.000%                0        0.000%
INST_MAP_UPDATE_MEM_CF                               0        0.000%                0        0.000%
INST_MAP_UPDATE_MEM_MOV                         942557       41.071%          1843969       41.660%
INST_MAP_UPDATE_MEM_CMOV                             0        0.000%                1        0.000%
INST_MAP_UPDATE_MEM_LDA                              0        0.000%                0        0.000%
INST_MAP_UPDATE_MEM_IMEM                             0        0.000%                0        0.000%
INST_MAP_UPDATE_MEM_IADD                        681337       29.688%          1281157       28.945%
INST_MAP_UPDATE_MEM_IMUL                           550        0.024%             1004        0.023%
INST_MAP_UPDATE_MEM_IDIV                             0        0.000%                0        0.000%
INST_MAP_UPDATE_MEM_ICMP                        174979        7.624%           341051        7.705%
INST_MAP_UPDATE_MEM_LOGIC                        28962        1.262%            55768        1.260%
INST_MAP_UPDATE_MEM_SHIFT                            0        0.000%                0        0.000%
INST_MAP_UPDATE_MEM_FMEM                             0        0.000%                0        0.000%
INST_MAP_UPDATE_MEM_FCVT                             0        0.000%                0        0.000%
INST_MAP_UPDATE_MEM_FADD                             0        0.000%                0        0.000%
INST_MAP_UPDATE_MEM_FMUL                             0        0.000%                0        0.000%
INST_MAP_UPDATE_MEM_FMA                              0        0.000%                0        0.000%
INST_MAP_UPDATE_MEM_FDIV                             0        0.000%                0        0.000%
INST_MAP_UPDATE_MEM_FCMP                             0        0.000%                0        0.000%
INST_MAP_UPDATE_MEM_FCMOV                            0        0.000%                0        0.000%
INST_MAP_UPDATE_MEM_GATHER                           0        0.000%                0        0.000%
INST_MAP_UPDATE_MEM_SCATTER                          0        0.000%                0        0.000%
INST_MAP_UPDATE_MEM_PIPELINED_FAST                8919        0.389%            16974        0.383%
INST_MAP_UPDATE_MEM_PIPELINED_MEDIUM                 0        0.000%                0        0.000%
INST_MAP_UPDATE_MEM_PIPELINED_SLOW                   0        0.000%                0        0.000%
INST_MAP_UPDATE_MEM_NOTPIPELINED_MEDIUM              0        0.000%                0        0.000%
INST_MAP_UPDATE_MEM_NOTPIPELINED_SLOW                0        0.000%                0        0.000%
INST_MAP_UPDATE_MEM_NOTPIPELINED_VERY_SLOW             0        0.000%                0        0.000%
                                               2294965      100.000%          4426188      100.000%
                                                 28.44         7.16             28.39         7.17



