/* -*- Mode: c -*- */
####################################################################################################
Core 0
####################################################################################################
Cumulative:        Cycles: 7490901               Instructions: 20112261              IPC: 2.68489

Periodic:          Cycles: 3570530               Instructions: 10057333              IPC: 2.81676

EXECUTION_TIME                           1115790625000                  2340906562500              

NODE_CYCLE                                     3570530                        7490901              

NODE_INST_COUNT                               10057333                       20112261              

NODE_INST_COUNT_FETCHED                        9999997                       20000000              

NODE_UOP_COUNT                                13190202                       26370119              

FULL_WINDOW_STALL                               474074       13.277%          1077914       14.390%

FULL_WINDOW_MEM_OP                              407680       97.411%           945789       97.763%
FULL_WINDOW_FP_OP                                   81        0.019%              252        0.026%
FULL_WINDOW_OTHER_OP                             10754        2.570%            21386        2.211%
                                                418515      100.000%           967427      100.000%
                                                  0.05         0.31              0.04         0.29

RET_BLOCKED_DC_MISS                             581756       16.293%          1380019       18.423%

RET_BLOCKED_L1_MISS                             251815        7.053%           676009        9.024%

RET_BLOCKED_L1_MISS_BW_PREF                          1        0.000%              997        0.013%

RET_BLOCKED_L1_ACCESS                           330003        9.242%           704112        9.400%

RET_BLOCKED_MEM_STALL                           251815        7.053%           676009        9.024%

RET_BLOCKED_OFFCHIP_DEMAND                           0        0.000%                0        0.000%

OP_ISSUED                                     13823185                       27792181              

OP_RETIRED                                    13190202                       26370119              

REPLAY_SIGNALED                                      0                              0              

REPLAY_COUNTED                                       0                              0              

OFF_CRITICAL_PATH                                    0         -nan%                0         -nan%
ON_CRITICAL_PATH                                     0         -nan%                0         -nan%
                                                     0         -nan%                0         -nan%
                                                  -nan         -nan              -nan         -nan

LD_NO_DEPENDENTS                                281105       11.163%           563242       11.184%
LD_DEPENDENTS                                  2237094       88.837%          4473052       88.816%
                                               2518199      100.000%          5036294      100.000%
                                                  0.89         0.84              0.89         0.84

LD_EXEC_CYCLES_0                                     0        0.000%                0        0.000%
LD_EXEC_CYCLES_1                                     0        0.000%                0        0.000%
LD_EXEC_CYCLES_2                                     0        0.000%                0        0.000%
LD_EXEC_CYCLES_3                                   438       32.444%              899       33.532%
LD_EXEC_CYCLES_4                                   912       67.556%             1782       66.468%
                                                  1350      100.000%             2681      100.000%
                                                  3.68         3.06              3.66         3.03

ICACHE_STAGE_STARVED                            127830        4.535%           402780        6.971%
ICACHE_STAGE_NOT_STARVED                       2690865       95.465%          5375489       93.029%
                                               2818695      100.000%          5778269      100.000%
                                                  0.95         0.93              0.93         0.90

ICACHE_STAGE_STALLED                            325174        9.107%           742452        9.911%
ICACHE_STAGE_NOT_STALLED                       2916780       81.690%          5973415       79.742%
ICACHE_STAGE_OFF_PATH                           328576        9.202%           775034       10.346%
                                               3570530      100.000%          7490901      100.000%
                                                  1.00         0.43              1.00         0.45

DECODE_STAGE_STARVED                           2318151       68.820%          4867032       69.057%
DECODE_STAGE_NOT_STARVED                       1050270       31.180%          2180774       30.943%
                                               3368421      100.000%          7047806      100.000%
                                                  0.31         0.42              0.31         0.42

DECODE_STAGE_STALLED                            326146        9.134%           744750        9.942%
DECODE_STAGE_NOT_STALLED                       3042275       85.205%          6303056       84.143%
DECODE_STAGE_OFF_PATH                           202109        5.660%           443095        5.915%
                                               3570530      100.000%          7490901      100.000%
                                                  0.97         0.34              0.96         0.35

UOPQ_STAGE_STARVED                             2321907       65.030%          4874931       65.078%
UOPQ_STAGE_NOT_STARVED                         1248623       34.970%          2615970       34.922%
                                               3570530      100.000%          7490901      100.000%
                                                  0.35         0.44              0.35         0.44

UOPQ_STAGE_STALLED                                   0        0.000%                0        0.000%
UOPQ_STAGE_NOT_STALLED                         3570530      100.000%          7490901      100.000%
UOPQ_STAGE_OFF_PATH                                  0        0.000%                0        0.000%
                                               3570530      100.000%          7490901      100.000%
                                                  1.00         0.00              1.00         0.00

MAP_STAGE_STARVED                               275987        8.300%           702096       10.187%
MAP_STAGE_NOT_STARVED                          3049203       91.700%          6190032       89.813%
                                               3325190      100.000%          6892128      100.000%
                                                  0.92         0.88              0.90         0.86

MAP_STAGE_STALLED                               363199       10.172%           819048       10.934%
MAP_STAGE_NOT_STALLED                          2961991       82.957%          6073080       81.073%
MAP_STAGE_OFF_PATH                              245340        6.871%           598773        7.993%
                                               3570530      100.000%          7490901      100.000%
                                                  0.97         0.37              0.97         0.40

EXEC_STAGE_STARVED                             1443555       40.430%          2879055       38.434%
EXEC_STAGE_NOT_STARVED                         1919862       53.770%          4109409       54.859%
EXEC_STAGE_OFF_PATH                             207113        5.801%           502437        6.707%
                                               3570530      100.000%          7490901      100.000%
                                                  0.65         0.44              0.68         0.45

FU_BUSY_0                                      3190155                        6419964              

FU_BUSY_1                                      2306351                        4631155              

FU_BUSY_2                                      1210879                        2429473              

FU_BUSY_3                                       576825                        1159402              

FU_BUSY_4                                      2019345                        4045739              

FU_BUSY_5                                       516159                        1033278              

FU_BUSY_6                                      2714192                        5439514              

FU_BUSY_7                                      1818392                        3635546              

FU_BUSY_8                                      1229482                        2451907              

FU_BUSY_9                                       881316                        1757632              

FU_BUSY_10                                           0                              0              

FU_BUSY_11                                           0                              0              

FU_BUSY_12                                           0                              0              

FU_BUSY_13                                           0                              0              

FU_BUSY_14                                           0                              0              

FU_BUSY_15                                           0                              0              

FU_BUSY_16                                           0                              0              

FU_BUSY_17                                           0                              0              

FU_BUSY_18                                           0                              0              

FU_BUSY_19                                           0                              0              

FU_BUSY_20                                           0                              0              

FU_BUSY_21                                           0                              0              

FU_BUSY_22                                           0                              0              

FU_BUSY_23                                           0                              0              

FU_BUSY_24                                           0                              0              

FU_BUSY_25                                           0                              0              

FU_BUSY_26                                           0                              0              

FU_BUSY_27                                           0                              0              

FU_BUSY_28                                           0                              0              

FU_BUSY_29                                           0                              0              

FU_BUSY_30                                           0                              0              

FU_BUSY_31                                           0                              0              

OP_WAIT_0                                      8824917                       17648884              

OP_WAIT_1                                      2153396                        4320951              

OP_WAIT_2                                       860874                        1713350              

OP_WAIT_3                                       261083                         520025              

OP_WAIT_4                                       167883                         332387              

OP_WAIT_5                                       117474                         231852              

OP_WAIT_6                                        92640                         183191              

OP_WAIT_7                                        73491                         148121              

OP_WAIT_8                                        62627                         125339              

OP_WAIT_9                                        53674                         108459              

OP_WAIT_10                                       46656                          93299              

OP_WAIT_11                                       40211                          80077              

OP_WAIT_12                                       33397                          67242              

OP_WAIT_13                                       31502                          62494              

OP_WAIT_14                                       29725                          57362              

OP_WAIT_15                                       28233                          55188              

OP_WAIT_16                                       25681                          50895              

OP_WAIT_17                                       22826                          44766              

OP_WAIT_18                                       21289                          41597              

OP_WAIT_19                                       21817                          42795              

OP_WAIT_20                                       19100                          37611              

OP_WAIT_21                                       16415                          33305              

OP_WAIT_22                                       15613                          30632              

OP_WAIT_23                                       15273                          31126              

OP_WAIT_24                                       15613                          31592              

OP_WAIT_25                                       12645                          26502              

OP_WAIT_26                                       11178                          22743              

OP_WAIT_27                                       10097                          20906              

OP_WAIT_28                                       10055                          19614              

OP_WAIT_29                                        9019                          16858              

OP_WAIT_30                                        8710                          17330              

OP_WAIT_31                                       77088                         153626              

ROW_SIZE_0                                     1021924                        2275744              

ROW_SIZE_1                                      205597                         419276              

ROW_SIZE_2                                      121582                         246019              

ROW_SIZE_3                                       74790                         151593              

ROW_SIZE_4                                       93350                         186984              

ROW_SIZE_5                                       52799                         105860              

ROW_SIZE_6                                     1979946                        3954465              

ROW_SIZE_7                                           0                              0              

ROW_SIZE_8                                           0                              0              

ROW_SIZE_9                                           0                              0              

ROW_SIZE_10                                          0                              0              

ROW_SIZE_11                                          0                              0              

ROW_SIZE_12                                          0                              0              

ROW_SIZE_13                                          0                              0              

ROW_SIZE_14                                          0                              0              

ROW_SIZE_15                                          0                              0              

ROW_SIZE_16                                          0                              0              

ROW_SIZE_17                                          0                              0              

ROW_SIZE_18                                          0                              0              

ROW_SIZE_19                                          0                              0              

ROW_SIZE_20                                          0                              0              

ROW_SIZE_21                                          0                              0              

ROW_SIZE_22                                          0                              0              

ROW_SIZE_23                                          0                              0              

ROW_SIZE_24                                          0                              0              

ROW_SIZE_25                                          0                              0              

ROW_SIZE_26                                          0                              0              

ROW_SIZE_27                                          0                              0              

ROW_SIZE_28                                          0                              0              

ROW_SIZE_29                                          0                              0              

ROW_SIZE_30                                          0                              0              

ROW_SIZE_31                                          0                              0              

RET_OP_EXEC_COUNT_0                                  0        0.000%                0        0.000%
RET_OP_EXEC_COUNT_1                           13190202      100.000%         26370119      100.000%
RET_OP_EXEC_COUNT_2                                  0        0.000%                0        0.000%
RET_OP_EXEC_COUNT_3                                  0        0.000%                0        0.000%
RET_OP_EXEC_COUNT_4                                  0        0.000%                0        0.000%
RET_OP_EXEC_COUNT_5                                  0        0.000%                0        0.000%
RET_OP_EXEC_COUNT_6                                  0        0.000%                0        0.000%
RET_OP_EXEC_COUNT_7                                  0        0.000%                0        0.000%
RET_OP_EXEC_COUNT_8                                  0        0.000%                0        0.000%
RET_OP_EXEC_COUNT_9                                  0        0.000%                0        0.000%
RET_OP_EXEC_COUNT_10                                 0        0.000%                0        0.000%
RET_OP_EXEC_COUNT_11                                 0        0.000%                0        0.000%
RET_OP_EXEC_COUNT_12                                 0        0.000%                0        0.000%
RET_OP_EXEC_COUNT_13                                 0        0.000%                0        0.000%
RET_OP_EXEC_COUNT_14                                 0        0.000%                0        0.000%
RET_OP_EXEC_COUNT_15                                 0        0.000%                0        0.000%
RET_OP_EXEC_COUNT_16                                 0        0.000%                0        0.000%
RET_OP_EXEC_COUNT_17                                 0        0.000%                0        0.000%
RET_OP_EXEC_COUNT_18                                 0        0.000%                0        0.000%
RET_OP_EXEC_COUNT_19                                 0        0.000%                0        0.000%
RET_OP_EXEC_COUNT_20                                 0        0.000%                0        0.000%
RET_OP_EXEC_COUNT_21                                 0        0.000%                0        0.000%
RET_OP_EXEC_COUNT_22                                 0        0.000%                0        0.000%
RET_OP_EXEC_COUNT_23                                 0        0.000%                0        0.000%
RET_OP_EXEC_COUNT_24                                 0        0.000%                0        0.000%
RET_OP_EXEC_COUNT_25                                 0        0.000%                0        0.000%
RET_OP_EXEC_COUNT_26                                 0        0.000%                0        0.000%
RET_OP_EXEC_COUNT_27                                 0        0.000%                0        0.000%
RET_OP_EXEC_COUNT_28                                 0        0.000%                0        0.000%
RET_OP_EXEC_COUNT_29                                 0        0.000%                0        0.000%
RET_OP_EXEC_COUNT_30                                 0        0.000%                0        0.000%
RET_OP_EXEC_COUNT_31                                 0        0.000%                0        0.000%
RET_OP_EXEC_COUNT_32                                 0        0.000%                0        0.000%
                                              13190202      100.000%         26370119      100.000%
                                                  1.00         0.00              1.00         0.00

RET_STALL_LENGTH_0                            13188111       99.984%         26364498       99.979%
RET_STALL_LENGTH_100                              2052        0.016%             5443        0.021%
RET_STALL_LENGTH_200                                 2        0.000%               78        0.000%
RET_STALL_LENGTH_300                                 1        0.000%               18        0.000%
RET_STALL_LENGTH_400                                 0        0.000%                4        0.000%
RET_STALL_LENGTH_500                                 0        0.000%                2        0.000%
RET_STALL_LENGTH_600                                 0        0.000%                2        0.000%
RET_STALL_LENGTH_700                                 1        0.000%                1        0.000%
RET_STALL_LENGTH_800                                 3        0.000%                6        0.000%
RET_STALL_LENGTH_900                                 4        0.000%                7        0.000%
RET_STALL_LENGTH_1000                                8        0.000%                8        0.000%
RET_STALL_LENGTH_1100                                4        0.000%               11        0.000%
RET_STALL_LENGTH_1200                               11        0.000%               34        0.000%
RET_STALL_LENGTH_1300                                5        0.000%                7        0.000%
RET_STALL_LENGTH_1400                                0        0.000%                0        0.000%
RET_STALL_LENGTH_1500                                0        0.000%                0        0.000%
RET_STALL_LENGTH_1600                                0        0.000%                0        0.000%
RET_STALL_LENGTH_1700                                0        0.000%                0        0.000%
RET_STALL_LENGTH_1800                                0        0.000%                0        0.000%
RET_STALL_LENGTH_1900                                0        0.000%                0        0.000%
RET_STALL_LENGTH_2000                                0        0.000%                0        0.000%
RET_STALL_LENGTH_2100                                0        0.000%                0        0.000%
RET_STALL_LENGTH_2200                                0        0.000%                0        0.000%
RET_STALL_LENGTH_2300                                0        0.000%                0        0.000%
RET_STALL_LENGTH_2400                                0        0.000%                0        0.000%
RET_STALL_LENGTH_2500                                0        0.000%                0        0.000%
RET_STALL_LENGTH_2600                                0        0.000%                0        0.000%
RET_STALL_LENGTH_2700                                0        0.000%                0        0.000%
RET_STALL_LENGTH_2800                                0        0.000%                0        0.000%
RET_STALL_LENGTH_2900                                0        0.000%                0        0.000%
RET_STALL_LENGTH_3000                                0        0.000%                0        0.000%
RET_STALL_LENGTH_3100                                0        0.000%                0        0.000%
RET_STALL_LENGTH_3200                                0        0.000%                0        0.000%
RET_STALL_LENGTH_3300                                0        0.000%                0        0.000%
RET_STALL_LENGTH_3400                                0        0.000%                0        0.000%
RET_STALL_LENGTH_3500                                0        0.000%                0        0.000%
RET_STALL_LENGTH_3600                                0        0.000%                0        0.000%
RET_STALL_LENGTH_3700                                0        0.000%                0        0.000%
RET_STALL_LENGTH_3800                                0        0.000%                0        0.000%
RET_STALL_LENGTH_3900                                0        0.000%                0        0.000%
RET_STALL_LENGTH_4000                                0        0.000%                0        0.000%
RET_STALL_LENGTH_4100                                0        0.000%                0        0.000%
RET_STALL_LENGTH_4200                                0        0.000%                0        0.000%
RET_STALL_LENGTH_4300                                0        0.000%                0        0.000%
RET_STALL_LENGTH_4400                                0        0.000%                0        0.000%
RET_STALL_LENGTH_4500                                0        0.000%                0        0.000%
RET_STALL_LENGTH_4600                                0        0.000%                0        0.000%
RET_STALL_LENGTH_4700                                0        0.000%                0        0.000%
RET_STALL_LENGTH_4800                                0        0.000%                0        0.000%
RET_STALL_LENGTH_4900                                0        0.000%                0        0.000%
RET_STALL_LENGTH_5000                                0        0.000%                0        0.000%
                                              13190202      100.000%         26370119      100.000%
                                                  0.00         0.02              0.00         0.02

MEM_BLOCK_LENGTH_0                                   0         -nan%                0         -nan%
MEM_BLOCK_LENGTH_100                                 0         -nan%                0         -nan%
MEM_BLOCK_LENGTH_200                                 0         -nan%                0         -nan%
MEM_BLOCK_LENGTH_300                                 0         -nan%                0         -nan%
MEM_BLOCK_LENGTH_400                                 0         -nan%                0         -nan%
MEM_BLOCK_LENGTH_500                                 0         -nan%                0         -nan%
MEM_BLOCK_LENGTH_600                                 0         -nan%                0         -nan%
MEM_BLOCK_LENGTH_700                                 0         -nan%                0         -nan%
MEM_BLOCK_LENGTH_800                                 0         -nan%                0         -nan%
MEM_BLOCK_LENGTH_900                                 0         -nan%                0         -nan%
MEM_BLOCK_LENGTH_1000                                0         -nan%                0         -nan%
MEM_BLOCK_LENGTH_1100                                0         -nan%                0         -nan%
MEM_BLOCK_LENGTH_1200                                0         -nan%                0         -nan%
MEM_BLOCK_LENGTH_1300                                0         -nan%                0         -nan%
MEM_BLOCK_LENGTH_1400                                0         -nan%                0         -nan%
MEM_BLOCK_LENGTH_1500                                0         -nan%                0         -nan%
MEM_BLOCK_LENGTH_1600                                0         -nan%                0         -nan%
MEM_BLOCK_LENGTH_1700                                0         -nan%                0         -nan%
MEM_BLOCK_LENGTH_1800                                0         -nan%                0         -nan%
MEM_BLOCK_LENGTH_1900                                0         -nan%                0         -nan%
MEM_BLOCK_LENGTH_2000                                0         -nan%                0         -nan%
MEM_BLOCK_LENGTH_2100                                0         -nan%                0         -nan%
MEM_BLOCK_LENGTH_2200                                0         -nan%                0         -nan%
MEM_BLOCK_LENGTH_2300                                0         -nan%                0         -nan%
MEM_BLOCK_LENGTH_2400                                0         -nan%                0         -nan%
MEM_BLOCK_LENGTH_2500                                0         -nan%                0         -nan%
MEM_BLOCK_LENGTH_2600                                0         -nan%                0         -nan%
MEM_BLOCK_LENGTH_2700                                0         -nan%                0         -nan%
MEM_BLOCK_LENGTH_2800                                0         -nan%                0         -nan%
MEM_BLOCK_LENGTH_2900                                0         -nan%                0         -nan%
MEM_BLOCK_LENGTH_3000                                0         -nan%                0         -nan%
MEM_BLOCK_LENGTH_3100                                0         -nan%                0         -nan%
MEM_BLOCK_LENGTH_3200                                0         -nan%                0         -nan%
MEM_BLOCK_LENGTH_3300                                0         -nan%                0         -nan%
MEM_BLOCK_LENGTH_3400                                0         -nan%                0         -nan%
MEM_BLOCK_LENGTH_3500                                0         -nan%                0         -nan%
MEM_BLOCK_LENGTH_3600                                0         -nan%                0         -nan%
MEM_BLOCK_LENGTH_3700                                0         -nan%                0         -nan%
MEM_BLOCK_LENGTH_3800                                0         -nan%                0         -nan%
MEM_BLOCK_LENGTH_3900                                0         -nan%                0         -nan%
MEM_BLOCK_LENGTH_4000                                0         -nan%                0         -nan%
MEM_BLOCK_LENGTH_4100                                0         -nan%                0         -nan%
MEM_BLOCK_LENGTH_4200                                0         -nan%                0         -nan%
MEM_BLOCK_LENGTH_4300                                0         -nan%                0         -nan%
MEM_BLOCK_LENGTH_4400                                0         -nan%                0         -nan%
MEM_BLOCK_LENGTH_4500                                0         -nan%                0         -nan%
MEM_BLOCK_LENGTH_4600                                0         -nan%                0         -nan%
MEM_BLOCK_LENGTH_4700                                0         -nan%                0         -nan%
MEM_BLOCK_LENGTH_4800                                0         -nan%                0         -nan%
MEM_BLOCK_LENGTH_4900                                0         -nan%                0         -nan%
MEM_BLOCK_LENGTH_5000                                0         -nan%                0         -nan%
                                                     0         -nan%                0         -nan%
                                                  -nan         -nan              -nan         -nan

FUS_BUSY_ON_PATH                              16049303        4.4949         32062660        4.2802

FUS_BUSY_OFF_PATH                               413793        0.1159           940950        0.1256

FU_BUSY_MEM_STALL                              2840151        0.7954          5659667        0.7555

FUS_EMPTY                                     19242204        5.3892         41905400        5.5942

CHIP_UTILIZATION                                     0        0.0000                0        0.0000

CYCLES_UNDER_MEM_REQ                                 0                              0              

CYCLES_UNDER_NO_MEM_REQ                              0                              0              

CYCLES_UNDER_CRITICAL_MEM_REQ                        0                              0              

CYCLES_UNDER_NONCRITICAL_MEM_REQ                     0                              0              

CHIP_UTILIZATION_UNDER_MEM_REQ                       0          -nan                0          -nan

CHIP_UTILIZATION_UNDER_NO_MEM_REQ                    0          -nan                0          -nan

CHIP_UTILIZATION_UNDER_CRITICAL_MEM_REQ              0          -nan                0          -nan

CHIP_UTILIZATION_UNDER_NONCRITICAL_MEM_REQ             0          -nan                0          -nan

CYCLES_NOT_WAITING_FOR_OFF_CHIP                      0        0.0000                0        0.0000

FUS_BUSY_NOT_WAITING_FOR_OFF_CHIP                    0          -nan                0          -nan

CYCLES_WAITING_FOR_OFF_CHIP                          0        0.0000                0        0.0000

FUS_BUSY_WAITING_FOR_OFF_CHIP                        0          -nan                0          -nan

TOTAL_OFF_CHIP_DELAYS_LEFT                           0                              0              

WRONG_IO_SCHED                                       0                              0              

DVFS_CONFIG_SWITCH                                   0                              0              

UOP_CACHE_ICACHE_SWITCH_ONPATH                       0         -nan%                0         -nan%
UOP_CACHE_ICACHE_SWITCH_OFFPATH                      0         -nan%                0         -nan%
                                                     0         -nan%                0         -nan%
                                                  -nan         -nan              -nan         -nan

MAP_STAGE_RECEIVED_OPS_0                             0        0.000%                0        0.000%
MAP_STAGE_RECEIVED_OPS_1                        161272        5.974%           322045        5.971%
MAP_STAGE_RECEIVED_OPS_2                        179330        6.643%           357753        6.633%
MAP_STAGE_RECEIVED_OPS_3                        224427        8.313%           448250        8.310%
MAP_STAGE_RECEIVED_OPS_4                        320302       11.865%           637689       11.822%
MAP_STAGE_RECEIVED_OPS_5                        209556        7.762%           418498        7.759%
MAP_STAGE_RECEIVED_OPS_6                       1604746       59.443%          3209662       59.505%
MAP_STAGE_RECEIVED_OPS_7                             0        0.000%                0        0.000%
MAP_STAGE_RECEIVED_OPS_8                             0        0.000%                0        0.000%
MAP_STAGE_RECEIVED_OPS_MAX                           0        0.000%                0        0.000%
                                               2699633      100.000%          5393897      100.000%
                                                  4.87         1.61              4.87         1.61

MAP_STAGE_WAIT_FOR_DECODE                            0         -nan%                0         -nan%
MAP_STAGE_CONSUME_DECODE                             0         -nan%                0         -nan%
                                                     0         -nan%                0         -nan%
                                                  -nan         -nan              -nan         -nan

MAP_STAGE_WAIT_FOR_DECODE2                           0         -nan%                0         -nan%
MAP_STAGE_CONSUME_DECODE2                            0         -nan%                0         -nan%
                                                     0         -nan%                0         -nan%
                                                  -nan         -nan              -nan         -nan

FTQ_RECOVER_EXEC                                  3440                           9103              

FTQ_RECOVER_DECODE                               17843                          36917              

FTQ_OFFPATH_CYCLES                              945731                        2178961              

FTQ_CYCLES_OFFPATH                             1082962                        2461873              

FTQ_CYCLES_ONPATH                              2487568                        5029028              

FTQ_FETCHED_INS_OFFPATH                        5174535                       11165854              

FTQ_FETCHED_INS_ONPATH                        13168533                       26324099              

FTQ_BREAK_FULL_BLOCK_OFFPATH                    964331       27.009%          2171194       28.985%
FTQ_BREAK_FULL_BLOCK_ONPATH                    1852549       51.887%          3752432       50.094%
FTQ_BREAK_MAX_BLOCKS_OFFPATH                    139296        3.901%           332581        4.440%
FTQ_BREAK_MAX_BLOCKS_ONPATH                     447398       12.531%           901835       12.039%
FTQ_BREAK_PRED_BR_OFFPATH                            0        0.000%                0        0.000%
FTQ_BREAK_PRED_BR_ONPATH                             0        0.000%                0        0.000%
FTQ_BREAK_BAR_FETCH_OFFPATH                        580        0.016%             4080        0.054%
FTQ_BREAK_BAR_FETCH_ONPATH                      166208        4.655%           328611        4.387%
                                               3570362      100.000%          7490733      100.000%
                                                  1.30         1.42              1.26         1.40



