Scarab gitrev: 3067351
Scarab started at Thu Jan  2 23:42:27 2025

Initialized Ramulator. 
** Heartbeat:   5% -- { 1000004 } -- 0.00 KIPS (16.95 KIPS)
** Heartbeat:  10% -- { 2000005 } -- 18.52 KIPS (17.70 KIPS)
** Heartbeat:  15% -- { 3000005 } -- 19.61 KIPS (18.29 KIPS)
** Heartbeat:  20% -- { 4000006 } -- 18.87 KIPS (18.43 KIPS)
** Heartbeat:  25% -- { 5000006 } -- 21.28 KIPS (18.94 KIPS)
** Heartbeat:  30% -- { 6000007 } -- 20.00 KIPS (19.11 KIPS)
** Heartbeat:  35% -- { 7000009 } -- 20.83 KIPS (19.34 KIPS)
** Heartbeat:  40% -- { 8000010 } -- 20.41 KIPS (19.46 KIPS)
** Heartbeat:  45% -- { 9000015 } -- 22.22 KIPS (19.74 KIPS)
** Heartbeat:  50% -- { 10000020 } -- 22.22 KIPS (19.96 KIPS)
** Heartbeat:  55% -- { 11000023 } -- 22.73 KIPS (20.18 KIPS)
** Heartbeat:  60% -- { 12000023 } -- 21.74 KIPS (20.30 KIPS)
** Heartbeat:  65% -- { 13000026 } -- 20.83 KIPS (20.34 KIPS)
** Heartbeat:  70% -- { 14000030 } -- 29.41 KIPS (20.80 KIPS)
** Heartbeat:  75% -- { 15000031 } -- 31.25 KIPS (21.28 KIPS)
** Heartbeat:  80% -- { 16000033 } -- 38.46 KIPS (21.89 KIPS)
** Heartbeat:  85% -- { 17000037 } -- 43.48 KIPS (22.55 KIPS)
** Heartbeat:  90% -- { 18000041 } -- 50.00 KIPS (23.26 KIPS)
** Heartbeat:  95% -- { 19000041 } -- 76.92 KIPS (24.14 KIPS)
Warning could not fetch inst from frontend
Warning could not fetch inst from frontend
Warning could not fetch inst from frontend
Warning could not fetch inst from frontend
Warning could not fetch inst from frontend
Warning could not fetch inst from frontend
Warning could not fetch inst from frontend
Warning could not fetch inst from frontend
Warning could not fetch inst from frontend
Warning could not fetch inst from frontend
Warning could not fetch inst from frontend
Warning could not fetch inst from frontend
Warning could not fetch inst from frontend
Warning could not fetch inst from frontend
Warning could not fetch inst from frontend
Warning could not fetch inst from frontend
Warning could not fetch inst from frontend
Warning could not fetch inst from frontend
Warning could not fetch inst from frontend
Warning could not fetch inst from frontend
Warning could not fetch inst from frontend
Warning could not fetch inst from frontend
Warning could not fetch inst from frontend
Warning could not fetch inst from frontend
Warning could not fetch inst from frontend
Warning could not fetch inst from frontend
Warning could not fetch inst from frontend
Warning could not fetch inst from frontend
Warning could not fetch inst from frontend
Warning could not fetch inst from frontend
Warning could not fetch inst from frontend
Warning could not fetch inst from frontend
Warning could not fetch inst from frontend
Warning could not fetch inst from frontend
Warning could not fetch inst from frontend
Warning could not fetch inst from frontend
Warning could not fetch inst from frontend
Warning could not fetch inst from frontend
Warning could not fetch inst from frontend
Warning could not fetch inst from frontend
Warning could not fetch inst from frontend
Warning could not fetch inst from frontend
Warning could not fetch inst from frontend
Warning could not fetch inst from frontend
Warning could not fetch inst from frontend
Warning could not fetch inst from frontend
Warning could not fetch inst from frontend
Warning could not fetch inst from frontend
Warning could not fetch inst from frontend
Warning could not fetch inst from frontend
Warning could not fetch inst from frontend
Warning could not fetch inst from frontend
Warning could not fetch inst from frontend
Warning could not fetch inst from frontend
Warning could not fetch inst from frontend
Warning could not fetch inst from frontend
Warning could not fetch inst from frontend
Warning could not fetch inst from frontend
Warning could not fetch inst from frontend
Warning could not fetch inst from frontend
Warning could not fetch inst from frontend
Warning could not fetch inst from frontend
Warning could not fetch inst from frontend
Warning could not fetch inst from frontend
Warning could not fetch inst from frontend
Warning could not fetch inst from frontend
Warning could not fetch inst from frontend
Warning could not fetch inst from frontend
Warning could not fetch inst from frontend
Warning could not fetch inst from frontend
Warning could not fetch inst from frontend
Warning could not fetch inst from frontend
Warning could not fetch inst from frontend
Warning could not fetch inst from frontend
Warning could not fetch inst from frontend
Warning could not fetch inst from frontend
Warning could not fetch inst from frontend
Warning could not fetch inst from frontend
Warning could not fetch inst from frontend
Warning could not fetch inst from frontend
Warning could not fetch inst from frontend
Warning could not fetch inst from frontend
Warning could not fetch inst from frontend
Warning could not fetch inst from frontend
Warning could not fetch inst from frontend
Warning could not fetch inst from frontend
Warning could not fetch inst from frontend
Warning could not fetch inst from frontend
Warning could not fetch inst from frontend
Warning could not fetch inst from frontend
Warning could not fetch inst from frontend
Warning could not fetch inst from frontend
Warning could not fetch inst from frontend
Warning could not fetch inst from frontend
Warning could not fetch inst from frontend
Warning could not fetch inst from frontend
Warning could not fetch inst from frontend
Warning could not fetch inst from frontend
Warning could not fetch inst from frontend
Warning could not fetch inst from frontend
Warning could not fetch inst from frontend
Warning could not fetch inst from frontend
Warning could not fetch inst from frontend
Warning could not fetch inst from frontend
Warning could not fetch inst from frontend
Warning could not fetch inst from frontend
Warning could not fetch inst from frontend
Warning could not fetch inst from frontend
Warning could not fetch inst from frontend
Warning could not fetch inst from frontend
Warning could not fetch inst from frontend
Warning could not fetch inst from frontend
Warning could not fetch inst from frontend
Warning could not fetch inst from frontend
Warning could not fetch inst from frontend
Warning could not fetch inst from frontend
Warning could not fetch inst from frontend
Warning could not fetch inst from frontend
Warning could not fetch inst from frontend
Warning could not fetch inst from frontend
Warning could not fetch inst from frontend
Warning could not fetch inst from frontend
Warning could not fetch inst from frontend
Warning could not fetch inst from frontend
Warning could not fetch inst from frontend
Warning could not fetch inst from frontend
Warning could not fetch inst from frontend
Warning could not fetch inst from frontend
Warning could not fetch inst from frontend
Warning could not fetch inst from frontend
Warning could not fetch inst from frontend
** Core 0 Finished:    insts:20266024    cycles:10171299    time:3178530937500       -- 1.99 IPC (1.99 IPC) --  N/A  KIPS (25.09 KIPS)
Scarab finished at Thu Jan  2 23:55:44 2025

