               ramulator.active_cycles_0             3549293                                      # Total active cycles for level _0
                 ramulator.busy_cycles_0             3549293                                      # (All-bank refresh only. busy cycles only include refresh time in rank level) The sum of cycles that the DRAM part is active or under refresh for level _0
            ramulator.serving_requests_0             5635741                                      # The sum of read and write requests that are served in this DRAM element per memory cycle for level _0
    ramulator.average_serving_requests_0            0.727891                                      # The average of read and write requests that are served in this DRAM element per memory cycle for level _0
             ramulator.active_cycles_0_0             3549293                                      # Total active cycles for level _0_0
               ramulator.busy_cycles_0_0             3765593                                      # (All-bank refresh only. busy cycles only include refresh time in rank level) The sum of cycles that the DRAM part is active or under refresh for level _0_0
          ramulator.serving_requests_0_0             5635741                                      # The sum of read and write requests that are served in this DRAM element per memory cycle for level _0_0
  ramulator.average_serving_requests_0_0            0.727891                                      # The average of read and write requests that are served in this DRAM element per memory cycle for level _0_0
           ramulator.active_cycles_0_0_0             1286453                                      # Total active cycles for level _0_0_0
             ramulator.busy_cycles_0_0_0             1286453                                      # (All-bank refresh only. busy cycles only include refresh time in rank level) The sum of cycles that the DRAM part is active or under refresh for level _0_0_0
        ramulator.serving_requests_0_0_0             1472571                                      # The sum of read and write requests that are served in this DRAM element per memory cycle for level _0_0_0
ramulator.average_serving_requests_0_0_0            0.190192                                      # The average of read and write requests that are served in this DRAM element per memory cycle for level _0_0_0
         ramulator.active_cycles_0_0_0_0              504849                                      # Total active cycles for level _0_0_0_0
           ramulator.busy_cycles_0_0_0_0              504849                                      # (All-bank refresh only. busy cycles only include refresh time in rank level) The sum of cycles that the DRAM part is active or under refresh for level _0_0_0_0
      ramulator.serving_requests_0_0_0_0              532738                                      # The sum of read and write requests that are served in this DRAM element per memory cycle for level _0_0_0_0
ramulator.average_serving_requests_0_0_0_0            0.068806                                      # The average of read and write requests that are served in this DRAM element per memory cycle for level _0_0_0_0
         ramulator.active_cycles_0_0_0_1              201946                                      # Total active cycles for level _0_0_0_1
           ramulator.busy_cycles_0_0_0_1              201946                                      # (All-bank refresh only. busy cycles only include refresh time in rank level) The sum of cycles that the DRAM part is active or under refresh for level _0_0_0_1
      ramulator.serving_requests_0_0_0_1              233538                                      # The sum of read and write requests that are served in this DRAM element per memory cycle for level _0_0_0_1
ramulator.average_serving_requests_0_0_0_1            0.030163                                      # The average of read and write requests that are served in this DRAM element per memory cycle for level _0_0_0_1
         ramulator.active_cycles_0_0_0_2              184816                                      # Total active cycles for level _0_0_0_2
           ramulator.busy_cycles_0_0_0_2              184816                                      # (All-bank refresh only. busy cycles only include refresh time in rank level) The sum of cycles that the DRAM part is active or under refresh for level _0_0_0_2
      ramulator.serving_requests_0_0_0_2              205208                                      # The sum of read and write requests that are served in this DRAM element per memory cycle for level _0_0_0_2
ramulator.average_serving_requests_0_0_0_2            0.026504                                      # The average of read and write requests that are served in this DRAM element per memory cycle for level _0_0_0_2
         ramulator.active_cycles_0_0_0_3              474444                                      # Total active cycles for level _0_0_0_3
           ramulator.busy_cycles_0_0_0_3              474444                                      # (All-bank refresh only. busy cycles only include refresh time in rank level) The sum of cycles that the DRAM part is active or under refresh for level _0_0_0_3
      ramulator.serving_requests_0_0_0_3              501087                                      # The sum of read and write requests that are served in this DRAM element per memory cycle for level _0_0_0_3
ramulator.average_serving_requests_0_0_0_3            0.064718                                      # The average of read and write requests that are served in this DRAM element per memory cycle for level _0_0_0_3
           ramulator.active_cycles_0_0_1             1176777                                      # Total active cycles for level _0_0_1
             ramulator.busy_cycles_0_0_1             1176777                                      # (All-bank refresh only. busy cycles only include refresh time in rank level) The sum of cycles that the DRAM part is active or under refresh for level _0_0_1
        ramulator.serving_requests_0_0_1             1369314                                      # The sum of read and write requests that are served in this DRAM element per memory cycle for level _0_0_1
ramulator.average_serving_requests_0_0_1            0.176855                                      # The average of read and write requests that are served in this DRAM element per memory cycle for level _0_0_1
         ramulator.active_cycles_0_0_1_0              378445                                      # Total active cycles for level _0_0_1_0
           ramulator.busy_cycles_0_0_1_0              378445                                      # (All-bank refresh only. busy cycles only include refresh time in rank level) The sum of cycles that the DRAM part is active or under refresh for level _0_0_1_0
      ramulator.serving_requests_0_0_1_0              403701                                      # The sum of read and write requests that are served in this DRAM element per memory cycle for level _0_0_1_0
ramulator.average_serving_requests_0_0_1_0            0.052140                                      # The average of read and write requests that are served in this DRAM element per memory cycle for level _0_0_1_0
         ramulator.active_cycles_0_0_1_1              223962                                      # Total active cycles for level _0_0_1_1
           ramulator.busy_cycles_0_0_1_1              223962                                      # (All-bank refresh only. busy cycles only include refresh time in rank level) The sum of cycles that the DRAM part is active or under refresh for level _0_0_1_1
      ramulator.serving_requests_0_0_1_1              248388                                      # The sum of read and write requests that are served in this DRAM element per memory cycle for level _0_0_1_1
ramulator.average_serving_requests_0_0_1_1            0.032081                                      # The average of read and write requests that are served in this DRAM element per memory cycle for level _0_0_1_1
         ramulator.active_cycles_0_0_1_2              415182                                      # Total active cycles for level _0_0_1_2
           ramulator.busy_cycles_0_0_1_2              415182                                      # (All-bank refresh only. busy cycles only include refresh time in rank level) The sum of cycles that the DRAM part is active or under refresh for level _0_0_1_2
      ramulator.serving_requests_0_0_1_2              441088                                      # The sum of read and write requests that are served in this DRAM element per memory cycle for level _0_0_1_2
ramulator.average_serving_requests_0_0_1_2            0.056969                                      # The average of read and write requests that are served in this DRAM element per memory cycle for level _0_0_1_2
         ramulator.active_cycles_0_0_1_3              249452                                      # Total active cycles for level _0_0_1_3
           ramulator.busy_cycles_0_0_1_3              249452                                      # (All-bank refresh only. busy cycles only include refresh time in rank level) The sum of cycles that the DRAM part is active or under refresh for level _0_0_1_3
      ramulator.serving_requests_0_0_1_3              276137                                      # The sum of read and write requests that are served in this DRAM element per memory cycle for level _0_0_1_3
ramulator.average_serving_requests_0_0_1_3            0.035665                                      # The average of read and write requests that are served in this DRAM element per memory cycle for level _0_0_1_3
           ramulator.active_cycles_0_0_2             1212261                                      # Total active cycles for level _0_0_2
             ramulator.busy_cycles_0_0_2             1212261                                      # (All-bank refresh only. busy cycles only include refresh time in rank level) The sum of cycles that the DRAM part is active or under refresh for level _0_0_2
        ramulator.serving_requests_0_0_2             1414275                                      # The sum of read and write requests that are served in this DRAM element per memory cycle for level _0_0_2
ramulator.average_serving_requests_0_0_2            0.182662                                      # The average of read and write requests that are served in this DRAM element per memory cycle for level _0_0_2
         ramulator.active_cycles_0_0_2_0              416709                                      # Total active cycles for level _0_0_2_0
           ramulator.busy_cycles_0_0_2_0              416709                                      # (All-bank refresh only. busy cycles only include refresh time in rank level) The sum of cycles that the DRAM part is active or under refresh for level _0_0_2_0
      ramulator.serving_requests_0_0_2_0              442749                                      # The sum of read and write requests that are served in this DRAM element per memory cycle for level _0_0_2_0
ramulator.average_serving_requests_0_0_2_0            0.057184                                      # The average of read and write requests that are served in this DRAM element per memory cycle for level _0_0_2_0
         ramulator.active_cycles_0_0_2_1              289053                                      # Total active cycles for level _0_0_2_1
           ramulator.busy_cycles_0_0_2_1              289053                                      # (All-bank refresh only. busy cycles only include refresh time in rank level) The sum of cycles that the DRAM part is active or under refresh for level _0_0_2_1
      ramulator.serving_requests_0_0_2_1              318494                                      # The sum of read and write requests that are served in this DRAM element per memory cycle for level _0_0_2_1
ramulator.average_serving_requests_0_0_2_1            0.041135                                      # The average of read and write requests that are served in this DRAM element per memory cycle for level _0_0_2_1
         ramulator.active_cycles_0_0_2_2              413527                                      # Total active cycles for level _0_0_2_2
           ramulator.busy_cycles_0_0_2_2              413527                                      # (All-bank refresh only. busy cycles only include refresh time in rank level) The sum of cycles that the DRAM part is active or under refresh for level _0_0_2_2
      ramulator.serving_requests_0_0_2_2              442318                                      # The sum of read and write requests that are served in this DRAM element per memory cycle for level _0_0_2_2
ramulator.average_serving_requests_0_0_2_2            0.057128                                      # The average of read and write requests that are served in this DRAM element per memory cycle for level _0_0_2_2
         ramulator.active_cycles_0_0_2_3              188381                                      # Total active cycles for level _0_0_2_3
           ramulator.busy_cycles_0_0_2_3              188381                                      # (All-bank refresh only. busy cycles only include refresh time in rank level) The sum of cycles that the DRAM part is active or under refresh for level _0_0_2_3
      ramulator.serving_requests_0_0_2_3              210714                                      # The sum of read and write requests that are served in this DRAM element per memory cycle for level _0_0_2_3
ramulator.average_serving_requests_0_0_2_3            0.027215                                      # The average of read and write requests that are served in this DRAM element per memory cycle for level _0_0_2_3
           ramulator.active_cycles_0_0_3             1171768                                      # Total active cycles for level _0_0_3
             ramulator.busy_cycles_0_0_3             1171768                                      # (All-bank refresh only. busy cycles only include refresh time in rank level) The sum of cycles that the DRAM part is active or under refresh for level _0_0_3
        ramulator.serving_requests_0_0_3             1379581                                      # The sum of read and write requests that are served in this DRAM element per memory cycle for level _0_0_3
ramulator.average_serving_requests_0_0_3            0.178181                                      # The average of read and write requests that are served in this DRAM element per memory cycle for level _0_0_3
         ramulator.active_cycles_0_0_3_0              279149                                      # Total active cycles for level _0_0_3_0
           ramulator.busy_cycles_0_0_3_0              279149                                      # (All-bank refresh only. busy cycles only include refresh time in rank level) The sum of cycles that the DRAM part is active or under refresh for level _0_0_3_0
      ramulator.serving_requests_0_0_3_0              303119                                      # The sum of read and write requests that are served in this DRAM element per memory cycle for level _0_0_3_0
ramulator.average_serving_requests_0_0_3_0            0.039150                                      # The average of read and write requests that are served in this DRAM element per memory cycle for level _0_0_3_0
         ramulator.active_cycles_0_0_3_1              362917                                      # Total active cycles for level _0_0_3_1
           ramulator.busy_cycles_0_0_3_1              362917                                      # (All-bank refresh only. busy cycles only include refresh time in rank level) The sum of cycles that the DRAM part is active or under refresh for level _0_0_3_1
      ramulator.serving_requests_0_0_3_1              388219                                      # The sum of read and write requests that are served in this DRAM element per memory cycle for level _0_0_3_1
ramulator.average_serving_requests_0_0_3_1            0.050141                                      # The average of read and write requests that are served in this DRAM element per memory cycle for level _0_0_3_1
         ramulator.active_cycles_0_0_3_2              382024                                      # Total active cycles for level _0_0_3_2
           ramulator.busy_cycles_0_0_3_2              382024                                      # (All-bank refresh only. busy cycles only include refresh time in rank level) The sum of cycles that the DRAM part is active or under refresh for level _0_0_3_2
      ramulator.serving_requests_0_0_3_2              409254                                      # The sum of read and write requests that are served in this DRAM element per memory cycle for level _0_0_3_2
ramulator.average_serving_requests_0_0_3_2            0.052858                                      # The average of read and write requests that are served in this DRAM element per memory cycle for level _0_0_3_2
         ramulator.active_cycles_0_0_3_3              257140                                      # Total active cycles for level _0_0_3_3
           ramulator.busy_cycles_0_0_3_3              257140                                      # (All-bank refresh only. busy cycles only include refresh time in rank level) The sum of cycles that the DRAM part is active or under refresh for level _0_0_3_3
      ramulator.serving_requests_0_0_3_3              278989                                      # The sum of read and write requests that are served in this DRAM element per memory cycle for level _0_0_3_3
ramulator.average_serving_requests_0_0_3_3            0.036033                                      # The average of read and write requests that are served in this DRAM element per memory cycle for level _0_0_3_3
      ramulator.read_transaction_bytes_0             4381376                                      # The total byte of read transaction per channel
     ramulator.write_transaction_bytes_0              444288                                      # The total byte of write transaction per channel
       ramulator.row_hits_channel_0_core               43884                                      # Number of row hits per channel per core
     ramulator.row_misses_channel_0_core                7423                                      # Number of row misses per channel per core
  ramulator.row_conflicts_channel_0_core               24094                                      # Number of row conflicts per channel per core
  ramulator.read_row_hits_channel_0_core               41979                                      # Number of row hits for read requests per channel per core
                                     [0]             41979.0                                      # 
ramulator.read_row_misses_channel_0_core                6445                                      # Number of row misses for read requests per channel per core
                                     [0]              6445.0                                      # 
ramulator.read_row_conflicts_channel_0_core               20035                                      # Number of row conflicts for read requests per channel per core
                                     [0]             20035.0                                      # 
 ramulator.write_row_hits_channel_0_core                1905                                      # Number of row hits for write requests per channel per core
                                     [0]              1905.0                                      # 
ramulator.write_row_misses_channel_0_core                 978                                      # Number of row misses for write requests per channel per core
                                     [0]               978.0                                      # 
ramulator.write_row_conflicts_channel_0_core                4059                                      # Number of row conflicts for write requests per channel per core
                                     [0]              4059.0                                      # 
      ramulator.useless_activates_0_core                   1                                      # Number of useless activations. E.g, ACT -> PRE w/o RD or WR
            ramulator.read_latency_avg_0           54.962968                                      # The average memory latency cycles (in memory time domain) per request for all read requests in this channel
            ramulator.read_latency_sum_0             3763974                                      # The memory latency cycles (in memory time domain) sum for all read requests in this channel
        ramulator.req_queue_length_avg_0           12.743187                                      # Average of read and write queue length per memory cycle per channel.
        ramulator.req_queue_length_sum_0            98664965                                      # Sum of read and write queue length per memory cycle per channel.
   ramulator.read_req_queue_length_avg_0            0.430929                                      # Read queue length average per memory cycle per channel.
   ramulator.read_req_queue_length_sum_0             3336496                                      # Read queue length sum per memory cycle per channel.
  ramulator.write_req_queue_length_avg_0           12.312258                                      # Write queue length average per memory cycle per channel.
  ramulator.write_req_queue_length_sum_0            95328469                                      # Write queue length sum per memory cycle per channel.
              ramulator.record_read_hits                 0.0                                      # record read hit count for this core when it reaches request limit or to the end
                                     [0]                 0.0                                      # 
            ramulator.record_read_misses                 0.0                                      # record_read_miss count for this core when it reaches request limit or to the end
                                     [0]                 0.0                                      # 
         ramulator.record_read_conflicts                 0.0                                      # record read conflict count for this core when it reaches request limit or to the end
                                     [0]                 0.0                                      # 
             ramulator.record_write_hits                 0.0                                      # record write hit count for this core when it reaches request limit or to the end
                                     [0]                 0.0                                      # 
           ramulator.record_write_misses                 0.0                                      # record write miss count for this core when it reaches request limit or to the end
                                     [0]                 0.0                                      # 
        ramulator.record_write_conflicts                 0.0                                      # record write conflict for this core when it reaches request limit or to the end
                                     [0]                 0.0                                      # 
                 ramulator.dram_capacity          8589934592                                      # Number of bytes in simulated DRAM
                   ramulator.dram_cycles             7742566                                      # Number of DRAM cycles simulated
             ramulator.incoming_requests               75425                                      # Number of incoming requests to DRAM
                 ramulator.read_requests               68482                                      # Number of incoming read requests to DRAM per core
                                     [0]             68482.0                                      # 
                ramulator.write_requests                6943                                      # Number of incoming write requests to DRAM per core
                                     [0]              6943.0                                      # 
       ramulator.ramulator_active_cycles             3549293                                      # The total number of cycles that the DRAM part is active (serving R/W)
 ramulator.incoming_requests_per_channel             75425.0                                      # Number of incoming requests to each DRAM channel
                                     [0]             75425.0                                      # 
ramulator.incoming_read_reqs_per_channel             68482.0                                      # Number of incoming read requests to each DRAM channel
                                     [0]             68482.0                                      # 
     ramulator.physical_page_replacement                   0                                      # The number of times that physical page replacement happens.
             ramulator.maximum_bandwidth         19200000000                                      # The theoretical maximum bandwidth (Bps)
          ramulator.in_queue_req_num_sum            98664965                                      # Sum of read/write queue length
     ramulator.in_queue_read_req_num_sum             3336496                                      # Sum of read queue length
    ramulator.in_queue_write_req_num_sum            95328469                                      # Sum of write queue length
          ramulator.in_queue_req_num_avg           12.743187                                      # Average of read/write queue length per memory cycle
     ramulator.in_queue_read_req_num_avg            0.430929                                      # Average of read queue length per memory cycle
    ramulator.in_queue_write_req_num_avg           12.312258                                      # Average of write queue length per memory cycle
          ramulator.record_read_requests                 0.0                                      # record read requests for this core when it reaches request limit or to the end
                                     [0]                 0.0                                      # 
         ramulator.record_write_requests                 0.0                                      # record write requests for this core when it reaches request limit or to the end
                                     [0]                 0.0                                      # 
