/* -*- Mode: c -*- */
####################################################################################################
Core 0
####################################################################################################
Cumulative:        Cycles: 25873778              Instructions: 20000000              IPC: 0.77298

Periodic:          Cycles: 12383274              Instructions: 10000000              IPC: 0.80754

DCACHE_PREF_HIT                                      0                              0              

IFETCH_WB_FIRST_SCHEDULE                             0         -nan%                0         -nan%
PREFETCH_LAST_SCHEDULE                               0         -nan%                0         -nan%
DEMAND_PASS_PREF_SCHEDULE                            0         -nan%                0         -nan%
DEMAND_PASS_LOW_OP_SCHEDULE                          0         -nan%                0         -nan%
DEMAND_LAST_SCHEDULE                                 0         -nan%                0         -nan%
                                                     0         -nan%                0         -nan%
                                                  -nan         -nan              -nan         -nan

SEND_MISS_REQ_QUEUE                             295183                         660303              

L1_DATA_EVICT                                   295226                         627611              

STREAM_BUFFER_REQ                                    0                              0              

PREF_SEND_TO_MEM_REQ                                 0         -nan%                0         -nan%
PREF_SEND_TO_MEM_REQ_FAIL                            0         -nan%                0         -nan%
                                                     0         -nan%                0         -nan%
                                                  -nan         -nan              -nan         -nan

HIT_TRAIN_STREAM                                 98610       50.372%           279767       66.314%
MISS_TRAIN_STREAM                                97153       49.628%           142116       33.686%
                                                195763      100.000%           421883      100.000%
                                                  0.50         0.50              0.34         0.43

STREAM_TRAIN_CREATE                              53344                          74354              

MEM_REQ_MISS_HWP_PREF_Q                              0         -nan%                0         -nan%
MEM_REQ_MISS_SW_PREF_Q                               0         -nan%                0         -nan%
MEM_REQ_MISS_IFETCH_Q                                0         -nan%                0         -nan%
MEM_REQ_MISS_DFETCH_Q                                0         -nan%                0         -nan%
MEM_REQ_MISS_DSTORE_Q                                0         -nan%                0         -nan%
MEM_REQ_MISS_DPRF_Q                                  0         -nan%                0         -nan%
MEM_REQ_MISS_WB_Q                                    0         -nan%                0         -nan%
                                                     0         -nan%                0         -nan%
                                                  -nan         -nan              -nan         -nan

PREF_HIT_BY_DEMAND_IFETCH                            0         -nan%                0         -nan%
PREF_HIT_BY_DEMAND_DFETCH                            0         -nan%                0         -nan%
PREF_HIT_BY_DEMAND_DSTORE                            0         -nan%                0         -nan%
PREF_HIT_BY_DEMAND_IPREF                             0         -nan%                0         -nan%
PREF_HIT_BY_DEMAND_DPRF                              0         -nan%                0         -nan%
PREF_HIT_BY_DEMAND_WB                                0         -nan%                0         -nan%
PREF_HIT_BY_PREF                                     0         -nan%                0         -nan%
                                                     0         -nan%                0         -nan%
                                                  -nan         -nan              -nan         -nan

PREF_HIT_DEMAND_IFETCH                               0         -nan%                0         -nan%
PREF_HIT_DEMAND_DFETCH                               0         -nan%                0         -nan%
PREF_HIT_DEMAND_DSTORE                               0         -nan%                0         -nan%
PREF_HIT_DEMAND_IPREF                                0         -nan%                0         -nan%
PREF_HIT_DEMAND_DPRF                                 0         -nan%                0         -nan%
PREF_HIT_DEMAND_WB                                   0         -nan%                0         -nan%
                                                     0         -nan%                0         -nan%
                                                  -nan         -nan              -nan         -nan

PREF_L1_FILL                                         0         -nan%                0         -nan%
DEMAND_L1_FILL                                       0         -nan%                0         -nan%
                                                     0         -nan%                0         -nan%
                                                  -nan         -nan              -nan         -nan

TOUCH_L1_REPLACE                                     0        0.000%                0        0.000%
NO_TOUCH_L1_REPLACE                             295226      100.000%           627611      100.000%
                                                295226      100.000%           627611      100.000%
                                                  1.00         1.00              1.00         1.00

PREF_REQ_QUE_FULL                                    0                              0              

STREAM_REQ_QUEUE_HIT_BY_DEMAND                       0                              0              

L2HIT_STREAM_PREF_REQ_QUE_FULL                       0                              0              

L2HIT_HIT_TRAIN_STREAM                               0         -nan%                0         -nan%
L2HIT_MISS_TRAIN_STREAM                              0         -nan%                0         -nan%
                                                     0         -nan%                0         -nan%
                                                  -nan         -nan              -nan         -nan

L2HIT_STREAM_TRAIN_CREATE                            0                              0              

L2HIT_STREAM_BUFFER_REQ                              0                              0              

L2HIT_STREAM_PREF_DCACHE_HIT                         0         -nan%                0         -nan%
L2HIT_STREAM_PREF_DCACHE_INSERT                      0         -nan%                0         -nan%
L2HIT_STREAM_L2_MISS                                 0         -nan%                0         -nan%
                                                     0         -nan%                0         -nan%
                                                  -nan         -nan              -nan         -nan

L2HIT_STREAM_DCACHE_PORT_FULL                        0                              0              

L2HIT_STREAM_PREF_L1_PORT_FULL                       0                              0              

L2HIT_TRAIN_HIT_DEMAND                               0         -nan%                0         -nan%
L2HIT_TRAIN_MISS_REQ                                 0         -nan%                0         -nan%
                                                     0         -nan%                0         -nan%
                                                  -nan         -nan              -nan         -nan

L2HIT_TRAIN_FILTER_MISS                              0         -nan%                0         -nan%
L2HIT_TRAIN_FILTER_HIT                               0         -nan%                0         -nan%
                                                     0         -nan%                0         -nan%
                                                  -nan         -nan              -nan         -nan

L2HIT_PREF_REQ_DCACHE_HIT                            0         -nan%                0         -nan%
L2HIT_PREF_REQ_DCACHE_MISS                           0         -nan%                0         -nan%
                                                     0         -nan%                0         -nan%
                                                  -nan         -nan              -nan         -nan

L2HIT_L2SEND_Q_FULL                                  0         -nan%                0         -nan%
L2HIT_L2SEND_Q_ENTER                                 0         -nan%                0         -nan%
                                                     0         -nan%                0         -nan%
                                                  -nan         -nan              -nan         -nan

L2HIT_MEM_REQ                                        0                              0              

REMOVE_REDUNDANT_STREAM_STAT                         0                              0              

REPLACE_OLD_STREAM                               53344                          74338              

REQ_SEND_QUEUE_STALL                                 0                              0              

STREAM_ENTER_RA                                      0                              0              

CORE_STREAM_LENGTH_0                               531        9.641%              850        8.891%
CORE_STREAM_LENGTH_10                             2203       39.996%             2979       31.161%
CORE_STREAM_LENGTH_20                              626       11.365%             1393       14.571%
CORE_STREAM_LENGTH_30                              321        5.828%              647        6.768%
CORE_STREAM_LENGTH_40                               57        1.035%              240        2.510%
CORE_STREAM_LENGTH_50                              469        8.515%              685        7.165%
CORE_STREAM_LENGTH_60                              133        2.415%              257        2.688%
CORE_STREAM_LENGTH_70                               35        0.635%               95        0.994%
CORE_STREAM_LENGTH_80                              161        2.923%              237        2.479%
CORE_STREAM_LENGTH_90                               71        1.289%              138        1.444%
CORE_STREAM_LENGTH_100_P                           901       16.358%             2039       21.328%
                                                  5508      100.000%             9560      100.000%
                                                  3.44         3.61              3.96         3.94

CORE_CUM_STREAM_LENGTH_0                          4087        1.600%             6322        0.897%
CORE_CUM_STREAM_LENGTH_10                        27994       10.961%            38348        5.441%
CORE_CUM_STREAM_LENGTH_20                        14184        5.554%            33285        4.723%
CORE_CUM_STREAM_LENGTH_30                        10731        4.202%            21838        3.099%
CORE_CUM_STREAM_LENGTH_40                         2525        0.989%            10568        1.500%
CORE_CUM_STREAM_LENGTH_50                        26645       10.433%            38661        5.486%
CORE_CUM_STREAM_LENGTH_60                         8288        3.245%            16186        2.297%
CORE_CUM_STREAM_LENGTH_70                         2579        1.010%             7067        1.003%
CORE_CUM_STREAM_LENGTH_80                        13842        5.420%            20329        2.885%
CORE_CUM_STREAM_LENGTH_90                         6840        2.678%            13177        1.870%
CORE_CUM_STREAM_LENGTH_100_P                    137680       53.909%           498963       70.801%
                                                255395      100.000%           704744      100.000%
                                                  7.24         6.30              8.26         7.55

CORE_STREAM_TRAIN_HITS_0                          3422       62.128%             5073       53.065%
CORE_STREAM_TRAIN_HITS_10                          949       17.229%             1855       19.404%
CORE_STREAM_TRAIN_HITS_20                          190        3.450%              438        4.582%
CORE_STREAM_TRAIN_HITS_30                           14        0.254%              128        1.339%
CORE_STREAM_TRAIN_HITS_40                           12        0.218%              152        1.590%
CORE_STREAM_TRAIN_HITS_50                           14        0.254%              107        1.119%
CORE_STREAM_TRAIN_HITS_60                          895       16.249%             1187       12.416%
CORE_STREAM_TRAIN_HITS_70                            4        0.073%               59        0.617%
CORE_STREAM_TRAIN_HITS_80                            0        0.000%               82        0.858%
CORE_STREAM_TRAIN_HITS_90                            0        0.000%               47        0.492%
CORE_STREAM_TRAIN_HITS_100_P                         8        0.145%              432        4.519%
                                                  5508      100.000%             9560      100.000%
                                                  1.26         1.97              1.80         2.54

CORE_CUM_STREAM_TRAIN_HITS_0                     20572       17.039%            30843        9.699%
CORE_CUM_STREAM_TRAIN_HITS_10                    13974       11.574%            26670        8.387%
CORE_CUM_STREAM_TRAIN_HITS_20                     4194        3.474%            10066        3.165%
CORE_CUM_STREAM_TRAIN_HITS_30                      477        0.395%             4463        1.403%
CORE_CUM_STREAM_TRAIN_HITS_40                      533        0.441%             6741        2.120%
CORE_CUM_STREAM_TRAIN_HITS_50                      782        0.648%             5814        1.828%
CORE_CUM_STREAM_TRAIN_HITS_60                    59430       49.224%            78597       24.715%
CORE_CUM_STREAM_TRAIN_HITS_70                      296        0.245%             4404        1.385%
CORE_CUM_STREAM_TRAIN_HITS_80                        0        0.000%             6928        2.179%
CORE_CUM_STREAM_TRAIN_HITS_90                        0        0.000%             4412        1.387%
CORE_CUM_STREAM_TRAIN_HITS_100_P                 20477       16.960%           139069       43.731%
                                                120735      100.000%           318007      100.000%
                                                  4.91         3.34              6.62         5.30

CORE_STREAM_TRAIN_CREATE                         53344                          74354              



