/* -*- Mode: c -*- */
####################################################################################################
Core 0
####################################################################################################
Cumulative:        Cycles: 21963727              Instructions: 21469670              IPC: 0.97751

Periodic:          Cycles: 9863018               Instructions: 10858258              IPC: 1.10091

DCACHE_PREF_HIT                                      0                              0              

IFETCH_WB_FIRST_SCHEDULE                             0         -nan%                0         -nan%
PREFETCH_LAST_SCHEDULE                               0         -nan%                0         -nan%
DEMAND_PASS_PREF_SCHEDULE                            0         -nan%                0         -nan%
DEMAND_PASS_LOW_OP_SCHEDULE                          0         -nan%                0         -nan%
DEMAND_LAST_SCHEDULE                                 0         -nan%                0         -nan%
                                                     0         -nan%                0         -nan%
                                                  -nan         -nan              -nan         -nan

SEND_MISS_REQ_QUEUE                              49060                         159841              

L1_DATA_EVICT                                    49082                         127813              

STREAM_BUFFER_REQ                                    0                              0              

PREF_SEND_TO_MEM_REQ                                 0         -nan%                0         -nan%
PREF_SEND_TO_MEM_REQ_FAIL                            0         -nan%                0         -nan%
                                                     0         -nan%                0         -nan%
                                                  -nan         -nan              -nan         -nan

HIT_TRAIN_STREAM                                 11297       26.498%            35761       27.478%
MISS_TRAIN_STREAM                                31336       73.502%            94385       72.522%
                                                 42633      100.000%           130146      100.000%
                                                  0.74         0.67              0.73         0.66

STREAM_TRAIN_CREATE                              13798                          40687              

MEM_REQ_MISS_HWP_PREF_Q                              0         -nan%                0         -nan%
MEM_REQ_MISS_SW_PREF_Q                               0         -nan%                0         -nan%
MEM_REQ_MISS_IFETCH_Q                                0         -nan%                0         -nan%
MEM_REQ_MISS_DFETCH_Q                                0         -nan%                0         -nan%
MEM_REQ_MISS_DSTORE_Q                                0         -nan%                0         -nan%
MEM_REQ_MISS_DPRF_Q                                  0         -nan%                0         -nan%
MEM_REQ_MISS_WB_Q                                    0         -nan%                0         -nan%
                                                     0         -nan%                0         -nan%
                                                  -nan         -nan              -nan         -nan

PREF_HIT_BY_DEMAND_IFETCH                            0         -nan%                0         -nan%
PREF_HIT_BY_DEMAND_DFETCH                            0         -nan%                0         -nan%
PREF_HIT_BY_DEMAND_DSTORE                            0         -nan%                0         -nan%
PREF_HIT_BY_DEMAND_IPREF                             0         -nan%                0         -nan%
PREF_HIT_BY_DEMAND_DPRF                              0         -nan%                0         -nan%
PREF_HIT_BY_DEMAND_WB                                0         -nan%                0         -nan%
PREF_HIT_BY_PREF                                     0         -nan%                0         -nan%
                                                     0         -nan%                0         -nan%
                                                  -nan         -nan              -nan         -nan

PREF_HIT_DEMAND_IFETCH                               0         -nan%                0         -nan%
PREF_HIT_DEMAND_DFETCH                               0         -nan%                0         -nan%
PREF_HIT_DEMAND_DSTORE                               0         -nan%                0         -nan%
PREF_HIT_DEMAND_IPREF                                0         -nan%                0         -nan%
PREF_HIT_DEMAND_DPRF                                 0         -nan%                0         -nan%
PREF_HIT_DEMAND_WB                                   0         -nan%                0         -nan%
                                                     0         -nan%                0         -nan%
                                                  -nan         -nan              -nan         -nan

PREF_L1_FILL                                         0         -nan%                0         -nan%
DEMAND_L1_FILL                                       0         -nan%                0         -nan%
                                                     0         -nan%                0         -nan%
                                                  -nan         -nan              -nan         -nan

TOUCH_L1_REPLACE                                     0        0.000%                0        0.000%
NO_TOUCH_L1_REPLACE                              49082      100.000%           127813      100.000%
                                                 49082      100.000%           127813      100.000%
                                                  1.00         1.00              1.00         1.00

PREF_REQ_QUE_FULL                                    0                              0              

STREAM_REQ_QUEUE_HIT_BY_DEMAND                       0                              0              

L2HIT_STREAM_PREF_REQ_QUE_FULL                       0                              0              

L2HIT_HIT_TRAIN_STREAM                               0         -nan%                0         -nan%
L2HIT_MISS_TRAIN_STREAM                              0         -nan%                0         -nan%
                                                     0         -nan%                0         -nan%
                                                  -nan         -nan              -nan         -nan

L2HIT_STREAM_TRAIN_CREATE                            0                              0              

L2HIT_STREAM_BUFFER_REQ                              0                              0              

L2HIT_STREAM_PREF_DCACHE_HIT                         0         -nan%                0         -nan%
L2HIT_STREAM_PREF_DCACHE_INSERT                      0         -nan%                0         -nan%
L2HIT_STREAM_L2_MISS                                 0         -nan%                0         -nan%
                                                     0         -nan%                0         -nan%
                                                  -nan         -nan              -nan         -nan

L2HIT_STREAM_DCACHE_PORT_FULL                        0                              0              

L2HIT_STREAM_PREF_L1_PORT_FULL                       0                              0              

L2HIT_TRAIN_HIT_DEMAND                               0         -nan%                0         -nan%
L2HIT_TRAIN_MISS_REQ                                 0         -nan%                0         -nan%
                                                     0         -nan%                0         -nan%
                                                  -nan         -nan              -nan         -nan

L2HIT_TRAIN_FILTER_MISS                              0         -nan%                0         -nan%
L2HIT_TRAIN_FILTER_HIT                               0         -nan%                0         -nan%
                                                     0         -nan%                0         -nan%
                                                  -nan         -nan              -nan         -nan

L2HIT_PREF_REQ_DCACHE_HIT                            0         -nan%                0         -nan%
L2HIT_PREF_REQ_DCACHE_MISS                           0         -nan%                0         -nan%
                                                     0         -nan%                0         -nan%
                                                  -nan         -nan              -nan         -nan

L2HIT_L2SEND_Q_FULL                                  0         -nan%                0         -nan%
L2HIT_L2SEND_Q_ENTER                                 0         -nan%                0         -nan%
                                                     0         -nan%                0         -nan%
                                                  -nan         -nan              -nan         -nan

L2HIT_MEM_REQ                                        0                              0              

REMOVE_REDUNDANT_STREAM_STAT                         0                              0              

REPLACE_OLD_STREAM                               13798                          40671              

REQ_SEND_QUEUE_STALL                                 0                              0              

STREAM_ENTER_RA                                      0                              0              

CORE_STREAM_LENGTH_0                               193       15.415%             1356       23.259%
CORE_STREAM_LENGTH_10                              555       44.329%             2755       47.256%
CORE_STREAM_LENGTH_20                              283       22.604%             1147       19.674%
CORE_STREAM_LENGTH_30                              111        8.866%              338        5.798%
CORE_STREAM_LENGTH_40                               15        1.198%               79        1.355%
CORE_STREAM_LENGTH_50                                8        0.639%               18        0.309%
CORE_STREAM_LENGTH_60                               17        1.358%               21        0.360%
CORE_STREAM_LENGTH_70                               11        0.879%               15        0.257%
CORE_STREAM_LENGTH_80                                7        0.559%               10        0.172%
CORE_STREAM_LENGTH_90                                3        0.240%                7        0.120%
CORE_STREAM_LENGTH_100_P                            49        3.914%               84        1.441%
                                                  1252      100.000%             5830      100.000%
                                                  1.84         2.03              1.32         1.37

CORE_CUM_STREAM_LENGTH_0                          1556        3.937%             9623        7.383%
CORE_CUM_STREAM_LENGTH_10                         8101       20.495%            40830       31.324%
CORE_CUM_STREAM_LENGTH_20                         6764       17.112%            27042       20.746%
CORE_CUM_STREAM_LENGTH_30                         3547        8.974%            11180        8.577%
CORE_CUM_STREAM_LENGTH_40                          665        1.682%             3472        2.664%
CORE_CUM_STREAM_LENGTH_50                          425        1.075%              957        0.734%
CORE_CUM_STREAM_LENGTH_60                         1101        2.785%             1362        1.045%
CORE_CUM_STREAM_LENGTH_70                          796        2.014%             1106        0.849%
CORE_CUM_STREAM_LENGTH_80                          592        1.498%              847        0.650%
CORE_CUM_STREAM_LENGTH_90                          284        0.718%              672        0.516%
CORE_CUM_STREAM_LENGTH_100_P                     15696       39.710%            33256       25.513%
                                                 39527      100.000%           130347      100.000%
                                                  5.40         5.17              3.90         4.15

CORE_STREAM_TRAIN_HITS_0                          1088       86.901%             5178       88.816%
CORE_STREAM_TRAIN_HITS_10                           97        7.748%              530        9.091%
CORE_STREAM_TRAIN_HITS_20                           17        1.358%               29        0.497%
CORE_STREAM_TRAIN_HITS_30                           12        0.958%               20        0.343%
CORE_STREAM_TRAIN_HITS_40                            1        0.080%                4        0.069%
CORE_STREAM_TRAIN_HITS_50                            2        0.160%                3        0.051%
CORE_STREAM_TRAIN_HITS_60                            3        0.240%                9        0.154%
CORE_STREAM_TRAIN_HITS_70                            4        0.319%                4        0.069%
CORE_STREAM_TRAIN_HITS_80                            0        0.000%                0        0.000%
CORE_STREAM_TRAIN_HITS_90                            3        0.240%                5        0.086%
CORE_STREAM_TRAIN_HITS_100_P                        25        1.997%               48        0.823%
                                                  1252      100.000%             5830      100.000%
                                                  0.40         1.55              0.22         1.03

CORE_CUM_STREAM_TRAIN_HITS_0                      6217       37.008%            30599       51.792%
CORE_CUM_STREAM_TRAIN_HITS_10                     1233        7.340%             6136       10.386%
CORE_CUM_STREAM_TRAIN_HITS_20                      373        2.220%              651        1.102%
CORE_CUM_STREAM_TRAIN_HITS_30                      404        2.405%              672        1.137%
CORE_CUM_STREAM_TRAIN_HITS_40                       48        0.286%              187        0.317%
CORE_CUM_STREAM_TRAIN_HITS_50                      105        0.625%              162        0.274%
CORE_CUM_STREAM_TRAIN_HITS_60                      190        1.131%              570        0.965%
CORE_CUM_STREAM_TRAIN_HITS_70                      297        1.768%              297        0.503%
CORE_CUM_STREAM_TRAIN_HITS_80                        0        0.000%                0        0.000%
CORE_CUM_STREAM_TRAIN_HITS_90                      287        1.708%              475        0.804%
CORE_CUM_STREAM_TRAIN_HITS_100_P                  7645       45.509%            19332       32.721%
                                                 16799      100.000%            59081      100.000%
                                                  5.13         4.97              3.62         4.32

CORE_STREAM_TRAIN_CREATE                         13798                          40687              



