/* -*- Mode: c -*- */
####################################################################################################
Core 0
####################################################################################################
Cumulative:        Cycles: 8137473               Instructions: 20000000              IPC: 2.45777

Periodic:          Cycles: 3784550               Instructions: 9999998               IPC: 2.64232

PREF_DL0REQ_QUEUE_HIT_BY_DEMAND                      0                              0              

PREF_UMLC_REQ_QUEUE_HIT_BY_DEMAND                    0                              0              

PREF_UL1REQ_QUEUE_HIT_BY_DEMAND                      0                              0              

PREF_DL0REQ_QUEUE_FULL                               0                              0              

PREF_UMLC_REQ_QUEUE_FULL                             0                              0              

PREF_UL1REQ_QUEUE_FULL                               0                              0              

PREF_DC_HIT_NOSEND                                   0                              0              

PREF_WBQDC_HIT_NOSEND                                0                              0              

PREF_MLCQ_STALL                                      0                              0              

PREF_L1Q_STALL                                       0                              0              

PREF_UMLC_REQ_SEND_QUEUE_STALL                       0                              0              

PREF_UL1REQ_SEND_QUEUE_STALL                         0                              0              

PREF_UMLC_REQ_QUEUE_SENTREQ                          0                              0              

PREF_UL1REQ_QUEUE_SENTREQ                         2205                           9823              

PREF_NEWREQ_MATCHED                                 30                            243              

PREF_UMLC_REQ_QUEUE_MATCHED_REQ                      0                              0              

PREF_UL1REQ_QUEUE_MATCHED_REQ                        0                             42              

PREF_DL0REQ_QUEUE_MATCHED_REQ                        0                              0              

L1_PREF_HIT                                      10227                          20839              

L1_PREF_UNIQUE_HIT                                 822                           3762              

L1_PREF_LATE                                       516                           1961              

L1_LATE_PREF_CYCLES                             121114                         381542              

L1_LATE_PREF_CYCLES_DIST_0                          80       15.504%              534       27.231%
L1_LATE_PREF_CYCLES_DIST_100                       110       21.318%              507       25.854%
L1_LATE_PREF_CYCLES_DIST_200                       263       50.969%              807       41.152%
L1_LATE_PREF_CYCLES_DIST_300                        42        8.140%               55        2.805%
L1_LATE_PREF_CYCLES_DIST_400                         5        0.969%               12        0.612%
L1_LATE_PREF_CYCLES_DIST_500                         3        0.581%                3        0.153%
L1_LATE_PREF_CYCLES_DIST_600                         0        0.000%                1        0.051%
L1_LATE_PREF_CYCLES_DIST_700                         2        0.388%                4        0.204%
L1_LATE_PREF_CYCLES_DIST_800                         1        0.194%                1        0.051%
L1_LATE_PREF_CYCLES_DIST_900                         0        0.000%                0        0.000%
L1_LATE_PREF_CYCLES_DIST_1000                        0        0.000%                2        0.102%
L1_LATE_PREF_CYCLES_DIST_1100                        0        0.000%                2        0.102%
L1_LATE_PREF_CYCLES_DIST_1200                        0        0.000%                0        0.000%
L1_LATE_PREF_CYCLES_DIST_1300                        0        0.000%                1        0.051%
L1_LATE_PREF_CYCLES_DIST_1400                        0        0.000%               17        0.867%
L1_LATE_PREF_CYCLES_DIST_1500                        2        0.388%                7        0.357%
L1_LATE_PREF_CYCLES_DIST_1600                        2        0.388%                2        0.102%
L1_LATE_PREF_CYCLES_DIST_1700                        6        1.163%                6        0.306%
L1_LATE_PREF_CYCLES_DIST_1800                        0        0.000%                0        0.000%
L1_LATE_PREF_CYCLES_DIST_1900                        0        0.000%                0        0.000%
L1_LATE_PREF_CYCLES_DIST_2000                        0        0.000%                0        0.000%
                                                   516      100.000%             1961      100.000%
                                                  1.91         2.15              1.49         1.89

MLC_PREF_HIT                                     24329                          55593              

MLC_PREF_UNIQUE_HIT                               1448                           3794              

MLC_PREF_LATE                                        0                              0              

PREF_HYBRID_SEL_0                                    0         -nan%                0         -nan%
PREF_HYBRID_SEL_1                                    0         -nan%                0         -nan%
PREF_HYBRID_SEL_2                                    0         -nan%                0         -nan%
PREF_HYBRID_SEL_3                                    0         -nan%                0         -nan%
PREF_HYBRID_SEL_4                                    0         -nan%                0         -nan%
PREF_HYBRID_SEL_5                                    0         -nan%                0         -nan%
PREF_HYBRID_SEL_6                                    0         -nan%                0         -nan%
                                                     0         -nan%                0         -nan%
                                                  -nan         -nan              -nan         -nan

PREF_DISTANCE_1                                      0         -nan%                0         -nan%
PREF_DISTANCE_2                                      0         -nan%                0         -nan%
PREF_DISTANCE_3                                      0         -nan%                0         -nan%
PREF_DISTANCE_4                                      0         -nan%                0         -nan%
PREF_DISTANCE_5                                      0         -nan%                0         -nan%
PREF_DISTANCE_6                                      0         -nan%                0         -nan%
PREF_DISTANCE_7                                      0         -nan%                0         -nan%
PREF_DISTANCE_8                                      0         -nan%                0         -nan%
PREF_DISTANCE_9                                      0         -nan%                0         -nan%
PREF_DISTANCE_10                                     0         -nan%                0         -nan%
                                                     0         -nan%                0         -nan%
                                                  -nan         -nan              -nan         -nan

PREF_REPL_MRU                                        0         -nan%                0         -nan%
PREF_REPL_MID                                        0         -nan%                0         -nan%
PREF_REPL_LOWQTR                                     0         -nan%                0         -nan%
PREF_REPL_LRU                                        0         -nan%                0         -nan%
                                                     0         -nan%                0         -nan%
                                                  -nan         -nan              -nan         -nan

PREF_REPL_MOVEDOWN                                   0         -nan%                0         -nan%
PREF_REPL_MOVEUP                                     0         -nan%                0         -nan%
                                                     0         -nan%                0         -nan%
                                                  -nan         -nan              -nan         -nan

PREF_COV_1                                           0         -nan%                0         -nan%
PREF_COV_2                                           0         -nan%                0         -nan%
PREF_COV_3                                           0         -nan%                0         -nan%
PREF_COV_4                                           0         -nan%                0         -nan%
PREF_COV_5                                           0         -nan%                0         -nan%
PREF_COV_6                                           0         -nan%                0         -nan%
PREF_COV_7                                           0         -nan%                0         -nan%
PREF_COV_8                                           0         -nan%                0         -nan%
PREF_COV_9                                           0         -nan%                0         -nan%
PREF_COV_10                                          0         -nan%                0         -nan%
                                                     0         -nan%                0         -nan%
                                                  -nan         -nan              -nan         -nan

PREF_POL_1                                           0         -nan%                0         -nan%
PREF_POL_2                                           0         -nan%                0         -nan%
PREF_POL_3                                           0         -nan%                0         -nan%
PREF_POL_4                                           0         -nan%                0         -nan%
PREF_POL_5                                           0         -nan%                0         -nan%
PREF_POL_6                                           0         -nan%                0         -nan%
PREF_POL_7                                           0         -nan%                0         -nan%
PREF_POL_8                                           0         -nan%                0         -nan%
PREF_POL_9                                           0         -nan%                0         -nan%
PREF_POL_10                                          0         -nan%                0         -nan%
                                                     0         -nan%                0         -nan%
                                                  -nan         -nan              -nan         -nan

PREF_ACC_1                                           0         -nan%                0         -nan%
PREF_ACC_2                                           0         -nan%                0         -nan%
PREF_ACC_3                                           0         -nan%                0         -nan%
PREF_ACC_4                                           0         -nan%                0         -nan%
PREF_ACC_5                                           0         -nan%                0         -nan%
PREF_ACC_6                                           0         -nan%                0         -nan%
PREF_ACC_7                                           0         -nan%                0         -nan%
PREF_ACC_8                                           0         -nan%                0         -nan%
PREF_ACC_9                                           0         -nan%                0         -nan%
PREF_ACC_10                                          0         -nan%                0         -nan%
                                                     0         -nan%                0         -nan%
                                                  -nan         -nan              -nan         -nan

PREF_TIMELY_1                                        0         -nan%                0         -nan%
PREF_TIMELY_2                                        0         -nan%                0         -nan%
PREF_TIMELY_3                                        0         -nan%                0         -nan%
PREF_TIMELY_4                                        0         -nan%                0         -nan%
PREF_TIMELY_5                                        0         -nan%                0         -nan%
PREF_TIMELY_6                                        0         -nan%                0         -nan%
PREF_TIMELY_7                                        0         -nan%                0         -nan%
PREF_TIMELY_8                                        0         -nan%                0         -nan%
PREF_TIMELY_9                                        0         -nan%                0         -nan%
PREF_TIMELY_10                                       0         -nan%                0         -nan%
                                                     0         -nan%                0         -nan%
                                                  -nan         -nan              -nan         -nan

PREF_UNUSED_EVICT                                 1774                           5062              

PREF_REGION_SENT                                     0                              0              

PREF_REGION_USEFUL                                   0                              0              

PREF_REGION_EVICT                                    0                              0              

PREF_PFPOL                                           0                              0              

PREF_PHASE_NEWPHASE_DET                              0                              0              

PREF_PHASE_NEWPHASE_NOTVALID                         0                              0              

PREF_PHASE_SENTPREF                                  0                              0              

PREF_PHASE_OVERWRITE_PAGE                            0                              0              

PREF_UPDATE_COUNT                                    0                              0              

PREF_ACC1_HT_HP                                      0         -nan%                0         -nan%
PREF_ACC1_HT_LP                                      0         -nan%                0         -nan%
PREF_ACC1_LT_HP                                      0         -nan%                0         -nan%
PREF_ACC1_LT_LP                                      0         -nan%                0         -nan%
PREF_ACC2_HT_HP                                      0         -nan%                0         -nan%
PREF_ACC2_HT_LP                                      0         -nan%                0         -nan%
PREF_ACC2_LT_HP                                      0         -nan%                0         -nan%
PREF_ACC2_LT_LP                                      0         -nan%                0         -nan%
PREF_ACC3_HT_HP                                      0         -nan%                0         -nan%
PREF_ACC3_HT_LP                                      0         -nan%                0         -nan%
PREF_ACC3_LT_HP                                      0         -nan%                0         -nan%
PREF_ACC3_LT_LP                                      0         -nan%                0         -nan%
PREF_ACC4_HT_HP                                      0         -nan%                0         -nan%
PREF_ACC4_HT_LP                                      0         -nan%                0         -nan%
PREF_ACC4_LT_HP                                      0         -nan%                0         -nan%
PREF_ACC4_LT_LP                                      0         -nan%                0         -nan%
                                                     0         -nan%                0         -nan%
                                                  -nan         -nan              -nan         -nan

FDIP_DECIDE_PREF_ONPATH                        1163932                        2288147              

FDIP_DECIDE_PREF_OFFPATH                       1045130                        2296856              

FDIP_NEW_PREFETCHES_ONPATH                        2195                           4942              

FDIP_NEW_PREFETCHES_OFFPATH                       1670                           7620              

FDIP_PREF_ICACHE_PROBE_HIT_ONPATH              1160677                        2280968              

FDIP_PREF_ICACHE_PROBE_HIT_OFFPATH             1042763                        2286158              

FDIP_PREF_MSHR_PROBE_HIT_ONPATH                   1060                           2237              

FDIP_PREF_MSHR_PROBE_HIT_OFFPATH                   697                           3078              

FDIP_ATTEMPTED_PREF_ONPATH                     1169617                        2332366              

FDIP_ATTEMPTED_PREF_OFFPATH                    1046351                        2309439              

FDIP_ALT_PATH_PREFETCHES_IC_EMITTED                  0                              0              

FDIP_ALT_PATH_PREFETCHES_IC_TRIGGERED                0                              0              

FDIP_ALT_PATH_PREFETCHES_UOC_EMITTED_OFF_PATH             0         -nan%                0         -nan%
FDIP_ALT_PATH_PREFETCHES_UOC_EMITTED_ON_PATH             0         -nan%                0         -nan%
                                                     0         -nan%                0         -nan%
                                                  -nan         -nan              -nan         -nan

FDIP_ALT_PATH_PREFETCHES_UOC_TRIGGERED               0                              0              

FDIP_BREAK_REACH_FTQ_END                       2991595       79.048%          6411623       78.791%
FDIP_BREAK_FTQ_EMPTY                                 0        0.000%                0        0.000%
FDIP_BREAK_MAX_FTQ_ENTRY_CYC                    792955       20.952%          1725850       21.209%
FDIP_BREAK_FULL_MEM_REQ_BUF                          0        0.000%                0        0.000%
                                               3784550      100.000%          8137473      100.000%
                                                  0.42         0.72              0.42         0.73

FDIP_CYCLE_COUNT                                     0                              0              

ICACHE_USEFUL_FETCHES                               42                            960              

USEFUL_CACHELINES_RETIRED                            0                              0              

ICACHE_UNUSEFUL_FETCHES                             73                           2723              

UNIQUE_MISSED_LINES                                 48                            706              

UNIQUE_HIT_LINES                                    15                           1229              

UNIQUE_PREFETCHED_LINES                              0                              0              

FDIP_BTB_MISS_NT_RESTEER_ONPATH                     53                           1474              

FDIP_BTB_MISS_NT_RESTEER_OFFPATH                     6                            282              

FDIP_UTILITY_HASH_HIT                                0         -nan%                0         -nan%
FDIP_UTILITY_HASH_MISS                               0         -nan%                0         -nan%
                                                     0         -nan%                0         -nan%
                                                  -nan         -nan              -nan         -nan

FDIP_UC_HIT                                          0         -nan%                0         -nan%
FDIP_UC_MISS                                         0         -nan%                0         -nan%
                                                     0         -nan%                0         -nan%
                                                  -nan         -nan              -nan         -nan

FDIP_UC_USEFUL_LINES                                 0                              0              

FDIP_UC_REPLACEMENT                                  0                              0              

FDIP_BLOOM_HIT                                   19759       74.101%           109080       65.758%
FDIP_BLOOM_MISS                                   6906       25.899%            56802       34.242%
                                                 26665      100.000%           165882      100.000%
                                                  0.26         0.40              0.34         0.43

FDIP_BLOOM_INSERTED                                 67                           1024              

FDIP_BLOOM_CLEAR1                                    0                              0              

FDIP_BLOOM_CLEAR2                                    0                              0              

FDIP_BLOOM_CLEAR4                                    0                              0              

FDIP_BLOOM_1STREAM                                   0                              0              

FDIP_BLOOM_2STREAM                                   0                              0              

FDIP_BLOOM_3STREAM                                   0                              0              

FDIP_BLOOM_4STREAM                                   0                              0              

FDIP_BLOOM_5STREAM                                   0                              0              

FDIP_BLOOM_6STREAM                                   0                              0              

FDIP_BLOOM_7STREAM                                   0                              0              

FDIP_BLOOM_8STREAM                                   0                              0              

FDIP_BLOOM_1INSERT                                  55                            640              

FDIP_BLOOM_2INSERT                                   6                            110              

FDIP_BLOOM_4INSERT                                   0                             41              

FDIP_BLOOM_NOSTREAM                                  0                              0              

FDIP_AVG_FTQ_OCCUPANCY_OPS                         272                            272              

FDIP_AVG_FTQ_OCCUPANCY                              36                             36              

FDIP_FTQ_OCCUPANCY_OPS_ACCUMULATED          1032269510                     2214796599              

FDIP_FTQ_OCCUPANCY_BLOCKS_ACCUMULATED        139950254                      298449857              

FDIP_TRAINING_SAMPLE                                 0                              0              

FDIP_SENIORITY_FTQ_ACCUMULATED                95541606                      731659582              

FDIP_SENIORITY_FTQ_HIT                              45                           1055              

FDIP_SENIORITY_FTQ_MISS                           3317                           7575              

FDIP_OFF_CONF_ON_PREF_CANDIDATES               1041245       46.988%          2284512       49.216%
FDIP_OFF_CONF_OFF_PREF_CANDIDATES                 5106        0.230%            24927        0.537%
FDIP_ON_CONF_ON_PREF_CANDIDATES                1148058       51.808%          2191411       47.210%
FDIP_ON_CONF_OFF_PREF_CANDIDATES                 21559        0.973%           140955        3.037%
                                               2215968      100.000%          4641805      100.000%
                                                  1.07         0.71              1.04         0.76

FDIP_ON_CONF_ON_EMITTED                           3215       57.186%             7131       39.889%
FDIP_ON_CONF_OFF_EMITTED                            40        0.711%               48        0.269%
FDIP_OFF_CONF_ON_EMITTED                          2148       38.207%            10081       56.391%
FDIP_OFF_CONF_OFF_EMITTED                          219        3.895%              617        3.451%
                                                  5622      100.000%            17877      100.000%
                                                  0.89         0.82              1.23         0.70

FDIP_OFF_CONF_ON_NUM_EVENTS                      21538                          48332              

FDIP_OFF_CONF_ON_BTB_MISS                            0        0.000%                0        0.000%
FDIP_OFF_CONF_ON_BP_INCORRECT                    21538      100.000%            48332      100.000%
FDIP_OFF_CONF_ON_MISFETCH                            0        0.000%                0        0.000%
FDIP_OFF_CONF_ON_NO_TARGET                           0        0.000%                0        0.000%
                                                 21538      100.000%            48332      100.000%
                                                  1.00         0.00              1.00         0.00

FDIP_OFF_CONF_ON_BTB_MISS_PREF_CANDIDATES             0        0.000%                0        0.000%
FDIP_OFF_CONF_ON_BP_INCORRECT_PREF_CANDIDATES       1041245      100.000%          2284512      100.000%
FDIP_OFF_CONF_ON_MISFETCH_PREF_CANDIDATES             0        0.000%                0        0.000%
FDIP_OFF_CONF_ON_NO_TARGET_PREF_CANDIDATES             0        0.000%                0        0.000%
                                               1041245      100.000%          2284512      100.000%
                                                  1.00         0.00              1.00         0.00

FDIP_OFF_CONF_ON_BTB_MISS_EMITTED                    0        0.000%                0        0.000%
FDIP_OFF_CONF_ON_BP_INCORRECT_EMITTED             2148      100.000%            10081      100.000%
FDIP_OFF_CONF_ON_MISFETCH_EMITTED                    0        0.000%                0        0.000%
FDIP_OFF_CONF_ON_NO_TARGET_EMITTED                   0        0.000%                0        0.000%
                                                  2148      100.000%            10081      100.000%
                                                  1.00         0.00              1.00         0.00

FDIP_OFF_CONF_ON_BP_INCORRECT_0_CONF              3020       14.022%             6639       13.736%
FDIP_OFF_CONF_ON_BP_INCORRECT_1_CONF              5567       25.847%            14842       30.708%
FDIP_OFF_CONF_ON_BP_INCORRECT_2_CONF              3512       16.306%             7440       15.394%
FDIP_OFF_CONF_ON_BP_INCORRECT_3_CONF              9439       43.825%            19411       40.162%
                                                 21538      100.000%            48332      100.000%
                                                  1.90         1.52              1.82         1.45

FDIP_OFF_CONF_ON_BTB_MISS_CBR_0_CONF                 0         -nan%                0         -nan%
FDIP_OFF_CONF_ON_BTB_MISS_CBR_1_CONF                 0         -nan%                0         -nan%
FDIP_OFF_CONF_ON_BTB_MISS_CBR_2_CONF                 0         -nan%                0         -nan%
FDIP_OFF_CONF_ON_BTB_MISS_CBR_3_CONF                 0         -nan%                0         -nan%
                                                     0         -nan%                0         -nan%
                                                  -nan         -nan              -nan         -nan

FDIP_OFF_CONF_ON_BTB_MISS_NOT_CF                     0         -nan%                0         -nan%
FDIP_OFF_CONF_ON_BTB_MISS_CF_BR                      0         -nan%                0         -nan%
FDIP_OFF_CONF_ON_BTB_MISS_CF_CBR                     0         -nan%                0         -nan%
FDIP_OFF_CONF_ON_BTB_MISS_CF_CALL                    0         -nan%                0         -nan%
FDIP_OFF_CONF_ON_BTB_MISS_CF_IBR                     0         -nan%                0         -nan%
FDIP_OFF_CONF_ON_BTB_MISS_CF_ICALL                   0         -nan%                0         -nan%
FDIP_OFF_CONF_ON_BTB_MISS_CF_ICO                     0         -nan%                0         -nan%
FDIP_OFF_CONF_ON_BTB_MISS_CF_RET                     0         -nan%                0         -nan%
FDIP_OFF_CONF_ON_BTB_MISS_CF_SYS                     0         -nan%                0         -nan%
                                                     0         -nan%                0         -nan%
                                                  -nan         -nan              -nan         -nan

FDIP_ON_CONF_OFF_NUM_EVENTS                         30                            307              

FDIP_ON_CONF_OFF_NUM_BTB_MISS                    12690                          32400              

FDIP_ON_CONF_OFF_NUM_OP_DIST_INC                     0                              0              

FDIP_ON_CONF_OFF_NUM_CF_BR                       15890       12.358%            40975       12.668%
FDIP_ON_CONF_OFF_NUM_CF_CBR                      74513       57.952%           187806       58.062%
FDIP_ON_CONF_OFF_NUM_CF_CALL                     17328       13.477%            42598       13.169%
FDIP_ON_CONF_OFF_NUM_CF_IBR                         98        0.076%              159        0.049%
FDIP_ON_CONF_OFF_NUM_CF_ICALL                     1634        1.271%             3494        1.080%
FDIP_ON_CONF_OFF_NUM_CF_ICO                          0        0.000%                0        0.000%
FDIP_ON_CONF_OFF_NUM_CF_RET                      19115       14.866%            48428       14.972%
FDIP_ON_CONF_OFF_NUM_CF_SYS                          0        0.000%                0        0.000%
                                                128578      100.000%           323460      100.000%
                                                  1.79         1.75              1.79         1.75

FDIP_ON_CONF_OFF_NUM_CONF_0_BR                     793        0.617%             2992        0.925%
FDIP_ON_CONF_OFF_NUM_CONF_1_BR                     497        0.387%             3553        1.098%
FDIP_ON_CONF_OFF_NUM_CONF_2_BR                    1300        1.011%             4223        1.306%
FDIP_ON_CONF_OFF_NUM_CONF_3_BR                  125988       97.986%           312692       96.671%
                                                128578      100.000%           323460      100.000%
                                                  2.96         2.94              2.94         2.90

FDIP_BTB_NUM_CYCLES_OFF_PATH_EVENT                   5                             60              

FDIP_BP_CONF_0_MISPRED                            3620        0.119%             7708        0.122%
FDIP_BP_CONF_1_MISPRED                            6523        0.215%            17446        0.276%
FDIP_BP_CONF_2_MISPRED                            4010        0.132%             8375        0.132%
FDIP_BP_CONF_3_MISPRED                           11284        0.371%            23610        0.373%
FDIP_BP_CONF_0_CORRECT                           44341        1.459%           109272        1.726%
FDIP_BP_CONF_1_CORRECT                           51719        1.702%           153874        2.431%
FDIP_BP_CONF_2_CORRECT                           74646        2.457%           152832        2.414%
FDIP_BP_CONF_3_CORRECT                         2841958       93.544%          5857001       92.526%
                                               3038101      100.000%          6330118      100.000%
                                                  6.85         6.66              6.83         6.60

FDIP_ON_CONF_OFF_BTB_MISS_BP_TAKEN_CONF_0             2        6.667%               12        3.909%
FDIP_ON_CONF_OFF_BTB_MISS_BP_TAKEN_CONF_1             4       13.333%               58       18.893%
FDIP_ON_CONF_OFF_BTB_MISS_BP_TAKEN_CONF_2             0        0.000%                3        0.977%
FDIP_ON_CONF_OFF_BTB_MISS_BP_TAKEN_CONF_3             7       23.333%              156       50.814%
FDIP_ON_CONF_OFF_BTB_MISS_RATE                       4       13.333%               28        9.121%
FDIP_ON_CONF_OFF_INV_CONF_INC                       13       43.333%               50       16.287%
                                                    30      100.000%              307      100.000%
                                                  3.53         2.75              2.91         1.71

FDIP_ON_CONF_OFF_BTB_MISS_BP_TAKEN_CONF_0_PREF_CANDIDATES             2        0.009%               20        0.014%
FDIP_ON_CONF_OFF_BTB_MISS_BP_TAKEN_CONF_1_PREF_CANDIDATES             5        0.023%               80        0.057%
FDIP_ON_CONF_OFF_BTB_MISS_BP_TAKEN_CONF_2_PREF_CANDIDATES             0        0.000%               24        0.017%
FDIP_ON_CONF_OFF_BTB_MISS_BP_TAKEN_CONF_3_PREF_CANDIDATES           138        0.640%              369        0.262%
FDIP_ON_CONF_OFF_BTB_MISS_RATE_PREF_CANDIDATES          5250       24.352%            25210       17.885%
FDIP_ON_CONF_OFF_INV_CONF_INC_PREF_CANDIDATES         16164       74.976%           115252       81.765%
                                                 21559      100.000%           140955      100.000%
                                                  4.74         4.13              4.81         4.37

FDIP_ON_CONF_OFF_BTB_MISS_BP_TAKEN_CONF_0_EMITTED             0        0.000%                0        0.000%
FDIP_ON_CONF_OFF_BTB_MISS_BP_TAKEN_CONF_1_EMITTED             1        2.500%                3        6.250%
FDIP_ON_CONF_OFF_BTB_MISS_BP_TAKEN_CONF_2_EMITTED             0        0.000%                0        0.000%
FDIP_ON_CONF_OFF_BTB_MISS_BP_TAKEN_CONF_3_EMITTED            39       97.500%               41       85.417%
FDIP_ON_CONF_OFF_BTB_MISS_RATE_EMITTED               0        0.000%                0        0.000%
FDIP_ON_CONF_OFF_INV_CONF_INC_EMITTED                0        0.000%                4        8.333%
                                                    40      100.000%               48      100.000%
                                                  2.95         0.32              3.04         1.18

ICACHE_FIRST_MISS_AFTER_WARMUP_SEEN_DURING_WARMUP             4      100.000%                4      100.000%
ICACHE_FIRST_MISS_AFTER_WARMUP_NOT_SEEN_DURING_WARMUP             0        0.000%                0        0.000%
                                                     4      100.000%                4      100.000%
                                                  0.00         0.00              0.00         0.00

ICACHE_FIRST_MISS_AFTER_WARMUP_NO_PREF_DURING_WARMUP             1       33.333%                1       33.333%
ICACHE_FIRST_MISS_AFTER_WARMUP_TRAINED_UNUSEFUL_DURING_WARMUP             0        0.000%                0        0.000%
ICACHE_FIRST_MISS_AFTER_WARMUP_TRAINED_USEFUL_DURING_WARMUP             2       66.667%                2       66.667%
                                                     3      100.000%                3      100.000%
                                                  1.33         1.49              1.33         1.49

FDIP_PREFETCH_EVICT_NO_HIT_ONLY_ONCE                 0                              0              

FDIP_PREFETCH_HIT_ICACHE                       2203440       99.746%          4567126       99.610%
FDIP_PREFETCH_HIT_MLC                              698        0.032%             3061        0.067%
FDIP_PREFETCH_HIT_L1                              4910        0.222%            10137        0.221%
FDIP_PREFETCH_HIT_DRAM                              14        0.001%             4679        0.102%
                                               2209062      100.000%          4585003      100.000%
                                                  0.00         0.10              0.01         0.14

FDIP_MEM_BUF_MISS                                    0         -nan%                0         -nan%
FDIP_MEM_BUF_FOUND                                   0         -nan%                0         -nan%
                                                     0         -nan%                0         -nan%
                                                  -nan         -nan              -nan         -nan

DJOLT_PREFETCH_ENTRY                                 0                              0              

DJOLT_PREFETCH_INITIAL                               0                              0              

DJOLT_PREFETCH_SIG                                   0                              0              

FNLMMA_PREFETCH_TYPE0                                0         -nan%                0         -nan%
FNLMMA_PREFETCH_TYPE1                                0         -nan%                0         -nan%
FNLMMA_PREFETCH_TYPE2                                0         -nan%                0         -nan%
FNLMMA_PREFETCH_TYPE3                                0         -nan%                0         -nan%
FNLMMA_PREFETCH_TYPE4                                0         -nan%                0         -nan%
                                                     0         -nan%                0         -nan%
                                                  -nan         -nan              -nan         -nan



