Scarab gitrev: 3067351
Scarab started at Fri Jan  3 01:02:23 2025

Initialized Ramulator. 
** Heartbeat:   5% -- { 1000002 } -- 0.00 KIPS (23.81 KIPS)
** Heartbeat:  10% -- { 2000003 } -- 27.78 KIPS (25.64 KIPS)
** Heartbeat:  15% -- { 3000005 } -- 29.41 KIPS (26.79 KIPS)
** Heartbeat:  20% -- { 4000009 } -- 30.30 KIPS (27.59 KIPS)
** Heartbeat:  25% -- { 5000010 } -- 27.03 KIPS (27.47 KIPS)
** Heartbeat:  30% -- { 6000014 } -- 26.32 KIPS (27.27 KIPS)
** Heartbeat:  35% -- { 7000015 } -- 28.57 KIPS (27.45 KIPS)
** Heartbeat:  40% -- { 8000018 } -- 28.57 KIPS (27.59 KIPS)
** Heartbeat:  45% -- { 9000022 } -- 30.30 KIPS (27.86 KIPS)
** Heartbeat:  50% -- { 10000027 } -- 29.41 KIPS (28.01 KIPS)
** Heartbeat:  55% -- { 11000031 } -- 28.57 KIPS (28.06 KIPS)
** Heartbeat:  60% -- { 12000035 } -- 28.57 KIPS (28.10 KIPS)
** Heartbeat:  65% -- { 13000039 } -- 29.41 KIPS (28.20 KIPS)
** Heartbeat:  70% -- { 14000039 } -- 28.57 KIPS (28.23 KIPS)
** Heartbeat:  75% -- { 15000040 } -- 30.30 KIPS (28.36 KIPS)
** Heartbeat:  80% -- { 16000043 } -- 29.41 KIPS (28.42 KIPS)
** Heartbeat:  85% -- { 17000048 } -- 30.30 KIPS (28.52 KIPS)
** Heartbeat:  90% -- { 18000053 } -- 30.30 KIPS (28.62 KIPS)
** Heartbeat:  95% -- { 19000054 } -- 27.78 KIPS (28.57 KIPS)
Warning could not fetch inst from frontend
Warning could not fetch inst from frontend
Warning could not fetch inst from frontend
Warning could not fetch inst from frontend
Warning could not fetch inst from frontend
Warning could not fetch inst from frontend
Warning could not fetch inst from frontend
Warning could not fetch inst from frontend
Warning could not fetch inst from frontend
Warning could not fetch inst from frontend
Warning could not fetch inst from frontend
Warning could not fetch inst from frontend
Warning could not fetch inst from frontend
Warning could not fetch inst from frontend
Warning could not fetch inst from frontend
Warning could not fetch inst from frontend
Warning could not fetch inst from frontend
Warning could not fetch inst from frontend
Warning could not fetch inst from frontend
Warning could not fetch inst from frontend
Warning could not fetch inst from frontend
Warning could not fetch inst from frontend
Warning could not fetch inst from frontend
Warning could not fetch inst from frontend
Warning could not fetch inst from frontend
Warning could not fetch inst from frontend
Warning could not fetch inst from frontend
Warning could not fetch inst from frontend
Warning could not fetch inst from frontend
Warning could not fetch inst from frontend
Warning could not fetch inst from frontend
Warning could not fetch inst from frontend
Warning could not fetch inst from frontend
Warning could not fetch inst from frontend
Warning could not fetch inst from frontend
Warning could not fetch inst from frontend
Warning could not fetch inst from frontend
Warning could not fetch inst from frontend
Warning could not fetch inst from frontend
Warning could not fetch inst from frontend
Warning could not fetch inst from frontend
Warning could not fetch inst from frontend
Warning could not fetch inst from frontend
Warning could not fetch inst from frontend
Warning could not fetch inst from frontend
Warning could not fetch inst from frontend
Warning could not fetch inst from frontend
Warning could not fetch inst from frontend
Warning could not fetch inst from frontend
Warning could not fetch inst from frontend
Warning could not fetch inst from frontend
Warning could not fetch inst from frontend
Warning could not fetch inst from frontend
Warning could not fetch inst from frontend
Warning could not fetch inst from frontend
Warning could not fetch inst from frontend
Warning could not fetch inst from frontend
Warning could not fetch inst from frontend
Warning could not fetch inst from frontend
Warning could not fetch inst from frontend
Warning could not fetch inst from frontend
Warning could not fetch inst from frontend
Warning could not fetch inst from frontend
Warning could not fetch inst from frontend
Warning could not fetch inst from frontend
Warning could not fetch inst from frontend
Warning could not fetch inst from frontend
Warning could not fetch inst from frontend
Warning could not fetch inst from frontend
Warning could not fetch inst from frontend
Warning could not fetch inst from frontend
Warning could not fetch inst from frontend
Warning could not fetch inst from frontend
Warning could not fetch inst from frontend
Warning could not fetch inst from frontend
Warning could not fetch inst from frontend
Warning could not fetch inst from frontend
Warning could not fetch inst from frontend
Warning could not fetch inst from frontend
Warning could not fetch inst from frontend
Warning could not fetch inst from frontend
Warning could not fetch inst from frontend
Warning could not fetch inst from frontend
Warning could not fetch inst from frontend
Warning could not fetch inst from frontend
Warning could not fetch inst from frontend
Warning could not fetch inst from frontend
Warning could not fetch inst from frontend
Warning could not fetch inst from frontend
Warning could not fetch inst from frontend
Warning could not fetch inst from frontend
Warning could not fetch inst from frontend
Warning could not fetch inst from frontend
Warning could not fetch inst from frontend
Warning could not fetch inst from frontend
Warning could not fetch inst from frontend
Warning could not fetch inst from frontend
Warning could not fetch inst from frontend
Warning could not fetch inst from frontend
Warning could not fetch inst from frontend
** Core 0 Finished:    insts:20004887    cycles:8561110     time:2675346875000       -- 2.34 IPC (2.34 IPC) --  N/A  KIPS (28.45 KIPS)
Scarab finished at Fri Jan  3 01:14:06 2025

