/* -*- Mode: c -*- */
####################################################################################################
Core 0
####################################################################################################
Cumulative:        Cycles: 33991469              Instructions: 21284506              IPC: 0.62617

Periodic:          Cycles: 15903753              Instructions: 10653742              IPC: 0.66989

DCACHE_PREF_HIT                                      0                              0              

IFETCH_WB_FIRST_SCHEDULE                             0         -nan%                0         -nan%
PREFETCH_LAST_SCHEDULE                               0         -nan%                0         -nan%
DEMAND_PASS_PREF_SCHEDULE                            0         -nan%                0         -nan%
DEMAND_PASS_LOW_OP_SCHEDULE                          0         -nan%                0         -nan%
DEMAND_LAST_SCHEDULE                                 0         -nan%                0         -nan%
                                                     0         -nan%                0         -nan%
                                                  -nan         -nan              -nan         -nan

SEND_MISS_REQ_QUEUE                             178280                         427867              

L1_DATA_EVICT                                   178357                         395245              

STREAM_BUFFER_REQ                                    0                              0              

PREF_SEND_TO_MEM_REQ                                 0         -nan%                0         -nan%
PREF_SEND_TO_MEM_REQ_FAIL                            0         -nan%                0         -nan%
                                                     0         -nan%                0         -nan%
                                                  -nan         -nan              -nan         -nan

HIT_TRAIN_STREAM                                 30736       19.794%            69918       19.165%
MISS_TRAIN_STREAM                               124540       80.206%           294897       80.835%
                                                155276      100.000%           364815      100.000%
                                                  0.80         0.74              0.81         0.75

STREAM_TRAIN_CREATE                              68031                         163687              

MEM_REQ_MISS_HWP_PREF_Q                              0         -nan%                0         -nan%
MEM_REQ_MISS_SW_PREF_Q                               0         -nan%                0         -nan%
MEM_REQ_MISS_IFETCH_Q                                0         -nan%                0         -nan%
MEM_REQ_MISS_DFETCH_Q                                0         -nan%                0         -nan%
MEM_REQ_MISS_DSTORE_Q                                0         -nan%                0         -nan%
MEM_REQ_MISS_DPRF_Q                                  0         -nan%                0         -nan%
MEM_REQ_MISS_WB_Q                                    0         -nan%                0         -nan%
                                                     0         -nan%                0         -nan%
                                                  -nan         -nan              -nan         -nan

PREF_HIT_BY_DEMAND_IFETCH                            0         -nan%                0         -nan%
PREF_HIT_BY_DEMAND_DFETCH                            0         -nan%                0         -nan%
PREF_HIT_BY_DEMAND_DSTORE                            0         -nan%                0         -nan%
PREF_HIT_BY_DEMAND_IPREF                             0         -nan%                0         -nan%
PREF_HIT_BY_DEMAND_DPRF                              0         -nan%                0         -nan%
PREF_HIT_BY_DEMAND_WB                                0         -nan%                0         -nan%
PREF_HIT_BY_PREF                                     0         -nan%                0         -nan%
                                                     0         -nan%                0         -nan%
                                                  -nan         -nan              -nan         -nan

PREF_HIT_DEMAND_IFETCH                               0         -nan%                0         -nan%
PREF_HIT_DEMAND_DFETCH                               0         -nan%                0         -nan%
PREF_HIT_DEMAND_DSTORE                               0         -nan%                0         -nan%
PREF_HIT_DEMAND_IPREF                                0         -nan%                0         -nan%
PREF_HIT_DEMAND_DPRF                                 0         -nan%                0         -nan%
PREF_HIT_DEMAND_WB                                   0         -nan%                0         -nan%
                                                     0         -nan%                0         -nan%
                                                  -nan         -nan              -nan         -nan

PREF_L1_FILL                                         0         -nan%                0         -nan%
DEMAND_L1_FILL                                       0         -nan%                0         -nan%
                                                     0         -nan%                0         -nan%
                                                  -nan         -nan              -nan         -nan

TOUCH_L1_REPLACE                                     0        0.000%                0        0.000%
NO_TOUCH_L1_REPLACE                             178357      100.000%           395245      100.000%
                                                178357      100.000%           395245      100.000%
                                                  1.00         1.00              1.00         1.00

PREF_REQ_QUE_FULL                                    0                              0              

STREAM_REQ_QUEUE_HIT_BY_DEMAND                       0                              0              

L2HIT_STREAM_PREF_REQ_QUE_FULL                       0                              0              

L2HIT_HIT_TRAIN_STREAM                               0         -nan%                0         -nan%
L2HIT_MISS_TRAIN_STREAM                              0         -nan%                0         -nan%
                                                     0         -nan%                0         -nan%
                                                  -nan         -nan              -nan         -nan

L2HIT_STREAM_TRAIN_CREATE                            0                              0              

L2HIT_STREAM_BUFFER_REQ                              0                              0              

L2HIT_STREAM_PREF_DCACHE_HIT                         0         -nan%                0         -nan%
L2HIT_STREAM_PREF_DCACHE_INSERT                      0         -nan%                0         -nan%
L2HIT_STREAM_L2_MISS                                 0         -nan%                0         -nan%
                                                     0         -nan%                0         -nan%
                                                  -nan         -nan              -nan         -nan

L2HIT_STREAM_DCACHE_PORT_FULL                        0                              0              

L2HIT_STREAM_PREF_L1_PORT_FULL                       0                              0              

L2HIT_TRAIN_HIT_DEMAND                               0         -nan%                0         -nan%
L2HIT_TRAIN_MISS_REQ                                 0         -nan%                0         -nan%
                                                     0         -nan%                0         -nan%
                                                  -nan         -nan              -nan         -nan

L2HIT_TRAIN_FILTER_MISS                              0         -nan%                0         -nan%
L2HIT_TRAIN_FILTER_HIT                               0         -nan%                0         -nan%
                                                     0         -nan%                0         -nan%
                                                  -nan         -nan              -nan         -nan

L2HIT_PREF_REQ_DCACHE_HIT                            0         -nan%                0         -nan%
L2HIT_PREF_REQ_DCACHE_MISS                           0         -nan%                0         -nan%
                                                     0         -nan%                0         -nan%
                                                  -nan         -nan              -nan         -nan

L2HIT_L2SEND_Q_FULL                                  0         -nan%                0         -nan%
L2HIT_L2SEND_Q_ENTER                                 0         -nan%                0         -nan%
                                                     0         -nan%                0         -nan%
                                                  -nan         -nan              -nan         -nan

L2HIT_MEM_REQ                                        0                              0              

REMOVE_REDUNDANT_STREAM_STAT                         0                              0              

REPLACE_OLD_STREAM                               68031                         163671              

REQ_SEND_QUEUE_STALL                                 0                              0              

STREAM_ENTER_RA                                      0                              0              

CORE_STREAM_LENGTH_0                              1335       21.505%             2396       16.209%
CORE_STREAM_LENGTH_10                             2717       43.766%             6074       41.091%
CORE_STREAM_LENGTH_20                             1174       18.911%             3217       21.763%
CORE_STREAM_LENGTH_30                              775       12.484%             2472       16.723%
CORE_STREAM_LENGTH_40                               44        0.709%              138        0.934%
CORE_STREAM_LENGTH_50                               68        1.095%              228        1.542%
CORE_STREAM_LENGTH_60                               48        0.773%              152        1.028%
CORE_STREAM_LENGTH_70                               13        0.209%               33        0.223%
CORE_STREAM_LENGTH_80                                3        0.048%               11        0.074%
CORE_STREAM_LENGTH_90                                3        0.048%               10        0.068%
CORE_STREAM_LENGTH_100_P                            28        0.451%               51        0.345%
                                                  6208      100.000%            14782      100.000%
                                                  1.39         1.13              1.59         1.15

CORE_CUM_STREAM_LENGTH_0                         10780        8.584%            19082        6.004%
CORE_CUM_STREAM_LENGTH_10                        40912       32.579%            92205       29.012%
CORE_CUM_STREAM_LENGTH_20                        26572       21.160%            71506       22.499%
CORE_CUM_STREAM_LENGTH_30                        24950       19.868%            79579       25.040%
CORE_CUM_STREAM_LENGTH_40                         1908        1.519%             5997        1.887%
CORE_CUM_STREAM_LENGTH_50                         3859        3.073%            12880        4.053%
CORE_CUM_STREAM_LENGTH_60                         3128        2.491%             9904        3.116%
CORE_CUM_STREAM_LENGTH_70                          951        0.757%             2426        0.763%
CORE_CUM_STREAM_LENGTH_80                          259        0.206%              939        0.295%
CORE_CUM_STREAM_LENGTH_90                          280        0.223%              925        0.291%
CORE_CUM_STREAM_LENGTH_100_P                     11977        9.538%            22370        7.039%
                                                125576      100.000%           317813      100.000%
                                                  2.75         2.75              2.76         2.48

CORE_STREAM_TRAIN_HITS_0                          5358       86.308%            11946       80.815%
CORE_STREAM_TRAIN_HITS_10                          788       12.693%             2696       18.238%
CORE_STREAM_TRAIN_HITS_20                           23        0.370%               62        0.419%
CORE_STREAM_TRAIN_HITS_30                            7        0.113%               18        0.122%
CORE_STREAM_TRAIN_HITS_40                            2        0.032%                8        0.054%
CORE_STREAM_TRAIN_HITS_50                            4        0.064%                5        0.034%
CORE_STREAM_TRAIN_HITS_60                            1        0.016%                2        0.014%
CORE_STREAM_TRAIN_HITS_70                            1        0.016%                1        0.007%
CORE_STREAM_TRAIN_HITS_80                            0        0.000%                0        0.000%
CORE_STREAM_TRAIN_HITS_90                            3        0.048%                6        0.041%
CORE_STREAM_TRAIN_HITS_100_P                        21        0.338%               38        0.257%
                                                  6208      100.000%            14782      100.000%
                                                  0.18         0.71              0.23         0.66

CORE_CUM_STREAM_TRAIN_HITS_0                     35074       63.115%            75608       58.590%
CORE_CUM_STREAM_TRAIN_HITS_10                     9110       16.393%            31036       24.050%
CORE_CUM_STREAM_TRAIN_HITS_20                      528        0.950%             1438        1.114%
CORE_CUM_STREAM_TRAIN_HITS_30                      234        0.421%              590        0.457%
CORE_CUM_STREAM_TRAIN_HITS_40                       85        0.153%              345        0.267%
CORE_CUM_STREAM_TRAIN_HITS_50                      207        0.372%              257        0.199%
CORE_CUM_STREAM_TRAIN_HITS_60                       63        0.113%              126        0.098%
CORE_CUM_STREAM_TRAIN_HITS_70                       79        0.142%               79        0.061%
CORE_CUM_STREAM_TRAIN_HITS_80                        0        0.000%                0        0.000%
CORE_CUM_STREAM_TRAIN_HITS_90                      281        0.506%              569        0.441%
CORE_CUM_STREAM_TRAIN_HITS_100_P                  9911       17.835%            18998       14.722%
                                                 55572      100.000%           129046      100.000%
                                                  2.07         3.54              1.82         3.29

CORE_STREAM_TRAIN_CREATE                         68031                         163687              



