/* -*- Mode: c -*- */
####################################################################################################
Core 0
####################################################################################################
Cumulative:        Cycles: 12079148              Instructions: 20000000              IPC: 1.65575

Periodic:          Cycles: 5037858               Instructions: 9999998               IPC: 1.98497

DCACHE_PREF_HIT                                      0                              0              

IFETCH_WB_FIRST_SCHEDULE                             0         -nan%                0         -nan%
PREFETCH_LAST_SCHEDULE                               0         -nan%                0         -nan%
DEMAND_PASS_PREF_SCHEDULE                            0         -nan%                0         -nan%
DEMAND_PASS_LOW_OP_SCHEDULE                          0         -nan%                0         -nan%
DEMAND_LAST_SCHEDULE                                 0         -nan%                0         -nan%
                                                     0         -nan%                0         -nan%
                                                  -nan         -nan              -nan         -nan

SEND_MISS_REQ_QUEUE                              13733                          48425              

L1_DATA_EVICT                                    10986                          16001              

STREAM_BUFFER_REQ                                    0                              0              

PREF_SEND_TO_MEM_REQ                                 0         -nan%                0         -nan%
PREF_SEND_TO_MEM_REQ_FAIL                            0         -nan%                0         -nan%
                                                     0         -nan%                0         -nan%
                                                  -nan         -nan              -nan         -nan

HIT_TRAIN_STREAM                                 41409       78.036%            82158       69.559%
MISS_TRAIN_STREAM                                11655       21.964%            35954       30.441%
                                                 53064      100.000%           118112      100.000%
                                                  0.22         0.38              0.30         0.42

STREAM_TRAIN_CREATE                               6131                          21573              

MEM_REQ_MISS_HWP_PREF_Q                              0         -nan%                0         -nan%
MEM_REQ_MISS_SW_PREF_Q                               0         -nan%                0         -nan%
MEM_REQ_MISS_IFETCH_Q                                0         -nan%                0         -nan%
MEM_REQ_MISS_DFETCH_Q                                0         -nan%                0         -nan%
MEM_REQ_MISS_DSTORE_Q                                0         -nan%                0         -nan%
MEM_REQ_MISS_DPRF_Q                                  0         -nan%                0         -nan%
MEM_REQ_MISS_WB_Q                                    0         -nan%                0         -nan%
                                                     0         -nan%                0         -nan%
                                                  -nan         -nan              -nan         -nan

PREF_HIT_BY_DEMAND_IFETCH                            0         -nan%                0         -nan%
PREF_HIT_BY_DEMAND_DFETCH                            0         -nan%                0         -nan%
PREF_HIT_BY_DEMAND_DSTORE                            0         -nan%                0         -nan%
PREF_HIT_BY_DEMAND_IPREF                             0         -nan%                0         -nan%
PREF_HIT_BY_DEMAND_DPRF                              0         -nan%                0         -nan%
PREF_HIT_BY_DEMAND_WB                                0         -nan%                0         -nan%
PREF_HIT_BY_PREF                                     0         -nan%                0         -nan%
                                                     0         -nan%                0         -nan%
                                                  -nan         -nan              -nan         -nan

PREF_HIT_DEMAND_IFETCH                               0         -nan%                0         -nan%
PREF_HIT_DEMAND_DFETCH                               0         -nan%                0         -nan%
PREF_HIT_DEMAND_DSTORE                               0         -nan%                0         -nan%
PREF_HIT_DEMAND_IPREF                                0         -nan%                0         -nan%
PREF_HIT_DEMAND_DPRF                                 0         -nan%                0         -nan%
PREF_HIT_DEMAND_WB                                   0         -nan%                0         -nan%
                                                     0         -nan%                0         -nan%
                                                  -nan         -nan              -nan         -nan

PREF_L1_FILL                                         0         -nan%                0         -nan%
DEMAND_L1_FILL                                       0         -nan%                0         -nan%
                                                     0         -nan%                0         -nan%
                                                  -nan         -nan              -nan         -nan

TOUCH_L1_REPLACE                                     0        0.000%                0        0.000%
NO_TOUCH_L1_REPLACE                              10986      100.000%            16001      100.000%
                                                 10986      100.000%            16001      100.000%
                                                  1.00         1.00              1.00         1.00

PREF_REQ_QUE_FULL                                    0                              0              

STREAM_REQ_QUEUE_HIT_BY_DEMAND                       0                              0              

L2HIT_STREAM_PREF_REQ_QUE_FULL                       0                              0              

L2HIT_HIT_TRAIN_STREAM                               0         -nan%                0         -nan%
L2HIT_MISS_TRAIN_STREAM                              0         -nan%                0         -nan%
                                                     0         -nan%                0         -nan%
                                                  -nan         -nan              -nan         -nan

L2HIT_STREAM_TRAIN_CREATE                            0                              0              

L2HIT_STREAM_BUFFER_REQ                              0                              0              

L2HIT_STREAM_PREF_DCACHE_HIT                         0         -nan%                0         -nan%
L2HIT_STREAM_PREF_DCACHE_INSERT                      0         -nan%                0         -nan%
L2HIT_STREAM_L2_MISS                                 0         -nan%                0         -nan%
                                                     0         -nan%                0         -nan%
                                                  -nan         -nan              -nan         -nan

L2HIT_STREAM_DCACHE_PORT_FULL                        0                              0              

L2HIT_STREAM_PREF_L1_PORT_FULL                       0                              0              

L2HIT_TRAIN_HIT_DEMAND                               0         -nan%                0         -nan%
L2HIT_TRAIN_MISS_REQ                                 0         -nan%                0         -nan%
                                                     0         -nan%                0         -nan%
                                                  -nan         -nan              -nan         -nan

L2HIT_TRAIN_FILTER_MISS                              0         -nan%                0         -nan%
L2HIT_TRAIN_FILTER_HIT                               0         -nan%                0         -nan%
                                                     0         -nan%                0         -nan%
                                                  -nan         -nan              -nan         -nan

L2HIT_PREF_REQ_DCACHE_HIT                            0         -nan%                0         -nan%
L2HIT_PREF_REQ_DCACHE_MISS                           0         -nan%                0         -nan%
                                                     0         -nan%                0         -nan%
                                                  -nan         -nan              -nan         -nan

L2HIT_L2SEND_Q_FULL                                  0         -nan%                0         -nan%
L2HIT_L2SEND_Q_ENTER                                 0         -nan%                0         -nan%
                                                     0         -nan%                0         -nan%
                                                  -nan         -nan              -nan         -nan

L2HIT_MEM_REQ                                        0                              0              

REMOVE_REDUNDANT_STREAM_STAT                         0                              0              

REPLACE_OLD_STREAM                                6131                          21557              

REQ_SEND_QUEUE_STALL                                 0                              0              

STREAM_ENTER_RA                                      0                              0              

CORE_STREAM_LENGTH_0                                93       17.351%              246       24.047%
CORE_STREAM_LENGTH_10                              231       43.097%              424       41.447%
CORE_STREAM_LENGTH_20                              104       19.403%              186       18.182%
CORE_STREAM_LENGTH_30                               53        9.888%               78        7.625%
CORE_STREAM_LENGTH_40                               15        2.799%               17        1.662%
CORE_STREAM_LENGTH_50                                7        1.306%                9        0.880%
CORE_STREAM_LENGTH_60                                2        0.373%                2        0.196%
CORE_STREAM_LENGTH_70                                2        0.373%                8        0.782%
CORE_STREAM_LENGTH_80                                7        1.306%                9        0.880%
CORE_STREAM_LENGTH_90                                1        0.187%                5        0.489%
CORE_STREAM_LENGTH_100_P                            21        3.918%               39        3.812%
                                                   536      100.000%             1023      100.000%
                                                  1.85         2.05              1.68         2.04

CORE_CUM_STREAM_LENGTH_0                           722        1.410%             1835        1.854%
CORE_CUM_STREAM_LENGTH_10                         3261        6.369%             6155        6.218%
CORE_CUM_STREAM_LENGTH_20                         2321        4.533%             4113        4.155%
CORE_CUM_STREAM_LENGTH_30                         1789        3.494%             2611        2.638%
CORE_CUM_STREAM_LENGTH_40                          692        1.352%              776        0.784%
CORE_CUM_STREAM_LENGTH_50                          372        0.727%              480        0.485%
CORE_CUM_STREAM_LENGTH_60                          130        0.254%              130        0.131%
CORE_CUM_STREAM_LENGTH_70                          147        0.287%              609        0.615%
CORE_CUM_STREAM_LENGTH_80                          590        1.152%              759        0.767%
CORE_CUM_STREAM_LENGTH_90                           90        0.176%              458        0.463%
CORE_CUM_STREAM_LENGTH_100_P                     41086       80.246%            81063       81.891%
                                                 51200      100.000%            98989      100.000%
                                                  8.52         8.18              8.62         8.31

CORE_STREAM_TRAIN_HITS_0                           431       80.410%              830       81.134%
CORE_STREAM_TRAIN_HITS_10                           72       13.433%              124       12.121%
CORE_STREAM_TRAIN_HITS_20                            6        1.119%               10        0.978%
CORE_STREAM_TRAIN_HITS_30                            2        0.373%                4        0.391%
CORE_STREAM_TRAIN_HITS_40                            3        0.560%                7        0.684%
CORE_STREAM_TRAIN_HITS_50                            5        0.933%               14        1.369%
CORE_STREAM_TRAIN_HITS_60                            2        0.373%                4        0.391%
CORE_STREAM_TRAIN_HITS_70                            0        0.000%                0        0.000%
CORE_STREAM_TRAIN_HITS_80                            2        0.373%                2        0.196%
CORE_STREAM_TRAIN_HITS_90                            0        0.000%                2        0.196%
CORE_STREAM_TRAIN_HITS_100_P                        13        2.425%               26        2.542%
                                                   536      100.000%             1023      100.000%
                                                  0.53         1.68              0.56         1.75

CORE_CUM_STREAM_TRAIN_HITS_0                      2545        5.842%             4865        5.641%
CORE_CUM_STREAM_TRAIN_HITS_10                      985        2.261%             1704        1.976%
CORE_CUM_STREAM_TRAIN_HITS_20                      150        0.344%              242        0.281%
CORE_CUM_STREAM_TRAIN_HITS_30                       68        0.156%              132        0.153%
CORE_CUM_STREAM_TRAIN_HITS_40                      141        0.324%              326        0.378%
CORE_CUM_STREAM_TRAIN_HITS_50                      267        0.613%              756        0.877%
CORE_CUM_STREAM_TRAIN_HITS_60                      126        0.289%              257        0.298%
CORE_CUM_STREAM_TRAIN_HITS_70                        0        0.000%                0        0.000%
CORE_CUM_STREAM_TRAIN_HITS_80                      167        0.383%              167        0.194%
CORE_CUM_STREAM_TRAIN_HITS_90                        0        0.000%              186        0.216%
CORE_CUM_STREAM_TRAIN_HITS_100_P                 39118       89.788%            77615       89.988%
                                                 43567      100.000%            86250      100.000%
                                                  9.10         8.78              9.14         8.81

CORE_STREAM_TRAIN_CREATE                          6131                          21573              



