/* -*- Mode: c -*- */
####################################################################################################
Core 0
####################################################################################################
Cumulative:        Cycles: 12323178              Instructions: 20000000              IPC: 1.62296

Periodic:          Cycles: 5629036               Instructions: 9999998               IPC: 1.77650

ST_OP_INV                                            0        0.000%                0        0.000%
ST_OP_NOP                                       382760        2.689%          1156580        3.953%
ST_OP_CF                                       2403830       16.886%          4881681       16.686%
ST_OP_MOV                                      1510654       10.612%          3064743       10.475%
ST_OP_CMOV                                       50434        0.354%           102699        0.351%
ST_OP_LDA                                       412195        2.895%           832822        2.847%
ST_OP_IMEM                                     4138489       29.071%          8386651       28.666%
ST_OP_IADD                                     2386405       16.763%          4838511       16.538%
ST_OP_IMUL                                       25759        0.181%            51438        0.176%
ST_OP_IDIV                                         427        0.003%              859        0.003%
ST_OP_ICMP                                     1483721       10.422%          3021186       10.326%
ST_OP_LOGIC                                    1041108        7.313%          2114472        7.227%
ST_OP_SHIFT                                     313871        2.205%           630573        2.155%
ST_OP_FMEM                                       73368        0.515%           148279        0.507%
ST_OP_FCVT                                           0        0.000%                0        0.000%
ST_OP_FADD                                           0        0.000%                0        0.000%
ST_OP_FMUL                                           0        0.000%                0        0.000%
ST_OP_FMA                                            0        0.000%                0        0.000%
ST_OP_FDIV                                           0        0.000%                0        0.000%
ST_OP_FCMP                                           0        0.000%                0        0.000%
ST_OP_FCMOV                                          0        0.000%                0        0.000%
ST_OP_GATHER                                         0        0.000%                0        0.000%
ST_OP_SCATTER                                        0        0.000%                0        0.000%
ST_OP_PIPELINED_FAST                              8287        0.058%            17074        0.058%
ST_OP_PIPELINED_MEDIUM                               0        0.000%                0        0.000%
ST_OP_PIPELINED_SLOW                                 0        0.000%                0        0.000%
ST_OP_NOTPIPELINED_MEDIUM                         4496        0.032%             9228        0.032%
ST_OP_NOTPIPELINED_SLOW                              0        0.000%                0        0.000%
ST_OP_NOTPIPELINED_VERY_SLOW                         0        0.000%                0        0.000%
                                              14235804      100.000%         29256796      100.000%
                                                  5.97         3.06              5.91         3.10

ST_NOT_CF                                     11831974       83.114%         24375115       83.314%
ST_CF_BR                                        147969        1.039%           298752        1.021%
ST_CF_CBR                                      1826186       12.828%          3714034       12.695%
ST_CF_CALL                                      184959        1.299%           372912        1.275%
ST_CF_IBR                                        49856        0.350%           100600        0.344%
ST_CF_ICALL                                       9207        0.065%            18944        0.065%
ST_CF_ICO                                            0        0.000%                0        0.000%
ST_CF_RET                                       185653        1.304%           376439        1.287%
ST_CF_SYS                                            0        0.000%                0        0.000%
                                              14235804      100.000%         29256796      100.000%
                                                  0.41         1.02              0.41         1.01

ST_BAR_NONE                                   14235804      100.000%         29256796      100.000%
ST_BAR_FETCH                                         0        0.000%                0        0.000%
ST_BAR_ISSUE                                         0        0.000%                0        0.000%
ST_BAR_BOTH                                          0        0.000%                0        0.000%
                                              14235804      100.000%         29256796      100.000%
                                                  0.00         0.00              0.00         0.00

ST_NOT_MEM                                    10023947       70.414%         20721866       70.828%
ST_MEM_LD                                      2809628       19.736%          5699364       19.480%
ST_MEM_ST                                      1402229        9.850%          2835566        9.692%
ST_MEM_PF                                            0        0.000%                0        0.000%
ST_MEM_WH                                            0        0.000%                0        0.000%
ST_MEM_EVICT                                         0        0.000%                0        0.000%
                                              14235804      100.000%         29256796      100.000%
                                                  0.39         0.57              0.39         0.57

ST_NOT_MEM_OFFPATH                             3212033       67.921%          8301465       68.720%
ST_MEM_LD_OFFPATH                               996366       21.069%          2469015       20.439%
ST_MEM_ST_OFFPATH                               520700       11.011%          1309680       10.842%
ST_MEM_PF_OFFPATH                                    0        0.000%                0        0.000%
ST_MEM_WH_OFFPATH                                    0        0.000%                0        0.000%
ST_MEM_EVIC_OFFPATHT                                 0        0.000%                0        0.000%
                                               4729099      100.000%         12080160      100.000%
                                                  0.43         0.58              0.42         0.58

ST_OP_ONPATH                                  14235804                       29256796              

ST_OP_OFFPATH                                  4729099                       12080160              

ST_FAKE_OP_OFFPATH                               64945        1.373%           536683        4.443%
ST_NOT_FAKE_OP_OFFPATH                         4664154       98.627%         11543477       95.557%
                                               4729099      100.000%         12080160      100.000%
                                                  0.99         0.98              0.96         0.94

ST_FAKE_REASON_NOT_FAKE                        4664154       98.627%         11543477       95.557%
ST_FAKE_REASON_REDIRECT_TO_NOT_INSTRUMENTED         64945        1.373%           536683        4.443%
ST_FAKE_REASON_RETURN_TO_NOT_INSTRUMENTED             0        0.000%                0        0.000%
ST_FAKE_REASON_NONRET_CF_TO_NOT_INSTRUMENTED             0        0.000%                0        0.000%
ST_FAKE_REASON_NOT_TAKEN_TO_NOT_INSTRUMENTED             0        0.000%                0        0.000%
ST_FAKE_REASON_WRONG_PATH_STORE_TO_NEW_REGION             0        0.000%                0        0.000%
                                               4729099      100.000%         12080160      100.000%
                                                  0.01         0.12              0.04         0.20

ST_INST_ONPATH                                11868383                       24459675              

ST_INST_OFFPATH                                3856542                        9891232              

STATIC_PIN_NOP                                       0                              0              

DYNAMIC_PIN_REP_GREATER_256                          0                              0              

INST_MAP_UPDATE_JITTED                          299244       14.671%           592524       14.569%
INST_MAP_UPDATE_NPC_INV                              0        0.000%                0        0.000%
INST_MAP_UPDATE_NPC_NOP                              0        0.000%                0        0.000%
INST_MAP_UPDATE_NPC_CF                               0        0.000%                0        0.000%
INST_MAP_UPDATE_NPC_MOV                              0        0.000%                0        0.000%
INST_MAP_UPDATE_NPC_CMOV                             0        0.000%                0        0.000%
INST_MAP_UPDATE_NPC_LDA                              0        0.000%                0        0.000%
INST_MAP_UPDATE_NPC_IMEM                             0        0.000%                0        0.000%
INST_MAP_UPDATE_NPC_IADD                         12549        0.615%            24927        0.613%
INST_MAP_UPDATE_NPC_IMUL                             0        0.000%                0        0.000%
INST_MAP_UPDATE_NPC_IDIV                             0        0.000%                0        0.000%
INST_MAP_UPDATE_NPC_ICMP                             0        0.000%                0        0.000%
INST_MAP_UPDATE_NPC_LOGIC                            0        0.000%                0        0.000%
INST_MAP_UPDATE_NPC_SHIFT                            0        0.000%                0        0.000%
INST_MAP_UPDATE_NPC_FMEM                             0        0.000%                0        0.000%
INST_MAP_UPDATE_NPC_FCVT                             0        0.000%                0        0.000%
INST_MAP_UPDATE_NPC_FADD                             0        0.000%                0        0.000%
INST_MAP_UPDATE_NPC_FMUL                             0        0.000%                0        0.000%
INST_MAP_UPDATE_NPC_FMA                              0        0.000%                0        0.000%
INST_MAP_UPDATE_NPC_FDIV                             0        0.000%                0        0.000%
INST_MAP_UPDATE_NPC_FCMP                             0        0.000%                0        0.000%
INST_MAP_UPDATE_NPC_FCMOV                            0        0.000%                0        0.000%
INST_MAP_UPDATE_NPC_GATHER                           0        0.000%                0        0.000%
INST_MAP_UPDATE_NPC_SCATTER                          0        0.000%                0        0.000%
INST_MAP_UPDATE_NPC_PIPELINED_FAST                   0        0.000%                0        0.000%
INST_MAP_UPDATE_NPC_PIPELINED_MEDIUM                 0        0.000%                0        0.000%
INST_MAP_UPDATE_NPC_PIPELINED_SLOW                   0        0.000%                0        0.000%
INST_MAP_UPDATE_NPC_NOTPIPELINED_MEDIUM              0        0.000%                0        0.000%
INST_MAP_UPDATE_NPC_NOTPIPELINED_SLOW                0        0.000%                0        0.000%
INST_MAP_UPDATE_NPC_NOTPIPELINED_VERY_SLOW             0        0.000%                0        0.000%
INST_MAP_UPDATE_MEM_INV                              0        0.000%                0        0.000%
INST_MAP_UPDATE_MEM_NOP                              0        0.000%                0        0.000%
INST_MAP_UPDATE_MEM_CF                               0        0.000%                0        0.000%
INST_MAP_UPDATE_MEM_MOV                         999099       48.982%          2001921       49.225%
INST_MAP_UPDATE_MEM_CMOV                           682        0.033%             1330        0.033%
INST_MAP_UPDATE_MEM_LDA                              0        0.000%                0        0.000%
INST_MAP_UPDATE_MEM_IMEM                             0        0.000%                0        0.000%
INST_MAP_UPDATE_MEM_IADD                        592948       29.070%          1180084       29.017%
INST_MAP_UPDATE_MEM_IMUL                          4440        0.218%             8895        0.219%
INST_MAP_UPDATE_MEM_IDIV                             0        0.000%                0        0.000%
INST_MAP_UPDATE_MEM_ICMP                        115213        5.648%           226795        5.577%
INST_MAP_UPDATE_MEM_LOGIC                         7462        0.366%            14683        0.361%
INST_MAP_UPDATE_MEM_SHIFT                           16        0.001%               32        0.001%
INST_MAP_UPDATE_MEM_FMEM                             0        0.000%                0        0.000%
INST_MAP_UPDATE_MEM_FCVT                             0        0.000%                0        0.000%
INST_MAP_UPDATE_MEM_FADD                             0        0.000%                0        0.000%
INST_MAP_UPDATE_MEM_FMUL                             0        0.000%                0        0.000%
INST_MAP_UPDATE_MEM_FMA                              0        0.000%                0        0.000%
INST_MAP_UPDATE_MEM_FDIV                             0        0.000%                0        0.000%
INST_MAP_UPDATE_MEM_FCMP                             0        0.000%                0        0.000%
INST_MAP_UPDATE_MEM_FCMOV                            0        0.000%                0        0.000%
INST_MAP_UPDATE_MEM_GATHER                           0        0.000%                0        0.000%
INST_MAP_UPDATE_MEM_SCATTER                          0        0.000%                0        0.000%
INST_MAP_UPDATE_MEM_PIPELINED_FAST                8058        0.395%            15705        0.386%
INST_MAP_UPDATE_MEM_PIPELINED_MEDIUM                 0        0.000%                0        0.000%
INST_MAP_UPDATE_MEM_PIPELINED_SLOW                   0        0.000%                0        0.000%
INST_MAP_UPDATE_MEM_NOTPIPELINED_MEDIUM              0        0.000%                0        0.000%
INST_MAP_UPDATE_MEM_NOTPIPELINED_SLOW                0        0.000%                0        0.000%
INST_MAP_UPDATE_MEM_NOTPIPELINED_VERY_SLOW             0        0.000%                0        0.000%
                                               2039711      100.000%          4066896      100.000%
                                                 29.68         5.71             29.71         5.68



