/* -*- Mode: c -*- */
####################################################################################################
Core 0
####################################################################################################
Cumulative:        Cycles: 152726382             Instructions: 142585084             IPC: 0.93360

Periodic:          Cycles: 76566728              Instructions: 71379469              IPC: 0.93225

EXECUTION_TIME                           23927102500000                  47726994375000              

NODE_CYCLE                                    76566728                      152726382              

NODE_INST_COUNT                               71379469                      142585084              

NODE_INST_COUNT_FETCHED                       10000000                       20000000              

NODE_UOP_COUNT                               256570524                      512450887              

FULL_WINDOW_STALL                             12590831       16.444%         26799883       17.548%

FULL_WINDOW_MEM_OP                            11251637       99.968%         22083829       99.967%
FULL_WINDOW_FP_OP                                    0        0.000%                0        0.000%
FULL_WINDOW_OTHER_OP                              3557        0.032%             7244        0.033%
                                              11255194      100.000%         22091073      100.000%
                                                  0.00         0.04              0.00         0.04

RET_BLOCKED_DC_MISS                           11284329       14.738%         22206704       14.540%

RET_BLOCKED_L1_MISS                           10661881       13.925%         20994546       13.747%

RET_BLOCKED_L1_MISS_BW_PREF                    8238954       10.760%         16167830       10.586%

RET_BLOCKED_L1_ACCESS                           680727        0.889%          1365042        0.894%

RET_BLOCKED_MEM_STALL                         10669912       13.935%         21012146       13.758%

RET_BLOCKED_OFFCHIP_DEMAND                           0        0.000%                0        0.000%

OP_ISSUED                                    256667566                      513019368              

OP_RETIRED                                   256570524                      512450887              

REPLAY_SIGNALED                                      0                              0              

REPLAY_COUNTED                                       0                              0              

OFF_CRITICAL_PATH                                    0         -nan%                0         -nan%
ON_CRITICAL_PATH                                     0         -nan%                0         -nan%
                                                     0         -nan%                0         -nan%
                                                  -nan         -nan              -nan         -nan

LD_NO_DEPENDENTS                                 25023        1.306%            51955        1.360%
LD_DEPENDENTS                                  1890650       98.694%          3766931       98.640%
                                               1915673      100.000%          3818886      100.000%
                                                  0.99         0.98              0.99         0.98

LD_EXEC_CYCLES_0                                     0        0.000%                0        0.000%
LD_EXEC_CYCLES_1                                     0        0.000%                0        0.000%
LD_EXEC_CYCLES_2                                     0        0.000%                0        0.000%
LD_EXEC_CYCLES_3                                  1718       26.549%             3496       26.606%
LD_EXEC_CYCLES_4                                  4753       73.451%             9644       73.394%
                                                  6471      100.000%            13140      100.000%
                                                  3.73         3.23              3.73         3.23

ICACHE_STAGE_STARVED                            398842        0.617%           850110        0.658%
ICACHE_STAGE_NOT_STARVED                      64257099       99.383%        128334041       99.342%
                                              64655941      100.000%        129184151      100.000%
                                                  0.99         0.99              0.99         0.99

ICACHE_STAGE_STALLED                          11776700       15.381%         22912498       15.002%
ICACHE_STAGE_NOT_STALLED                      64655941       84.444%        129184151       84.585%
ICACHE_STAGE_OFF_PATH                           134087        0.175%           629733        0.412%
                                              76566728      100.000%        152726382      100.000%
                                                  0.85         0.15              0.85         0.16

DECODE_STAGE_STARVED                            590030        0.772%          1461056        0.960%
DECODE_STAGE_NOT_STARVED                      75870380       99.228%        150805151       99.040%
                                              76460410      100.000%        152266207      100.000%
                                                  0.99         0.99              0.99         0.99

DECODE_STAGE_STALLED                          11797149       15.408%         22952212       15.028%
DECODE_STAGE_NOT_STALLED                      64663261       84.453%        129313995       84.670%
DECODE_STAGE_OFF_PATH                           106318        0.139%           460175        0.301%
                                              76566728      100.000%        152726382      100.000%
                                                  0.85         0.15              0.85         0.16

UOPQ_STAGE_STARVED                              591373        0.772%          1467836        0.961%
UOPQ_STAGE_NOT_STARVED                        75975355       99.228%        151258546       99.039%
                                              76566728      100.000%        152726382      100.000%
                                                  0.99         0.99              0.99         0.99

UOPQ_STAGE_STALLED                                   0        0.000%                0        0.000%
UOPQ_STAGE_NOT_STALLED                        76566728      100.000%        152726382      100.000%
UOPQ_STAGE_OFF_PATH                                  0        0.000%                0        0.000%
                                              76566728      100.000%        152726382      100.000%
                                                  1.00         0.00              1.00         0.00

MAP_STAGE_STARVED                               386809        0.506%           834158        0.548%
MAP_STAGE_NOT_STARVED                         76064090       99.494%        151325049       99.452%
                                              76450899      100.000%        152159207      100.000%
                                                  0.99         0.99              0.99         0.99

MAP_STAGE_STALLED                             11829250       15.450%         23020583       15.073%
MAP_STAGE_NOT_STALLED                         64621649       84.399%        129138624       84.556%
MAP_STAGE_OFF_PATH                              115829        0.151%           567175        0.371%
                                              76566728      100.000%        152726382      100.000%
                                                  0.85         0.15              0.85         0.16

EXEC_STAGE_STARVED                            63413833       82.822%        126642162       82.921%
EXEC_STAGE_NOT_STARVED                        13068044       17.068%         25637785       16.787%
EXEC_STAGE_OFF_PATH                              84851        0.111%           446435        0.292%
                                              76566728      100.000%        152726382      100.000%
                                                  0.17         0.35              0.17         0.35

FU_BUSY_0                                     66858475                      133611555              

FU_BUSY_1                                     63435058                      126694582              

FU_BUSY_2                                       630979                        1268273              

FU_BUSY_3                                       216264                         438872              

FU_BUSY_4                                     62646329                      125162708              

FU_BUSY_5                                     61445072                      122721427              

FU_BUSY_6                                     64289963                      128472894              

FU_BUSY_7                                     63461905                      126770870              

FU_BUSY_8                                     63214841                      126261377              

FU_BUSY_9                                     63121611                      126066300              

FU_BUSY_10                                           0                              0              

FU_BUSY_11                                           0                              0              

FU_BUSY_12                                           0                              0              

FU_BUSY_13                                           0                              0              

FU_BUSY_14                                           0                              0              

FU_BUSY_15                                           0                              0              

FU_BUSY_16                                           0                              0              

FU_BUSY_17                                           0                              0              

FU_BUSY_18                                           0                              0              

FU_BUSY_19                                           0                              0              

FU_BUSY_20                                           0                              0              

FU_BUSY_21                                           0                              0              

FU_BUSY_22                                           0                              0              

FU_BUSY_23                                           0                              0              

FU_BUSY_24                                           0                              0              

FU_BUSY_25                                           0                              0              

FU_BUSY_26                                           0                              0              

FU_BUSY_27                                           0                              0              

FU_BUSY_28                                           0                              0              

FU_BUSY_29                                           0                              0              

FU_BUSY_30                                           0                              0              

FU_BUSY_31                                           0                              0              

OP_WAIT_0                                    128436789                      256495785              

OP_WAIT_1                                      3136617                        6351282              

OP_WAIT_2                                     62006022                      123773683              

OP_WAIT_3                                       147554                         327239              

OP_WAIT_4                                       134855                         268808              

OP_WAIT_5                                        83187                         166627              

OP_WAIT_6                                        73762                         146082              

OP_WAIT_7                                        46082                          91906              

OP_WAIT_8                                       300904                         595755              

OP_WAIT_9                                        36169                          71206              

OP_WAIT_10                                       34897                          69842              

OP_WAIT_11                                       29122                          57984              

OP_WAIT_12                                       35236                          71493              

OP_WAIT_13                                       28894                          56894              

OP_WAIT_14                                       36707                          86536              

OP_WAIT_15                                       28752                          57235              

OP_WAIT_16                                       39799                          83853              

OP_WAIT_17                                       25228                          50144              

OP_WAIT_18                                       39832                          79180              

OP_WAIT_19                                       24440                          47492              

OP_WAIT_20                                       46240                          89026              

OP_WAIT_21                                       28450                          53092              

OP_WAIT_22                                       50449                          94311              

OP_WAIT_23                                       36905                          66557              

OP_WAIT_24                                       78648                         152865              

OP_WAIT_25                                       51243                          95960              

OP_WAIT_26                                       85331                         166759              

OP_WAIT_27                                       81327                         159881              

OP_WAIT_28                                      132185                         254436              

OP_WAIT_29                                      142546                         277844              

OP_WAIT_30                                      195386                         377211              

OP_WAIT_31                                    60916966                      121713919              

ROW_SIZE_0                                    17554027                       34618218              

ROW_SIZE_1                                      806154                        1629522              

ROW_SIZE_2                                      103862                         207303              

ROW_SIZE_3                                      294758                         604489              

ROW_SIZE_4                                    45837685                       92020071              

ROW_SIZE_5                                       22448                          47396              

ROW_SIZE_6                                    11868232                       23379338              

ROW_SIZE_7                                           0                              0              

ROW_SIZE_8                                           0                              0              

ROW_SIZE_9                                           0                              0              

ROW_SIZE_10                                          0                              0              

ROW_SIZE_11                                          0                              0              

ROW_SIZE_12                                          0                              0              

ROW_SIZE_13                                          0                              0              

ROW_SIZE_14                                          0                              0              

ROW_SIZE_15                                          0                              0              

ROW_SIZE_16                                          0                              0              

ROW_SIZE_17                                          0                              0              

ROW_SIZE_18                                          0                              0              

ROW_SIZE_19                                          0                              0              

ROW_SIZE_20                                          0                              0              

ROW_SIZE_21                                          0                              0              

ROW_SIZE_22                                          0                              0              

ROW_SIZE_23                                          0                              0              

ROW_SIZE_24                                          0                              0              

ROW_SIZE_25                                          0                              0              

ROW_SIZE_26                                          0                              0              

ROW_SIZE_27                                          0                              0              

ROW_SIZE_28                                          0                              0              

ROW_SIZE_29                                          0                              0              

ROW_SIZE_30                                          0                              0              

ROW_SIZE_31                                          0                              0              

RET_OP_EXEC_COUNT_0                                  0        0.000%                0        0.000%
RET_OP_EXEC_COUNT_1                          256570524      100.000%        512450887      100.000%
RET_OP_EXEC_COUNT_2                                  0        0.000%                0        0.000%
RET_OP_EXEC_COUNT_3                                  0        0.000%                0        0.000%
RET_OP_EXEC_COUNT_4                                  0        0.000%                0        0.000%
RET_OP_EXEC_COUNT_5                                  0        0.000%                0        0.000%
RET_OP_EXEC_COUNT_6                                  0        0.000%                0        0.000%
RET_OP_EXEC_COUNT_7                                  0        0.000%                0        0.000%
RET_OP_EXEC_COUNT_8                                  0        0.000%                0        0.000%
RET_OP_EXEC_COUNT_9                                  0        0.000%                0        0.000%
RET_OP_EXEC_COUNT_10                                 0        0.000%                0        0.000%
RET_OP_EXEC_COUNT_11                                 0        0.000%                0        0.000%
RET_OP_EXEC_COUNT_12                                 0        0.000%                0        0.000%
RET_OP_EXEC_COUNT_13                                 0        0.000%                0        0.000%
RET_OP_EXEC_COUNT_14                                 0        0.000%                0        0.000%
RET_OP_EXEC_COUNT_15                                 0        0.000%                0        0.000%
RET_OP_EXEC_COUNT_16                                 0        0.000%                0        0.000%
RET_OP_EXEC_COUNT_17                                 0        0.000%                0        0.000%
RET_OP_EXEC_COUNT_18                                 0        0.000%                0        0.000%
RET_OP_EXEC_COUNT_19                                 0        0.000%                0        0.000%
RET_OP_EXEC_COUNT_20                                 0        0.000%                0        0.000%
RET_OP_EXEC_COUNT_21                                 0        0.000%                0        0.000%
RET_OP_EXEC_COUNT_22                                 0        0.000%                0        0.000%
RET_OP_EXEC_COUNT_23                                 0        0.000%                0        0.000%
RET_OP_EXEC_COUNT_24                                 0        0.000%                0        0.000%
RET_OP_EXEC_COUNT_25                                 0        0.000%                0        0.000%
RET_OP_EXEC_COUNT_26                                 0        0.000%                0        0.000%
RET_OP_EXEC_COUNT_27                                 0        0.000%                0        0.000%
RET_OP_EXEC_COUNT_28                                 0        0.000%                0        0.000%
RET_OP_EXEC_COUNT_29                                 0        0.000%                0        0.000%
RET_OP_EXEC_COUNT_30                                 0        0.000%                0        0.000%
RET_OP_EXEC_COUNT_31                                 0        0.000%                0        0.000%
RET_OP_EXEC_COUNT_32                                 0        0.000%                0        0.000%
                                             256570524      100.000%        512450887      100.000%
                                                  1.00         0.00              1.00         0.00

RET_STALL_LENGTH_0                           256551301       99.993%        512412733       99.993%
RET_STALL_LENGTH_100                              3175        0.001%             6695        0.001%
RET_STALL_LENGTH_200                              1698        0.001%             3470        0.001%
RET_STALL_LENGTH_300                              4445        0.002%             8692        0.002%
RET_STALL_LENGTH_400                              4547        0.002%             8851        0.002%
RET_STALL_LENGTH_500                              2387        0.001%             4748        0.001%
RET_STALL_LENGTH_600                              1247        0.000%             2388        0.000%
RET_STALL_LENGTH_700                               581        0.000%             1090        0.000%
RET_STALL_LENGTH_800                               210        0.000%              414        0.000%
RET_STALL_LENGTH_900                                93        0.000%              188        0.000%
RET_STALL_LENGTH_1000                               67        0.000%              118        0.000%
RET_STALL_LENGTH_1100                               53        0.000%              111        0.000%
RET_STALL_LENGTH_1200                              171        0.000%              347        0.000%
RET_STALL_LENGTH_1300                               62        0.000%              107        0.000%
RET_STALL_LENGTH_1400                               60        0.000%              108        0.000%
RET_STALL_LENGTH_1500                               80        0.000%              132        0.000%
RET_STALL_LENGTH_1600                              132        0.000%              255        0.000%
RET_STALL_LENGTH_1700                              100        0.000%              194        0.000%
RET_STALL_LENGTH_1800                               45        0.000%               88        0.000%
RET_STALL_LENGTH_1900                               24        0.000%               47        0.000%
RET_STALL_LENGTH_2000                               17        0.000%               36        0.000%
RET_STALL_LENGTH_2100                                6        0.000%               16        0.000%
RET_STALL_LENGTH_2200                                4        0.000%               11        0.000%
RET_STALL_LENGTH_2300                                5        0.000%               12        0.000%
RET_STALL_LENGTH_2400                                3        0.000%                6        0.000%
RET_STALL_LENGTH_2500                                1        0.000%                6        0.000%
RET_STALL_LENGTH_2600                                2        0.000%                4        0.000%
RET_STALL_LENGTH_2700                                3        0.000%                7        0.000%
RET_STALL_LENGTH_2800                                1        0.000%                3        0.000%
RET_STALL_LENGTH_2900                                0        0.000%                1        0.000%
RET_STALL_LENGTH_3000                                3        0.000%                4        0.000%
RET_STALL_LENGTH_3100                                0        0.000%                0        0.000%
RET_STALL_LENGTH_3200                                0        0.000%                0        0.000%
RET_STALL_LENGTH_3300                                0        0.000%                0        0.000%
RET_STALL_LENGTH_3400                                0        0.000%                0        0.000%
RET_STALL_LENGTH_3500                                0        0.000%                3        0.000%
RET_STALL_LENGTH_3600                                1        0.000%                1        0.000%
RET_STALL_LENGTH_3700                                0        0.000%                0        0.000%
RET_STALL_LENGTH_3800                                0        0.000%                0        0.000%
RET_STALL_LENGTH_3900                                0        0.000%                0        0.000%
RET_STALL_LENGTH_4000                                0        0.000%                0        0.000%
RET_STALL_LENGTH_4100                                0        0.000%                1        0.000%
RET_STALL_LENGTH_4200                                0        0.000%                0        0.000%
RET_STALL_LENGTH_4300                                0        0.000%                0        0.000%
RET_STALL_LENGTH_4400                                0        0.000%                0        0.000%
RET_STALL_LENGTH_4500                                0        0.000%                0        0.000%
RET_STALL_LENGTH_4600                                0        0.000%                0        0.000%
RET_STALL_LENGTH_4700                                0        0.000%                0        0.000%
RET_STALL_LENGTH_4800                                0        0.000%                0        0.000%
RET_STALL_LENGTH_4900                                0        0.000%                0        0.000%
RET_STALL_LENGTH_5000                                0        0.000%                0        0.000%
                                             256570524      100.000%        512450887      100.000%
                                                  0.00         0.04              0.00         0.04

MEM_BLOCK_LENGTH_0                               12946       95.747%            25310       95.661%
MEM_BLOCK_LENGTH_100                               340        2.515%              675        2.551%
MEM_BLOCK_LENGTH_200                                25        0.185%               56        0.212%
MEM_BLOCK_LENGTH_300                                68        0.503%              132        0.499%
MEM_BLOCK_LENGTH_400                                77        0.569%              148        0.559%
MEM_BLOCK_LENGTH_500                                36        0.266%               70        0.265%
MEM_BLOCK_LENGTH_600                                11        0.081%               31        0.117%
MEM_BLOCK_LENGTH_700                                 7        0.052%               12        0.045%
MEM_BLOCK_LENGTH_800                                 1        0.007%                4        0.015%
MEM_BLOCK_LENGTH_900                                 0        0.000%                0        0.000%
MEM_BLOCK_LENGTH_1000                                0        0.000%                2        0.008%
MEM_BLOCK_LENGTH_1100                                2        0.015%                2        0.008%
MEM_BLOCK_LENGTH_1200                                2        0.015%                3        0.011%
MEM_BLOCK_LENGTH_1300                                0        0.000%                2        0.008%
MEM_BLOCK_LENGTH_1400                                3        0.022%                3        0.011%
MEM_BLOCK_LENGTH_1500                                0        0.000%                1        0.004%
MEM_BLOCK_LENGTH_1600                                2        0.015%                4        0.015%
MEM_BLOCK_LENGTH_1700                                1        0.007%                2        0.008%
MEM_BLOCK_LENGTH_1800                                0        0.000%                1        0.004%
MEM_BLOCK_LENGTH_1900                                0        0.000%                0        0.000%
MEM_BLOCK_LENGTH_2000                                0        0.000%                0        0.000%
MEM_BLOCK_LENGTH_2100                                0        0.000%                0        0.000%
MEM_BLOCK_LENGTH_2200                                0        0.000%                0        0.000%
MEM_BLOCK_LENGTH_2300                                0        0.000%                0        0.000%
MEM_BLOCK_LENGTH_2400                                0        0.000%                0        0.000%
MEM_BLOCK_LENGTH_2500                                0        0.000%                0        0.000%
MEM_BLOCK_LENGTH_2600                                0        0.000%                0        0.000%
MEM_BLOCK_LENGTH_2700                                0        0.000%                0        0.000%
MEM_BLOCK_LENGTH_2800                                0        0.000%                0        0.000%
MEM_BLOCK_LENGTH_2900                                0        0.000%                0        0.000%
MEM_BLOCK_LENGTH_3000                                0        0.000%                0        0.000%
MEM_BLOCK_LENGTH_3100                                0        0.000%                0        0.000%
MEM_BLOCK_LENGTH_3200                                0        0.000%                0        0.000%
MEM_BLOCK_LENGTH_3300                                0        0.000%                0        0.000%
MEM_BLOCK_LENGTH_3400                                0        0.000%                0        0.000%
MEM_BLOCK_LENGTH_3500                                0        0.000%                0        0.000%
MEM_BLOCK_LENGTH_3600                                0        0.000%                0        0.000%
MEM_BLOCK_LENGTH_3700                                0        0.000%                0        0.000%
MEM_BLOCK_LENGTH_3800                                0        0.000%                0        0.000%
MEM_BLOCK_LENGTH_3900                                0        0.000%                0        0.000%
MEM_BLOCK_LENGTH_4000                                0        0.000%                0        0.000%
MEM_BLOCK_LENGTH_4100                                0        0.000%                0        0.000%
MEM_BLOCK_LENGTH_4200                                0        0.000%                0        0.000%
MEM_BLOCK_LENGTH_4300                                0        0.000%                0        0.000%
MEM_BLOCK_LENGTH_4400                                0        0.000%                0        0.000%
MEM_BLOCK_LENGTH_4500                                0        0.000%                0        0.000%
MEM_BLOCK_LENGTH_4600                                0        0.000%                0        0.000%
MEM_BLOCK_LENGTH_4700                                0        0.000%                0        0.000%
MEM_BLOCK_LENGTH_4800                                0        0.000%                0        0.000%
MEM_BLOCK_LENGTH_4900                                0        0.000%                0        0.000%
MEM_BLOCK_LENGTH_5000                                0        0.000%                0        0.000%
                                                 13521      100.000%            26458      100.000%
                                                  0.10         0.65              0.10         0.66

FUS_BUSY_ON_PATH                             509261684        6.6512       1017095002        6.6596

FUS_BUSY_OFF_PATH                                58813        0.0008           373856        0.0024

FU_BUSY_MEM_STALL                            252687156        3.3002        504655508        3.3043

FUS_EMPTY                                    256346783        3.3480        509794962        3.3380

CHIP_UTILIZATION                                     0        0.0000                0        0.0000

CYCLES_UNDER_MEM_REQ                                 0                              0              

CYCLES_UNDER_NO_MEM_REQ                              0                              0              

CYCLES_UNDER_CRITICAL_MEM_REQ                        0                              0              

CYCLES_UNDER_NONCRITICAL_MEM_REQ                     0                              0              

CHIP_UTILIZATION_UNDER_MEM_REQ                       0          -nan                0          -nan

CHIP_UTILIZATION_UNDER_NO_MEM_REQ                    0          -nan                0          -nan

CHIP_UTILIZATION_UNDER_CRITICAL_MEM_REQ              0          -nan                0          -nan

CHIP_UTILIZATION_UNDER_NONCRITICAL_MEM_REQ             0          -nan                0          -nan

CYCLES_NOT_WAITING_FOR_OFF_CHIP                      0        0.0000                0        0.0000

FUS_BUSY_NOT_WAITING_FOR_OFF_CHIP                    0          -nan                0          -nan

CYCLES_WAITING_FOR_OFF_CHIP                          0        0.0000                0        0.0000

FUS_BUSY_WAITING_FOR_OFF_CHIP                        0          -nan                0          -nan

TOTAL_OFF_CHIP_DELAYS_LEFT                           0                              0              

WRONG_IO_SCHED                                       0                              0              

DVFS_CONFIG_SWITCH                                   0                              0              

UOP_CACHE_ICACHE_SWITCH_ONPATH                       0         -nan%                0         -nan%
UOP_CACHE_ICACHE_SWITCH_OFFPATH                      0         -nan%                0         -nan%
                                                     0         -nan%                0         -nan%
                                                  -nan         -nan              -nan         -nan

MAP_STAGE_RECEIVED_OPS_0                             0        0.000%                0        0.000%
MAP_STAGE_RECEIVED_OPS_1                        390077        0.607%           784758        0.611%
MAP_STAGE_RECEIVED_OPS_2                        406528        0.633%           803534        0.626%
MAP_STAGE_RECEIVED_OPS_3                        411238        0.640%           813150        0.634%
MAP_STAGE_RECEIVED_OPS_4                      62065117       96.588%        123964592       96.593%
MAP_STAGE_RECEIVED_OPS_5                         36492        0.057%            74330        0.058%
MAP_STAGE_RECEIVED_OPS_6                        948289        1.476%          1896878        1.478%
MAP_STAGE_RECEIVED_OPS_7                             0        0.000%                0        0.000%
MAP_STAGE_RECEIVED_OPS_8                             0        0.000%                0        0.000%
MAP_STAGE_RECEIVED_OPS_MAX                           0        0.000%                0        0.000%
                                              64257741      100.000%        128337242      100.000%
                                                  3.99         0.38              3.99         0.38

MAP_STAGE_WAIT_FOR_DECODE                            0         -nan%                0         -nan%
MAP_STAGE_CONSUME_DECODE                             0         -nan%                0         -nan%
                                                     0         -nan%                0         -nan%
                                                  -nan         -nan              -nan         -nan

MAP_STAGE_WAIT_FOR_DECODE2                           0         -nan%                0         -nan%
MAP_STAGE_CONSUME_DECODE2                            0         -nan%                0         -nan%
                                                     0         -nan%                0         -nan%
                                                  -nan         -nan              -nan         -nan

FTQ_RECOVER_EXEC                                   864                           5480              

FTQ_RECOVER_DECODE                                   0                            477              

FTQ_OFFPATH_CYCLES                              245296                        1037529              

FTQ_CYCLES_OFFPATH                              251549                        1057573              

FTQ_CYCLES_ONPATH                             76315179                      151668809              

FTQ_FETCHED_INS_OFFPATH                         284095                        1687327              

FTQ_FETCHED_INS_ONPATH                       256569045                      512444930              

FTQ_BREAK_FULL_BLOCK_OFFPATH                    244713        0.320%           980566        0.642%
FTQ_BREAK_FULL_BLOCK_ONPATH                   76289111       99.638%        151589131       99.255%
FTQ_BREAK_MAX_BLOCKS_OFFPATH                      7700        0.010%            82964        0.054%
FTQ_BREAK_MAX_BLOCKS_ONPATH                      25063        0.033%            73580        0.048%
FTQ_BREAK_PRED_BR_OFFPATH                            0        0.000%                0        0.000%
FTQ_BREAK_PRED_BR_ONPATH                             0        0.000%                0        0.000%
FTQ_BREAK_BAR_FETCH_OFFPATH                          0        0.000%                0        0.000%
FTQ_BREAK_BAR_FETCH_ONPATH                           0        0.000%                0        0.000%
                                              76566587      100.000%        152726241      100.000%
                                                  1.00         0.04              1.00         0.05



