/* -*- Mode: c -*- */
####################################################################################################
Core 0
####################################################################################################
Cumulative:        Cycles: 20762187              Instructions: 20000000              IPC: 0.96329

Periodic:          Cycles: 12775677              Instructions: 9999998               IPC: 0.78274

ST_OP_INV                                            0        0.000%                0        0.000%
ST_OP_NOP                                       285122        2.143%           574536        2.073%
ST_OP_CF                                       2548215       19.153%          5246445       18.934%
ST_OP_MOV                                      1519406       11.420%          2783232       10.044%
ST_OP_CMOV                                        8547        0.064%            26564        0.096%
ST_OP_LDA                                       317201        2.384%           600816        2.168%
ST_OP_IMEM                                     3842592       28.881%          8612111       31.080%
ST_OP_IADD                                     1829977       13.754%          4128578       14.900%
ST_OP_IMUL                                           0        0.000%               61        0.000%
ST_OP_IDIV                                           0        0.000%                0        0.000%
ST_OP_ICMP                                      736194        5.533%          1859793        6.712%
ST_OP_LOGIC                                    1628023       12.236%          3035834       10.956%
ST_OP_SHIFT                                     567687        4.267%           790981        2.855%
ST_OP_FMEM                                       15659        0.118%            32676        0.118%
ST_OP_FCVT                                           0        0.000%                4        0.000%
ST_OP_FADD                                           0        0.000%                2        0.000%
ST_OP_FMUL                                           0        0.000%                2        0.000%
ST_OP_FMA                                            0        0.000%                0        0.000%
ST_OP_FDIV                                           0        0.000%                2        0.000%
ST_OP_FCMP                                           0        0.000%                0        0.000%
ST_OP_FCMOV                                          0        0.000%                0        0.000%
ST_OP_GATHER                                         0        0.000%                0        0.000%
ST_OP_SCATTER                                        0        0.000%                0        0.000%
ST_OP_PIPELINED_FAST                                 0        0.000%                0        0.000%
ST_OP_PIPELINED_MEDIUM                               0        0.000%                0        0.000%
ST_OP_PIPELINED_SLOW                                 0        0.000%                0        0.000%
ST_OP_NOTPIPELINED_MEDIUM                         6238        0.047%            17564        0.063%
ST_OP_NOTPIPELINED_SLOW                              0        0.000%                0        0.000%
ST_OP_NOTPIPELINED_VERY_SLOW                         0        0.000%                0        0.000%
                                              13304861      100.000%         27709201      100.000%
                                                  6.00         3.24              5.97         3.13

ST_NOT_CF                                     10756646       80.847%         22462756       81.066%
ST_CF_BR                                        204351        1.536%           404319        1.459%
ST_CF_CBR                                      1823507       13.706%          3801467       13.719%
ST_CF_CALL                                      256628        1.929%           478385        1.726%
ST_CF_IBR                                           14        0.000%            48771        0.176%
ST_CF_ICALL                                       5973        0.045%            20660        0.075%
ST_CF_ICO                                            0        0.000%                0        0.000%
ST_CF_RET                                       257742        1.937%           492843        1.779%
ST_CF_SYS                                            0        0.000%                0        0.000%
                                              13304861      100.000%         27709201      100.000%
                                                  0.49         1.13              0.48         1.11

ST_BAR_NONE                                   13304861      100.000%         27709201      100.000%
ST_BAR_FETCH                                         0        0.000%                0        0.000%
ST_BAR_ISSUE                                         0        0.000%                0        0.000%
ST_BAR_BOTH                                          0        0.000%                0        0.000%
                                              13304861      100.000%         27709201      100.000%
                                                  0.00         0.00              0.00         0.00

ST_NOT_MEM                                     9446610       71.001%         19064414       68.802%
ST_MEM_LD                                      2901681       21.809%          6403705       23.110%
ST_MEM_ST                                       956570        7.190%          2241082        8.088%
ST_MEM_PF                                            0        0.000%                0        0.000%
ST_MEM_WH                                            0        0.000%                0        0.000%
ST_MEM_EVICT                                         0        0.000%                0        0.000%
                                              13304861      100.000%         27709201      100.000%
                                                  0.36         0.53              0.39         0.54

ST_NOT_MEM_OFFPATH                             4242372       67.293%          9265210       66.790%
ST_MEM_LD_OFFPATH                              1611433       25.561%          3550704       25.596%
ST_MEM_ST_OFFPATH                               450518        7.146%          1056275        7.614%
ST_MEM_PF_OFFPATH                                    0        0.000%                0        0.000%
ST_MEM_WH_OFFPATH                                    0        0.000%                0        0.000%
ST_MEM_EVIC_OFFPATHT                                 0        0.000%                0        0.000%
                                               6304323      100.000%         13872189      100.000%
                                                  0.40         0.53              0.41         0.53

ST_OP_ONPATH                                  13304861                       27709201              

ST_OP_OFFPATH                                  6304323                       13872189              

ST_FAKE_OP_OFFPATH                                9366        0.149%           110719        0.798%
ST_NOT_FAKE_OP_OFFPATH                         6294957       99.851%         13761470       99.202%
                                               6304323      100.000%         13872189      100.000%
                                                  1.00         1.00              0.99         0.99

ST_FAKE_REASON_NOT_FAKE                        6294957       99.851%         13761470       99.202%
ST_FAKE_REASON_REDIRECT_TO_NOT_INSTRUMENTED          9366        0.149%           110719        0.798%
ST_FAKE_REASON_RETURN_TO_NOT_INSTRUMENTED             0        0.000%                0        0.000%
ST_FAKE_REASON_NONRET_CF_TO_NOT_INSTRUMENTED             0        0.000%                0        0.000%
ST_FAKE_REASON_NOT_TAKEN_TO_NOT_INSTRUMENTED             0        0.000%                0        0.000%
ST_FAKE_REASON_WRONG_PATH_STORE_TO_NEW_REGION             0        0.000%                0        0.000%
                                               6304323      100.000%         13872189      100.000%
                                                  0.00         0.04              0.01         0.09

ST_INST_ONPATH                                11076756                       22609371              

ST_INST_OFFPATH                                5312147                       11611553              

STATIC_PIN_NOP                                       0                              0              

DYNAMIC_PIN_REP_GREATER_256                          0                              0              

INST_MAP_UPDATE_JITTED                          287488       19.723%           834749       21.061%
INST_MAP_UPDATE_NPC_INV                              0        0.000%                0        0.000%
INST_MAP_UPDATE_NPC_NOP                              0        0.000%                0        0.000%
INST_MAP_UPDATE_NPC_CF                               0        0.000%                0        0.000%
INST_MAP_UPDATE_NPC_MOV                              0        0.000%                0        0.000%
INST_MAP_UPDATE_NPC_CMOV                             0        0.000%                0        0.000%
INST_MAP_UPDATE_NPC_LDA                              0        0.000%                0        0.000%
INST_MAP_UPDATE_NPC_IMEM                             0        0.000%                0        0.000%
INST_MAP_UPDATE_NPC_IADD                          5926        0.407%            21926        0.553%
INST_MAP_UPDATE_NPC_IMUL                             0        0.000%                0        0.000%
INST_MAP_UPDATE_NPC_IDIV                             0        0.000%                0        0.000%
INST_MAP_UPDATE_NPC_ICMP                             0        0.000%                0        0.000%
INST_MAP_UPDATE_NPC_LOGIC                            0        0.000%                0        0.000%
INST_MAP_UPDATE_NPC_SHIFT                            0        0.000%                0        0.000%
INST_MAP_UPDATE_NPC_FMEM                             0        0.000%                0        0.000%
INST_MAP_UPDATE_NPC_FCVT                             0        0.000%                0        0.000%
INST_MAP_UPDATE_NPC_FADD                             0        0.000%                0        0.000%
INST_MAP_UPDATE_NPC_FMUL                             0        0.000%                0        0.000%
INST_MAP_UPDATE_NPC_FMA                              0        0.000%                0        0.000%
INST_MAP_UPDATE_NPC_FDIV                             0        0.000%                0        0.000%
INST_MAP_UPDATE_NPC_FCMP                             0        0.000%                0        0.000%
INST_MAP_UPDATE_NPC_FCMOV                            0        0.000%                0        0.000%
INST_MAP_UPDATE_NPC_GATHER                           0        0.000%                0        0.000%
INST_MAP_UPDATE_NPC_SCATTER                          0        0.000%                0        0.000%
INST_MAP_UPDATE_NPC_PIPELINED_FAST                   0        0.000%                0        0.000%
INST_MAP_UPDATE_NPC_PIPELINED_MEDIUM                 0        0.000%                0        0.000%
INST_MAP_UPDATE_NPC_PIPELINED_SLOW                   0        0.000%                0        0.000%
INST_MAP_UPDATE_NPC_NOTPIPELINED_MEDIUM              0        0.000%                0        0.000%
INST_MAP_UPDATE_NPC_NOTPIPELINED_SLOW                0        0.000%                0        0.000%
INST_MAP_UPDATE_NPC_NOTPIPELINED_VERY_SLOW             0        0.000%                0        0.000%
INST_MAP_UPDATE_MEM_INV                              0        0.000%                0        0.000%
INST_MAP_UPDATE_MEM_NOP                              0        0.000%                0        0.000%
INST_MAP_UPDATE_MEM_CF                               0        0.000%                0        0.000%
INST_MAP_UPDATE_MEM_MOV                         952872       65.371%          2221342       56.045%
INST_MAP_UPDATE_MEM_CMOV                             0        0.000%                0        0.000%
INST_MAP_UPDATE_MEM_LDA                              0        0.000%                0        0.000%
INST_MAP_UPDATE_MEM_IMEM                             0        0.000%                0        0.000%
INST_MAP_UPDATE_MEM_IADD                         46543        3.193%           506739       12.785%
INST_MAP_UPDATE_MEM_IMUL                             0        0.000%                0        0.000%
INST_MAP_UPDATE_MEM_IDIV                             0        0.000%                0        0.000%
INST_MAP_UPDATE_MEM_ICMP                         84431        5.792%           240064        6.057%
INST_MAP_UPDATE_MEM_LOGIC                        75706        5.194%           123791        3.123%
INST_MAP_UPDATE_MEM_SHIFT                            0        0.000%                0        0.000%
INST_MAP_UPDATE_MEM_FMEM                             0        0.000%                0        0.000%
INST_MAP_UPDATE_MEM_FCVT                             0        0.000%                0        0.000%
INST_MAP_UPDATE_MEM_FADD                             0        0.000%                0        0.000%
INST_MAP_UPDATE_MEM_FMUL                             0        0.000%                0        0.000%
INST_MAP_UPDATE_MEM_FMA                              0        0.000%                0        0.000%
INST_MAP_UPDATE_MEM_FDIV                             0        0.000%                0        0.000%
INST_MAP_UPDATE_MEM_FCMP                             0        0.000%                0        0.000%
INST_MAP_UPDATE_MEM_FCMOV                            0        0.000%                0        0.000%
INST_MAP_UPDATE_MEM_GATHER                           0        0.000%                0        0.000%
INST_MAP_UPDATE_MEM_SCATTER                          0        0.000%                0        0.000%
INST_MAP_UPDATE_MEM_PIPELINED_FAST                4671        0.320%            14912        0.376%
INST_MAP_UPDATE_MEM_PIPELINED_MEDIUM                 0        0.000%                0        0.000%
INST_MAP_UPDATE_MEM_PIPELINED_SLOW                   0        0.000%                0        0.000%
INST_MAP_UPDATE_MEM_NOTPIPELINED_MEDIUM              0        0.000%                0        0.000%
INST_MAP_UPDATE_MEM_NOTPIPELINED_SLOW                0        0.000%                0        0.000%
INST_MAP_UPDATE_MEM_NOTPIPELINED_VERY_SLOW             0        0.000%                0        0.000%
                                               1457637      100.000%          3963523      100.000%
                                                 27.40         6.77             27.17         7.20



