/* -*- Mode: c -*- */
####################################################################################################
Core 0
####################################################################################################
Cumulative:        Cycles: 62432921              Instructions: 24519462              IPC: 0.39273

Periodic:          Cycles: 48702982              Instructions: 14519459              IPC: 0.29812

DCACHE_PREF_HIT                                      0                              0              

IFETCH_WB_FIRST_SCHEDULE                             0         -nan%                0         -nan%
PREFETCH_LAST_SCHEDULE                               0         -nan%                0         -nan%
DEMAND_PASS_PREF_SCHEDULE                            0         -nan%                0         -nan%
DEMAND_PASS_LOW_OP_SCHEDULE                          0         -nan%                0         -nan%
DEMAND_LAST_SCHEDULE                                 0         -nan%                0         -nan%
                                                     0         -nan%                0         -nan%
                                                  -nan         -nan              -nan         -nan

SEND_MISS_REQ_QUEUE                             636618                         952491              

L1_DATA_EVICT                                   636662                         919904              

STREAM_BUFFER_REQ                                    0                              0              

PREF_SEND_TO_MEM_REQ                                 0         -nan%                0         -nan%
PREF_SEND_TO_MEM_REQ_FAIL                            0         -nan%                0         -nan%
                                                     0         -nan%                0         -nan%
                                                  -nan         -nan              -nan         -nan

HIT_TRAIN_STREAM                                222800       41.898%           346306       45.856%
MISS_TRAIN_STREAM                               308973       58.102%           408904       54.144%
                                                531773      100.000%           755210      100.000%
                                                  0.58         0.55              0.54         0.52

STREAM_TRAIN_CREATE                             221959                         273815              

MEM_REQ_MISS_HWP_PREF_Q                              0         -nan%                0         -nan%
MEM_REQ_MISS_SW_PREF_Q                               0         -nan%                0         -nan%
MEM_REQ_MISS_IFETCH_Q                                0         -nan%                0         -nan%
MEM_REQ_MISS_DFETCH_Q                                0         -nan%                0         -nan%
MEM_REQ_MISS_DSTORE_Q                                0         -nan%                0         -nan%
MEM_REQ_MISS_DPRF_Q                                  0         -nan%                0         -nan%
MEM_REQ_MISS_WB_Q                                    0         -nan%                0         -nan%
                                                     0         -nan%                0         -nan%
                                                  -nan         -nan              -nan         -nan

PREF_HIT_BY_DEMAND_IFETCH                            0         -nan%                0         -nan%
PREF_HIT_BY_DEMAND_DFETCH                            0         -nan%                0         -nan%
PREF_HIT_BY_DEMAND_DSTORE                            0         -nan%                0         -nan%
PREF_HIT_BY_DEMAND_IPREF                             0         -nan%                0         -nan%
PREF_HIT_BY_DEMAND_DPRF                              0         -nan%                0         -nan%
PREF_HIT_BY_DEMAND_WB                                0         -nan%                0         -nan%
PREF_HIT_BY_PREF                                     0         -nan%                0         -nan%
                                                     0         -nan%                0         -nan%
                                                  -nan         -nan              -nan         -nan

PREF_HIT_DEMAND_IFETCH                               0         -nan%                0         -nan%
PREF_HIT_DEMAND_DFETCH                               0         -nan%                0         -nan%
PREF_HIT_DEMAND_DSTORE                               0         -nan%                0         -nan%
PREF_HIT_DEMAND_IPREF                                0         -nan%                0         -nan%
PREF_HIT_DEMAND_DPRF                                 0         -nan%                0         -nan%
PREF_HIT_DEMAND_WB                                   0         -nan%                0         -nan%
                                                     0         -nan%                0         -nan%
                                                  -nan         -nan              -nan         -nan

PREF_L1_FILL                                         0         -nan%                0         -nan%
DEMAND_L1_FILL                                       0         -nan%                0         -nan%
                                                     0         -nan%                0         -nan%
                                                  -nan         -nan              -nan         -nan

TOUCH_L1_REPLACE                                     0        0.000%                0        0.000%
NO_TOUCH_L1_REPLACE                             636662      100.000%           919904      100.000%
                                                636662      100.000%           919904      100.000%
                                                  1.00         1.00              1.00         1.00

PREF_REQ_QUE_FULL                                    0                              0              

STREAM_REQ_QUEUE_HIT_BY_DEMAND                       0                              0              

L2HIT_STREAM_PREF_REQ_QUE_FULL                       0                              0              

L2HIT_HIT_TRAIN_STREAM                               0         -nan%                0         -nan%
L2HIT_MISS_TRAIN_STREAM                              0         -nan%                0         -nan%
                                                     0         -nan%                0         -nan%
                                                  -nan         -nan              -nan         -nan

L2HIT_STREAM_TRAIN_CREATE                            0                              0              

L2HIT_STREAM_BUFFER_REQ                              0                              0              

L2HIT_STREAM_PREF_DCACHE_HIT                         0         -nan%                0         -nan%
L2HIT_STREAM_PREF_DCACHE_INSERT                      0         -nan%                0         -nan%
L2HIT_STREAM_L2_MISS                                 0         -nan%                0         -nan%
                                                     0         -nan%                0         -nan%
                                                  -nan         -nan              -nan         -nan

L2HIT_STREAM_DCACHE_PORT_FULL                        0                              0              

L2HIT_STREAM_PREF_L1_PORT_FULL                       0                              0              

L2HIT_TRAIN_HIT_DEMAND                               0         -nan%                0         -nan%
L2HIT_TRAIN_MISS_REQ                                 0         -nan%                0         -nan%
                                                     0         -nan%                0         -nan%
                                                  -nan         -nan              -nan         -nan

L2HIT_TRAIN_FILTER_MISS                              0         -nan%                0         -nan%
L2HIT_TRAIN_FILTER_HIT                               0         -nan%                0         -nan%
                                                     0         -nan%                0         -nan%
                                                  -nan         -nan              -nan         -nan

L2HIT_PREF_REQ_DCACHE_HIT                            0         -nan%                0         -nan%
L2HIT_PREF_REQ_DCACHE_MISS                           0         -nan%                0         -nan%
                                                     0         -nan%                0         -nan%
                                                  -nan         -nan              -nan         -nan

L2HIT_L2SEND_Q_FULL                                  0         -nan%                0         -nan%
L2HIT_L2SEND_Q_ENTER                                 0         -nan%                0         -nan%
                                                     0         -nan%                0         -nan%
                                                  -nan         -nan              -nan         -nan

L2HIT_MEM_REQ                                        0                              0              

REMOVE_REDUNDANT_STREAM_STAT                         0                              0              

REPLACE_OLD_STREAM                              221959                         273799              

REQ_SEND_QUEUE_STALL                                 0                              0              

STREAM_ENTER_RA                                      0                              0              

CORE_STREAM_LENGTH_0                               563        7.993%             1227        8.438%
CORE_STREAM_LENGTH_10                             2806       39.835%             5507       37.870%
CORE_STREAM_LENGTH_20                             1541       21.877%             3171       21.806%
CORE_STREAM_LENGTH_30                              294        4.174%              806        5.543%
CORE_STREAM_LENGTH_40                              170        2.413%              500        3.438%
CORE_STREAM_LENGTH_50                              152        2.158%              431        2.964%
CORE_STREAM_LENGTH_60                              284        4.032%              460        3.163%
CORE_STREAM_LENGTH_70                              387        5.494%              418        2.874%
CORE_STREAM_LENGTH_80                               23        0.327%              308        2.118%
CORE_STREAM_LENGTH_90                               50        0.710%              107        0.736%
CORE_STREAM_LENGTH_100_P                           774       10.988%             1607       11.051%
                                                  7044      100.000%            14542      100.000%
                                                  2.98         3.14              3.00         3.14

CORE_CUM_STREAM_LENGTH_0                          4195        0.953%             9427        1.236%
CORE_CUM_STREAM_LENGTH_10                        41194        9.357%            80906       10.608%
CORE_CUM_STREAM_LENGTH_20                        37825        8.592%            76388       10.015%
CORE_CUM_STREAM_LENGTH_30                         9651        2.192%            26973        3.537%
CORE_CUM_STREAM_LENGTH_40                         7726        1.755%            22605        2.964%
CORE_CUM_STREAM_LENGTH_50                         8008        1.819%            22418        2.939%
CORE_CUM_STREAM_LENGTH_60                        18482        4.198%            29897        3.920%
CORE_CUM_STREAM_LENGTH_70                        28086        6.380%            30370        3.982%
CORE_CUM_STREAM_LENGTH_80                         1944        0.442%            25766        3.378%
CORE_CUM_STREAM_LENGTH_90                         4792        1.089%            10302        1.351%
CORE_CUM_STREAM_LENGTH_100_P                    278332       63.224%           427650       56.070%
                                                440235      100.000%           762702      100.000%
                                                  7.65         6.95              7.19         6.43

CORE_STREAM_TRAIN_HITS_0                          4903       69.605%             9637       66.270%
CORE_STREAM_TRAIN_HITS_10                          894       12.692%             2441       16.786%
CORE_STREAM_TRAIN_HITS_20                          534        7.581%              679        4.669%
CORE_STREAM_TRAIN_HITS_30                          145        2.058%              177        1.217%
CORE_STREAM_TRAIN_HITS_40                           35        0.497%               60        0.413%
CORE_STREAM_TRAIN_HITS_50                           42        0.596%               67        0.461%
CORE_STREAM_TRAIN_HITS_60                          148        2.101%              985        6.773%
CORE_STREAM_TRAIN_HITS_70                           15        0.213%               20        0.138%
CORE_STREAM_TRAIN_HITS_80                           11        0.156%               15        0.103%
CORE_STREAM_TRAIN_HITS_90                            9        0.128%               12        0.083%
CORE_STREAM_TRAIN_HITS_100_P                       308        4.373%              449        3.088%
                                                  7044      100.000%            14542      100.000%
                                                  0.99         2.16              1.08         2.12

CORE_CUM_STREAM_TRAIN_HITS_0                     31738       12.636%            62992       15.574%
CORE_CUM_STREAM_TRAIN_HITS_10                    12547        4.995%            32266        7.977%
CORE_CUM_STREAM_TRAIN_HITS_20                    11789        4.694%            15460        3.822%
CORE_CUM_STREAM_TRAIN_HITS_30                     5007        1.993%             6149        1.520%
CORE_CUM_STREAM_TRAIN_HITS_40                     1538        0.612%             2635        0.651%
CORE_CUM_STREAM_TRAIN_HITS_50                     2289        0.911%             3656        0.904%
CORE_CUM_STREAM_TRAIN_HITS_60                     9748        3.881%            65588       16.216%
CORE_CUM_STREAM_TRAIN_HITS_70                     1112        0.443%             1481        0.366%
CORE_CUM_STREAM_TRAIN_HITS_80                      935        0.372%             1270        0.314%
CORE_CUM_STREAM_TRAIN_HITS_90                      849        0.338%             1128        0.279%
CORE_CUM_STREAM_TRAIN_HITS_100_P                173619       69.124%           211849       52.376%
                                                251171      100.000%           404474      100.000%
                                                  7.51         6.89              6.56         5.69

CORE_STREAM_TRAIN_CREATE                        221959                         273815              



