/* -*- Mode: c -*- */
####################################################################################################
Core 0
####################################################################################################
Cumulative:        Cycles: 14615835              Instructions: 20000000              IPC: 1.36838

Periodic:          Cycles: 7045801               Instructions: 9999999               IPC: 1.41928

ST_OP_INV                                            0        0.000%                0        0.000%
ST_OP_NOP                                       711360        4.029%          1769973        4.915%
ST_OP_CF                                       2740269       15.519%          5547929       15.405%
ST_OP_MOV                                      1765195        9.997%          3590354        9.970%
ST_OP_CMOV                                       89544        0.507%           172350        0.479%
ST_OP_LDA                                       600155        3.399%          1197182        3.324%
ST_OP_IMEM                                     5517897       31.249%         11134599       30.918%
ST_OP_IADD                                     3017974       17.091%          6102069       16.944%
ST_OP_IMUL                                       32483        0.184%            67115        0.186%
ST_OP_IDIV                                         550        0.003%             1148        0.003%
ST_OP_ICMP                                     1492109        8.450%          3000237        8.331%
ST_OP_LOGIC                                    1184852        6.710%          2383538        6.619%
ST_OP_SHIFT                                     405019        2.294%           827960        2.299%
ST_OP_FMEM                                       88262        0.500%           191872        0.533%
ST_OP_FCVT                                           0        0.000%                0        0.000%
ST_OP_FADD                                           0        0.000%                0        0.000%
ST_OP_FMUL                                           0        0.000%                0        0.000%
ST_OP_FMA                                            0        0.000%                0        0.000%
ST_OP_FDIV                                           0        0.000%                0        0.000%
ST_OP_FCMP                                           0        0.000%                0        0.000%
ST_OP_FCMOV                                          0        0.000%                0        0.000%
ST_OP_GATHER                                         0        0.000%                0        0.000%
ST_OP_SCATTER                                        0        0.000%                0        0.000%
ST_OP_PIPELINED_FAST                              8308        0.047%            17810        0.049%
ST_OP_PIPELINED_MEDIUM                               0        0.000%                0        0.000%
ST_OP_PIPELINED_SLOW                                 0        0.000%                0        0.000%
ST_OP_NOTPIPELINED_MEDIUM                         4070        0.023%             9014        0.025%
ST_OP_NOTPIPELINED_SLOW                              0        0.000%                0        0.000%
ST_OP_NOTPIPELINED_VERY_SLOW                         0        0.000%                0        0.000%
                                              17658047      100.000%         36013150      100.000%
                                                  5.87         2.99              5.82         3.02

ST_NOT_CF                                     14917778       84.481%         30465221       84.595%
ST_CF_BR                                        217303        1.231%           439785        1.221%
ST_CF_CBR                                      1930494       10.933%          3915701       10.873%
ST_CF_CALL                                      262793        1.488%           524513        1.456%
ST_CF_IBR                                        62883        0.356%           129437        0.359%
ST_CF_ICALL                                       9651        0.055%            20320        0.056%
ST_CF_ICO                                            0        0.000%                0        0.000%
ST_CF_RET                                       257145        1.456%           518173        1.439%
ST_CF_SYS                                            0        0.000%                0        0.000%
                                              17658047      100.000%         36013150      100.000%
                                                  0.39         1.04              0.39         1.04

ST_BAR_NONE                                   17658047      100.000%         36013150      100.000%
ST_BAR_FETCH                                         0        0.000%                0        0.000%
ST_BAR_ISSUE                                         0        0.000%                0        0.000%
ST_BAR_BOTH                                          0        0.000%                0        0.000%
                                              17658047      100.000%         36013150      100.000%
                                                  0.00         0.00              0.00         0.00

ST_NOT_MEM                                    12051888       68.252%         24686679       68.549%
ST_MEM_LD                                      3571362       20.225%          7286016       20.232%
ST_MEM_ST                                      2034797       11.523%          4040455       11.219%
ST_MEM_PF                                            0        0.000%                0        0.000%
ST_MEM_WH                                            0        0.000%                0        0.000%
ST_MEM_EVICT                                         0        0.000%                0        0.000%
                                              17658047      100.000%         36013150      100.000%
                                                  0.43         0.59              0.43         0.59

ST_NOT_MEM_OFFPATH                             4674549       69.494%         11154417       69.340%
ST_MEM_LD_OFFPATH                              1343222       19.969%          3211438       19.963%
ST_MEM_ST_OFFPATH                               708753       10.537%          1720702       10.697%
ST_MEM_PF_OFFPATH                                    0        0.000%                0        0.000%
ST_MEM_WH_OFFPATH                                    0        0.000%                0        0.000%
ST_MEM_EVIC_OFFPATHT                                 0        0.000%                0        0.000%
                                               6726524      100.000%         16086557      100.000%
                                                  0.41         0.58              0.41         0.58

ST_OP_ONPATH                                  17658047                       36013150              

ST_OP_OFFPATH                                  6726524                       16086557              

ST_FAKE_OP_OFFPATH                              107355        1.596%           771835        4.798%
ST_NOT_FAKE_OP_OFFPATH                         6619169       98.404%         15314722       95.202%
                                               6726524      100.000%         16086557      100.000%
                                                  0.98         0.98              0.95         0.93

ST_FAKE_REASON_NOT_FAKE                        6619169       98.404%         15314722       95.202%
ST_FAKE_REASON_REDIRECT_TO_NOT_INSTRUMENTED        107355        1.596%           771835        4.798%
ST_FAKE_REASON_RETURN_TO_NOT_INSTRUMENTED             0        0.000%                0        0.000%
ST_FAKE_REASON_NONRET_CF_TO_NOT_INSTRUMENTED             0        0.000%                0        0.000%
ST_FAKE_REASON_NOT_TAKEN_TO_NOT_INSTRUMENTED             0        0.000%                0        0.000%
ST_FAKE_REASON_WRONG_PATH_STORE_TO_NEW_REGION             0        0.000%                0        0.000%
                                               6726524      100.000%         16086557      100.000%
                                                  0.02         0.12              0.05         0.21

ST_INST_ONPATH                                14407054                       29411855              

ST_INST_OFFPATH                                5594169                       13284017              

STATIC_PIN_NOP                                       0                              0              

DYNAMIC_PIN_REP_GREATER_256                          0                              0              

INST_MAP_UPDATE_JITTED                          360184       15.805%           707605       15.908%
INST_MAP_UPDATE_NPC_INV                              0        0.000%                0        0.000%
INST_MAP_UPDATE_NPC_NOP                              0        0.000%                0        0.000%
INST_MAP_UPDATE_NPC_CF                               0        0.000%                0        0.000%
INST_MAP_UPDATE_NPC_MOV                              0        0.000%                0        0.000%
INST_MAP_UPDATE_NPC_CMOV                             0        0.000%                0        0.000%
INST_MAP_UPDATE_NPC_LDA                              0        0.000%                0        0.000%
INST_MAP_UPDATE_NPC_IMEM                             0        0.000%                0        0.000%
INST_MAP_UPDATE_NPC_IADD                         14715        0.646%            29226        0.657%
INST_MAP_UPDATE_NPC_IMUL                             0        0.000%                0        0.000%
INST_MAP_UPDATE_NPC_IDIV                             0        0.000%                0        0.000%
INST_MAP_UPDATE_NPC_ICMP                             0        0.000%                0        0.000%
INST_MAP_UPDATE_NPC_LOGIC                            0        0.000%                0        0.000%
INST_MAP_UPDATE_NPC_SHIFT                            0        0.000%                0        0.000%
INST_MAP_UPDATE_NPC_FMEM                             0        0.000%                0        0.000%
INST_MAP_UPDATE_NPC_FCVT                             0        0.000%                0        0.000%
INST_MAP_UPDATE_NPC_FADD                             0        0.000%                0        0.000%
INST_MAP_UPDATE_NPC_FMUL                             0        0.000%                0        0.000%
INST_MAP_UPDATE_NPC_FMA                              0        0.000%                0        0.000%
INST_MAP_UPDATE_NPC_FDIV                             0        0.000%                0        0.000%
INST_MAP_UPDATE_NPC_FCMP                             0        0.000%                0        0.000%
INST_MAP_UPDATE_NPC_FCMOV                            0        0.000%                0        0.000%
INST_MAP_UPDATE_NPC_GATHER                           0        0.000%                0        0.000%
INST_MAP_UPDATE_NPC_SCATTER                          0        0.000%                0        0.000%
INST_MAP_UPDATE_NPC_PIPELINED_FAST                   0        0.000%                0        0.000%
INST_MAP_UPDATE_NPC_PIPELINED_MEDIUM                 0        0.000%                0        0.000%
INST_MAP_UPDATE_NPC_PIPELINED_SLOW                   0        0.000%                0        0.000%
INST_MAP_UPDATE_NPC_NOTPIPELINED_MEDIUM              0        0.000%                0        0.000%
INST_MAP_UPDATE_NPC_NOTPIPELINED_SLOW                0        0.000%                0        0.000%
INST_MAP_UPDATE_NPC_NOTPIPELINED_VERY_SLOW             0        0.000%                0        0.000%
INST_MAP_UPDATE_MEM_INV                              0        0.000%                0        0.000%
INST_MAP_UPDATE_MEM_NOP                              0        0.000%                0        0.000%
INST_MAP_UPDATE_MEM_CF                               0        0.000%                0        0.000%
INST_MAP_UPDATE_MEM_MOV                        1066641       46.805%          2037902       45.816%
INST_MAP_UPDATE_MEM_CMOV                           897        0.039%             1647        0.037%
INST_MAP_UPDATE_MEM_LDA                              0        0.000%                0        0.000%
INST_MAP_UPDATE_MEM_IMEM                             0        0.000%                0        0.000%
INST_MAP_UPDATE_MEM_IADD                        688186       30.198%          1378181       30.984%
INST_MAP_UPDATE_MEM_IMUL                          4781        0.210%            10010        0.225%
INST_MAP_UPDATE_MEM_IDIV                             0        0.000%                0        0.000%
INST_MAP_UPDATE_MEM_ICMP                        125304        5.498%           246813        5.549%
INST_MAP_UPDATE_MEM_LOGIC                         9247        0.406%            18150        0.408%
INST_MAP_UPDATE_MEM_SHIFT                           17        0.001%               36        0.001%
INST_MAP_UPDATE_MEM_FMEM                             0        0.000%                0        0.000%
INST_MAP_UPDATE_MEM_FCVT                             0        0.000%                0        0.000%
INST_MAP_UPDATE_MEM_FADD                             0        0.000%                0        0.000%
INST_MAP_UPDATE_MEM_FMUL                             0        0.000%                0        0.000%
INST_MAP_UPDATE_MEM_FMA                              0        0.000%                0        0.000%
INST_MAP_UPDATE_MEM_FDIV                             0        0.000%                0        0.000%
INST_MAP_UPDATE_MEM_FCMP                             0        0.000%                0        0.000%
INST_MAP_UPDATE_MEM_FCMOV                            0        0.000%                0        0.000%
INST_MAP_UPDATE_MEM_GATHER                           0        0.000%                0        0.000%
INST_MAP_UPDATE_MEM_SCATTER                          0        0.000%                0        0.000%
INST_MAP_UPDATE_MEM_PIPELINED_FAST                8919        0.391%            18413        0.414%
INST_MAP_UPDATE_MEM_PIPELINED_MEDIUM                 0        0.000%                0        0.000%
INST_MAP_UPDATE_MEM_PIPELINED_SLOW                   0        0.000%                0        0.000%
INST_MAP_UPDATE_MEM_NOTPIPELINED_MEDIUM              0        0.000%                0        0.000%
INST_MAP_UPDATE_MEM_NOTPIPELINED_SLOW                0        0.000%                0        0.000%
INST_MAP_UPDATE_MEM_NOTPIPELINED_VERY_SLOW             0        0.000%                0        0.000%
                                               2278891      100.000%          4447983      100.000%
                                                 29.34         6.01             29.34         6.05



