/* -*- Mode: c -*- */
####################################################################################################
Core 0
####################################################################################################
Cumulative:        Cycles: 34022269              Instructions: 21284506              IPC: 0.62561

Periodic:          Cycles: 15926420              Instructions: 10653742              IPC: 0.66894

PREF_DL0REQ_QUEUE_HIT_BY_DEMAND                      0                              0              

PREF_UMLC_REQ_QUEUE_HIT_BY_DEMAND                    0                              0              

PREF_UL1REQ_QUEUE_HIT_BY_DEMAND                      0                              0              

PREF_DL0REQ_QUEUE_FULL                               0                              0              

PREF_UMLC_REQ_QUEUE_FULL                             0                              0              

PREF_UL1REQ_QUEUE_FULL                               0                              0              

PREF_DC_HIT_NOSEND                                   0                              0              

PREF_WBQDC_HIT_NOSEND                                0                              0              

PREF_MLCQ_STALL                                      0                              0              

PREF_L1Q_STALL                                       0                              0              

PREF_UMLC_REQ_SEND_QUEUE_STALL                       0                              0              

PREF_UL1REQ_SEND_QUEUE_STALL                      2186                           3544              

PREF_UMLC_REQ_QUEUE_SENTREQ                          0                              0              

PREF_UL1REQ_QUEUE_SENTREQ                        62377                         151713              

PREF_NEWREQ_MATCHED                               5577                          11631              

PREF_UMLC_REQ_QUEUE_MATCHED_REQ                      0                              0              

PREF_UL1REQ_QUEUE_MATCHED_REQ                     2247                           7342              

PREF_DL0REQ_QUEUE_MATCHED_REQ                        0                              0              

L1_PREF_HIT                                      33138                          67190              

L1_PREF_UNIQUE_HIT                               19909                          47524              

L1_PREF_LATE                                      1063                           2836              

L1_LATE_PREF_CYCLES                             104521                         316781              

L1_LATE_PREF_CYCLES_DIST_0                         755       71.025%             1930       68.054%
L1_LATE_PREF_CYCLES_DIST_100                       244       22.954%              671       23.660%
L1_LATE_PREF_CYCLES_DIST_200                        21        1.976%              103        3.632%
L1_LATE_PREF_CYCLES_DIST_300                        15        1.411%               26        0.917%
L1_LATE_PREF_CYCLES_DIST_400                         7        0.659%               11        0.388%
L1_LATE_PREF_CYCLES_DIST_500                         2        0.188%                6        0.212%
L1_LATE_PREF_CYCLES_DIST_600                         4        0.376%                6        0.212%
L1_LATE_PREF_CYCLES_DIST_700                         0        0.000%                3        0.106%
L1_LATE_PREF_CYCLES_DIST_800                         0        0.000%                0        0.000%
L1_LATE_PREF_CYCLES_DIST_900                         8        0.753%               64        2.257%
L1_LATE_PREF_CYCLES_DIST_1000                        0        0.000%                0        0.000%
L1_LATE_PREF_CYCLES_DIST_1100                        0        0.000%                0        0.000%
L1_LATE_PREF_CYCLES_DIST_1200                        1        0.094%                5        0.176%
L1_LATE_PREF_CYCLES_DIST_1300                        3        0.282%                8        0.282%
L1_LATE_PREF_CYCLES_DIST_1400                        3        0.282%                3        0.106%
L1_LATE_PREF_CYCLES_DIST_1500                        0        0.000%                0        0.000%
L1_LATE_PREF_CYCLES_DIST_1600                        0        0.000%                0        0.000%
L1_LATE_PREF_CYCLES_DIST_1700                        0        0.000%                0        0.000%
L1_LATE_PREF_CYCLES_DIST_1800                        0        0.000%                0        0.000%
L1_LATE_PREF_CYCLES_DIST_1900                        0        0.000%                0        0.000%
L1_LATE_PREF_CYCLES_DIST_2000                        0        0.000%                0        0.000%
                                                  1063      100.000%             2836      100.000%
                                                  0.52         1.42              0.66         1.66

MLC_PREF_HIT                                      1673                           3651              

MLC_PREF_UNIQUE_HIT                                438                            958              

MLC_PREF_LATE                                        0                              0              

PREF_HYBRID_SEL_0                                    0         -nan%                0         -nan%
PREF_HYBRID_SEL_1                                    0         -nan%                0         -nan%
PREF_HYBRID_SEL_2                                    0         -nan%                0         -nan%
PREF_HYBRID_SEL_3                                    0         -nan%                0         -nan%
PREF_HYBRID_SEL_4                                    0         -nan%                0         -nan%
PREF_HYBRID_SEL_5                                    0         -nan%                0         -nan%
PREF_HYBRID_SEL_6                                    0         -nan%                0         -nan%
                                                     0         -nan%                0         -nan%
                                                  -nan         -nan              -nan         -nan

PREF_DISTANCE_1                                      0        0.000%                1        2.083%
PREF_DISTANCE_2                                      3       13.636%                5       10.417%
PREF_DISTANCE_3                                      6       27.273%               11       22.917%
PREF_DISTANCE_4                                      6       27.273%               14       29.167%
PREF_DISTANCE_5                                      7       31.818%               17       35.417%
PREF_DISTANCE_6                                      0        0.000%                0        0.000%
PREF_DISTANCE_7                                      0        0.000%                0        0.000%
PREF_DISTANCE_8                                      0        0.000%                0        0.000%
PREF_DISTANCE_9                                      0        0.000%                0        0.000%
PREF_DISTANCE_10                                     0        0.000%                0        0.000%
                                                    22      100.000%               48      100.000%
                                                  2.77         1.07              2.85         1.01

PREF_REPL_MRU                                        0         -nan%                0         -nan%
PREF_REPL_MID                                        0         -nan%                0         -nan%
PREF_REPL_LOWQTR                                     0         -nan%                0         -nan%
PREF_REPL_LRU                                        0         -nan%                0         -nan%
                                                     0         -nan%                0         -nan%
                                                  -nan         -nan              -nan         -nan

PREF_REPL_MOVEDOWN                                   0         -nan%                0         -nan%
PREF_REPL_MOVEUP                                     0         -nan%                0         -nan%
                                                     0         -nan%                0         -nan%
                                                  -nan         -nan              -nan         -nan

PREF_COV_1                                           0         -nan%                0         -nan%
PREF_COV_2                                           0         -nan%                0         -nan%
PREF_COV_3                                           0         -nan%                0         -nan%
PREF_COV_4                                           0         -nan%                0         -nan%
PREF_COV_5                                           0         -nan%                0         -nan%
PREF_COV_6                                           0         -nan%                0         -nan%
PREF_COV_7                                           0         -nan%                0         -nan%
PREF_COV_8                                           0         -nan%                0         -nan%
PREF_COV_9                                           0         -nan%                0         -nan%
PREF_COV_10                                          0         -nan%                0         -nan%
                                                     0         -nan%                0         -nan%
                                                  -nan         -nan              -nan         -nan

PREF_POL_1                                           0        0.000%                0        0.000%
PREF_POL_2                                           0        0.000%                0        0.000%
PREF_POL_3                                           0        0.000%                0        0.000%
PREF_POL_4                                           0        0.000%                0        0.000%
PREF_POL_5                                           0        0.000%                0        0.000%
PREF_POL_6                                           0        0.000%                0        0.000%
PREF_POL_7                                           0        0.000%                0        0.000%
PREF_POL_8                                           0        0.000%                0        0.000%
PREF_POL_9                                           0        0.000%                0        0.000%
PREF_POL_10                                         22      100.000%               48      100.000%
                                                    22      100.000%               48      100.000%
                                                  9.00         9.21              9.00         9.10

PREF_ACC_1                                           3       13.636%                3        6.250%
PREF_ACC_2                                           1        4.545%                3        6.250%
PREF_ACC_3                                           0        0.000%                3        6.250%
PREF_ACC_4                                           0        0.000%                4        8.333%
PREF_ACC_5                                           4       18.182%                6       12.500%
PREF_ACC_6                                           5       22.727%               11       22.917%
PREF_ACC_7                                           4       18.182%               11       22.917%
PREF_ACC_8                                           4       18.182%                6       12.500%
PREF_ACC_9                                           1        4.545%                1        2.083%
PREF_ACC_10                                          0        0.000%                0        0.000%
                                                    22      100.000%               48      100.000%
                                                  4.64         1.64              4.50         1.75

PREF_TIMELY_1                                        0        0.000%                0        0.000%
PREF_TIMELY_2                                        0        0.000%                0        0.000%
PREF_TIMELY_3                                        0        0.000%                0        0.000%
PREF_TIMELY_4                                        0        0.000%                0        0.000%
PREF_TIMELY_5                                        0        0.000%                0        0.000%
PREF_TIMELY_6                                        0        0.000%                0        0.000%
PREF_TIMELY_7                                        0        0.000%                0        0.000%
PREF_TIMELY_8                                        1        4.545%                2        4.167%
PREF_TIMELY_9                                        1        4.545%                1        2.083%
PREF_TIMELY_10                                      20       90.909%               45       93.750%
                                                    22      100.000%               48      100.000%
                                                  8.86         8.66              8.90         8.71

PREF_UNUSED_EVICT                                28306                          61310              

PREF_REGION_SENT                                     0                              0              

PREF_REGION_USEFUL                                   0                              0              

PREF_REGION_EVICT                                    0                              0              

PREF_PFPOL                                           0                              0              

PREF_PHASE_NEWPHASE_DET                              0                              0              

PREF_PHASE_NEWPHASE_NOTVALID                         0                              0              

PREF_PHASE_SENTPREF                                  0                              0              

PREF_PHASE_OVERWRITE_PAGE                            0                              0              

PREF_UPDATE_COUNT                                   22                             48              

PREF_ACC1_HT_HP                                      0        0.000%                0        0.000%
PREF_ACC1_HT_LP                                      1        4.545%                1        2.083%
PREF_ACC1_LT_HP                                      0        0.000%                0        0.000%
PREF_ACC1_LT_LP                                      3       13.636%                7       14.583%
PREF_ACC2_HT_HP                                      0        0.000%                0        0.000%
PREF_ACC2_HT_LP                                      0        0.000%                0        0.000%
PREF_ACC2_LT_HP                                      0        0.000%                0        0.000%
PREF_ACC2_LT_LP                                      9       40.909%               22       45.833%
PREF_ACC3_HT_HP                                      0        0.000%                0        0.000%
PREF_ACC3_HT_LP                                      0        0.000%                0        0.000%
PREF_ACC3_LT_HP                                      0        0.000%                0        0.000%
PREF_ACC3_LT_LP                                      0        0.000%                0        0.000%
PREF_ACC4_HT_HP                                      0        0.000%                0        0.000%
PREF_ACC4_HT_LP                                      0        0.000%                0        0.000%
PREF_ACC4_LT_HP                                      0        0.000%                0        0.000%
PREF_ACC4_LT_LP                                      9       40.909%               18       37.500%
                                                    22      100.000%               48      100.000%
                                                  9.45         7.96              9.29         7.44

FDIP_DECIDE_PREF_ONPATH                        1107879                        2231864              

FDIP_DECIDE_PREF_OFFPATH                       3057687                        5314182              

FDIP_NEW_PREFETCHES_ONPATH                           5                             50              

FDIP_NEW_PREFETCHES_OFFPATH                         65                            501              

FDIP_PREF_ICACHE_PROBE_HIT_ONPATH              1107873                        2231785              

FDIP_PREF_ICACHE_PROBE_HIT_OFFPATH             3057611                        5313463              

FDIP_PREF_MSHR_PROBE_HIT_ONPATH                      1                             29              

FDIP_PREF_MSHR_PROBE_HIT_OFFPATH                    11                            218              

FDIP_ATTEMPTED_PREF_ONPATH                     1107888                        2231899              

FDIP_ATTEMPTED_PREF_OFFPATH                    3057896                        5315477              

FDIP_ALT_PATH_PREFETCHES_IC_EMITTED                  0                              0              

FDIP_ALT_PATH_PREFETCHES_IC_TRIGGERED                0                              0              

FDIP_ALT_PATH_PREFETCHES_UOC_EMITTED_OFF_PATH             0         -nan%                0         -nan%
FDIP_ALT_PATH_PREFETCHES_UOC_EMITTED_ON_PATH             0         -nan%                0         -nan%
                                                     0         -nan%                0         -nan%
                                                  -nan         -nan              -nan         -nan

FDIP_ALT_PATH_PREFETCHES_UOC_TRIGGERED               0                              0              

FDIP_BREAK_REACH_FTQ_END                      13934415       87.492%         30568131       89.847%
FDIP_BREAK_FTQ_EMPTY                                 0        0.000%                0        0.000%
FDIP_BREAK_MAX_FTQ_ENTRY_CYC                   1992005       12.508%          3454138       10.153%
FDIP_BREAK_FULL_MEM_REQ_BUF                          0        0.000%                0        0.000%
                                              15926420      100.000%         34022269      100.000%
                                                  0.25         0.62              0.20         0.57

FDIP_CYCLE_COUNT                                     0                              0              

ICACHE_USEFUL_FETCHES                               18                            168              

USEFUL_CACHELINES_RETIRED                            0                              0              

ICACHE_UNUSEFUL_FETCHES                             46                             56              

UNIQUE_MISSED_LINES                                  6                             83              

UNIQUE_HIT_LINES                                    34                            223              

UNIQUE_PREFETCHED_LINES                              0                              0              

FDIP_BTB_MISS_NT_RESTEER_ONPATH                     70                            332              

FDIP_BTB_MISS_NT_RESTEER_OFFPATH                    15                             80              

FDIP_UTILITY_HASH_HIT                                0         -nan%                0         -nan%
FDIP_UTILITY_HASH_MISS                               0         -nan%                0         -nan%
                                                     0         -nan%                0         -nan%
                                                  -nan         -nan              -nan         -nan

FDIP_UC_HIT                                          0         -nan%                0         -nan%
FDIP_UC_MISS                                         0         -nan%                0         -nan%
                                                     0         -nan%                0         -nan%
                                                  -nan         -nan              -nan         -nan

FDIP_UC_USEFUL_LINES                                 0                              0              

FDIP_UC_REPLACEMENT                                  0                              0              

FDIP_BLOOM_HIT                                   27712       99.227%            76381       98.291%
FDIP_BLOOM_MISS                                    216        0.773%             1328        1.709%
                                                 27928      100.000%            77709      100.000%
                                                  0.01         0.09              0.02         0.13

FDIP_BLOOM_INSERTED                                 21                            200              

FDIP_BLOOM_CLEAR1                                    0                              0              

FDIP_BLOOM_CLEAR2                                    0                              0              

FDIP_BLOOM_CLEAR4                                    0                              0              

FDIP_BLOOM_1STREAM                                   0                              0              

FDIP_BLOOM_2STREAM                                   0                              0              

FDIP_BLOOM_3STREAM                                   0                              0              

FDIP_BLOOM_4STREAM                                   0                              0              

FDIP_BLOOM_5STREAM                                   0                              0              

FDIP_BLOOM_6STREAM                                   0                              0              

FDIP_BLOOM_7STREAM                                   0                              0              

FDIP_BLOOM_8STREAM                                   0                              0              

FDIP_BLOOM_1INSERT                                  15                            140              

FDIP_BLOOM_2INSERT                                   1                             20              

FDIP_BLOOM_4INSERT                                   1                              5              

FDIP_BLOOM_NOSTREAM                                  0                              0              

FDIP_AVG_FTQ_OCCUPANCY_OPS                         192                            192              

FDIP_AVG_FTQ_OCCUPANCY                              28                             28              

FDIP_FTQ_OCCUPANCY_OPS_ACCUMULATED          3011855966                     6556992558              

FDIP_FTQ_OCCUPANCY_BLOCKS_ACCUMULATED        438232037                      972660666              

FDIP_TRAINING_SAMPLE                                 0                              0              

FDIP_SENIORITY_FTQ_ACCUMULATED                 1136651                        8810816              

FDIP_SENIORITY_FTQ_HIT                              22                           1872              

FDIP_SENIORITY_FTQ_MISS                         787919                        1634801              

FDIP_OFF_CONF_ON_PREF_CANDIDATES               3033609       72.822%          5249252       69.551%
FDIP_OFF_CONF_OFF_PREF_CANDIDATES                24287        0.583%            66225        0.877%
FDIP_ON_CONF_ON_PREF_CANDIDATES                1104245       26.507%          2220413       29.420%
FDIP_ON_CONF_OFF_PREF_CANDIDATES                  3643        0.087%            11486        0.152%
                                               4165784      100.000%          7547376      100.000%
                                                  0.54         0.76              0.60         0.77

FDIP_ON_CONF_ON_EMITTED                              6        7.317%               79        9.900%
FDIP_ON_CONF_OFF_EMITTED                             0        0.000%                0        0.000%
FDIP_OFF_CONF_ON_EMITTED                            76       92.683%              719       90.100%
FDIP_OFF_CONF_OFF_EMITTED                            0        0.000%                0        0.000%
                                                    82      100.000%              798      100.000%
                                                  1.85         0.14              1.80         0.19

FDIP_OFF_CONF_ON_NUM_EVENTS                      93471                         153372              

FDIP_OFF_CONF_ON_BTB_MISS                            0        0.000%                0        0.000%
FDIP_OFF_CONF_ON_BP_INCORRECT                    93471      100.000%           153372      100.000%
FDIP_OFF_CONF_ON_MISFETCH                            0        0.000%                0        0.000%
FDIP_OFF_CONF_ON_NO_TARGET                           0        0.000%                0        0.000%
                                                 93471      100.000%           153372      100.000%
                                                  1.00         0.00              1.00         0.00

FDIP_OFF_CONF_ON_BTB_MISS_PREF_CANDIDATES             0        0.000%                0        0.000%
FDIP_OFF_CONF_ON_BP_INCORRECT_PREF_CANDIDATES       3033609      100.000%          5249252      100.000%
FDIP_OFF_CONF_ON_MISFETCH_PREF_CANDIDATES             0        0.000%                0        0.000%
FDIP_OFF_CONF_ON_NO_TARGET_PREF_CANDIDATES             0        0.000%                0        0.000%
                                               3033609      100.000%          5249252      100.000%
                                                  1.00         0.00              1.00         0.00

FDIP_OFF_CONF_ON_BTB_MISS_EMITTED                    0        0.000%                0        0.000%
FDIP_OFF_CONF_ON_BP_INCORRECT_EMITTED               76      100.000%              719      100.000%
FDIP_OFF_CONF_ON_MISFETCH_EMITTED                    0        0.000%                0        0.000%
FDIP_OFF_CONF_ON_NO_TARGET_EMITTED                   0        0.000%                0        0.000%
                                                    76      100.000%              719      100.000%
                                                  1.00         0.00              1.00         0.00

FDIP_OFF_CONF_ON_BP_INCORRECT_0_CONF             16636       17.798%            26925       17.555%
FDIP_OFF_CONF_ON_BP_INCORRECT_1_CONF             23294       24.921%            41199       26.862%
FDIP_OFF_CONF_ON_BP_INCORRECT_2_CONF             18850       20.167%            29626       19.316%
FDIP_OFF_CONF_ON_BP_INCORRECT_3_CONF             34691       37.114%            55622       36.266%
                                                 93471      100.000%           153372      100.000%
                                                  1.77         1.37              1.74         1.35

FDIP_OFF_CONF_ON_BTB_MISS_CBR_0_CONF                 0         -nan%                0         -nan%
FDIP_OFF_CONF_ON_BTB_MISS_CBR_1_CONF                 0         -nan%                0         -nan%
FDIP_OFF_CONF_ON_BTB_MISS_CBR_2_CONF                 0         -nan%                0         -nan%
FDIP_OFF_CONF_ON_BTB_MISS_CBR_3_CONF                 0         -nan%                0         -nan%
                                                     0         -nan%                0         -nan%
                                                  -nan         -nan              -nan         -nan

FDIP_OFF_CONF_ON_BTB_MISS_NOT_CF                     0         -nan%                0         -nan%
FDIP_OFF_CONF_ON_BTB_MISS_CF_BR                      0         -nan%                0         -nan%
FDIP_OFF_CONF_ON_BTB_MISS_CF_CBR                     0         -nan%                0         -nan%
FDIP_OFF_CONF_ON_BTB_MISS_CF_CALL                    0         -nan%                0         -nan%
FDIP_OFF_CONF_ON_BTB_MISS_CF_IBR                     0         -nan%                0         -nan%
FDIP_OFF_CONF_ON_BTB_MISS_CF_ICALL                   0         -nan%                0         -nan%
FDIP_OFF_CONF_ON_BTB_MISS_CF_ICO                     0         -nan%                0         -nan%
FDIP_OFF_CONF_ON_BTB_MISS_CF_RET                     0         -nan%                0         -nan%
FDIP_OFF_CONF_ON_BTB_MISS_CF_SYS                     0         -nan%                0         -nan%
                                                     0         -nan%                0         -nan%
                                                  -nan         -nan              -nan         -nan

FDIP_ON_CONF_OFF_NUM_EVENTS                        139                            418              

FDIP_ON_CONF_OFF_NUM_BTB_MISS                     2183                           7232              

FDIP_ON_CONF_OFF_NUM_OP_DIST_INC                     0                              0              

FDIP_ON_CONF_OFF_NUM_CF_BR                       10715       20.346%            32670       20.448%
FDIP_ON_CONF_OFF_NUM_CF_CBR                      32420       61.560%            96175       60.195%
FDIP_ON_CONF_OFF_NUM_CF_CALL                      4503        8.550%            15187        9.505%
FDIP_ON_CONF_OFF_NUM_CF_IBR                       1510        2.867%             5230        3.273%
FDIP_ON_CONF_OFF_NUM_CF_ICALL                        0        0.000%                0        0.000%
FDIP_ON_CONF_OFF_NUM_CF_ICO                          0        0.000%                0        0.000%
FDIP_ON_CONF_OFF_NUM_CF_RET                       3515        6.674%            10510        6.578%
FDIP_ON_CONF_OFF_NUM_CF_SYS                          1        0.002%                1        0.001%
                                                 52664      100.000%           159773      100.000%
                                                  1.27         1.29              1.28         1.29

FDIP_ON_CONF_OFF_NUM_CONF_0_BR                   11733       22.279%            34827       21.798%
FDIP_ON_CONF_OFF_NUM_CONF_1_BR                   10189       19.347%            33259       20.816%
FDIP_ON_CONF_OFF_NUM_CONF_2_BR                    4516        8.575%            11229        7.028%
FDIP_ON_CONF_OFF_NUM_CONF_3_BR                   26226       49.799%            80458       50.358%
                                                 52664      100.000%           159773      100.000%
                                                  1.86         1.59              1.86         1.60

FDIP_BTB_NUM_CYCLES_OFF_PATH_EVENT                   0                             25              

FDIP_BP_CONF_0_MISPRED                           22018        0.207%            39192        0.188%
FDIP_BP_CONF_1_MISPRED                           29712        0.279%            60933        0.293%
FDIP_BP_CONF_2_MISPRED                           25644        0.241%            47202        0.227%
FDIP_BP_CONF_3_MISPRED                           48243        0.454%            88395        0.425%
FDIP_BP_CONF_0_CORRECT                          415062        3.903%           726705        3.490%
FDIP_BP_CONF_1_CORRECT                          517808        4.869%           945307        4.540%
FDIP_BP_CONF_2_CORRECT                          598364        5.627%           999769        4.802%
FDIP_BP_CONF_3_CORRECT                         8977890       84.420%         17913255       86.036%
                                              10634741      100.000%         20820758      100.000%
                                                  6.67         6.19              6.70         6.27

FDIP_ON_CONF_OFF_BTB_MISS_BP_TAKEN_CONF_0             0        0.000%                7        1.675%
FDIP_ON_CONF_OFF_BTB_MISS_BP_TAKEN_CONF_1             3        2.158%                9        2.153%
FDIP_ON_CONF_OFF_BTB_MISS_BP_TAKEN_CONF_2             0        0.000%                1        0.239%
FDIP_ON_CONF_OFF_BTB_MISS_BP_TAKEN_CONF_3            10        7.194%               28        6.699%
FDIP_ON_CONF_OFF_BTB_MISS_RATE                       0        0.000%               10        2.392%
FDIP_ON_CONF_OFF_INV_CONF_INC                      126       90.647%              363       86.842%
                                                   139      100.000%              418      100.000%
                                                  4.77         4.62              4.67         4.42

FDIP_ON_CONF_OFF_BTB_MISS_BP_TAKEN_CONF_0_PREF_CANDIDATES             0        0.000%               18        0.157%
FDIP_ON_CONF_OFF_BTB_MISS_BP_TAKEN_CONF_1_PREF_CANDIDATES             3        0.082%               12        0.104%
FDIP_ON_CONF_OFF_BTB_MISS_BP_TAKEN_CONF_2_PREF_CANDIDATES             0        0.000%                8        0.070%
FDIP_ON_CONF_OFF_BTB_MISS_BP_TAKEN_CONF_3_PREF_CANDIDATES            19        0.522%               46        0.400%
FDIP_ON_CONF_OFF_BTB_MISS_RATE_PREF_CANDIDATES             0        0.000%             1730       15.062%
FDIP_ON_CONF_OFF_INV_CONF_INC_PREF_CANDIDATES          3621       99.396%             9672       84.207%
                                                  3643      100.000%            11486      100.000%
                                                  4.99         4.98              4.83         4.45

FDIP_ON_CONF_OFF_BTB_MISS_BP_TAKEN_CONF_0_EMITTED             0         -nan%                0         -nan%
FDIP_ON_CONF_OFF_BTB_MISS_BP_TAKEN_CONF_1_EMITTED             0         -nan%                0         -nan%
FDIP_ON_CONF_OFF_BTB_MISS_BP_TAKEN_CONF_2_EMITTED             0         -nan%                0         -nan%
FDIP_ON_CONF_OFF_BTB_MISS_BP_TAKEN_CONF_3_EMITTED             0         -nan%                0         -nan%
FDIP_ON_CONF_OFF_BTB_MISS_RATE_EMITTED               0         -nan%                0         -nan%
FDIP_ON_CONF_OFF_INV_CONF_INC_EMITTED                0         -nan%                0         -nan%
                                                     0         -nan%                0         -nan%
                                                  -nan         -nan              -nan         -nan

ICACHE_FIRST_MISS_AFTER_WARMUP_SEEN_DURING_WARMUP             0        0.000%                0        0.000%
ICACHE_FIRST_MISS_AFTER_WARMUP_NOT_SEEN_DURING_WARMUP             6      100.000%                6      100.000%
                                                     6      100.000%                6      100.000%
                                                  1.00         1.10              1.00         1.10

ICACHE_FIRST_MISS_AFTER_WARMUP_NO_PREF_DURING_WARMUP             0         -nan%                0         -nan%
ICACHE_FIRST_MISS_AFTER_WARMUP_TRAINED_UNUSEFUL_DURING_WARMUP             0         -nan%                0         -nan%
ICACHE_FIRST_MISS_AFTER_WARMUP_TRAINED_USEFUL_DURING_WARMUP             0         -nan%                0         -nan%
                                                     0         -nan%                0         -nan%
                                                  -nan         -nan              -nan         -nan

FDIP_PREFETCH_EVICT_NO_HIT_ONLY_ONCE                 0                              0              

FDIP_PREFETCH_HIT_ICACHE                       4165484       99.998%          7545248       99.989%
FDIP_PREFETCH_HIT_MLC                                0        0.000%                2        0.000%
FDIP_PREFETCH_HIT_L1                                 0        0.000%                1        0.000%
FDIP_PREFETCH_HIT_DRAM                              82        0.002%              795        0.011%
                                               4165566      100.000%          7546046      100.000%
                                                  0.00         0.01              0.00         0.03

FDIP_MEM_BUF_MISS                                    0         -nan%                0         -nan%
FDIP_MEM_BUF_FOUND                                   0         -nan%                0         -nan%
                                                     0         -nan%                0         -nan%
                                                  -nan         -nan              -nan         -nan

DJOLT_PREFETCH_ENTRY                                 0                              0              

DJOLT_PREFETCH_INITIAL                               0                              0              

DJOLT_PREFETCH_SIG                                   0                              0              

FNLMMA_PREFETCH_TYPE0                                0         -nan%                0         -nan%
FNLMMA_PREFETCH_TYPE1                                0         -nan%                0         -nan%
FNLMMA_PREFETCH_TYPE2                                0         -nan%                0         -nan%
FNLMMA_PREFETCH_TYPE3                                0         -nan%                0         -nan%
FNLMMA_PREFETCH_TYPE4                                0         -nan%                0         -nan%
                                                     0         -nan%                0         -nan%
                                                  -nan         -nan              -nan         -nan



